Jaccard
		Corrects: 92
		L: 100
		Edges Removed: 3003
		Precision:0.92
		Recall :0.030636

		Corrects: 260
		L: 300
		Edges Removed: 3003
		Precision:0.866667
		Recall :0.0865801

		Corrects: 409
		L: 500
		Edges Removed: 3003
		Precision:0.818
		Recall :0.136197

		Corrects: 699
		L: 1000
		Edges Removed: 3003
		Precision:0.699
		Recall :0.232767

CN 
		Corrects: 95
		L: 100
		Edges Removed: 3003
		Precision:0.95
		Recall :0.031635

		Corrects: 265
		L: 300
		Edges Removed: 3003
		Precision:0.883333
		Recall :0.0882451

		Corrects: 420
		L: 500
		Edges Removed: 3003
		Precision:0.84
		Recall :0.13986

		Corrects: 717
		L: 1000
		Edges Removed: 3003
		Precision:0.717
		Recall :0.238761

Adamic
		Corrects: 95
		L: 100
		Edges Removed: 3003
		Precision:0.95
		Recall :0.031635

		Corrects: 265
		L: 300
		Edges Removed: 3003
		Precision:0.883333
		Recall :0.0882451

		Corrects: 421
		L: 500
		Edges Removed: 3003
		Precision:0.842
		Recall :0.140193

		Corrects: 722
		L: 1000
		Edges Removed: 3003
		Precision:0.722
		Recall :0.240426
