1 0.196986
2 0.140432
3 0.107785
4 0.0840783
5 0.0675038
6 0.0550477
7 0.0422903
8 0.0356605
9 0.0329483
10 0.0238071
11 0.0224008
12 0.0193872
13 0.0187845
14 0.0154696
15 0.0123556
16 0.00783526
17 0.0105475
18 0.0101457
19 0.00713209
20 0.00683074
21 0.00642893
22 0.00632848
23 0.00421899
24 0.00431944
25 0.00291311
26 0.00381718
27 0.00311401
28 0.00341537
29 0.00281266
30 0.00281266
31 0.00220994
32 0.00291311
33 0.0025113
34 0.00220994
35 0.00160723
36 0.00190859
37 0.00140633
38 0.00160723
39 0.00150678
40 0.000904068
41 0.00160723
42 0.000803616
43 0.00140633
44 0.00110497
45 0.00050226
46 0.00050226
47 0.00050226
48 0.000301356
49 0.000602712
50 0.000401808
51 0.00100452
52 0.000602712
53 0.000904068
54 0.000803616
55 0.000602712
56 0.000200904
57 0.000401808
58 0.00050226
59 0.00050226
60 0.000301356
61 0.00050226
62 0.00050226
63 0.000100452
64 0.000100452
65 0.000401808
66 0.000401808
67 0.000200904
68 0.000200904
69 0.000100452
70 0.00050226
71 0.000301356
72 0.000401808
73 0.000200904
74 0.000401808
75 0.000100452
77 0.000100452
78 0.000200904
80 0.000100452
81 0.000100452
83 0.000401808
85 0.000200904
86 0.000100452
88 0.000200904
89 0.000301356
90 0.000200904
92 0.000100452
94 0.000100452
96 0.000100452
97 0.000301356
98 0.000100452
101 0.000100452
102 0.000100452
103 0.000200904
105 0.000100452
106 0.000100452
110 0.000200904
112 0.000100452
113 0.000100452
116 0.000100452
117 0.000100452
120 0.000100452
128 0.000100452
141 0.000200904
153 0.000100452
155 0.000100452
158 0.000100452
164 0.000100452
194 0.000100452
221 0.000100452
235 0.000100452
258 0.000100452
289 0.000100452
327 0.000100452
345 0.000100452
348 0.000100452
393 0.000100452
3035 0.000100452
