1 0.19349
2 0.14021
3 0.111968
4 0.0826239
5 0.065999
6 0.0537807
7 0.0467702
8 0.0364547
9 0.030646
10 0.0241362
11 0.0221332
12 0.0209314
13 0.0182273
14 0.0118177
15 0.0144216
16 0.0104156
17 0.00931397
18 0.00911367
19 0.00731097
20 0.00671007
21 0.00640961
22 0.00640961
23 0.00470706
24 0.00500751
25 0.00360541
26 0.00320481
27 0.00300451
28 0.00330496
29 0.00320481
30 0.00290436
31 0.00270406
32 0.00250376
33 0.00210315
34 0.00250376
35 0.00150225
36 0.0016024
37 0.00130195
38 0.00150225
39 0.0016024
40 0.000801202
41 0.00110165
42 0.0014021
43 0.000901352
44 0.000701052
45 0.000901352
46 0.000600901
47 0.000600901
48 0.0010015
49 0.000400601
50 0.000500751
51 0.000801202
52 0.000500751
53 0.000500751
54 0.000600901
55 0.000701052
56 0.000901352
57 0.000500751
58 0.000600901
59 0.000400601
60 0.000400601
61 0.000500751
62 0.000300451
63 0.000400601
64 0.00010015
65 0.000400601
66 0.00010015
68 0.0002003
70 0.000300451
71 0.000400601
72 0.0002003
73 0.00010015
75 0.000300451
76 0.0002003
77 0.00010015
78 0.000500751
79 0.000300451
80 0.0002003
81 0.0002003
84 0.00010015
86 0.00010015
87 0.00010015
88 0.000400601
89 0.000300451
90 0.00010015
91 0.00010015
92 0.00010015
93 0.0002003
95 0.00010015
97 0.00010015
98 0.00010015
99 0.0002003
100 0.00010015
102 0.00010015
103 0.0002003
104 0.00010015
106 0.00010015
111 0.00010015
113 0.00010015
119 0.00010015
121 0.00010015
132 0.00010015
134 0.00010015
136 0.00010015
139 0.00010015
142 0.00010015
154 0.00010015
156 0.00010015
162 0.00010015
187 0.00010015
229 0.00010015
243 0.00010015
266 0.00010015
282 0.00010015
328 0.00010015
337 0.00010015
346 0.00010015
451 0.00010015
3356 0.00010015
