1 0.00669344
2 0.0147256
3 0.0120482
4 0.0107095
5 0.0147256
6 0.0200803
7 0.00535475
8 0.0200803
9 0.0120482
10 0.0120482
11 0.0133869
12 0.0133869
13 0.0187416
14 0.0147256
15 0.0133869
16 0.00669344
17 0.0200803
18 0.00803213
19 0.00669344
20 0.0200803
21 0.0107095
22 0.00267738
23 0.00669344
24 0.00267738
25 0.0107095
26 0.00669344
27 0.00669344
28 0.00937082
29 0.0133869
30 0.00803213
31 0.00937082
32 0.0147256
33 0.0120482
34 0.0120482
35 0.00133869
36 0.00401606
37 0.0107095
38 0.00535475
39 0.00401606
40 0.00401606
41 0.00937082
42 0.00669344
43 0.00803213
44 0.00669344
45 0.0120482
46 0.00669344
47 0.00535475
48 0.00133869
49 0.00669344
50 0.00669344
51 0.0120482
53 0.00535475
54 0.00133869
56 0.00267738
58 0.00267738
59 0.00401606
60 0.00535475
61 0.00267738
63 0.00133869
64 0.00267738
65 0.00401606
66 0.00535475
67 0.00401606
68 0.00401606
69 0.00133869
70 0.00267738
71 0.00669344
72 0.00535475
73 0.00133869
74 0.00267738
75 0.00267738
76 0.00133869
77 0.00133869
78 0.00267738
79 0.00669344
80 0.00267738
81 0.00401606
82 0.00535475
83 0.00401606
84 0.00937082
85 0.00669344
86 0.00267738
87 0.00401606
89 0.00669344
90 0.00133869
91 0.00535475
92 0.00133869
93 0.00401606
94 0.00401606
95 0.00535475
96 0.00535475
97 0.00669344
98 0.00401606
99 0.00267738
100 0.00133869
101 0.00401606
103 0.00401606
104 0.00401606
105 0.00937082
106 0.00535475
107 0.00401606
108 0.00133869
109 0.00401606
110 0.00535475
111 0.00267738
112 0.00535475
113 0.00267738
114 0.00535475
115 0.00401606
116 0.00535475
117 0.00535475
118 0.00267738
119 0.00133869
120 0.00937082
121 0.00401606
122 0.00133869
124 0.00669344
125 0.00133869
126 0.00133869
127 0.00803213
128 0.00401606
129 0.00669344
130 0.00133869
131 0.00133869
132 0.00133869
133 0.00535475
134 0.00669344
136 0.00401606
137 0.00267738
138 0.00133869
139 0.00401606
140 0.00401606
141 0.00401606
142 0.00669344
143 0.00401606
144 0.00133869
145 0.00535475
146 0.00669344
147 0.00267738
148 0.00401606
149 0.00401606
150 0.00401606
151 0.00267738
152 0.00133869
153 0.00669344
155 0.00803213
156 0.00803213
157 0.00535475
158 0.00401606
159 0.00267738
161 0.00267738
162 0.00267738
163 0.00669344
164 0.00133869
165 0.00401606
166 0.00133869
167 0.00267738
168 0.00133869
169 0.00535475
170 0.00669344
171 0.0107095
172 0.00535475
173 0.00535475
174 0.00401606
175 0.00535475
176 0.00133869
178 0.00401606
179 0.00267738
180 0.00133869
181 0.00267738
182 0.00401606
183 0.00267738
184 0.00267738
187 0.00133869
189 0.00133869
190 0.00133869
198 0.00267738
200 0.00133869
204 0.00133869
226 0.00133869
240 0.00133869
