1 5
2 11
3 9
4 8
5 11
6 15
7 4
8 15
9 9
10 9
11 10
12 10
13 14
14 11
15 10
16 5
17 15
18 6
19 5
20 15
21 8
22 2
23 5
24 2
25 8
26 5
27 5
28 7
29 10
30 6
31 7
32 11
33 9
34 9
35 1
36 3
37 8
38 4
39 3
40 3
41 7
42 5
43 6
44 5
45 9
46 5
47 4
48 1
49 5
50 5
51 9
53 4
54 1
56 2
58 2
59 3
60 4
61 2
63 1
64 2
65 3
66 4
67 3
68 3
69 1
70 2
71 5
72 4
73 1
74 2
75 2
76 1
77 1
78 2
79 5
80 2
81 3
82 4
83 3
84 7
85 5
86 2
87 3
89 5
90 1
91 4
92 1
93 3
94 3
95 4
96 4
97 5
98 3
99 2
100 1
101 3
103 3
104 3
105 7
106 4
107 3
108 1
109 3
110 4
111 2
112 4
113 2
114 4
115 3
116 4
117 4
118 2
119 1
120 7
121 3
122 1
124 5
125 1
126 1
127 6
128 3
129 5
130 1
131 1
132 1
133 4
134 5
136 3
137 2
138 1
139 3
140 3
141 3
142 5
143 3
144 1
145 4
146 5
147 2
148 3
149 3
150 3
151 2
152 1
153 5
155 6
156 6
157 4
158 3
159 2
161 2
162 2
163 5
164 1
165 3
166 1
167 2
168 1
169 4
170 5
171 8
172 4
173 4
174 3
175 4
176 1
178 3
179 2
180 1
181 2
182 3
183 2
184 2
187 1
189 1
190 1
198 2
200 1
204 1
226 1
240 1
