1 0.00803213
2 0.0120482
3 0.0120482
4 0.0120482
5 0.0147256
6 0.0187416
7 0.0187416
8 0.00937082
9 0.0147256
10 0.00669344
11 0.0160643
12 0.00803213
13 0.0160643
14 0.0147256
15 0.0133869
16 0.0133869
17 0.0133869
18 0.0133869
19 0.00803213
20 0.0160643
21 0.00803213
22 0.00669344
23 0.00803213
24 0.00937082
25 0.00937082
26 0.00937082
27 0.00669344
28 0.0120482
29 0.0120482
30 0.00803213
31 0.00669344
32 0.0120482
33 0.0133869
34 0.00267738
35 0.0107095
36 0.00267738
37 0.00133869
38 0.00535475
39 0.00669344
40 0.00803213
41 0.0107095
42 0.00669344
43 0.00535475
44 0.00669344
45 0.00669344
46 0.00669344
47 0.00669344
48 0.00535475
49 0.00937082
50 0.00937082
51 0.00133869
52 0.00267738
53 0.00401606
54 0.00267738
55 0.00133869
56 0.00401606
57 0.00133869
58 0.00401606
59 0.00535475
60 0.00267738
62 0.00267738
63 0.00535475
64 0.00401606
65 0.00401606
66 0.00267738
67 0.00267738
68 0.00267738
69 0.00133869
71 0.00535475
72 0.00267738
73 0.00133869
74 0.00267738
75 0.00401606
76 0.00267738
77 0.00401606
78 0.00401606
79 0.00535475
80 0.00267738
81 0.00401606
82 0.00401606
83 0.00669344
84 0.00803213
85 0.00535475
86 0.00133869
87 0.00535475
88 0.00401606
89 0.00133869
90 0.00267738
91 0.00267738
92 0.00669344
93 0.00267738
94 0.00267738
95 0.00133869
96 0.00133869
97 0.0107095
98 0.00669344
99 0.00133869
100 0.00535475
101 0.00267738
102 0.00133869
103 0.00669344
104 0.00401606
105 0.00669344
106 0.00401606
107 0.00535475
108 0.00267738
109 0.00937082
110 0.00133869
111 0.00267738
112 0.00669344
113 0.00535475
114 0.00803213
115 0.00401606
116 0.00267738
117 0.00267738
118 0.00535475
119 0.00535475
120 0.00133869
121 0.00535475
122 0.00133869
123 0.00401606
125 0.00401606
126 0.00535475
127 0.00401606
128 0.00535475
129 0.00133869
130 0.00401606
132 0.00133869
133 0.00133869
134 0.00535475
135 0.00401606
136 0.00803213
137 0.00401606
138 0.00267738
140 0.00401606
141 0.00267738
142 0.00535475
143 0.00401606
145 0.00267738
146 0.00535475
147 0.00401606
148 0.00669344
149 0.00535475
150 0.00401606
152 0.00535475
153 0.00535475
154 0.00535475
155 0.00401606
156 0.00535475
157 0.00267738
158 0.00133869
159 0.00267738
160 0.00535475
161 0.00669344
162 0.00803213
163 0.00401606
164 0.00133869
165 0.00401606
166 0.00133869
167 0.00401606
168 0.00669344
169 0.00267738
171 0.00535475
172 0.00401606
173 0.00267738
174 0.00669344
175 0.00401606
176 0.00401606
177 0.00133869
178 0.00267738
179 0.00535475
180 0.00267738
181 0.00267738
182 0.00133869
183 0.00133869
184 0.00267738
185 0.00267738
187 0.00133869
188 0.00133869
189 0.00133869
195 0.00133869
196 0.00133869
198 0.00133869
205 0.00133869
213 0.00133869
256 0.00133869
260 0.00133869
