1 4
2 8
3 8
4 9
5 9
6 13
7 9
8 11
9 9
10 10
11 5
12 7
13 7
14 12
15 10
16 12
17 11
18 9
19 6
20 6
21 6
22 9
23 7
24 5
25 4
26 5
27 6
28 5
29 7
30 6
31 3
32 3
33 8
34 7
35 14
36 6
37 5
38 7
39 4
40 7
41 2
42 5
43 2
44 3
45 6
46 1
47 8
48 9
49 7
50 2
51 3
52 3
53 6
54 8
55 5
56 1
57 2
58 2
59 2
62 3
63 1
64 3
65 2
66 1
67 2
68 1
69 4
70 2
71 3
72 2
73 2
74 2
75 2
76 2
77 1
78 6
80 1
81 1
82 1
83 1
84 5
85 3
87 3
88 1
89 2
90 4
91 4
92 4
93 6
94 5
95 4
96 2
97 3
98 2
99 3
100 1
101 1
102 3
104 4
105 3
107 4
108 5
109 4
110 1
111 3
112 3
113 2
114 4
115 3
116 2
118 1
119 4
120 3
121 5
122 7
123 2
124 3
125 5
127 3
128 3
129 4
131 3
133 5
134 3
135 2
136 1
137 2
138 3
139 3
140 6
141 2
142 1
144 1
145 3
146 4
147 1
149 2
150 3
151 2
152 4
153 2
154 3
155 2
156 1
157 5
158 1
159 5
160 4
161 4
163 5
164 1
165 2
166 1
167 5
168 3
170 2
171 5
172 3
173 2
174 3
175 2
176 5
177 2
178 2
179 3
180 2
181 2
182 3
183 3
184 3
185 2
186 2
187 4
188 3
189 4
190 3
191 2
192 1
193 2
194 2
195 3
196 2
197 4
198 2
199 3
200 1
201 2
202 2
203 1
204 1
206 3
208 1
211 1
219 1
221 2
223 1
263 1
266 1
