1 0.00535475
2 0.0107095
3 0.0107095
4 0.0120482
5 0.0120482
6 0.0174029
7 0.0120482
8 0.0147256
9 0.0120482
10 0.0133869
11 0.00669344
12 0.00937082
13 0.00937082
14 0.0160643
15 0.0133869
16 0.0160643
17 0.0147256
18 0.0120482
19 0.00803213
20 0.00803213
21 0.00803213
22 0.0120482
23 0.00937082
24 0.00669344
25 0.00535475
26 0.00669344
27 0.00803213
28 0.00669344
29 0.00937082
30 0.00803213
31 0.00401606
32 0.00401606
33 0.0107095
34 0.00937082
35 0.0187416
36 0.00803213
37 0.00669344
38 0.00937082
39 0.00535475
40 0.00937082
41 0.00267738
42 0.00669344
43 0.00267738
44 0.00401606
45 0.00803213
46 0.00133869
47 0.0107095
48 0.0120482
49 0.00937082
50 0.00267738
51 0.00401606
52 0.00401606
53 0.00803213
54 0.0107095
55 0.00669344
56 0.00133869
57 0.00267738
58 0.00267738
59 0.00267738
62 0.00401606
63 0.00133869
64 0.00401606
65 0.00267738
66 0.00133869
67 0.00267738
68 0.00133869
69 0.00535475
70 0.00267738
71 0.00401606
72 0.00267738
73 0.00267738
74 0.00267738
75 0.00267738
76 0.00267738
77 0.00133869
78 0.00803213
80 0.00133869
81 0.00133869
82 0.00133869
83 0.00133869
84 0.00669344
85 0.00401606
87 0.00401606
88 0.00133869
89 0.00267738
90 0.00535475
91 0.00535475
92 0.00535475
93 0.00803213
94 0.00669344
95 0.00535475
96 0.00267738
97 0.00401606
98 0.00267738
99 0.00401606
100 0.00133869
101 0.00133869
102 0.00401606
104 0.00535475
105 0.00401606
107 0.00535475
108 0.00669344
109 0.00535475
110 0.00133869
111 0.00401606
112 0.00401606
113 0.00267738
114 0.00535475
115 0.00401606
116 0.00267738
118 0.00133869
119 0.00535475
120 0.00401606
121 0.00669344
122 0.00937082
123 0.00267738
124 0.00401606
125 0.00669344
127 0.00401606
128 0.00401606
129 0.00535475
131 0.00401606
133 0.00669344
134 0.00401606
135 0.00267738
136 0.00133869
137 0.00267738
138 0.00401606
139 0.00401606
140 0.00803213
141 0.00267738
142 0.00133869
144 0.00133869
145 0.00401606
146 0.00535475
147 0.00133869
149 0.00267738
150 0.00401606
151 0.00267738
152 0.00535475
153 0.00267738
154 0.00401606
155 0.00267738
156 0.00133869
157 0.00669344
158 0.00133869
159 0.00669344
160 0.00535475
161 0.00535475
163 0.00669344
164 0.00133869
165 0.00267738
166 0.00133869
167 0.00669344
168 0.00401606
170 0.00267738
171 0.00669344
172 0.00401606
173 0.00267738
174 0.00401606
175 0.00267738
176 0.00669344
177 0.00267738
178 0.00267738
179 0.00401606
180 0.00267738
181 0.00267738
182 0.00401606
183 0.00401606
184 0.00401606
185 0.00267738
186 0.00267738
187 0.00535475
188 0.00401606
189 0.00535475
190 0.00401606
191 0.00267738
192 0.00133869
193 0.00267738
194 0.00267738
195 0.00401606
196 0.00267738
197 0.00535475
198 0.00267738
199 0.00401606
200 0.00133869
201 0.00267738
202 0.00267738
203 0.00133869
204 0.00133869
206 0.00401606
208 0.00133869
211 0.00133869
219 0.00133869
221 0.00267738
223 0.00133869
263 0.00133869
266 0.00133869
