1 0.00669344
2 0.0133869
3 0.00803213
4 0.0187416
5 0.0133869
6 0.0200803
7 0.0160643
8 0.0120482
9 0.0160643
10 0.00803213
11 0.00535475
12 0.0187416
13 0.0240964
14 0.0147256
15 0.00937082
16 0.00669344
17 0.0120482
18 0.0147256
19 0.0160643
20 0.00669344
21 0.00535475
22 0.00267738
23 0.0107095
24 0.00937082
25 0.00803213
26 0.00937082
27 0.00937082
28 0.00803213
29 0.00803213
30 0.00937082
31 0.0107095
32 0.00937082
33 0.0160643
34 0.0120482
35 0.00803213
36 0.00535475
37 0.00401606
38 0.00267738
39 0.00535475
40 0.00669344
41 0.0120482
42 0.00535475
43 0.00803213
44 0.00669344
45 0.0107095
46 0.00267738
47 0.00669344
48 0.00669344
49 0.00937082
50 0.00535475
51 0.00401606
53 0.00267738
54 0.00133869
55 0.00133869
56 0.00267738
57 0.00267738
58 0.00401606
59 0.00401606
60 0.00401606
62 0.00535475
63 0.00267738
64 0.00267738
66 0.00535475
68 0.00535475
69 0.00267738
70 0.00267738
71 0.00535475
72 0.00133869
73 0.00401606
74 0.00267738
75 0.00267738
76 0.00267738
77 0.00401606
78 0.00401606
79 0.00669344
80 0.00535475
82 0.00669344
83 0.00401606
84 0.00535475
85 0.00535475
86 0.00535475
87 0.00267738
88 0.00803213
89 0.00535475
92 0.00267738
93 0.00535475
94 0.00133869
95 0.00535475
96 0.00401606
98 0.0120482
99 0.00669344
100 0.00267738
101 0.00133869
102 0.00267738
103 0.00267738
104 0.00133869
105 0.00267738
106 0.00535475
107 0.00669344
108 0.00401606
109 0.00133869
110 0.00803213
111 0.00401606
112 0.00401606
113 0.00401606
114 0.00669344
115 0.00937082
116 0.00401606
117 0.00133869
118 0.00267738
119 0.00401606
120 0.00803213
121 0.00267738
122 0.00535475
123 0.00133869
124 0.00401606
125 0.00267738
126 0.00133869
127 0.00401606
128 0.00267738
129 0.00401606
130 0.00267738
131 0.00535475
132 0.00401606
133 0.00267738
135 0.00669344
136 0.00267738
137 0.00401606
138 0.00401606
139 0.00401606
140 0.00133869
141 0.00267738
142 0.00401606
143 0.00267738
145 0.00937082
146 0.00133869
147 0.00669344
148 0.00535475
149 0.00535475
150 0.00401606
151 0.00535475
152 0.00669344
153 0.00133869
154 0.00401606
155 0.00267738
156 0.00535475
157 0.00267738
158 0.00133869
159 0.00669344
160 0.00267738
161 0.00535475
162 0.00267738
163 0.00535475
164 0.00267738
166 0.00133869
167 0.00267738
168 0.00133869
169 0.00803213
170 0.00669344
171 0.00401606
172 0.00401606
173 0.00535475
174 0.00133869
175 0.00535475
177 0.00267738
178 0.00267738
179 0.00401606
180 0.00267738
181 0.00133869
182 0.00267738
183 0.00401606
184 0.00535475
185 0.00267738
187 0.00133869
188 0.00133869
189 0.00133869
190 0.00133869
198 0.00133869
202 0.00133869
203 0.00267738
207 0.00133869
249 0.00133869
266 0.00133869
