1 1932
2 1400
3 1118
4 825
5 659
6 537
7 467
8 364
9 306
10 241
11 221
12 209
13 182
14 118
15 144
16 104
17 93
18 91
19 73
20 67
21 64
22 64
23 47
24 50
25 36
26 32
27 30
28 33
29 32
30 29
31 27
32 25
33 21
34 25
35 15
36 16
37 13
38 15
39 16
40 8
41 11
42 14
43 9
44 7
45 9
46 6
47 6
48 10
49 4
50 5
51 8
52 5
53 5
54 6
55 7
56 9
57 5
58 6
59 4
60 4
61 5
62 3
63 4
64 1
65 4
66 1
68 2
70 3
71 4
72 2
73 1
75 3
76 2
77 1
78 5
79 3
80 2
81 2
84 1
86 1
87 1
88 4
89 3
90 1
91 1
92 1
93 2
95 1
97 1
98 1
99 2
100 1
102 1
103 2
104 1
106 1
111 1
113 1
119 1
121 1
132 1
134 1
136 1
139 1
142 1
154 1
156 1
162 1
187 1
229 1
243 1
266 1
282 1
328 1
337 1
346 1
451 1
3356 1
