1 0.168056
2 0.133903
3 0.111301
4 0.0832747
5 0.0635861
6 0.056454
7 0.047112
8 0.0384731
9 0.0325465
10 0.0264189
11 0.0217981
12 0.0191863
13 0.0200904
14 0.0164741
15 0.0154696
16 0.0120542
17 0.00974385
18 0.0102461
19 0.00863887
20 0.00773481
21 0.00773481
22 0.0048217
23 0.00582622
24 0.00612757
25 0.00331492
26 0.00401808
27 0.00492215
28 0.00291311
29 0.00331492
30 0.00291311
31 0.00241085
32 0.00331492
33 0.0027122
34 0.00190859
35 0.0023104
36 0.00180814
37 0.0023104
38 0.00301356
39 0.00170768
40 0.00120542
41 0.00130588
42 0.00130588
43 0.00150678
44 0.00100452
45 0.000703164
46 0.00120542
47 0.000803616
48 0.000703164
49 0.00110497
50 0.000602712
51 0.000703164
52 0.00050226
53 0.000301356
54 0.000703164
55 0.000803616
56 0.00050226
57 0.000100452
58 0.000703164
59 0.000803616
60 0.000301356
61 0.000703164
62 0.000401808
63 0.000401808
64 0.00050226
65 0.000200904
66 0.00050226
67 0.000200904
68 0.000602712
69 0.000200904
70 0.000100452
71 0.000401808
72 0.000200904
73 0.000401808
74 0.000200904
75 0.000100452
76 0.000602712
77 0.000100452
79 0.000100452
80 0.000301356
81 0.000200904
82 0.000100452
83 0.000401808
84 0.000100452
85 0.000100452
86 0.000301356
87 0.000301356
89 0.000301356
90 0.000200904
93 0.000301356
94 0.000100452
96 0.000200904
97 0.000100452
98 0.000200904
100 0.000401808
101 0.000100452
102 0.000100452
106 0.000100452
107 0.000200904
110 0.000200904
111 0.000100452
113 0.000200904
114 0.000100452
116 0.000100452
123 0.000301356
127 0.000100452
129 0.000100452
131 0.000100452
146 0.000100452
148 0.000100452
157 0.000200904
166 0.000100452
173 0.000200904
176 0.000100452
212 0.000100452
252 0.000100452
264 0.000100452
293 0.000100452
317 0.000100452
358 0.000100452
376 0.000100452
384 0.000100452
451 0.000100452
3340 0.000100452
