2 0.00137552
3 0.00275103
4 0.0110041
5 0.0151307
6 0.0178817
7 0.00687758
8 0.0165062
9 0.0123796
10 0.0123796
11 0.00825309
12 0.00825309
13 0.00962861
14 0.0165062
15 0.0137552
16 0.0165062
17 0.0151307
18 0.0123796
19 0.00825309
20 0.00962861
21 0.00962861
22 0.0110041
23 0.00825309
24 0.00687758
25 0.00550206
26 0.00687758
27 0.00825309
28 0.00687758
29 0.0110041
30 0.00687758
31 0.00550206
32 0.00275103
33 0.0110041
34 0.00962861
35 0.0192572
36 0.00825309
37 0.00687758
38 0.00962861
39 0.00550206
40 0.00962861
41 0.00275103
42 0.00687758
43 0.00275103
44 0.00412655
45 0.00825309
46 0.00137552
47 0.0110041
48 0.0123796
49 0.00825309
50 0.00412655
51 0.00412655
52 0.00275103
53 0.00825309
54 0.0123796
55 0.00687758
56 0.00137552
57 0.00275103
58 0.00275103
59 0.00275103
62 0.00275103
63 0.00275103
64 0.00412655
65 0.00275103
67 0.00412655
68 0.00137552
69 0.00550206
70 0.00275103
71 0.00412655
72 0.00275103
73 0.00137552
74 0.00275103
75 0.00412655
76 0.00275103
77 0.00137552
78 0.00825309
80 0.00137552
81 0.00137552
82 0.00275103
83 0.00137552
84 0.00275103
85 0.00550206
86 0.00137552
87 0.00412655
88 0.00137552
89 0.00275103
90 0.00412655
91 0.00687758
92 0.00550206
93 0.00825309
94 0.00550206
95 0.00687758
96 0.00137552
97 0.00412655
98 0.00412655
99 0.00412655
100 0.00137552
101 0.00137552
102 0.00412655
104 0.00412655
105 0.00550206
107 0.00412655
108 0.00825309
109 0.00550206
110 0.00137552
111 0.00412655
112 0.00412655
113 0.00275103
114 0.00275103
115 0.00550206
116 0.00412655
118 0.00137552
119 0.00412655
120 0.00412655
121 0.00825309
122 0.00687758
123 0.00550206
124 0.00412655
125 0.00412655
126 0.00275103
127 0.00275103
128 0.00550206
129 0.00412655
130 0.00137552
131 0.00275103
132 0.00137552
133 0.00412655
134 0.00687758
135 0.00275103
136 0.00137552
137 0.00275103
138 0.00412655
139 0.00412655
140 0.00825309
141 0.00275103
143 0.00137552
144 0.00137552
145 0.00412655
146 0.00550206
147 0.00137552
149 0.00137552
150 0.00550206
151 0.00275103
152 0.00275103
153 0.00412655
154 0.00687758
155 0.00137552
156 0.00137552
157 0.00550206
158 0.00137552
159 0.00825309
160 0.00550206
161 0.00275103
162 0.00137552
163 0.00550206
164 0.00412655
165 0.00275103
166 0.00137552
167 0.00687758
168 0.00275103
169 0.00137552
170 0.00275103
171 0.00550206
172 0.00550206
173 0.00275103
174 0.00137552
175 0.00550206
176 0.00412655
177 0.00550206
178 0.00275103
179 0.00275103
180 0.00275103
181 0.00275103
182 0.00275103
183 0.00412655
184 0.00412655
185 0.00412655
186 0.00412655
187 0.00550206
188 0.00275103
189 0.00550206
190 0.00412655
191 0.00275103
192 0.00275103
193 0.00137552
194 0.00412655
195 0.00275103
196 0.00412655
197 0.00550206
198 0.00275103
199 0.00137552
200 0.00412655
201 0.00137552
202 0.00275103
203 0.00137552
204 0.00275103
206 0.00412655
209 0.00137552
220 0.00137552
221 0.00137552
222 0.00137552
223 0.00137552
233 0.00137552
290 0.00137552
293 0.00137552
