1 1661
2 1331
3 1106
4 842
5 642
6 555
7 480
8 378
9 333
10 262
11 226
12 186
13 208
14 162
15 155
16 122
17 95
18 106
19 84
20 79
21 74
22 50
23 61
24 60
25 34
26 38
27 49
28 29
29 34
30 28
31 26
32 33
33 26
34 19
35 23
36 18
37 24
38 28
39 19
40 10
41 14
42 14
43 15
44 10
45 7
46 12
47 8
48 6
49 12
50 6
51 7
52 5
53 3
54 7
55 8
56 5
57 1
58 7
59 8
60 3
61 7
62 4
63 4
64 5
65 2
66 5
67 1
68 7
69 2
70 1
71 4
72 2
73 4
74 2
75 1
76 6
77 1
79 1
80 3
81 2
82 1
83 4
84 1
85 1
86 3
87 3
89 3
90 2
93 3
94 1
96 2
97 1
98 1
99 1
100 4
101 1
102 1
106 1
107 2
110 2
111 1
113 2
114 1
116 1
123 3
127 1
129 1
131 1
146 1
148 1
157 2
166 1
173 2
176 1
212 1
252 1
265 1
293 1
317 1
376 1
384 1
394 1
497 1
3674 1
