1 0.00803213
2 0.0133869
3 0.0133869
4 0.0174029
5 0.0160643
6 0.0107095
7 0.0120482
8 0.021419
9 0.0120482
10 0.00937082
11 0.0147256
12 0.0120482
13 0.00937082
14 0.0107095
15 0.021419
16 0.0107095
17 0.00803213
18 0.0133869
19 0.00803213
20 0.0107095
21 0.0120482
22 0.00669344
23 0.00803213
24 0.00803213
25 0.00401606
26 0.0120482
27 0.00937082
28 0.0147256
29 0.00803213
30 0.00401606
31 0.0160643
32 0.0107095
33 0.00401606
34 0.0120482
35 0.00803213
36 0.00535475
37 0.00803213
38 0.00803213
39 0.00535475
40 0.00803213
41 0.00401606
42 0.00535475
43 0.00803213
44 0.0120482
45 0.00669344
46 0.0107095
47 0.00803213
48 0.00401606
49 0.00803213
50 0.00401606
52 0.00133869
53 0.00535475
54 0.00133869
55 0.00133869
56 0.00133869
57 0.00133869
58 0.00401606
59 0.00267738
60 0.00267738
62 0.00401606
63 0.00267738
64 0.00267738
65 0.00535475
66 0.00401606
67 0.00133869
68 0.00401606
69 0.00401606
70 0.00267738
71 0.00535475
73 0.00669344
74 0.00133869
75 0.00267738
77 0.00267738
78 0.00669344
79 0.00267738
80 0.00133869
81 0.00803213
82 0.00401606
83 0.00267738
84 0.00267738
85 0.00669344
86 0.0107095
87 0.00401606
88 0.00669344
89 0.00267738
90 0.00267738
91 0.00535475
92 0.00401606
93 0.00267738
94 0.00401606
95 0.00401606
97 0.00401606
98 0.00401606
99 0.00669344
100 0.00401606
101 0.00401606
102 0.00401606
103 0.00401606
104 0.00535475
105 0.00267738
106 0.00535475
107 0.00803213
108 0.00133869
109 0.00535475
110 0.00401606
111 0.00401606
112 0.00401606
113 0.00535475
114 0.00267738
115 0.00535475
116 0.00267738
117 0.00669344
118 0.00669344
120 0.00401606
122 0.00535475
123 0.00535475
124 0.00267738
125 0.00267738
126 0.00133869
127 0.00803213
128 0.00133869
129 0.00401606
131 0.00133869
132 0.00401606
133 0.00267738
134 0.00401606
135 0.00267738
136 0.00133869
137 0.00669344
138 0.00133869
139 0.00401606
140 0.00133869
141 0.00401606
142 0.00535475
143 0.00669344
144 0.00669344
145 0.00267738
146 0.00669344
147 0.00535475
148 0.00267738
149 0.00133869
151 0.00535475
152 0.0107095
153 0.00267738
154 0.00401606
155 0.00401606
156 0.00669344
157 0.00267738
158 0.00669344
159 0.00535475
160 0.00401606
161 0.00267738
162 0.00267738
163 0.00267738
164 0.00669344
165 0.00535475
166 0.00133869
167 0.00267738
168 0.00133869
169 0.00669344
170 0.00401606
171 0.00267738
173 0.00401606
174 0.00133869
175 0.00267738
176 0.00267738
177 0.00401606
178 0.00535475
179 0.00401606
180 0.00133869
182 0.00669344
183 0.00133869
184 0.00401606
185 0.00133869
186 0.00133869
191 0.00133869
193 0.00133869
194 0.00133869
195 0.00133869
201 0.00267738
203 0.00133869
211 0.00133869
246 0.00133869
255 0.00133869
