1 6
2 7
3 10
4 10
5 12
6 13
7 9
8 11
9 12
10 8
11 10
12 10
13 3
14 12
15 17
16 11
17 5
18 7
19 7
20 5
21 7
22 10
23 8
24 6
25 5
26 4
27 10
28 6
29 4
30 5
31 7
32 11
33 8
34 7
35 8
36 4
37 10
38 2
39 2
40 4
41 7
42 4
43 6
44 7
45 7
46 3
47 5
48 3
49 2
50 7
51 5
52 2
53 3
54 3
55 1
56 2
57 3
58 1
59 2
61 1
62 1
63 3
64 1
65 4
66 1
67 5
68 2
69 4
70 2
71 1
72 3
73 3
74 1
75 3
76 2
77 3
78 2
79 2
80 5
81 1
82 4
83 5
84 4
85 5
86 2
87 6
88 4
89 3
90 3
91 2
93 3
94 5
95 2
96 3
97 4
98 3
99 4
100 1
101 3
102 2
103 2
104 3
105 2
106 6
107 3
108 1
109 5
110 1
111 3
112 5
113 5
114 3
115 6
116 2
117 3
118 3
119 3
120 1
121 4
122 4
123 1
124 4
125 3
127 2
128 2
129 2
130 3
131 2
132 3
133 2
134 5
135 1
136 3
138 2
139 2
140 4
141 2
142 6
143 5
144 1
145 5
146 6
147 1
149 6
150 1
151 2
152 4
153 2
154 4
156 2
157 1
158 2
159 2
160 3
161 3
162 6
163 6
164 3
165 5
166 2
167 3
168 3
169 4
170 2
171 2
172 7
173 1
174 5
175 1
176 2
177 3
178 3
179 3
180 1
181 1
182 1
183 3
185 1
186 1
187 2
194 1
198 1
204 1
206 1
212 1
254 1
257 1
