1 6
2 9
3 9
4 9
5 11
6 14
7 14
8 7
9 11
10 5
11 12
12 6
13 12
14 11
15 10
16 10
17 10
18 10
19 6
20 12
21 6
22 5
23 6
24 7
25 7
26 7
27 5
28 9
29 9
30 6
31 5
32 9
33 10
34 2
35 8
36 2
37 1
38 4
39 5
40 6
41 8
42 5
43 4
44 5
45 5
46 5
47 5
48 4
49 7
50 7
51 1
52 2
53 3
54 2
55 1
56 3
57 1
58 3
59 4
60 2
62 2
63 4
64 3
65 3
66 2
67 2
68 2
69 1
71 4
72 2
73 1
74 2
75 3
76 2
77 3
78 3
79 4
80 2
81 3
82 3
83 5
84 6
85 4
86 1
87 4
88 3
89 1
90 2
91 2
92 5
93 2
94 2
95 1
96 1
97 8
98 5
99 1
100 4
101 2
102 1
103 5
104 3
105 5
106 3
107 4
108 2
109 7
110 1
111 2
112 5
113 4
114 6
115 3
116 2
117 2
118 4
119 4
120 1
121 4
122 1
123 3
125 3
126 4
127 3
128 4
129 1
130 3
132 1
133 1
134 4
135 3
136 6
137 3
138 2
140 3
141 2
142 4
143 3
145 2
146 4
147 3
148 5
149 4
150 3
152 4
153 4
154 4
155 3
156 4
157 2
158 1
159 2
160 4
161 5
162 6
163 3
164 1
165 3
166 1
167 3
168 5
169 2
171 4
172 3
173 2
174 5
175 3
176 3
177 1
178 2
179 4
180 2
181 2
182 1
183 1
184 2
185 2
187 1
188 1
189 1
195 1
196 1
198 1
205 1
213 1
256 1
260 1
