2 0.00137552
3 0.00550206
4 0.0178817
5 0.0123796
6 0.0123796
7 0.0165062
8 0.0137552
9 0.0151307
10 0.0110041
11 0.00825309
12 0.0110041
13 0.0178817
14 0.0165062
15 0.0178817
16 0.0110041
17 0.0233838
18 0.00687758
19 0.00825309
20 0.00825309
21 0.00962861
22 0.00412655
23 0.00687758
24 0.00412655
25 0.0151307
26 0.00962861
27 0.0110041
28 0.00550206
29 0.0110041
30 0.00962861
31 0.00825309
32 0.00825309
33 0.0137552
34 0.0151307
35 0.00687758
36 0.00825309
37 0.00825309
38 0.00275103
39 0.00412655
40 0.00550206
41 0.0110041
42 0.0151307
43 0.00687758
44 0.00137552
45 0.00275103
46 0.00687758
47 0.00825309
48 0.00962861
49 0.00825309
50 0.00825309
51 0.00275103
52 0.00275103
54 0.00137552
55 0.00550206
56 0.00137552
57 0.00137552
58 0.00275103
59 0.00275103
60 0.00550206
61 0.00275103
62 0.00412655
63 0.00137552
64 0.00412655
65 0.00550206
66 0.00137552
67 0.00275103
68 0.00275103
69 0.00275103
70 0.00412655
71 0.00550206
72 0.00137552
73 0.00275103
75 0.00412655
76 0.00137552
77 0.00275103
78 0.00412655
79 0.00275103
80 0.00825309
81 0.00412655
82 0.00550206
83 0.00550206
84 0.00687758
85 0.00687758
86 0.00137552
87 0.00687758
88 0.00275103
89 0.00275103
90 0.00275103
91 0.00550206
92 0.00137552
93 0.00137552
94 0.00275103
95 0.00687758
96 0.00275103
97 0.00550206
98 0.00687758
99 0.00550206
100 0.00137552
101 0.00825309
102 0.00275103
103 0.00275103
104 0.00962861
105 0.00137552
106 0.00275103
107 0.00550206
108 0.00412655
109 0.00275103
110 0.00550206
111 0.00275103
112 0.00962861
113 0.00687758
114 0.00550206
115 0.00412655
116 0.00412655
118 0.00137552
119 0.00412655
121 0.00275103
122 0.00687758
123 0.00550206
124 0.00137552
125 0.00412655
126 0.00275103
127 0.00550206
128 0.00137552
129 0.00687758
130 0.00275103
131 0.00275103
132 0.00412655
133 0.00687758
134 0.00275103
135 0.00275103
136 0.00275103
137 0.00275103
138 0.00137552
140 0.00687758
141 0.00275103
143 0.00412655
144 0.00412655
145 0.00550206
146 0.00825309
147 0.00550206
148 0.00687758
149 0.00550206
150 0.00275103
151 0.00137552
152 0.00412655
153 0.00412655
154 0.00412655
155 0.00137552
156 0.00962861
157 0.00137552
158 0.00412655
159 0.00825309
161 0.00550206
162 0.00412655
163 0.00687758
164 0.00275103
165 0.00275103
167 0.00687758
168 0.00412655
169 0.00275103
170 0.00275103
171 0.00962861
172 0.00550206
173 0.00137552
174 0.00275103
175 0.00137552
176 0.00275103
177 0.00412655
178 0.00275103
179 0.00137552
180 0.00275103
181 0.00275103
182 0.00137552
183 0.00550206
184 0.00275103
185 0.00137552
186 0.00137552
187 0.00275103
188 0.00137552
191 0.00137552
193 0.00137552
198 0.00137552
204 0.00137552
207 0.00137552
250 0.00137552
266 0.00137552
