1 35
2 170
3 469
4 799
5 618
6 532
7 412
8 330
9 294
10 237
11 236
12 165
13 174
14 148
15 102
16 99
17 102
18 70
19 76
20 51
21 47
22 64
23 48
24 33
25 35
26 33
27 36
28 29
29 27
30 35
31 25
32 24
33 26
34 18
35 11
36 12
37 16
38 9
39 16
40 10
41 14
42 10
43 8
44 7
45 7
46 5
47 12
48 4
49 7
50 2
51 1
52 4
53 9
54 11
55 3
56 3
57 4
58 2
59 3
60 4
61 2
62 3
63 1
64 3
65 4
66 3
67 4
68 2
69 3
72 3
73 2
74 5
75 2
76 2
77 1
78 1
79 2
80 1
81 2
82 3
83 1
85 3
86 1
87 1
88 1
90 3
91 4
93 1
96 1
97 1
98 1
101 1
109 1
113 2
115 1
116 1
129 1
131 1
133 1
137 1
138 1
144 1
153 2
171 1
218 1
227 1
246 1
270 1
283 1
304 1
308 1
326 1
2315 1
