2 3
3 4
4 14
5 13
6 7
7 8
8 8
9 14
10 10
11 3
12 7
13 17
14 12
15 13
16 10
17 6
18 10
19 4
20 10
21 7
22 5
23 6
24 5
25 6
26 7
27 5
28 7
29 5
30 7
31 10
32 7
33 9
34 6
35 6
36 5
37 6
38 3
39 8
40 1
41 7
42 6
43 1
44 8
45 12
46 3
47 3
48 1
49 7
50 6
51 2
52 3
53 2
54 3
55 3
56 1
57 1
58 2
59 1
60 1
61 2
63 2
64 3
65 2
66 4
67 3
68 2
69 4
70 4
71 1
73 2
74 4
75 4
76 3
77 2
78 3
80 5
81 4
82 1
83 5
84 6
85 2
86 4
87 3
88 2
89 4
90 1
91 2
92 5
93 4
94 1
95 4
96 1
97 3
98 2
99 6
100 4
101 5
102 2
103 3
104 3
105 6
106 2
107 2
108 6
109 2
110 4
111 3
112 1
113 2
114 1
115 1
116 3
117 7
118 2
119 3
120 1
121 4
122 2
123 2
124 4
125 4
126 3
127 2
128 2
129 3
130 4
131 3
133 2
134 2
136 1
137 4
138 2
139 3
140 3
141 5
142 5
143 2
144 2
145 4
146 2
147 5
148 1
149 1
150 8
151 2
152 3
153 3
154 6
155 2
156 3
157 3
158 1
159 1
160 2
161 1
162 4
163 3
164 3
165 3
166 2
167 1
168 3
169 3
170 1
171 8
172 6
173 1
174 3
175 3
176 3
177 2
178 3
179 3
180 2
181 2
182 3
183 1
184 1
188 2
189 1
190 1
200 1
201 1
203 1
206 1
215 1
259 1
267 1
