1 0.17795
2 0.145373
3 0.113407
4 0.0833758
5 0.0690217
6 0.0550748
7 0.0457091
8 0.0353253
9 0.0316604
10 0.0263667
11 0.0216838
12 0.021582
13 0.0156775
14 0.0166955
15 0.0131324
16 0.00987478
17 0.00936577
18 0.00895857
19 0.00753334
20 0.00804235
21 0.00600631
22 0.00570091
23 0.00468289
24 0.00427568
25 0.00407208
26 0.00427568
27 0.00305406
28 0.00305406
29 0.00305406
30 0.00223964
31 0.00254505
32 0.00254505
33 0.00305406
34 0.00254505
35 0.00173063
36 0.00173063
37 0.00152703
38 0.00162883
39 0.00101802
40 0.00183243
41 0.00111982
42 0.00111982
43 0.00111982
44 0.00101802
45 0.000509009
46 0.000610811
47 0.000712613
48 0.000509009
49 0.000305406
50 0.00111982
51 0.000712613
52 0.000916217
53 0.000305406
54 0.000814415
55 0.000509009
56 0.000305406
57 0.000305406
58 0.000407208
59 0.000509009
60 0.000916217
61 0.000203604
62 0.000101802
63 0.000101802
64 0.000610811
65 0.000203604
66 0.000509009
68 0.000203604
69 0.000203604
70 0.000203604
72 0.000305406
73 0.000305406
74 0.000203604
75 0.000407208
76 0.000305406
78 0.000101802
79 0.000203604
80 0.000203604
81 0.000305406
82 0.000203604
83 0.000101802
85 0.000203604
86 0.000101802
88 0.000203604
89 0.000203604
90 0.000203604
91 0.000101802
93 0.000101802
94 0.000305406
95 0.000101802
97 0.000203604
98 0.000101802
100 0.000203604
102 0.000305406
110 0.000203604
112 0.000101802
113 0.000101802
120 0.000203604
133 0.000101802
137 0.000101802
139 0.000101802
142 0.000101802
149 0.000101802
155 0.000101802
157 0.000101802
161 0.000101802
196 0.000101802
234 0.000203604
259 0.000101802
290 0.000101802
338 0.000101802
341 0.000101802
356 0.000101802
445 0.000101802
3326 0.000101802
