1 1673
2 1333
3 1108
4 829
5 633
6 562
7 469
8 383
9 324
10 263
11 217
12 191
13 200
14 164
15 154
16 120
17 97
18 102
19 86
20 77
21 77
22 48
23 58
24 61
25 33
26 40
27 49
28 29
29 33
30 29
31 24
32 33
33 27
34 19
35 23
36 18
37 23
38 30
39 17
40 12
41 13
42 13
43 15
44 10
45 7
46 12
47 8
48 7
49 11
50 6
51 7
52 5
53 3
54 7
55 8
56 5
57 1
58 7
59 8
60 3
61 7
62 4
63 4
64 5
65 2
66 5
67 2
68 6
69 2
70 1
71 4
72 2
73 4
74 2
75 1
76 6
77 1
79 1
80 3
81 2
82 1
83 4
84 1
85 1
86 3
87 3
89 3
90 2
93 3
94 1
96 2
97 1
98 2
100 4
101 1
102 1
106 1
107 2
110 2
111 1
113 2
114 1
116 1
123 3
127 1
129 1
131 1
146 1
148 1
157 2
166 1
173 2
176 1
212 1
252 1
264 1
293 1
317 1
358 1
376 1
384 1
451 1
3340 1
