2 1
3 4
4 13
5 9
6 9
7 12
8 10
9 11
10 8
11 6
12 8
13 13
14 12
15 13
16 8
17 17
18 5
19 6
20 6
21 7
22 3
23 5
24 3
25 11
26 7
27 8
28 4
29 8
30 7
31 6
32 6
33 10
34 11
35 5
36 6
37 6
38 2
39 3
40 4
41 8
42 11
43 5
44 1
45 2
46 5
47 6
48 7
49 6
50 6
51 2
52 2
54 1
55 4
56 1
57 1
58 2
59 2
60 4
61 2
62 3
63 1
64 3
65 4
66 1
67 2
68 2
69 2
70 3
71 4
72 1
73 2
75 3
76 1
77 2
78 3
79 2
80 6
81 3
82 4
83 4
84 5
85 5
86 1
87 5
88 2
89 2
90 2
91 4
92 1
93 1
94 2
95 5
96 2
97 4
98 5
99 4
100 1
101 6
102 2
103 2
104 7
105 1
106 2
107 4
108 3
109 2
110 4
111 2
112 7
113 5
114 4
115 3
116 3
118 1
119 3
121 2
122 5
123 4
124 1
125 3
126 2
127 4
128 1
129 5
130 2
131 2
132 3
133 5
134 2
135 2
136 2
137 2
138 1
140 5
141 2
143 3
144 3
145 4
146 6
147 4
148 5
149 4
150 2
151 1
152 3
153 3
154 3
155 1
156 7
157 1
158 3
159 6
161 4
162 3
163 5
164 2
165 2
167 5
168 3
169 2
170 2
171 7
172 4
173 1
174 2
175 1
176 2
177 3
178 2
179 1
180 2
181 2
182 1
183 4
184 2
185 1
186 1
187 2
188 1
191 1
193 1
198 1
204 1
207 1
250 1
266 1
