1 1961
2 1398
3 1073
4 837
5 672
6 548
7 421
8 355
9 328
10 237
11 223
12 193
13 187
14 154
15 123
16 78
17 105
18 101
19 71
20 68
21 64
22 63
23 42
24 43
25 29
26 38
27 31
28 34
29 28
30 28
31 22
32 29
33 25
34 22
35 16
36 19
37 14
38 16
39 15
40 9
41 16
42 8
43 14
44 11
45 5
46 5
47 5
48 3
49 6
50 4
51 10
52 6
53 9
54 8
55 6
56 2
57 4
58 5
59 5
60 3
61 5
62 5
63 1
64 1
65 4
66 4
67 2
68 2
69 1
70 5
71 3
72 4
73 2
74 4
75 1
77 1
78 2
80 1
81 1
83 4
85 2
86 1
88 2
89 3
90 2
92 1
94 1
96 1
97 3
98 1
101 1
102 1
103 2
105 1
106 1
110 2
112 1
113 1
116 1
117 1
120 1
128 1
141 2
153 1
155 1
158 1
164 1
194 1
221 1
235 1
258 1
289 1
327 1
345 1
348 1
393 1
3035 1
