1 0.00679463
2 0.0321046
3 0.0803465
4 0.132665
5 0.107185
6 0.0852726
7 0.069645
8 0.0597928
9 0.0470528
10 0.0407678
11 0.0358417
12 0.0336334
13 0.030406
14 0.022762
15 0.0169866
16 0.0173263
17 0.0154578
18 0.0122303
19 0.0157975
20 0.0103618
21 0.00883302
22 0.0064549
23 0.00866316
24 0.00543571
25 0.00713436
26 0.00560557
27 0.00781383
28 0.00492611
29 0.00458638
30 0.00509597
31 0.00356718
32 0.00288772
33 0.00288772
34 0.00356718
35 0.00305758
36 0.00271785
37 0.00254799
38 0.00152879
39 0.00305758
40 0.00203839
41 0.00135893
42 0.00118906
43 0.00101919
44 0.00135893
45 0.00118906
46 0.000679463
47 0.00169866
48 0.00135893
49 0.00101919
50 0.00169866
51 0.000169866
52 0.00135893
53 0.00101919
54 0.000849329
55 0.000679463
56 0.000169866
57 0.00101919
58 0.000509597
59 0.000339732
60 0.000679463
61 0.000339732
62 0.000849329
63 0.000169866
64 0.000509597
65 0.000339732
67 0.000849329
68 0.000509597
69 0.000509597
70 0.000509597
71 0.000509597
72 0.000509597
73 0.000339732
74 0.000169866
75 0.000169866
76 0.000509597
77 0.000339732
78 0.000169866
80 0.000509597
82 0.000339732
83 0.00101919
84 0.000169866
85 0.000509597
88 0.000169866
89 0.000509597
90 0.000339732
91 0.000339732
99 0.000339732
101 0.000339732
104 0.000169866
106 0.000169866
107 0.000169866
117 0.000169866
120 0.000169866
125 0.000169866
129 0.000169866
133 0.000169866
138 0.000169866
139 0.000169866
140 0.000169866
142 0.000169866
149 0.000169866
170 0.000169866
225 0.000169866
227 0.000169866
253 0.000169866
268 0.000169866
279 0.000169866
292 0.000169866
315 0.000169866
323 0.000169866
2324 0.000169866
