1 1748
2 1428
3 1114
4 819
5 678
6 541
7 449
8 347
9 311
10 259
11 213
12 212
13 154
14 164
15 129
16 97
17 92
18 88
19 74
20 79
21 59
22 56
23 46
24 42
25 40
26 42
27 30
28 30
29 30
30 22
31 25
32 25
33 30
34 25
35 17
36 17
37 15
38 16
39 10
40 18
41 11
42 11
43 11
44 10
45 5
46 6
47 7
48 5
49 3
50 11
51 7
52 9
53 3
54 8
55 5
56 3
57 3
58 4
59 5
60 9
61 2
62 1
63 1
64 6
65 2
66 5
68 2
69 2
70 2
72 3
73 3
74 2
75 4
76 3
78 1
79 2
80 2
81 3
82 2
83 1
85 2
86 1
88 2
89 2
90 2
91 1
93 1
94 3
95 1
97 2
98 1
100 2
102 3
110 2
112 1
113 1
120 2
133 1
137 1
139 1
142 1
149 1
155 1
157 1
161 1
196 1
234 2
259 1
290 1
338 1
341 1
356 1
445 1
3326 1
