1 1801
2 1385
3 1104
4 832
5 637
6 551
7 447
8 372
9 294
10 228
11 232
12 197
13 183
14 152
15 102
16 122
17 92
18 94
19 81
20 64
21 50
22 59
23 48
24 37
25 33
26 40
27 49
28 22
29 39
30 26
31 29
32 21
33 25
34 19
35 25
36 13
37 11
38 17
39 15
40 14
41 12
42 11
43 7
44 7
45 8
46 5
47 8
48 10
49 9
50 6
51 4
52 3
53 1
54 12
55 2
56 8
57 3
58 8
60 5
61 3
62 3
63 5
64 4
65 2
66 3
67 2
68 2
69 3
70 1
71 6
72 2
73 2
74 1
75 3
76 2
77 1
78 1
79 1
80 1
81 1
82 5
83 1
84 2
85 1
86 2
88 2
89 1
90 1
92 3
93 1
94 1
95 1
97 2
99 1
102 2
105 2
109 1
110 1
111 1
112 1
113 1
118 1
119 1
129 1
135 2
139 1
148 1
158 1
161 1
163 1
191 1
229 1
235 1
268 1
285 1
320 1
338 1
344 1
401 1
3005 1
