2 0.00412655
3 0.00550206
4 0.0192572
5 0.0178817
6 0.00962861
7 0.0110041
8 0.0110041
9 0.0192572
10 0.0137552
11 0.00412655
12 0.00962861
13 0.0233838
14 0.0165062
15 0.0178817
16 0.0137552
17 0.00825309
18 0.0137552
19 0.00550206
20 0.0137552
21 0.00962861
22 0.00687758
23 0.00825309
24 0.00687758
25 0.00825309
26 0.00962861
27 0.00687758
28 0.00962861
29 0.00687758
30 0.00962861
31 0.0137552
32 0.00962861
33 0.0123796
34 0.00825309
35 0.00825309
36 0.00687758
37 0.00825309
38 0.00412655
39 0.0110041
40 0.00137552
41 0.00962861
42 0.00825309
43 0.00137552
44 0.0110041
45 0.0165062
46 0.00412655
47 0.00412655
48 0.00137552
49 0.00962861
50 0.00825309
51 0.00275103
52 0.00412655
53 0.00275103
54 0.00412655
55 0.00412655
56 0.00137552
57 0.00137552
58 0.00275103
59 0.00137552
60 0.00137552
61 0.00275103
63 0.00275103
64 0.00412655
65 0.00275103
66 0.00550206
67 0.00412655
68 0.00275103
69 0.00550206
70 0.00550206
71 0.00137552
73 0.00275103
74 0.00550206
75 0.00550206
76 0.00412655
77 0.00275103
78 0.00412655
80 0.00687758
81 0.00550206
82 0.00137552
83 0.00687758
84 0.00825309
85 0.00275103
86 0.00550206
87 0.00412655
88 0.00275103
89 0.00550206
90 0.00137552
91 0.00275103
92 0.00687758
93 0.00550206
94 0.00137552
95 0.00550206
96 0.00137552
97 0.00412655
98 0.00275103
99 0.00825309
100 0.00550206
101 0.00687758
102 0.00275103
103 0.00412655
104 0.00412655
105 0.00825309
106 0.00275103
107 0.00275103
108 0.00825309
109 0.00275103
110 0.00550206
111 0.00412655
112 0.00137552
113 0.00275103
114 0.00137552
115 0.00137552
116 0.00412655
117 0.00962861
118 0.00275103
119 0.00412655
120 0.00137552
121 0.00550206
122 0.00275103
123 0.00275103
124 0.00550206
125 0.00550206
126 0.00412655
127 0.00275103
128 0.00275103
129 0.00412655
130 0.00550206
131 0.00412655
133 0.00275103
134 0.00275103
136 0.00137552
137 0.00550206
138 0.00275103
139 0.00412655
140 0.00412655
141 0.00687758
142 0.00687758
143 0.00275103
144 0.00275103
145 0.00550206
146 0.00275103
147 0.00687758
148 0.00137552
149 0.00137552
150 0.0110041
151 0.00275103
152 0.00412655
153 0.00412655
154 0.00825309
155 0.00275103
156 0.00412655
157 0.00412655
158 0.00137552
159 0.00137552
160 0.00275103
161 0.00137552
162 0.00550206
163 0.00412655
164 0.00412655
165 0.00412655
166 0.00275103
167 0.00137552
168 0.00412655
169 0.00412655
170 0.00137552
171 0.0110041
172 0.00825309
173 0.00137552
174 0.00412655
175 0.00412655
176 0.00412655
177 0.00275103
178 0.00412655
179 0.00412655
180 0.00275103
181 0.00275103
182 0.00412655
183 0.00137552
184 0.00137552
188 0.00275103
189 0.00137552
190 0.00137552
200 0.00137552
201 0.00137552
203 0.00137552
206 0.00137552
215 0.00137552
259 0.00137552
267 0.00137552
