1 40
2 189
3 473
4 781
5 631
6 502
7 410
8 352
9 277
10 240
11 211
12 198
13 179
14 134
15 100
16 102
17 91
18 72
19 93
20 61
21 52
22 38
23 51
24 32
25 42
26 33
27 46
28 29
29 27
30 30
31 21
32 17
33 17
34 21
35 18
36 16
37 15
38 9
39 18
40 12
41 8
42 7
43 6
44 8
45 7
46 4
47 10
48 8
49 6
50 10
51 1
52 8
53 6
54 5
55 4
56 1
57 6
58 3
59 2
60 4
61 2
62 5
63 1
64 3
65 2
67 5
68 3
69 3
70 3
71 3
72 3
73 2
74 1
75 1
76 3
77 2
78 1
80 3
82 2
83 6
84 1
85 3
88 1
89 3
90 2
91 2
99 2
101 2
104 1
106 1
107 1
117 1
120 1
125 1
129 1
133 1
138 1
139 1
140 1
142 1
149 1
170 1
225 1
227 1
253 1
268 1
279 1
292 1
315 1
323 1
2324 1
