1 0.00535475
2 0.0107095
3 0.0107095
4 0.0120482
5 0.0120482
6 0.0174029
7 0.0120482
8 0.0147256
9 0.0120482
10 0.0133869
11 0.00669344
12 0.00937082
13 0.00937082
14 0.0160643
15 0.0133869
16 0.0160643
17 0.0147256
18 0.0120482
19 0.00803213
20 0.00803213
21 0.00803213
22 0.0120482
23 0.00937082
24 0.00669344
25 0.00535475
26 0.00669344
27 0.00803213
28 0.00669344
29 0.00937082
30 0.00803213
31 0.00401606
32 0.00401606
33 0.0107095
34 0.00937082
35 0.0187416
36 0.00803213
37 0.00669344
38 0.00937082
39 0.00535475
40 0.00937082
41 0.00267738
42 0.00669344
43 0.00267738
44 0.00401606
45 0.00803213
46 0.00133869
47 0.0107095
48 0.0120482
49 0.00803213
50 0.00401606
51 0.00401606
52 0.00267738
53 0.00803213
54 0.0120482
55 0.00535475
56 0.00267738
57 0.00267738
58 0.00267738
59 0.00267738
62 0.00267738
63 0.00267738
64 0.00401606
65 0.00267738
67 0.00401606
68 0.00133869
69 0.00535475
70 0.00267738
71 0.00401606
72 0.00267738
73 0.00133869
74 0.00267738
75 0.00401606
76 0.00267738
77 0.00133869
78 0.00803213
80 0.00133869
81 0.00133869
82 0.00133869
83 0.00133869
84 0.00401606
85 0.00535475
86 0.00133869
87 0.00401606
88 0.00133869
89 0.00267738
90 0.00401606
91 0.00535475
92 0.00669344
93 0.00803213
94 0.00535475
95 0.00669344
96 0.00133869
97 0.00401606
98 0.00401606
99 0.00401606
100 0.00133869
101 0.00133869
102 0.00401606
104 0.00401606
105 0.00535475
107 0.00401606
108 0.00803213
109 0.00535475
110 0.00133869
111 0.00401606
112 0.00401606
113 0.00267738
114 0.00267738
115 0.00535475
116 0.00401606
118 0.00133869
119 0.00401606
120 0.00401606
121 0.00669344
122 0.00803213
123 0.00535475
124 0.00401606
125 0.00401606
126 0.00267738
127 0.00267738
128 0.00535475
129 0.00401606
130 0.00133869
131 0.00267738
132 0.00133869
133 0.00401606
134 0.00669344
135 0.00267738
136 0.00133869
137 0.00267738
138 0.00401606
139 0.00401606
140 0.00803213
141 0.00267738
143 0.00133869
144 0.00133869
145 0.00401606
146 0.00535475
147 0.00133869
149 0.00133869
150 0.00535475
151 0.00267738
152 0.00267738
153 0.00401606
154 0.00535475
155 0.00267738
156 0.00133869
157 0.00535475
158 0.00133869
159 0.00803213
160 0.00535475
161 0.00267738
162 0.00133869
163 0.00535475
164 0.00401606
165 0.00267738
166 0.00133869
167 0.00669344
168 0.00267738
169 0.00133869
170 0.00267738
171 0.00401606
172 0.00669344
173 0.00267738
174 0.00133869
175 0.00535475
176 0.00401606
177 0.00535475
178 0.00267738
179 0.00267738
180 0.00267738
181 0.00267738
182 0.00267738
183 0.00401606
184 0.00401606
185 0.00401606
186 0.00401606
187 0.00535475
188 0.00267738
189 0.00535475
190 0.00401606
191 0.00267738
192 0.00267738
193 0.00133869
194 0.00401606
195 0.00267738
196 0.00401606
197 0.00535475
198 0.00267738
199 0.00133869
200 0.00401606
201 0.00133869
202 0.00267738
203 0.00133869
204 0.00267738
206 0.00401606
209 0.00133869
220 0.00133869
221 0.00133869
222 0.00133869
223 0.00133869
233 0.00133869
290 0.00133869
293 0.00133869
