1 0.00594833
2 0.0288919
3 0.0797077
4 0.135792
5 0.105031
6 0.0904147
7 0.0700204
8 0.0560843
9 0.049966
10 0.0402787
11 0.0401088
12 0.0280421
13 0.0295717
14 0.025153
15 0.0173351
16 0.0168253
17 0.0173351
18 0.0118967
19 0.0129164
20 0.00866757
21 0.00798776
22 0.010877
23 0.00815772
24 0.00560843
25 0.00594833
26 0.00560843
27 0.00611829
28 0.00492862
29 0.00458872
30 0.00594833
31 0.00424881
32 0.00407886
33 0.00441876
34 0.00305914
35 0.00186948
36 0.00203943
37 0.00271924
38 0.00152957
39 0.00271924
40 0.00169952
41 0.00237933
42 0.00169952
43 0.00135962
44 0.00118967
45 0.00118967
46 0.000849762
47 0.00203943
48 0.00067981
49 0.00118967
50 0.000339905
51 0.000169952
52 0.00067981
53 0.00152957
54 0.00186948
55 0.000509857
56 0.000509857
57 0.00067981
58 0.000339905
59 0.000509857
60 0.00067981
61 0.000339905
62 0.000509857
63 0.000169952
64 0.000509857
65 0.00067981
66 0.000509857
67 0.00067981
68 0.000339905
69 0.000509857
72 0.000509857
73 0.000339905
74 0.000849762
75 0.000339905
76 0.000339905
77 0.000169952
78 0.000169952
79 0.000339905
80 0.000169952
81 0.000339905
82 0.000509857
83 0.000169952
85 0.000509857
86 0.000169952
87 0.000169952
88 0.000169952
90 0.000509857
91 0.00067981
93 0.000169952
96 0.000169952
97 0.000169952
98 0.000169952
101 0.000169952
109 0.000169952
113 0.000339905
115 0.000169952
116 0.000169952
129 0.000169952
131 0.000169952
133 0.000169952
137 0.000169952
138 0.000169952
144 0.000169952
153 0.000339905
171 0.000169952
218 0.000169952
227 0.000169952
246 0.000169952
270 0.000169952
283 0.000169952
304 0.000169952
308 0.000169952
326 0.000169952
2315 0.000169952
