1 0.16635
2 0.1333
3 0.110766
4 0.0843265
5 0.0642964
6 0.0555834
7 0.0480721
8 0.0378568
9 0.03335
10 0.0262394
11 0.022634
12 0.0186279
13 0.0208312
14 0.0162243
15 0.0155233
16 0.0122183
17 0.00951427
18 0.0106159
19 0.00841262
20 0.00791187
21 0.00741112
22 0.00500751
23 0.00610916
24 0.00600901
25 0.00340511
26 0.00380571
27 0.00490736
28 0.00290436
29 0.00340511
30 0.00280421
31 0.00260391
32 0.00330496
33 0.00260391
34 0.00190285
35 0.00230346
36 0.0018027
37 0.00240361
38 0.00280421
39 0.00190285
40 0.0010015
41 0.0014021
42 0.0014021
43 0.00150225
44 0.0010015
45 0.000701052
46 0.0012018
47 0.000801202
48 0.000600901
49 0.0012018
50 0.000600901
51 0.000701052
52 0.000500751
53 0.000300451
54 0.000701052
55 0.000801202
56 0.000500751
57 0.00010015
58 0.000701052
59 0.000801202
60 0.000300451
61 0.000701052
62 0.000400601
63 0.000400601
64 0.000500751
65 0.0002003
66 0.000500751
67 0.00010015
68 0.000701052
69 0.0002003
70 0.00010015
71 0.000400601
72 0.0002003
73 0.000400601
74 0.0002003
75 0.00010015
76 0.000600901
77 0.00010015
79 0.00010015
80 0.000300451
81 0.0002003
82 0.00010015
83 0.000400601
84 0.00010015
85 0.00010015
86 0.000300451
87 0.000300451
89 0.000300451
90 0.0002003
93 0.000300451
94 0.00010015
96 0.0002003
97 0.00010015
98 0.00010015
99 0.00010015
100 0.000400601
101 0.00010015
102 0.00010015
106 0.00010015
107 0.0002003
110 0.0002003
111 0.00010015
113 0.0002003
114 0.00010015
116 0.00010015
123 0.000300451
127 0.00010015
129 0.00010015
131 0.00010015
146 0.00010015
148 0.00010015
157 0.0002003
166 0.00010015
173 0.0002003
176 0.00010015
212 0.00010015
252 0.00010015
265 0.00010015
293 0.00010015
317 0.00010015
376 0.00010015
384 0.00010015
394 0.00010015
497 0.00010015
3674 0.00010015
