1 5
2 10
3 6
4 14
5 10
6 15
7 12
8 9
9 12
10 6
11 4
12 14
13 18
14 11
15 7
16 5
17 9
18 11
19 12
20 5
21 4
22 2
23 8
24 7
25 6
26 7
27 7
28 6
29 6
30 7
31 8
32 7
33 12
34 9
35 6
36 4
37 3
38 2
39 4
40 5
41 9
42 4
43 6
44 5
45 8
46 2
47 5
48 5
49 7
50 4
51 3
53 2
54 1
55 1
56 2
57 2
58 3
59 3
60 3
62 4
63 2
64 2
66 4
68 4
69 2
70 2
71 4
72 1
73 3
74 2
75 2
76 2
77 3
78 3
79 5
80 4
82 5
83 3
84 4
85 4
86 4
87 2
88 6
89 4
92 2
93 4
94 1
95 4
96 3
98 9
99 5
100 2
101 1
102 2
103 2
104 1
105 2
106 4
107 5
108 3
109 1
110 6
111 3
112 3
113 3
114 5
115 7
116 3
117 1
118 2
119 3
120 6
121 2
122 4
123 1
124 3
125 2
126 1
127 3
128 2
129 3
130 2
131 4
132 3
133 2
135 5
136 2
137 3
138 3
139 3
140 1
141 2
142 3
143 2
145 7
146 1
147 5
148 4
149 4
150 3
151 4
152 5
153 1
154 3
155 2
156 4
157 2
158 1
159 5
160 2
161 4
162 2
163 4
164 2
166 1
167 2
168 1
169 6
170 5
171 3
172 3
173 4
174 1
175 4
177 2
178 2
179 3
180 2
181 1
182 2
183 3
184 4
185 2
187 1
188 1
189 1
190 1
198 1
202 1
203 2
207 1
249 1
266 1
