1 0.00670241
2 0.0134048
3 0.00938338
4 0.0147453
5 0.0214477
6 0.0160858
7 0.0120643
8 0.0187668
9 0.0107239
10 0.00938338
11 0.00536193
12 0.0107239
13 0.0201072
14 0.0120643
15 0.0160858
16 0.0160858
17 0.0107239
18 0.00938338
19 0.0147453
20 0.00938338
21 0.0080429
22 0.0080429
23 0.00402145
24 0.00670241
25 0.0107239
26 0.0107239
27 0.00670241
28 0.00938338
29 0.00670241
30 0.0080429
31 0.0107239
32 0.0120643
33 0.00938338
34 0.0107239
35 0.00670241
36 0.00536193
37 0.0120643
38 0.00268097
39 0.0107239
40 0.00268097
41 0.0080429
42 0.00536193
43 0.0120643
44 0.00536193
45 0.00938338
46 0.0107239
47 0.00536193
49 0.00938338
50 0.0080429
51 0.00134048
52 0.00268097
53 0.00268097
55 0.00134048
56 0.00536193
57 0.00268097
58 0.00134048
59 0.00402145
60 0.00536193
61 0.00268097
62 0.00536193
63 0.00268097
64 0.00402145
65 0.00134048
66 0.00268097
67 0.00134048
68 0.00268097
69 0.00670241
70 0.00134048
71 0.00402145
72 0.00402145
73 0.00134048
74 0.00268097
75 0.00268097
76 0.00402145
79 0.00268097
80 0.00402145
81 0.00268097
82 0.00402145
83 0.00536193
84 0.0147453
85 0.00402145
86 0.00536193
87 0.0080429
88 0.00402145
89 0.00134048
90 0.00134048
91 0.00268097
92 0.00268097
93 0.0080429
94 0.00268097
95 0.00268097
96 0.00402145
97 0.00536193
98 0.00536193
99 0.00402145
101 0.00536193
102 0.00268097
103 0.00268097
104 0.00670241
105 0.00402145
106 0.00268097
107 0.00402145
108 0.00402145
109 0.00402145
110 0.0160858
111 0.00402145
112 0.00268097
113 0.00268097
114 0.00536193
116 0.00268097
118 0.00268097
119 0.00536193
120 0.00536193
121 0.00268097
122 0.00402145
123 0.00268097
124 0.00536193
125 0.00402145
126 0.0080429
127 0.00134048
128 0.00268097
129 0.00402145
130 0.00268097
131 0.00268097
132 0.00134048
133 0.00402145
134 0.00134048
135 0.00134048
136 0.0080429
137 0.00536193
138 0.00402145
139 0.00134048
140 0.00402145
141 0.00670241
142 0.00402145
143 0.00402145
144 0.00134048
145 0.00402145
146 0.00670241
147 0.00670241
148 0.00268097
149 0.00402145
150 0.00402145
151 0.00268097
152 0.00402145
153 0.00938338
154 0.00134048
155 0.00402145
156 0.00134048
157 0.00402145
158 0.00268097
159 0.00536193
160 0.00402145
161 0.00536193
162 0.00402145
163 0.00134048
164 0.00536193
165 0.00536193
166 0.00402145
167 0.00670241
168 0.00134048
169 0.00268097
170 0.00536193
171 0.00402145
172 0.00938338
173 0.00134048
174 0.00402145
175 0.00134048
176 0.00134048
177 0.00268097
178 0.00134048
179 0.00670241
180 0.00268097
183 0.00134048
184 0.00134048
185 0.00134048
187 0.00134048
188 0.00134048
189 0.00134048
190 0.00402145
191 0.00134048
199 0.00134048
200 0.00134048
207 0.00134048
210 0.00134048
262 0.00134048
264 0.00134048
