1 15
2 70
3 287
4 780
5 616
6 537
7 436
8 350
9 310
10 243
11 215
12 205
13 188
14 151
15 151
16 100
17 99
18 89
19 79
20 66
21 66
22 60
23 57
24 43
25 37
26 41
27 39
28 32
29 32
30 24
31 28
32 26
33 26
34 24
35 23
36 25
37 20
38 17
39 10
40 9
41 12
42 9
43 18
44 8
45 11
46 10
47 4
48 6
49 11
50 8
51 5
52 6
53 4
54 7
55 2
56 6
57 3
58 6
59 5
60 5
61 6
62 4
63 5
64 1
65 3
66 1
67 2
68 4
69 2
70 3
71 3
72 6
73 2
75 1
76 2
77 2
78 3
79 1
80 2
81 3
82 3
84 2
85 1
86 2
87 2
89 1
90 2
91 1
92 3
93 4
95 1
96 3
97 3
98 1
99 2
105 1
107 1
110 1
111 2
113 1
121 1
124 1
127 1
129 1
142 1
146 1
147 1
150 1
154 1
159 1
167 1
168 1
188 1
244 1
252 1
275 1
296 1
308 1
332 1
347 1
358 1
2561 1
