1 0.00254799
2 0.0118906
3 0.0487515
4 0.132495
5 0.104637
6 0.0912179
7 0.0740615
8 0.059453
9 0.0526584
10 0.0412774
11 0.0365211
12 0.0348225
13 0.0319348
14 0.0256497
15 0.0256497
16 0.0169866
17 0.0168167
18 0.0151181
19 0.0134194
20 0.0112111
21 0.0112111
22 0.0101919
23 0.00968235
24 0.00730423
25 0.00628504
26 0.0069645
27 0.00662477
28 0.00543571
29 0.00543571
30 0.00407678
31 0.00475624
32 0.00441651
33 0.00441651
34 0.00407678
35 0.00390691
36 0.00424665
37 0.00339732
38 0.00288772
39 0.00169866
40 0.00152879
41 0.00203839
42 0.00152879
43 0.00305758
44 0.00135893
45 0.00186852
46 0.00169866
47 0.000679463
48 0.00101919
49 0.00186852
50 0.00135893
51 0.000849329
52 0.00101919
53 0.000679463
54 0.00118906
55 0.000339732
56 0.00101919
57 0.000509597
58 0.00101919
59 0.000849329
60 0.000849329
61 0.00101919
62 0.000679463
63 0.000849329
64 0.000169866
65 0.000509597
66 0.000169866
67 0.000339732
68 0.000679463
69 0.000339732
70 0.000509597
71 0.000509597
72 0.00101919
73 0.000339732
75 0.000169866
76 0.000339732
77 0.000339732
78 0.000509597
79 0.000169866
80 0.000339732
81 0.000509597
82 0.000509597
84 0.000339732
85 0.000169866
86 0.000339732
87 0.000339732
89 0.000169866
90 0.000339732
91 0.000169866
92 0.000509597
93 0.000679463
95 0.000169866
96 0.000509597
97 0.000509597
98 0.000169866
99 0.000339732
105 0.000169866
107 0.000169866
110 0.000169866
111 0.000339732
113 0.000169866
121 0.000169866
124 0.000169866
127 0.000169866
129 0.000169866
142 0.000169866
146 0.000169866
147 0.000169866
150 0.000169866
154 0.000169866
159 0.000169866
167 0.000169866
168 0.000169866
188 0.000169866
244 0.000169866
252 0.000169866
275 0.000169866
296 0.000169866
308 0.000169866
332 0.000169866
347 0.000169866
358 0.000169866
2561 0.000169866
