1 0.183907
2 0.141428
3 0.112734
4 0.0849586
5 0.0650465
6 0.0562647
7 0.0456448
8 0.0379863
9 0.0300214
10 0.0232819
11 0.0236904
12 0.0201164
13 0.0186868
14 0.0155213
15 0.0104156
16 0.0124579
17 0.00939447
18 0.00959869
19 0.00827121
20 0.00653528
21 0.00510569
22 0.00602471
23 0.00490146
24 0.00377821
25 0.00336975
26 0.00408455
27 0.00500357
28 0.0022465
29 0.00398244
30 0.00265496
31 0.0029613
32 0.00214439
33 0.00255284
34 0.00194016
35 0.00255284
36 0.00132748
37 0.00112325
38 0.00173593
39 0.00153171
40 0.00142959
41 0.00122537
42 0.00112325
43 0.000714796
44 0.000714796
45 0.00081691
46 0.000510569
47 0.00081691
48 0.00102114
49 0.000919024
50 0.000612683
51 0.000408455
52 0.000306341
53 0.000102114
54 0.00122537
55 0.000204228
56 0.00081691
57 0.000306341
58 0.00081691
60 0.000510569
61 0.000306341
62 0.000306341
63 0.000510569
64 0.000408455
65 0.000204228
66 0.000306341
67 0.000204228
68 0.000204228
69 0.000306341
70 0.000102114
71 0.000612683
72 0.000204228
73 0.000204228
74 0.000102114
75 0.000306341
76 0.000204228
77 0.000102114
78 0.000102114
79 0.000102114
80 0.000102114
81 0.000102114
82 0.000510569
83 0.000102114
84 0.000204228
85 0.000102114
86 0.000204228
88 0.000204228
89 0.000102114
90 0.000102114
92 0.000306341
93 0.000102114
94 0.000102114
95 0.000102114
97 0.000204228
99 0.000102114
102 0.000204228
105 0.000204228
109 0.000102114
110 0.000102114
111 0.000102114
112 0.000102114
113 0.000102114
118 0.000102114
119 0.000102114
129 0.000102114
135 0.000204228
139 0.000102114
148 0.000102114
158 0.000102114
161 0.000102114
163 0.000102114
191 0.000102114
229 0.000102114
235 0.000102114
268 0.000102114
285 0.000102114
320 0.000102114
338 0.000102114
344 0.000102114
401 0.000102114
3005 0.000102114
