1 6
2 10
3 10
4 13
5 12
6 8
7 9
8 16
9 9
10 7
11 11
12 9
13 7
14 8
15 16
16 8
17 6
18 10
19 6
20 8
21 9
22 5
23 6
24 6
25 3
26 9
27 7
28 11
29 6
30 3
31 12
32 8
33 3
34 9
35 6
36 4
37 6
38 6
39 4
40 6
41 3
42 4
43 6
44 9
45 5
46 8
47 6
48 3
49 6
50 3
52 1
53 4
54 1
55 1
56 1
57 1
58 3
59 2
60 2
62 3
63 2
64 2
65 4
66 3
67 1
68 3
69 3
70 2
71 4
73 5
74 1
75 2
77 2
78 5
79 2
80 1
81 6
82 3
83 2
84 2
85 5
86 8
87 3
88 5
89 2
90 2
91 4
92 3
93 2
94 3
95 3
97 3
98 3
99 5
100 3
101 3
102 3
103 3
104 4
105 2
106 4
107 6
108 1
109 4
110 3
111 3
112 3
113 4
114 2
115 4
116 2
117 5
118 5
120 3
122 4
123 4
124 2
125 2
126 1
127 6
128 1
129 3
131 1
132 3
133 2
134 3
135 2
136 1
137 5
138 1
139 3
140 1
141 3
142 4
143 5
144 5
145 2
146 5
147 4
148 2
149 1
151 4
152 8
153 2
154 3
155 3
156 5
157 2
158 5
159 4
160 3
161 2
162 2
163 2
164 5
165 4
166 1
167 2
168 1
169 5
170 3
171 2
173 3
174 1
175 2
176 2
177 3
178 4
179 3
180 1
182 5
183 1
184 3
185 1
186 1
191 1
193 1
194 1
195 1
201 2
203 1
211 1
246 1
255 1
