2 1
3 2
4 8
5 11
6 13
7 5
8 12
9 9
10 9
11 6
12 6
13 7
14 12
15 10
16 12
17 11
18 9
19 6
20 7
21 7
22 8
23 6
24 5
25 4
26 5
27 6
28 5
29 8
30 5
31 4
32 2
33 8
34 7
35 14
36 6
37 5
38 7
39 4
40 7
41 2
42 5
43 2
44 3
45 6
46 1
47 8
48 9
49 6
50 3
51 3
52 2
53 6
54 9
55 5
56 1
57 2
58 2
59 2
62 2
63 2
64 3
65 2
67 3
68 1
69 4
70 2
71 3
72 2
73 1
74 2
75 3
76 2
77 1
78 6
80 1
81 1
82 2
83 1
84 2
85 4
86 1
87 3
88 1
89 2
90 3
91 5
92 4
93 6
94 4
95 5
96 1
97 3
98 3
99 3
100 1
101 1
102 3
104 3
105 4
107 3
108 6
109 4
110 1
111 3
112 3
113 2
114 2
115 4
116 3
118 1
119 3
120 3
121 6
122 5
123 4
124 3
125 3
126 2
127 2
128 4
129 3
130 1
131 2
132 1
133 3
134 5
135 2
136 1
137 2
138 3
139 3
140 6
141 2
143 1
144 1
145 3
146 4
147 1
149 1
150 4
151 2
152 2
153 3
154 5
155 1
156 1
157 4
158 1
159 6
160 4
161 2
162 1
163 4
164 3
165 2
166 1
167 5
168 2
169 1
170 2
171 4
172 4
173 2
174 1
175 4
176 3
177 4
178 2
179 2
180 2
181 2
182 2
183 3
184 3
185 3
186 3
187 4
188 2
189 4
190 3
191 2
192 2
193 1
194 3
195 2
196 3
197 4
198 2
199 1
200 3
201 1
202 2
203 1
204 2
206 3
209 1
220 1
221 1
222 1
223 1
233 1
290 1
293 1
