0 4314
0.000778655 1
0.00105764 1
0.00127226 1
0.0015873 1
0.0020202 1
0.00266889 1
0.0027204 1
0.00317125 1
0.00362319 1
0.00378788 2
0.00384595 1
0.00395257 3
0.004329 2
0.00462535 1
0.00528541 1
0.00529101 1
0.0053758 1
0.00552065 1
0.0056899 1
0.00576923 1
0.00604839 1
0.00653595 1
0.00666667 2
0.00687285 1
0.00711238 1
0.00713012 1
0.00735294 2
0.0075188 1
0.00790514 1
0.00854701 1
0.00865801 1
0.00869565 1
0.00901879 1
0.00925553 1
0.00932401 1
0.00937428 1
0.00952381 1
0.00975177 1
0.00993571 1
0.00996678 1
0.0108383 1
0.010989 2
0.0110742 1
0.01201 1
0.0120664 1
0.0128023 1
0.0128205 3
0.0130719 2
0.0141129 1
0.014245 2
0.0143288 1
0.0144928 1
0.0147059 2
0.0147783 1
0.0148448 1
0.0149141 1
0.0151261 1
0.0151515 9
0.0153846 1
0.0154589 1
0.0155492 1
0.0155691 1
0.0157895 1
0.015873 1
0.0159652 1
0.0166113 1
0.0166667 1
0.0170732 1
0.017094 1
0.0174603 1
0.0174958 1
0.0175439 1
0.0177187 1
0.0181159 1
0.0181818 10
0.0185185 1
0.0186335 1
0.0187075 2
0.0188537 1
0.0189394 1
0.0190476 2
0.0193548 3
0.0197044 1
0.019828 1
0.0199147 1
0.02 1
0.020164 1
0.0205479 1
0.0208333 1
0.0214505 1
0.0215054 1
0.0217391 1
0.021978 1
0.0220588 2
0.0222222 13
0.0223602 1
0.0226836 1
0.022792 2
0.0227937 1
0.0229885 1
0.0230496 1
0.0233247 1
0.0233333 1
0.0233918 2
0.0236559 1
0.0236949 1
0.0237154 1
0.0246154 2
0.0249554 1
0.025 1
0.0250437 1
0.0252588 1
0.0253623 1
0.0255102 1
0.025641 15
0.025856 1
0.025974 2
0.0259887 1
0.0261438 1
0.0262658 1
0.0263158 1
0.026455 1
0.0268908 1
0.0269424 1
0.0270936 1
0.0275862 1
0.027668 1
0.0277778 26
0.0279525 1
0.0285285 1
0.0285714 1
0.0291005 1
0.0292398 1
0.0294118 1
0.0294872 1
0.029872 1
0.030303 11
0.0306435 1
0.0307692 1
0.031746 1
0.0321569 1
0.0323232 1
0.0326797 3
0.032967 4
0.0332226 1
0.0333333 5
0.0340326 1
0.0340615 1
0.0342742 1
0.0344988 1
0.0345345 1
0.03482 1
0.0350877 2
0.0357143 42
0.0357488 1
0.0359184 1
0.0363636 10
0.036612 1
0.0367647 2
0.0368421 1
0.0370102 1
0.0378788 1
0.0380952 3
0.0383065 1
0.0384615 7
0.038961 2
0.039039 1
0.0392157 2
0.0396825 1
0.0398293 1
0.0398551 3
0.04 4
0.0403226 1
0.040404 1
0.0408602 1
0.0409357 3
0.0413793 2
0.0414962 1
0.0416667 1
0.0418719 2
0.0421053 4
0.042328 1
0.0423387 1
0.0426829 1
0.0427807 1
0.0430108 1
0.0431683 1
0.0434783 2
0.043491 1
0.0436259 1
0.0436782 2
0.0439024 1
0.043956 13
0.0441176 3
0.0441621 1
0.0442177 1
0.0442968 1
0.044335 1
0.0443548 1
0.0443975 1
0.0444444 16
0.0446665 1
0.0448087 1
0.0449735 1
0.0451613 1
0.0452059 1
0.0453782 1
0.0454545 6
0.0454728 1
0.0457516 2
0.0460317 1
0.0463458 1
0.0465116 1
0.0466667 3
0.0467836 1
0.046798 1
0.0470588 1
0.0471014 2
0.0473684 2
0.047561 1
0.047619 68
0.0482759 1
0.0483871 1
0.0483969 1
0.0486891 1
0.0492424 2
0.0498339 1
0.0499325 1
0.05 2
0.0504032 1
0.0505747 1
0.0510511 2
0.0512821 13
0.0514706 4
0.0517241 1
0.0519481 4
0.0523077 2
0.052381 1
0.0524194 1
0.0525078 1
0.0526316 4
0.0528736 1
0.0533333 1
0.0537815 1
0.0541311 1
0.0543478 1
0.0545455 22
0.0549451 4
0.0549683 1
0.0551724 1
0.0554622 1
0.0555042 1
0.0555556 30
0.0566502 2
0.0571429 7
0.0578947 3
0.057971 2
0.0580297 1
0.0580578 1
0.0583333 4
0.0584795 3
0.0586735 1
0.0588235 15
0.0591133 1
0.0592885 1
0.0595065 1
0.0598039 1
0.0601295 1
0.0606061 12
0.0615942 1
0.0619048 1
0.0625 1
0.0626781 1
0.0628931 1
0.063135 1
0.0631579 2
0.0634146 1
0.0638655 1
0.0640394 1
0.0640994 1
0.0641026 8
0.0643275 5
0.0645161 1
0.0646341 1
0.0649351 2
0.0653199 1
0.0653595 4
0.0655271 1
0.0659341 7
0.0659537 1
0.0661765 4
0.0666667 136
0.0671192 1
0.0671937 1
0.0676923 1
0.068254 1
0.0684211 1
0.0685484 1
0.0687831 1
0.0688406 1
0.0690196 1
0.0692641 2
0.07 1
0.0700758 1
0.0701114 1
0.0701754 1
0.0705645 1
0.0706384 1
0.0707692 1
0.0711462 2
0.0712251 1
0.0712644 1
0.0713012 1
0.0713854 1
0.0714286 51
0.0718954 1
0.0724638 4
0.0726531 1
0.0727273 19
0.0730159 1
0.0730897 1
0.0731183 1
0.0731707 1
0.0733333 1
0.0735294 1
0.0735931 2
0.0736842 2
0.0740741 1
0.0745968 2
0.075 3
0.075102 1
0.0751718 1
0.0757576 6
0.0759837 1
0.0760234 2
0.076087 2
0.0761905 8
0.0769231 24
0.0774194 1
0.0779221 1
0.0782726 1
0.0784314 4
0.0789474 1
0.0789779 1
0.0789916 1
0.0790025 1
0.0802139 1
0.0803234 1
0.0805515 1
0.0808824 6
0.0809524 1
0.0810647 1
0.0817204 1
0.0818713 1
0.0819876 1
0.0820106 1
0.0822511 1
0.0823529 1
0.0823755 1
0.083004 1
0.0831373 1
0.0833333 41
0.0837438 1
0.083779 1
0.0842105 3
0.0849673 2
0.0850575 1
0.0854701 1
0.0855856 1
0.0857143 11
0.0857923 1
0.0861538 3
0.0863944 1
0.0865801 1
0.0866667 1
0.0866935 1
0.0868421 1
0.0869565 3
0.087108 1
0.0873016 1
0.0877193 1
0.0878816 1
0.0879121 9
0.0881935 1
0.0882353 5
0.0883191 2
0.0884615 1
0.0887491 1
0.0888889 21
0.0892308 1
0.0894737 2
0.089701 1
0.0897436 12
0.0898551 1
0.0899471 1
0.0904255 1
0.0904762 2
0.0905797 1
0.0909091 30
0.0910384 1
0.091133 1
0.0914634 2
0.0915033 8
0.0916667 3
0.0920635 1
0.0935673 1
0.0941176 1
0.0942529 2
0.0946317 1
0.0947368 4
0.0950653 1
0.0952381 81
0.0955882 4
0.0958165 1
0.0961538 1
0.0965309 1
0.0966667 1
0.0967283 1
0.0967742 1
0.0972516 1
0.097561 1
0.0977867 1
0.0978261 2
0.0980392 1
0.0984848 1
0.0987934 1
0.0988142 1
0.0989011 7
0.0989899 1
0.0994152 1
0.0995671 2
0.0995733 1
0.0996633 1
0.0998217 1
0.1 190
0.100985 1
0.102418 1
0.102439 1
0.102564 7
0.102767 1
0.102941 3
0.103161 1
0.103175 1
0.103684 1
0.103896 2
0.104575 4
0.104762 8
0.105263 1
0.105691 1
0.105911 1
0.106061 11
0.106151 1
0.106613 1
0.106667 1
0.107143 47
0.107603 1
0.108096 1
0.108108 1
0.108333 2
0.108696 1
0.108867 1
0.109091 18
0.109224 1
0.109524 2
0.109677 1
0.10989 9
0.11 2
0.110294 4
0.110526 1
0.110837 1
0.110887 1
0.111111 55
0.111492 1
0.112299 1
0.112903 1
0.112941 1
0.113846 1
0.114286 7
0.114634 1
0.114919 1
0.115385 11
0.115764 1
0.115789 1
0.115942 2
0.116059 1
0.116667 5
0.116809 2
0.116869 1
0.116959 1
0.117409 1
0.117647 8
0.118233 1
0.118577 1
0.119048 1
0.119231 1
0.119565 1
0.12 1
0.120202 1
0.120879 6
0.121212 15
0.121437 1
0.121878 1
0.12253 1
0.122807 2
0.12381 3
0.124183 2
0.124339 2
0.124777 2
0.125 7
0.125045 1
0.125356 2
0.125541 1
0.126126 1
0.126316 2
0.126437 1
0.126667 1
0.126812 1
0.126882 2
0.127273 20
0.128205 12
0.128571 1
0.128655 2
0.128736 1
0.129231 1
0.13 1
0.130719 2
0.13098 1
0.131868 3
0.132353 4
0.133333 124
0.13369 1
0.13447 1
0.134503 3
0.134727 2
0.135009 1
0.135468 1
0.136364 12
0.136541 1
0.136752 1
0.136842 1
0.13704 1
0.137097 1
0.137179 1
0.137255 4
0.137634 1
0.138138 1
0.138889 31
0.138936 1
0.139113 1
0.139706 2
0.14 1
0.140351 2
0.140642 1
0.141026 9
0.141304 1
0.141558 1
0.141667 4
0.142105 2
0.142857 127
0.143124 1
0.143707 1
0.143791 1
0.143965 1
0.144615 2
0.144731 1
0.144928 1
0.145299 1
0.14532 1
0.145455 11
0.146199 1
0.146245 1
0.147059 4
0.147186 1
0.147368 1
0.147619 1
0.148148 1
0.149194 1
0.149621 1
0.15 2
0.150198 2
0.150246 1
0.150273 1
0.150327 3
0.151515 13
0.152381 6
0.152632 1
0.153226 1
0.153333 1
0.153439 1
0.153846 18
0.153896 1
0.15415 1
0.154412 4
0.154437 1
0.154538 1
0.155321 1
0.155556 20
0.155797 2
0.155844 1
0.156695 1
0.156863 3
0.157143 1
0.157635 1
0.157895 2
0.157932 1
0.158333 2
0.159091 1
0.159664 1
0.16 2
0.160099 1
0.160173 1
0.160233 1
0.160377 1
0.160802 1
0.160985 1
0.16144 1
0.161765 4
0.161905 6
0.161943 1
0.163158 1
0.163399 1
0.163636 18
0.163743 2
0.163848 1
0.164463 1
0.164502 1
0.164835 7
0.165242 1
0.166667 319
0.168067 1
0.168091 1
0.168421 2
0.168561 1
0.169118 1
0.169312 1
0.169591 2
0.16996 1
0.171371 1
0.171429 11
0.172308 1
0.172414 1
0.172906 1
0.173061 1
0.173333 1
0.173684 2
0.173913 1
0.174688 1
0.175 2
0.175439 3
0.17619 2
0.176387 1
0.176471 8
0.177489 2
0.177778 17
0.177866 1
0.17803 1
0.178571 30
0.178647 1
0.179487 6
0.180952 3
0.181422 1
0.181538 2
0.181818 18
0.182077 1
0.182239 1
0.182336 1
0.182492 1
0.18254 1
0.183007 2
0.183333 2
0.184211 1
0.184615 1
0.184685 1
0.184946 1
0.185484 1
0.185714 1
0.186047 1
0.186147 2
0.186473 1
0.186813 6
0.187006 1
0.187135 3
0.187192 1
0.187415 1
0.188462 1
0.189226 1
0.189394 1
0.189474 2
0.189542 1
0.190476 57
0.190769 1
0.190776 1
0.191176 1
0.191373 1
0.191667 3
0.192063 1
0.192308 8
0.192513 1
0.192982 3
0.193732 1
0.193846 2
0.194444 20
0.194737 1
0.194805 3
0.195238 2
0.195402 1
0.195918 1
0.196078 1
0.19697 8
0.197101 1
0.197628 1
0.197802 5
0.19883 1
0.199134 1
0.2 252
0.20108 1
0.201258 1
0.201282 1
0.201581 1
0.201636 1
0.20226 1
0.202614 2
0.204301 1
0.204678 1
0.205128 5
0.205645 1
0.205882 3
0.206154 2
0.206522 1
0.206897 1
0.207827 1
0.208195 1
0.208647 1
0.208791 6
0.20915 2
0.209302 1
0.209524 7
0.210526 2
0.211416 1
0.212121 6
0.213942 1
0.214286 20
0.215686 2
0.215789 1
0.216374 1
0.216667 4
0.217073 1
0.217391 1
0.217786 1
0.217949 2
0.218182 7
0.219048 5
0.21978 7
0.220588 4
0.221053 2
0.221344 2
0.222222 30
0.223529 1
0.22379 1
0.224615 2
0.224868 1
0.225 3
0.225159 1
0.22521 1
0.225287 1
0.225296 1
0.225806 1
0.226316 2
0.227273 4
0.227513 1
0.227855 1
0.227866 1
0.227941 1
0.22807 1
0.228571 3
0.228758 2
0.229018 1
0.22973 1
0.229885 1
0.229947 1
0.230769 9
0.231579 1
0.232184 1
0.233333 3
0.233468 1
0.233613 1
0.233766 1
0.233846 1
0.233918 1
0.235294 2
0.235507 1
0.236364 4
0.237705 1
0.238095 37
0.240216 1
0.241667 1
0.241758 4
0.24183 1
0.242105 2
0.242424 10
0.242857 1
0.24359 3
0.244444 8
0.244666 1
0.246246 1
0.246377 1
0.246667 1
0.246753 2
0.247368 1
0.247619 2
0.249012 3
0.25 35
0.25122 1
0.252381 1
0.252747 4
0.252964 1
0.253333 1
0.253763 1
0.254545 4
0.254902 1
0.255411 1
0.25641 2
0.257143 8
0.257317 1
0.257576 6
0.258333 2
0.258467 1
0.25974 5
0.25977 1
0.261438 1
0.261905 2
0.262366 1
0.263158 2
0.263736 1
0.264069 1
0.264706 1
0.266667 52
0.267196 1
0.267974 1
0.268421 1
0.268473 1
0.268769 1
0.268966 1
0.269231 4
0.270732 1
0.272059 1
0.272727 8
0.273399 1
0.27451 2
0.27464 1
0.274725 2
0.274854 1
0.275 4
0.27619 3
0.277778 14
0.280423 1
0.281046 3
0.281385 1
0.282051 2
0.282197 1
0.283077 1
0.284146 1
0.284211 1
0.285714 53
0.285917 1
0.286765 1
0.286876 1
0.287582 1
0.287879 7
0.288889 8
0.289474 1
0.290043 1
0.290909 12
0.292398 1
0.293333 1
0.294118 1
0.294253 2
0.294872 1
0.295238 2
0.295385 1
0.2959 1
0.297101 1
0.297297 1
0.3 98
0.301471 2
0.301538 1
0.302419 1
0.30303 7
0.304348 1
0.304762 1
0.305556 14
0.305747 1
0.30719 1
0.307692 6
0.308824 1
0.309091 2
0.309942 1
0.310541 1
0.311111 13
0.313725 1
0.314286 2
0.315789 1
0.318182 3
0.318681 1
0.32 1
0.320106 1
0.320513 4
0.321429 8
0.321637 1
0.32381 2
0.325 1
0.326797 1
0.327273 2
0.327485 2
0.328571 1
0.333333 573
0.337662 1
0.337815 1
0.338095 1
0.339921 1
0.340659 2
0.341667 2
0.344203 1
0.345029 1
0.345455 2
0.346154 4
0.347826 1
0.348485 4
0.35 1
0.350877 1
0.351648 2
0.352381 2
0.352632 2
0.352941 1
0.355556 4
0.357143 8
0.358974 3
0.360294 1
0.361111 9
0.361905 1
0.362637 2
0.363077 1
0.363636 8
0.366667 1
0.371429 1
0.371542 1
0.371795 1
0.372549 1
0.37479 1
0.377778 10
0.379085 1
0.380952 16
0.381818 2
0.384615 3
0.385621 1
0.388889 5
0.390476 1
0.392857 8
0.393103 1
0.393939 1
0.395604 1
0.397436 1
0.4 82
0.405042 1
0.406593 1
0.409091 1
0.410256 2
0.411765 2
0.416667 8
0.418182 2
0.419048 1
0.422222 3
0.422925 1
0.424837 1
0.428571 20
0.431373 1
0.433824 2
0.435897 1
0.439394 1
0.43956 2
0.442105 1
0.444444 7
0.448529 1
0.448718 2
0.454545 1
0.461538 2
0.463235 1
0.464286 6
0.466667 20
0.47 1
0.472222 6
0.472727 3
0.474359 1
0.47619 11
0.483333 1
0.483516 1
0.487179 1
0.495238 1
0.5 118
0.505495 2
0.511111 1
0.512821 1
0.518519 1
0.52381 12
0.527273 1
0.527778 2
0.530303 1
0.533333 14
0.535714 6
0.545455 2
0.55 1
0.551282 1
0.555556 1
0.571429 4
0.583333 1
0.589744 1
0.6 17
0.606061 1
0.607143 1
0.619048 2
0.622222 1
0.632411 1
0.642857 2
0.666667 127
0.678571 1
0.680952 1
0.7 5
0.733333 5
0.74026 1
0.744589 1
0.8 3
0.809524 1
0.816667 1
0.833333 11
0.866667 1
0.9 5
0.912088 1
1 337
