0 3721
0.000885539 1
0.00114155 1
0.00144415 1
0.0015015 1
0.00163934 1
0.00239904 1
0.00312577 1
0.0031746 1
0.0041581 1
0.0042517 1
0.004329 1
0.00443262 1
0.00487805 1
0.00505051 1
0.00534759 1
0.0059676 1
0.00599706 1
0.00633862 1
0.00724638 2
0.00735294 2
0.00757576 1
0.00786449 1
0.00854701 1
0.00860215 1
0.00916561 1
0.00928962 1
0.00944411 1
0.0094697 1
0.00952381 2
0.00996678 1
0.0103546 1
0.0105708 1
0.010582 1
0.0108696 1
0.0109745 1
0.010989 1
0.0120259 1
0.0121285 1
0.0125128 1
0.0125879 1
0.0128205 5
0.0130719 2
0.0141026 1
0.0142857 1
0.014411 1
0.0144928 1
0.0147059 2
0.0147783 2
0.0148011 1
0.0148448 1
0.0151515 3
0.0153846 2
0.0157895 1
0.016129 1
0.0166667 1
0.0169389 1
0.0170068 1
0.0170669 1
0.0172066 1
0.0172643 1
0.0174603 1
0.0175439 1
0.0180392 1
0.0181818 3
0.0183908 1
0.0188261 1
0.0188679 1
0.0188869 1
0.0190476 1
0.0195195 1
0.019943 2
0.020362 1
0.0206349 1
0.0206897 1
0.0208754 1
0.020984 1
0.0211736 1
0.0211765 1
0.0212025 1
0.0215924 1
0.021978 2
0.0220588 1
0.0221088 1
0.0221675 2
0.0222092 1
0.0222222 11
0.0222824 1
0.0227212 1
0.0227273 1
0.0230769 1
0.0233918 1
0.0234707 1
0.0236992 1
0.0237154 1
0.0239478 1
0.0240404 1
0.0246154 1
0.0246305 1
0.0246753 1
0.0249554 1
0.025 1
0.025641 5
0.0262097 1
0.026455 1
0.0266667 1
0.026803 1
0.0269906 1
0.027668 1
0.0276923 2
0.0277778 22
0.0279035 1
0.0279525 1
0.02849 1
0.0285714 1
0.0287719 1
0.029191 1
0.0292398 2
0.0299435 1
0.0299736 1
0.0301428 1
0.030303 3
0.0304878 1
0.030754 1
0.0307692 1
0.0309764 1
0.0315789 2
0.0316206 1
0.0320197 1
0.0320856 1
0.0322581 3
0.0322845 1
0.0326087 1
0.032967 5
0.0333333 1
0.0337382 1
0.0344828 1
0.0346154 1
0.0348432 1
0.0352768 1
0.0352941 2
0.035552 1
0.0355619 1
0.0357143 25
0.0361492 1
0.0363636 5
0.0364384 1
0.0368421 2
0.0369458 1
0.0375439 1
0.0377524 1
0.0377868 1
0.0380952 9
0.0383065 2
0.0384068 1
0.0384615 5
0.0386473 1
0.0390071 1
0.0390244 1
0.0396825 1
0.0398293 1
0.0398551 1
0.04 2
0.0403226 1
0.040404 1
0.0405405 1
0.0405594 1
0.0409357 3
0.0414348 1
0.0416667 4
0.0419287 1
0.0421053 1
0.0423387 1
0.0428571 2
0.0430108 1
0.043341 1
0.0434783 1
0.043956 4
0.043964 1
0.0440788 1
0.0441176 1
0.0443548 1
0.0444444 15
0.0454545 13
0.045584 1
0.0457516 2
0.0457912 1
0.0461718 1
0.046371 1
0.046476 1
0.0466667 1
0.0467836 2
0.046798 1
0.0469417 1
0.0473684 1
0.0474308 1
0.047619 65
0.0481283 1
0.0483642 1
0.0483871 1
0.0486209 1
0.0491803 1
0.0494624 1
0.0499325 1
0.05 2
0.0504032 1
0.0509615 1
0.0512821 10
0.0513158 1
0.0513834 2
0.0516129 1
0.0516934 1
0.0519084 1
0.0519481 1
0.0521008 1
0.0521739 1
0.0522876 2
0.052381 4
0.0525526 2
0.0526316 3
0.0527211 1
0.0531561 1
0.0534262 1
0.0537815 1
0.0540541 1
0.0541311 1
0.0541872 1
0.0545455 4
0.054902 1
0.0549451 5
0.055336 1
0.0555556 21
0.0557491 1
0.055914 1
0.0561798 1
0.0562771 1
0.0564516 1
0.0566667 1
0.0569728 1
0.0570825 1
0.0571429 7
0.0574713 1
0.0579592 1
0.058072 1
0.0583215 1
0.0583333 3
0.0584615 2
0.0584795 3
0.0585366 1
0.0588235 4
0.0589744 1
0.0592625 1
0.0592885 5
0.0599327 1
0.0602151 1
0.0602537 1
0.0606061 10
0.0608466 1
0.0610844 1
0.0615616 1
0.0619048 4
0.0622951 1
0.0625 1
0.0631579 3
0.0632411 1
0.0632468 1
0.0633333 1
0.0634278 1
0.0634921 1
0.0637681 1
0.0640114 1
0.0641026 6
0.0643678 1
0.0645161 1
0.0649351 1
0.0652174 2
0.0653595 5
0.0655271 2
0.0659341 5
0.0661765 3
0.0662879 1
0.066365 1
0.0664683 1
0.0666667 104
0.0668563 1
0.0671329 1
0.0671937 1
0.0683761 1
0.0684211 2
0.068525 1
0.0685484 1
0.0688406 2
0.0689655 1
0.0692641 2
0.0697013 1
0.0701754 4
0.0705706 1
0.0705882 1
0.0712251 1
0.0714286 41
0.0717997 1
0.0718954 1
0.0721554 1
0.0724638 1
0.0725806 1
0.0727273 19
0.0730159 1
0.0733333 3
0.0735632 1
0.0735736 1
0.0735931 2
0.0738916 2
0.0740741 5
0.0747568 1
0.0747729 1
0.075 6
0.0757576 11
0.0760234 1
0.0761905 5
0.076412 1
0.0766667 1
0.0767196 2
0.0769231 13
0.0770492 1
0.0772727 1
0.0773109 1
0.077551 1
0.0775956 1
0.0777323 1
0.0780781 1
0.0781609 1
0.0784314 4
0.0789474 4
0.0790514 1
0.0795183 1
0.0796646 1
0.0797721 1
0.08 1
0.0804878 1
0.0809524 2
0.0810811 1
0.0812116 1
0.0812808 1
0.0816697 1
0.0817204 1
0.0819964 1
0.0822511 2
0.0825576 1
0.0825826 1
0.0826211 1
0.0826613 1
0.0830769 3
0.0833333 48
0.0834543 1
0.0837438 1
0.083926 1
0.0842105 1
0.0844156 1
0.0846774 1
0.0847458 1
0.0849673 6
0.0852273 1
0.0854701 1
0.0857143 9
0.0861538 1
0.0863698 1
0.0864646 1
0.0865801 1
0.0866667 1
0.0866935 1
0.086771 1
0.0869565 2
0.087344 1
0.0873563 1
0.0877193 3
0.0879121 6
0.087936 1
0.088172 1
0.0882353 4
0.0883191 2
0.0888889 26
0.0890688 1
0.089071 1
0.0894737 3
0.0896552 1
0.0897436 6
0.0898246 1
0.0899471 2
0.0900901 2
0.0904762 1
0.0909091 22
0.091133 1
0.0913401 1
0.0914202 1
0.0915033 4
0.0916667 10
0.0923077 2
0.0929293 1
0.0929884 1
0.0933333 2
0.0935673 2
0.0935961 1
0.0940171 1
0.0942029 2
0.0942685 1
0.0945946 1
0.0947368 7
0.0948617 1
0.0948718 1
0.0952381 73
0.0953058 1
0.0955882 4
0.0960591 1
0.0962567 1
0.0963365 1
0.0966667 2
0.0967742 1
0.0968661 2
0.0972516 1
0.0975976 1
0.0978836 1
0.0980392 3
0.0984127 1
0.0985604 1
0.0987903 2
0.0988142 1
0.0989011 9
0.0994152 1
0.0995671 1
0.1 151
0.10084 1
0.101633 1
0.102041 1
0.102439 1
0.102564 14
0.102941 7
0.103226 1
0.103673 1
0.104443 1
0.104533 1
0.104575 2
0.104762 8
0.105263 3
0.105314 1
0.105413 2
0.105479 1
0.10582 1
0.105911 1
0.106061 12
0.106719 1
0.106855 1
0.107143 48
0.107527 1
0.108046 1
0.108156 1
0.108262 1
0.108333 3
0.108374 1
0.108466 1
0.108974 1
0.109091 24
0.109219 1
0.109244 2
0.109524 1
0.10989 7
0.110294 4
0.110526 5
0.110542 1
0.110759 1
0.110769 1
0.111111 56
0.111694 1
0.112319 1
0.112554 2
0.112644 1
0.112982 1
0.113636 1
0.114286 6
0.114386 1
0.114625 2
0.114919 1
0.11522 1
0.115385 11
0.115634 1
0.115789 1
0.115854 1
0.115942 3
0.116279 1
0.116667 2
0.116959 1
0.117281 1
0.117424 1
0.117578 1
0.117647 5
0.118293 1
0.118577 2
0.119318 1
0.119334 1
0.11954 1
0.119565 1
0.119601 2
0.119628 2
0.119737 1
0.120879 12
0.120894 1
0.121053 1
0.121212 15
0.121599 1
0.12253 1
0.122618 1
0.122807 2
0.123077 1
0.123188 1
0.12381 4
0.124093 1
0.124183 2
0.125 7
0.125253 1
0.125309 1
0.126154 2
0.126316 1
0.126482 2
0.1266 1
0.126812 2
0.126852 1
0.126984 1
0.127273 14
0.127353 1
0.12777 1
0.128205 17
0.128342 1
0.128461 1
0.128571 1
0.128655 3
0.129445 2
0.129568 1
0.12987 1
0.130518 1
0.130719 2
0.131054 1
0.131579 3
0.131868 12
0.132132 1
0.132353 3
0.132367 1
0.133333 145
0.133723 1
0.134199 1
0.1343 1
0.13432 1
0.134387 1
0.13447 2
0.134503 1
0.134615 1
0.134921 1
0.135135 1
0.135632 1
0.136027 1
0.136364 10
0.136752 1
0.136842 1
0.13705 1
0.137255 3
0.137681 1
0.137931 1
0.138528 1
0.138889 25
0.139001 1
0.139535 1
0.13961 1
0.139706 2
0.14 1
0.140351 3
0.141026 15
0.141304 1
0.141538 2
0.141667 10
0.142105 2
0.142529 1
0.142602 1
0.142643 1
0.142857 127
0.143333 1
0.143791 4
0.144399 1
0.145161 1
0.145299 2
0.145455 11
0.145833 1
0.146199 2
0.146237 1
0.146245 1
0.147059 4
0.147126 1
0.147458 1
0.147561 1
0.147619 2
0.147692 1
0.148148 2
0.148734 1
0.14958 1
0.149804 1
0.15 3
0.150327 1
0.150538 1
0.150769 2
0.150794 1
0.151515 11
0.152047 2
0.152174 1
0.152381 7
0.152657 1
0.152688 2
0.153439 1
0.153576 1
0.153846 18
0.154023 1
0.154147 1
0.154412 1
0.154839 1
0.155556 25
0.156695 1
0.156863 3
0.156923 1
0.157197 1
0.157738 1
0.157895 5
0.158333 2
0.158621 1
0.158645 1
0.159192 1
0.15942 4
0.160248 1
0.160428 1
0.16092 1
0.160962 1
0.16129 1
0.161423 1
0.161765 3
0.161772 1
0.16179 1
0.161905 6
0.162055 1
0.162393 1
0.163399 3
0.163636 13
0.163664 1
0.163743 1
0.164384 1
0.164502 1
0.164561 1
0.164835 5
0.165025 1
0.165242 1
0.165323 1
0.165816 1
0.166086 1
0.16624 1
0.16643 1
0.166667 308
0.167488 1
0.167558 1
0.168168 2
0.168254 1
0.168459 1
0.168831 2
0.169118 5
0.169293 1
0.169591 2
0.169935 4
0.169951 1
0.16996 1
0.171371 1
0.171429 7
0.173684 1
0.173789 1
0.173913 1
0.174411 1
0.174877 1
0.175 2
0.175385 1
0.175439 3
0.175532 1
0.175665 1
0.175824 7
0.17619 1
0.176471 5
0.176638 1
0.176667 1
0.177249 1
0.177536 1
0.1777 1
0.177778 22
0.177866 1
0.178138 1
0.178253 1
0.178571 44
0.178665 1
0.178947 2
0.179487 12
0.179832 1
0.180952 4
0.181159 2
0.181287 1
0.181818 27
0.182336 1
0.18254 1
0.183007 4
0.183117 1
0.183333 5
0.183529 1
0.183824 2
0.18449 1
0.184729 1
0.184783 1
0.185714 1
0.186235 2
0.186813 6
0.186992 1
0.187135 3
0.187192 1
0.187879 1
0.18894 1
0.189189 1
0.189247 1
0.189542 1
0.189655 1
0.189723 1
0.19 1
0.190244 1
0.190476 75
0.191667 4
0.192029 2
0.192192 1
0.192281 1
0.192308 6
0.192982 3
0.193103 2
0.193182 1
0.193514 1
0.193676 1
0.194444 29
0.194737 1
0.195076 1
0.195238 1
0.195652 1
0.196078 3
0.196154 1
0.196341 1
0.196923 1
0.19697 9
0.197279 1
0.197701 1
0.197802 2
0.198529 2
0.19878 1
0.19883 1
0.199134 1
0.199768 1
0.2 240
0.200847 1
0.20155 1
0.202279 1
0.202614 1
0.202899 1
0.203231 1
0.203414 1
0.203974 1
0.204678 2
0.204762 1
0.205128 9
0.205263 1
0.205534 1
0.205882 3
0.206154 2
0.206667 1
0.206897 1
0.207792 1
0.208245 1
0.208333 1
0.208791 2
0.208995 1
0.209524 9
0.209677 1
0.209796 1
0.210145 3
0.210256 1
0.21041 1
0.210526 2
0.21164 1
0.212121 8
0.213235 2
0.213439 1
0.213768 1
0.214286 34
0.215079 1
0.215101 1
0.215789 3
0.216216 1
0.216374 3
0.216667 5
0.216931 1
0.217514 1
0.217803 1
0.217949 8
0.218182 10
0.218391 1
0.218487 1
0.219048 3
0.21978 6
0.22 1
0.220588 1
0.221053 4
0.221505 1
0.222125 1
0.222222 38
0.222672 1
0.223171 1
0.22381 1
0.224638 1
0.225 1
0.225108 1
0.226316 2
0.226381 1
0.227273 5
0.227586 1
0.227891 1
0.227941 1
0.22807 3
0.228169 1
0.228571 6
0.228758 3
0.229018 1
0.229249 2
0.229508 1
0.23 1
0.230588 1
0.230769 13
0.231313 1
0.231579 1
0.232681 1
0.233135 1
0.233202 1
0.233333 2
0.233615 1
0.233846 1
0.233918 1
0.235294 5
0.23533 1
0.235815 1
0.236364 14
0.236508 1
0.236923 1
0.237154 1
0.237873 1
0.238095 45
0.238901 1
0.24 1
0.241107 1
0.241379 1
0.241567 1
0.241667 2
0.241758 4
0.24183 3
0.241935 1
0.242105 1
0.242424 7
0.242647 1
0.242754 1
0.242857 1
0.243011 1
0.243243 1
0.24359 2
0.243842 1
0.244444 4
0.244681 1
0.245014 1
0.24507 1
0.245614 2
0.247511 1
0.247619 4
0.25 47
0.25042 1
0.251082 3
0.251323 1
0.253669 1
0.253968 1
0.254252 1
0.254545 6
0.255462 1
0.255682 1
0.25641 7
0.256667 1
0.257143 4
0.257353 3
0.257576 3
0.257895 2
0.258258 1
0.258333 1
0.258824 1
0.259259 1
0.260244 1
0.260638 1
0.26087 1
0.261167 1
0.261438 1
0.261905 1
0.262458 1
0.263158 2
0.263736 4
0.264493 2
0.264673 1
0.264822 1
0.26601 1
0.266129 1
0.266667 95
0.26738 1
0.267974 1
0.268421 1
0.268775 1
0.269006 2
0.269231 2
0.269565 1
0.270769 1
0.271739 1
0.272059 1
0.272727 10
0.273399 2
0.273684 1
0.27451 3
0.274725 6
0.275 1
0.27619 1
0.27668 1
0.276923 1
0.277778 12
0.279412 4
0.28 1
0.280952 1
0.281046 1
0.281385 1
0.282051 9
0.282609 1
0.283073 1
0.283333 2
0.285714 72
0.286765 2
0.286876 1
0.287582 1
0.287879 2
0.288538 2
0.288889 8
0.289773 1
0.29 1
0.290043 2
0.290909 3
0.291667 3
0.292473 1
0.29249 1
0.293478 2
0.294118 2
0.294737 1
0.294872 5
0.295238 1
0.296703 3
0.29704 1
0.297101 1
0.297329 1
0.297348 1
0.298246 1
0.299154 1
0.3 104
0.300395 1
0.300654 1
0.301136 1
0.301149 1
0.301471 2
0.301565 2
0.30303 8
0.303333 1
0.303423 1
0.304094 1
0.304348 3
0.304615 2
0.304762 3
0.305128 1
0.305263 2
0.305556 8
0.30719 2
0.307692 2
0.308213 1
0.3083 2
0.308333 3
0.308712 1
0.308824 2
0.309091 12
0.309677 1
0.31 1
0.310924 1
0.311111 9
0.311688 1
0.312169 1
0.312253 1
0.312605 1
0.313131 1
0.314286 1
0.315789 1
0.316017 1
0.316176 1
0.316532 1
0.316923 1
0.317241 1
0.318182 2
0.318681 3
0.320261 1
0.320513 5
0.320565 1
0.321429 16
0.322581 1
0.32381 2
0.32437 1
0.325 4
0.326087 1
0.327273 9
0.328571 1
0.32967 2
0.330882 1
0.332016 1
0.332512 1
0.333333 664
0.335979 1
0.336842 2
0.338095 1
0.339181 1
0.339496 1
0.339869 1
0.339921 1
0.340659 1
0.341667 2
0.342105 1
0.342857 5
0.343874 2
0.345029 1
0.345455 3
0.346154 8
0.34632 1
0.346405 1
0.347578 1
0.347594 1
0.347826 1
0.348485 7
0.35 1
0.350649 1
0.352381 1
0.352941 2
0.354839 1
0.355556 5
0.356725 1
0.357143 16
0.357625 1
0.358974 1
0.36 1
0.360071 1
0.361111 6
0.362573 1
0.362637 1
0.363636 8
0.366154 1
0.366667 3
0.367647 1
0.368421 1
0.37 1
0.371795 2
0.372294 2
0.373626 1
0.377778 4
0.378788 3
0.380952 19
0.381818 4
0.382353 1
0.383333 1
0.383399 1
0.38447 1
0.384615 3
0.385281 1
0.388889 9
0.38961 1
0.389706 1
0.390476 3
0.391667 1
0.392157 1
0.392857 7
0.393939 2
0.395604 2
0.396825 1
0.397436 1
0.398268 1
0.39886 2
0.4 114
0.401709 1
0.404858 1
0.408333 1
0.409091 1
0.410256 1
0.410526 2
0.411765 2
0.416667 6
0.417582 1
0.418182 3
0.419048 1
0.421053 1
0.422222 6
0.424242 2
0.424837 1
0.425 1
0.428571 18
0.430199 1
0.433333 1
0.433824 1
0.435435 1
0.435897 4
0.436364 5
0.442857 1
0.444444 10
0.447619 3
0.448529 1
0.45 1
0.450549 1
0.45098 1
0.454545 3
0.458333 1
0.461538 2
0.463235 1
0.464286 9
0.466667 16
0.469697 1
0.472222 4
0.472527 1
0.472727 2
0.473684 1
0.47619 14
0.477941 1
0.484848 1
0.485714 1
0.487179 4
0.488889 2
0.489474 1
0.490909 1
0.492647 1
0.496732 1
0.5 162
0.502924 1
0.504762 1
0.505495 1
0.509091 2
0.509804 1
0.52381 14
0.527273 1
0.527778 11
0.530303 2
0.533333 17
0.535714 8
0.538462 1
0.541667 1
0.545455 3
0.549261 1
0.552381 1
0.555556 2
0.561905 1
0.563636 2
0.571429 6
0.577778 2
0.582418 1
0.583333 4
0.588235 1
0.593407 1
0.597701 1
0.597849 1
0.6 25
0.607143 3
0.611111 2
0.615385 1
0.619048 6
0.620915 1
0.638095 1
0.638889 4
0.642857 2
0.654545 1
0.666667 171
0.678571 1
0.690909 1
0.7 8
0.711111 1
0.714286 4
0.72 1
0.733333 3
0.766798 1
0.797101 1
0.8 1
0.811594 1
0.818182 1
0.833333 15
0.856209 1
0.857143 1
0.866667 3
0.9 5
0.916667 1
0.923977 1
0.933333 1
1 409
