0 3360
0.010989 1
0.0120968 1
0.0151515 1
0.0166667 1
0.0181818 1
0.019943 1
0.0222222 1
0.025641 1
0.0277778 3
0.0294118 1
0.0326797 1
0.032967 1
0.0340909 1
0.034188 1
0.0355731 1
0.0357143 12
0.0384615 1
0.0441176 1
0.0444444 2
0.0454042 1
0.0454545 1
0.0471014 1
0.047619 20
0.0512821 2
0.0514706 1
0.0526316 2
0.0545455 5
0.0555556 4
0.0641026 2
0.0662879 1
0.0666667 27
0.0711462 1
0.0714286 5
0.0727273 4
0.0757576 4
0.0769231 1
0.0779221 1
0.0819964 1
0.0833333 8
0.0877193 1
0.0888889 4
0.0909091 5
0.0915033 3
0.0952381 15
0.0955882 1
0.0967742 1
0.1 68
0.102564 2
0.102941 1
0.107143 6
0.109091 4
0.10989 1
0.111111 11
0.115385 2
0.117647 2
0.119565 1
0.120879 1
0.121212 1
0.127273 1
0.128205 3
0.133333 30
0.136364 1
0.138889 3
0.140351 1
0.141026 1
0.141667 2
0.142857 18
0.145455 5
0.15 1
0.151515 2
0.153846 1
0.155556 4
0.161765 1
0.163636 1
0.166667 147
0.171429 1
0.175824 2
0.176471 1
0.177778 3
0.178571 9
0.179487 1
0.181818 3
0.190476 12
0.194444 5
0.197802 1
0.2 81
0.205882 1
0.212121 2
0.214286 10
0.217949 1
0.222222 13
0.227273 2
0.230769 1
0.238095 8
0.242424 1
0.244444 2
0.25 8
0.266667 28
0.277778 6
0.285714 11
0.288889 1
0.3 27
0.305556 1
0.321429 1
0.333333 286
0.357143 1
0.361111 1
0.380952 5
0.381818 1
0.388889 1
0.392857 1
0.4 30
0.416667 2
0.418182 1
0.428571 10
0.444444 2
0.466667 2
0.47619 2
0.5 69
0.509091 1
0.511111 1
0.52381 1
0.527778 1
0.533333 8
0.535714 1
0.571429 2
0.6 8
0.607143 1
0.666667 93
0.7 4
0.8 3
0.833333 10
0.9 3
1 334
