0 12
0.0666667 1
0.1 1
0.107143 1
0.123243 1
0.124183 1
0.138889 1
0.145455 1
0.166667 2
0.169118 1
0.173913 1
0.190476 2
0.197802 1
0.199597 1
0.202614 1
0.210104 1
0.227273 1
0.228571 1
0.238095 3
0.240248 1
0.24183 1
0.242424 1
0.246667 1
0.25 2
0.254545 1
0.266667 1
0.269231 1
0.274854 1
0.275086 1
0.285714 1
0.28836 1
0.290909 1
0.291787 1
0.293447 1
0.29359 1
0.294737 1
0.296703 1
0.301471 1
0.30303 1
0.304615 1
0.307692 1
0.308824 1
0.311366 1
0.313246 1
0.313725 1
0.315385 1
0.315966 1
0.316667 1
0.318182 1
0.320158 1
0.322775 1
0.326087 1
0.327273 1
0.328049 1
0.328719 1
0.329545 2
0.333333 4
0.336667 1
0.336735 1
0.34023 1
0.340659 1
0.343874 1
0.344239 1
0.344758 2
0.346154 2
0.346723 1
0.35 1
0.350649 1
0.351648 1
0.351724 1
0.352605 1
0.354023 1
0.354978 1
0.357143 1
0.359788 1
0.36 1
0.361703 1
0.365079 1
0.369892 1
0.371429 1
0.372656 1
0.373299 1
0.378401 1
0.379405 1
0.380373 1
0.384211 2
0.385651 1
0.385965 1
0.3867 1
0.388889 1
0.397026 1
0.397661 1
0.398234 1
0.4 4
0.402632 1
0.405311 1
0.410256 1
0.412121 1
0.413694 1
0.415655 1
0.418561 1
0.419048 1
0.419867 1
0.420643 1
0.421053 1
0.422115 1
0.423077 1
0.423913 1
0.425101 1
0.42648 1
0.427285 1
0.427675 1
0.428571 3
0.430199 1
0.436364 1
0.437197 1
0.438095 1
0.438891 1
0.439137 1
0.439187 1
0.440067 1
0.440094 1
0.440165 1
0.441558 1
0.442683 1
0.444444 2
0.445813 1
0.448541 1
0.449205 1
0.449275 1
0.453333 1
0.454294 1
0.454545 1
0.455047 1
0.455914 1
0.455971 1
0.456098 1
0.457516 1
0.457895 1
0.459831 1
0.46 1
0.462451 1
0.462893 1
0.463235 1
0.464052 1
0.464286 1
0.466667 3
0.467788 1
0.46798 1
0.46806 1
0.468381 1
0.469471 1
0.469653 1
0.470985 1
0.471591 1
0.472812 1
0.473222 1
0.474638 1
0.475086 1
0.475179 1
0.475862 1
0.478198 1
0.479532 1
0.48 1
0.480488 1
0.480519 1
0.480672 1
0.481481 1
0.481513 1
0.483516 1
0.483844 1
0.483871 1
0.483969 1
0.485222 1
0.486364 1
0.486632 1
0.487539 1
0.487966 1
0.488126 1
0.488686 1
0.489824 1
0.490323 1
0.492063 1
0.49329 1
0.493761 1
0.499632 1
0.5 1
0.501019 1
0.501538 1
0.501742 1
0.502792 1
0.503333 1
0.503583 1
0.504202 1
0.504344 1
0.504926 1
0.506294 1
0.507562 1
0.507937 1
0.51087 1
0.511111 2
0.511374 1
0.511409 1
0.512084 1
0.512427 1
0.516484 1
0.516667 1
0.518858 1
0.519937 1
0.520328 1
0.521333 1
0.522876 1
0.522965 1
0.523077 1
0.523333 1
0.523589 1
0.52381 2
0.524379 1
0.52621 1
0.527244 1
0.527273 1
0.527289 1
0.527698 1
0.527778 1
0.528645 1
0.529268 1
0.530323 1
0.530352 1
0.532197 1
0.532979 1
0.533228 1
0.533333 2
0.534414 1
0.535359 1
0.535714 1
0.535842 1
0.536683 1
0.53701 1
0.538947 1
0.539161 1
0.540455 1
0.540824 1
0.540944 1
0.541961 1
0.542419 1
0.543478 1
0.544898 1
0.545455 2
0.546076 1
0.546345 1
0.547489 1
0.548602 1
0.549138 1
0.55 1
0.550167 1
0.550555 1
0.551231 1
0.55225 1
0.553544 1
0.554779 1
0.555454 1
0.555556 3
0.555918 1
0.556452 1
0.556942 1
0.557592 1
0.557624 1
0.558628 1
0.558824 1
0.560606 2
0.561404 1
0.562178 1
0.562412 1
0.562657 1
0.56317 1
0.563415 1
0.564475 1
0.564849 1
0.564972 1
0.565161 1
0.565346 1
0.566176 1
0.566502 1
0.566783 1
0.567466 1
0.568468 1
0.568783 1
0.569532 1
0.569801 1
0.570565 1
0.571429 2
0.57195 1
0.573543 1
0.573864 1
0.573924 1
0.574026 1
0.574899 1
0.575 1
0.57619 1
0.576923 1
0.577062 1
0.577075 1
0.578014 1
0.578776 1
0.579093 1
0.57971 1
0.579792 1
0.580438 1
0.58072 1
0.580982 1
0.581083 1
0.581763 1
0.582452 1
0.583043 1
0.583842 1
0.584034 1
0.584211 1
0.584458 1
0.584906 1
0.585569 1
0.585825 1
0.585967 1
0.586986 1
0.587413 1
0.58744 1
0.588235 2
0.589025 1
0.590741 1
0.593407 1
0.593549 1
0.593895 1
0.594444 1
0.594858 1
0.597619 1
0.59878 1
0.598793 1
0.598862 1
0.599034 1
0.599114 1
0.599177 1
0.599657 1
0.6 3
0.601307 1
0.601549 1
0.601633 1
0.602403 1
0.602418 1
0.604082 1
0.604444 1
0.605263 1
0.605909 1
0.606061 3
0.6061 1
0.606444 1
0.608163 1
0.611395 1
0.611538 1
0.616689 1
0.617647 1
0.617816 1
0.618378 1
0.619048 1
0.619565 1
0.619685 1
0.62011 1
0.620799 1
0.621212 1
0.621825 1
0.623077 1
0.623123 1
0.62381 1
0.623848 1
0.625 1
0.6255 1
0.625806 1
0.627796 1
0.627907 1
0.627957 1
0.628046 1
0.628571 1
0.629375 1
0.630122 1
0.630682 1
0.630799 1
0.631048 1
0.631837 1
0.632604 1
0.633001 1
0.633333 1
0.633503 1
0.633846 1
0.634767 1
0.635175 1
0.63861 1
0.638889 2
0.642857 1
0.643431 1
0.643697 1
0.643978 1
0.644444 1
0.644751 1
0.645194 1
0.646315 1
0.646659 1
0.646935 1
0.647059 1
0.647619 2
0.65 1
0.65043 1
0.65129 1
0.651998 1
0.652632 1
0.652801 1
0.652921 1
0.654111 1
0.65503 1
0.655502 1
0.656053 1
0.65625 1
0.657143 1
0.658067 1
0.658635 1
0.658892 1
0.65977 1
0.660042 1
0.660255 1
0.660348 1
0.660624 1
0.661478 1
0.662879 1
0.663421 1
0.663974 1
0.664039 1
0.664773 1
0.664884 1
0.664937 1
0.665098 1
0.665558 1
0.665736 1
0.665835 1
0.665999 1
0.666191 1
0.666667 11
0.667531 1
0.669545 1
0.670249 1
0.67029 1
0.670588 1
0.670889 1
0.671583 1
0.672358 1
0.674074 1
0.675 1
0.675332 1
0.67623 1
0.67734 1
0.678724 1
0.678947 1
0.681201 1
0.681319 1
0.683077 1
0.683398 1
0.684749 1
0.685137 1
0.685157 1
0.685312 1
0.685457 1
0.68588 1
0.686406 1
0.686412 1
0.686869 1
0.688409 1
0.68882 1
0.688889 1
0.689117 1
0.689701 1
0.689904 1
0.689941 1
0.690452 1
0.690612 1
0.690909 2
0.691055 1
0.691435 1
0.691486 1
0.691706 1
0.692081 1
0.692225 1
0.692308 1
0.694654 1
0.695116 1
0.695163 1
0.695238 1
0.695266 1
0.695565 1
0.695935 1
0.696618 1
0.697205 1
0.698052 1
0.698489 1
0.698571 1
0.699586 1
0.699845 1
0.7 4
0.701058 1
0.701475 1
0.701969 1
0.702069 1
0.702534 1
0.70291 1
0.704698 1
0.705128 1
0.706123 1
0.706311 1
0.706986 1
0.707794 1
0.70829 1
0.708333 1
0.708455 1
0.709011 1
0.709333 1
0.7094 1
0.709677 1
0.709781 1
0.710156 1
0.710912 1
0.711047 1
0.711781 1
0.712251 1
0.712278 1
0.713216 1
0.713525 1
0.713672 1
0.713778 1
0.714286 1
0.715498 1
0.715854 1
0.716398 1
0.716452 1
0.716832 1
0.716837 1
0.71722 1
0.717723 1
0.71781 1
0.718387 1
0.71853 1
0.718543 1
0.71934 1
0.71954 1
0.719608 1
0.720513 1
0.720588 1
0.721053 2
0.722222 1
0.722685 1
0.723043 1
0.724443 1
0.724832 1
0.725146 1
0.725381 1
0.725681 1
0.72603 1
0.727273 1
0.729545 1
0.731143 1
0.732499 1
0.732538 1
0.73258 1
0.733333 4
0.733423 1
0.73363 1
0.734771 1
0.735252 1
0.736264 1
0.736272 1
0.736326 1
0.736786 1
0.738189 1
0.738477 1
0.739446 1
0.739543 1
0.739728 1
0.740545 1
0.740709 1
0.741034 1
0.742756 1
0.742857 1
0.74359 1
0.743802 1
0.743989 1
0.744444 1
0.74514 1
0.745455 1
0.745495 1
0.746159 1
0.746328 1
0.746514 1
0.746611 1
0.746993 1
0.747253 1
0.748225 1
0.749034 1
0.749385 1
0.749455 1
0.749725 1
0.750322 1
0.750988 1
0.752024 1
0.752216 1
0.753659 1
0.753984 1
0.754949 1
0.75551 1
0.755911 1
0.756158 1
0.75641 1
0.757025 1
0.757382 1
0.75762 1
0.758066 1
0.758264 1
0.758586 1
0.75943 1
0.760088 1
0.760721 1
0.761905 2
0.762282 1
0.7638 1
0.765171 1
0.765602 1
0.76584 1
0.767263 1
0.767415 1
0.767558 1
0.76807 1
0.768947 1
0.769615 1
0.77039 1
0.770533 1
0.771249 1
0.771313 1
0.771612 1
0.777778 1
0.778151 1
0.782051 2
0.783333 1
0.783784 1
0.784474 1
0.784504 1
0.784615 1
0.785592 1
0.785714 1
0.785763 1
0.787931 1
0.791142 1
0.793814 1
0.795152 1
0.8 1
0.802065 1
0.80404 1
0.805128 1
0.807476 1
0.815789 1
0.829457 1
0.833333 4
0.866667 1
0.9 2
1 11
