0 870
0.00116144 1
0.00153895 1
0.00185014 1
0.0020202 1
0.00229885 1
0.00234073 1
0.00307692 1
0.0031746 1
0.0034188 1
0.00426743 1
0.0046613 1
0.00467836 1
0.00512821 1
0.00653595 1
0.00689655 1
0.00698812 1
0.00724638 1
0.00742574 1
0.00764032 1
0.00790514 1
0.00806452 1
0.00814513 1
0.00985222 1
0.0103866 1
0.0105263 1
0.0106952 1
0.0108696 1
0.0109244 1
0.010989 2
0.011396 1
0.0116959 2
0.0120968 1
0.0122449 1
0.0122679 1
0.0125786 1
0.0127758 1
0.0128205 3
0.012912 1
0.012987 1
0.0140208 1
0.0147059 1
0.0150709 1
0.0151515 1
0.0157262 1
0.0157697 1
0.0159574 1
0.0161565 1
0.0161616 1
0.0161679 1
0.0170455 1
0.017094 1
0.0181159 2
0.0181818 6
0.0183908 1
0.0184398 1
0.0196078 2
0.0197628 1
0.019943 1
0.0200846 1
0.0208333 1
0.0209555 1
0.0212121 1
0.0215054 2
0.0217391 2
0.0219114 1
0.021978 4
0.0220588 1
0.0220674 1
0.0221675 1
0.0222222 11
0.0229885 1
0.0238095 1
0.0241546 1
0.0241935 1
0.0242947 1
0.0244354 1
0.0246212 1
0.0248597 1
0.0249487 1
0.025 3
0.0250627 1
0.02537 1
0.0255102 1
0.0256098 1
0.025641 4
0.0258824 1
0.0263158 2
0.026455 1
0.0270936 1
0.0276316 1
0.027668 1
0.0277778 16
0.0282486 1
0.0285714 6
0.0289855 1
0.0294118 2
0.0295567 1
0.0296296 1
0.030303 7
0.0307692 2
0.0309201 1
0.031339 1
0.0315789 1
0.0316206 3
0.031746 1
0.0320856 1
0.0321122 1
0.0322581 2
0.0326797 1
0.0327169 1
0.032967 3
0.0332226 1
0.0333333 3
0.0342276 1
0.0342422 1
0.0343915 1
0.0344828 2
0.0345345 1
0.0350877 3
0.0355731 1
0.0357143 32
0.0359848 2
0.0362319 1
0.0363518 1
0.0363636 11
0.0367647 2
0.0369231 1
0.0369979 1
0.0370028 1
0.037037 1
0.0380952 1
0.0384615 3
0.0385426 1
0.0385586 1
0.0391363 1
0.0392157 1
0.0394089 1
0.0395257 1
0.0396135 1
0.0396825 1
0.0397727 1
0.039886 1
0.04 2
0.0403226 1
0.040404 1
0.0413793 2
0.041471 1
0.0416327 1
0.0416667 2
0.0418079 1
0.0418549 1
0.0428157 1
0.0429733 1
0.0438982 1
0.043956 5
0.0441176 3
0.0441358 1
0.0443548 1
0.0444444 17
0.0445633 1
0.0449367 1
0.0449735 1
0.0451389 1
0.0454545 6
0.0457516 3
0.045977 1
0.0461538 1
0.0465116 1
0.0467687 1
0.0467836 3
0.0469738 1
0.047138 1
0.0473118 1
0.047561 1
0.047619 51
0.048433 1
0.0492308 2
0.0492424 1
0.0494949 1
0.05 3
0.0512195 1
0.0512821 9
0.0513699 1
0.0513834 2
0.0514706 1
0.0517241 1
0.0518519 1
0.052024 1
0.0522876 1
0.0523077 1
0.052381 2
0.0526316 3
0.052729 1
0.0529101 1
0.0530303 1
0.0532295 1
0.0532468 1
0.0545455 7
0.0549451 4
0.0553306 2
0.055336 3
0.0553846 1
0.0555556 23
0.0557423 1
0.0560976 1
0.0562771 2
0.0566667 1
0.0567376 1
0.0568182 1
0.0571429 5
0.0574713 1
0.0578947 2
0.0580645 1
0.0583333 3
0.0584795 1
0.0588235 9
0.0589744 1
0.0592044 1
0.0592885 1
0.0598291 1
0.0600601 1
0.0606061 6
0.0609756 1
0.0615385 2
0.0615616 1
0.0615764 1
0.062069 1
0.0623656 1
0.0623679 1
0.0623886 1
0.0625 1
0.0632411 3
0.0633333 2
0.0635535 1
0.0641026 12
0.0642247 1
0.0643275 3
0.0645161 1
0.0645864 1
0.0646154 1
0.0649351 2
0.0655271 2
0.0656883 1
0.0659341 5
0.0659537 1
0.0661376 1
0.0661765 3
0.0665025 1
0.0666667 115
0.0672238 1
0.0672269 1
0.0673635 1
0.0684211 1
0.068525 1
0.0687831 1
0.0688406 3
0.0689076 1
0.0691489 1
0.0692641 2
0.0698812 1
0.07 2
0.0700758 1
0.0701754 2
0.0703919 1
0.0712251 1
0.0712644 1
0.0714286 28
0.0718954 3
0.0719697 1
0.072108 1
0.0724638 1
0.0727273 11
0.0733753 1
0.0735294 3
0.0735736 1
0.0735931 2
0.0738916 2
0.0739796 1
0.0745968 1
0.0746753 1
0.0747729 1
0.0748634 1
0.075 4
0.0750529 1
0.0750988 2
0.0751084 1
0.0752688 2
0.0757576 8
0.0761905 6
0.0769231 12
0.0774194 1
0.0784314 4
0.0788177 3
0.0789474 3
0.0790514 1
0.0808824 3
0.0809524 1
0.0809717 1
0.081239 1
0.0818182 1
0.0819964 1
0.0822511 2
0.0826211 1
0.0833333 31
0.083779 2
0.0838294 1
0.0841584 1
0.0842105 3
0.0849673 1
0.0850575 3
0.0853485 1
0.0854701 1
0.0855856 1
0.0865801 3
0.0866667 1
0.0866808 1
0.0869565 1
0.0871212 1
0.0872616 1
0.0873016 2
0.0877193 2
0.0877963 1
0.0879121 9
0.0882353 3
0.0883191 1
0.0883721 1
0.08867 1
0.0888889 24
0.0889697 1
0.0889724 1
0.0894522 1
0.0894737 2
0.0897436 11
0.0899471 1
0.0904762 2
0.0904977 1
0.0905797 1
0.0909091 25
0.0915033 2
0.0916667 3
0.0917659 1
0.0930233 1
0.0930931 1
0.0933333 2
0.0935673 2
0.0940171 1
0.0942029 1
0.0942685 1
0.0944742 1
0.094697 1
0.0947368 2
0.0948617 1
0.0952381 60
0.0953846 1
0.0955882 1
0.0963415 1
0.0966667 1
0.0967283 1
0.0967742 1
0.0978261 1
0.0978777 1
0.0980392 1
0.0984615 1
0.0989011 11
0.0994152 1
0.0995671 1
0.1 148
0.100379 1
0.100775 1
0.101215 1
0.101449 2
0.102564 5
0.102767 1
0.102941 4
0.103423 1
0.103573 1
0.103896 2
0.104575 3
0.104762 5
0.105072 1
0.105263 4
0.105322 1
0.105376 1
0.105413 1
0.105747 2
0.106061 10
0.106667 2
0.106719 1
0.106827 1
0.107059 1
0.107143 54
0.10742 1
0.107692 1
0.107932 1
0.107955 1
0.107962 1
0.108039 1
0.108225 1
0.108233 1
0.108333 3
0.108466 1
0.108696 2
0.108871 1
0.109091 19
0.10989 6
0.11018 1
0.110294 2
0.110517 1
0.110661 1
0.110769 2
0.110837 1
0.11103 1
0.111111 51
0.111894 1
0.113946 1
0.113978 1
0.114103 1
0.114286 5
0.114625 1
0.115385 13
0.115789 5
0.116058 1
0.116059 1
0.116084 1
0.116667 5
0.116923 1
0.116959 1
0.117073 1
0.117241 1
0.117647 3
0.118619 1
0.119048 1
0.119565 2
0.120351 1
0.120732 1
0.120879 10
0.121008 1
0.121212 11
0.121283 1
0.121635 1
0.12253 1
0.122599 1
0.122807 2
0.123123 1
0.12381 10
0.12415 1
0.124183 4
0.12439 1
0.125 3
0.125178 1
0.125541 2
0.125641 1
0.126437 1
0.126482 1
0.126667 1
0.126882 1
0.126984 1
0.127273 17
0.127628 1
0.127739 1
0.128049 1
0.128079 1
0.128205 4
0.128571 1
0.128655 2
0.129032 1
0.129129 1
0.12951 1
0.12987 1
0.130435 1
0.130682 1
0.130719 2
0.131868 5
0.132353 3
0.132576 1
0.132773 1
0.133333 121
0.134503 3
0.135468 1
0.135472 1
0.135484 1
0.136364 7
0.136667 1
0.136752 1
0.13691 1
0.13705 1
0.137255 2
0.137566 1
0.137634 1
0.138467 1
0.138528 1
0.138889 34
0.139344 1
0.139578 1
0.139706 6
0.140239 1
0.140351 1
0.140784 1
0.141026 7
0.141667 5
0.142105 2
0.142166 1
0.142292 2
0.14245 1
0.142529 1
0.142857 104
0.143145 1
0.143776 1
0.143791 1
0.144019 1
0.144086 1
0.14532 1
0.145455 12
0.145503 1
0.146245 1
0.147059 3
0.147186 2
0.147619 3
0.147692 1
0.148148 1
0.148551 1
0.148649 1
0.149656 1
0.149733 1
0.15 1
0.15003 1
0.150198 2
0.150327 2
0.150769 1
0.150926 1
0.150997 2
0.15121 2
0.151515 11
0.151958 1
0.152047 3
0.152174 1
0.152381 4
0.152632 2
0.153333 3
0.153409 1
0.153602 1
0.153846 17
0.154412 5
0.154472 1
0.154589 1
0.155556 19
0.156695 1
0.156923 1
0.156989 1
0.157143 2
0.157719 1
0.157895 1
0.158333 2
0.159091 1
0.161376 2
0.161765 4
0.161905 10
0.162879 1
0.163043 2
0.163077 1
0.163158 1
0.163218 1
0.163399 1
0.163636 22
0.163743 1
0.164103 1
0.164502 2
0.164662 1
0.164835 12
0.165242 1
0.165385 1
0.165614 1
0.165775 1
0.166008 3
0.166512 1
0.166667 301
0.166792 1
0.168067 1
0.168091 1
0.168831 2
0.169113 1
0.169118 3
0.16996 2
0.170115 1
0.17094 1
0.171429 1
0.172119 1
0.172727 1
0.17316 2
0.173684 2
0.174713 1
0.175 6
0.175403 1
0.175439 1
0.175617 1
0.175824 4
0.17619 3
0.176471 5
0.176529 1
0.176667 1
0.177187 1
0.177489 1
0.177536 1
0.177778 13
0.178538 1
0.178571 26
0.178679 1
0.178947 1
0.179487 8
0.179894 1
0.18 2
0.180952 10
0.181287 2
0.181609 1
0.181818 28
0.182148 1
0.183333 3
0.183501 1
0.183824 2
0.183908 1
0.184211 1
0.184615 1
0.185714 1
0.186813 3
0.187343 1
0.188034 1
0.188406 1
0.188506 1
0.188701 1
0.189247 1
0.189542 2
0.190476 49
0.190963 1
0.191176 4
0.191667 1
0.192029 1
0.192308 7
0.193333 1
0.193676 2
0.194444 24
0.194805 1
0.196078 1
0.196667 1
0.196721 1
0.19697 3
0.197445 1
0.197802 3
0.198622 1
0.19883 4
0.198864 1
0.2 269
0.201613 1
0.201991 1
0.202279 2
0.202381 1
0.202614 2
0.202703 1
0.203077 1
0.203209 1
0.203463 1
0.203629 1
0.204678 1
0.204762 1
0.205128 10
0.205882 1
0.206522 1
0.207547 1
0.207792 2
0.207827 1
0.208195 1
0.208403 1
0.208556 1
0.208791 3
0.209195 1
0.209486 1
0.209524 3
0.21 1
0.210342 1
0.210526 4
0.211735 1
0.211823 1
0.212121 8
0.212195 1
0.213235 3
0.213675 1
0.214286 31
0.215054 1
0.215686 2
0.215924 1
0.216374 3
0.21645 4
0.216524 1
0.216667 1
0.217331 1
0.217949 6
0.218182 9
0.218703 1
0.219212 1
0.219512 1
0.21978 3
0.220192 1
0.220779 2
0.221053 1
0.222222 27
0.222672 1
0.223485 1
0.22381 1
0.224238 1
0.224519 1
0.224615 1
0.224638 2
0.22521 1
0.225225 1
0.225296 1
0.225641 1
0.226316 1
0.227273 7
0.22807 2
0.228365 1
0.228571 4
0.228758 2
0.229437 1
0.230769 13
0.232184 1
0.232258 1
0.233202 1
0.233333 3
0.233918 1
0.235294 2
0.236092 1
0.236364 6
0.236559 1
0.236585 1
0.236786 1
0.236842 3
0.238095 36
0.239766 1
0.24 1
0.240391 1
0.24053 1
0.240741 2
0.241667 2
0.241758 4
0.241821 1
0.24183 1
0.242105 1
0.242424 6
0.242647 2
0.242857 1
0.24359 4
0.244444 10
0.245059 1
0.246667 1
0.246753 1
0.247312 1
0.247368 1
0.247619 1
0.248062 1
0.248366 1
0.25 49
0.251323 1
0.251462 2
0.251894 1
0.252308 1
0.252747 2
0.252874 1
0.254545 18
0.254902 1
0.255556 1
0.25641 4
0.256667 1
0.257143 1
0.25731 1
0.257576 6
0.257895 1
0.258333 3
0.26087 1
0.262097 1
0.263158 2
0.263736 3
0.264069 1
0.264113 1
0.264368 1
0.264493 1
0.26455 1
0.264706 3
0.264822 2
0.266667 93
0.267949 1
0.267974 1
0.268817 1
0.269006 2
0.269231 6
0.270161 1
0.270655 1
0.271264 2
0.271429 1
0.272059 1
0.272727 15
0.273171 1
0.27451 1
0.274725 1
0.274854 2
0.275 1
0.275132 1
0.27619 3
0.276329 1
0.277056 1
0.277778 13
0.280702 1
0.281046 1
0.281385 2
0.282051 6
0.283069 1
0.283077 1
0.283333 1
0.283784 1
0.284211 2
0.285057 1
0.285714 69
0.28655 1
0.286765 1
0.287582 1
0.287749 1
0.287879 4
0.288889 5
0.289076 1
0.290909 8
0.291667 1
0.294118 2
0.294253 1
0.294372 1
0.294737 1
0.294872 4
0.295238 2
0.296552 1
0.296703 2
0.296825 1
0.298246 1
0.3 97
0.301471 2
0.30303 6
0.304094 1
0.305419 1
0.305556 9
0.307359 1
0.307527 1
0.307692 10
0.308333 1
0.308824 2
0.309091 7
0.309942 1
0.311111 6
0.313333 2
0.314286 1
0.315789 1
0.316176 3
0.316667 4
0.317139 1
0.318182 3
0.318634 1
0.318681 1
0.319048 1
0.320346 1
0.320513 2
0.321429 16
0.32266 1
0.323529 2
0.32381 1
0.325 2
0.32605 1
0.326667 1
0.326797 1
0.327273 4
0.327485 2
0.328571 1
0.32967 2
0.331034 1
0.333333 421
0.340659 2
0.341538 1
0.342857 2
0.345455 5
0.346154 1
0.347826 1
0.348485 4
0.35 1
0.350806 1
0.351648 2
0.352941 3
0.353333 1
0.353846 1
0.35468 1
0.355556 3
0.357143 13
0.357895 1
0.358333 1
0.358974 1
0.359477 1
0.360294 1
0.360887 1
0.361111 8
0.362637 1
0.363636 7
0.366667 2
0.368421 1
0.371429 1
0.371795 2
0.373219 1
0.373333 1
0.373626 2
0.375 1
0.377778 4
0.378788 2
0.380952 23
0.381818 3
0.384615 1
0.388889 8
0.392857 11
0.393939 2
0.395604 2
0.397059 1
0.398693 1
0.4 105
0.404412 2
0.409231 1
0.409524 1
0.410256 1
0.41133 1
0.416667 7
0.417582 1
0.418182 2
0.418301 1
0.419048 1
0.421053 1
0.422222 5
0.423077 4
0.424242 2
0.425 1
0.428571 21
0.433824 1
0.435897 1
0.436364 2
0.438095 1
0.439394 1
0.444444 9
0.448529 1
0.454545 1
0.457143 1
0.461538 3
0.463235 1
0.464286 7
0.466667 13
0.469697 2
0.472222 3
0.472527 2
0.472727 2
0.475 1
0.47619 12
0.476667 1
0.483516 1
0.484848 1
0.485714 2
0.488889 2
0.5 135
0.511111 1
0.512821 1
0.52381 13
0.527273 1
0.527778 5
0.533333 19
0.535714 3
0.555556 6
0.563636 1
0.571429 5
0.581818 2
0.6 22
0.607143 1
0.611111 1
0.619048 4
0.622222 1
0.623377 1
0.645022 1
0.666667 105
0.67619 1
0.694444 1
0.69697 1
0.7 7
0.701299 1
0.710526 1
0.717949 1
0.722222 1
0.733333 2
0.772059 1
0.785714 1
0.8 6
0.809524 1
0.833333 14
0.866667 2
0.9 2
1 71
