0 3379
0.0134454 1
0.0137931 1
0.0147059 1
0.0151515 1
0.0181818 1
0.021978 1
0.0220588 2
0.0222222 1
0.025641 1
0.027668 1
0.0277778 3
0.0285714 1
0.0333333 1
0.0357143 12
0.0380952 1
0.0397727 1
0.0418719 1
0.0421053 1
0.0444444 2
0.0454545 1
0.047619 18
0.0481036 1
0.0512821 2
0.0519481 1
0.052381 1
0.0545455 3
0.0555556 5
0.0603949 1
0.0606061 2
0.0641026 2
0.0652174 1
0.0666667 25
0.0714286 8
0.0725806 1
0.0727273 3
0.0757576 2
0.0760234 1
0.0761905 1
0.0769231 4
0.0806723 1
0.0833333 7
0.0849673 1
0.0882353 1
0.0888889 3
0.0897436 1
0.0909091 5
0.0924731 1
0.0952381 15
0.0980392 1
0.1 76
0.106061 1
0.107143 4
0.108333 2
0.109091 3
0.10989 2
0.111111 8
0.113333 1
0.115385 1
0.120879 1
0.121212 1
0.122807 1
0.125 3
0.127273 3
0.133333 38
0.136364 2
0.138889 5
0.142857 18
0.145455 2
0.152381 1
0.153846 3
0.155556 4
0.158333 1
0.164835 1
0.166667 140
0.175 1
0.177778 6
0.178571 10
0.179487 1
0.180952 2
0.181818 4
0.190476 12
0.194444 8
0.2 94
0.205128 1
0.20915 1
0.209524 1
0.214286 5
0.218182 2
0.222222 10
0.230769 1
0.233333 1
0.236364 3
0.238095 6
0.241758 1
0.242424 1
0.244444 2
0.25 6
0.257576 1
0.266667 22
0.277778 3
0.285714 11
0.287879 1
0.288889 1
0.290909 2
0.3 26
0.305556 1
0.309091 1
0.321429 2
0.327273 1
0.333333 303
0.351648 1
0.357143 2
0.380952 5
0.388889 2
0.392857 3
0.4 21
0.428571 8
0.464286 1
0.466667 7
0.472222 1
0.472727 1
0.47619 3
0.5 55
0.52381 1
0.533333 4
0.535714 2
0.545455 1
0.555556 1
0.571429 3
0.6 15
0.611111 1
0.619048 1
0.642857 1
0.666667 87
0.7 5
0.733333 1
0.8 3
0.833333 16
0.9 1
0.933333 1
1 332
