0 13
0.0714286 1
0.111111 1
0.114573 1
0.127273 1
0.133333 1
0.143791 1
0.161765 1
0.19883 1
0.2 2
0.203209 1
0.206061 1
0.210646 1
0.213333 1
0.233333 1
0.238095 4
0.256158 1
0.257353 1
0.257576 2
0.259259 1
0.26087 1
0.261438 1
0.261905 1
0.263736 1
0.267442 1
0.267974 1
0.268038 1
0.272727 2
0.27619 1
0.277778 1
0.280788 1
0.285714 4
0.288177 1
0.294118 1
0.294872 1
0.296774 1
0.298097 1
0.298387 1
0.3 2
0.300142 1
0.302956 1
0.307255 1
0.308046 1
0.309524 1
0.313725 1
0.314286 1
0.318221 1
0.318681 1
0.320724 1
0.322951 1
0.323864 1
0.326437 2
0.328063 1
0.328829 1
0.32971 1
0.32987 1
0.333333 4
0.335034 1
0.336667 1
0.336725 1
0.341991 1
0.345455 1
0.345588 1
0.346154 1
0.346405 1
0.346901 1
0.347826 1
0.348485 1
0.352273 1
0.354167 1
0.354592 1
0.356903 1
0.358912 1
0.362637 2
0.363636 1
0.364672 1
0.366935 1
0.367725 1
0.370243 1
0.370592 1
0.371795 1
0.374269 2
0.375 1
0.377778 1
0.381818 1
0.385027 1
0.385281 1
0.38566 1
0.385975 1
0.386667 1
0.388379 1
0.388531 1
0.388592 1
0.389145 1
0.393617 1
0.394779 1
0.395005 1
0.396871 1
0.4 4
0.403409 1
0.409524 1
0.416667 2
0.417849 1
0.417941 1
0.41928 1
0.420168 1
0.423357 1
0.423765 1
0.42381 1
0.424757 1
0.426471 2
0.427964 1
0.428571 2
0.431427 1
0.431818 1
0.433824 1
0.435516 1
0.435772 1
0.436364 1
0.436421 1
0.437179 1
0.438104 1
0.439394 2
0.439464 1
0.439516 1
0.44 1
0.440904 1
0.441472 1
0.44186 1
0.442017 1
0.442105 1
0.444444 1
0.445378 1
0.449158 1
0.450292 1
0.451832 1
0.454545 1
0.45584 1
0.456984 1
0.460829 1
0.462308 1
0.463067 1
0.464059 1
0.464286 1
0.465608 1
0.466667 2
0.467836 1
0.467902 1
0.46798 1
0.468732 1
0.469227 1
0.469512 1
0.471179 1
0.473666 1
0.475161 1
0.47563 1
0.47593 1
0.476512 1
0.47793 1
0.478205 1
0.478261 1
0.480866 1
0.481481 1
0.482135 1
0.483075 1
0.483077 1
0.483516 1
0.484898 1
0.487685 2
0.488639 1
0.488889 1
0.489592 1
0.49 1
0.490909 1
0.49157 1
0.491954 1
0.492308 1
0.494253 1
0.494318 1
0.494624 1
0.49557 1
0.495726 1
0.495798 1
0.496432 1
0.497326 1
0.499151 1
0.5 2
0.500239 1
0.502924 1
0.504332 1
0.505495 1
0.505664 1
0.505682 1
0.50573 1
0.506521 1
0.507353 1
0.508654 1
0.509524 1
0.510204 1
0.511111 1
0.512091 1
0.512401 1
0.512427 1
0.512821 1
0.514286 1
0.516015 1
0.518116 1
0.518519 1
0.52009 1
0.520728 1
0.521055 1
0.522478 1
0.522672 1
0.523358 1
0.52471 1
0.525045 1
0.525424 1
0.527115 1
0.527273 3
0.527778 1
0.528136 1
0.528409 1
0.528415 1
0.529049 1
0.530519 1
0.533333 2
0.533592 1
0.534441 1
0.534483 1
0.535308 1
0.536232 1
0.536392 1
0.536435 1
0.537234 1
0.538359 1
0.538462 2
0.538645 1
0.540392 1
0.54078 1
0.540835 1
0.542491 1
0.545783 1
0.546272 1
0.547124 1
0.54717 1
0.547216 1
0.547692 1
0.547826 2
0.548387 1
0.54918 1
0.549708 1
0.550352 1
0.550388 1
0.550595 1
0.550607 1
0.551471 1
0.551646 1
0.552657 1
0.552689 1
0.553117 1
0.553529 1
0.554749 1
0.554937 1
0.556098 1
0.556757 1
0.557871 1
0.558712 1
0.558953 1
0.559299 1
0.56 1
0.560348 1
0.560592 1
0.561039 1
0.5611 1
0.561509 1
0.561905 1
0.563029 1
0.563158 1
0.563854 1
0.564545 1
0.564565 1
0.566154 1
0.56671 1
0.566975 1
0.569404 1
0.569899 1
0.569963 1
0.570076 1
0.570202 1
0.571429 3
0.572043 1
0.573694 1
0.573737 1
0.574447 1
0.574597 1
0.575155 1
0.575251 1
0.575556 1
0.575588 1
0.576011 1
0.577243 1
0.577365 1
0.578231 1
0.578431 2
0.579596 1
0.581516 1
0.582483 1
0.582583 1
0.582857 1
0.583333 3
0.585586 1
0.586932 1
0.587517 1
0.588235 1
0.588273 1
0.588406 1
0.588426 1
0.588462 1
0.588795 1
0.590909 3
0.591077 1
0.59175 1
0.5918 1
0.592063 1
0.592593 1
0.593521 1
0.593577 1
0.59373 1
0.596017 1
0.596055 1
0.596656 1
0.597609 1
0.597826 1
0.598718 1
0.59972 1
0.6 3
0.60054 1
0.600779 1
0.601732 1
0.60222 1
0.602302 1
0.602564 1
0.604396 1
0.604878 1
0.60503 1
0.606247 1
0.607111 1
0.607143 1
0.608042 1
0.609168 1
0.609724 1
0.611111 2
0.611141 1
0.612269 1
0.612952 1
0.614286 1
0.614402 1
0.616402 1
0.616667 2
0.617347 1
0.617405 1
0.618487 1
0.619048 2
0.621081 1
0.621212 1
0.621379 1
0.621914 1
0.622145 1
0.62237 1
0.622989 1
0.623064 1
0.623377 1
0.623529 1
0.623932 1
0.623941 1
0.62415 1
0.624188 1
0.62481 1
0.625 2
0.625668 1
0.626016 1
0.628205 1
0.629032 1
0.629114 1
0.6312 1
0.632353 2
0.632824 1
0.632887 1
0.633025 1
0.637097 1
0.639157 1
0.639706 1
0.640336 1
0.641589 1
0.642105 1
0.642615 1
0.642857 2
0.643494 1
0.644538 1
0.64532 1
0.645336 1
0.647059 1
0.647576 1
0.647619 1
0.648305 1
0.648652 1
0.648841 1
0.648904 1
0.651148 1
0.651289 1
0.651847 1
0.651892 1
0.652574 1
0.652778 1
0.652916 1
0.653333 1
0.653717 1
0.654971 1
0.655761 1
0.655971 1
0.656022 1
0.656416 1
0.658033 1
0.659341 1
0.65977 1
0.660131 1
0.660739 1
0.661785 1
0.662231 1
0.665447 1
0.66585 1
0.666088 1
0.666153 1
0.666667 8
0.667079 1
0.667526 1
0.667702 1
0.668166 1
0.668389 1
0.668737 1
0.669123 1
0.669518 1
0.669931 1
0.67033 1
0.670515 1
0.672439 1
0.672727 1
0.673323 1
0.673943 1
0.674419 1
0.675 1
0.675364 1
0.675377 1
0.67619 1
0.676598 1
0.678571 2
0.679739 1
0.680135 1
0.68026 1
0.680672 1
0.683023 1
0.683132 1
0.683878 1
0.683937 1
0.684074 1
0.684554 1
0.685326 1
0.685714 1
0.685809 1
0.685834 1
0.685973 1
0.688137 1
0.688162 1
0.689357 1
0.689474 1
0.689888 1
0.690761 1
0.691542 1
0.69198 1
0.692308 1
0.692982 1
0.693171 1
0.693333 1
0.693446 1
0.69375 1
0.693878 1
0.694309 1
0.694389 1
0.694444 1
0.694611 1
0.695197 1
0.695238 1
0.695304 1
0.696497 1
0.696512 1
0.696536 1
0.697954 1
0.698023 1
0.699836 1
0.699958 1
0.7 2
0.701324 1
0.701878 1
0.703052 1
0.7034 1
0.703917 1
0.704351 1
0.704522 1
0.704581 1
0.705119 1
0.705455 1
0.705601 1
0.706082 1
0.70878 1
0.709363 1
0.709557 1
0.71185 1
0.712086 1
0.713794 1
0.714286 2
0.714632 1
0.714723 1
0.714782 1
0.714948 1
0.715397 1
0.715436 1
0.715581 1
0.715585 1
0.716298 1
0.717643 1
0.718295 1
0.721438 1
0.721605 1
0.721839 1
0.72229 1
0.72284 1
0.722939 1
0.72381 1
0.723873 1
0.724133 1
0.724242 1
0.725275 2
0.72528 1
0.726216 1
0.726623 1
0.726908 1
0.726984 1
0.727012 1
0.727273 2
0.727852 1
0.729116 1
0.72961 1
0.729981 1
0.730769 1
0.731041 1
0.731067 1
0.731495 1
0.73151 1
0.733144 1
0.733333 1
0.733924 1
0.734266 1
0.735043 1
0.735691 1
0.736494 1
0.736954 1
0.736997 1
0.737802 1
0.738401 1
0.738987 1
0.739543 1
0.739937 1
0.740382 1
0.740393 1
0.740701 1
0.740864 1
0.741006 1
0.741466 1
0.741515 1
0.742853 1
0.743333 1
0.74359 1
0.743826 1
0.743907 1
0.744193 1
0.744782 1
0.745469 1
0.745536 1
0.745728 1
0.746737 1
0.748304 1
0.748851 1
0.749361 1
0.749674 1
0.749934 1
0.75 1
0.750654 1
0.751182 1
0.751701 1
0.75193 1
0.752463 1
0.752613 1
0.75292 1
0.753226 1
0.753669 1
0.753805 1
0.754041 1
0.756012 1
0.756437 1
0.756662 1
0.756757 1
0.757111 1
0.757576 1
0.758242 1
0.758501 1
0.759366 1
0.759653 1
0.761084 1
0.761905 1
0.765733 1
0.767608 1
0.768914 1
0.768936 1
0.769231 1
0.770629 1
0.770799 1
0.771763 1
0.772135 1
0.772727 1
0.773457 1
0.773884 1
0.77542 1
0.77638 1
0.777778 1
0.778137 1
0.779614 1
0.780952 1
0.781154 1
0.781866 1
0.782051 1
0.787805 1
0.788235 1
0.788502 1
0.788827 1
0.789831 1
0.790329 1
0.791209 1
0.791245 1
0.791395 1
0.793351 1
0.794894 1
0.797377 1
0.797664 1
0.8 3
0.802139 1
0.807071 1
0.833333 3
0.836257 1
0.839614 1
0.904762 1
0.928571 1
1 12
