0 12
0.1 2
0.107143 1
0.130518 1
0.133333 1
0.142857 2
0.155556 1
0.163636 1
0.166667 1
0.189474 1
0.195238 1
0.214211 1
0.214493 1
0.215686 1
0.220779 1
0.226316 1
0.238095 1
0.242647 1
0.244444 1
0.25 2
0.254902 1
0.256757 1
0.266667 2
0.270769 1
0.275719 1
0.27619 1
0.277778 1
0.279798 1
0.285057 1
0.285714 2
0.290909 1
0.294872 1
0.3 3
0.30303 1
0.304348 1
0.30662 1
0.313602 1
0.314286 1
0.316709 1
0.31746 1
0.322464 1
0.322581 1
0.326203 1
0.326797 1
0.329231 1
0.329487 1
0.331542 1
0.333333 9
0.335269 1
0.335979 1
0.338095 1
0.339181 1
0.339323 1
0.339785 1
0.343915 1
0.344203 1
0.344828 1
0.350427 1
0.350877 1
0.352217 1
0.353846 1
0.356667 1
0.357143 1
0.360777 1
0.361111 1
0.363636 1
0.364693 1
0.365335 1
0.368217 1
0.371795 1
0.371921 1
0.372549 1
0.374113 1
0.375744 1
0.376263 1
0.376344 1
0.378307 1
0.380952 1
0.384615 1
0.385488 1
0.386024 1
0.387347 1
0.390476 2
0.393145 1
0.393617 1
0.394895 1
0.396653 1
0.397059 1
0.397177 1
0.397813 1
0.398693 1
0.4 2
0.403434 1
0.403509 1
0.404412 1
0.406593 1
0.406828 1
0.408867 1
0.411067 1
0.411255 1
0.411538 1
0.413951 1
0.414286 1
0.416667 2
0.418919 1
0.421582 1
0.421619 1
0.421652 1
0.424242 1
0.424743 1
0.425253 1
0.425408 1
0.426595 1
0.428571 2
0.43144 1
0.4375 1
0.438095 1
0.439394 1
0.439815 1
0.440887 1
0.442094 1
0.443921 1
0.444049 1
0.444357 1
0.444444 1
0.446154 1
0.447368 1
0.447398 1
0.447619 1
0.448447 1
0.449231 1
0.451613 1
0.45228 1
0.452381 1
0.452874 1
0.454545 2
0.456157 1
0.458065 1
0.458111 1
0.458462 1
0.459925 1
0.461134 1
0.461945 1
0.461988 1
0.463158 1
0.464286 2
0.464734 1
0.465465 1
0.465854 1
0.466667 3
0.466898 1
0.467236 1
0.468817 1
0.470356 1
0.470769 1
0.472727 2
0.474603 1
0.475943 1
0.476271 1
0.478317 1
0.47972 1
0.48154 1
0.482213 1
0.483483 1
0.484472 1
0.485201 1
0.48538 1
0.487179 1
0.487564 1
0.488129 1
0.488589 1
0.488635 1
0.48898 1
0.489418 1
0.489861 1
0.490196 1
0.490244 1
0.490909 1
0.491935 1
0.492647 1
0.492776 1
0.493201 1
0.494624 1
0.494737 1
0.496919 1
0.496997 1
0.497063 1
0.497805 1
0.498987 1
0.5 3
0.502211 1
0.502434 1
0.503542 1
0.503623 1
0.504762 1
0.505291 1
0.506162 1
0.506239 1
0.509184 1
0.50953 1
0.509707 1
0.51419 1
0.514286 1
0.515152 2
0.515315 1
0.516129 1
0.517711 1
0.518145 1
0.521289 1
0.52216 1
0.52244 1
0.522876 1
0.523077 1
0.52341 1
0.52381 1
0.524367 1
0.524725 1
0.525114 1
0.525346 1
0.525641 1
0.5263 1
0.526667 1
0.526705 1
0.527066 1
0.527273 1
0.528831 1
0.529015 1
0.529367 1
0.530029 1
0.530928 1
0.53176 1
0.531963 1
0.53234 1
0.532497 1
0.532764 1
0.533333 2
0.534117 1
0.534343 1
0.534694 1
0.535306 1
0.535431 1
0.535433 1
0.535714 2
0.536874 1
0.537363 1
0.538282 1
0.538462 1
0.53913 1
0.542439 1
0.542506 1
0.542857 1
0.543016 1
0.54359 1
0.544378 1
0.544424 1
0.547701 1
0.548075 1
0.548317 1
0.548588 1
0.548785 1
0.549107 1
0.549113 1
0.549306 1
0.55 1
0.550183 1
0.550306 1
0.550626 1
0.551123 1
0.551639 1
0.553477 1
0.554081 1
0.554157 1
0.554422 1
0.554545 1
0.556923 1
0.556942 1
0.556973 1
0.557712 1
0.557756 1
0.557764 1
0.557895 1
0.557906 1
0.55814 1
0.558824 1
0.559113 1
0.559197 1
0.560269 1
0.560278 1
0.56044 1
0.561905 1
0.562442 1
0.562925 1
0.563636 1
0.564626 1
0.565062 1
0.565217 1
0.56544 1
0.566941 1
0.566952 1
0.56764 1
0.568687 1
0.568805 1
0.570048 1
0.570768 1
0.571356 1
0.571429 2
0.571871 1
0.57197 1
0.573996 1
0.574074 1
0.575 1
0.575393 1
0.578744 1
0.578947 1
0.579695 1
0.57979 1
0.579962 1
0.58037 1
0.580497 1
0.580752 1
0.580952 2
0.581001 1
0.581382 1
0.582983 1
0.583333 1
0.584068 1
0.586453 1
0.586585 1
0.588235 1
0.588613 1
0.588745 1
0.589862 1
0.592455 1
0.594771 1
0.595573 1
0.595712 1
0.596631 1
0.596899 1
0.597179 1
0.597252 1
0.597849 1
0.59914 1
0.6 2
0.600791 1
0.6008 1
0.60082 1
0.602564 1
0.603704 1
0.60396 1
0.604396 1
0.604831 1
0.604881 1
0.605565 1
0.607143 1
0.607843 1
0.609756 1
0.610084 1
0.613278 1
0.615385 1
0.615595 1
0.615932 1
0.616601 1
0.617701 1
0.617784 1
0.617816 1
0.619048 2
0.62029 1
0.620513 1
0.621795 1
0.622222 1
0.622765 1
0.622984 1
0.623044 1
0.623824 1
0.62474 1
0.626181 1
0.630247 1
0.632011 1
0.632258 1
0.632923 1
0.633333 1
0.633803 1
0.633987 1
0.634921 2
0.635294 1
0.636153 1
0.636364 2
0.636559 1
0.636728 1
0.638384 1
0.638655 1
0.638691 1
0.638889 1
0.639184 1
0.639676 1
0.640523 1
0.64104 1
0.64127 1
0.641358 1
0.641379 1
0.642543 1
0.642857 1
0.643223 1
0.643481 1
0.644004 1
0.644088 1
0.644412 1
0.645138 1
0.645161 1
0.645194 1
0.646499 1
0.647097 1
0.647709 1
0.648352 1
0.650119 1
0.650606 1
0.650957 1
0.653148 1
0.654322 1
0.654834 1
0.655769 1
0.657197 1
0.65812 1
0.658333 1
0.659064 1
0.659279 1
0.659864 1
0.660099 1
0.661836 1
0.662133 1
0.663697 1
0.66443 1
0.665546 1
0.665962 1
0.666063 1
0.666311 1
0.666667 12
0.667301 1
0.66764 1
0.669221 1
0.669494 1
0.670126 1
0.67029 1
0.670549 1
0.671414 1
0.671642 1
0.672086 1
0.672208 1
0.672539 1
0.672793 1
0.675026 1
0.675252 1
0.675408 1
0.676785 1
0.677254 1
0.677702 1
0.677752 1
0.678001 1
0.678227 1
0.678571 1
0.678774 1
0.678853 1
0.679487 1
0.679553 1
0.680315 1
0.681523 1
0.681697 1
0.683333 1
0.685256 1
0.685542 1
0.685714 1
0.686569 1
0.687491 1
0.687685 1
0.688889 1
0.690076 1
0.690909 1
0.690932 1
0.691007 1
0.691148 1
0.691289 1
0.6915 1
0.691787 1
0.692115 1
0.692308 1
0.69275 1
0.693434 1
0.693519 1
0.69364 1
0.694444 1
0.694809 1
0.695385 1
0.695411 1
0.695673 1
0.696393 1
0.696835 1
0.697035 1
0.697734 1
0.697954 1
0.698077 1
0.698078 1
0.698909 1
0.699275 1
0.699352 1
0.7 3
0.700854 1
0.700958 1
0.70125 1
0.701377 1
0.701572 1
0.70222 1
0.703726 1
0.704439 1
0.705128 1
0.705471 1
0.705882 1
0.706472 1
0.70649 1
0.706506 1
0.707809 1
0.70813 1
0.708333 1
0.708435 1
0.709933 1
0.710129 1
0.710459 1
0.710473 1
0.711735 1
0.712121 1
0.712418 1
0.713576 1
0.714286 1
0.714444 1
0.715031 1
0.715196 1
0.715393 1
0.716255 1
0.716578 1
0.71722 1
0.717391 1
0.718013 1
0.718133 1
0.718666 1
0.719757 1
0.719844 1
0.720103 1
0.720807 1
0.721709 1
0.722639 1
0.723565 1
0.72381 1
0.723855 1
0.725159 1
0.725204 2
0.726063 1
0.727273 1
0.727286 1
0.728661 1
0.729017 1
0.729055 1
0.729119 1
0.729408 1
0.729538 1
0.732026 1
0.732129 1
0.732168 1
0.732675 1
0.732692 1
0.732869 1
0.733168 1
0.733333 2
0.734158 1
0.735097 1
0.73514 1
0.736538 1
0.737644 1
0.738037 1
0.738323 1
0.738382 1
0.739496 1
0.73968 1
0.741667 1
0.742363 1
0.742983 1
0.743338 1
0.743677 1
0.743881 1
0.744102 1
0.744118 1
0.744204 1
0.7445 1
0.745098 1
0.74578 1
0.745986 1
0.746225 1
0.746988 1
0.747253 1
0.747475 1
0.748894 1
0.750138 1
0.750253 1
0.750983 1
0.751232 1
0.751893 1
0.752381 1
0.75257 1
0.753472 1
0.753641 1
0.753833 1
0.753997 1
0.75597 1
0.757621 1
0.757935 1
0.758215 1
0.759055 1
0.75914 1
0.760387 1
0.760829 1
0.760929 1
0.761016 1
0.761905 1
0.762599 1
0.763307 1
0.76357 1
0.764239 1
0.764368 1
0.764785 1
0.765527 1
0.765988 1
0.766495 1
0.769468 1
0.771441 1
0.772529 1
0.774085 1
0.77438 1
0.775132 1
0.775257 1
0.775309 1
0.775383 1
0.776278 1
0.778812 1
0.783105 1
0.785206 1
0.785714 1
0.786472 1
0.790896 1
0.791558 1
0.792196 1
0.792734 1
0.797203 1
0.797774 1
0.8 2
0.800043 1
0.80056 1
0.805257 1
0.810526 1
0.812846 1
0.818182 1
0.821429 2
0.833333 4
0.835165 1
0.847851 1
0.854545 1
0.9 2
0.933333 1
1 15
