0 4217
0.000780682 1
0.00131067 1
0.00143756 1
0.00175336 1
0.00194805 1
0.00201613 2
0.00243902 1
0.00314987 1
0.00317125 1
0.00350756 1
0.00409626 1
0.0047619 2
0.00492611 1
0.00504944 1
0.00524587 1
0.0055371 1
0.00666667 1
0.00698812 1
0.00724638 2
0.00735294 1
0.00792793 1
0.00793651 1
0.00833333 1
0.00854701 1
0.00865385 1
0.00875421 1
0.00879557 1
0.00885936 1
0.00891266 1
0.0091954 1
0.0092354 1
0.00928962 1
0.00929152 1
0.00952381 3
0.00993884 1
0.01 1
0.0100806 1
0.0105263 1
0.0108696 1
0.010989 1
0.0111111 1
0.011396 1
0.0116124 1
0.0116959 1
0.0118577 1
0.0120253 1
0.012685 1
0.0128205 5
0.012987 1
0.0131313 1
0.0132275 1
0.0132417 1
0.0133333 2
0.0135135 1
0.0136364 1
0.0143288 1
0.0146924 1
0.0147059 1
0.0150987 1
0.0151261 1
0.0151515 5
0.0153221 1
0.0153846 2
0.0154673 1
0.0157262 1
0.0157895 1
0.0166667 3
0.017094 1
0.0172414 1
0.017316 3
0.0175084 1
0.0175439 2
0.0178571 1
0.0181181 1
0.0181818 6
0.0182927 1
0.0188679 1
0.0190476 3
0.0191706 1
0.0193237 1
0.0194805 1
0.0195918 1
0.0196078 2
0.019798 1
0.019943 1
0.0203901 1
0.0206349 1
0.0207466 1
0.0211893 1
0.0213904 1
0.0216049 1
0.0219462 1
0.021978 3
0.0220588 2
0.0221088 1
0.0221675 1
0.0222048 1
0.0222222 12
0.022311 1
0.0227451 1
0.0227596 1
0.0229885 1
0.0239478 1
0.0246154 1
0.0248034 1
0.024975 1
0.0252525 1
0.0255617 1
0.025641 8
0.0258065 1
0.025974 3
0.0263158 1
0.0266667 1
0.0268293 1
0.0273642 1
0.0273874 1
0.0277778 26
0.0284495 1
0.02849 1
0.0285714 2
0.0289855 1
0.0292398 2
0.0294118 3
0.0298039 1
0.0298851 1
0.0300489 1
0.0300546 1
0.0301587 1
0.030303 7
0.0307692 1
0.0311751 1
0.0312945 1
0.031339 1
0.0315789 2
0.0316206 1
0.031746 1
0.0320197 1
0.0321839 1
0.032197 1
0.0324284 1
0.0324324 1
0.0324846 1
0.0326087 1
0.0326797 1
0.032967 3
0.0333333 3
0.0336538 1
0.0342215 1
0.0342276 1
0.0344086 1
0.0344828 3
0.034632 1
0.0347826 1
0.0352941 1
0.0355731 1
0.0357143 36
0.0363636 13
0.0367647 1
0.0367816 1
0.0368421 2
0.0369231 1
0.037001 1
0.037037 2
0.0380952 5
0.0382206 1
0.0382653 1
0.0383065 1
0.0384615 6
0.0387097 1
0.038961 2
0.0391363 1
0.0392157 1
0.0395257 1
0.0396825 1
0.0397436 1
0.0397727 1
0.0398551 1
0.0398671 1
0.039886 1
0.04 1
0.0402597 1
0.0403361 1
0.0406732 1
0.0407801 1
0.0413793 1
0.0416667 6
0.0418354 1
0.0421053 4
0.0423077 1
0.0424242 1
0.0430108 2
0.04329 1
0.0434783 1
0.0435435 1
0.0436782 1
0.043956 7
0.0440967 1
0.0441176 1
0.0441209 1
0.0444331 1
0.0444444 13
0.0445614 1
0.0449438 1
0.0454545 14
0.0455776 1
0.0457516 4
0.0464646 1
0.0470588 1
0.0473485 1
0.0473684 2
0.0474308 1
0.0474359 1
0.047619 76
0.0482759 1
0.0487589 1
0.0492063 1
0.0492308 1
0.0497268 1
0.0499109 1
0.05 4
0.0502646 1
0.0506329 1
0.0507246 2
0.0511364 1
0.0512195 1
0.0512821 7
0.0514706 2
0.0519481 2
0.0522876 3
0.052381 1
0.0524194 2
0.0526316 1
0.0528541 1
0.0528736 2
0.0533333 1
0.0541176 1
0.0541872 3
0.0542636 1
0.0543478 1
0.0545455 9
0.054878 1
0.0549451 1
0.0550725 1
0.0551724 2
0.0552189 1
0.055336 2
0.0553797 1
0.0554765 1
0.0555556 28
0.0562771 2
0.0564935 1
0.0569742 1
0.0569801 1
0.0571429 9
0.0574713 1
0.0578947 3
0.057971 1
0.0580297 1
0.058072 1
0.0582011 1
0.0583333 2
0.0584615 1
0.0584677 1
0.0584795 3
0.0585366 1
0.0587121 1
0.0587302 1
0.0588235 5
0.0600978 1
0.0601295 1
0.0602151 1
0.0606061 7
0.0609359 1
0.0615764 1
0.0615942 2
0.0616883 1
0.0619048 5
0.0625 1
0.0631579 3
0.0632411 1
0.0634921 1
0.0635294 1
0.0641026 8
0.0643275 2
0.0645161 2
0.0650794 1
0.0652174 2
0.0653595 6
0.0655271 2
0.0658824 1
0.0659341 5
0.0661224 1
0.0661376 1
0.0661765 4
0.0662879 1
0.0665025 1
0.0666667 128
0.0671937 1
0.0677362 1
0.0687831 1
0.0688406 2
0.0689655 4
0.0692641 2
0.0695187 1
0.07 2
0.0703053 1
0.0711462 1
0.0712251 1
0.0714286 39
0.0718954 5
0.0724638 1
0.0725462 1
0.0726531 1
0.0727273 19
0.0729412 1
0.0730769 1
0.0733333 1
0.0735294 7
0.0735632 1
0.0735931 1
0.0736842 2
0.0738916 2
0.0739651 1
0.0740227 1
0.0740741 1
0.0745637 1
0.0747475 1
0.0748663 1
0.0754098 1
0.0757576 12
0.0759184 1
0.0759438 1
0.075974 1
0.0760234 2
0.076087 2
0.0761705 1
0.0761905 10
0.0762411 1
0.0765766 1
0.0767196 1
0.0769231 24
0.0782369 1
0.0784314 1
0.078629 1
0.0790514 1
0.0797101 2
0.0797123 1
0.0797707 1
0.0797721 1
0.0798548 1
0.08 1
0.0803727 1
0.0804598 1
0.0806452 1
0.080791 1
0.0808824 3
0.0809524 2
0.0812231 1
0.0812808 1
0.0814394 1
0.0816697 1
0.0818713 9
0.0820106 1
0.0822511 1
0.0823529 1
0.0833333 31
0.0836237 1
0.0842105 3
0.0843945 1
0.0846561 1
0.0849673 1
0.0854701 1
0.0855615 1
0.0857143 12
0.0862069 1
0.0865801 1
0.0866935 1
0.0869565 3
0.087108 1
0.0871212 2
0.0877193 2
0.0879121 7
0.0881935 1
0.0885886 1
0.08867 1
0.0888889 27
0.0892308 1
0.0894309 1
0.0894737 2
0.0897436 7
0.0899471 1
0.09 1
0.0900901 1
0.0904762 1
0.0905797 1
0.0908084 1
0.0909091 33
0.0909457 1
0.0915033 4
0.0916667 6
0.0923077 1
0.0924197 1
0.0926916 2
0.092803 1
0.0928571 1
0.0929152 1
0.0933333 1
0.0935673 1
0.0945946 1
0.0946237 2
0.0947368 2
0.0948617 3
0.0952381 77
0.0953846 2
0.0955882 5
0.0957481 1
0.0963995 1
0.0966667 1
0.0967742 1
0.0968661 2
0.0969136 1
0.0978261 1
0.0980392 4
0.0982003 1
0.0983087 1
0.0984615 1
0.0985222 1
0.0985507 1
0.0988142 2
0.0988506 1
0.0989011 9
0.0994152 2
0.1 158
0.100177 1
0.100837 1
0.100962 1
0.101449 2
0.101923 1
0.101928 1
0.102564 12
0.102767 1
0.102941 2
0.103175 1
0.10371 1
0.103841 1
0.104097 1
0.104762 11
0.105072 2
0.105263 2
0.105882 1
0.106061 10
0.106667 1
0.106719 1
0.106832 1
0.106855 1
0.107143 46
0.107317 1
0.107692 1
0.108019 1
0.108108 1
0.108129 1
0.108225 2
0.108333 2
0.108374 1
0.108696 2
0.109091 20
0.10961 1
0.109677 1
0.10989 5
0.109986 1
0.110294 5
0.110526 1
0.110556 1
0.111111 60
0.111498 1
0.111742 1
0.111828 1
0.112376 1
0.113798 1
0.113846 1
0.11396 2
0.113978 1
0.114286 3
0.114625 1
0.114634 1
0.115301 1
0.115385 9
0.11553 1
0.115789 2
0.115854 1
0.115865 1
0.116667 5
0.116883 1
0.116935 1
0.117336 1
0.117647 6
0.118952 1
0.11954 1
0.12 2
0.120879 8
0.120968 1
0.121053 1
0.121212 17
0.122333 1
0.122581 1
0.122807 1
0.122924 1
0.122984 1
0.123333 1
0.12381 8
0.124183 1
0.124339 1
0.124346 1
0.12437 1
0.124731 1
0.124859 1
0.125 3
0.125541 2
0.126275 1
0.126316 1
0.126482 2
0.126996 1
0.127273 16
0.128205 11
0.128342 1
0.128447 1
0.128655 1
0.128964 1
0.129412 1
0.12963 1
0.13 1
0.130435 1
0.130542 1
0.130719 2
0.13098 1
0.131579 1
0.131638 1
0.131868 6
0.132275 1
0.132308 1
0.132353 4
0.133333 149
0.13369 1
0.133903 1
0.134503 2
0.134953 1
0.136364 17
0.136842 1
0.137097 1
0.137255 5
0.137566 1
0.137815 1
0.138095 2
0.13834 2
0.138462 1
0.138528 1
0.138889 26
0.13964 1
0.139683 1
0.139706 5
0.139785 1
0.140351 2
0.140443 1
0.140702 1
0.141026 14
0.141063 1
0.141141 1
0.14127 1
0.141538 1
0.141667 3
0.142105 4
0.142424 1
0.142857 111
0.143333 1
0.143791 2
0.144086 1
0.144393 1
0.144615 1
0.144828 1
0.144855 1
0.144928 1
0.145455 17
0.146199 1
0.146245 2
0.14629 1
0.147059 2
0.147619 1
0.147783 1
0.148496 1
0.148551 1
0.148936 1
0.15 6
0.150029 1
0.150168 1
0.150304 1
0.150327 2
0.150997 1
0.151515 15
0.151977 1
0.152047 1
0.152381 5
0.152632 1
0.152941 1
0.153623 1
0.153846 6
0.15415 1
0.154412 4
0.154545 1
0.154622 1
0.155242 1
0.155303 1
0.155556 19
0.155797 1
0.155844 1
0.156682 1
0.156863 1
0.157658 1
0.157895 5
0.158333 5
0.158971 1
0.15914 1
0.160173 1
0.161353 1
0.161765 1
0.161905 4
0.162055 1
0.163043 1
0.163158 2
0.163218 1
0.163293 1
0.163399 4
0.163636 6
0.163664 1
0.163743 1
0.164835 4
0.165025 1
0.165517 1
0.165591 1
0.165992 1
0.166667 310
0.167947 1
0.168091 1
0.168421 1
0.168831 2
0.169118 2
0.169312 1
0.16934 1
0.169591 2
0.169935 5
0.169951 1
0.170697 1
0.171429 7
0.171795 1
0.172043 1
0.17316 4
0.173333 2
0.173684 1
0.174194 1
0.174603 1
0.175 1
0.175385 1
0.175532 2
0.175824 6
0.17608 1
0.17619 1
0.176471 4
0.176711 1
0.17734 1
0.177498 1
0.177536 1
0.177778 19
0.177866 1
0.178253 1
0.178571 45
0.178947 2
0.179487 6
0.18 1
0.180278 1
0.180952 5
0.181287 1
0.181513 1
0.181818 24
0.182796 1
0.183007 1
0.183333 2
0.183824 3
0.184211 2
0.184669 1
0.184783 2
0.185185 1
0.185714 1
0.185771 1
0.186147 1
0.186667 3
0.186813 1
0.187135 2
0.187166 1
0.187179 1
0.187831 1
0.188406 1
0.188934 1
0.188948 1
0.190476 72
0.190731 1
0.190883 1
0.190904 1
0.191327 1
0.191667 2
0.192308 9
0.192982 4
0.193103 1
0.193122 1
0.193846 1
0.194444 24
0.194737 1
0.194805 1
0.195324 1
0.196078 1
0.19697 10
0.197802 5
0.197849 1
0.197995 1
0.198529 4
0.198582 1
0.198714 1
0.19883 1
0.199134 2
0.2 270
0.200847 1
0.201426 1
0.201581 2
0.201665 1
0.20201 1
0.202614 2
0.203077 1
0.203373 1
0.204301 1
0.204762 2
0.205128 9
0.205534 1
0.206522 2
0.20802 1
0.208333 4
0.208791 5
0.209091 1
0.209486 1
0.209524 5
0.210526 1
0.211901 1
0.212121 9
0.213235 1
0.213439 1
0.214286 33
0.214932 1
0.215385 1
0.215686 1
0.216216 1
0.21645 1
0.216667 1
0.217949 8
0.218182 7
0.218293 1
0.219048 4
0.219212 1
0.219251 1
0.219577 1
0.21978 4
0.220588 2
0.220779 1
0.221178 1
0.221344 1
0.221835 1
0.222222 38
0.223329 1
0.223404 1
0.223673 1
0.225 3
0.225108 2
0.226316 1
0.226481 1
0.227273 4
0.227941 1
0.22807 2
0.228571 4
0.229839 1
0.230769 10
0.233333 2
0.233468 1
0.233618 1
0.233766 1
0.233918 1
0.23399 1
0.234398 1
0.235294 7
0.235772 1
0.236131 1
0.236167 1
0.236364 8
0.236667 1
0.238095 43
0.239065 1
0.239316 2
0.239766 1
0.240216 1
0.241379 1
0.241667 2
0.241758 2
0.24183 1
0.242105 1
0.242424 6
0.242857 1
0.24359 4
0.243842 1
0.244444 8
0.245161 1
0.245614 1
0.246377 2
0.246753 1
0.247368 1
0.247475 1
0.247619 1
0.248366 2
0.248677 1
0.25 35
0.251082 1
0.251462 2
0.252016 1
0.252381 1
0.252747 3
0.2537 1
0.254545 4
0.254902 3
0.256158 1
0.25641 3
0.256667 1
0.257143 6
0.257353 1
0.257471 1
0.257576 7
0.257895 1
0.258333 1
0.259756 1
0.261364 1
0.261438 2
0.263158 2
0.263736 4
0.264493 1
0.264706 1
0.264822 1
0.265152 1
0.266667 73
0.269006 1
0.269231 1
0.269841 1
0.271429 2
0.272727 15
0.273333 1
0.274359 1
0.274725 1
0.275269 1
0.275362 1
0.27619 1
0.27668 1
0.277056 1
0.277419 1
0.277778 10
0.279202 1
0.279412 1
0.280702 3
0.282051 2
0.283333 1
0.284211 1
0.28475 1
0.285714 58
0.286232 1
0.286765 2
0.287395 1
0.287582 1
0.287749 1
0.287879 2
0.288889 4
0.290909 5
0.291667 2
0.291954 1
0.292339 1
0.292398 2
0.29249 1
0.292848 1
0.293103 1
0.294118 1
0.294872 3
0.295238 6
0.297101 1
0.29803 1
0.298246 2
0.298942 1
0.3 101
0.300395 1
0.300725 1
0.301471 1
0.30303 5
0.304762 7
0.305556 11
0.307359 1
0.307692 3
0.308333 1
0.309091 8
0.309942 2
0.310526 1
0.311111 10
0.313725 1
0.313846 1
0.314286 1
0.314815 1
0.315271 1
0.315789 1
0.316667 1
0.318182 5
0.318681 1
0.320261 2
0.320513 5
0.321053 2
0.321429 10
0.323529 1
0.324111 1
0.324138 1
0.324675 1
0.325 1
0.326797 2
0.327273 4
0.327485 1
0.332016 1
0.333333 629
0.334677 1
0.339015 1
0.339869 1
0.34127 1
0.342857 1
0.344203 1
0.345455 4
0.345588 1
0.346154 3
0.34632 1
0.347619 1
0.348485 4
0.35 2
0.350769 1
0.351648 2
0.352381 1
0.355556 6
0.357143 8
0.358974 2
0.361111 8
0.361905 3
0.363636 6
0.367201 1
0.368421 1
0.369231 1
0.371795 1
0.375 1
0.377778 3
0.378947 1
0.379085 1
0.380952 17
0.381766 1
0.381818 1
0.384615 1
0.385621 1
0.388889 8
0.389474 1
0.390476 1
0.391667 1
0.392157 1
0.392857 11
0.393939 3
0.395604 1
0.4 76
0.406452 1
0.406593 2
0.409524 1
0.410256 2
0.411765 1
0.416667 7
0.419048 1
0.428571 26
0.435897 1
0.436364 2
0.437908 1
0.439394 3
0.444444 10
0.448718 2
0.454545 4
0.45614 1
0.461538 1
0.463768 1
0.464286 10
0.466667 18
0.470588 1
0.472222 4
0.47619 14
0.477941 1
0.488889 1
0.490909 1
0.491667 1
0.494505 1
0.5 121
0.507937 1
0.509091 3
0.512821 1
0.515152 1
0.523077 1
0.52381 10
0.527778 2
0.529412 1
0.530303 1
0.533333 9
0.535714 5
0.545455 1
0.571429 5
0.577778 1
0.583333 2
0.6 27
0.606061 1
0.607143 2
0.619048 3
0.628205 1
0.636364 1
0.642857 1
0.663158 1
0.666667 156
0.672727 1
0.675889 1
0.678571 1
0.7 3
0.718615 1
0.720588 1
0.733333 2
0.79085 1
0.8 3
0.833333 12
0.866667 1
0.9 3
1 365
