0 3735
0.00645161 1
0.00833333 1
0.010989 1
0.0151515 1
0.016092 1
0.0181818 1
0.021978 1
0.0220588 1
0.0222222 2
0.025 1
0.0277778 5
0.0326797 1
0.032967 2
0.0333333 1
0.034632 1
0.0357143 9
0.0362903 1
0.0363636 3
0.0384615 2
0.0431849 1
0.043956 1
0.0444444 3
0.0454545 3
0.0471014 1
0.047619 22
0.0499109 1
0.052381 1
0.0526316 1
0.0545455 5
0.0555556 8
0.0584795 1
0.0645161 1
0.0666667 37
0.0701754 1
0.0714286 5
0.0727273 1
0.075 1
0.0757576 4
0.0761905 1
0.0833333 10
0.0860215 1
0.0879121 1
0.0882353 1
0.0888889 5
0.0909091 6
0.0915033 1
0.0952381 17
0.1 72
0.100985 1
0.102564 2
0.107143 10
0.109524 1
0.111111 7
0.114286 1
0.115385 1
0.116667 1
0.117647 1
0.120879 1
0.121212 3
0.12381 2
0.128205 1
0.133333 29
0.136364 1
0.138889 3
0.140351 1
0.142857 18
0.145455 3
0.151515 2
0.153846 1
0.155556 3
0.161905 3
0.163636 3
0.166667 148
0.169118 1
0.176471 1
0.177778 3
0.178571 15
0.179487 1
0.186813 1
0.190476 8
0.194444 7
0.19697 1
0.2 65
0.214286 12
0.218182 1
0.222222 7
0.227273 1
0.238095 2
0.242424 1
0.244444 2
0.25 7
0.254545 1
0.258333 1
0.266667 21
0.277778 4
0.285714 9
0.3 22
0.321429 2
0.333333 273
0.357143 2
0.361111 1
0.380952 5
0.381818 1
0.388889 1
0.392857 2
0.4 18
0.416667 2
0.428571 6
0.444444 2
0.464286 1
0.466667 5
0.47619 1
0.5 53
0.509091 1
0.511111 2
0.533333 3
0.535714 1
0.6 7
0.607143 1
0.666667 77
0.7 3
0.8 1
0.833333 6
0.9 1
1 275
