0 3713
0.0091954 1
0.0128205 1
0.0147059 1
0.0151515 1
0.0166667 1
0.0181818 1
0.0190476 1
0.021164 1
0.0222222 2
0.025 1
0.0277778 3
0.0285714 1
0.0291005 1
0.030303 2
0.032967 1
0.0344828 1
0.0350877 2
0.0357143 10
0.0363636 1
0.0444444 5
0.0454545 2
0.0467836 1
0.0474308 1
0.0474747 1
0.047619 21
0.05 1
0.0512821 1
0.0514706 1
0.0534262 1
0.0543478 1
0.0545455 2
0.0555556 6
0.0583333 1
0.0606061 2
0.0659341 2
0.0661765 1
0.0666667 31
0.0687831 1
0.0714286 9
0.0727273 2
0.0752688 1
0.0757576 1
0.0769231 1
0.0789474 1
0.0789916 1
0.0833333 6
0.0857143 1
0.0879121 1
0.0888889 6
0.0897436 1
0.0909091 9
0.0915033 1
0.0952381 11
0.1 59
0.102564 2
0.107143 9
0.108333 1
0.109091 4
0.111111 12
0.114286 1
0.120879 1
0.121053 2
0.12381 1
0.125 1
0.127273 2
0.131868 2
0.133333 28
0.138889 5
0.142857 27
0.143791 1
0.145455 1
0.151515 3
0.152381 1
0.153846 1
0.155556 2
0.161905 1
0.164835 1
0.166667 141
0.177778 1
0.178571 8
0.181818 3
0.186813 1
0.190476 16
0.194444 3
0.19697 1
0.2 60
0.209524 1
0.212121 1
0.214286 5
0.222222 5
0.227273 1
0.236364 1
0.238095 9
0.244444 2
0.25 5
0.266667 9
0.272727 1
0.277778 1
0.285714 8
0.287879 1
0.288889 1
0.294872 1
0.3 31
0.305556 1
0.311111 1
0.321429 5
0.333333 315
0.357143 2
0.361111 1
0.380952 2
0.388889 1
0.392857 1
0.4 18
0.416667 1
0.418182 1
0.428571 4
0.464286 1
0.466667 8
0.47619 3
0.5 50
0.52381 1
0.533333 5
0.535714 1
0.571429 1
0.6 11
0.619048 1
0.666667 78
0.694444 1
0.7 1
0.8 4
0.833333 12
0.857143 1
0.9 1
1 280
