0 3294
0.010989 2
0.012012 1
0.0151515 1
0.0220588 1
0.0221774 1
0.0222222 3
0.025641 1
0.0277778 5
0.03 1
0.0326797 1
0.0333333 1
0.0357143 9
0.0363636 1
0.0380952 1
0.0396825 1
0.0428571 1
0.0436782 1
0.0441176 1
0.0444444 2
0.0454545 1
0.047619 20
0.0512821 1
0.0526316 1
0.0545455 2
0.0545791 1
0.0549451 1
0.0555556 1
0.0588235 1
0.0602564 1
0.0606061 2
0.0619048 1
0.0633333 1
0.0641026 1
0.0666667 27
0.0676923 1
0.0714286 7
0.0727273 4
0.0757576 2
0.0761905 1
0.0769231 4
0.0784314 1
0.0806723 1
0.0833333 7
0.0849673 1
0.0865801 1
0.0877193 1
0.0888889 3
0.0897436 2
0.0909091 4
0.0952381 18
0.0980392 1
0.1 77
0.102564 1
0.104762 1
0.105263 1
0.106061 2
0.107143 10
0.109091 3
0.10989 1
0.111111 8
0.115385 3
0.121212 4
0.122807 1
0.12381 2
0.125 2
0.127273 1
0.128205 1
0.13 1
0.130719 1
0.131868 2
0.133333 40
0.136364 1
0.138889 6
0.141026 1
0.142857 21
0.143791 2
0.145455 8
0.147059 1
0.15 1
0.150327 1
0.151515 3
0.155556 3
0.155844 1
0.158333 2
0.161905 1
0.163636 1
0.164835 1
0.166667 149
0.175 1
0.177778 4
0.178571 9
0.179487 1
0.180952 1
0.181818 4
0.183333 1
0.186813 1
0.190476 12
0.194444 6
0.195238 1
0.19697 1
0.2 88
0.205128 1
0.205882 1
0.208333 1
0.20915 1
0.212121 1
0.214286 6
0.217949 1
0.218182 2
0.219048 2
0.21978 1
0.222222 9
0.227273 1
0.236364 1
0.238095 9
0.24359 2
0.244444 1
0.25 14
0.257576 1
0.266667 24
0.272727 4
0.275 1
0.277778 5
0.285714 7
0.288889 3
0.294872 1
0.3 42
0.305556 2
0.311111 1
0.316667 1
0.321429 4
0.327273 1
0.333333 344
0.345455 1
0.348485 1
0.355556 2
0.357143 4
0.373626 1
0.377778 1
0.380952 6
0.381818 1
0.392857 2
0.4 33
0.428571 8
0.464286 5
0.466667 6
0.472222 1
0.47619 4
0.488889 1
0.490909 1
0.5 90
0.52381 5
0.527778 1
0.533333 6
0.535714 1
0.555556 1
0.563636 1
0.571429 2
0.581818 1
0.6 11
0.607143 1
0.619048 1
0.636364 2
0.666667 110
0.678571 1
0.7 7
0.714286 1
0.733333 1
0.8 5
0.833333 10
0.866667 1
0.9 1
0.933333 1
0.952381 1
1 398
