0 1
0.1 1
0.111111 1
0.131202 1
0.132353 1
0.166667 3
0.178571 1
0.184783 1
0.2 3
0.209677 1
0.211204 1
0.217949 1
0.218182 1
0.222222 1
0.238095 1
0.247619 1
0.249113 1
0.25 2
0.254545 1
0.254902 1
0.26087 1
0.262435 1
0.264706 1
0.266667 1
0.267806 1
0.273684 1
0.280702 1
0.289231 1
0.293333 1
0.295238 1
0.300395 1
0.302419 1
0.304878 1
0.308333 1
0.308943 1
0.309179 1
0.312698 1
0.313333 1
0.316667 1
0.320513 1
0.321429 1
0.32266 1
0.326514 1
0.326602 1
0.327586 1
0.327652 1
0.327986 1
0.33 1
0.330436 1
0.330484 1
0.333333 5
0.335484 1
0.335968 1
0.336694 1
0.337143 1
0.342276 1
0.345455 1
0.345588 1
0.34632 1
0.348718 1
0.34958 1
0.35 1
0.350649 1
0.351504 1
0.352941 1
0.357044 1
0.359848 1
0.359911 1
0.361905 1
0.362302 1
0.365508 1
0.367647 1
0.370713 1
0.374637 1
0.375287 1
0.377778 1
0.378495 1
0.379085 1
0.380952 2
0.38447 1
0.384946 1
0.385281 1
0.385965 1
0.386303 1
0.386336 1
0.387097 1
0.387411 1
0.389706 1
0.390476 1
0.39418 1
0.394558 1
0.394627 1
0.397436 1
0.399184 1
0.399333 1
0.4 7
0.401478 1
0.401709 1
0.40825 1
0.409091 1
0.409524 2
0.41396 1
0.414286 1
0.417417 1
0.417582 1
0.417788 1
0.420072 1
0.421053 1
0.421397 1
0.421924 1
0.422419 1
0.423333 1
0.424359 1
0.425545 1
0.42622 1
0.427681 1
0.428571 1
0.430293 1
0.432749 1
0.433632 1
0.435374 1
0.436364 1
0.436782 1
0.437049 1
0.438095 1
0.438596 1
0.439326 1
0.439394 1
0.44127 1
0.442857 1
0.444444 1
0.45 1
0.450549 1
0.450835 1
0.452991 1
0.453078 1
0.453333 1
0.453509 1
0.454123 1
0.454545 1
0.455072 1
0.45614 1
0.456575 1
0.45709 1
0.457693 1
0.458333 1
0.458769 1
0.458908 1
0.460145 1
0.461538 1
0.462981 1
0.464015 2
0.465726 1
0.470485 1
0.471774 1
0.472131 1
0.472371 1
0.472858 1
0.474849 1
0.475939 1
0.47619 2
0.478352 1
0.480179 1
0.480296 1
0.482891 1
0.483871 1
0.484127 1
0.485484 1
0.488903 1
0.490128 1
0.491563 1
0.492647 1
0.493648 1
0.494253 1
0.494624 1
0.496825 1
0.497577 1
0.497687 1
0.498062 1
0.5 2
0.501388 1
0.501499 1
0.501961 1
0.502674 1
0.503149 1
0.504762 1
0.506239 1
0.506435 1
0.506453 1
0.506731 1
0.507353 1
0.508333 1
0.509952 1
0.511111 1
0.511357 1
0.511608 1
0.512232 1
0.512821 1
0.513193 1
0.516057 1
0.516516 1
0.516949 1
0.517781 1
0.517875 1
0.52019 1
0.523297 1
0.523603 1
0.52381 1
0.524346 1
0.524631 1
0.525019 1
0.525795 1
0.526374 1
0.526544 1
0.527066 1
0.527473 1
0.527552 1
0.527629 2
0.527778 3
0.528539 1
0.528704 1
0.52877 1
0.529231 1
0.529994 1
0.530571 1
0.531073 1
0.531306 1
0.531674 1
0.534413 1
0.535385 1
0.536765 2
0.537167 1
0.537341 1
0.537488 1
0.537549 1
0.537586 1
0.538462 1
0.538596 1
0.538994 1
0.539959 1
0.54018 1
0.540577 1
0.540949 1
0.541667 1
0.542307 1
0.54232 1
0.542745 1
0.544077 1
0.544118 1
0.544781 1
0.544791 1
0.54485 1
0.545455 1
0.545675 1
0.545974 1
0.546272 1
0.547216 1
0.547619 2
0.547878 1
0.549107 1
0.55 1
0.550655 1
0.551282 1
0.551418 1
0.551862 1
0.552381 1
0.552714 1
0.553623 1
0.554117 1
0.554705 1
0.555209 1
0.555392 1
0.555556 1
0.555784 1
0.555925 1
0.556284 1
0.556818 1
0.558131 1
0.558402 1
0.56044 1
0.560764 1
0.561353 1
0.562162 1
0.56217 1
0.563636 1
0.564103 1
0.565217 1
0.565657 1
0.565714 1
0.566093 1
0.566176 1
0.567177 1
0.567435 1
0.568038 1
0.569149 1
0.570035 1
0.570321 1
0.571186 1
0.571429 3
0.573333 1
0.573871 1
0.574059 1
0.574327 1
0.574468 1
0.575207 1
0.575248 1
0.575503 1
0.576031 1
0.576248 1
0.577864 1
0.578829 1
0.578947 1
0.580087 1
0.580882 1
0.583023 1
0.583193 1
0.583333 3
0.583673 1
0.584777 1
0.586453 1
0.586632 1
0.586727 1
0.587692 1
0.588235 1
0.588481 1
0.589432 1
0.589744 1
0.590909 1
0.591941 1
0.593407 1
0.594771 1
0.595734 1
0.59698 1
0.599366 1
0.599501 1
0.599572 1
0.6 3
0.60094 1
0.60119 1
0.601449 1
0.602439 1
0.602891 1
0.602926 1
0.602941 1
0.604396 1
0.604598 1
0.605042 1
0.605263 2
0.605941 1
0.606607 1
0.607111 1
0.607129 1
0.607143 1
0.607407 1
0.607843 1
0.608228 1
0.608595 1
0.608683 1
0.608779 1
0.609091 1
0.60961 1
0.609756 1
0.610061 1
0.610294 1
0.613191 1
0.613415 1
0.614815 1
0.615385 1
0.616725 1
0.616753 1
0.617006 1
0.617073 1
0.617089 1
0.617959 1
0.618048 1
0.618147 1
0.618871 1
0.618935 1
0.619249 1
0.621118 1
0.621212 1
0.62202 1
0.622222 1
0.622989 1
0.623516 1
0.623693 1
0.624176 1
0.625769 1
0.627451 1
0.627792 1
0.628571 1
0.629464 1
0.630631 1
0.632262 1
0.633987 1
0.636364 1
0.638469 1
0.638808 1
0.639436 1
0.639451 1
0.639929 1
0.641026 1
0.64127 1
0.641667 1
0.644289 1
0.645646 1
0.647544 1
0.647619 1
0.64881 1
0.649462 1
0.649505 1
0.650794 1
0.651509 1
0.651583 1
0.651592 1
0.652422 1
0.654655 1
0.655381 1
0.65676 1
0.657918 1
0.658455 1
0.658904 1
0.659847 1
0.660408 1
0.663054 1
0.663937 1
0.66416 1
0.664557 1
0.664565 1
0.664741 1
0.664935 1
0.666667 7
0.66708 1
0.667597 1
0.668003 1
0.668188 1
0.668231 1
0.668593 1
0.668665 1
0.668874 1
0.668903 1
0.669118 1
0.669512 1
0.669951 1
0.671229 1
0.671301 1
0.671429 1
0.672534 1
0.672761 1
0.674987 1
0.675038 1
0.675377 1
0.67619 3
0.676489 1
0.676971 1
0.677338 1
0.67775 1
0.678161 1
0.679144 1
0.68 2
0.680775 1
0.680793 1
0.681818 1
0.682284 1
0.682589 1
0.684354 1
0.685026 1
0.685036 1
0.685883 1
0.687812 1
0.6882 1
0.688282 1
0.688406 1
0.689922 1
0.690222 1
0.690385 1
0.691437 1
0.692308 3
0.692508 1
0.69281 1
0.693567 1
0.69407 1
0.694444 2
0.694953 1
0.695008 1
0.695495 1
0.695702 1
0.696189 1
0.696748 1
0.696758 1
0.696775 1
0.69697 1
0.697106 1
0.698218 1
0.698343 1
0.698864 1
0.6993 1
0.699669 1
0.699957 1
0.7 2
0.701135 1
0.701282 1
0.701754 1
0.701948 1
0.702128 1
0.702719 1
0.702731 1
0.703397 1
0.704385 1
0.705128 2
0.705861 1
0.705882 1
0.706061 1
0.70618 1
0.706349 1
0.706364 1
0.706477 1
0.707692 1
0.708307 1
0.70884 1
0.709193 1
0.709207 1
0.709677 1
0.710586 1
0.711169 1
0.711462 1
0.712356 1
0.712605 1
0.713215 1
0.71344 1
0.71345 1
0.713777 1
0.714286 4
0.714356 1
0.716492 1
0.71652 1
0.71677 1
0.717647 1
0.718445 1
0.718646 1
0.719212 1
0.719312 1
0.719845 1
0.720803 1
0.721081 1
0.72136 1
0.721776 1
0.721954 1
0.723171 1
0.723387 1
0.724016 1
0.724767 1
0.725659 1
0.726797 1
0.726931 1
0.728205 1
0.728282 1
0.729169 1
0.729772 1
0.730425 1
0.730769 1
0.731568 1
0.731579 1
0.731716 1
0.732178 1
0.732271 1
0.733333 1
0.733746 1
0.734264 1
0.735705 1
0.736494 1
0.737205 1
0.737675 1
0.738306 1
0.738494 1
0.738906 1
0.739557 1
0.739726 1
0.740054 1
0.740134 1
0.740407 1
0.740489 1
0.741092 1
0.742424 1
0.742446 1
0.743333 1
0.74359 1
0.743933 1
0.744549 1
0.744865 1
0.745489 1
0.745907 1
0.746871 1
0.747253 1
0.747284 1
0.747368 1
0.74774 1
0.747967 1
0.74889 1
0.75 4
0.750222 1
0.750476 1
0.751133 1
0.752381 1
0.752613 1
0.752941 1
0.752949 1
0.754022 1
0.754676 1
0.755155 1
0.755215 1
0.755925 1
0.756072 1
0.756389 1
0.75641 1
0.757892 1
0.758923 1
0.760467 1
0.761677 1
0.761861 1
0.762702 1
0.763393 1
0.764069 1
0.764132 1
0.764347 1
0.764692 1
0.764791 1
0.765111 1
0.76756 1
0.769231 2
0.770056 1
0.770107 1
0.77027 1
0.770936 1
0.771196 1
0.772727 1
0.773348 1
0.773829 1
0.773968 1
0.774094 1
0.777108 1
0.778148 1
0.779268 1
0.779508 1
0.780516 1
0.780518 1
0.784177 1
0.784211 1
0.786255 1
0.78858 1
0.789893 1
0.792984 1
0.793411 1
0.79649 1
0.8 3
0.819539 1
0.821429 1
0.822222 1
0.83043 1
0.833333 5
0.904762 1
1 7
