0 587
0.000784314 1
0.00169337 1
0.00215054 1
0.00244898 1
0.00253509 1
0.00350877 1
0.00430108 1
0.00471678 1
0.00512821 1
0.00526316 1
0.0052907 1
0.0055371 1
0.00604839 1
0.00757576 1
0.00780767 1
0.00833333 1
0.00846945 1
0.00848939 1
0.00854701 1
0.00891266 1
0.0106702 1
0.0107595 1
0.0108696 2
0.0115248 1
0.0119771 1
0.0123153 1
0.0123367 1
0.0126613 1
0.0128023 1
0.0128205 3
0.012987 1
0.0137421 1
0.0139064 1
0.0142857 1
0.0143541 1
0.0144928 1
0.0146113 1
0.0147059 1
0.0151515 2
0.015873 1
0.0166909 1
0.0172043 1
0.017316 1
0.0174603 1
0.0181159 1
0.0181818 9
0.0183969 1
0.0184173 1
0.0186872 1
0.0187755 1
0.0195122 1
0.0196078 3
0.0197044 1
0.019943 1
0.0201299 1
0.020362 1
0.0206349 1
0.0211416 1
0.0217462 1
0.0218487 1
0.021978 3
0.0222222 6
0.0227596 1
0.0229592 1
0.0229885 1
0.0232558 1
0.0233918 1
0.0237154 1
0.0241821 1
0.0241935 1
0.0246753 1
0.0249744 1
0.025 1
0.025127 1
0.0252905 1
0.0253061 1
0.0253623 1
0.025641 1
0.0259798 1
0.026087 1
0.026455 1
0.0265537 1
0.0266667 2
0.0269388 1
0.0270499 1
0.027583 1
0.0275862 1
0.027668 1
0.0276923 1
0.0277778 12
0.0279035 1
0.0284495 1
0.0287929 1
0.0292398 2
0.0297619 1
0.03 1
0.0302419 1
0.030303 6
0.0315789 1
0.031685 1
0.0320197 1
0.0322845 1
0.0326797 1
0.032967 2
0.0338164 1
0.0338681 1
0.0340909 1
0.0344828 1
0.034632 2
0.0350168 1
0.0350282 1
0.0350631 1
0.0352941 2
0.0357143 18
0.036036 1
0.0360784 1
0.0363636 8
0.0368421 2
0.0369458 1
0.0370028 1
0.037037 1
0.0380518 1
0.0380952 3
0.0384615 5
0.0385682 1
0.0387097 1
0.0396825 1
0.0405405 1
0.0409357 1
0.040959 1
0.0410256 1
0.0412299 1
0.0413793 1
0.0416667 5
0.0419287 1
0.042042 1
0.0421053 1
0.042735 1
0.0430584 1
0.0434783 1
0.043956 4
0.0440292 1
0.0441176 1
0.0442968 1
0.0444209 1
0.0444444 9
0.0453782 1
0.0454545 8
0.045584 2
0.0457516 1
0.0461261 1
0.0462963 1
0.0464646 1
0.0469484 1
0.0473118 1
0.0474308 1
0.0475192 1
0.047619 45
0.0477783 1
0.0482759 1
0.0483828 1
0.0491803 1
0.0492611 2
0.0494624 1
0.05 4
0.0508475 1
0.0510204 1
0.0512821 5
0.0516129 1
0.0516854 1
0.0517241 1
0.0519481 1
0.0522876 4
0.0523077 1
0.052381 2
0.0526316 1
0.0527211 1
0.0528736 1
0.0530303 1
0.0535368 1
0.0537634 1
0.0537815 1
0.0538847 1
0.0541311 1
0.0541872 1
0.0545455 11
0.0549451 2
0.0551724 1
0.055336 1
0.0553846 2
0.0555556 15
0.0559006 1
0.0562771 1
0.0564516 1
0.0571429 8
0.0578947 1
0.0579592 1
0.0580694 1
0.0584615 1
0.0584795 1
0.0587121 1
0.0588235 5
0.0592885 1
0.0595238 1
0.0597701 1
0.06 1
0.0606061 6
0.0608466 2
0.0609081 1
0.0610583 1
0.0614773 1
0.0615385 1
0.0615764 1
0.0619048 2
0.0619796 1
0.0621943 1
0.0623656 1
0.0623886 1
0.0624123 1
0.0625 1
0.0627178 1
0.0631579 2
0.0632411 1
0.0634921 1
0.0641026 4
0.0643275 2
0.0643678 1
0.0647773 1
0.0649351 4
0.0650794 1
0.0652174 1
0.0653595 2
0.0656429 1
0.0659341 2
0.0661765 2
0.0665025 1
0.0666667 94
0.0671937 1
0.0675676 1
0.068254 1
0.0684211 1
0.0685484 1
0.0687831 1
0.0689655 1
0.0690048 1
0.0690196 1
0.0701754 3
0.0705706 1
0.0707317 1
0.0707692 1
0.070862 1
0.0713012 1
0.0714286 22
0.0720779 1
0.0725806 1
0.0727273 12
0.0731183 1
0.0733333 1
0.0735294 2
0.0735632 1
0.0735931 1
0.0738916 1
0.0740741 1
0.0746032 2
0.0747729 1
0.0748663 1
0.075 4
0.0753623 1
0.0755169 1
0.0757576 6
0.0758621 1
0.0760234 4
0.0761905 7
0.076412 1
0.0766667 3
0.0767196 2
0.0769231 12
0.0770492 1
0.0773109 1
0.0779221 2
0.0781609 1
0.0784314 1
0.0786885 1
0.0789474 3
0.0790514 1
0.079235 1
0.08 3
0.080226 1
0.0804878 1
0.0808824 4
0.0810811 1
0.0812808 1
0.0816249 1
0.0816697 1
0.0818713 3
0.0819964 1
0.0822511 2
0.0825397 1
0.0826211 1
0.0827586 1
0.083004 1
0.0833333 31
0.0836725 1
0.0842105 2
0.0846561 1
0.0849673 2
0.0852273 1
0.0855615 1
0.0856464 1
0.0857143 7
0.0859466 1
0.0861538 1
0.0865801 3
0.0868794 1
0.0869565 1
0.087344 1
0.0873563 1
0.0877193 4
0.0879121 6
0.0880231 1
0.088172 2
0.0882353 3
0.0888889 23
0.0889894 1
0.0894737 4
0.0897436 6
0.0899471 1
0.09 2
0.0900901 1
0.0904762 1
0.0905797 2
0.0907258 1
0.0907563 1
0.0908521 1
0.0909091 18
0.0910384 1
0.0915033 1
0.0915254 1
0.0916667 4
0.091954 1
0.0923077 2
0.0924731 1
0.0929884 1
0.0930612 1
0.0933333 1
0.0940171 1
0.0942029 1
0.0944742 1
0.0946237 1
0.0946765 1
0.0947368 3
0.0948617 1
0.0950226 1
0.0950695 1
0.0952381 52
0.0953846 2
0.0955882 4
0.0956522 1
0.0957983 1
0.0958529 1
0.0960591 1
0.0967742 2
0.0968661 1
0.0974125 1
0.0978261 1
0.0980392 2
0.0989011 7
0.0994152 2
0.099594 1
0.0997151 1
0.1 131
0.100379 1
0.100439 1
0.100529 1
0.10084 1
0.101442 1
0.101449 2
0.101633 1
0.101883 2
0.102041 1
0.102439 1
0.102564 9
0.102767 2
0.102941 4
0.103175 1
0.103673 1
0.104575 2
0.104615 1
0.104762 10
0.105072 1
0.105263 7
0.105288 1
0.105413 2
0.10582 1
0.106061 9
0.106349 1
0.106719 2
0.107143 42
0.107246 1
0.108247 1
0.108262 1
0.108333 4
0.108374 1
0.109091 18
0.109244 1
0.109524 2
0.109848 1
0.10989 7
0.110294 4
0.110345 1
0.110517 1
0.110526 2
0.110672 1
0.110769 2
0.111111 50
0.112299 1
0.112554 2
0.112568 1
0.1133 1
0.114082 1
0.114141 1
0.114286 7
0.114625 2
0.115385 10
0.11553 1
0.115789 3
0.115865 1
0.115942 1
0.116162 1
0.11655 1
0.116667 1
0.116959 1
0.117424 1
0.117647 4
0.118227 1
0.118432 1
0.118758 1
0.119048 2
0.119318 1
0.119601 2
0.119628 1
0.119737 1
0.120879 10
0.120894 1
0.120968 1
0.121053 1
0.121212 18
0.12154 1
0.122344 1
0.122581 1
0.123077 1
0.123156 1
0.123188 1
0.123333 2
0.12381 3
0.124093 1
0.124183 2
0.124211 1
0.124242 1
0.12439 1
0.124638 1
0.124893 1
0.125 7
0.125196 1
0.125309 1
0.125727 1
0.126126 1
0.126316 3
0.126446 1
0.126482 2
0.12685 1
0.126852 1
0.126984 1
0.127273 11
0.127353 1
0.127543 1
0.128079 1
0.128205 12
0.128571 3
0.128655 1
0.12987 1
0.130252 1
0.130435 1
0.130719 3
0.131579 1
0.131868 4
0.132353 1
0.133333 128
0.133566 1
0.133634 1
0.133803 1
0.133998 1
0.1343 1
0.134387 1
0.13447 1
0.134503 2
0.136364 14
0.136637 2
0.136667 4
0.136842 1
0.13705 1
0.137255 3
0.13732 1
0.137931 1
0.13798 1
0.138095 1
0.13834 1
0.138384 1
0.138528 3
0.138798 1
0.138889 24
0.139535 1
0.139601 1
0.139706 2
0.140351 1
0.141026 14
0.141538 3
0.141667 6
0.142105 1
0.142683 1
0.142857 119
0.143145 1
0.143791 4
0.144399 1
0.144444 1
0.144561 1
0.144781 1
0.145161 2
0.145455 14
0.145833 1
0.146199 3
0.146245 1
0.147619 3
0.147692 1
0.148148 1
0.14936 1
0.15 4
0.150075 1
0.150327 1
0.150538 1
0.150769 1
0.151515 8
0.152047 2
0.152174 2
0.152205 1
0.152381 9
0.152709 1
0.153153 1
0.153333 1
0.153846 16
0.154023 1
0.154412 1
0.154839 1
0.155556 19
0.156085 1
0.156177 1
0.156667 1
0.156695 2
0.156863 4
0.156923 1
0.157143 1
0.157197 1
0.157635 1
0.157895 4
0.158333 3
0.158645 1
0.159091 1
0.159117 1
0.15942 2
0.159544 1
0.159596 1
0.159664 1
0.160248 1
0.160594 1
0.16092 1
0.16129 2
0.161765 4
0.161905 7
0.162055 1
0.162415 1
0.162826 1
0.163399 2
0.163636 12
0.164835 6
0.165025 1
0.165242 1
0.166008 2
0.16624 1
0.16643 1
0.166667 288
0.166752 1
0.167488 1
0.1678 1
0.168168 2
0.168421 1
0.168459 1
0.168831 2
0.168962 1
0.169014 1
0.169118 4
0.169527 1
0.169591 2
0.169935 2
0.169951 1
0.16996 1
0.17029 1
0.17094 1
0.171371 1
0.171429 8
0.171627 1
0.172308 1
0.172872 1
0.172959 1
0.173684 1
0.173789 1
0.173913 2
0.174877 1
0.175 3
0.175439 2
0.175468 1
0.175824 6
0.17619 1
0.176344 1
0.176471 2
0.176582 1
0.177249 1
0.177536 1
0.177778 26
0.17803 1
0.178138 1
0.178253 1
0.178571 46
0.179487 7
0.180761 1
0.180952 7
0.181159 2
0.181287 1
0.181452 1
0.181818 25
0.183007 5
0.183117 1
0.183193 1
0.183333 3
0.183529 1
0.183824 6
0.184783 1
0.185714 1
0.185921 1
0.186235 1
0.186813 2
0.187135 1
0.187166 1
0.187831 1
0.187879 1
0.187954 1
0.188345 1
0.189189 1
0.189542 3
0.189655 1
0.19 3
0.190244 1
0.190476 60
0.190769 1
0.190883 1
0.191176 3
0.191288 1
0.191304 1
0.191532 1
0.191633 1
0.191667 4
0.192029 1
0.192281 1
0.192308 9
0.192982 4
0.193103 1
0.193514 1
0.193846 1
0.194444 23
0.194737 1
0.194805 1
0.195076 1
0.195767 1
0.196078 3
0.196154 1
0.196581 2
0.196923 1
0.19697 11
0.197279 1
0.197802 4
0.198529 3
0.19883 2
0.2 243
0.200847 1
0.202279 1
0.202703 1
0.202899 1
0.203175 1
0.203231 1
0.203414 1
0.203846 1
0.203974 1
0.204678 1
0.204762 1
0.205128 9
0.205263 1
0.205534 1
0.205882 5
0.206154 2
0.206667 1
0.206897 2
0.207792 1
0.208333 1
0.208791 4
0.208995 1
0.20915 2
0.209486 1
0.209524 9
0.209756 1
0.210145 1
0.210526 2
0.211382 1
0.21164 1
0.212121 8
0.213235 1
0.213439 1
0.213768 1
0.214286 37
0.215079 2
0.215101 1
0.215726 1
0.215789 3
0.216374 1
0.21645 1
0.216524 1
0.216667 4
0.216827 1
0.216931 1
0.217204 1
0.217514 1
0.217949 5
0.218162 1
0.218182 8
0.218391 1
0.218487 1
0.219048 2
0.219355 1
0.21978 6
0.22 1
0.220588 1
0.220779 1
0.221053 3
0.221505 1
0.222125 1
0.222222 38
0.222672 1
0.223171 1
0.22381 2
0.224638 1
0.224868 1
0.225 1
0.225296 1
0.226064 1
0.226263 1
0.226316 1
0.227273 7
0.227941 1
0.22807 3
0.228571 3
0.228758 2
0.229249 2
0.229268 1
0.229508 1
0.22973 1
0.230441 1
0.230769 9
0.231579 1
0.232681 1
0.233333 2
0.233766 1
0.233918 1
0.235294 4
0.23533 1
0.235815 1
0.236364 15
0.236508 1
0.236667 1
0.236923 1
0.237154 1
0.237589 1
0.238095 43
0.238901 1
0.239316 1
0.239766 2
0.240143 1
0.241015 1
0.241379 1
0.241667 3
0.241758 7
0.242424 9
0.242647 1
0.242857 2
0.243011 1
0.24359 2
0.243632 1
0.243842 1
0.244444 6
0.245614 1
0.246377 1
0.247511 1
0.247619 3
0.248025 1
0.24915 1
0.24936 1
0.25 50
0.25042 1
0.251082 4
0.251323 1
0.251346 1
0.251462 1
0.252632 1
0.252747 1
0.253561 1
0.253669 1
0.254032 1
0.254252 1
0.254394 1
0.254545 9
0.254902 2
0.255013 1
0.255255 1
0.255556 1
0.25641 4
0.256667 1
0.257143 4
0.257353 3
0.257576 7
0.257895 1
0.258065 1
0.258258 1
0.258333 1
0.258621 1
0.258824 1
0.260244 1
0.260638 1
0.26087 1
0.261167 1
0.261438 2
0.261905 1
0.262458 1
0.263158 1
0.263736 5
0.264069 1
0.264493 2
0.264615 1
0.264706 2
0.264822 3
0.265546 1
0.265597 1
0.266129 1
0.266667 100
0.26738 1
0.267974 1
0.268775 1
0.269006 1
0.269162 1
0.269231 6
0.269565 1
0.270161 1
0.270769 2
0.272059 2
0.272727 15
0.273399 2
0.273684 1
0.27451 2
0.274725 6
0.275 1
0.27619 1
0.276353 1
0.27668 1
0.276923 2
0.277584 1
0.277778 15
0.279412 3
0.280423 1
0.280702 1
0.280952 1
0.282051 10
0.282609 1
0.283073 1
0.283333 5
0.284585 1
0.285714 63
0.28655 1
0.286765 3
0.287582 1
0.287879 3
0.288538 1
0.288889 5
0.289773 1
0.290043 2
0.290909 7
0.291667 4
0.292398 1
0.292473 1
0.29249 1
0.293478 1
0.294118 4
0.294737 2
0.294872 6
0.296443 1
0.296703 3
0.297101 1
0.297348 1
0.298246 1
0.3 106
0.300395 1
0.301136 1
0.301149 1
0.30122 1
0.301471 1
0.301565 2
0.301587 1
0.30303 8
0.303333 1
0.303423 1
0.304094 1
0.304348 2
0.304615 1
0.304762 5
0.305128 1
0.305556 10
0.30719 2
0.307692 5
0.307971 1
0.308213 1
0.3083 1
0.308333 2
0.308824 4
0.309091 7
0.309677 1
0.31 1
0.310078 1
0.310526 1
0.310924 1
0.311111 8
0.312169 1
0.312253 1
0.315789 1
0.316017 2
0.316176 1
0.316532 1
0.318182 3
0.318681 2
0.320261 1
0.320346 1
0.320513 6
0.320565 1
0.321429 18
0.322581 1
0.323529 1
0.32381 3
0.32437 1
0.324675 1
0.325 2
0.326613 1
0.326667 1
0.327273 5
0.327526 1
0.328571 1
0.32967 5
0.330882 2
0.332512 1
0.333333 409
0.335979 1
0.336842 2
0.339496 1
0.339901 1
0.339921 1
0.340659 3
0.342105 1
0.342857 4
0.3433 1
0.343333 1
0.343874 2
0.34413 1
0.345029 2
0.346154 6
0.34632 1
0.346405 1
0.347578 1
0.347594 1
0.347826 1
0.348485 6
0.35 1
0.350379 1
0.350649 3
0.352381 3
0.352941 1
0.354839 1
0.355556 5
0.355731 1
0.357143 17
0.357625 1
0.358974 2
0.359307 1
0.36 1
0.360071 1
0.361111 11
0.361905 1
0.362573 1
0.362637 1
0.363636 8
0.366154 1
0.366667 3
0.367647 1
0.368421 1
0.37 1
0.371429 1
0.371795 1
0.372294 2
0.372549 1
0.377778 7
0.378788 2
0.379085 1
0.380952 23
0.381818 2
0.382353 2
0.383399 1
0.38447 1
0.384615 3
0.385281 1
0.388889 8
0.38961 1
0.389706 1
0.390476 4
0.391667 1
0.392157 1
0.392857 9
0.393939 5
0.395604 1
0.397059 1
0.397436 2
0.398268 1
0.398693 1
0.39886 2
0.4 121
0.401709 1
0.403509 1
0.409091 2
0.410256 1
0.410526 2
0.411765 1
0.416667 7
0.417582 2
0.418182 4
0.419048 1
0.422222 7
0.424242 3
0.425 1
0.426743 1
0.42735 1
0.428571 21
0.435897 4
0.436364 6
0.438095 1
0.442857 1
0.444444 11
0.447619 2
0.448718 1
0.450549 2
0.45098 1
0.454545 3
0.458333 1
0.460317 1
0.461538 3
0.463235 2
0.464052 1
0.464286 7
0.464615 1
0.466667 24
0.469697 1
0.470588 1
0.472222 5
0.472527 1
0.473684 1
0.47619 17
0.477941 1
0.484848 2
0.485714 2
0.487179 2
0.488889 1
0.489474 1
0.490909 2
0.491667 1
0.492647 1
0.496732 1
0.5 169
0.502924 1
0.504762 1
0.505495 1
0.508333 1
0.509091 2
0.509804 1
0.516484 1
0.52381 15
0.527273 1
0.527778 10
0.530303 2
0.533333 18
0.535714 9
0.538462 1
0.541667 1
0.545455 2
0.552381 1
0.555556 4
0.561905 1
0.563636 2
0.571429 9
0.577778 3
0.582418 1
0.583333 4
0.588235 1
0.589947 1
0.593407 2
0.597849 1
0.6 30
0.607143 3
0.611111 3
0.615385 1
0.618182 1
0.619048 9
0.620915 1
0.636364 1
0.638889 4
0.642857 3
0.654545 1
0.666667 91
0.678571 3
0.687831 1
0.690909 1
0.7 9
0.711111 1
0.714286 4
0.72 1
0.733333 4
0.755556 1
0.761905 1
0.766798 1
0.797101 1
0.8 1
0.811594 1
0.833333 16
0.856209 1
0.857143 1
0.858974 1
0.866667 3
0.9 6
0.916667 1
0.923977 1
0.933333 1
1 59
