0 4
0.1 1
0.107143 1
0.122807 1
0.125 1
0.155556 1
0.166667 2
0.190476 1
0.19697 1
0.2 2
0.204762 1
0.205645 1
0.219048 1
0.224074 1
0.22807 1
0.231579 1
0.238095 1
0.242754 1
0.242857 1
0.247619 1
0.254707 1
0.264069 1
0.264204 1
0.266667 2
0.27 1
0.280423 1
0.282051 2
0.286765 1
0.291667 1
0.296443 1
0.296703 1
0.297683 1
0.3 1
0.301974 1
0.302326 1
0.30303 1
0.303448 1
0.304094 1
0.308824 1
0.311111 2
0.31339 1
0.314286 1
0.316437 1
0.320565 1
0.321053 1
0.325236 1
0.327113 1
0.327273 1
0.329231 1
0.32967 1
0.330776 1
0.333333 3
0.336842 1
0.339623 1
0.341414 1
0.342105 1
0.342857 1
0.346405 1
0.346561 1
0.347126 1
0.348387 1
0.350649 1
0.351916 1
0.352227 1
0.352688 1
0.355691 1
0.358065 1
0.358333 1
0.358696 1
0.358974 1
0.35914 1
0.359307 1
0.362573 1
0.368395 1
0.370252 1
0.371212 1
0.372043 1
0.373737 1
0.374675 1
0.375 1
0.375494 1
0.382395 1
0.382857 1
0.383333 1
0.384108 1
0.384615 1
0.385632 1
0.389474 1
0.393939 1
0.394231 1
0.394737 1
0.395604 1
0.396639 1
0.397701 1
0.39966 1
0.4 4
0.400516 1
0.402116 1
0.404762 2
0.405229 1
0.409524 1
0.411067 1
0.411319 1
0.411411 1
0.411594 1
0.412658 1
0.413306 1
0.414749 1
0.416667 2
0.418301 1
0.419355 1
0.419512 1
0.42069 1
0.421685 1
0.422222 1
0.424036 1
0.424242 3
0.428571 2
0.42962 1
0.430138 1
0.431367 1
0.431373 1
0.4329 1
0.433973 1
0.434548 1
0.435897 1
0.4375 1
0.438689 1
0.441389 1
0.441667 1
0.441669 1
0.442683 1
0.443011 1
0.445076 1
0.445813 1
0.445964 1
0.448535 1
0.448718 1
0.450077 1
0.450505 1
0.451282 1
0.45196 1
0.452092 1
0.454545 1
0.455882 1
0.456693 1
0.458689 1
0.459597 2
0.46 1
0.460185 1
0.461538 2
0.462366 1
0.462827 1
0.463415 1
0.463768 1
0.464286 1
0.465865 1
0.466667 1
0.469151 1
0.470085 1
0.470383 1
0.470531 1
0.472222 1
0.472335 1
0.474919 1
0.475269 1
0.478772 1
0.479304 1
0.47957 1
0.480296 1
0.481928 1
0.483077 1
0.483175 1
0.483516 1
0.486072 1
0.488147 1
0.488529 1
0.489344 1
0.49192 1
0.492438 1
0.493694 1
0.495385 1
0.496212 1
0.498968 1
0.499592 1
0.5 7
0.501836 1
0.501928 1
0.50225 1
0.502653 1
0.503333 1
0.504926 1
0.505929 1
0.507073 1
0.507494 1
0.507621 1
0.508409 1
0.509524 1
0.509804 1
0.5111 1
0.511769 1
0.513069 1
0.513333 1
0.514192 1
0.514286 1
0.517105 1
0.518194 1
0.51952 1
0.520493 1
0.520871 1
0.521313 1
0.521759 1
0.522572 1
0.524194 1
0.528651 1
0.528798 1
0.528822 1
0.52921 1
0.529901 1
0.53 1
0.530258 1
0.531579 1
0.532773 1
0.533333 1
0.533428 1
0.533532 1
0.535531 1
0.535856 1
0.535985 1
0.536145 1
0.536319 1
0.536488 1
0.536528 1
0.537158 1
0.53997 1
0.540911 1
0.541561 1
0.541806 1
0.541872 1
0.542077 1
0.542757 1
0.54297 1
0.543558 1
0.544397 1
0.544615 1
0.545125 1
0.545362 1
0.545455 1
0.547126 1
0.547641 1
0.547723 1
0.54779 1
0.548081 1
0.548387 1
0.548623 1
0.549258 1
0.549451 1
0.550435 1
0.550523 1
0.550769 1
0.551282 1
0.552115 1
0.552305 1
0.552525 1
0.552826 1
0.553701 1
0.554938 1
0.555311 1
0.555556 2
0.556229 1
0.556757 1
0.557871 1
0.558123 1
0.558182 1
0.558405 1
0.559748 1
0.560254 1
0.56044 1
0.561224 1
0.561959 1
0.563147 1
0.564586 1
0.565517 1
0.566154 1
0.566365 1
0.566667 1
0.566866 1
0.567251 1
0.568859 1
0.56917 1
0.569296 1
0.569317 1
0.569374 1
0.569796 1
0.570037 1
0.570473 1
0.570768 1
0.571295 1
0.571429 1
0.571717 1
0.572115 1
0.572618 1
0.573574 1
0.573684 1
0.574603 1
0.574694 1
0.574972 1
0.575429 1
0.575741 1
0.575758 2
0.575861 1
0.576912 1
0.577778 1
0.580645 1
0.580882 1
0.580952 1
0.582369 1
0.582418 1
0.582953 1
0.583333 2
0.583918 1
0.585884 1
0.587057 1
0.588795 1
0.58956 1
0.590476 1
0.591113 1
0.591667 1
0.592569 1
0.59389 1
0.594678 1
0.594958 1
0.594995 1
0.596096 1
0.596578 1
0.596687 1
0.597186 1
0.597252 1
0.598142 1
0.59871 1
0.599258 1
0.6 4
0.600052 1
0.602564 1
0.602723 1
0.602951 1
0.604278 1
0.604898 1
0.606765 1
0.607018 1
0.607143 1
0.607843 3
0.607955 1
0.608081 1
0.608767 1
0.608784 1
0.609168 1
0.61005 1
0.610526 1
0.610961 1
0.611589 1
0.611594 1
0.613191 1
0.614141 1
0.614955 1
0.617538 1
0.618165 1
0.619048 2
0.62137 1
0.622253 1
0.623148 1
0.623199 1
0.62362 1
0.623636 1
0.624258 1
0.624855 1
0.625 3
0.62521 1
0.625253 1
0.625397 1
0.625464 1
0.626829 1
0.626984 1
0.627451 1
0.627743 1
0.627788 1
0.628205 1
0.629487 1
0.630425 1
0.631189 1
0.631579 1
0.631803 1
0.634354 1
0.634483 1
0.634608 1
0.635443 1
0.638072 1
0.638715 1
0.638889 1
0.639605 1
0.640079 1
0.640523 1
0.641026 1
0.641667 1
0.641711 1
0.64178 1
0.643145 1
0.644444 1
0.645503 1
0.648551 1
0.650575 1
0.651013 1
0.651786 1
0.651981 1
0.653347 1
0.653846 3
0.654545 1
0.65537 1
0.655814 1
0.657143 2
0.657234 1
0.658069 1
0.658502 1
0.658597 1
0.65873 1
0.658896 1
0.659341 1
0.659363 1
0.659765 1
0.661145 1
0.661803 1
0.662296 1
0.662362 1
0.662861 1
0.662883 1
0.663664 1
0.663961 1
0.664474 1
0.664779 1
0.664826 1
0.665291 1
0.666667 6
0.668421 1
0.66993 1
0.670732 1
0.671745 1
0.675 1
0.675476 1
0.675528 1
0.676158 1
0.676207 1
0.676794 1
0.677362 1
0.678087 1
0.678095 1
0.678452 1
0.678636 1
0.678947 1
0.678962 1
0.679635 1
0.679655 1
0.680497 1
0.680539 1
0.681006 1
0.682353 1
0.68311 1
0.683767 1
0.683808 1
0.684797 1
0.684922 1
0.687444 1
0.687445 1
0.688212 1
0.68994 1
0.690756 1
0.691363 1
0.692199 1
0.692308 1
0.692519 1
0.692679 1
0.692757 1
0.692886 1
0.693333 1
0.694049 1
0.694444 1
0.694789 1
0.694872 1
0.695221 1
0.695238 1
0.695266 1
0.6961 1
0.696801 1
0.698312 1
0.698648 1
0.7 4
0.700709 1
0.700729 1
0.700993 1
0.70202 1
0.702397 1
0.702571 1
0.70345 1
0.703459 1
0.70398 1
0.704406 1
0.705084 1
0.705128 1
0.705597 1
0.705882 1
0.706918 1
0.707071 1
0.707302 1
0.707396 1
0.707665 1
0.708016 1
0.708806 1
0.709524 1
0.709608 1
0.709845 1
0.711258 1
0.711823 1
0.712526 1
0.712585 1
0.712665 1
0.713296 1
0.713415 1
0.713768 1
0.713947 1
0.714286 5
0.715135 1
0.715355 1
0.715973 1
0.716068 1
0.717728 1
0.718257 1
0.719066 1
0.719633 1
0.71978 1
0.721154 1
0.721393 1
0.721485 1
0.722394 1
0.722414 1
0.722452 1
0.723554 1
0.72381 1
0.724217 1
0.724429 1
0.725461 1
0.725744 1
0.725841 1
0.726007 1
0.726264 1
0.727273 1
0.727608 1
0.727967 1
0.728649 1
0.729538 1
0.730159 1
0.730323 1
0.730553 1
0.730828 1
0.731246 1
0.731293 1
0.731359 1
0.732887 1
0.733333 1
0.733482 1
0.733769 1
0.733937 1
0.735354 1
0.736532 1
0.738265 1
0.73913 1
0.739341 1
0.740113 1
0.740286 1
0.742454 1
0.742604 1
0.742689 1
0.744013 1
0.744609 1
0.744865 1
0.745282 1
0.74705 1
0.747253 2
0.747638 1
0.747851 1
0.748069 1
0.748403 1
0.748485 1
0.748623 1
0.748981 1
0.749139 1
0.749808 1
0.75 1
0.750287 1
0.751274 1
0.752127 1
0.752857 1
0.75322 1
0.753965 1
0.75424 1
0.754272 1
0.754642 1
0.755828 1
0.75641 1
0.756571 1
0.758705 1
0.758943 1
0.758974 1
0.760605 1
0.761017 1
0.761905 1
0.763189 1
0.763282 1
0.763429 1
0.763774 1
0.763966 1
0.764318 1
0.764543 1
0.765405 1
0.766486 1
0.766647 1
0.768765 1
0.769564 1
0.769597 1
0.770664 1
0.771309 1
0.771781 1
0.771964 1
0.774684 1
0.776139 1
0.77622 1
0.778797 1
0.781154 1
0.785714 1
0.786581 1
0.788509 1
0.789505 1
0.789899 1
0.792405 1
0.795918 1
0.797259 1
0.797721 1
0.8 3
0.80303 1
0.80437 1
0.806306 1
0.807879 1
0.809717 1
0.813253 1
0.818634 1
0.826263 1
0.832258 1
0.833333 1
0.860294 1
0.888889 1
0.9 2
0.933333 1
0.944444 2
1 9
