0 541
0.0222222 1
0.0237154 1
0.0326087 1
0.0357143 1
0.0363636 1
0.0380952 1
0.0444444 1
0.047619 3
0.0553306 1
0.0555556 3
0.0606061 1
0.0666667 8
0.0714286 2
0.0735931 1
0.0757576 1
0.0769231 1
0.0789474 1
0.0818713 1
0.0833333 3
0.0888889 1
0.0909091 2
0.0952381 5
0.0998217 1
0.1 19
0.102564 2
0.106061 1
0.107143 1
0.111111 3
0.1133 1
0.115385 1
0.121212 1
0.124183 1
0.127273 1
0.133333 12
0.138889 2
0.142857 7
0.145455 1
0.147059 1
0.152381 1
0.155556 1
0.166667 53
0.175824 1
0.177778 2
0.178571 4
0.181818 1
0.186813 1
0.190476 7
0.194444 4
0.19697 1
0.2 31
0.212121 1
0.217949 2
0.222222 7
0.227273 4
0.236364 1
0.238095 11
0.242424 1
0.24359 1
0.244444 2
0.25 8
0.252747 1
0.266667 15
0.272727 2
0.285714 7
0.288889 1
0.290909 1
0.3 18
0.30303 1
0.305556 5
0.311111 2
0.321429 1
0.327273 1
0.333333 142
0.355556 1
0.357143 2
0.363636 2
0.380952 5
0.381818 1
0.392857 3
0.4 24
0.416667 1
0.428571 5
0.464286 2
0.466667 1
0.47619 2
0.5 55
0.52381 2
0.533333 8
0.571429 4
0.6 12
0.607143 3
0.619048 2
0.666667 60
0.7 7
0.714286 1
0.733333 4
0.8 9
0.833333 26
0.866667 1
0.9 3
1 147
