0 9
0.133333 2
0.135972 1
0.138889 1
0.150327 1
0.151515 1
0.191176 1
0.2 1
0.227273 1
0.227692 1
0.228571 1
0.236058 1
0.237154 1
0.238095 4
0.246753 1
0.25 1
0.25254 1
0.25731 1
0.271429 1
0.278161 1
0.285057 1
0.285714 1
0.290909 2
0.294872 1
0.296667 1
0.299527 1
0.306595 1
0.308333 1
0.320513 1
0.321053 1
0.32381 1
0.325 1
0.325581 1
0.328063 1
0.333333 5
0.334454 1
0.334694 1
0.339181 1
0.339785 1
0.340659 1
0.343333 1
0.343844 1
0.349754 1
0.355533 1
0.357143 1
0.361905 1
0.363158 1
0.363636 1
0.364692 1
0.364885 1
0.364968 1
0.366667 1
0.367589 1
0.373106 1
0.373219 1
0.375145 1
0.375169 1
0.375385 1
0.376623 1
0.379699 1
0.380952 1
0.381224 1
0.381766 1
0.383333 1
0.38447 1
0.384615 1
0.384874 2
0.389163 1
0.390476 1
0.393548 1
0.393725 1
0.393846 1
0.393939 1
0.39549 1
0.398313 1
0.4 3
0.403509 1
0.409398 1
0.411765 1
0.414773 1
0.416162 1
0.416593 1
0.417582 1
0.422222 1
0.425024 1
0.425254 1
0.425329 1
0.427048 1
0.428571 1
0.432432 1
0.433333 1
0.435196 1
0.43651 1
0.437406 1
0.44017 1
0.444444 1
0.445378 1
0.448447 1
0.452899 1
0.454123 1
0.457143 2
0.458816 1
0.458874 1
0.461538 1
0.461905 1
0.462121 1
0.464286 1
0.465225 1
0.466667 2
0.467145 1
0.468421 1
0.469697 1
0.470085 1
0.470588 1
0.471014 1
0.47379 1
0.474213 1
0.475 1
0.475369 1
0.476275 1
0.478041 1
0.478773 1
0.479494 1
0.479532 1
0.482605 1
0.482784 1
0.483516 1
0.48366 1
0.484848 1
0.485714 1
0.486275 1
0.488889 1
0.490119 1
0.491212 1
0.492347 1
0.493789 1
0.499299 1
0.5 2
0.50084 1
0.500853 1
0.501008 1
0.502521 1
0.502551 1
0.502987 1
0.50404 1
0.50503 1
0.505896 1
0.507563 1
0.510495 1
0.510638 1
0.510769 1
0.511111 1
0.511538 1
0.511935 1
0.514113 1
0.514778 2
0.515873 1
0.517647 1
0.521739 1
0.522048 1
0.52321 1
0.523313 1
0.52381 1
0.525441 1
0.525628 1
0.530174 1
0.530778 1
0.533333 2
0.534775 1
0.535714 1
0.536006 1
0.536106 1
0.539303 1
0.539683 2
0.541935 1
0.542105 1
0.542529 1
0.542958 1
0.543428 1
0.545455 1
0.547922 1
0.549075 1
0.549451 1
0.549689 1
0.55206 1
0.552127 1
0.55303 1
0.553965 1
0.554737 1
0.555556 3
0.556431 1
0.557332 1
0.557652 1
0.559197 1
0.559664 1
0.560606 1
0.561316 1
0.561983 1
0.562008 1
0.562898 1
0.564488 1
0.569977 1
0.571628 1
0.574899 1
0.575499 1
0.575573 1
0.576033 1
0.577778 1
0.578154 1
0.578947 1
0.579216 1
0.579262 1
0.58 1
0.580645 1
0.581185 1
0.583173 1
0.583333 1
0.583646 1
0.584718 1
0.58498 1
0.585667 1
0.586136 1
0.586207 1
0.587809 1
0.589796 1
0.590167 1
0.590999 1
0.591571 1
0.591667 1
0.593277 1
0.593541 1
0.595192 1
0.596202 1
0.596591 1
0.597148 1
0.597403 1
0.598131 1
0.598413 1
0.6 3
0.600529 1
0.600985 1
0.601053 1
0.601224 1
0.601299 1
0.601836 1
0.602244 1
0.602762 1
0.605556 1
0.606049 1
0.606094 1
0.606329 1
0.606419 1
0.606439 1
0.606513 1
0.60663 1
0.606676 1
0.607639 1
0.607703 1
0.608333 2
0.609153 1
0.61 1
0.611039 1
0.613137 1
0.613804 1
0.614141 1
0.614165 1
0.614325 1
0.614719 1
0.614919 1
0.615942 1
0.615975 1
0.616162 1
0.616402 1
0.616877 1
0.617347 1
0.61775 1
0.619048 1
0.619748 1
0.620063 1
0.620105 1
0.620382 1
0.622131 1
0.622642 1
0.624242 1
0.625731 1
0.62594 1
0.626087 1
0.626374 1
0.627314 1
0.628199 1
0.628571 1
0.628705 1
0.628986 1
0.62963 1
0.630532 1
0.630814 1
0.631579 1
0.63168 1
0.631803 1
0.632035 1
0.632092 1
0.632179 1
0.632353 1
0.632801 1
0.632863 1
0.634921 1
0.635549 1
0.635926 1
0.635957 1
0.636108 1
0.639929 1
0.640429 1
0.640957 1
0.641026 1
0.642857 2
0.643108 1
0.644042 1
0.644071 1
0.645791 1
0.647059 1
0.647282 1
0.648667 1
0.648693 1
0.648936 1
0.649196 1
0.651293 1
0.651494 1
0.652381 1
0.652821 1
0.652893 1
0.653473 1
0.655556 1
0.656381 1
0.656572 1
0.658839 1
0.659159 1
0.659341 1
0.661082 1
0.661765 1
0.661829 1
0.662195 1
0.662415 1
0.6642 1
0.665098 1
0.665497 1
0.665641 1
0.666667 7
0.667141 1
0.668482 1
0.66909 1
0.670675 1
0.670785 1
0.672257 1
0.672273 1
0.672328 1
0.672525 1
0.674253 1
0.675758 1
0.676471 1
0.677536 1
0.677851 1
0.67803 1
0.678049 1
0.678205 1
0.678571 3
0.678877 1
0.679078 1
0.679739 1
0.679771 1
0.680124 1
0.680403 1
0.684551 1
0.686275 2
0.687708 1
0.688231 1
0.689039 1
0.689575 1
0.690251 1
0.691352 1
0.69147 1
0.691624 1
0.691758 1
0.692982 1
0.692995 1
0.693333 1
0.69359 1
0.694444 1
0.69613 1
0.696629 1
0.697135 1
0.697706 1
0.698869 1
0.699098 1
0.69916 1
0.7 2
0.70084 1
0.701123 1
0.701613 1
0.702415 1
0.703175 1
0.704213 1
0.704848 1
0.706048 1
0.70641 1
0.707897 1
0.708333 1
0.709524 1
0.711185 1
0.713446 1
0.714286 2
0.716927 1
0.717477 1
0.718954 1
0.719314 1
0.720513 1
0.722119 1
0.722222 1
0.722544 1
0.72326 1
0.725379 1
0.725681 1
0.726046 1
0.726316 1
0.726319 1
0.727273 1
0.728043 1
0.728401 1
0.729357 1
0.730103 1
0.730769 1
0.731256 1
0.733333 2
0.733587 1
0.734442 1
0.735111 1
0.735294 2
0.735931 1
0.736361 1
0.736583 1
0.737802 1
0.737929 1
0.738566 1
0.73975 1
0.740397 1
0.740611 1
0.741559 1
0.742441 1
0.743401 1
0.743417 1
0.743433 1
0.743657 1
0.744328 1
0.74458 1
0.744587 1
0.746246 1
0.746866 1
0.74735 1
0.747479 1
0.747733 1
0.748017 1
0.74807 1
0.75 2
0.750172 1
0.750446 1
0.751061 1
0.751136 1
0.75121 1
0.752252 1
0.752419 1
0.754986 1
0.755008 1
0.755568 1
0.755582 1
0.756839 1
0.756923 1
0.757353 2
0.757461 1
0.757691 1
0.758059 1
0.760178 1
0.761905 2
0.763047 1
0.763182 1
0.763362 1
0.763593 1
0.763636 1
0.763678 1
0.764264 1
0.764863 1
0.76557 1
0.765892 1
0.766546 1
0.7666 1
0.766667 1
0.767774 1
0.768299 1
0.76925 1
0.769796 1
0.769826 1
0.769918 1
0.770253 1
0.770263 1
0.770936 1
0.772187 1
0.772727 1
0.773562 1
0.774892 1
0.774974 1
0.775107 1
0.776451 1
0.776483 1
0.77661 1
0.777592 1
0.777778 1
0.778118 1
0.778908 1
0.779018 1
0.779829 1
0.780047 1
0.780259 1
0.780324 1
0.78111 1
0.782609 1
0.784026 1
0.784514 1
0.785638 1
0.785714 2
0.786207 1
0.786707 1
0.788337 1
0.788341 1
0.78951 1
0.789869 1
0.789984 1
0.790701 1
0.791372 1
0.792194 1
0.79317 1
0.793481 1
0.793986 1
0.794118 1
0.794151 1
0.794482 1
0.79461 1
0.794943 1
0.795699 1
0.797327 1
0.797498 1
0.797786 1
0.798119 1
0.799267 1
0.8 2
0.80048 1
0.801143 1
0.801221 1
0.802198 1
0.802355 1
0.80246 1
0.802709 1
0.803457 1
0.803622 1
0.805045 1
0.80511 1
0.805151 1
0.805195 1
0.805986 1
0.806031 1
0.806475 1
0.806942 1
0.807445 1
0.807971 1
0.808824 1
0.811137 1
0.812046 1
0.813187 1
0.814187 1
0.81455 1
0.814986 1
0.815561 1
0.816107 1
0.816175 1
0.816982 1
0.817248 1
0.817433 1
0.818895 1
0.819977 1
0.82008 1
0.82022 1
0.82173 1
0.821877 1
0.821976 1
0.822134 1
0.822222 1
0.822713 1
0.822956 1
0.824176 2
0.824397 1
0.825355 1
0.825902 1
0.825937 1
0.826241 1
0.827383 1
0.828571 1
0.828649 1
0.829002 1
0.830357 1
0.830417 1
0.830802 1
0.831377 1
0.832499 1
0.83317 1
0.833333 3
0.834483 1
0.83452 1
0.834614 1
0.835165 2
0.836782 1
0.836877 1
0.837186 1
0.837348 1
0.838095 1
0.839203 1
0.839216 1
0.839355 1
0.840031 1
0.840537 1
0.84092 1
0.841379 1
0.841691 1
0.841791 1
0.842466 1
0.842933 1
0.843129 1
0.844887 1
0.844911 1
0.845427 1
0.845897 1
0.846085 1
0.846415 1
0.84758 1
0.848974 1
0.848995 1
0.849287 1
0.850996 1
0.851285 1
0.852718 1
0.854889 1
0.854891 1
0.858881 1
0.862572 1
0.863898 1
0.864382 1
0.865546 1
0.865806 1
0.866667 6
0.869231 1
0.869599 1
0.870165 1
0.871221 1
0.877005 1
0.877778 1
0.878743 1
0.881465 1
0.885638 1
0.886422 1
0.88956 1
0.892977 1
0.895238 1
0.898556 1
0.9 2
0.904762 1
0.935284 1
0.972222 1
1 14
