0 452
0.0217391 1
0.0222222 1
0.0357143 1
0.0363636 1
0.0395257 1
0.0444444 1
0.047619 2
0.0555556 1
0.0606061 1
0.0666667 6
0.068599 1
0.0711462 1
0.0714286 3
0.0727273 1
0.0761905 2
0.0879121 1
0.0897436 1
0.0904762 1
0.0936508 1
0.0952381 9
0.1 17
0.102564 1
0.106061 1
0.107143 2
0.107563 1
0.10989 1
0.111111 6
0.115385 2
0.115764 1
0.11828 1
0.121212 1
0.125 1
0.127273 2
0.133333 8
0.137255 1
0.141026 1
0.142857 3
0.145455 1
0.150198 1
0.153846 1
0.155556 1
0.156863 1
0.163636 1
0.166667 53
0.177778 2
0.178571 4
0.180952 1
0.181818 1
0.190476 5
0.191667 1
0.194444 4
0.19697 1
0.2 37
0.208791 2
0.212121 1
0.214286 2
0.222222 8
0.230769 3
0.236364 1
0.238095 7
0.242647 1
0.24359 1
0.244444 3
0.25 9
0.254545 1
0.25641 2
0.257576 1
0.266667 10
0.272727 3
0.27619 1
0.277778 4
0.282051 1
0.285714 8
0.287879 2
0.288889 1
0.290909 1
0.291667 1
0.294872 1
0.3 20
0.305556 4
0.311111 2
0.314286 1
0.320513 1
0.321429 5
0.327273 1
0.333333 158
0.348485 1
0.355556 1
0.357143 4
0.358974 1
0.361111 2
0.361905 1
0.377778 1
0.380952 5
0.392857 5
0.4 28
0.416667 1
0.424242 1
0.428571 6
0.435897 1
0.464286 1
0.466667 6
0.47619 1
0.490909 1
0.5 57
0.52381 3
0.527778 1
0.533333 7
0.535714 1
0.555556 1
0.563636 1
0.571429 4
0.6 12
0.619048 3
0.636364 2
0.642857 2
0.666667 65
0.7 7
0.714286 3
0.733333 3
0.785714 1
0.8 11
0.833333 27
0.866667 3
0.9 5
0.904762 2
0.933333 2
0.952381 1
1 180
