0 4051
0.000770055 1
0.00105274 1
0.00127877 1
0.0015015 1
0.0015873 1
0.00225225 1
0.00232288 1
0.00308593 1
0.00378788 1
0.00399748 1
0.0040293 1
0.00422833 1
0.00487805 1
0.00492611 1
0.00516215 1
0.00526316 1
0.00564972 1
0.0058072 1
0.0059341 1
0.00653595 2
0.00822785 1
0.00854701 1
0.00865801 1
0.00908456 1
0.00932401 1
0.00936817 1
0.00943396 1
0.00951272 1
0.00952381 3
0.00979592 1
0.01 1
0.0102564 1
0.010582 1
0.0106443 1
0.0107962 1
0.010989 3
0.011396 2
0.0116764 1
0.0118577 3
0.0119048 1
0.0124777 1
0.0128205 3
0.012987 2
0.0130719 1
0.0135266 1
0.0142602 1
0.0143288 1
0.0143965 1
0.0144928 2
0.014902 1
0.0150538 1
0.0151261 1
0.0151515 7
0.0153846 1
0.0158101 1
0.016325 1
0.0166113 1
0.0166538 1
0.0166667 1
0.017316 1
0.0174216 1
0.0175439 1
0.0181159 1
0.0181818 11
0.0183575 2
0.0184615 2
0.0187 1
0.0187755 1
0.0188934 1
0.0189394 1
0.0191919 1
0.0196491 1
0.019943 1
0.02 1
0.020202 1
0.0203366 1
0.0203628 1
0.0204033 1
0.0206349 1
0.0209059 1
0.0211161 1
0.021164 1
0.0215054 1
0.0215385 1
0.021645 1
0.021978 3
0.0220339 1
0.0221484 1
0.0221675 2
0.0222222 6
0.0233333 1
0.0233918 2
0.0235294 1
0.024024 1
0.0241327 1
0.0242424 1
0.0243531 1
0.0244795 1
0.0246154 1
0.0252874 1
0.0253623 1
0.0255255 1
0.025641 3
0.0258065 1
0.0258216 1
0.0259459 1
0.026081 1
0.0263158 2
0.0265549 1
0.027027 1
0.0275862 1
0.0276923 2
0.0277778 21
0.0281955 1
0.0284211 1
0.0284495 1
0.0284685 1
0.0285714 4
0.0289855 1
0.0292398 2
0.0292683 1
0.0294118 1
0.03 1
0.0301418 1
0.0302419 1
0.0302897 1
0.030303 8
0.031339 1
0.0315789 3
0.0319328 1
0.0326797 2
0.032967 4
0.0331169 1
0.0338681 1
0.0340909 2
0.0342262 1
0.0343915 2
0.0344828 2
0.0347066 1
0.0349615 1
0.0350877 2
0.0355731 2
0.0356506 2
0.0357143 30
0.0362319 1
0.0362903 1
0.0363382 1
0.0363636 7
0.0364544 1
0.0366667 1
0.0367647 4
0.0368421 1
0.0369458 2
0.037001 1
0.0374332 1
0.0378531 1
0.0380952 3
0.0382456 1
0.0384615 15
0.038961 1
0.0392157 3
0.0395257 1
0.0396825 1
0.0397516 1
0.039886 1
0.04 1
0.0401691 1
0.0403226 2
0.0408602 1
0.0409357 3
0.0413793 1
0.0415686 1
0.0416667 1
0.0418719 1
0.0421053 1
0.0423529 1
0.042449 1
0.0427807 1
0.0428283 1
0.0428571 2
0.04329 3
0.0434397 1
0.0434783 1
0.043956 6
0.0441176 3
0.0443548 2
0.0444444 23
0.0451613 1
0.0454398 1
0.0454545 12
0.0457516 2
0.0461538 1
0.0463458 1
0.0463768 1
0.0464646 1
0.0465306 1
0.0467836 4
0.0473485 1
0.047561 1
0.047619 78
0.0477528 1
0.0481036 1
0.0481283 1
0.0482759 1
0.0483871 1
0.048433 2
0.0492611 1
0.0495495 2
0.0496829 1
0.0498599 1
0.0499537 1
0.05 5
0.0502646 1
0.0504202 1
0.0507937 1
0.0512821 9
0.0513834 1
0.0514319 1
0.0514706 3
0.0519481 1
0.0520487 1
0.0522876 1
0.052381 3
0.0525526 1
0.0526316 3
0.0531561 1
0.0532581 1
0.0534759 1
0.0537634 1
0.0540123 1
0.0540541 2
0.0543478 1
0.0545455 8
0.0549242 1
0.0549451 5
0.0555556 30
0.0556863 1
0.0562771 1
0.0564103 1
0.0566667 2
0.056899 1
0.0571429 7
0.0578947 1
0.057971 1
0.0583333 3
0.0584795 3
0.0587302 1
0.0588235 8
0.0591133 1
0.0591615 1
0.0592334 1
0.0592885 1
0.0598291 1
0.0602151 2
0.0605042 1
0.0606061 9
0.0608251 1
0.061101 1
0.0615385 1
0.0615764 1
0.0615942 2
0.061706 1
0.0619048 1
0.0625 1
0.0626781 1
0.0631579 6
0.0633333 2
0.0634921 1
0.0640237 1
0.0641026 5
0.0642907 1
0.0643275 4
0.0649351 1
0.0652174 2
0.0653595 2
0.0655271 1
0.0659341 3
0.0661765 3
0.0663871 1
0.0665962 1
0.0666667 130
0.0671937 1
0.0677329 1
0.0681818 1
0.0684211 1
0.0686275 1
0.0687831 2
0.0688172 1
0.0688406 1
0.0689223 1
0.0692641 1
0.0697674 1
0.07 1
0.0701008 1
0.0702041 2
0.0707692 1
0.0711462 3
0.071205 1
0.0713012 1
0.0714286 47
0.0718954 3
0.0721554 1
0.0722689 1
0.0723982 1
0.0727273 15
0.0728745 1
0.0733333 1
0.0735043 1
0.0735294 1
0.0736842 2
0.0738052 1
0.0738462 2
0.0740741 1
0.075 8
0.0750529 1
0.0750988 2
0.0754936 1
0.0757576 13
0.0760234 3
0.076087 2
0.0761905 5
0.0763547 1
0.0768137 1
0.0769231 16
0.0773642 1
0.0776515 2
0.0779221 2
0.0780059 1
0.0780781 1
0.0781145 1
0.0782361 1
0.0784314 1
0.0789474 3
0.0792157 1
0.0793651 2
0.079488 1
0.0795699 1
0.0796586 1
0.08 2
0.0806527 1
0.0808824 4
0.0809524 1
0.0809708 1
0.0810811 1
0.0812808 1
0.0813725 1
0.0818713 3
0.0820106 1
0.0823312 1
0.0823529 1
0.0824074 1
0.0825826 1
0.0826211 1
0.0827586 1
0.083004 1
0.0830769 2
0.0833333 29
0.0842105 4
0.0847458 1
0.0849673 4
0.0852273 1
0.0853659 1
0.0855615 1
0.0855856 1
0.0857143 5
0.0860215 1
0.0861538 1
0.0862069 1
0.0865801 1
0.0866935 1
0.0868233 1
0.0868687 1
0.087344 1
0.0877193 2
0.0879121 6
0.088172 1
0.0882353 3
0.08867 1
0.0888889 30
0.0889148 1
0.0892308 1
0.0896552 1
0.0897436 10
0.0899471 1
0.09 2
0.0900058 1
0.0904762 1
0.0909091 27
0.0914286 1
0.0915033 2
0.0916667 4
0.0925926 1
0.092803 1
0.0930931 1
0.0932203 1
0.0933333 2
0.0935673 1
0.0940171 1
0.0941307 1
0.0942029 1
0.0947368 3
0.0948617 1
0.0952381 66
0.0953846 1
0.0955882 2
0.0960591 1
0.0962567 2
0.0965517 1
0.0968661 1
0.0975309 1
0.0978261 2
0.0980392 1
0.0985222 1
0.0987726 1
0.0987903 1
0.0988506 2
0.0989011 13
0.0994152 2
0.0995671 1
0.1 200
0.100529 2
0.100775 1
0.101064 1
0.101282 1
0.101449 2
0.10148 1
0.102019 1
0.102273 1
0.102564 14
0.102941 2
0.103087 1
0.103497 1
0.10371 1
0.103825 1
0.103896 1
0.10453 2
0.104575 2
0.104615 1
0.104762 8
0.105263 4
0.105747 1
0.106061 17
0.106349 1
0.106545 1
0.106719 1
0.10676 1
0.106855 1
0.107143 42
0.108108 1
0.108333 7
0.108466 1
0.108537 1
0.108544 1
0.108871 1
0.108974 1
0.109091 16
0.109524 2
0.109848 1
0.10989 9
0.110294 6
0.110337 1
0.110526 1
0.110592 1
0.110672 1
0.110769 1
0.110837 1
0.110924 1
0.111111 64
0.111538 1
0.112195 1
0.112316 1
0.112319 2
0.112554 2
0.112653 1
0.1133 1
0.113662 1
0.113946 1
0.11396 1
0.114064 1
0.114114 1
0.114286 8
0.114625 1
0.114919 1
0.115023 1
0.115385 1
0.115789 2
0.115942 2
0.116402 1
0.116567 1
0.116643 1
0.116667 2
0.116959 1
0.117647 10
0.118227 1
0.118577 3
0.119231 1
0.12 1
0.120108 1
0.120879 6
0.120968 1
0.121053 3
0.121212 16
0.121457 1
0.122689 1
0.122807 1
0.123106 1
0.123333 1
0.123543 1
0.12381 6
0.124183 4
0.12437 1
0.124898 1
0.125 8
0.125541 3
0.125887 1
0.126316 1
0.126812 1
0.126923 1
0.126984 1
0.127273 14
0.128079 1
0.128205 10
0.128655 2
0.128995 1
0.129268 1
0.12987 1
0.13 1
0.130682 1
0.130719 3
0.131183 1
0.131579 2
0.131868 11
0.131942 1
0.132353 3
0.132576 1
0.133333 141
0.133903 2
0.134058 1
0.134199 1
0.134387 1
0.134503 1
0.134921 2
0.134953 1
0.134973 1
0.135385 1
0.135667 1
0.136027 1
0.136364 14
0.136508 1
0.136558 1
0.136637 1
0.136752 1
0.137179 2
0.137255 4
0.137634 1
0.137931 2
0.138095 1
0.13834 1
0.138528 1
0.138889 46
0.139706 6
0.139881 1
0.140082 1
0.140212 1
0.140351 2
0.141026 10
0.141129 1
0.141538 1
0.141667 1
0.142105 1
0.142857 127
0.142995 1
0.143108 1
0.144189 1
0.144538 1
0.14518 1
0.145455 13
0.146199 2
0.146667 2
0.147059 4
0.147177 1
0.147186 2
0.14936 1
0.149425 2
0.15 3
0.150198 2
0.150245 1
0.150327 2
0.150609 1
0.150794 1
0.151515 14
0.152047 1
0.152174 1
0.152381 7
0.152432 1
0.152632 1
0.152778 1
0.152885 1
0.152941 1
0.153226 1
0.153439 1
0.153846 15
0.154412 3
0.155556 17
0.155797 1
0.155844 2
0.155932 1
0.156085 1
0.156667 1
0.156863 3
0.157143 2
0.157197 1
0.157895 4
0.158103 1
0.158333 1
0.159159 1
0.159317 1
0.15942 1
0.159652 1
0.160256 1
0.160976 1
0.16129 1
0.161765 2
0.161905 6
0.16221 1
0.162562 1
0.162879 1
0.163043 1
0.163077 2
0.163158 2
0.163399 4
0.163636 15
0.163743 1
0.164835 3
0.165622 1
0.165854 1
0.166113 1
0.166154 1
0.166667 304
0.168067 1
0.168421 1
0.168561 1
0.168831 1
0.169312 1
0.169591 1
0.169935 3
0.16996 1
0.17 1
0.171209 1
0.171371 1
0.171429 6
0.17316 1
0.173446 1
0.173789 1
0.173913 1
0.174194 1
0.174713 1
0.175 2
0.175403 1
0.175824 6
0.17619 3
0.176344 1
0.176471 5
0.176533 1
0.176667 1
0.177489 1
0.177536 1
0.177778 9
0.177794 1
0.177866 1
0.178462 2
0.178571 38
0.178947 1
0.179365 1
0.179487 10
0.179881 1
0.18 1
0.180952 2
0.181159 1
0.181287 2
0.181609 1
0.181818 20
0.182336 1
0.183333 6
0.183468 1
0.183824 1
0.184615 2
0.184729 1
0.184874 1
0.184885 1
0.185771 2
0.186813 6
0.186864 1
0.187282 1
0.187755 1
0.188153 1
0.188714 1
0.189474 2
0.189542 2
0.189655 1
0.189723 1
0.190476 56
0.190883 1
0.191176 2
0.191667 4
0.192308 2
0.192982 1
0.193676 2
0.193785 1
0.194444 15
0.19457 1
0.194737 3
0.194805 1
0.195076 1
0.195238 1
0.195402 1
0.195682 1
0.196078 2
0.19697 3
0.197175 1
0.197802 2
0.198413 1
0.198529 3
0.19883 2
0.199275 1
0.2 262
0.201058 1
0.201282 1
0.202564 1
0.202614 1
0.203175 1
0.203247 1
0.203333 1
0.203361 1
0.203463 1
0.203659 1
0.204678 1
0.205128 5
0.205534 1
0.206452 1
0.206667 1
0.206774 1
0.207502 1
0.208145 1
0.208791 5
0.20915 2
0.209524 3
0.21 1
0.210359 1
0.210526 1
0.210612 1
0.210753 1
0.21164 1
0.212121 1
0.212302 1
0.212474 1
0.21256 1
0.213235 3
0.213326 1
0.214015 1
0.214141 1
0.214286 36
0.214539 1
0.215054 1
0.215152 1
0.215385 1
0.215686 1
0.216374 1
0.21645 1
0.216667 1
0.216816 1
0.217514 1
0.217949 3
0.218182 13
0.219048 4
0.219697 1
0.21978 6
0.220588 4
0.220779 1
0.221591 1
0.222222 23
0.223529 1
0.223758 1
0.22379 1
0.225 2
0.226316 1
0.226721 1
0.227273 10
0.227941 2
0.228571 6
0.228758 1
0.229437 1
0.230769 11
0.231061 1
0.231579 2
0.233333 3
0.233766 1
0.233786 1
0.233846 2
0.235294 2
0.236364 7
0.236667 1
0.236742 1
0.236923 1
0.238095 48
0.239766 2
0.24 2
0.240398 1
0.240741 1
0.24086 1
0.241667 3
0.241758 1
0.242105 1
0.242424 12
0.242647 1
0.243386 1
0.24359 2
0.244444 7
0.244872 1
0.246667 1
0.246753 2
0.247368 1
0.247619 2
0.248366 2
0.249231 2
0.25 48
0.250694 1
0.250712 1
0.251082 1
0.251462 1
0.251613 1
0.252308 1
0.252747 3
0.252964 1
0.254545 6
0.254902 1
0.255128 1
0.25641 6
0.257143 4
0.257576 4
0.258333 3
0.25974 2
0.261905 2
0.262366 1
0.263158 2
0.263736 3
0.264516 1
0.265152 1
0.26601 1
0.266667 72
0.267974 2
0.268421 1
0.268775 1
0.269006 1
0.269231 1
0.27 1
0.271429 1
0.271693 1
0.272059 2
0.272727 17
0.274359 1
0.27451 1
0.274725 1
0.274854 1
0.275 1
0.275362 1
0.27619 3
0.276829 1
0.277778 11
0.277962 1
0.278226 1
0.278986 1
0.280952 1
0.281385 1
0.282051 3
0.2849 1
0.285205 1
0.285714 51
0.286988 1
0.287356 1
0.287582 1
0.287749 1
0.287879 8
0.288889 3
0.289474 1
0.290909 4
0.291667 1
0.292339 1
0.294118 1
0.294355 1
0.294872 5
0.295238 2
0.296443 1
0.297101 1
0.3 107
0.300654 1
0.301471 1
0.301538 1
0.302987 1
0.30303 4
0.304094 1
0.305556 12
0.307692 6
0.307971 1
0.3083 1
0.308333 1
0.309091 6
0.309244 1
0.309942 2
0.310526 1
0.311111 4
0.312253 1
0.313333 1
0.314286 5
0.315217 1
0.315789 2
0.316176 2
0.316206 2
0.316667 1
0.318182 4
0.318681 4
0.320261 1
0.320513 2
0.321053 1
0.321429 13
0.321637 1
0.326316 2
0.326882 1
0.327273 3
0.327485 1
0.327586 1
0.327986 1
0.329231 1
0.32967 3
0.32971 1
0.330882 1
0.333333 623
0.338095 1
0.338235 2
0.34023 1
0.340659 2
0.341538 1
0.341667 1
0.341991 1
0.342857 2
0.345455 5
0.346154 2
0.34632 1
0.346667 1
0.348485 4
0.35 1
0.351648 1
0.351724 1
0.351779 1
0.352381 1
0.352632 2
0.355556 3
0.356667 1
0.357143 12
0.358974 3
0.359684 1
0.360294 1
0.361111 10
0.363636 7
0.371429 1
0.372549 1
0.377778 8
0.378788 1
0.38 1
0.380952 15
0.381818 2
0.383333 1
0.384615 3
0.385965 1
0.388889 5
0.390476 1
0.392045 1
0.392857 6
0.394737 1
0.395604 2
0.4 91
0.405229 1
0.408333 2
0.409091 3
0.416667 4
0.417582 1
0.418182 1
0.419048 1
0.419118 1
0.422222 2
0.423077 1
0.424242 2
0.428571 20
0.431034 1
0.431373 1
0.432749 1
0.435897 2
0.436364 4
0.437908 1
0.439394 1
0.441176 1
0.444444 9
0.454545 5
0.45614 1
0.457143 1
0.461538 2
0.464286 6
0.466667 18
0.472222 2
0.472527 1
0.472727 1
0.474359 2
0.47619 9
0.483516 1
0.488889 1
0.491667 1
0.494505 1
0.496732 1
0.5 124
0.509091 1
0.513846 1
0.515152 2
0.52381 6
0.527778 4
0.533333 13
0.535714 2
0.537037 1
0.538462 2
0.541311 1
0.545455 1
0.555556 3
0.563636 1
0.571429 6
0.573529 1
0.577778 1
0.581818 1
0.583333 2
0.589744 1
0.6 16
0.606061 1
0.607143 1
0.611111 1
0.619048 1
0.620553 1
0.621212 1
0.622222 1
0.638889 2
0.644444 1
0.666667 155
0.688889 1
0.7 4
0.714286 2
0.733333 1
0.761905 1
0.772059 1
0.784211 1
0.8 5
0.808824 1
0.809524 2
0.833333 13
0.857143 1
0.9 5
1 362
