0 4144
0.000774342 1
0.00110973 1
0.0012987 1
0.0014881 1
0.00168067 1
0.00201613 1
0.00215054 1
0.00241313 1
0.00244898 1
0.00297806 1
0.00396804 1
0.004329 1
0.00465929 1
0.0047619 2
0.00483092 1
0.00487805 1
0.00498339 1
0.00528541 1
0.00569801 1
0.00581703 1
0.00641026 1
0.00653595 1
0.00687285 1
0.00689655 1
0.00731707 1
0.00754148 1
0.00786449 1
0.00790514 1
0.00818939 1
0.00833333 2
0.00837139 1
0.00923077 1
0.00944669 1
0.00952381 3
0.00979755 1
0.00995025 1
0.01 2
0.010453 1
0.010989 2
0.0111412 1
0.011176 1
0.0112994 1
0.0113636 1
0.011396 1
0.0114745 1
0.0115385 1
0.0116959 1
0.0118577 2
0.012184 1
0.0123153 1
0.0128205 4
0.012951 1
0.0135135 1
0.0137931 1
0.014245 2
0.0142857 1
0.014432 1
0.0151515 6
0.0158562 1
0.0158584 1
0.0159574 1
0.0164357 1
0.0166667 3
0.0170455 2
0.017316 2
0.0177305 1
0.0178571 1
0.0179487 1
0.0179592 1
0.0181818 7
0.0183908 1
0.0190476 2
0.0195035 1
0.0196078 2
0.019647 1
0.0197183 1
0.0199328 1
0.0200846 1
0.0202429 1
0.0203515 1
0.0206349 1
0.0206897 2
0.0210526 1
0.021164 1
0.0212585 1
0.0215385 1
0.0216632 1
0.0217391 1
0.0219114 1
0.021978 2
0.0220588 1
0.0221654 1
0.0221675 2
0.0221774 1
0.0222222 12
0.0230769 1
0.023153 1
0.0231729 2
0.0233333 3
0.0238095 2
0.0238596 1
0.0243669 1
0.0244584 1
0.025 1
0.0252874 1
0.0253623 1
0.0253968 1
0.0255584 1
0.025641 6
0.0261438 1
0.0266234 1
0.0266667 1
0.0267399 1
0.0269906 1
0.0270936 1
0.0272109 1
0.027668 1
0.0276923 3
0.0277778 25
0.0283401 1
0.02849 1
0.0285714 2
0.0286738 1
0.0288557 1
0.0289855 1
0.0291005 1
0.0292398 1
0.0295567 1
0.0298851 2
0.0302041 1
0.0302703 1
0.030303 11
0.0307136 1
0.0307477 1
0.030853 1
0.03125 1
0.0312945 1
0.0315789 1
0.031746 1
0.0320197 1
0.0326087 1
0.0326797 1
0.0327169 1
0.0329268 1
0.032967 6
0.0333333 3
0.033543 1
0.0338681 2
0.0338739 1
0.0339367 1
0.0342742 1
0.0344086 2
0.0345098 1
0.0346154 1
0.0348837 1
0.0350877 2
0.0355731 1
0.0357143 36
0.0362319 1
0.0363636 8
0.0365591 2
0.0367347 1
0.0367647 1
0.0367816 1
0.0368421 2
0.037037 2
0.0372881 1
0.0380952 2
0.0384615 4
0.0385426 1
0.0387894 1
0.0388437 1
0.038961 1
0.0392157 4
0.0394089 2
0.039489 1
0.0395257 2
0.0397727 1
0.04 1
0.0404475 1
0.0409357 1
0.0410798 1
0.0412518 1
0.0413793 1
0.0416082 1
0.0421053 2
0.0422078 1
0.0426275 1
0.0426743 1
0.042735 1
0.0428571 1
0.0430108 1
0.0430769 1
0.04329 2
0.0434343 1
0.0434397 1
0.0438272 1
0.043956 5
0.0440898 1
0.0440967 1
0.0441176 3
0.044335 1
0.0444444 19
0.0448718 1
0.0449735 1
0.0451613 1
0.0453782 1
0.0454545 15
0.0457516 4
0.045977 1
0.0460317 1
0.0461538 1
0.0463458 1
0.0465116 1
0.0466667 1
0.0467836 3
0.0470588 1
0.0471014 2
0.0473485 3
0.0473684 1
0.0474308 2
0.0474576 1
0.047619 81
0.0481283 1
0.0484848 1
0.0487589 1
0.0492308 2
0.0494624 1
0.0502646 1
0.0505319 1
0.0507246 1
0.0508788 1
0.0511364 1
0.0512821 6
0.0514706 5
0.0516129 1
0.0517241 1
0.0519312 1
0.0522273 1
0.0522876 2
0.052381 1
0.0525641 1
0.0526316 5
0.0534262 1
0.0534759 1
0.0536585 1
0.0541063 1
0.0543478 1
0.0544355 2
0.0545455 11
0.0549451 5
0.0552585 1
0.055336 1
0.0555556 36
0.055814 1
0.055914 2
0.0560976 1
0.0562771 3
0.0566502 1
0.0569106 1
0.0569728 1
0.0569801 1
0.0570048 1
0.0571429 6
0.0572391 1
0.0578947 5
0.057971 2
0.0582011 1
0.0583215 2
0.0583333 4
0.0584795 3
0.0588235 6
0.0592885 1
0.0597701 1
0.06 1
0.0602151 2
0.0606061 12
0.0611765 1
0.0615385 1
0.0615942 3
0.0623886 2
0.0625 1
0.0626781 1
0.0631579 1
0.0632411 1
0.0633333 2
0.0634921 3
0.063497 1
0.0639873 1
0.0641026 10
0.0643275 4
0.0645646 1
0.0646154 1
0.0649351 2
0.0652174 1
0.0653595 3
0.0655271 2
0.0656799 1
0.0659341 6
0.0661765 5
0.0666667 128
0.0671937 2
0.0672269 1
0.0675325 1
0.0676923 1
0.0683761 2
0.0684211 3
0.0685484 1
0.0688406 1
0.0688778 1
0.0689076 1
0.0689405 1
0.0689655 1
0.0692641 1
0.07 1
0.0700355 1
0.0700758 1
0.0701754 2
0.0705706 1
0.0709677 1
0.0711462 2
0.0714286 44
0.0718954 3
0.0720779 1
0.0724638 1
0.0726765 1
0.0727273 17
0.0733333 1
0.0735294 5
0.0736434 1
0.0736842 2
0.0738052 1
0.0738462 1
0.0738636 1
0.0740741 3
0.0747729 1
0.075 5
0.0750751 2
0.0752941 1
0.0756303 1
0.0757576 8
0.0761905 6
0.0762064 1
0.0762411 1
0.0766129 1
0.0766667 1
0.0769231 17
0.0772727 1
0.0773109 1
0.077381 1
0.077856 1
0.0782313 1
0.0784314 6
0.0789474 1
0.0789779 1
0.0789916 1
0.0796586 1
0.08 4
0.0803304 1
0.0805861 1
0.0808824 7
0.0809524 1
0.0812808 1
0.0814394 1
0.0817204 1
0.0818182 1
0.0822511 2
0.083004 1
0.0830769 1
0.0833333 42
0.0842105 2
0.0846561 1
0.0846774 1
0.0849673 1
0.0855856 1
0.0857143 8
0.0861538 2
0.0869565 5
0.0871212 1
0.0877193 5
0.0879121 5
0.088151 1
0.088172 1
0.0882353 3
0.0888889 26
0.0889957 1
0.0894737 4
0.0895342 1
0.0897436 13
0.0899609 1
0.0904762 1
0.0906832 1
0.0909091 34
0.0915033 2
0.0916667 9
0.092437 1
0.0924731 1
0.0926829 1
0.0927419 1
0.0930233 1
0.0930851 1
0.0935673 1
0.0939024 1
0.0940171 1
0.0940803 1
0.0941176 2
0.0943285 1
0.0946237 1
0.0947581 1
0.0952381 68
0.0955882 5
0.0960591 1
0.0965795 1
0.0966667 1
0.0968661 1
0.0978836 1
0.0980392 3
0.0984615 1
0.0989011 6
0.0989824 1
0.0989899 1
0.0994152 6
0.0994398 1
0.0995671 2
0.0998185 1
0.0999181 1
0.1 171
0.100597 1
0.100985 1
0.101408 1
0.101449 1
0.10226 1
0.102564 17
0.102767 1
0.102941 2
0.103165 1
0.103448 1
0.103669 1
0.103896 3
0.104225 1
0.104615 1
0.104762 6
0.105072 1
0.105263 3
0.105376 1
0.105747 2
0.105835 1
0.105911 1
0.106061 21
0.106349 1
0.106719 1
0.107042 1
0.107143 56
0.10742 1
0.107563 1
0.108014 1
0.108225 1
0.108262 1
0.108333 2
0.108466 1
0.109091 24
0.109848 1
0.10989 13
0.110294 2
0.110345 1
0.110526 4
0.111111 55
0.111742 1
0.112319 1
0.112554 2
0.11266 1
0.1133 1
0.113846 1
0.11396 3
0.113999 1
0.114114 1
0.114286 7
0.114625 1
0.11471 2
0.114943 1
0.115385 18
0.115789 1
0.116059 1
0.116541 1
0.116643 1
0.116667 7
0.116893 1
0.116959 2
0.117647 2
0.117967 1
0.118065 1
0.118409 1
0.118758 2
0.118964 1
0.119048 1
0.119328 1
0.119658 1
0.12 1
0.120428 1
0.120507 1
0.120624 1
0.120748 1
0.120879 4
0.121008 1
0.121053 1
0.121212 10
0.121569 1
0.122222 1
0.12253 1
0.122807 2
0.123077 1
0.123106 1
0.123153 1
0.12381 7
0.124183 3
0.125 3
0.125397 1
0.126316 1
0.126482 1
0.1266 1
0.126984 2
0.127273 17
0.127758 1
0.128023 1
0.128183 1
0.128205 8
0.128571 2
0.129231 1
0.12963 2
0.130435 1
0.130719 3
0.131054 2
0.131579 2
0.131868 3
0.132132 1
0.132353 1
0.133065 1
0.133333 149
0.134085 1
0.134199 2
0.134503 1
0.135385 1
0.135907 1
0.135913 1
0.136134 1
0.136213 1
0.136364 9
0.137255 2
0.137566 1
0.138528 1
0.138889 23
0.139115 1
0.139706 3
0.139785 1
0.14 1
0.140351 3
0.140574 1
0.140825 1
0.141026 6
0.141141 1
0.141304 1
0.141667 7
0.141799 1
0.141935 2
0.142857 116
0.143791 2
0.144086 1
0.144615 1
0.144809 1
0.144928 1
0.145072 1
0.145161 1
0.145299 1
0.14532 1
0.14539 1
0.145455 10
0.146199 2
0.147059 2
0.147368 1
0.147503 1
0.1476 1
0.147692 1
0.147783 2
0.148148 2
0.149495 1
0.149621 1
0.149826 1
0.15 3
0.150327 3
0.15121 1
0.151515 10
0.152047 3
0.152174 1
0.152281 1
0.152381 4
0.15245 1
0.152632 3
0.153846 13
0.15415 1
0.154412 6
0.155556 20
0.156337 1
0.156497 1
0.156695 2
0.156863 4
0.156923 1
0.157658 1
0.158333 6
0.159091 1
0.159596 1
0.16 1
0.160173 3
0.161765 1
0.161905 1
0.162055 1
0.162562 1
0.163025 1
0.163285 1
0.163399 4
0.163636 16
0.163743 3
0.163993 1
0.164502 1
0.164835 3
0.165242 1
0.165414 1
0.16612 1
0.166154 1
0.166667 315
0.167488 1
0.167832 1
0.168067 1
0.168421 1
0.168651 1
0.169118 3
0.169591 1
0.169935 3
0.169951 1
0.16996 2
0.17004 1
0.171429 3
0.171908 1
0.171958 1
0.172119 2
0.172414 1
0.17316 1
0.174185 1
0.175 4
0.175034 1
0.175439 2
0.175824 6
0.176136 1
0.176471 3
0.177011 1
0.177489 1
0.177778 12
0.177866 1
0.178571 35
0.178947 1
0.179402 1
0.179487 10
0.180952 1
0.181287 1
0.181538 1
0.181818 13
0.183007 2
0.183333 4
0.183536 1
0.183824 2
0.184729 2
0.185185 1
0.185366 1
0.185714 1
0.186047 1
0.186147 1
0.186207 1
0.186667 1
0.186813 5
0.187192 2
0.187404 1
0.187565 1
0.188235 1
0.188406 1
0.188948 1
0.189474 3
0.189516 1
0.189542 1
0.189655 1
0.189723 1
0.189916 1
0.19 1
0.190476 63
0.190769 1
0.191176 6
0.191667 2
0.192029 1
0.192308 6
0.192896 1
0.192982 2
0.193676 1
0.194265 1
0.194444 17
0.194581 1
0.194737 2
0.195084 1
0.195122 1
0.196078 2
0.19697 12
0.197802 3
0.197849 1
0.198367 1
0.198529 2
0.19883 1
0.199134 2
0.2 234
0.201581 2
0.20202 1
0.202279 2
0.202614 1
0.203463 1
0.204678 2
0.204808 1
0.205042 1
0.205128 7
0.205882 1
0.206154 1
0.206259 1
0.206633 1
0.206845 1
0.208333 3
0.208791 3
0.208945 1
0.209091 1
0.209524 1
0.209677 1
0.21 1
0.210221 1
0.210526 3
0.212121 11
0.21371 1
0.214015 1
0.214286 28
0.214694 1
0.215152 1
0.215686 3
0.216374 1
0.21645 1
0.216667 3
0.21746 1
0.217469 1
0.217532 1
0.217803 1
0.217949 7
0.218182 11
0.219048 2
0.219251 1
0.21978 6
0.22029 1
0.220588 1
0.22069 1
0.221939 1
0.222222 30
0.222591 1
0.223529 1
0.225 2
0.225108 2
0.225296 1
0.225716 1
0.226316 1
0.227273 8
0.227506 1
0.227813 1
0.227941 1
0.22807 3
0.228164 1
0.228261 1
0.228571 3
0.228758 3
0.229437 1
0.230769 13
0.232305 1
0.233333 2
0.233618 1
0.233871 1
0.234409 1
0.235294 3
0.235897 1
0.236364 13
0.236559 2
0.236842 3
0.236923 1
0.238095 44
0.239316 1
0.24086 1
0.241667 2
0.241758 3
0.242424 6
0.242857 1
0.243077 2
0.24359 5
0.243678 1
0.244444 8
0.245614 1
0.246377 1
0.246753 1
0.247312 1
0.247368 2
0.247619 2
0.247863 1
0.248366 3
0.25 40
0.251232 3
0.251462 1
0.252016 1
0.252381 1
0.252632 1
0.252747 4
0.252964 2
0.253333 1
0.254545 4
0.255411 1
0.25641 4
0.256917 1
0.257143 2
0.257576 6
0.258333 2
0.26087 2
0.261438 2
0.262195 1
0.263158 3
0.263415 1
0.263736 9
0.264368 1
0.264493 1
0.264706 2
0.264822 2
0.266667 75
0.267974 1
0.268421 1
0.268939 1
0.269231 5
0.27 1
0.272605 1
0.272727 13
0.273563 1
0.273684 1
0.27451 2
0.274725 2
0.274854 1
0.275 3
0.27619 3
0.27668 1
0.277056 2
0.277778 8
0.278161 1
0.279412 1
0.280952 1
0.281046 1
0.282051 3
0.282759 1
0.283333 1
0.284211 1
0.284585 1
0.285412 1
0.285714 49
0.285985 1
0.28655 2
0.287879 5
0.288889 2
0.290043 1
0.290909 7
0.291667 1
0.29249 1
0.294872 3
0.296341 1
0.296703 1
0.298246 1
0.3 80
0.300654 1
0.301471 1
0.302956 1
0.302987 1
0.30303 5
0.304094 1
0.304762 1
0.305556 9
0.30719 1
0.307359 1
0.307692 4
0.308333 2
0.308824 1
0.309091 8
0.309524 1
0.309942 1
0.310526 2
0.311111 5
0.311594 1
0.311688 1
0.312644 1
0.314286 2
0.315217 1
0.316129 1
0.316176 1
0.316667 1
0.318182 4
0.318681 4
0.319088 1
0.320261 1
0.320513 2
0.321429 13
0.321637 1
0.322464 2
0.323529 1
0.32381 1
0.324597 1
0.325 1
0.327273 7
0.327731 1
0.32967 4
0.330484 1
0.330645 1
0.331579 1
0.333333 624
0.335979 1
0.339869 1
0.339921 1
0.340659 2
0.341667 3
0.342857 1
0.345029 1
0.345455 2
0.346154 2
0.347619 1
0.348485 1
0.350649 1
0.352381 1
0.355556 3
0.357143 12
0.358974 3
0.359477 1
0.36 1
0.361111 8
0.363636 9
0.366667 1
0.373626 3
0.375 2
0.377778 4
0.378788 1
0.379085 1
0.380952 13
0.381818 1
0.384615 1
0.388889 7
0.391667 1
0.392857 9
0.395604 1
0.397436 2
0.4 85
0.406593 1
0.406723 1
0.408333 2
0.409091 4
0.409357 1
0.409524 2
0.410256 1
0.411765 1
0.415954 1
0.416667 4
0.417582 1
0.418182 2
0.418803 1
0.419048 2
0.422222 2
0.423077 1
0.425 1
0.428571 28
0.431373 1
0.433824 1
0.435897 2
0.436364 3
0.441176 1
0.444444 4
0.448718 2
0.454545 3
0.460227 1
0.461538 1
0.464286 10
0.466667 12
0.472222 3
0.472727 1
0.47619 7
0.483516 1
0.484848 1
0.490909 3
0.494505 2
0.5 117
0.512821 1
0.52381 7
0.527778 1
0.533333 13
0.535714 4
0.538462 2
0.545455 2
0.555556 2
0.564103 1
0.571429 5
0.578818 1
0.586207 1
0.6 13
0.602564 1
0.607143 1
0.611111 1
0.619048 3
0.638889 1
0.642857 2
0.666667 131
0.68 1
0.695238 1
0.7 5
0.714286 1
0.733333 2
0.76087 1
0.785714 2
0.792208 1
0.8 5
0.833333 13
0.888889 1
0.911765 1
0.933333 2
1 342
