0 890
0.0010101 1
0.00153298 1
0.00211416 1
0.00229885 1
0.00236525 1
0.002849 1
0.0031746 1
0.00401606 1
0.00430108 1
0.00448673 1
0.00452489 1
0.00526316 1
0.00539811 1
0.00584795 2
0.00689655 1
0.00759494 1
0.00774373 1
0.00775194 1
0.00838574 1
0.00860215 1
0.00885936 1
0.00913242 1
0.01 1
0.010352 1
0.0105263 1
0.0108853 1
0.010989 1
0.0109999 1
0.0110827 1
0.0117647 1
0.0118577 1
0.0119048 1
0.0123077 1
0.0125093 1
0.0128205 2
0.0128852 1
0.012987 1
0.0131313 1
0.0132576 1
0.0133333 1
0.0135135 1
0.0144928 1
0.0147059 2
0.0151515 5
0.015873 1
0.0161397 1
0.016499 1
0.0165064 1
0.0166512 1
0.0166667 1
0.017094 1
0.017316 1
0.0175439 2
0.0176984 1
0.0178253 1
0.0181159 1
0.0181818 7
0.0183575 1
0.0184615 1
0.0187755 1
0.0190476 3
0.0195035 1
0.02 1
0.0202429 1
0.0204082 1
0.0206349 2
0.021021 1
0.0210526 1
0.021164 1
0.0212245 1
0.0212766 1
0.0213904 1
0.0216895 1
0.021978 1
0.0220588 2
0.0222222 10
0.0227514 1
0.022792 1
0.0233786 1
0.0239234 1
0.0246841 1
0.025 1
0.0251572 1
0.0252874 1
0.0255102 1
0.025641 3
0.0259019 1
0.0261438 1
0.0262097 1
0.0264473 1
0.0266667 3
0.026738 1
0.0269841 1
0.027137 1
0.027668 1
0.0277778 10
0.0284091 1
0.02849 1
0.0289855 1
0.0291005 1
0.0292398 1
0.029304 1
0.0294118 1
0.0295567 1
0.029872 1
0.030303 2
0.0313291 1
0.0315789 2
0.0316206 1
0.0321839 1
0.0322649 1
0.0323887 1
0.0326087 3
0.0326797 1
0.032967 3
0.0333333 4
0.0338266 1
0.0340136 1
0.0342742 2
0.0343915 1
0.0344828 1
0.035102 1
0.0352304 1
0.0353535 1
0.0353659 1
0.0357143 25
0.0358852 1
0.0363475 1
0.0363636 6
0.0365385 1
0.0366667 1
0.0367647 2
0.0368421 1
0.0369748 1
0.0376523 1
0.0377868 1
0.0379278 1
0.038049 1
0.0380952 2
0.0384615 5
0.0387097 1
0.0392157 1
0.039886 1
0.04 2
0.0404945 1
0.0405525 1
0.0409938 1
0.0414487 1
0.0416667 3
0.0417508 1
0.0418354 1
0.0421053 1
0.0421622 1
0.042735 1
0.0427807 1
0.0433333 1
0.043956 2
0.0440816 1
0.0441176 1
0.0444444 16
0.0444862 1
0.0449735 3
0.0450704 1
0.0454545 10
0.045584 2
0.0456807 1
0.0457516 2
0.0459384 1
0.0461538 1
0.0466667 1
0.0467836 1
0.0470588 1
0.0471014 1
0.0472335 1
0.0473033 1
0.0474308 1
0.047619 53
0.0481283 2
0.048433 1
0.0490941 1
0.0492611 1
0.0494624 1
0.0496621 1
0.05 5
0.0505051 1
0.0507246 1
0.0512821 5
0.0513834 2
0.0516129 1
0.0519481 2
0.0522876 1
0.0524194 1
0.052439 1
0.0526316 2
0.0528736 1
0.0533333 2
0.0534262 2
0.0537634 1
0.0537815 1
0.0539397 1
0.0542986 1
0.0545455 13
0.0549451 6
0.0549645 1
0.0552585 1
0.0555556 21
0.055914 2
0.0565611 1
0.0566502 1
0.0568182 1
0.0571429 4
0.0575367 1
0.0578947 1
0.0579114 1
0.057971 1
0.0583333 1
0.0584615 2
0.0584795 4
0.0588235 2
0.0598291 3
0.06 1
0.0602837 1
0.0606061 5
0.0607287 1
0.0615385 1
0.0619048 2
0.062069 1
0.0620783 1
0.0623656 1
0.0625 1
0.0630631 1
0.0631579 2
0.0632411 1
0.0638298 1
0.0641026 4
0.0643275 4
0.0645161 1
0.0645363 1
0.0646154 1
0.0653595 4
0.0655484 1
0.0656566 1
0.0659341 3
0.0661765 5
0.0662021 1
0.0665025 1
0.0666667 105
0.0671937 1
0.0673635 1
0.0676923 1
0.0681818 1
0.0684211 2
0.06866 1
0.0688172 1
0.0688406 1
0.0693878 1
0.0696662 1
0.0698039 1
0.07 1
0.0700355 1
0.0701754 6
0.0705882 1
0.0707317 1
0.0707692 1
0.0711462 1
0.0712251 1
0.0713012 1
0.0714286 41
0.0715962 1
0.0718367 1
0.0718954 4
0.0720539 1
0.0724638 2
0.0727273 11
0.0733333 1
0.0735294 1
0.0735632 1
0.0735931 2
0.0736842 1
0.0738462 2
0.0748101 1
0.0748663 1
0.075 2
0.0755735 1
0.0757576 6
0.0760234 2
0.0761905 6
0.0769231 20
0.0779221 2
0.0784314 2
0.0786095 1
0.0789474 3
0.0790339 1
0.0790514 3
0.0793651 1
0.0806452 1
0.0808824 3
0.0809524 1
0.0817204 1
0.081761 1
0.0818713 2
0.0823762 1
0.0825826 1
0.0826211 1
0.0827286 1
0.0828157 1
0.083004 2
0.0830769 1
0.0833333 37
0.0837438 1
0.0846154 1
0.0846561 2
0.0849673 3
0.0850575 1
0.0854701 1
0.0855615 1
0.0855856 1
0.0857143 5
0.0859944 1
0.0865801 2
0.0866667 2
0.0873315 1
0.0875706 1
0.0877193 1
0.0879121 1
0.0882353 1
0.0886108 1
0.0888889 24
0.0889796 1
0.0890152 1
0.0890756 1
0.0891 1
0.0892308 1
0.0897436 11
0.09 1
0.0904762 5
0.0906568 1
0.0907258 1
0.0907563 1
0.0909091 26
0.0910256 1
0.091133 2
0.0911681 1
0.0915033 6
0.0916667 5
0.0919158 1
0.0922449 1
0.0924825 1
0.092803 1
0.0930233 1
0.0933333 1
0.0935673 3
0.0940171 1
0.0942029 1
0.0947581 1
0.0948617 1
0.0949153 1
0.0952381 66
0.0955882 3
0.0966667 1
0.097628 1
0.0977011 1
0.0977444 1
0.0978261 2
0.0978836 1
0.0980392 2
0.0980574 1
0.0987805 1
0.0988142 1
0.0988506 3
0.0989011 7
0.0994152 3
0.0995733 1
0.1 140
0.100333 1
0.100529 1
0.102277 1
0.102564 13
0.102772 1
0.103175 1
0.103448 1
0.103896 1
0.104515 1
0.104575 2
0.104762 7
0.104839 1
0.105072 1
0.105263 4
0.105413 1
0.105442 1
0.10582 1
0.106061 11
0.106686 1
0.107143 43
0.107258 1
0.107317 1
0.107351 1
0.108108 1
0.108225 2
0.108333 4
0.108696 1
0.109091 19
0.109524 1
0.109677 1
0.10989 8
0.11 1
0.110294 8
0.110526 2
0.110672 1
0.110769 1
0.110877 1
0.110887 1
0.111111 59
0.112554 1
0.112644 1
0.112821 1
0.113124 1
0.1133 1
0.113553 1
0.11396 1
0.114082 1
0.114208 1
0.114286 5
0.114625 1
0.11488 1
0.114943 1
0.115385 11
0.115789 1
0.115854 1
0.115942 1
0.116643 1
0.116667 3
0.116959 2
0.11698 1
0.117089 1
0.117117 1
0.117409 1
0.117647 3
0.11828 1
0.118525 1
0.118577 4
0.119231 1
0.119556 1
0.119658 1
0.120879 4
0.121053 2
0.121212 14
0.122476 1
0.12253 1
0.122689 1
0.122807 1
0.123153 1
0.123679 1
0.12381 7
0.124138 1
0.125 9
0.125506 1
0.12605 1
0.126597 1
0.127273 10
0.127647 1
0.128205 14
0.128342 1
0.128571 1
0.128655 2
0.129231 1
0.129412 2
0.13 1
0.130435 2
0.130719 4
0.131579 4
0.131868 6
0.132275 1
0.132353 3
0.132576 1
0.133065 1
0.133333 128
0.133903 1
0.134058 1
0.134199 2
0.134387 2
0.13447 1
0.134503 1
0.135385 2
0.135468 1
0.135897 1
0.136364 16
0.136752 1
0.137634 1
0.137652 1
0.13834 2
0.138462 1
0.138528 1
0.138889 23
0.139706 1
0.14 3
0.140351 1
0.141026 9
0.141176 1
0.141573 1
0.141667 2
0.142045 1
0.142105 1
0.142292 1
0.142602 1
0.142857 113
0.143109 1
0.14331 1
0.143333 1
0.143978 1
0.144311 1
0.145455 14
0.145503 1
0.146032 1
0.146199 2
0.146245 1
0.147059 2
0.147368 1
0.147619 2
0.148847 1
0.149123 1
0.15 8
0.150198 2
0.150246 1
0.150538 1
0.150877 1
0.151515 14
0.151596 1
0.151888 1
0.152047 1
0.152381 7
0.152632 2
0.153333 2
0.153409 1
0.153846 16
0.154265 1
0.154412 3
0.154762 1
0.154882 1
0.155242 1
0.155556 17
0.156322 1
0.156667 1
0.156863 1
0.15688 1
0.156989 1
0.15706 1
0.157197 1
0.157377 1
0.157895 4
0.158103 1
0.158333 1
0.158586 1
0.158621 1
0.158645 1
0.15873 1
0.160173 1
0.160317 1
0.16129 1
0.161376 2
0.161765 3
0.161905 1
0.162055 1
0.162562 2
0.162896 1
0.163077 1
0.163333 1
0.163492 1
0.163636 9
0.163743 3
0.164502 1
0.164835 7
0.164905 1
0.165242 2
0.166008 1
0.166346 1
0.166531 1
0.166667 293
0.168421 1
0.168831 1
0.169275 1
0.169312 1
0.169591 3
0.169935 1
0.17 1
0.171429 4
0.171753 1
0.172063 2
0.172414 1
0.17316 1
0.173684 1
0.173913 1
0.174174 1
0.174668 1
0.174713 1
0.174877 1
0.175 4
0.175034 1
0.175439 1
0.175641 1
0.175824 4
0.176101 1
0.176471 10
0.176667 1
0.17734 1
0.177778 14
0.177866 1
0.178138 1
0.178571 33
0.179028 1
0.179487 9
0.18 1
0.180952 6
0.181159 1
0.181287 4
0.181609 1
0.181818 22
0.182266 1
0.182336 1
0.183007 3
0.183333 1
0.183468 1
0.183824 2
0.184946 1
0.186344 1
0.186813 6
0.187135 2
0.187166 1
0.187688 1
0.188406 1
0.189189 1
0.189474 3
0.189542 2
0.189744 1
0.19 3
0.190375 1
0.190476 53
0.191246 1
0.191582 1
0.191633 1
0.191667 3
0.192308 6
0.194444 25
0.194728 1
0.194737 1
0.195076 1
0.19548 1
0.19556 1
0.195652 2
0.196581 1
0.19697 11
0.197436 1
0.197802 4
0.19798 1
0.198529 3
0.19883 1
0.199134 1
0.199275 1
0.2 266
0.201581 1
0.201991 1
0.202614 1
0.203008 1
0.203463 2
0.204261 1
0.204678 3
0.204762 1
0.205128 10
0.205882 2
0.206154 1
0.206349 1
0.206763 1
0.206845 1
0.206897 1
0.207207 1
0.207792 1
0.207977 1
0.208333 6
0.208791 4
0.20915 2
0.209231 1
0.209524 4
0.20974 1
0.210526 3
0.210813 1
0.210993 1
0.211765 1
0.212121 6
0.213235 3
0.213675 1
0.214124 1
0.214286 34
0.215686 2
0.216255 1
0.216374 3
0.216425 1
0.21645 1
0.216667 3
0.217391 1
0.217949 4
0.218182 14
0.218391 1
0.219048 4
0.219758 1
0.21978 5
0.219973 1
0.220588 3
0.221014 2
0.221034 2
0.221053 1
0.221538 1
0.222222 31
0.22379 1
0.22381 3
0.223982 1
0.225 2
0.225108 2
0.226216 1
0.226381 1
0.226601 1
0.227273 6
0.227941 1
0.22807 1
0.228758 1
0.229249 1
0.230252 1
0.230769 12
0.232184 1
0.232733 1
0.233333 3
0.233766 1
0.233918 1
0.234146 1
0.235294 2
0.236167 1
0.236364 6
0.236467 1
0.236575 1
0.236585 1
0.236802 1
0.236842 1
0.236923 1
0.237154 1
0.238095 63
0.238901 1
0.238916 1
0.23908 1
0.239766 1
0.24 1
0.241107 1
0.241667 1
0.241758 2
0.24183 1
0.242105 1
0.242424 12
0.242647 1
0.242857 1
0.24359 10
0.243678 1
0.244444 9
0.246154 1
0.246246 1
0.246753 1
0.247619 2
0.247824 1
0.248366 1
0.249012 1
0.25 41
0.251232 1
0.251462 1
0.252381 1
0.252632 1
0.252747 3
0.254545 11
0.255172 1
0.255411 1
0.25641 4
0.257143 5
0.25731 2
0.257353 2
0.257576 4
0.257895 1
0.259001 1
0.26087 1
0.261438 1
0.261905 1
0.262108 1
0.263736 5
0.264069 1
0.264368 1
0.264706 1
0.265079 1
0.266667 77
0.267196 1
0.267692 1
0.267974 1
0.268398 1
0.269006 1
0.269231 4
0.271429 1
0.272727 14
0.273333 1
0.273784 1
0.274194 1
0.27451 1
0.274725 3
0.275 2
0.275862 3
0.27619 4
0.276923 1
0.277778 6
0.278161 1
0.279352 1
0.279412 2
0.28 1
0.280672 1
0.280952 1
0.281046 1
0.282051 5
0.282197 1
0.282282 1
0.282609 1
0.283251 1
0.2849 1
0.285714 51
0.28655 1
0.286765 3
0.28734 1
0.287582 1
0.287879 5
0.288889 9
0.289474 3
0.289655 1
0.290043 1
0.290598 1
0.290909 9
0.291667 4
0.292398 1
0.294118 2
0.294872 1
0.295238 2
0.295567 1
0.295796 1
0.296443 1
0.296703 2
0.29803 1
0.298701 1
0.3 100
0.300403 1
0.300654 1
0.301471 1
0.30303 5
0.304094 2
0.304348 1
0.304762 3
0.305263 2
0.305556 15
0.307692 5
0.308824 1
0.309091 5
0.309524 1
0.309942 1
0.310526 2
0.310769 1
0.311111 5
0.311688 1
0.311943 1
0.312808 1
0.31339 1
0.313725 1
0.314286 1
0.314394 1
0.315789 1
0.316206 1
0.318182 5
0.318681 3
0.319048 1
0.321429 17
0.323529 1
0.32381 1
0.324731 1
0.325 2
0.326316 2
0.326797 1
0.327273 4
0.327485 1
0.32967 3
0.33 1
0.330882 1
0.333333 392
0.335968 1
0.336842 2
0.337127 1
0.340659 1
0.342105 1
0.345455 6
0.346154 2
0.346405 1
0.347619 1
0.348485 3
0.35 1
0.351648 2
0.353276 1
0.355072 1
0.355556 9
0.356125 1
0.356725 1
0.357143 9
0.357895 1
0.36 1
0.361111 13
0.361905 1
0.363636 10
0.366667 1
0.371795 3
0.375 2
0.376847 1
0.377778 3
0.378151 1
0.378788 4
0.378947 1
0.380435 1
0.380952 22
0.381818 2
0.382353 1
0.384615 2
0.385621 1
0.385714 1
0.388889 10
0.391667 2
0.392157 1
0.392857 7
0.393333 1
0.393939 2
0.397436 2
0.4 108
0.403509 1
0.405263 1
0.406593 1
0.408333 1
0.409091 2
0.409357 1
0.410256 2
0.411765 1
0.415954 1
0.416667 5
0.418182 3
0.419118 1
0.422222 1
0.423077 1
0.424242 3
0.426901 1
0.428571 24
0.433333 1
0.435897 3
0.436364 4
0.438095 1
0.444444 5
0.447619 1
0.448529 1
0.448718 2
0.454545 2
0.455914 1
0.457143 1
0.458333 1
0.461538 4
0.464286 9
0.466667 19
0.469697 1
0.472222 3
0.472727 1
0.47619 10
0.483516 1
0.484848 2
0.485294 1
0.488889 1
0.5 140
0.511111 1
0.522059 1
0.52381 6
0.527778 2
0.530303 3
0.533333 18
0.535714 5
0.538462 1
0.549451 1
0.555556 2
0.560606 1
0.560847 1
0.564103 1
0.571429 6
0.577778 1
0.583333 1
0.589744 1
0.6 21
0.607143 1
0.611111 2
0.618182 1
0.618234 1
0.619048 6
0.621212 1
0.622222 1
0.638889 1
0.642857 2
0.644444 1
0.663333 1
0.666667 110
0.7 7
0.715415 1
0.733333 3
0.735178 1
0.747619 1
0.75 1
0.781818 1
0.8 4
0.816176 1
0.821429 1
0.833333 15
0.866667 1
0.916667 1
1 71
