0 12
0.1 1
0.111111 1
0.116491 1
0.133333 2
0.139706 1
0.145455 1
0.191667 1
0.19883 1
0.2 2
0.201426 1
0.208123 1
0.209524 1
0.212121 1
0.225071 1
0.227273 1
0.231293 1
0.233333 1
0.238095 2
0.241758 1
0.24359 1
0.244444 2
0.248366 1
0.252874 1
0.254545 1
0.254902 1
0.25641 1
0.266667 2
0.26782 1
0.272059 1
0.276353 1
0.282051 1
0.282927 1
0.287749 1
0.29064 1
0.293939 1
0.294355 1
0.3 2
0.300395 1
0.300654 1
0.302439 1
0.304094 1
0.30441 1
0.304843 1
0.306667 1
0.307359 1
0.308712 1
0.309091 2
0.309309 1
0.314286 1
0.315789 1
0.318182 1
0.319438 1
0.319693 1
0.321429 1
0.321637 1
0.322751 1
0.322902 1
0.324359 1
0.325139 1
0.326613 1
0.326882 1
0.333333 6
0.334038 1
0.339869 1
0.342408 1
0.345251 1
0.345588 1
0.35 1
0.350379 1
0.350588 1
0.355263 1
0.361905 1
0.362319 1
0.363636 1
0.365217 1
0.369458 1
0.37037 1
0.371429 1
0.371795 1
0.374713 1
0.376049 1
0.377011 1
0.380952 1
0.382773 1
0.383399 1
0.384615 1
0.385281 1
0.386679 1
0.388889 1
0.389474 1
0.390476 2
0.391097 1
0.396657 1
0.396825 1
0.397436 1
0.4 4
0.402174 1
0.402456 1
0.40373 1
0.404386 1
0.404973 1
0.407056 1
0.412879 1
0.413131 1
0.413135 1
0.413306 1
0.418301 1
0.419118 1
0.421053 1
0.421182 1
0.421922 1
0.422669 1
0.42346 1
0.42389 1
0.424242 1
0.426624 1
0.428515 1
0.428571 2
0.430499 1
0.430769 2
0.432215 1
0.434598 1
0.43472 1
0.438746 1
0.43956 1
0.44186 1
0.442105 1
0.444444 3
0.444555 1
0.444872 1
0.445209 1
0.445238 1
0.445347 1
0.446644 1
0.447368 1
0.45 1
0.450077 1
0.450219 1
0.45045 1
0.451827 1
0.452874 1
0.454545 1
0.455367 1
0.455645 1
0.457483 1
0.458951 1
0.461988 1
0.463333 2
0.46345 1
0.464015 1
0.464286 2
0.466667 1
0.467463 1
0.46798 1
0.469593 1
0.469598 1
0.471064 1
0.472727 1
0.473636 1
0.474601 1
0.475128 1
0.475936 1
0.480288 1
0.48118 1
0.482174 1
0.483937 1
0.484848 1
0.487088 1
0.487179 1
0.487356 1
0.490405 1
0.490909 1
0.491935 1
0.492085 1
0.492647 1
0.493059 1
0.493078 1
0.493168 1
0.493225 1
0.493688 1
0.494071 1
0.494313 1
0.494732 1
0.495238 1
0.495798 1
0.496667 1
0.49768 1
0.499139 1
0.5 3
0.501822 1
0.502463 2
0.502521 1
0.503839 1
0.504926 1
0.505907 1
0.506783 1
0.507353 1
0.509852 1
0.511828 1
0.512012 1
0.513701 1
0.514113 1
0.514778 1
0.514887 1
0.515789 1
0.516923 1
0.518029 1
0.518519 1
0.519048 1
0.51939 1
0.520267 1
0.523754 1
0.52381 2
0.524859 1
0.52561 1
0.525641 1
0.526466 1
0.527399 1
0.527889 1
0.52987 1
0.53007 1
0.531183 1
0.53202 1
0.532812 1
0.533333 2
0.534147 1
0.534203 1
0.53524 1
0.535294 1
0.535714 2
0.536034 1
0.536419 1
0.53829 1
0.538341 1
0.538418 1
0.538462 1
0.538796 1
0.538803 1
0.538936 1
0.539198 1
0.539683 1
0.539802 1
0.542745 2
0.543554 1
0.544118 1
0.545122 1
0.545199 1
0.545421 1
0.545455 1
0.546583 1
0.546667 1
0.548189 1
0.548352 1
0.549296 1
0.549386 1
0.549495 1
0.550073 1
0.550375 1
0.551471 1
0.551923 1
0.553477 1
0.553725 1
0.554773 1
0.555272 1
0.555458 1
0.555904 1
0.555918 1
0.557057 1
0.557716 1
0.558333 2
0.55914 1
0.56044 1
0.560452 1
0.561905 3
0.562285 1
0.562319 1
0.562605 1
0.563569 1
0.564103 1
0.564179 1
0.564586 1
0.565167 1
0.565934 1
0.566432 1
0.566667 1
0.567677 1
0.568209 1
0.568627 2
0.568971 1
0.570208 1
0.571429 3
0.571521 1
0.571557 1
0.573333 1
0.574324 1
0.574342 1
0.574468 1
0.574519 1
0.574597 1
0.575611 1
0.575758 1
0.578437 1
0.578755 1
0.578776 1
0.578829 1
0.579082 1
0.580882 1
0.580963 1
0.581395 1
0.582583 1
0.583418 1
0.583607 1
0.584151 1
0.584534 1
0.584568 1
0.584795 1
0.58487 1
0.585445 1
0.588571 1
0.588811 1
0.58885 1
0.589109 1
0.589474 2
0.591119 1
0.591667 1
0.593939 2
0.595169 1
0.595238 1
0.595365 1
0.59699 1
0.597537 1
0.597701 1
0.59878 1
0.599805 1
0.6 2
0.600316 1
0.600609 1
0.601295 1
0.601427 1
0.601932 1
0.602151 1
0.602436 1
0.602941 1
0.60327 1
0.604378 1
0.604744 1
0.605938 1
0.607143 2
0.607949 1
0.609449 1
0.609626 1
0.609966 1
0.610841 1
0.610994 1
0.612616 1
0.612648 1
0.612943 1
0.613108 1
0.613191 1
0.613445 1
0.614085 1
0.614112 1
0.614501 1
0.615152 1
0.615563 1
0.61688 1
0.61704 1
0.617117 1
0.617647 1
0.619877 1
0.62015 1
0.620321 1
0.620787 1
0.621553 1
0.622222 1
0.623842 1
0.624865 1
0.625316 1
0.627016 1
0.628571 1
0.628637 1
0.628703 1
0.62888 1
0.629898 1
0.631016 1
0.631707 1
0.631938 1
0.632941 1
0.636364 1
0.63683 1
0.637248 1
0.63787 1
0.638138 1
0.638889 1
0.640152 1
0.642576 1
0.642857 2
0.642932 1
0.647619 1
0.648352 1
0.648551 1
0.649425 1
0.650491 1
0.652486 1
0.652548 1
0.653209 1
0.653763 1
0.653937 1
0.654359 1
0.654545 1
0.654597 1
0.655399 1
0.655637 1
0.655654 1
0.656053 1
0.656126 1
0.657002 1
0.657197 1
0.657273 1
0.658273 1
0.659159 1
0.659161 1
0.659532 1
0.661538 1
0.661565 1
0.661765 1
0.662723 1
0.662777 1
0.662859 1
0.665565 1
0.666254 1
0.666667 12
0.666835 1
0.666853 1
0.668817 1
0.669118 1
0.669355 1
0.669601 1
0.670389 1
0.671001 1
0.672001 1
0.672348 1
0.672604 1
0.673289 1
0.673362 1
0.674416 1
0.675236 1
0.675439 1
0.676437 1
0.677146 1
0.677527 1
0.67803 1
0.678571 1
0.678844 1
0.67915 1
0.679987 1
0.680287 1
0.681037 1
0.681319 2
0.681525 1
0.683824 1
0.684204 1
0.684211 1
0.685484 1
0.685737 1
0.685845 1
0.686117 1
0.68632 1
0.686437 1
0.68679 1
0.686837 1
0.687059 1
0.687758 1
0.68784 1
0.689057 1
0.689231 1
0.690476 1
0.690746 1
0.691449 1
0.691706 1
0.692274 1
0.692418 1
0.693774 1
0.694236 1
0.694536 1
0.694605 1
0.694737 1
0.694949 1
0.695238 1
0.695285 1
0.695858 1
0.696166 1
0.69697 1
0.697414 1
0.697416 1
0.697529 1
0.697697 1
0.698759 1
0.699301 1
0.699338 1
0.699548 1
0.7 3
0.701273 1
0.701282 1
0.701626 1
0.701659 1
0.702529 1
0.704001 1
0.704028 1
0.7041 1
0.705812 1
0.705823 1
0.705923 1
0.706135 1
0.706158 1
0.706534 1
0.707299 1
0.707538 1
0.707991 1
0.709477 1
0.709481 1
0.70964 1
0.710526 1
0.710877 1
0.71123 1
0.712121 1
0.71235 1
0.71294 1
0.713113 1
0.714286 2
0.715294 1
0.716081 1
0.716716 1
0.716979 1
0.716981 1
0.716993 1
0.717044 1
0.717949 1
0.71831 1
0.719048 1
0.719145 1
0.719944 1
0.720567 1
0.72066 1
0.722222 2
0.722305 1
0.722859 1
0.723077 1
0.723114 1
0.723335 1
0.72341 1
0.72403 1
0.725844 1
0.726516 1
0.726788 1
0.727273 1
0.72764 1
0.727749 1
0.728307 1
0.729274 1
0.729536 1
0.730897 1
0.732286 1
0.733061 1
0.733333 5
0.733473 1
0.733593 1
0.734243 1
0.734779 1
0.735294 1
0.736264 1
0.736441 1
0.737542 1
0.738618 1
0.73913 1
0.7402 1
0.740613 1
0.740628 1
0.740994 1
0.741673 1
0.741975 1
0.741985 1
0.742029 1
0.742369 1
0.742675 1
0.742857 1
0.743028 1
0.74359 1
0.744247 1
0.744691 1
0.745455 1
0.745782 1
0.746032 1
0.746095 1
0.746104 1
0.74635 1
0.746753 1
0.747253 1
0.747274 1
0.747473 1
0.747678 1
0.748134 1
0.748331 1
0.748684 1
0.748776 1
0.748982 1
0.749263 1
0.749388 1
0.749516 1
0.749634 1
0.750096 1
0.752281 1
0.753623 1
0.75383 1
0.754609 1
0.755622 1
0.755966 1
0.75641 1
0.756873 1
0.757206 1
0.757576 1
0.757937 1
0.758242 1
0.758353 1
0.759091 1
0.759873 1
0.759918 1
0.760236 1
0.762772 1
0.762948 1
0.763287 1
0.763919 1
0.768805 1
0.768895 1
0.769231 1
0.77045 1
0.771429 1
0.77512 1
0.777078 1
0.779516 1
0.780423 1
0.783653 1
0.785714 1
0.786813 1
0.786996 1
0.788311 1
0.789474 1
0.790185 1
0.795521 1
0.796371 1
0.799596 1
0.8 2
0.804762 1
0.809756 1
0.810685 1
0.811012 1
0.815789 1
0.820513 1
0.833333 1
0.844444 1
0.866667 1
0.9 1
0.916667 1
1 11
