0 9
0.133333 2
0.135972 1
0.138889 1
0.150327 1
0.151515 1
0.191176 1
0.2 1
0.227273 1
0.227692 1
0.228571 1
0.236058 1
0.237154 1
0.238095 4
0.242424 1
0.25 1
0.25254 1
0.25731 1
0.271429 1
0.278161 1
0.285057 1
0.285714 1
0.290909 2
0.294872 1
0.296667 1
0.298609 1
0.306595 1
0.308333 1
0.320513 1
0.321053 1
0.32381 1
0.325 1
0.325581 1
0.328063 1
0.333333 5
0.334454 1
0.334694 1
0.339181 1
0.339785 1
0.340659 1
0.343333 1
0.343844 1
0.349754 1
0.355114 1
0.357143 1
0.359358 1
0.361905 1
0.363158 1
0.363636 1
0.364692 1
0.364968 1
0.366667 1
0.367589 1
0.373106 1
0.373219 1
0.375145 1
0.375169 1
0.375385 1
0.376623 1
0.379699 1
0.380952 1
0.381224 1
0.381766 1
0.383333 1
0.38447 1
0.384615 1
0.384874 2
0.389163 1
0.38969 1
0.390476 1
0.393548 1
0.393725 1
0.393846 1
0.393939 1
0.398313 1
0.4 3
0.403509 1
0.407449 1
0.411765 1
0.414773 1
0.414993 1
0.416162 1
0.417582 1
0.422222 1
0.423813 1
0.423911 1
0.424129 1
0.425254 1
0.428571 1
0.432432 1
0.433333 1
0.433862 1
0.434734 1
0.437406 1
0.438848 1
0.444444 1
0.445378 1
0.446377 1
0.448718 1
0.452899 1
0.454123 1
0.456081 1
0.457143 2
0.458874 1
0.461905 1
0.462121 1
0.463162 1
0.464286 1
0.466062 1
0.466667 2
0.467236 1
0.468421 1
0.469697 1
0.470588 1
0.471014 1
0.473313 1
0.47379 1
0.475 1
0.475314 1
0.475369 1
0.47658 1
0.47696 1
0.477899 1
0.479532 1
0.479853 1
0.481013 1
0.483333 1
0.483516 1
0.48366 1
0.484848 1
0.484899 1
0.485714 1
0.488095 1
0.488889 1
0.489362 1
0.490119 1
0.492355 1
0.497662 1
0.498544 1
0.5 1
0.50084 1
0.500853 1
0.501307 1
0.50202 1
0.502521 1
0.502551 1
0.504245 1
0.50503 1
0.507563 1
0.507692 1
0.508865 1
0.509109 1
0.51023 1
0.510769 1
0.511111 1
0.512315 1
0.514113 1
0.514778 1
0.515873 1
0.517647 1
0.519203 1
0.521351 1
0.521739 1
0.521899 1
0.523313 1
0.52408 1
0.524403 1
0.526132 1
0.529434 1
0.531171 1
0.533257 1
0.533333 1
0.533542 1
0.534011 1
0.535714 1
0.537037 1
0.539303 1
0.539683 1
0.539785 1
0.541135 1
0.541836 1
0.542105 1
0.542529 1
0.545299 1
0.54539 1
0.545455 1
0.549075 1
0.549451 1
0.550776 1
0.551579 1
0.55206 1
0.552127 1
0.552941 1
0.55303 1
0.554671 1
0.555556 3
0.555649 1
0.555878 1
0.559197 1
0.560193 1
0.560604 1
0.560606 1
0.560946 1
0.561393 1
0.562819 1
0.567674 1
0.571628 1
0.573224 1
0.574899 1
0.575499 1
0.575793 1
0.576033 1
0.577515 1
0.577778 1
0.578947 1
0.579181 1
0.579262 1
0.57931 1
0.58 1
0.580645 1
0.581185 1
0.581707 1
0.582668 1
0.583173 1
0.583333 1
0.584763 1
0.58498 1
0.585667 1
0.586555 1
0.587809 1
0.588343 1
0.589751 1
0.591057 1
0.591667 1
0.593277 1
0.594601 1
0.595192 1
0.595238 1
0.595362 1
0.596059 1
0.596591 1
0.597148 1
0.597403 1
0.598413 1
0.59897 1
0.599298 1
0.6 3
0.600402 1
0.601299 1
0.601449 1
0.602244 1
0.602762 1
0.603068 1
0.603925 1
0.604012 1
0.604324 1
0.604422 1
0.604427 1
0.604694 1
0.604714 1
0.605882 1
0.606676 1
0.607639 1
0.608333 2
0.609153 1
0.61 1
0.611655 1
0.611836 1
0.611983 1
0.612051 1
0.61215 1
0.613137 1
0.614141 1
0.614719 1
0.615355 1
0.615475 1
0.615975 1
0.615978 1
0.616162 1
0.616402 1
0.617347 1
0.617507 1
0.61775 1
0.619048 1
0.620015 1
0.620105 1
0.621343 1
0.621554 1
0.622604 1
0.622642 1
0.623661 1
0.625172 1
0.625175 1
0.625731 1
0.626087 1
0.626374 1
0.62704 1
0.628571 1
0.629615 1
0.62963 1
0.630165 1
0.630299 1
0.63118 1
0.631579 1
0.631803 1
0.632035 1
0.632092 1
0.632353 1
0.632801 1
0.633122 1
0.63352 1
0.633654 1
0.634921 1
0.636108 1
0.638876 1
0.639929 1
0.640957 1
0.641026 1
0.642712 1
0.642857 2
0.643108 1
0.644042 1
0.644504 1
0.644753 1
0.645552 1
0.645791 1
0.646254 1
0.647059 1
0.64888 1
0.649196 1
0.650672 1
0.651293 1
0.651494 1
0.652381 1
0.652619 1
0.653271 1
0.654498 1
0.655556 1
0.656774 1
0.657646 1
0.659159 1
0.659341 1
0.660131 1
0.661103 1
0.661765 1
0.662195 1
0.662415 1
0.662991 1
0.663273 1
0.6642 1
0.665098 1
0.666321 1
0.666667 6
0.667141 1
0.667353 1
0.668482 1
0.669462 1
0.669725 1
0.670675 1
0.672328 1
0.672525 1
0.673913 1
0.674253 1
0.675758 1
0.676316 1
0.676471 1
0.676596 1
0.676986 1
0.677258 1
0.67803 1
0.678049 1
0.678205 1
0.678571 3
0.678877 1
0.679078 1
0.679739 1
0.683634 1
0.684551 1
0.685816 1
0.686068 1
0.686275 2
0.687708 1
0.687789 1
0.687894 1
0.689011 1
0.689919 1
0.690194 1
0.69051 1
0.69147 1
0.693333 1
0.69359 1
0.694444 1
0.694632 1
0.694737 1
0.694767 1
0.695131 1
0.696403 1
0.697706 1
0.698713 1
0.69916 1
0.7 2
0.70084 1
0.701613 1
0.701665 1
0.70202 1
0.702415 1
0.703175 1
0.70358 1
0.704762 1
0.70641 1
0.707117 1
0.707897 1
0.708121 1
0.708333 1
0.710238 1
0.712072 1
0.714286 1
0.716509 1
0.716927 1
0.717994 1
0.718615 1
0.718954 1
0.719233 1
0.720513 1
0.720879 1
0.722222 1
0.723091 1
0.723856 1
0.725379 1
0.725888 1
0.72602 1
0.726046 1
0.726316 1
0.726918 1
0.727176 1
0.727273 1
0.728491 1
0.730769 1
0.731537 1
0.732548 1
0.733333 2
0.734434 1
0.734442 1
0.734602 1
0.734615 1
0.734633 1
0.735294 2
0.735315 1
0.736336 1
0.737015 1
0.737929 1
0.739349 1
0.739691 1
0.73975 1
0.740869 1
0.740968 1
0.741538 1
0.741841 1
0.741935 1
0.742049 1
0.743316 1
0.744378 1
0.744472 1
0.745035 1
0.745128 1
0.745184 1
0.745194 1
0.746246 1
0.747197 1
0.748196 1
0.748416 1
0.748452 1
0.749881 1
0.75 2
0.751485 1
0.752252 1
0.752641 1
0.75303 1
0.754306 1
0.754986 1
0.755388 1
0.755966 1
0.75641 1
0.756923 1
0.757353 2
0.757728 1
0.759529 1
0.760204 1
0.760412 1
0.760429 1
0.76106 1
0.761768 1
0.761905 2
0.762246 1
0.763182 1
0.7635 1
0.763636 1
0.763843 1
0.764264 1
0.765102 1
0.765392 1
0.765823 1
0.765928 1
0.766053 1
0.766394 1
0.766667 1
0.767038 1
0.767079 1
0.770737 1
0.770936 1
0.771975 1
0.772187 1
0.772273 1
0.772727 1
0.773712 1
0.77395 1
0.774436 1
0.774455 1
0.774892 1
0.775126 1
0.775357 1
0.776402 1
0.777069 1
0.777262 1
0.777497 1
0.777778 1
0.778496 1
0.778908 1
0.779817 1
0.781039 1
0.781624 1
0.782939 1
0.783251 1
0.783856 1
0.784038 1
0.785714 2
0.786266 1
0.786779 1
0.786883 1
0.786942 1
0.787278 1
0.787655 1
0.788212 1
0.789955 1
0.79034 1
0.791108 1
0.791558 1
0.791916 1
0.792053 1
0.79241 1
0.792909 1
0.794118 1
0.79434 1
0.79471 1
0.795122 1
0.796215 1
0.796324 1
0.796356 1
0.796404 1
0.796911 1
0.799512 1
0.79982 1
0.8 2
0.800519 1
0.800627 1
0.801572 1
0.80173 1
0.802158 1
0.802198 1
0.802259 1
0.802719 1
0.803322 1
0.8037 1
0.803922 1
0.804395 1
0.805195 1
0.806219 1
0.807911 1
0.807971 1
0.808824 1
0.811241 1
0.811594 1
0.812258 1
0.812621 1
0.813187 1
0.81383 1
0.813889 1
0.814702 1
0.814765 1
0.814986 1
0.815494 1
0.816155 1
0.817014 1
0.818288 1
0.818773 1
0.818808 1
0.818844 1
0.819476 1
0.819977 1
0.820272 1
0.820513 1
0.82072 1
0.821809 1
0.822134 1
0.822222 1
0.823145 1
0.823161 1
0.823254 1
0.823453 1
0.824176 1
0.824946 1
0.825498 1
0.826241 1
0.827388 1
0.827454 1
0.827795 1
0.828571 1
0.829098 1
0.829659 1
0.83117 1
0.831322 1
0.831923 1
0.833304 1
0.833333 2
0.834483 1
0.834741 1
0.835165 2
0.836006 1
0.836415 1
0.836614 1
0.836782 1
0.83729 1
0.83731 1
0.83733 1
0.837519 1
0.837852 1
0.838095 1
0.838285 1
0.838478 1
0.839248 1
0.840685 1
0.840759 1
0.841229 1
0.841485 1
0.841935 1
0.842678 1
0.843385 1
0.843697 1
0.844295 1
0.844414 1
0.845001 1
0.848627 1
0.848827 1
0.849846 1
0.852799 1
0.853566 1
0.854755 1
0.856061 1
0.859504 1
0.86077 1
0.862194 1
0.865546 1
0.865559 1
0.866667 6
0.867413 1
0.867735 1
0.869231 1
0.874272 1
0.877005 1
0.877778 1
0.878108 1
0.883366 1
0.885638 1
0.887789 1
0.888677 1
0.890476 1
0.891172 1
0.895238 1
0.9 1
0.904762 1
0.928191 1
0.972222 1
1 14
