0 581
0.0222222 1
0.0237154 1
0.0326087 1
0.0357143 1
0.0363636 1
0.0368421 1
0.0444444 1
0.047619 3
0.0553306 1
0.0555556 3
0.0606061 1
0.0666667 8
0.0714286 3
0.0735931 1
0.0757576 1
0.0760234 1
0.0769231 1
0.0784314 1
0.0833333 3
0.0888889 1
0.0890152 1
0.0897436 1
0.0909091 1
0.0952381 5
0.0980392 1
0.0989011 1
0.1 16
0.102564 1
0.106061 1
0.107143 1
0.108262 1
0.111111 3
0.116402 1
0.121212 1
0.125 1
0.127273 1
0.128571 1
0.133333 11
0.138889 1
0.142857 7
0.152381 1
0.155556 1
0.161905 1
0.164835 1
0.166667 56
0.177778 2
0.178571 4
0.181818 2
0.186813 1
0.190476 8
0.192308 1
0.194444 4
0.19697 1
0.2 29
0.205128 1
0.212121 1
0.217949 2
0.222222 8
0.227273 2
0.236364 2
0.238095 11
0.242424 1
0.244444 2
0.25 5
0.252747 1
0.266667 16
0.272727 2
0.285714 7
0.290909 1
0.3 19
0.30303 1
0.305556 5
0.309091 1
0.311111 1
0.321429 1
0.333333 142
0.355556 1
0.357143 2
0.361111 2
0.363636 3
0.377778 1
0.380952 4
0.388889 1
0.392857 5
0.4 24
0.416667 1
0.428571 4
0.464286 1
0.466667 5
0.47619 2
0.5 54
0.52381 1
0.533333 3
0.571429 6
0.6 10
0.607143 2
0.619048 1
0.666667 58
0.7 8
0.714286 1
0.733333 4
0.8 8
0.833333 27
0.866667 1
0.9 3
1 132
