0 12
0.119617 1
0.133333 2
0.136364 1
0.161765 1
0.19 1
0.190476 2
0.191176 1
0.199134 1
0.2 2
0.20629 1
0.211823 1
0.218182 1
0.219447 1
0.22 1
0.236364 1
0.238095 5
0.239766 1
0.240216 1
0.242424 1
0.242754 1
0.24359 1
0.244444 1
0.275269 1
0.27619 1
0.276353 1
0.278226 1
0.280632 1
0.283333 1
0.284213 1
0.287929 1
0.288889 1
0.290909 1
0.294118 1
0.294372 1
0.296703 1
0.3 1
0.303448 1
0.305556 1
0.307782 1
0.311688 1
0.317303 1
0.320513 1
0.327485 1
0.327731 1
0.328629 1
0.329148 1
0.32971 1
0.330538 1
0.332016 1
0.333333 8
0.335227 1
0.335686 1
0.34127 1
0.343434 1
0.345238 1
0.346237 1
0.346829 1
0.350379 1
0.350649 1
0.352381 1
0.355556 1
0.355887 1
0.357895 1
0.361111 1
0.363002 1
0.363636 1
0.36549 1
0.365517 1
0.366667 1
0.368421 1
0.37 1
0.371891 1
0.380645 1
0.381818 1
0.383333 1
0.386095 1
0.389331 1
0.390476 2
0.390645 1
0.391919 1
0.392857 1
0.393103 1
0.393455 1
0.396011 1
0.398196 1
0.399486 1
0.4 5
0.403223 1
0.404092 1
0.409524 4
0.410526 1
0.410782 1
0.412518 1
0.416916 1
0.417339 1
0.418154 1
0.418357 1
0.41892 1
0.419048 1
0.422222 1
0.422378 1
0.423656 1
0.426896 1
0.430931 1
0.433155 1
0.434629 1
0.435441 1
0.435897 1
0.436332 1
0.436364 1
0.437229 1
0.437276 1
0.437632 1
0.437849 1
0.439805 1
0.441687 1
0.442068 1
0.443588 1
0.443678 1
0.44385 1
0.444444 2
0.445813 1
0.445887 1
0.446154 1
0.45 1
0.450481 1
0.450549 1
0.450639 1
0.45098 1
0.454545 2
0.455603 1
0.45614 1
0.457661 1
0.459459 1
0.461696 1
0.464387 1
0.46531 1
0.466667 2
0.467236 1
0.468857 1
0.470054 1
0.470588 1
0.471051 1
0.471591 1
0.472222 1
0.47276 1
0.473407 1
0.473418 1
0.473457 1
0.473609 1
0.474638 1
0.479569 1
0.480769 1
0.481299 1
0.481756 1
0.482219 1
0.484127 1
0.484237 1
0.48538 1
0.486585 1
0.486973 1
0.488199 1
0.488479 1
0.489532 1
0.490119 1
0.490407 1
0.494529 1
0.495238 1
0.495251 1
0.495461 1
0.497002 1
0.497365 1
0.497621 1
0.497835 1
0.498212 1
0.5 6
0.503647 1
0.505376 1
0.50548 1
0.507353 1
0.510511 1
0.510924 1
0.512084 1
0.51275 1
0.512821 1
0.513788 1
0.513887 1
0.513996 1
0.514873 1
0.51567 1
0.515873 1
0.517345 1
0.518145 1
0.519822 1
0.519871 1
0.52 1
0.520161 1
0.520737 1
0.521021 1
0.521813 1
0.522192 1
0.52381 2
0.524546 1
0.524706 1
0.52549 1
0.526126 1
0.527778 1
0.529231 1
0.53062 2
0.531143 1
0.531746 1
0.532468 1
0.532516 1
0.532982 1
0.53328 1
0.533333 5
0.533695 1
0.533765 1
0.533976 1
0.535009 1
0.53513 1
0.535424 1
0.535556 1
0.535559 1
0.536797 1
0.53706 1
0.537592 1
0.53867 1
0.539171 1
0.539507 1
0.53961 1
0.539966 1
0.540336 1
0.540404 1
0.540819 1
0.542105 1
0.542199 1
0.542328 1
0.542857 1
0.542986 1
0.543762 1
0.544331 1
0.544974 1
0.54534 1
0.546667 1
0.547045 1
0.547641 1
0.548048 1
0.549708 1
0.551204 1
0.551797 1
0.551985 1
0.552124 1
0.552381 1
0.553161 1
0.554929 1
0.55638 1
0.556459 1
0.556604 1
0.556984 1
0.557155 1
0.557312 1
0.557317 1
0.557971 1
0.558183 1
0.559524 1
0.560484 1
0.560966 1
0.562308 1
0.5625 1
0.564784 1
0.564873 1
0.565657 1
0.566947 1
0.567251 1
0.567347 1
0.568627 1
0.569477 1
0.569794 1
0.570612 1
0.570922 1
0.571429 3
0.572425 1
0.572686 1
0.573283 1
0.573382 1
0.573996 1
0.574059 1
0.575163 1
0.575736 1
0.575758 2
0.576241 1
0.576471 1
0.576768 1
0.577075 1
0.577778 1
0.578073 1
0.578947 1
0.579268 1
0.580234 1
0.581028 1
0.581081 1
0.582551 1
0.582609 1
0.583203 1
0.583333 1
0.584874 1
0.585672 1
0.586271 1
0.589339 1
0.590001 1
0.590726 1
0.591304 1
0.591837 1
0.592722 1
0.593407 1
0.593548 1
0.594595 1
0.596735 1
0.597027 1
0.597575 1
0.59798 1
0.598718 1
0.598779 1
0.59878 1
0.599099 2
0.6 4
0.600198 1
0.600713 1
0.601024 1
0.60122 1
0.601307 1
0.601401 1
0.602193 1
0.602439 1
0.602462 1
0.602899 1
0.602941 1
0.603587 1
0.604485 1
0.607667 1
0.608287 1
0.609201 1
0.609524 1
0.609756 1
0.610174 1
0.610661 1
0.610837 1
0.611111 1
0.611302 1
0.613191 1
0.613361 1
0.614114 1
0.615248 1
0.616667 1
0.617098 1
0.618449 1
0.618896 1
0.620155 1
0.620957 1
0.621212 1
0.621224 1
0.621849 1
0.623077 1
0.623351 1
0.623529 1
0.625397 1
0.626335 1
0.626374 1
0.6268 1
0.628571 1
0.628799 1
0.629944 1
0.630032 1
0.631579 1
0.632832 1
0.633181 1
0.635179 1
0.635183 1
0.636364 1
0.636404 1
0.637818 1
0.637939 1
0.638554 1
0.641236 1
0.642017 1
0.642045 1
0.642857 1
0.643321 1
0.643494 1
0.646852 1
0.647619 1
0.64962 1
0.65121 1
0.652215 1
0.652262 1
0.652525 1
0.652874 1
0.652882 1
0.652948 1
0.653226 1
0.653272 1
0.653938 1
0.654545 1
0.655172 2
0.65633 1
0.658214 1
0.658479 1
0.659075 1
0.660658 1
0.661094 1
0.663457 1
0.664559 1
0.664683 1
0.664797 1
0.665546 1
0.665751 1
0.666123 1
0.666519 1
0.666667 16
0.666818 1
0.667316 1
0.667522 1
0.667555 1
0.668063 1
0.669243 1
0.669489 1
0.670029 1
0.67033 1
0.671521 1
0.672072 1
0.672642 1
0.67265 1
0.673331 1
0.675 1
0.67513 1
0.676792 1
0.677003 1
0.677014 1
0.677615 1
0.678665 1
0.678808 1
0.679425 1
0.67961 1
0.680603 1
0.681433 1
0.681441 1
0.681818 1
0.683824 1
0.684348 1
0.684617 1
0.684783 1
0.685185 1
0.685714 1
0.685935 1
0.686073 1
0.686154 1
0.68713 1
0.68805 1
0.689061 1
0.689522 1
0.689944 1
0.690054 1
0.690904 1
0.691597 1
0.692308 1
0.692929 1
0.693222 1
0.693269 1
0.693352 1
0.693384 1
0.694444 1
0.694842 1
0.695238 1
0.695385 1
0.69577 1
0.695947 1
0.695977 1
0.696507 1
0.696858 1
0.697876 1
0.697981 1
0.698558 1
0.698558 1
0.698925 1
0.699686 1
0.699789 1
0.7 4
0.700153 1
0.700166 1
0.700624 1
0.701183 1
0.701754 1
0.702615 1
0.703297 1
0.703687 1
0.70449 1
0.704545 1
0.704638 1
0.704819 1
0.704916 1
0.705161 1
0.705987 1
0.706388 1
0.706718 1
0.706737 1
0.707371 1
0.707587 1
0.707722 1
0.708 1
0.709368 1
0.709472 1
0.709524 1
0.709641 1
0.710198 1
0.710211 1
0.711032 1
0.712893 1
0.713681 1
0.713966 1
0.714286 4
0.715415 1
0.715474 1
0.715653 1
0.71657 1
0.716667 1
0.716917 1
0.718954 1
0.719025 1
0.719332 1
0.719844 1
0.720709 1
0.721251 1
0.722206 1
0.722431 1
0.722705 1
0.722805 1
0.722944 1
0.723609 1
0.724808 1
0.726821 1
0.727504 1
0.72764 1
0.727917 1
0.728989 1
0.730132 1
0.730134 1
0.730511 1
0.731445 1
0.731501 1
0.731896 1
0.732066 1
0.732099 1
0.732979 1
0.733133 1
0.733333 1
0.734982 1
0.735131 1
0.735262 1
0.73538 1
0.736264 2
0.736786 1
0.73713 1
0.738739 1
0.739654 1
0.739716 1
0.740209 1
0.740258 1
0.741657 1
0.742041 1
0.742638 1
0.742792 1
0.74359 1
0.743884 1
0.744007 1
0.744662 1
0.745146 1
0.74542 1
0.74633 1
0.747095 1
0.747143 1
0.747253 1
0.747426 1
0.747821 1
0.749713 1
0.75 1
0.750322 1
0.750811 1
0.751578 1
0.752381 1
0.753285 1
0.754057 1
0.754857 1
0.755162 1
0.755293 1
0.755352 1
0.755556 1
0.755767 1
0.755881 1
0.756655 1
0.757576 2
0.757755 1
0.75776 1
0.758266 1
0.758658 1
0.758953 1
0.759566 1
0.760468 1
0.761469 1
0.761479 1
0.762948 1
0.763636 1
0.763841 1
0.764368 1
0.7645 1
0.766463 1
0.767018 1
0.769231 1
0.770302 1
0.770909 1
0.771429 1
0.771998 1
0.772708 1
0.7737 1
0.773866 1
0.774164 1
0.775243 1
0.777778 1
0.778669 1
0.779034 1
0.779781 1
0.78022 1
0.781386 1
0.785714 2
0.786027 1
0.790238 1
0.799291 1
0.8 3
0.801258 1
0.80303 1
0.803659 1
0.804815 1
0.808403 1
0.80861 1
0.808696 1
0.814394 1
0.818182 1
0.824176 1
0.826087 1
0.827094 1
0.830769 1
0.833333 1
0.866667 1
0.892857 1
0.933333 1
1 9
