0 3807
0.000878925 1
0.00114155 1
0.00144863 1
0.0015015 1
0.00163934 1
0.00239904 1
0.00309845 1
0.0031746 1
0.0041581 1
0.0042517 1
0.004329 1
0.00443262 1
0.00487805 1
0.00505051 1
0.00534759 1
0.00554135 1
0.00596987 1
0.00633862 1
0.00689655 1
0.00724638 2
0.00735294 2
0.00757576 1
0.00786449 1
0.00854701 1
0.00916561 1
0.00928962 1
0.00944411 1
0.0094697 1
0.00952381 2
0.00996678 1
0.0101277 1
0.0105708 1
0.010582 1
0.0108696 1
0.0109745 1
0.010989 2
0.0120259 1
0.0121285 1
0.0124726 1
0.0125128 1
0.0125879 1
0.0128205 5
0.0130719 2
0.0141026 1
0.0142857 1
0.014411 1
0.0144928 1
0.0147059 2
0.0147783 2
0.0148011 1
0.0148448 1
0.0151515 4
0.0153846 2
0.0157895 1
0.016129 1
0.0166667 1
0.0169389 1
0.0170068 1
0.0172066 1
0.0172643 1
0.0174603 1
0.0175439 1
0.0180392 1
0.0181818 4
0.0183492 1
0.0183908 1
0.0188261 1
0.0188679 1
0.0190476 1
0.0195195 1
0.0197496 1
0.019943 2
0.020362 1
0.0206349 1
0.0206897 1
0.0208754 1
0.0211736 1
0.0211765 1
0.0212025 1
0.0215924 1
0.021978 2
0.0220588 1
0.0221088 1
0.0221675 2
0.0222092 1
0.0222222 15
0.0222824 1
0.0224719 1
0.0227212 1
0.0227273 1
0.0230769 1
0.0233918 1
0.0236992 1
0.0237154 1
0.0239478 1
0.0240404 1
0.0246154 1
0.0246305 1
0.0246753 1
0.0249554 1
0.025 1
0.025641 6
0.025745 1
0.0262097 1
0.0263158 1
0.026455 1
0.0266667 1
0.0269906 1
0.027668 1
0.0276923 2
0.0277778 25
0.0279035 1
0.0279525 1
0.02849 1
0.0285714 3
0.0287719 1
0.0288136 1
0.029191 1
0.0292398 2
0.0299736 1
0.0301428 1
0.030303 3
0.0304878 1
0.030754 1
0.0307692 1
0.0309764 1
0.0315789 2
0.0316206 1
0.0320197 2
0.0320856 1
0.0322581 3
0.0322845 1
0.0326087 1
0.032967 5
0.033105 1
0.0333333 1
0.0337382 1
0.0341394 1
0.0344828 1
0.0346154 1
0.0348432 1
0.0352768 1
0.0352941 2
0.035552 1
0.0357143 30
0.0363636 7
0.0364384 1
0.0368421 1
0.0369458 1
0.0373134 1
0.0375439 1
0.0377868 1
0.0378788 1
0.0380952 9
0.0383065 2
0.0384068 1
0.0384615 4
0.0386473 1
0.0390071 1
0.0390244 1
0.0390805 1
0.0392157 1
0.0396825 2
0.0398293 1
0.0398323 1
0.0398551 1
0.04 2
0.0403226 1
0.040404 1
0.0405405 1
0.0405594 1
0.0409357 3
0.0414475 1
0.0416667 4
0.0421053 1
0.0422078 1
0.0423387 1
0.0428571 2
0.0430108 1
0.043341 1
0.0434783 1
0.043956 4
0.043964 1
0.0440788 1
0.0441176 1
0.0443548 2
0.0444444 15
0.0446885 1
0.0454545 16
0.0455192 1
0.045584 1
0.0457516 2
0.0457912 1
0.0461718 1
0.0466667 1
0.0467836 2
0.046798 1
0.0469003 1
0.0469417 1
0.0473684 1
0.0474308 2
0.047619 72
0.0479196 1
0.0481283 1
0.0483642 1
0.0483871 1
0.0491803 1
0.0494624 1
0.0499325 1
0.05 3
0.0504032 1
0.0509615 1
0.0509689 1
0.0512821 9
0.0513158 1
0.0513834 2
0.0516129 1
0.0516934 1
0.0519481 1
0.0521008 1
0.0521739 1
0.0522876 1
0.0523077 1
0.052381 3
0.0525526 1
0.0526316 5
0.0527211 1
0.0531561 1
0.0534262 1
0.0537634 1
0.0537815 1
0.0540541 1
0.0541311 1
0.0541872 1
0.0545455 9
0.054902 1
0.0549451 7
0.0551724 1
0.055336 1
0.0553846 1
0.0555556 26
0.0557491 1
0.0561798 1
0.0564516 1
0.0566667 1
0.0569106 1
0.0569728 1
0.0570825 1
0.0571429 5
0.0578947 1
0.0579592 1
0.0583215 1
0.0583333 2
0.0584795 3
0.0588235 8
0.0589744 1
0.0591966 1
0.0592593 1
0.0592625 1
0.0592885 5
0.0606061 10
0.0610844 1
0.0615616 1
0.0617486 1
0.0618357 1
0.0619048 6
0.0625 1
0.0625889 1
0.0626781 1
0.0631579 4
0.0632468 1
0.0633333 1
0.0641026 7
0.0645161 1
0.0649351 1
0.0652174 3
0.0653595 4
0.0655271 1
0.0659341 3
0.0661765 3
0.0662879 1
0.066365 1
0.0664683 1
0.0665025 1
0.0666667 119
0.0668563 1
0.0671329 1
0.0671937 1
0.0683761 1
0.0684211 1
0.068525 1
0.0685484 1
0.0688406 2
0.0689076 1
0.0689655 1
0.0692641 2
0.0697013 1
0.07 1
0.0701754 3
0.0705645 1
0.0705706 1
0.0712251 1
0.0714286 44
0.0717997 1
0.0718954 3
0.0721554 1
0.0727273 16
0.0730159 1
0.0733333 2
0.0735632 1
0.0735736 1
0.0735931 2
0.0738462 2
0.0738916 1
0.0740741 6
0.0747568 1
0.0747729 1
0.075 9
0.0753912 1
0.0756303 1
0.0757576 12
0.0760234 2
0.0761905 5
0.0763547 1
0.076412 1
0.0766488 1
0.0766667 1
0.0769231 12
0.0770492 1
0.0772727 1
0.077551 1
0.0775681 1
0.0775956 1
0.0777323 1
0.0779221 1
0.0780781 1
0.0781609 1
0.0784314 3
0.0789474 5
0.0790514 1
0.0795183 1
0.0795796 1
0.0797101 1
0.0797721 1
0.08 2
0.0804878 1
0.0805515 1
0.0806452 1
0.0808824 1
0.0809524 1
0.0812116 1
0.0816697 1
0.0817204 1
0.0818713 1
0.0822511 2
0.0825576 1
0.0826211 1
0.0826613 1
0.083004 1
0.0830769 2
0.0833333 45
0.083926 1
0.0842105 3
0.0844156 1
0.0846774 1
0.0847458 1
0.0849673 4
0.0852273 1
0.0854701 1
0.0857143 10
0.0860215 1
0.0861538 2
0.0863698 1
0.0864646 1
0.0865801 1
0.0866667 1
0.086771 1
0.0869565 2
0.0873016 1
0.087344 1
0.0873563 1
0.0877193 1
0.0879121 8
0.087936 1
0.0882353 5
0.0883191 2
0.0885886 1
0.0888889 24
0.0890688 1
0.089071 1
0.0894737 3
0.0896552 1
0.0897436 8
0.0898246 1
0.0900901 1
0.0904762 1
0.0909091 20
0.0910551 1
0.091133 2
0.0911681 1
0.0913401 1
0.0915033 6
0.0916667 8
0.0925926 1
0.0929293 1
0.0929884 1
0.0933333 2
0.0935673 2
0.0935961 1
0.0936228 1
0.0940171 1
0.0942029 1
0.0942685 1
0.0945946 1
0.0947368 4
0.0947581 1
0.0948617 1
0.0948718 1
0.0952381 76
0.0953058 1
0.0955882 3
0.0962567 1
0.0966667 2
0.0967742 2
0.0968661 2
0.0972516 1
0.0975976 1
0.0978836 1
0.0980392 3
0.0984127 1
0.0985604 1
0.0989011 7
0.0989247 1
0.0995671 1
0.1 158
0.10084 1
0.101633 1
0.102041 1
0.102439 1
0.102564 17
0.102941 7
0.103673 1
0.103896 1
0.104443 1
0.104533 1
0.104575 1
0.104615 1
0.104762 8
0.105263 4
0.105314 1
0.105413 2
0.105479 1
0.10582 1
0.105911 1
0.106061 15
0.106719 1
0.106855 1
0.107143 49
0.107527 1
0.108046 1
0.108156 1
0.108225 1
0.108262 1
0.108333 3
0.108466 1
0.108974 1
0.109043 1
0.109091 20
0.109219 1
0.109244 2
0.10989 11
0.110294 4
0.110345 1
0.110526 4
0.110542 1
0.110672 1
0.110759 1
0.111008 1
0.111111 63
0.111694 1
0.112319 2
0.112376 1
0.112554 2
0.112903 1
0.112982 1
0.113636 2
0.114286 7
0.114386 1
0.114625 3
0.115385 12
0.115789 1
0.115854 1
0.115942 3
0.116144 1
0.116279 1
0.116667 2
0.116959 1
0.117281 1
0.117424 1
0.117578 1
0.117647 7
0.118293 1
0.118577 1
0.119334 1
0.11954 1
0.119565 2
0.119601 2
0.119628 1
0.119737 1
0.120879 9
0.120894 1
0.121212 13
0.122618 1
0.122807 4
0.123077 2
0.12381 6
0.124093 1
0.124183 1
0.125 6
0.125253 1
0.125309 1
0.125356 1
0.125541 1
0.126154 2
0.126246 1
0.126316 3
0.1266 2
0.126812 1
0.126852 1
0.126984 1
0.127273 15
0.12777 1
0.128205 12
0.128342 1
0.128461 1
0.128571 1
0.128655 4
0.129445 1
0.129568 1
0.130518 1
0.130719 2
0.131092 1
0.131579 1
0.131868 10
0.132132 1
0.132353 5
0.132367 1
0.133333 142
0.133566 1
0.133723 1
0.134058 1
0.1343 1
0.13432 1
0.134387 1
0.13447 2
0.134615 1
0.135135 1
0.135385 1
0.135632 1
0.136027 1
0.136364 7
0.136752 2
0.136842 1
0.137255 5
0.137681 1
0.137931 1
0.138095 1
0.138528 2
0.138889 24
0.139001 1
0.139535 1
0.13961 1
0.139706 3
0.140351 2
0.141026 13
0.141538 2
0.141667 7
0.142105 1
0.142529 1
0.142602 1
0.142643 1
0.142857 119
0.14305 1
0.143333 1
0.143791 2
0.145161 1
0.145299 1
0.145455 10
0.145833 1
0.146199 1
0.146237 1
0.146245 1
0.147059 1
0.147126 1
0.147458 1
0.147561 1
0.147619 2
0.147692 2
0.148148 2
0.148387 1
0.148734 1
0.149804 1
0.15 3
0.150327 1
0.150725 1
0.150769 1
0.150794 1
0.151515 11
0.152047 2
0.152174 1
0.152381 6
0.152688 2
0.153439 1
0.153576 1
0.153846 19
0.154023 1
0.154147 1
0.154412 2
0.154839 1
0.155303 1
0.155556 27
0.156863 3
0.156923 1
0.157143 1
0.157738 1
0.157895 5
0.158333 1
0.158621 1
0.158645 1
0.159192 1
0.15942 5
0.159834 1
0.160428 1
0.16092 1
0.160962 1
0.16129 1
0.161305 1
0.161376 1
0.161423 1
0.161765 3
0.16179 1
0.161905 6
0.162055 1
0.163399 2
0.163623 1
0.163636 14
0.163664 1
0.163743 1
0.163993 1
0.164502 1
0.164535 1
0.164561 1
0.164835 7
0.165242 1
0.165323 1
0.165816 1
0.166086 1
0.16643 1
0.166667 312
0.167435 1
0.167488 1
0.168168 2
0.168421 1
0.168831 1
0.169118 4
0.169293 1
0.169591 2
0.169935 4
0.169951 1
0.16996 1
0.171371 1
0.171429 8
0.17316 1
0.173684 1
0.173737 1
0.173789 2
0.173913 1
0.174216 1
0.174877 1
0.175 4
0.175385 1
0.175439 4
0.175486 1
0.175532 1
0.175665 1
0.175824 5
0.17619 2
0.176471 6
0.176638 2
0.176667 1
0.176788 1
0.177249 1
0.177536 1
0.177778 21
0.177809 1
0.177866 1
0.178253 1
0.178571 45
0.178947 1
0.179487 10
0.179803 1
0.179832 1
0.180952 3
0.181159 2
0.181287 1
0.181818 24
0.182051 1
0.182266 1
0.18254 1
0.183007 2
0.183117 1
0.183333 4
0.183529 1
0.183673 1
0.183824 2
0.184783 1
0.184885 1
0.185714 1
0.186147 1
0.186813 6
0.186992 1
0.187135 3
0.187404 1
0.187879 1
0.189189 1
0.189247 1
0.189542 2
0.189655 1
0.189723 1
0.19 1
0.190244 1
0.190476 70
0.191579 1
0.191667 3
0.192029 2
0.192192 1
0.192308 6
0.192982 2
0.193103 2
0.193182 2
0.193514 1
0.193676 1
0.194444 23
0.194737 1
0.195578 1
0.195652 2
0.196078 2
0.196154 1
0.196923 1
0.19697 10
0.197628 1
0.197701 1
0.197802 3
0.198529 4
0.19878 1
0.19883 2
0.199134 1
0.199275 1
0.199768 1
0.2 240
0.200847 1
0.20155 1
0.202279 1
0.202614 1
0.202899 1
0.203077 1
0.203231 1
0.203414 1
0.203974 1
0.204678 2
0.204762 3
0.205128 8
0.205263 1
0.205645 1
0.205882 2
0.206154 1
0.206897 1
0.207188 1
0.207792 1
0.208333 3
0.208791 3
0.208995 1
0.20936 1
0.209524 8
0.209796 1
0.210145 2
0.210256 1
0.21041 1
0.210526 2
0.21164 1
0.212121 8
0.213235 2
0.213439 1
0.213768 1
0.213793 1
0.214286 30
0.214662 1
0.215079 1
0.215686 2
0.215789 4
0.216216 1
0.216374 3
0.216667 4
0.216931 1
0.217514 1
0.217803 1
0.217949 6
0.218182 7
0.218487 1
0.219048 4
0.21978 8
0.22 1
0.220588 1
0.221014 1
0.221053 3
0.221323 1
0.221505 1
0.222125 1
0.222222 32
0.223171 1
0.225 2
0.225296 1
0.22619 1
0.226316 3
0.226381 1
0.227273 5
0.227364 1
0.227586 1
0.22807 3
0.228571 6
0.228758 2
0.229018 1
0.229249 1
0.229508 1
0.23 1
0.230303 1
0.230566 1
0.230588 1
0.230769 10
0.231729 1
0.232143 1
0.233202 1
0.233333 2
0.233615 1
0.233918 1
0.235294 3
0.23533 1
0.235815 1
0.236364 18
0.236508 1
0.236842 1
0.236923 1
0.237154 1
0.237844 1
0.237873 1
0.238095 46
0.239766 1
0.24 1
0.241379 1
0.241567 1
0.241667 1
0.241758 4
0.24183 3
0.241935 1
0.242165 1
0.242424 8
0.242647 1
0.242754 1
0.242857 1
0.243011 1
0.243243 1
0.24359 2
0.243842 1
0.244444 4
0.244681 1
0.24507 1
0.245614 1
0.246753 1
0.247511 1
0.247619 2
0.25 43
0.25042 1
0.251082 2
0.251323 1
0.252632 1
0.252747 1
0.25297 1
0.253561 2
0.253623 1
0.253782 1
0.253968 1
0.254252 1
0.254545 3
0.255682 1
0.25641 4
0.256614 1
0.256667 1
0.257143 3
0.257353 3
0.257576 1
0.257895 1
0.258065 1
0.258258 1
0.258333 1
0.258824 1
0.258865 1
0.260244 1
0.260362 1
0.26087 1
0.261438 1
0.261905 1
0.262458 1
0.263158 2
0.263547 1
0.263736 3
0.263815 1
0.264493 2
0.264673 1
0.264706 2
0.26601 2
0.266667 92
0.267974 1
0.268421 1
0.268775 1
0.269006 2
0.269231 3
0.269565 1
0.270769 1
0.271739 1
0.272059 1
0.272727 10
0.273684 1
0.27451 3
0.274725 6
0.275 2
0.27619 1
0.276667 1
0.27668 1
0.276923 1
0.277778 13
0.279412 3
0.280228 1
0.280632 1
0.280952 1
0.281046 1
0.281385 1
0.282051 8
0.282609 2
0.283333 2
0.285714 63
0.286232 1
0.286765 2
0.287582 1
0.287879 2
0.288538 1
0.288889 7
0.289773 1
0.29 1
0.290043 2
0.290323 1
0.290476 1
0.290909 3
0.291667 4
0.292398 1
0.29249 2
0.293902 1
0.294118 2
0.294872 4
0.295238 2
0.295983 1
0.296167 1
0.296703 2
0.297101 2
0.297348 1
0.298246 3
0.299154 1
0.3 93
0.300654 1
0.301136 1
0.301149 1
0.301538 1
0.301565 2
0.30303 5
0.303333 1
0.303423 1
0.304348 3
0.304615 1
0.304762 3
0.305128 1
0.305263 1
0.305556 4
0.30719 2
0.307246 1
0.307692 4
0.3083 1
0.308333 2
0.308712 1
0.308824 2
0.309091 14
0.309677 1
0.309942 1
0.31 1
0.310924 1
0.311111 10
0.311688 1
0.312253 1
0.312605 1
0.313131 1
0.31339 1
0.314516 1
0.316017 1
0.316176 1
0.316667 2
0.316923 1
0.317241 1
0.318182 4
0.318681 3
0.320261 1
0.320513 6
0.320565 2
0.321429 15
0.32381 4
0.324111 1
0.32437 1
0.325 3
0.326087 1
0.326316 1
0.327273 7
0.32967 1
0.330882 1
0.332512 1
0.333333 625
0.335968 1
0.335979 1
0.336842 1
0.337815 1
0.338095 1
0.339181 2
0.339869 2
0.340659 1
0.341667 2
0.342105 1
0.342857 4
0.343874 2
0.345029 1
0.345455 3
0.346154 5
0.34632 2
0.347578 1
0.347594 1
0.347826 1
0.348485 9
0.35 1
0.352381 1
0.352941 2
0.353333 1
0.354839 1
0.355556 4
0.356725 1
0.357143 15
0.357625 1
0.358289 1
0.358974 2
0.361111 8
0.361905 1
0.362637 1
0.363077 1
0.363636 5
0.366667 2
0.367647 1
0.367965 1
0.368421 1
0.37 1
0.371429 1
0.371795 1
0.372294 2
0.373626 1
0.377778 4
0.378788 3
0.380952 21
0.381818 6
0.382353 1
0.383333 1
0.383399 1
0.38447 1
0.384615 4
0.385621 1
0.388889 7
0.38961 1
0.389706 1
0.390476 1
0.391667 1
0.392857 8
0.393939 2
0.395604 2
0.396011 2
0.396825 1
0.397436 2
0.4 104
0.401709 1
0.404858 1
0.405229 1
0.408333 1
0.409091 2
0.410526 2
0.411765 1
0.416667 5
0.417582 1
0.418182 2
0.419048 1
0.421053 1
0.422222 6
0.423077 1
0.424242 1
0.424837 1
0.425 1
0.428571 19
0.430199 1
0.433824 1
0.435435 1
0.435897 3
0.436364 3
0.438095 1
0.43956 2
0.442857 1
0.444444 9
0.447619 1
0.448529 1
0.45 1
0.454545 3
0.458333 1
0.461538 1
0.463235 1
0.464286 11
0.466667 18
0.469697 1
0.472222 6
0.472527 1
0.472727 2
0.473684 1
0.47619 15
0.477941 1
0.478947 1
0.48366 1
0.484848 1
0.485294 1
0.485714 1
0.487179 4
0.488889 2
0.490909 1
0.491228 1
0.494505 1
0.5 150
0.503268 1
0.504762 1
0.509091 2
0.511111 1
0.52381 12
0.527273 1
0.527778 8
0.530303 2
0.533333 16
0.535714 8
0.538462 1
0.541667 1
0.545455 3
0.549261 1
0.552381 1
0.555556 2
0.561905 1
0.563636 2
0.571429 7
0.577778 1
0.582418 1
0.583333 4
0.588235 1
0.595402 1
0.597849 1
0.6 27
0.607143 4
0.611111 1
0.615385 1
0.617647 1
0.619048 5
0.638095 1
0.638889 5
0.642857 2
0.666667 154
0.672727 1
0.678571 1
0.7 5
0.711111 2
0.714286 4
0.72 1
0.733333 4
0.766798 1
0.797101 1
0.8 2
0.811594 1
0.818182 1
0.833333 15
0.857143 1
0.866667 2
0.888889 1
0.9 5
0.923977 1
0.933333 1
0.948529 1
1 389
