Jaccard
		Corrects: 1
		L: 100
		Edges Removed: 4004
		Precision:0.01
		Recall :0.00024975

		Corrects: 5
		L: 300
		Edges Removed: 4004
		Precision:0.0166667
		Recall :0.00124875

		Corrects: 12
		L: 500
		Edges Removed: 4004
		Precision:0.024
		Recall :0.002997

		Corrects: 16
		L: 1000
		Edges Removed: 4004
		Precision:0.016
		Recall :0.003996

CN 
		Corrects: 10
		L: 100
		Edges Removed: 4004
		Precision:0.1
		Recall :0.0024975

		Corrects: 44
		L: 300
		Edges Removed: 4004
		Precision:0.146667
		Recall :0.010989

		Corrects: 80
		L: 500
		Edges Removed: 4004
		Precision:0.16
		Recall :0.01998

		Corrects: 139
		L: 1000
		Edges Removed: 4004
		Precision:0.139
		Recall :0.0347153

Adamic
		Corrects: 9
		L: 100
		Edges Removed: 4004
		Precision:0.09
		Recall :0.00224775

		Corrects: 26
		L: 300
		Edges Removed: 4004
		Precision:0.0866667
		Recall :0.00649351

		Corrects: 61
		L: 500
		Edges Removed: 4004
		Precision:0.122
		Recall :0.0152348

		Corrects: 143
		L: 1000
		Edges Removed: 4004
		Precision:0.143
		Recall :0.0357143
