0 4
1 16
2 51
3 34
4 25
5 25
6 32
7 33
8 25
9 21
10 4
12 34
13 1
14 9
15 17
16 6
17 30
18 29
21 13
22 82
23 17
24 20
25 2324
26 10
27 9
28 21
29 8
30 18
31 65
32 14
33 16
34 18
35 15
36 292
37 4
38 5
40 16
41 19
42 4
43 5
44 4
45 7
46 6
48 4
49 7
50 14
51 16
53 12
54 25
55 20
57 11
58 5
59 9
60 5
61 9
62 8
63 4
64 227
65 10
66 14
67 8
68 6
70 18
71 315
72 12
73 12
74 17
75 8
76 75
77 38
78 7
79 8
80 8
81 5
82 15
83 10
84 4
85 7
86 21
87 11
88 48
89 36
90 7
91 19
92 20
93 12
94 28
95 17
96 26
97 22
98 7
99 8
100 5
101 268
102 4
103 13
104 10
105 50
106 5
107 55
108 133
109 8
110 7
111 253
112 11
113 12
114 14
115 21
116 5
117 9
118 9
119 22
120 12
121 19
122 24
123 5
124 12
126 5
127 5
128 9
129 2
130 3
131 6
132 22
133 9
134 52
135 12
136 3
137 14
138 3
140 3
141 3
142 6
144 19
146 4
147 11
150 58
152 11
154 9
155 10
157 17
159 10
161 7
162 4
164 3
165 5
168 9
170 13
171 8
172 18
173 4
175 5
177 15
179 33
180 5
181 5
182 9
183 5
185 11
187 4
190 3
193 6
194 16
195 3
196 14
197 14
198 8
199 12
201 12
203 1
204 6
205 24
206 7
207 3
208 4
209 5
211 8
212 4
214 5
215 4
217 8
218 4
221 3
222 7
223 5
224 8
225 6
226 8
228 12
229 21
230 10
231 21
234 9
235 27
236 8
238 4
240 5
241 8
242 8
243 7
245 4
246 5
247 5
248 37
250 5
251 7
252 4
253 44
254 7
256 7
257 11
258 6
259 15
262 6
263 22
264 12
266 7
267 20
269 16
272 4
273 5
274 13
275 3
276 6
277 8
279 7
280 1
281 10
283 6
284 4
285 9
286 5
287 11
288 6
289 12
290 9
291 13
293 15
294 4
295 12
296 6
297 13
298 7
299 25
300 21
301 4
302 7
303 8
304 6
305 31
306 4
307 21
308 4
309 9
310 13
311 15
313 5
314 11
315 5
317 13
318 7
319 20
320 5
322 5
323 5
324 5
325 5
327 3
328 6
329 4
331 4
332 2
333 4
335 5
336 5
338 3
339 2
342 15
344 6
345 3
346 4
347 11
348 14
349 18
350 24
354 8
355 6
356 6
357 3
358 4
359 6
360 6
361 11
362 15
363 6
364 5
365 4
366 6
367 7
368 10
369 13
373 5
374 13
376 9
377 2
378 9
379 4
381 5
382 5
383 17
384 4
385 5
386 58
387 5
388 12
389 10
390 8
392 8
393 9
394 5
396 11
398 4
400 8
401 4
402 21
403 4
406 4
407 5
409 6
410 6
411 4
413 13
414 6
417 12
418 10
419 6
420 34
421 14
422 6
424 5
425 4
428 37
429 7
430 12
431 7
434 5
435 6
436 6
439 9
440 10
441 5
442 15
444 3
445 11
446 4
448 12
450 8
452 11
453 20
455 29
456 4
457 9
461 3
462 2
464 4
465 3
466 6
467 7
468 3
469 6
470 14
472 5
473 12
474 7
475 9
476 15
477 3
478 3
482 7
485 14
486 8
487 5
488 5
490 7
491 9
493 11
494 21
495 5
496 36
497 25
499 8
501 26
502 2
503 7
504 27
506 7
510 10
511 7
512 3
514 4
515 7
519 5
525 7
526 1
527 17
529 7
530 30
531 23
532 6
533 8
534 10
535 9
537 4
538 4
539 12
541 10
543 5
544 5
546 4
547 70
549 6
550 6
551 6
552 5
553 15
554 1
555 8
556 12
558 11
559 6
560 11
562 5
563 4
566 4
567 7
569 11
572 15
575 9
580 5
581 7
582 4
583 8
584 38
586 18
587 5
588 5
589 4
590 19
592 6
593 12
595 3
598 3
602 18
603 20
604 7
606 4
608 27
611 20
612 8
613 4
616 2
618 5
619 4
620 4
621 3
622 6
625 5
628 5
629 6
630 15
631 9
633 4
635 7
636 14
637 14
640 14
641 5
642 10
643 8
645 6
646 6
649 8
651 13
652 2
653 3
654 25
655 11
656 11
658 8
659 8
660 10
661 14
662 8
663 4
665 7
667 6
669 6
670 5
671 14
672 4
674 3
675 6
676 3
677 45
678 21
680 4
681 5
684 10
686 4
687 9
688 5
689 8
690 4
693 4
695 12
696 7
697 3
698 6
700 18
703 18
704 7
706 5
710 26
711 10
713 11
714 6
715 5
716 18
718 10
720 5
721 3
722 18
725 7
726 6
728 3
729 12
730 8
734 9
735 8
736 13
737 7
739 12
743 3
744 6
745 6
746 12
747 11
750 11
752 16
755 4
760 11
761 6
763 4
764 4
766 10
767 12
768 6
769 7
770 3
771 5
772 12
773 10
774 4
775 13
778 5
779 6
780 4
782 18
783 5
784 9
785 10
787 8
790 5
791 5
792 10
794 3
795 15
796 2
797 18
800 7
801 2
802 7
803 3
804 11
805 3
806 10
807 3
809 4
810 3
813 16
815 6
816 4
817 10
818 6
819 12
820 15
821 6
823 6
826 2
828 5
829 5
830 8
831 5
832 4
833 4
834 12
835 4
836 12
837 8
838 40
839 26
841 4
843 6
844 4
845 2
848 6
850 3
855 4
857 8
858 9
859 10
861 10
862 27
863 7
864 7
865 7
866 7
867 11
869 2
870 33
871 5
872 4
874 3
875 8
876 17
877 5
878 3
879 11
880 8
886 7
888 8
889 20
890 4
891 18
892 7
893 10
895 11
896 11
898 7
899 9
903 3
904 7
905 26
907 5
908 5
911 26
912 10
913 6
914 6
916 12
917 8
918 31
919 2
920 11
922 7
923 4
924 7
925 5
928 4
929 3
930 33
931 4
932 10
934 36
935 6
937 34
938 18
940 5
941 16
942 12
946 7
947 5
949 10
950 7
951 3
952 16
954 8
955 8
958 10
959 6
962 4
964 13
965 8
966 12
967 4
968 2
969 12
973 6
976 9
979 9
980 19
981 7
982 3
983 3
985 8
986 28
988 5
989 9
990 9
991 4
992 5
994 4
996 8
997 10
998 12
999 10
1000 8
1001 11
1002 5
1003 22
1004 4
1005 14
1006 4
1007 11
1008 11
1009 20
1010 7
1011 4
1013 11
1014 60
1017 4
1018 22
1019 8
1021 3
1022 3
1023 9
1024 5
1027 8
1028 3
1029 5
1030 4
1031 6
1032 18
1033 23
1034 11
1035 4
1036 3
1037 6
1039 15
1041 4
1042 10
1043 4
1044 37
1046 4
1049 5
1050 17
1051 4
1053 27
1055 27
1056 8
1059 11
1062 16
1063 4
1064 3
1065 3
1066 2
1067 10
1069 8
1072 30
1073 7
1074 7
1075 10
1076 7
1077 14
1078 39
1079 6
1080 3
1081 19
1082 5
1085 4
1086 10
1088 2
1090 13
1091 4
1092 2
1093 3
1094 14
1095 5
1096 3
1098 16
1101 12
1102 5
1103 8
1106 6
1107 7
1108 3
1109 23
1111 3
1113 4
1114 5
1115 6
1116 15
1117 3
1118 7
1119 3
1120 7
1124 13
1125 17
1126 28
1128 7
1129 13
1131 5
1132 3
1134 13
1136 17
1137 10
1138 19
1139 3
1140 19
1143 6
1144 12
1149 2
1151 6
1152 7
1153 19
1154 2
1156 4
1158 4
1160 4
1161 4
1162 20
1163 5
1165 5
1166 10
1167 14
1168 5
1170 4
1171 3
1172 4
1173 7
1176 5
1177 9
1178 4
1181 14
1182 5
1185 25
1186 20
1187 14
1188 2
1189 9
1190 13
1192 8
1193 6
1194 5
1195 3
1196 30
1198 16
1199 29
1201 4
1203 20
1204 3
1205 23
1206 12
1207 17
1208 5
1209 6
1210 83
1211 17
1212 3
1214 14
1215 4
1218 7
1219 7
1220 11
1222 8
1223 6
1224 5
1225 4
1229 44
1231 24
1232 8
1237 5
1238 13
1239 11
1240 21
1244 17
1247 3
1248 17
1249 4
1250 4
1251 6
1252 27
1253 18
1255 4
1256 6
1257 39
1259 11
1261 4
1265 13
1266 41
1267 5
1268 8
1269 7
1272 48
1273 7
1274 8
1276 8
1277 5
1278 37
1281 8
1282 4
1283 3
1285 5
1286 11
1287 4
1288 8
1289 9
1290 28
1291 4
1292 5
1294 6
1296 19
1301 4
1303 5
1304 9
1305 7
1307 7
1309 4
1310 5
1311 19
1312 9
1313 5
1315 17
1317 6
1321 12
1322 19
1325 9
1327 13
1329 3
1330 3
1331 3
1334 4
1335 5
1336 2
1339 6
1340 3
1341 8
1342 16
1343 4
1347 17
1349 5
1350 3
1351 12
1353 29
1355 15
1356 5
1359 5
1360 10
1361 69
1363 9
1364 11
1365 5
1366 10
1368 6
1369 11
1371 3
1372 3
1374 6
1376 6
1380 9
1382 10
1383 13
1384 4
1385 6
1388 4
1389 9
1391 5
1392 7
1394 7
1396 5
1397 11
1398 4
1399 18
1400 26
1401 6
1402 7
1403 6
1404 6
1405 4
1407 4
1408 5
1409 10
1410 4
1411 5
1413 24
1414 61
1415 5
1417 10
1418 6
1420 13
1421 3
1423 6
1424 4
1430 12
1431 3
1432 7
1433 6
1436 3
1437 19
1439 6
1441 10
1442 11
1443 7
1446 18
1447 7
1448 6
1449 5
1450 6
1451 8
1453 13
1454 17
1455 5
1456 4
1457 6
1458 10
1460 5
1462 10
1463 11
1464 2
1465 4
1468 3
1469 14
1470 3
1473 5
1475 10
1477 15
1480 4
1481 14
1483 3
1485 8
1486 6
1487 5
1488 3
1489 10
1490 4
1491 3
1493 10
1494 9
1495 27
1496 9
1497 5
1498 18
1500 4
1501 3
1502 4
1504 21
1506 21
1507 13
1508 6
1509 23
1510 62
1514 7
1515 7
1516 41
1517 2
1518 14
1519 5
1520 11
1521 17
1522 9
1523 5
1524 2
1525 17
1526 6
1527 10
1530 5
1531 13
1532 2
1533 4
1535 6
1538 3
1540 16
1542 19
1543 10
1545 8
1548 9
1549 3
1550 5
1551 2
1552 24
1554 14
1556 14
1558 2
1559 9
1560 5
1561 15
1563 13
1564 10
1565 14
1567 5
1569 10
1572 4
1573 5
1574 76
1575 12
1577 7
1579 4
1581 31
1582 4
1583 5
1585 3
1586 4
1587 7
1590 15
1591 3
1592 4
1595 10
1596 7
1598 12
1599 8
1600 18
1601 12
1602 10
1604 3
1606 6
1607 9
1608 21
1610 9
1611 4
1612 3
1615 8
1616 4
1617 13
1620 6
1621 6
1623 11
1625 16
1627 3
1629 19
1630 12
1631 6
1632 28
1634 19
1635 6
1636 5
1637 14
1638 15
1639 7
1640 6
1643 5
1644 15
1645 7
1646 12
1647 9
1648 3
1649 11
1650 16
1651 4
1653 11
1657 2
1659 6
1660 4
1661 12
1662 6
1664 7
1665 9
1666 8
1668 6
1669 40
1671 4
1672 12
1673 11
1674 5
1677 5
1680 2
1681 6
1682 6
1683 4
1686 4
1688 6
1690 8
1691 6
1692 16
1693 4
1694 9
1695 19
1696 2
1698 7
1699 6
1703 8
1704 7
1706 8
1708 5
1709 5
1710 5
1713 3
1715 14
1716 4
1717 4
1719 26
1720 5
1721 7
1722 13
1723 19
1724 6
1725 8
1726 4
1727 13
1728 13
1731 6
1733 8
1735 27
1737 3
1738 2
1741 4
1742 9
1743 5
1744 14
1745 6
1747 3
1748 7
1750 8
1752 8
1753 4
1755 5
1756 17
1757 3
1760 4
1761 19
1763 5
1764 5
1766 6
1767 30
1768 5
1770 14
1772 8
1773 14
1774 13
1776 7
1777 17
1779 6
1781 3
1782 5
1783 22
1784 4
1785 2
1786 8
1790 7
1791 2
1792 3
1794 7
1795 5
1796 4
1798 23
1799 3
1800 24
1802 26
1804 4
1806 20
1807 20
1808 9
1809 5
1811 8
1814 5
1816 9
1817 6
1818 4
1819 39
1820 13
1821 4
1822 3
1823 12
1824 4
1825 3
1826 16
1827 2
1828 5
1829 8
1830 6
1832 14
1836 25
1839 4
1840 6
1841 9
1842 24
1846 20
1847 6
1848 4
1851 15
1857 3
1859 4
1861 5
1863 15
1864 22
1865 8
1868 3
1869 3
1873 3
1874 8
1875 4
1876 24
1877 4
1878 8
1879 16
1882 8
1883 3
1884 6
1885 7
1888 7
1889 6
1891 11
1892 4
1893 5
1894 4
1895 3
1898 14
1900 8
1901 4
1904 5
1905 4
1906 5
1907 3
1909 12
1911 34
1913 5
1917 8
1918 2
1921 17
1922 7
1925 4
1926 3
1928 5
1929 12
1930 4
1931 6
1934 6
1935 13
1936 4
1938 4
1942 27
1944 7
1945 3
1946 6
1947 7
1948 6
1949 6
1950 5
1952 8
1953 3
1955 8
1957 6
1958 5
1960 4
1967 8
1968 7
1969 9
1971 4
1972 4
1973 4
1974 19
1975 4
1976 10
1981 12
1982 7
1983 13
1984 5
1985 19
1986 7
1987 4
1989 5
1990 16
1992 4
1993 40
1994 8
1995 3
1998 8
2001 15
2002 6
2004 5
2005 16
2006 14
2007 7
2011 13
2013 7
2014 5
2015 4
2016 5
2019 15
2021 11
2022 12
2023 11
2024 3
2025 6
2030 13
2031 9
2032 15
2033 3
2034 11
2035 6
2036 9
2037 5
2038 6
2039 3
2040 12
2041 27
2042 4
2044 10
2046 13
2048 8
2050 19
2052 2
2053 6
2056 26
2057 8
2058 4
2059 7
2060 5
2061 11
2065 9
2066 6
2068 5
2074 8
2078 3
2081 3
2082 5
2083 11
2084 14
2085 8
2087 6
2089 52
2090 9
2091 3
2092 11
2095 20
2097 37
2099 4
2101 11
2102 10
2104 16
2105 7
2106 10
2108 4
2109 15
2112 11
2113 12
2114 16
2115 6
2117 6
2118 6
2119 4
2120 11
2121 2
2123 10
2125 5
2126 6
2127 7
2129 6
2130 6
2131 5
2133 13
2135 7
2136 8
2138 8
2139 3
2140 17
2141 3
2143 19
2145 25
2146 5
2147 9
2149 6
2150 4
2152 5
2153 8
2154 9
2156 5
2157 6
2158 8
2160 14
2162 5
2164 14
2166 4
2167 4
2168 5
2169 5
2171 10
2176 5
2177 6
2179 15
2180 6
2181 3
2182 4
2190 12
2192 5
2197 5
2198 3
2199 7
2201 5
2203 24
2204 6
2206 8
2207 2
2209 3
2210 16
2212 10
2213 5
2214 7
2215 2
2217 18
2218 3
2219 13
2220 6
2221 5
2222 7
2224 7
2226 37
2228 18
2229 4
2230 8
2231 4
2232 3
2233 16
2234 20
2235 25
2237 4
2238 21
2242 20
2243 7
2244 24
2245 4
2246 3
2250 2
2251 5
2253 11
2254 11
2255 13
2257 2
2258 4
2259 5
2261 13
2262 4
2265 18
2266 8
2269 7
2270 2
2271 5
2273 2
2275 9
2278 4
2279 2
2280 4
2284 6
2285 10
2287 4
2289 12
2291 40
2292 8
2293 9
2295 3
2296 8
2298 5
2299 9
2302 16
2303 60
2304 12
2305 10
2306 4
2307 6
2308 10
2309 3
2311 4
2312 9
2313 16
2315 19
2316 4
2318 6
2321 17
2322 6
2323 9
2324 4
2325 5
2327 9
2328 9
2329 7
2332 14
2333 6
2335 9
2337 5
2338 13
2339 25
2341 4
2342 12
2343 6
2344 5
2346 14
2348 3
2352 2
2353 8
2355 10
2356 24
2357 4
2359 4
2360 6
2361 13
2362 3
2363 5
2364 7
2366 10
2367 4
2368 4
2370 9
2371 3
2372 6
2374 15
2375 4
2376 23
2378 6
2379 11
2380 10
2381 24
2382 23
2383 13
2385 7
2386 30
2387 16
2391 6
2392 4
2393 11
2394 5
2395 13
2399 6
2401 8
2402 5
2404 5
2405 5
2406 20
2407 2
2408 7
2409 5
2410 55
2412 14
2414 6
2415 5
2417 7
2418 20
2419 7
2420 4
2421 7
2423 9
2425 7
2427 4
2429 21
2430 6
2431 9
2432 4
2433 14
2434 33
2435 6
2436 3
2437 5
2438 7
2439 7
2440 14
2441 11
2442 4
2443 5
2444 36
2445 6
2446 5
2447 4
2448 4
2449 7
2451 12
2452 7
2453 8
2454 17
2455 6
2458 8
2459 8
2460 5
2461 10
2462 5
2463 14
2464 5
2466 8
2467 77
2468 19
2469 28
2470 8
2471 19
2473 6
2475 5
2476 13
2477 7
2478 8
2479 19
2480 5
2481 11
2482 5
2483 8
2484 19
2485 10
2486 7
2487 18
2488 2
2489 3
2490 6
2491 4
2492 4
2493 6
2494 7
2495 7
2496 5
2497 5
2498 22
2499 4
2500 17
2502 2
2505 16
2506 9
2507 8
2510 24
2511 8
2513 3
2514 5
2517 4
2519 11
2521 6
2522 8
2524 8
2526 3
2528 2
2530 4
2531 23
2532 7
2533 17
2534 2
2535 5
2536 9
2537 4
2541 13
2542 3
2543 4
2544 32
2545 12
2546 3
2549 9
2550 18
2551 3
2552 11
2553 13
2555 7
2556 9
2557 8
2558 3
2559 5
2561 5
2564 10
2565 7
2566 8
2569 6
2570 4
2571 3
2573 7
2574 12
2576 5
2579 13
2583 12
2584 26
2586 17
2587 5
2589 7
2590 6
2591 3
2592 12
2595 6
2596 9
2599 6
2601 4
2602 8
2603 6
2604 6
2605 4
2608 4
2609 5
2610 3
2611 11
2614 22
2615 16
2616 10
2618 12
2619 14
2620 7
2621 5
2622 9
2624 6
2625 5
2627 6
2628 11
2629 8
2632 8
2634 8
2635 12
2636 4
2637 5
2638 4
2640 13
2641 11
2642 4
2643 3
2646 6
2647 33
2650 4
2653 5
2654 2
2655 2
2658 4
2659 9
2660 6
2661 4
2664 19
2665 5
2668 4
2670 5
2671 9
2672 5
2674 5
2675 8
2676 14
2679 22
2680 28
2681 2
2682 4
2683 6
2684 2
2685 5
2687 12
2688 12
2689 9
2690 10
2691 11
2693 3
2694 8
2696 7
2697 4
2699 15
2700 13
2701 6
2702 5
2703 7
2706 6
2709 6
2713 14
2716 15
2717 4
2720 5
2721 9
2723 20
2724 6
2725 10
2726 9
2727 7
2729 7
2730 9
2731 15
2732 4
2734 4
2735 3
2736 8
2741 8
2742 8
2743 12
2744 7
2745 8
2746 18
2747 21
2748 4
2749 5
2753 3
2754 8
2757 5
2758 19
2759 10
2760 2
2761 7
2763 11
2764 1
2767 5
2771 4
2772 4
2773 5
2774 18
2775 4
2776 6
2777 3
2779 4
2780 4
2782 9
2784 4
2789 5
2790 5
2792 4
2793 7
2795 10
2796 6
2798 14
2802 31
2804 3
2806 4
2808 12
2811 4
2812 18
2813 11
2814 11
2818 17
2819 4
2820 5
2824 9
2825 4
2826 4
2827 4
2830 6
2831 19
2832 17
2833 4
2835 5
2836 6
2838 3
2839 10
2840 21
2841 12
2842 4
2844 9
2845 10
2846 4
2847 4
2848 10
2849 22
2850 7
2851 5
2852 3
2853 4
2854 12
2857 17
2859 19
2861 32
2862 6
2863 5
2864 5
2865 17
2866 4
2867 5
2868 7
2870 6
2873 16
2874 4
2876 39
2878 15
2881 12
2882 7
2884 4
2886 26
2887 4
2889 10
2890 20
2891 10
2892 5
2893 3
2894 5
2895 6
2896 18
2897 8
2901 16
2903 2
2904 8
2907 4
2908 13
2911 13
2912 13
2914 4
2915 14
2916 117
2917 4
2918 4
2919 12
2920 3
2921 10
2922 7
2923 9
2924 9
2925 11
2926 8
2927 3
2928 2
2931 8
2932 5
2933 17
2934 10
2935 7
2936 17
2938 26
2939 39
2940 3
2943 7
2944 5
2946 6
2948 4
2949 8
2951 9
2952 7
2953 6
2954 21
2955 4
2956 18
2957 7
2959 9
2960 8
2961 6
2962 8
2964 5
2966 12
2968 8
2970 3
2971 14
2972 7
2973 3
2974 13
2978 10
2979 4
2981 5
2982 13
2983 17
2984 8
2985 7
2987 14
2989 7
2990 3
2991 10
2993 7
2994 7
2996 9
2998 9
2999 8
3000 3
3001 3
3003 53
3004 14
3007 9
3008 4
3011 7
3013 5
3014 11
3016 18
3017 10
3018 6
3019 3
3020 8
3022 5
3023 19
3024 23
3025 4
3027 9
3028 11
3029 4
3030 6
3031 6
3032 3
3033 11
3034 3
3035 5
3036 7
3037 5
3038 8
3041 9
3044 13
3045 14
3047 6
3048 4
3049 5
3051 5
3052 4
3053 6
3056 3
3057 29
3058 25
3059 3
3061 8
3062 2
3063 8
3064 7
3065 13
3066 5
3067 7
3068 6
3069 4
3071 5
3072 7
3074 4
3075 7
3078 4
3079 8
3080 3
3081 20
3082 3
3083 3
3085 13
3086 6
3087 6
3088 5
3089 5
3091 9
3092 8
3094 4
3095 32
3096 33
3097 5
3098 6
3100 24
3101 8
3102 14
3104 12
3105 14
3106 4
3107 7
3108 4
3110 60
3111 5
3112 54
3113 46
3114 34
3115 41
3116 38
3117 85
3118 23
3119 21
3120 279
3121 19
3122 23
3123 12
3124 54
3125 2
3126 3
3127 11
3128 7
3129 17
3130 9
3133 46
3134 6
3136 11
3138 7
3139 5
3140 8
3141 30
3143 35
3144 9
3145 4
3146 4
3147 8
3149 3
3150 13
3152 5
3153 7
3155 13
3156 12
3158 2
3160 4
3161 9
3162 5
3164 14
3165 17
3166 6
3167 7
3168 16
3169 1
3172 45
3173 14
3174 20
3176 3
3178 10
3180 4
3181 3
3182 6
3183 3
3184 13
3185 11
3187 23
3189 18
3191 5
3192 5
3193 10
3194 5
3195 12
3196 13
3198 36
3199 5
3202 5
3203 5
3204 7
3205 7
3206 6
3207 11
3208 30
3209 6
3210 11
3211 10
3212 8
3213 6
3215 7
3216 10
3218 4
3219 4
3220 16
3221 4
3222 8
3224 6
3225 5
3226 4
3227 4
3228 2
3229 31
3230 8
3231 26
3233 12
3234 10
3236 9
3237 54
3239 12
3240 12
3241 5
3242 3
3243 64
3244 14
3245 4
3246 11
3247 4
3248 11
3249 5
3252 5
3253 2
3254 3
3255 8
3256 24
3257 7
3259 21
3260 11
3261 8
3262 5
3263 4
3264 6
3265 7
3266 4
3267 18
3269 11
3270 12
3272 3
3273 6
3274 49
3275 4
3276 1
3277 4
3279 2
3280 14
3281 9
3282 11
3284 2
3287 4
3288 3
3289 7
3290 10
3291 13
3292 8
3294 3
3295 5
3297 8
3298 9
3300 13
3301 3
3303 8
3304 12
3305 3
3306 4
3307 8
3309 7
3310 4
3311 3
3312 21
3313 10
3314 6
3315 13
3316 8
3317 5
3318 7
3319 1
3321 8
3322 9
3323 31
3324 8
3325 4
3326 8
3327 6
3331 9
3332 7
3333 13
3334 4
3335 17
3336 7
3337 15
3338 16
3340 14
3341 4
3342 7
3343 2
3344 15
3346 7
3347 6
3348 44
3350 18
3351 18
3352 24
3353 20
3355 5
3357 8
3359 21
3360 16
3361 9
3363 11
3364 17
3365 4
3366 9
3367 15
3368 5
3371 7
3373 8
3375 5
3376 6
3377 10
3378 2
3379 7
3380 5
3382 13
3384 2
3385 6
3386 5
3387 4
3388 27
3389 20
3390 11
3391 5
3392 8
3393 12
3394 5
3396 12
3397 6
3399 9
3400 5
3401 5
3403 11
3404 5
3405 8
3408 3
3409 12
3410 12
3411 4
3412 18
3413 5
3414 6
3417 5
3418 7
3419 6
3420 15
3422 18
3423 7
3424 9
3425 8
3426 5
3428 3
3429 4
3430 11
3431 13
3432 5
3433 18
3436 11
3437 12
3438 7
3439 15
3440 5
3441 3
3442 23
3443 10
3444 4
3445 31
3447 9
3450 28
3452 6
3453 6
3454 3
3455 11
3456 12
3457 8
3458 8
3459 6
3460 3
3462 5
3463 13
3464 26
3465 13
3466 9
3467 3
3469 21
3470 7
3472 13
3473 9
3474 16
3475 3
3476 30
3477 12
3478 7
3479 14
3480 7
3481 2
3483 9
3484 7
3485 23
3486 11
3487 18
3488 6
3489 11
3490 22
3491 14
3492 21
3493 5
3494 6
3495 12
3496 18
3497 16
3498 27
3499 13
3500 56
3502 10
3503 3
3504 15
3505 5
3506 3
3507 19
3509 9
3510 5
3513 9
3514 4
3516 3
3517 9
3518 16
3519 83
3522 22
3523 4
3525 19
3526 25
3527 2
3529 5
3530 33
3531 13
3532 4
3533 4
3534 4
3535 9
3536 4
3537 5
3538 8
3539 6
3540 16
3541 139
3542 13
3543 4
3544 16
3545 6
3546 15
3547 3
3548 23
3550 18
3552 19
3553 13
3554 7
3555 3
3556 3
3557 4
3559 2
3560 20
3562 9
3563 4
3565 12
3566 10
3567 8
3568 6
3569 47
3571 27
3573 5
3574 9
3576 4
3580 11
3581 7
3582 3
3585 3
3586 63
3587 7
3588 16
3589 44
3590 52
3591 2
3592 15
3593 19
3594 2
3595 4
3596 19
3597 13
3598 10
3599 62
3600 5
3601 7
3602 15
3605 31
3606 4
3609 4
3610 19
3614 12
3615 4
3616 52
3618 4
3619 9
3620 10
3622 14
3623 5
3626 9
3627 6
3628 4
3629 19
3630 25
3632 23
3633 29
3637 4
3638 7
3639 4
3640 12
3641 4
3642 7
3643 4
3644 28
3646 9
3647 12
3648 3
3649 17
3650 12
3651 7
3652 16
3653 13
3654 24
3655 6
3656 11
3657 5
3658 16
3660 2
3662 15
3663 5
3664 11
3665 3
3666 3
3667 23
3668 16
3670 8
3671 16
3673 7
3675 7
3676 7
3677 4
3678 10
3679 7
3680 15
3682 21
3683 18
3684 4
3685 13
3686 6
3687 34
3688 30
3689 15
3691 22
3692 6
3693 3
3694 6
3697 6
3700 36
3701 4
3702 6
3703 25
3704 3
3705 7
3706 11
3707 6
3708 5
3709 8
3710 8
3711 14
3712 2
3713 12
3714 6
3715 4
3716 18
3718 11
3719 11
3720 7
3721 26
3722 10
3724 4
3726 26
3727 3
3728 1
3729 16
3732 17
3733 21
3735 13
3736 3
3737 17
3738 24
3739 12
3740 4
3741 3
3742 11
3743 4
3744 7
3745 25
3746 6
3747 4
3748 28
3749 17
3750 12
3751 17
3753 14
3755 7
3757 2
3761 9
3762 125
3763 6
3764 13
3765 13
3766 16
3767 6
3769 8
3770 20
3771 21
3772 9
3773 6
3774 10
3778 4
3779 9
3781 138
3784 6
3785 5
3786 67
3787 24
3789 8
3791 53
3792 60
3793 17
3794 19
3795 3
3796 45
3797 85
3799 12
3801 28
3802 30
3803 57
3804 30
3805 4
3806 38
3807 91
3809 323
3810 16
3811 13
3812 4
3813 9
3814 6
3815 21
3816 8
3818 8
3819 6
3820 6
3821 13
3822 30
3823 88
3824 7
3825 57
3826 9
3827 5
3828 30
3829 26
3830 6
3831 19
3832 10
3833 9
3834 13
3835 72
3836 15
3837 76
3838 4
3840 57
3841 7
3842 38
3844 26
3845 4
3846 34
3847 29
3848 5
3849 6
3850 18
3851 9
3853 11
3854 4
3856 19
3857 12
3858 27
3859 31
3860 18
3861 31
3862 21
3863 19
3864 10
3865 41
3866 14
3867 7
3868 10
3869 14
3870 37
3871 7
3873 34
3874 12
3875 3
3876 14
3877 90
3878 17
3879 26
3880 36
3881 24
3882 5
3883 13
3884 20
3885 16
3886 35
3887 57
3888 6
3889 27
3890 12
3891 4
3892 4
3893 54
3894 3
3895 4
3896 19
3897 9
3898 9
3899 9
3900 40
3901 13
3902 10
3903 19
3904 39
3906 7
3907 16
3908 16
3909 5
3910 6
3911 65
3912 7
3913 9
3914 15
3915 9
3916 22
3918 15
3919 11
3920 6
3921 23
3922 16
3923 25
3924 29
3925 13
3926 37
3927 71
3928 13
3929 10
3930 91
3931 12
3932 52
3933 25
3934 15
3935 67
3936 27
3937 12
3938 70
3939 14
3940 47
3941 44
3942 23
3943 3
3944 35
3945 28
3946 23
3947 8
3948 7
3949 3
3950 3
3951 4
3952 7
3954 11
3955 9
3958 7
3959 8
3960 15
3961 19
3962 7
3963 20
3964 11
3966 28
3968 11
3969 8
3970 27
3971 6
3972 5
3973 25
3974 8
3975 23
3976 6
3977 4
3978 8
3979 13
3980 13
3981 14
3982 8
3983 6
3984 12
3985 10
3986 12
3987 42
3988 6
3990 7
3991 4
3992 20
3993 5
3994 13
3995 68
3996 4
3997 2
3998 5
3999 12
4001 12
4002 30
4003 4
4004 10
4005 3
4006 49
4007 48
4008 20
4010 4
4011 10
4012 4
4013 13
4014 67
4015 35
4016 8
4017 7
4018 3
4019 22
4020 13
4021 17
4023 35
4024 13
4025 19
4027 13
4029 5
4031 15
4033 5
4034 17
4035 16
4036 12
4038 4
4039 8
4040 4
4041 16
4042 5
4043 2
4046 7
4047 44
4049 80
4050 26
4051 13
4052 27
4053 12
4055 39
4056 5
4057 41
4058 23
4059 6
4060 14
4061 39
4062 2
4063 10
4064 8
4065 5
4066 7
4067 4
4070 7
4071 6
4072 5
4074 5
4075 4
4076 37
4077 4
4078 18
4079 11
4081 3
4082 6
4083 9
4084 7
4085 7
4086 4
4087 11
4088 4
4090 4
4092 8
4093 7
4095 5
4096 3
4097 14
4098 10
4100 7
4101 13
4104 8
4105 6
4107 7
4109 4
4111 9
4112 4
4113 16
4114 3
4116 12
4119 14
4120 7
4121 13
4123 8
4125 18
4128 4
4129 4
4131 10
4132 3
4133 4
4134 11
4135 9
4137 10
4138 4
4140 7
4141 15
4143 4
4144 8
4145 13
4146 6
4147 4
4148 8
4150 13
4151 6
4152 10
4155 13
4156 11
4157 7
4158 5
4159 5
4160 12
4161 6
4164 21
4166 17
4167 13
4168 13
4170 1
4171 14
4173 8
4174 149
4175 6
4176 11
4177 8
4178 16
4179 4
4180 12
4181 6
4183 5
4184 8
4185 4
4186 47
4187 5
4188 11
4189 225
4191 17
4192 6
4193 32
4194 5
4195 28
4196 45
4197 4
4198 21
4199 7
4200 22
4201 11
4202 14
4203 39
4204 24
4205 6
4206 8
4207 52
4208 19
4209 67
4210 20
4211 3
4212 22
4213 43
4214 11
4215 8
4216 10
4217 10
4218 8
4219 11
4220 5
4221 4
4222 5
4223 7
4224 35
4225 16
4226 4
4227 15
4228 9
4230 28
4231 5
4237 30
4239 25
4240 22
4241 29
4242 5
4243 4
4244 12
4245 70
4246 53
4247 18
4248 19
4249 4
4250 40
4251 13
4252 9
4253 17
4254 33
4255 9
4256 13
4257 36
4258 10
4260 33
4261 12
4262 47
4263 35
4264 12
4265 50
4266 7
4267 83
4268 7
4269 8
4270 4
4271 7
4272 7
4273 11
4274 16
4275 47
4276 67
4277 17
4278 29
4279 80
4280 16
4281 23
4282 12
4283 77
4284 59
4285 12
4286 25
4287 6
4288 6
4289 8
4290 7
4291 10
4292 7
4293 28
4294 24
4295 11
4296 9
4297 25
4298 20
4299 25
4300 22
4302 30
4303 15
4304 9
4305 18
4306 19
4307 28
4308 1
4310 7
4311 5
4312 4
4313 6
4314 4
4317 8
4318 2
4320 27
4321 4
4323 28
4324 4
4326 5
4327 3
4328 2
4329 11
4330 4
4331 7
4333 4
4334 4
4336 7
4337 7
4338 6
4339 4
4340 3
4344 3
4345 9
4346 7
4347 6
4348 4
4353 3
4354 5
4356 2
4358 19
4360 5
4361 6
4362 5
4363 5
4364 5
4366 4
4369 3
4370 10
4371 7
4372 13
4375 4
4376 4
4377 12
4378 13
4379 3
4380 3
4381 3
4384 4
4385 6
4386 6
4387 10
4391 8
4395 6
4396 9
4397 5
4398 4
4401 4
4402 3
4403 8
4405 6
4407 5
4408 7
4412 12
4413 30
4415 3
4417 8
4418 3
4419 11
4420 5
4421 1
4422 3
4426 8
4428 6
4429 4
4430 4
4433 5
4434 5
4435 8
4441 4
4443 4
4444 3
4446 7
4448 4
4450 6
4451 13
4452 9
4453 20
4462 8
4464 1
4465 3
4468 2
4469 24
4471 10
4472 3
4474 3
4477 3
4478 5
4479 10
4482 2
4486 4
4487 3
4488 3
4489 7
4493 4
4495 3
4496 5
4497 5
4498 5
4502 8
4503 8
4505 2
4506 5
4507 4
4508 8
4509 4
4510 4
4511 5
4514 9
4515 4
4516 7
4517 3
4518 3
4519 4
4522 4
4524 4
4525 8
4527 9
4533 8
4535 5
4536 11
4539 4
4542 1
4543 11
4544 7
4545 4
4546 11
4547 3
4548 22
4549 4
4553 5
4554 37
4555 12
4556 6
4557 5
4559 8
4560 9
4561 12
4562 3
4563 5
4564 3
4565 4
4566 8
4568 3
4570 9
4571 8
4572 4
4576 4
4577 5
4578 6
4579 9
4581 10
4583 7
4584 9
4585 16
4589 2
4591 6
4592 4
4594 3
4596 10
4598 3
4599 11
4600 9
4601 13
4602 5
4605 6
4606 7
4608 5
4611 3
4614 2
4615 6
4617 7
4618 15
4620 8
4621 11
4622 8
4623 6
4624 7
4625 5
4628 8
4629 5
4630 12
4633 23
4636 6
4638 4
4640 5
4642 30
4643 3
4644 16
4646 3
4647 10
4648 6
4650 7
4651 13
4653 3
4654 4
4655 5
4656 5
4658 16
4659 5
4660 6
4661 8
4662 5
4664 7
4669 23
4670 16
4671 4
4672 9
4673 6
4675 14
4676 5
4678 7
4679 5
4680 8
4681 5
4682 13
4683 4
4684 2
4685 10
4687 5
4689 6
4691 9
4692 4
4693 28
4694 4
4695 9
4696 3
4697 9
4698 14
4699 10
4700 73
4701 5
4702 4
4704 32
4705 13
4706 10
4707 15
4708 10
4709 27
4710 15
4711 6
4712 13
4713 12
4714 6
4715 17
4716 30
4717 7
4718 16
4719 20
4720 19
4721 6
4722 15
4723 3
4724 27
4725 7
4726 25
4727 6
4728 8
4729 16
4730 19
4731 9
4732 13
4733 27
4734 12
4735 6
4736 15
4737 14
4738 11
4739 4
4740 4
4741 20
4742 21
4743 9
4744 15
4745 18
4746 17
4747 23
4748 17
4749 8
4750 84
4751 14
4752 7
4753 21
4754 25
4755 6
4756 19
4757 43
4758 23
4759 12
4760 4
4761 5
4762 11
4763 33
4764 25
4765 6
4766 23
4767 14
4768 18
4769 38
4770 17
4771 6
4772 9
4773 11
4774 4
4775 14
4776 28
4778 18
4779 34
4780 6
4781 32
4783 40
4784 15
4785 7
4786 47
4787 9
4788 5
4789 38
4790 15
4791 13
4792 13
4793 7
4794 12
4795 27
4799 10
4800 53
4801 31
4802 41
4803 4
4804 69
4805 23
4806 5
4807 35
4809 6
4810 50
4811 106
4812 9
4813 101
4814 6
4815 20
4816 39
4817 52
4818 11
4819 10
4820 33
4821 20
4823 11
4824 12
4825 27
4826 34
4827 4
4828 5
4829 13
4830 4
4831 83
4832 29
4833 53
4834 29
4835 129
4836 89
4837 68
4838 72
4839 18
4840 4
4841 15
4842 83
4843 120
4844 107
4845 49
4846 5
4847 15
4848 61
4849 35
4850 85
4851 140
4852 55
4853 22
4854 15
4855 9
4856 16
4857 82
4858 39
4859 64
4860 3
4861 5
4862 57
4863 29
4864 22
4865 9
4866 64
4867 6
4868 62
4869 10
4870 7
4871 9
4872 50
4873 9
4874 31
4875 15
4876 40
4877 78
4878 6
4879 53
4880 46
4881 34
4882 76
4883 7
4884 14
4885 32
4886 6
4887 11
4888 10
4889 33
4890 99
4891 68
4892 18
4893 10
4894 7
4895 27
4896 29
4897 24
4898 9
4899 16
4900 45
4901 142
4902 6
4903 22
4905 5
4906 13
4907 16
4908 12
4911 9
4912 23
4913 37
4914 5
4915 50
4916 42
4917 21
4918 11
4919 25
4920 57
4921 8
4922 9
4923 7
4924 17
4925 17
4926 18
4928 27
4929 15
4930 11
4931 13
4932 33
4933 11
4934 10
4935 12
4937 8
4938 4
4939 4
4940 89
4941 11
4942 3
4943 6
4944 9
4945 13
4946 55
4947 4
4948 8
4949 4
4950 26
4951 13
4952 27
4954 17
4955 7
4957 38
4958 6
4959 10
4960 6
4963 14
4964 4
4965 1
4966 17
4967 7
4968 42
4969 10
4970 8
4971 11
4972 99
4973 10
4974 14
4976 5
4978 16
4979 19
4980 13
4981 22
4982 11
4983 9
4984 35
4985 6
4986 17
4987 5
4988 22
4989 11
4990 6
4991 27
4992 101
4993 5
4995 17
4996 3
4997 6
4998 5
4999 14
5000 10
5001 16
5002 5
5003 12
5004 6
5005 16
5006 17
5007 90
5008 74
5009 12
5010 11
5011 12
5012 4
5013 6
5014 7
5015 4
5016 22
5017 11
5018 13
5019 21
5020 6
5021 6
5022 4
5023 4
5024 8
5026 3
5027 10
5028 41
5029 10
5030 9
5032 29
5033 5
5034 7
5035 5
5036 10
5037 9
5039 12
5040 20
5041 4
5043 12
5045 27
5046 9
5047 10
5048 3
5049 9
5050 4
5051 5
5052 11
5053 32
5054 11
5055 3
5056 8
5057 23
5058 18
5059 4
5061 5
5062 170
5063 4
5064 6
5065 49
5066 3
5067 6
5068 6
5069 7
5070 39
5071 20
5072 12
5074 6
5075 32
5076 6
5077 21
5078 11
5079 11
5080 13
5081 12
5082 26
5083 4
5084 16
5085 5
5086 5
5087 4
5088 2
5089 19
5092 9
5093 10
5095 9
5096 8
5097 6
5099 5
5100 6
5101 8
5103 6
5104 4
5106 14
5107 5
5108 10
5109 13
5110 8
5111 14
5113 19
5114 7
5115 14
5116 40
5117 13
5118 23
5119 34
5120 4
5121 5
5123 14
5124 4
5125 4
5126 10
5127 62
5128 10
5129 30
5130 33
5131 35
5133 5
5137 17
5138 5
5139 6
5140 6
5141 6
5142 9
5143 3
5146 14
5147 8
5149 6
5151 6
5153 8
5156 21
5159 2
5160 7
5161 8
5163 6
5164 6
5165 8
5168 5
5171 2
5172 6
5173 6
5174 3
5175 18
5176 73
5178 3
5180 7
5183 4
5186 5
5187 6
5188 21
5189 16
5190 11
5191 7
5192 5
5193 3
5194 4
5196 22
5197 27
5198 71
5199 20
5200 9
5201 30
5203 6
5204 14
5205 7
5206 10
5207 37
5208 14
5209 31
5210 10
5211 9
5213 9
5214 8
5215 36
5216 20
5217 11
5218 10
5219 16
5220 29
5221 10
5224 10
5225 25
5226 2
5228 7
5229 3
5230 4
5232 12
5236 8
5237 5
5238 4
5240 10
5241 8
5242 4
5243 24
5248 23
5249 50
5250 4
5251 27
5252 71
5253 31
5254 14
5255 27
5256 1
5257 35
5258 49
5259 35
5260 25
5261 32
5262 6
5263 10
5264 23
5265 18
5266 13
5267 7
5268 8
5270 9
5272 4
5273 13
5274 6
5275 11
5277 4
5278 14
5279 11
5280 5
5281 6
5282 10
5284 5
5286 13
5287 6
5290 4
5293 8
5294 14
5295 6
5296 2
5297 13
5300 24
5302 4
5305 72
5306 27
5307 15
5308 14
5309 12
5310 23
5311 58
5312 6
5314 18
5315 39
5316 39
5317 8
5318 2
5319 32
5320 14
5321 5
5322 5
5323 27
5325 30
5326 5
5327 14
5328 16
5329 19
5330 30
5331 3
5332 15
5333 11
5334 8
5335 6
5336 5
5337 26
5338 34
5339 44
5340 5
5341 8
5342 32
5343 21
5344 39
5345 34
5347 14
5349 36
5350 22
5351 40
5352 6
5353 13
5355 4
5356 10
5357 8
5358 29
5359 48
5360 16
5361 17
5362 14
5363 23
5364 27
5365 9
5367 23
5368 5
5369 30
5370 69
5371 28
5372 43
5373 7
5374 31
5375 19
5376 15
5377 12
5378 7
5381 50
5383 25
5384 7
5385 32
5386 34
5387 32
5388 47
5389 12
5391 19
5393 12
5394 19
5395 28
5396 27
5397 37
5398 3
5399 14
5400 11
5401 30
5402 9
5403 15
5405 4
5406 4
5407 25
5408 20
5411 28
5413 23
5414 34
5415 32
5416 42
5419 27
5420 37
5421 10
5422 4
5423 7
5424 83
5425 9
5426 10
5427 26
5428 11
5429 18
5430 13
5431 5
5432 4
5433 2
5434 28
5435 21
5436 6
5437 29
5438 10
5439 50
5441 3
5442 5
5443 7
5444 7
5445 4
5448 3
5449 17
5450 7
5454 12
5455 10
5456 31
5457 6
5458 12
5459 4
5460 4
5461 9
5462 16
5463 17
5465 42
5466 10
5467 23
5468 36
5469 10
5470 9
5472 11
5473 36
5475 10
5476 4
5477 1
5480 32
5481 25
5482 33
5483 3
5484 36
5486 2
5487 5
5488 4
5489 6
5490 5
5491 16
5492 4
5493 4
5494 8
5495 8
5501 5
5502 3
5504 9
5507 16
5508 8
5509 11
5510 4
5511 8
5512 7
5513 11
5514 11
5515 10
5516 19
5517 14
5518 8
5519 8
5520 9
5521 16
5522 19
5523 17
5524 22
5525 44
5526 16
5527 8
5528 4
5529 5
5530 7
5531 4
5532 39
5533 11
5534 4
5535 10
5536 4
5537 1
5539 52
5540 41
5541 23
5543 3
5544 29
5545 47
5546 13
5547 9
5548 40
5549 30
5550 9
5551 6
5553 27
5554 42
5555 6
5556 18
5557 19
5558 8
5559 12
5560 10
5562 2
5564 36
5565 14
5566 9
5567 5
5568 7
5569 10
5570 7
5571 4
5573 9
5574 6
5575 4
5577 6
5580 7
5581 25
5582 5
5586 15
5587 8
5588 5
5589 6
5590 14
5592 9
5593 8
5594 5
5595 31
5596 49
5597 28
5599 3
5601 24
5604 17
5606 6
5609 6
5610 11
5611 10
5612 5
5614 20
5616 19
5618 4
5619 4
5620 3
5621 5
5622 15
5623 5
5624 6
5625 19
5627 6
5628 4
5630 7
5636 29
5638 3
5639 7
5641 4
5645 7
5648 12
5649 17
5650 4
5651 20
5652 4
5653 20
5655 11
5656 31
5657 19
5658 10
5659 11
5660 21
5661 5
5663 50
5664 6
5665 13
5666 19
5667 6
5668 27
5669 14
5670 8
5671 2
5672 1
5674 4
5675 5
5678 9
5679 18
5680 6
5683 3
5688 4
5689 4
5690 10
5691 8
5692 25
5693 4
5694 4
5695 5
5697 5
5699 2
5700 11
5702 4
5703 47
5705 7
5707 8
5708 16
5709 3
5710 14
5711 6
5712 9
5713 10
5714 6
5715 45
5716 12
5717 14
5718 5
5719 13
5720 18
5721 89
5722 13
5723 50
5724 21
5725 9
5726 16
5727 7
5728 5
5729 16
5730 3
5731 11
5732 16
5733 13
5734 13
5736 22
5737 19
5738 4
5739 13
5740 2
5742 28
5743 15
5744 5
5746 8
5747 10
5748 17
5749 6
5750 19
5751 8
5752 26
5753 3
5754 5
5757 2
5759 12
5760 19
5761 7
5762 24
5763 24
5764 22
5765 23
5766 9
5767 16
5768 7
5769 12
5770 8
5771 6
5772 11
5773 11
5774 28
5775 12
5776 13
5777 18
5778 104
5779 5
5780 12
5781 7
5783 4
5784 10
5787 4
5788 4
5789 5
5790 5
5791 13
5794 4
5796 7
5797 12
5798 4
5799 14
5800 3
5801 13
5802 3
5804 4
5808 12
5809 7
5810 3
5811 43
5812 12
5813 3
5814 5
5815 20
5816 10
5817 6
5818 4
5819 9
5820 12
5822 1
5823 3
5825 4
5827 2
5829 13
5830 7
5831 3
5832 10
5833 5
5834 9
5835 5
5836 6
5838 4
5840 6
5841 6
5843 11
5844 3
5846 25
5847 9
5848 5
5850 4
5851 8
5852 7
5853 5
5854 29
5857 5
5859 12
5860 4
5861 5
5862 6
5863 14
5864 9
5866 5
5867 7
5868 7
5869 18
5871 3
5872 4
5873 8
5875 3
5877 6
5879 17
5880 4
5881 3
5882 29
5885 8
5887 4
5888 26
5889 11
5891 9
5892 31
5893 34
5894 13
5896 18
5899 4
5900 13
5901 11
5902 16
5904 8
5905 8
5907 45
5908 15
5910 4
5911 6
5912 4
5913 5
5914 5
5915 5
5918 4
5919 6
5921 4
5923 13
5924 8
5925 10
5926 8
5928 10
5929 4
5931 15
5936 4
5937 17
5939 3
5940 30
5941 4
5942 4
5943 7
5947 10
5948 22
5949 5
5950 6
5951 8
5953 5
5954 5
5955 12
5957 7
5958 7
5964 4
5965 11
5966 11
5967 15
5968 13
5969 7
5970 7
5971 10
5972 9
5973 33
5974 7
5975 23
5976 35
5977 7
5978 7
5979 7
5980 26
5981 8
5982 5
5984 6
5985 4
5986 15
5987 14
5988 8
5989 2
5990 26
5991 4
5992 5
5993 5
5994 29
5995 4
5997 12
5998 4
5999 9
6001 11
6002 62
6003 4
6004 5
6007 6
6008 16
6009 7
6010 11
6011 10
6012 4
6014 7
6015 13
6016 4
6017 6
6018 9
6019 5
6022 4
6023 27
6025 8
6026 9
6031 27
6032 9
6033 6
6034 6
6035 8
6036 4
6037 10
6038 59
6039 9
6040 3
6041 25
6042 4
6043 22
6044 20
6045 29
6046 15
6047 7
6048 6
6049 20
6050 14
6052 7
6053 10
6055 46
6056 2
6058 14
6059 17
6060 7
6061 14
6062 6
6063 20
6064 10
6065 15
6066 4
6068 20
6070 48
6071 19
6072 5
6073 3
6074 12
6076 4
6077 10
6078 11
6080 19
6083 48
6084 12
6085 47
6086 5
6087 35
6088 4
6089 35
6090 19
6091 8
6092 26
6094 5
6095 5
6096 15
6097 7
6098 10
6099 27
6100 13
6101 6
6102 4
6103 7
6104 13
6107 5
6108 8
6109 8
6110 4
6111 39
6112 9
6113 6
6114 5
6115 6
6116 10
6117 6
6118 6
6119 4
6120 9
6121 5
6122 19
6123 7
6124 6
6125 21
6126 18
6127 15
6128 16
6130 4
6131 13
6133 8
6136 9
6137 4
6138 23
6139 6
6143 23
6144 36
6145 5
6147 11
6148 10
6149 54
6151 13
6152 9
6153 13
6154 3
6156 15
6157 7
6158 9
6159 30
6161 9
6162 19
6163 35
6164 15
6165 8
6166 10
6167 10
6170 8
6172 28
6173 12
6174 20
6175 6
6176 23
6177 15
6178 11
6179 5
6180 8
6181 3
6182 13
6184 4
6185 42
6186 7
6187 3
6188 15
6189 13
6190 4
6192 11
6193 4
6195 5
6196 3
6197 7
6198 5
6199 8
6200 4
6201 34
6202 5
6203 13
6204 2
6205 3
6206 15
6207 12
6208 8
6209 30
6210 21
6211 6
6212 6
6213 9
6214 4
6215 7
6216 7
6217 7
6219 6
6220 9
6221 12
6222 18
6223 7
6224 17
6225 7
6226 19
6227 23
6228 5
6229 8
6230 7
6232 2
6233 5
6234 22
6235 48
6236 8
6237 14
6241 3
6243 10
6244 5
6245 6
6246 4
6247 2
6249 17
6250 5
6251 18
6252 10
6253 4
6254 10
6255 11
6256 19
6257 7
6258 10
6259 7
6260 15
6261 14
6262 6
6265 3
6266 8
6267 3
6268 6
6270 5
6271 5
6272 4
6275 4
6276 9
6278 4
6279 11
6282 43
6283 10
6284 25
6287 5
6288 27
6289 20
6290 7
6291 4
6292 9
6293 19
6294 9
6295 14
6297 9
6298 14
6299 4
6300 8
6301 5
6302 21
6304 31
6309 11
6311 16
6312 10
6313 7
6314 7
6316 4
6318 17
6319 39
6320 3
6321 13
6322 2
6323 3
6324 11
6326 14
6327 5
6328 4
6329 6
6331 12
6332 4
6333 5
6334 6
6336 48
6337 8
6339 8
6340 3
6341 4
6343 21
6344 5
6345 3
6347 10
6348 20
6349 10
6350 9
6351 4
6357 3
6358 4
6360 16
6362 11
6363 9
6364 8
6365 6
6366 11
6367 8
6368 12
6369 9
6370 10
6372 6
6373 2
6374 2
6375 16
6377 2
6378 6
6379 4
6382 6
6384 14
6385 31
6386 5
6387 4
6388 10
6389 15
6390 25
6391 4
6392 8
6393 40
6395 12
6396 5
6397 16
6398 9
6399 5
6400 9
6402 4
6403 3
6404 8
6405 3
6406 12
6407 7
6409 25
6410 8
6411 26
6412 15
6414 4
6415 23
6416 14
6417 9
6418 13
6419 5
6421 5
6423 6
6424 4
6426 2
6429 4
6430 4
6431 10
6432 9
6433 34
6434 12
6435 12
6436 10
6438 27
6441 4
6442 3
6443 7
6444 5
6446 3
6447 7
6448 9
6454 11
6455 4
6456 3
6459 3
6460 7
6462 7
6464 4
6465 5
6466 5
6471 9
6472 10
6473 6
6474 9
6475 12
6476 10
6477 13
6480 10
6483 9
6484 8
6485 5
6487 5
6494 6
6495 4
6497 6
6498 6
6499 4
6500 3
6501 4
6503 12
6506 2
6508 4
6511 19
6513 4
6514 3
6516 5
6517 2
6518 15
6519 17
6520 5
6521 5
6522 14
6523 5
6524 6
6525 11
6526 6
6527 3
6528 12
6529 11
6531 5
6532 5
6533 4
6534 4
6535 5
6536 4
6537 4
6538 19
6539 4
6540 3
6542 5
6543 5
6544 9
6545 4
6548 21
6550 3
6553 4
6554 3
6556 5
6557 7
6558 6
6559 29
6560 17
6561 9
6566 3
6573 6
6574 3
6575 9
6576 6
6578 3
6579 5
6580 5
6581 5
6582 12
6584 5
6585 4
6586 4
6587 5
6588 5
6589 8
6590 8
6591 6
6592 8
6595 4
6597 3
6599 3
6602 7
6603 5
6604 4
6606 7
6608 9
6609 11
6610 12
6611 6
6613 3
6619 12
6621 4
6622 12
6624 13
6625 6
6626 6
6627 3
6628 2
6629 9
6630 4
6631 14
6632 3
6633 5
6634 19
6638 11
6639 19
6640 3
6642 4
6644 7
6648 4
6649 7
6650 1
6651 2
6656 6
6657 11
6658 6
6659 19
6661 14
6662 3
6663 4
6668 3
6669 26
6671 5
6673 14
6674 3
6676 17
6681 15
6682 3
6684 19
6685 16
6686 5
6689 14
6691 7
6693 7
6694 5
6696 23
6697 26
6699 5
6700 4
6701 17
6703 11
6704 20
6708 10
6709 19
6710 4
6712 7
6713 5
6714 4
6720 2
6723 11
6724 6
6725 12
6726 7
6727 4
6728 10
6729 22
6730 8
6733 3
6734 5
6735 15
6736 7
6737 17
6738 10
6740 10
6741 4
6742 10
6743 12
6744 17
6745 9
6746 35
6747 17
6748 21
6749 14
6750 14
6751 4
6752 3
6753 8
6756 5
6757 9
6761 4
6762 9
6763 23
6764 7
6765 38
6767 17
6769 12
6770 13
6771 4
6772 7
6773 4
6774 5
6775 11
6777 5
6779 3
6780 2
6781 7
6782 12
6784 9
6785 9
6786 11
6787 16
6788 10
6789 16
6791 6
6793 6
6794 19
6795 7
6796 23
6797 11
6798 34
6799 19
6800 19
6804 8
6805 8
6806 6
6808 29
6809 4
6812 3
6813 5
6814 25
6817 5
6818 7
6819 15
6820 7
6821 10
6822 3
6824 11
6825 13
6826 5
6827 10
6828 3
6831 17
6832 5
6833 3
6834 13
6835 16
6836 2
6837 9
6838 5
6840 6
6842 4
6843 5
6844 21
6848 4
6849 3
6850 9
6851 17
6854 10
6856 4
6859 14
6860 5
6863 4
6867 43
6869 5
6871 2
6872 4
6874 3
6875 5
6876 6
6882 8
6885 6
6886 6
6887 4
6888 3
6889 6
6890 9
6892 8
6893 9
6894 11
6896 6
6897 5
6898 4
6899 2
6900 5
6901 3
6902 28
6904 11
6905 5
6906 7
6907 5
6909 9
6910 3
6911 4
6913 4
6917 9
6921 3
6924 13
6925 6
6926 4
6927 9
6928 11
6929 6
6930 21
6931 13
6932 4
6933 5
6934 8
6935 11
6938 3
6941 4
6942 2
6943 8
6945 8
6946 3
6947 2
6949 8
6950 5
6951 4
6953 4
6954 6
6958 4
6959 4
6960 5
6961 3
6962 3
6963 8
6966 6
6971 8
6978 12
6981 7
6985 16
6987 8
6991 8
6994 7
6995 8
6997 12
6998 13
6999 13
7000 7
7001 8
7002 36
7003 37
7008 20
7009 5
7010 6
7011 17
7012 24
7013 6
7014 7
7015 5
7016 4
7017 2
7018 24
7019 29
7024 12
7026 10
7027 12
7028 7
7029 12
7031 16
7032 4
7033 12
7034 6
7035 3
7036 3
7044 6
7045 5
7046 4
7047 5
7051 6
7054 20
7055 5
7056 4
7060 5
7061 7
7063 4
7064 8
7066 5
7067 3
7068 3
7069 5
7071 5
7072 6
7073 6
7075 6
7076 14
7077 7
7080 6
7084 3
7085 10
7086 10
7087 8
7089 4
7090 5
7091 15
7092 6
7093 2
7094 8
7095 2
7100 4
7103 7
7104 4
7106 3
7112 3
7114 3
7116 3
7117 4
7119 4
7122 7
7123 10
7124 4
7125 9
7126 2
7127 7
7128 7
7130 10
7131 5
7134 4
7135 4
7136 5
7137 7
7138 4
7140 4
7142 3
7145 4
7146 3
7148 7
7150 5
7152 2
7154 3
7156 5
7163 10
7166 7
7167 4
7168 5
7171 4
7174 6
7175 4
7177 4
7185 3
7187 4
7192 8
7194 4
7195 7
7200 4
7201 10
7203 10
7205 6
7206 6
7209 7
7210 5
7211 19
7212 5
7216 3
7217 4
7218 8
7220 3
7221 18
7222 4
7223 14
7224 7
7225 9
7226 4
7227 5
7231 6
7234 3
7236 6
7237 3
7240 4
7241 6
7242 2
7243 5
7244 5
7245 7
7246 8
7248 9
7251 11
7254 10
7255 6
7258 3
7259 11
7260 8
7261 8
7262 13
7263 1
7268 6
7270 6
7274 4
7275 5
7280 4
7284 5
7285 27
7287 6
7288 12
7289 3
7291 8
7293 7
7296 1
7299 2
7300 25
7301 4
7303 1
7305 3
7306 11
7307 6
7308 3
7309 4
7311 5
7317 16
7318 14
7319 5
7322 12
7327 3
7328 4
7329 3
7330 3
7331 8
7334 5
7335 6
7336 8
7337 10
7338 11
7339 5
7340 3
7344 3
7346 10
7347 11
7348 6
7349 6
7350 4
7355 9
7356 8
7357 4
7358 10
7359 5
7360 8
7363 8
7365 8
7366 5
7367 6
7368 3
7369 4
7374 7
7376 2
7377 7
7378 4
7379 4
7381 4
7382 6
7383 8
7384 5
7389 4
7390 4
7392 9
7393 4
7395 4
7397 13
7399 2
7400 5
7401 10
7406 3
7409 6
7411 17
7412 3
7413 1
7415 2
7416 4
7417 4
7419 12
7420 13
7422 4
7423 4
7425 6
7428 6
7429 13
7432 5
7433 6
7434 9
7435 6
7436 12
7438 5
7439 4
7441 13
7444 4
7449 5
7450 5
7451 3
7453 3
7454 9
7455 5
7458 11
7460 7
7461 15
7462 6
7463 4
7464 7
7466 10
7467 6
7469 6
7471 7
7476 8
7477 13
7481 9
7484 7
7485 3
7486 9
7487 5
7489 3
7493 8
7495 7
7497 4
7498 7
7499 4
7500 3
7502 3
7503 7
7504 4
7506 4
7509 5
7510 7
7512 5
7514 5
7515 7
7516 2
7518 6
7519 8
7523 6
7524 12
7525 7
7532 6
7534 5
7540 4
7543 3
7565 3
7567 1
7571 8
7572 3
7574 3
7578 10
7580 3
7581 5
7583 5
7584 2
7585 5
7587 6
7590 1
7599 3
7610 3
7611 12
7612 10
7614 11
7623 4
7625 5
7626 4
7629 2
7635 4
7636 3
7645 5
7647 11
7651 7
7652 4
7655 2
7656 4
7658 7
7660 6
7662 4
7663 3
7665 14
7666 3
7668 20
7669 5
7670 8
7673 6
7674 22
7675 12
7676 11
7678 4
7679 6
7680 5
7685 3
7687 2
7689 2
7701 4
7702 8
7703 4
7709 1
7710 5
7711 9
7714 8
7716 9
7722 3
7724 3
7725 3
7749 4
7751 3
7755 2
7759 5
7760 9
7763 10
7765 4
7768 2
7771 6
7772 4
7773 11
7774 4
7776 6
7777 5
7778 2
7780 3
7781 6
7782 4
7784 8
7785 4
7786 9
7787 6
7790 7
7791 7
7792 11
7793 3
7794 4
7795 4
7796 5
7798 10
7800 5
7803 2
7806 6
7810 18
7811 3
7813 8
7818 2
7820 2
7823 4
7825 5
7833 6
7840 80
7843 6
7845 6
7848 6
7850 4
7851 7
7852 6
7853 5
7855 5
7864 6
7868 6
7869 4
7870 5
7877 4
7878 3
7879 4
7880 12
7882 8
7888 2
7889 5
7891 5
7895 7
7896 3
7897 3
7898 3
7899 9
7900 3
7901 15
7902 3
7903 5
7905 4
7908 7
7909 5
7910 5
7912 9
7913 3
7915 4
7922 2
7925 2
7928 9
7929 3
7930 4
7933 5
7937 4
7938 6
7944 4
7946 2
7953 4
7955 4
7959 7
7960 4
7962 4
7964 12
7967 3
7969 7
7970 5
7971 5
7972 8
7973 4
7977 4
7978 3
7980 9
7981 10
7983 4
7986 8
7989 8
7991 6
7992 2
7996 7
8001 3
8002 10
8005 8
8006 6
8007 7
8009 13
8012 6
8015 9
8016 6
8019 4
8025 4
8027 6
8029 5
8030 2
8035 4
8037 3
8040 8
8048 4
8051 6
8052 3
8053 3
8058 3
8059 5
8060 3
8061 5
8063 3
8068 7
8073 4
8075 6
8079 11
8084 4
8085 5
8086 6
8090 20
8091 17
8092 6
8094 4
8095 5
8096 5
8103 2
8106 5
8107 3
8112 5
8116 4
8120 5
8122 5
8126 5
8127 5
8128 6
8131 4
8132 3
8135 6
8138 5
8140 4
8143 7
8145 4
8149 5
8150 2
8151 4
8157 5
8159 6
8160 7
8161 2
8167 3
8168 4
8169 4
8175 3
8176 5
8177 3
8182 6
8183 2
8185 6
8187 4
8188 13
8200 4
8206 4
8208 5
8221 6
8223 9
8227 4
8228 1
8229 4
8235 4
8236 5
8237 3
8239 3
8244 4
8245 4
8246 10
8250 4
8251 2
8252 3
8260 6
8261 4
8263 5
8266 5
8268 4
8269 7
8270 6
8271 5
8272 3
8275 9
8276 4
8278 6
8287 5
8297 5
8300 4
8310 2
8316 4
8317 4
8319 4
8323 5
8324 5
8327 4
8331 4
8333 4
8334 7
8349 3
8350 4
8353 4
8356 4
8357 4
8373 3
8375 3
8377 8
8378 3
8381 4
8384 5
8387 2
8389 9
8390 10
8391 3
8397 3
8402 3
8403 5
8404 2
8407 4
8412 4
8419 1
8427 4
8432 4
8434 3
8436 5
8437 5
8444 4
8446 4
8455 3
8461 2
8465 7
8470 6
8474 3
8476 4
8477 1
8479 4
8480 5
8485 4
8488 4
8491 4
8495 4
8496 5
8504 2
8509 3
8510 7
8517 3
8522 3
8523 4
8534 2
8535 4
8543 1
8545 1
8546 3
8547 3
8549 4
8551 3
8553 2
8558 11
8563 4
8565 4
8566 5
8571 4
8572 9
8574 2
8581 10
8590 4
8596 3
8598 5
8599 4
8609 2
8612 7
8613 5
8615 3
8619 3
8620 6
8621 3
8625 4
8627 5
8632 4
8635 3
8636 2
8648 7
8657 4
8660 4
8661 4
8662 5
8663 2
8669 4
8675 3
8686 2
8690 4
8691 4
8692 7
8694 5
8695 3
8696 4
8702 3
8703 1
8707 6
8724 3
8725 9
8741 5
8743 1
8760 4
8773 1
8774 4
8775 3
8777 2
8780 2
8790 3
8797 2
8801 3
8807 2
8820 5
8822 4
8829 7
8830 3
8838 4
8839 2
8851 7
8856 3
8858 6
8874 2
8876 8
8879 4
8892 6
8894 3
8903 4
8904 8
8910 7
8923 4
8925 5
8928 3
8942 5
8946 3
8951 3
8955 7
8956 3
8957 3
8965 2
8966 3
8967 2
8968 15
8973 5
8974 5
8980 3
8982 4
8986 1
8988 3
9023 5
9039 4
9045 5
9048 8
9049 5
9051 3
9052 4
9059 6
9075 5
9079 9
9086 4
9088 3
9104 1
9109 3
9112 4
9115 3
9116 3
9122 3
9126 8
9127 5
9128 5
9129 2
9163 3
9177 4
9183 7
9185 6
9207 3
9210 4
9214 4
9244 3
9250 2
9264 5
9276 7
9286 4
9290 2
9292 4
9319 4
9347 1
9348 4
9353 4
9364 5
9365 3
9404 2
9444 2
9459 4
9460 2
9486 2
9489 3
9493 2
9507 5
9508 8
9510 2
9514 4
9528 2
9530 4
9566 2
9678 2
9758 2
9813 3
9856 4
