0 4
1 8
2 1
3 1
4 1
5 5
6 1
7 2
8 3
9 2
10 3
11 1
12 2
13 5
14 1
15 1
16 33
17 3
18 3
19 1
20 6
21 3
22 3
24 2
25 2
26 1
27 1
28 2
29 1
30 1
31 4
32 5
33 2
34 4
35 6
36 2
37 11
38 1
39 2
40 1
41 1
42 1
43 3
44 2
45 1
46 2
47 1
48 1
49 1
50 2
51 2
52 2
53 3
54 3
55 5
56 4
57 1
58 3
59 1
60 1
62 2
63 4
64 5
66 8
67 1
68 5
69 3
70 2
71 5
72 24
73 1
74 1
75 3
76 3
77 1
78 5
79 1
80 2
81 2
82 1
83 2
84 1
85 4
86 2
87 1
88 4
89 5
90 1
91 1
92 1
93 2
94 1
95 3
96 2
97 3
98 2
99 1
100 7
101 2
102 1
103 2
104 6
105 2
106 6
107 1
108 2
109 5
110 2
111 1
112 1
113 2
114 6
115 3
116 1
117 1
118 12
119 1
120 1
121 1
122 1
123 3
124 1
125 4
126 4
127 4
128 2
129 1
130 4
131 2
132 1
134 4
135 1
136 2
137 1
138 7
139 1
141 1
142 2
143 3
144 1
145 1
146 3
147 3
148 3
149 1
150 4
151 4
152 2
153 1
154 1
155 1
156 5
157 3
158 3
159 1
160 14
161 2
162 2
164 2
165 7
166 1
167 3
168 3
169 1
170 1
171 3
173 2
174 3
176 2
177 5
178 4
179 2
180 1
181 2
182 8
183 1
184 2
185 4
186 2
187 3
188 14
189 5
190 8
191 1
192 11
193 10
194 3
195 1
196 4
197 2
198 4
199 1
200 1
201 1
202 7
203 1
204 2
205 1
206 3
207 2
208 2
209 2
210 1
211 2
212 7
213 3
214 3
215 1
216 3
217 1
218 3
219 2
220 5
221 2
222 1
223 3
224 1
225 1
226 2
227 1
228 1
229 5
230 1
231 1
232 3
233 6
234 2
235 1
236 3
237 6
238 2
239 1
240 2
241 2
242 3
243 1
244 13
245 6
246 4
247 2
248 4
249 1
250 1
251 1
252 3
253 1
254 4
255 4
256 1
257 3
258 1
259 2
260 1
261 1
262 1
263 2
264 1
265 3
266 4
267 1
268 20
269 16
270 1
272 1
273 1
274 1
276 2
277 12
278 1
279 8
280 1
281 2
282 1
283 3
284 2
285 4
286 3
287 1
288 2
289 1
290 4
291 4
292 1
293 1
294 1
295 3
296 2
297 2
298 1
299 2
300 1
301 3
302 1
303 1
304 2
305 2
306 3
307 2
308 1
309 1
310 2
311 4
312 1
313 1
314 3
315 1
316 1
317 1
318 2
319 1
320 2
321 5
322 3
323 4
324 1
325 3
326 3
327 7
328 2
329 2
330 1
331 2
332 4
333 5
334 1
335 1
336 1
337 2
338 7
339 2
340 1
341 5
342 1
343 4
344 1
345 3
346 6
347 1
348 1
349 3
350 6
351 3
352 1
353 1
354 1
355 1
356 6
357 5
358 7
359 3
360 4
362 2
363 4
364 4
365 2
366 2
367 2
368 3
369 1
370 2
371 1
372 2
373 2
374 1
375 21
376 1
377 2
378 3
379 3
380 1
381 6
382 3
383 1
384 2
385 2
386 1
387 1
388 5
389 2
390 3
391 2
392 4
393 3
394 2
395 7
396 9
397 3
398 2
399 1
400 2
401 1
402 1
403 1
404 3
405 1
406 2
407 2
408 1
409 1
410 1
411 3
412 2
413 1
414 1
415 1
416 1
417 1
418 5
419 1
420 1
421 2
422 1
423 1
424 4
425 2
426 3
427 1
428 2
429 1
430 1
431 1
432 1
433 1
434 1
435 5
436 1
437 5
438 5
439 2
440 1
441 1
442 1
443 4
444 1
446 6
447 1
448 2
449 3
450 2
451 1
452 2
453 2
454 4
455 1
456 1
457 1
458 4
459 3
460 5
461 6
462 1
463 5
464 3
465 4
466 1
467 11
468 1
469 8
470 2
471 3
472 3
473 3
474 1
475 1
476 2
477 1
478 2
479 1
480 1
481 1
482 5
483 2
484 2
485 1
486 3
487 8
488 1
489 1
490 6
491 2
492 2
493 1
494 2
495 1
496 3
497 2
498 2
499 1
500 4
501 1
502 2
503 3
504 3
505 1
506 5
507 8
508 3
509 2
510 1
511 2
512 1
513 2
514 1
515 7
516 1
517 1
518 3
520 2
521 3
522 3
523 2
524 2
525 1
526 5
527 5
528 2
529 3
530 1
531 2
532 2
533 2
534 1
535 1
536 3
537 6
538 2
539 2
540 2
541 2
542 6
543 2
544 4
545 3
546 2
548 10
549 5
550 1
551 9
552 4
553 1
554 7
555 1
556 2
557 2
558 3
559 12
560 1
561 1
562 3
563 23
564 1
565 4
566 2
567 5
568 1
569 4
570 3
571 3
573 3
574 1
575 11
576 2
577 1
578 6
579 6
580 4
581 1
582 1
583 1
584 3
585 2
586 2
588 3
589 1
590 1
591 8
592 1
593 6
594 1
595 4
596 2
597 2
598 8
599 5
601 3
602 2
603 1
604 6
605 7
606 2
607 1
608 3
609 3
610 1
611 3
612 2
613 1
614 3
615 4
616 1
617 3
618 10
619 1
620 2
622 1
623 5
624 1
625 3
626 1
627 1
628 4
629 4
630 1
631 3
632 1
633 1
634 1
635 3
636 2
637 2
638 6
639 1
640 2
641 3
642 1
643 8
644 2
645 7
646 2
647 1
648 4
649 1
650 1
651 1
652 7
653 3
654 2
655 3
656 2
657 2
658 6
659 3
660 1
661 5
662 3
663 1
664 2
665 2
666 2
667 3
668 7
669 3
670 5
671 8
672 2
673 1
674 2
675 3
676 1
677 1
678 3
679 3
680 2
681 2
682 1
683 4
684 1
685 1
686 3
687 3
688 1
689 2
690 3
691 1
692 1
693 7
694 1
696 1
697 2
698 1
699 2
700 1
701 3
702 2
703 3
704 1
705 5
706 9
707 2
708 1
709 1
710 3
711 4
712 2
713 1
714 3
715 1
716 4
717 1
718 1
719 2
720 7
721 1
722 3
723 1
724 1
725 1
726 15
727 1
728 1
729 1
730 3
731 8
733 1
734 2
735 1
736 1
737 1
738 3
739 3
740 2
741 5
742 1
743 5
744 1
745 4
746 2
747 1
748 1
750 2
751 1
752 3
753 1
754 2
755 4
756 1
757 5
758 2
759 5
760 4
761 1
762 1
763 1
764 1
765 1
766 1
767 1
769 2
770 1
771 2
772 2
773 3
774 1
775 1
776 5
777 4
778 2
779 5
780 2
781 4
782 2
783 1
784 2
785 3
786 1
787 6
789 1
790 2
791 3
792 2
793 3
794 3
795 2
796 4
797 2
798 2
799 2
800 1
801 5
802 1
803 6
804 3
805 3
806 2
807 11
808 1
809 1
810 1
811 1
812 2
813 2
814 4
816 3
817 4
818 1
819 3
820 1
821 6
822 6
824 6
825 5
826 10
827 2
828 1
829 4
830 3
831 3
832 4
833 2
834 2
835 29
836 4
837 2
838 2
839 4
840 10
841 1
842 4
843 1
844 1
845 3
846 3
847 1
848 3
849 1
850 11
852 2
853 5
854 1
855 1
856 6
857 5
858 1
859 9
860 3
861 1
862 3
863 1
864 2
865 1
866 1
867 2
868 3
869 3
870 2
871 2
872 2
873 2
874 5
875 2
876 2
877 2
878 1
879 8
880 3
881 3
882 2
883 3
884 1
885 4
886 6
887 2
888 9
889 1
890 2
891 7
892 1
893 1
894 4
895 1
896 4
897 1
898 6
899 3
900 2
901 4
902 1
903 1
904 1
905 1
906 7
907 1
908 1
909 1
910 3
911 1
912 2
914 12
915 1
916 2
917 1
918 2
919 8
920 1
921 1
922 2
923 2
924 1
925 2
926 7
927 2
928 3
929 5
930 2
931 4
932 1
933 1
934 6
935 2
936 4
937 1
938 1
939 1
940 2
941 3
942 6
943 3
944 1
945 21
946 1
947 9
948 2
949 2
950 1
951 2
952 11
953 1
954 1
955 5
956 2
957 2
958 3
959 1
960 1
961 5
962 2
963 14
964 2
965 9
966 4
967 1
968 5
969 5
970 1
971 35
972 2
973 5
974 9
975 2
976 1
977 7
978 4
980 6
981 3
982 2
983 1
984 2
985 3
986 2
987 10
988 2
989 1
990 6
991 3
992 4
993 2
994 4
995 12
996 1
997 1
998 1
999 4
1000 1
1001 2
1002 2
1003 4
1004 2
1006 3
1007 1
1008 8
1009 6
1010 2
1011 1
1012 1
1013 3
1014 2
1015 11
1016 2
1017 4
1018 1
1019 1
1020 3
1021 9
1022 3
1023 12
1024 5
1025 2
1026 3
1027 3
1028 1
1029 1
1030 5
1031 1
1032 1
1033 2
1034 4
1035 4
1036 1
1037 1
1038 3
1039 2
1040 1
1041 3
1042 9
1043 19
1044 2
1045 3
1046 4
1047 1
1048 7
1049 2
1050 1
1051 5
1052 4
1053 4
1054 3
1055 1
1056 2
1057 3
1058 1
1059 2
1060 1
1061 1
1062 1
1063 1
1064 5
1065 16
1066 2
1067 1
1069 4
1070 1
1071 1
1072 8
1073 3
1074 10
1075 3
1076 2
1077 1
1078 3
1079 5
1080 1
1081 1
1082 5
1083 1
1084 1
1085 1
1086 1
1087 3
1088 4
1089 3
1090 2
1091 1
1092 3
1093 4
1094 5
1095 1
1096 2
1097 1
1098 4
1099 1
1100 2
1101 3
1102 1
1103 3
1104 3
1105 1
1106 4
1107 3
1108 6
1109 11
1110 4
1111 2
1112 3
1113 9
1114 1
1115 2
1116 1
1117 1
1118 3
1119 1
1120 1
1121 2
1122 5
1123 7
1124 1
1125 4
1126 3
1127 6
1128 2
1129 1
1130 9
1131 1
1132 1
1133 1
1134 2
1135 1
1136 1
1137 2
1138 1
1139 2
1140 6
1141 4
1142 8
1143 17
1144 5
1145 1
1146 1
1147 1
1148 3
1149 12
1150 1
1151 3
1152 1
1153 5
1154 1
1155 1
1156 9
1157 1
1158 1
1159 2
1160 1
1161 9
1162 3
1163 3
1164 2
1165 2
1166 1
1167 10
1168 2
1169 2
1170 2
1171 1
1172 1
1173 3
1174 6
1175 2
1176 3
1177 1
1178 1
1179 1
1180 1
1181 11
1182 1
1183 11
1184 3
1185 1
1186 1
1187 1
1188 1
1189 3
1190 1
1191 12
1192 1
1193 3
1194 1
1195 3
1196 1
1198 9
1199 2
1200 1
1201 7
1202 2
1203 1
1204 1
1205 1
1206 7
1207 17
1208 10
1209 1
1211 3
1212 5
1213 2
1214 1
1215 5
1216 1
1217 1
1218 6
1219 2
1220 4
1221 2
1222 1
1223 5
1224 2
1226 2
1227 1
1228 1
1229 2
1230 3
1231 2
1232 6
1233 3
1234 1
1235 1
1236 2
1237 4
1238 3
1239 3
1240 7
1241 2
1242 1
1243 3
1244 1
1245 2
1246 2
1247 1
1248 1
1249 1
1250 2
1251 7
1252 1
1253 1
1254 1
1255 2
1256 2
1258 1
1259 2
1260 3
1261 3
1262 3
1263 1
1264 3
1265 2
1266 1
1267 2
1268 1
1269 1
1270 1
1271 4
1272 1
1273 2
1274 2
1275 2
1276 1
1277 3
1278 4
1279 8
1280 3
1281 1
1282 2
1283 2
1284 3
1285 1
1286 1
1287 3
1288 2
1289 2
1290 10
1291 6
1292 1
1293 1
1294 5
1295 3
1296 8
1297 1
1298 3
1299 3
1300 8
1301 1
1302 7
1303 1
1304 1
1305 1
1306 1
1307 4
1308 1
1309 3
1310 1
1311 4
1313 2
1314 4
1315 2
1316 2
1317 5
1319 13
1320 1
1321 3
1322 1
1323 2
1324 1
1325 15
1327 1
1328 5
1329 8
1330 1
1331 2
1332 3
1333 2
1334 2
1335 1
1336 4
1337 5
1338 1
1339 1
1340 2
1341 3
1342 2
1343 1
1344 3
1345 1
1346 1
1347 2
1348 3
1349 6
1350 1
1351 3
1352 1
1353 2
1354 1
1355 2
1357 1
1358 4
1359 1
1360 1
1361 3
1362 1
1363 3
1364 1
1365 6
1366 2
1367 1
1368 2
1369 2
1370 6
1371 2
1372 1
1373 3
1374 4
1375 1
1376 2
1377 10
1378 2
1379 1
1380 1
1381 1
1382 1
1383 8
1384 2
1385 4
1386 9
1387 2
1388 4
1389 1
1390 3
1391 3
1392 5
1393 5
1394 1
1395 1
1396 2
1397 3
1398 1
1399 3
1400 2
1401 4
1402 1
1403 2
1404 3
1405 4
1406 2
1407 2
1408 3
1409 1
1410 2
1411 1
1412 2
1413 3
1414 1
1415 1
1416 2
1417 2
1418 2
1419 2
1420 3
1421 9
1422 4
1423 2
1424 2
1425 2
1426 1
1427 1
1428 3
1429 2
1430 2
1431 1
1432 1
1433 4
1434 1
1435 1
1436 1
1437 2
1438 4
1439 2
1440 3
1441 1
1442 2
1443 3
1444 1
1445 2
1446 1
1447 2
1448 2
1449 2
1450 7
1451 1
1452 1
1453 6
1454 1
1455 4
1456 3
1457 8
1458 14
1459 2
1460 2
1461 1
1462 1
1463 1
1464 1
1465 4
1466 1
1467 2
1468 4
1469 3
1470 1
1471 1
1472 1
1473 1
1474 5
1475 5
1476 1
1477 1
1478 6
1479 1
1480 1
1481 4
1482 1
1483 5
1484 2
1485 5
1486 6
1488 3
1489 3
1490 2
1491 1
1492 3
1493 2
1494 2
1495 1
1496 4
1497 3
1498 1
1499 1
1500 2
1501 1
1502 5
1503 1
1504 13
1505 1
1506 1
1507 1
1508 2
1509 1
1510 2
1511 1
1512 1
1513 6
1514 2
1515 2
1516 1
1517 1
1518 4
1519 2
1520 1
1521 1
1523 3
1524 1
1525 9
1526 3
1527 1
1528 4
1529 3
1530 1
1531 1
1532 3
1533 2
1534 2
1535 1
1536 2
1537 1
1538 19
1539 2
1540 3
1541 1
1542 8
1543 2
1544 2
1545 1
1546 1
1547 3
1548 1
1549 1
1550 4
1551 3
1552 5
1553 3
1554 1
1555 1
1556 1
1557 3
1558 4
1559 2
1560 3
1561 2
1562 3
1563 1
1564 1
1565 2
1566 1
1568 2
1569 1
1570 1
1571 5
1572 6
1573 1
1574 2
1575 1
1576 1
1577 2
1578 2
1579 2
1580 5
1581 1
1582 3
1583 6
1584 4
1585 1
1586 1
1587 1
1588 1
1589 2
1590 2
1591 3
1592 1
1593 1
1594 1
1595 3
1596 4
1597 1
1598 1
1599 4
1602 1
1603 1
1604 2
1606 1
1607 2
1608 3
1609 2
1610 7
1612 3
1613 1
1614 7
1615 6
1616 4
1617 3
1618 1
1619 4
1620 9
1621 2
1622 1
1623 7
1624 5
1625 2
1626 2
1627 1
1628 1
1629 1
1630 3
1631 1
1632 1
1633 5
1635 2
1636 2
1637 5
1638 2
1639 1
1640 2
1641 1
1642 4
1643 1
1644 6
1645 1
1646 1
1647 9
1649 2
1650 2
1651 4
1652 4
1653 1
1654 4
1655 2
1656 1
1657 4
1658 3
1659 2
1660 9
1661 2
1662 1
1663 1
1664 2
1665 4
1666 7
1667 1
1669 1
1670 4
1671 2
1672 1
1673 2
1674 1
1675 1
1676 7
1677 1
1678 1
1679 4
1680 1
1681 8
1682 1
1683 2
1684 1
1685 1
1686 5
1687 3
1688 2
1689 2
1690 1
1691 2
1692 4
1693 2
1694 1
1695 2
1696 1
1697 1
1698 2
1699 1
1700 4
1701 1
1702 9
1703 16
1704 1
1705 1
1706 1
1707 1
1708 2
1709 1
1710 2
1711 1
1712 1
1714 1
1715 2
1716 4
1717 3
1718 2
1719 2
1720 4
1721 1
1722 1
1723 2
1724 2
1725 1
1726 3
1727 2
1728 1
1729 5
1730 5
1731 3
1732 2
1733 1
1734 2
1735 2
1736 1
1737 2
1738 5
1739 9
1740 5
1742 5
1743 1
1744 4
1745 3
1746 1
1747 1
1748 2
1749 1
1750 1
1751 3
1752 3
1753 1
1754 3
1755 2
1756 5
1757 1
1758 2
1759 1
1760 2
1761 4
1763 1
1764 2
1765 7
1767 4
1768 2
1769 2
1770 6
1771 2
1772 1
1773 2
1774 3
1775 4
1776 1
1777 1
1778 1
1779 5
1780 1
1781 1
1782 1
1783 5
1784 5
1785 2
1786 2
1787 2
1788 3
1789 1
1790 1
1791 6
1792 2
1793 1
1794 2
1795 1
1796 1
1797 4
1798 5
1799 2
1800 2
1802 2
1803 2
1804 5
1805 4
1806 1
1807 2
1808 1
1809 4
1810 2
1811 1
1812 2
1813 1
1814 1
1815 3
1816 2
1817 4
1818 2
1820 1
1821 3
1822 1
1823 3
1825 2
1826 2
1827 4
1828 7
1829 3
1830 4
1831 7
1832 3
1833 9
1834 6
1835 4
1836 2
1837 2
1838 2
1839 3
1840 4
1841 1
1842 1
1843 1
1844 3
1845 1
1846 2
1847 1
1848 4
1849 5
1850 1
1851 3
1852 1
1853 1
1854 16
1855 1
1856 1
1857 2
1858 2
1860 1
1861 2
1862 1
1864 2
1865 17
1866 2
1867 4
1869 4
1870 1
1871 2
1872 3
1873 1
1874 7
1875 1
1876 2
1877 3
1878 1
1879 9
1880 2
1881 1
1882 2
1883 2
1884 2
1885 1
1886 2
1887 2
1888 1
1889 1
1890 2
1892 1
1893 1
1894 2
1895 11
1896 4
1897 2
1898 3
1899 7
1900 2
1901 6
1902 3
1904 1
1905 5
1906 7
1907 2
1908 9
1909 12
1910 1
1911 2
1912 2
1913 1
1914 2
1915 2
1916 5
1917 3
1918 1
1919 5
1920 2
1921 4
1922 1
1923 2
1924 2
1925 3
1926 1
1927 12
1928 2
1929 1
1930 1
1931 11
1932 1
1933 2
1934 1
1935 1
1936 1
1937 1
1938 1
1939 5
1940 2
1941 1
1942 1
1943 3
1944 11
1945 2
1946 1
1947 2
1948 3
1949 2
1950 2
1951 1
1952 4
1953 15
1954 3
1955 5
1956 3
1957 1
1958 4
1959 4
1960 4
1961 1
1962 3
1963 2
1964 3
1965 1
1966 2
1967 1
1968 1
1969 5
1970 1
1971 2
1972 3
1973 4
1974 4
1975 12
1976 3
1977 7
1978 1
1979 3
1980 3
1982 1
1983 5
1984 7
1985 1
1986 15
1987 1
1988 2
1989 1
1990 10
1991 1
1992 2
1993 1
1994 1
1995 4
1996 7
1997 1
1998 2
1999 2
2000 2
2001 3
2002 1
2003 1
2004 4
2005 6
2006 11
2007 1
2008 1
2009 2
2010 2
2011 3
2013 4
2014 1
2015 1
2016 1
2017 1
2018 1
2019 12
2020 1
2021 2
2022 1
2023 1
2024 5
2025 1
2026 14
2027 1
2028 1
2029 1
2030 1
2031 3
2032 6
2033 1
2034 8
2035 4
2036 1
2037 2
2038 47
2039 2
2040 2
2041 4
2042 1
2043 1
2044 2
2045 1
2046 1
2047 1
2048 6
2049 1
2050 2
2051 1
2052 3
2053 1
2054 2
2055 1
2056 1
2057 8
2058 1
2059 1
2060 2
2061 1
2062 1
2063 3
2064 4
2065 5
2066 1
2067 6
2068 2
2069 3
2070 13
2071 2
2072 3
2073 9
2074 6
2075 2
2076 5
2077 1
2079 1
2080 9
2081 9
2082 1
2083 4
2084 8
2085 2
2087 2
2088 2
2089 3
2090 4
2091 3
2092 1
2093 1
2094 2
2095 3
2096 3
2097 1
2099 4
2100 3
2101 4
2102 2
2103 1
2104 1
2105 1
2106 2
2107 1
2108 1
2109 1
2111 1
2112 1
2113 3
2114 2
2115 2
2116 4
2117 1
2118 3
2119 1
2121 1
2122 2
2123 3
2124 2
2125 2
2126 1
2127 2
2128 1
2129 4
2130 8
2131 2
2132 2
2133 3
2134 1
2135 1
2136 1
2137 1
2138 8
2139 11
2140 2
2141 3
2142 2
2143 6
2144 3
2145 4
2146 6
2147 1
2148 1
2149 2
2150 1
2151 1
2152 3
2153 2
2154 1
2156 1
2157 1
2158 1
2159 5
2160 1
2161 1
2162 2
2163 2
2164 3
2165 1
2166 3
2167 3
2168 3
2169 3
2170 4
2171 1
2173 1
2174 4
2175 3
2176 2
2177 4
2178 1
2179 1
2180 8
2181 1
2182 5
2183 2
2184 3
2185 7
2186 5
2187 1
2188 14
2189 4
2190 1
2191 7
2192 4
2193 2
2195 12
2196 1
2197 2
2198 1
2199 1
2201 2
2202 3
2203 1
2204 2
2205 1
2206 16
2207 1
2208 2
2209 1
2210 11
2211 4
2212 2
2213 1
2214 1
2215 7
2216 1
2217 1
2218 9
2219 2
2220 1
2221 2
2222 1
2223 3
2224 1
2225 3
2226 2
2227 3
2228 4
2229 1
2230 2
2231 2
2232 1
2233 2
2234 3
2235 3
2236 2
2237 4
2238 1
2239 3
2240 2
2241 1
2242 8
2243 1
2244 10
2245 1
2246 1
2247 1
2248 1
2249 3
2250 2
2251 5
2252 1
2253 3
2254 3
2255 1
2256 1
2257 3
2258 4
2259 3
2260 1
2261 1
2262 1
2263 2
2264 2
2265 3
2266 1
2267 1
2268 2
2269 1
2270 1
2271 5
2272 4
2274 1
2275 3
2276 2
2277 2
2278 1
2279 4
2280 1
2281 6
2282 4
2283 1
2284 1
2285 1
2286 8
2287 1
2288 1
2290 1
2291 9
2292 1
2293 5
2294 1
2295 7
2296 2
2297 3
2298 1
2299 1
2300 4
2301 1
2302 4
2303 2
2304 9
2305 1
2306 6
2307 4
2308 4
2309 6
2310 7
2311 5
2312 3
2313 2
2314 2
2315 4
2316 4
2317 2
2318 8
2319 1
2320 4
2321 1
2322 1
2323 2
2324 2
2325 4
2326 1
2327 3
2328 1
2329 1
2330 2
2331 1
2332 5
2333 1
2334 5
2335 1
2336 2
2337 3
2338 1
2339 1
2340 1
2341 1
2342 5
2343 6
2344 6
2345 1
2346 2
2347 1
2348 2
2349 6
2350 5
2351 5
2352 3
2353 2
2354 1
2355 3
2356 1
2357 2
2358 4
2359 2
2360 1
2361 3
2362 1
2363 2
2364 1
2365 1
2366 1
2367 1
2368 1
2369 1
2370 4
2371 4
2372 3
2373 1
2374 2
2375 4
2376 1
2377 4
2378 1
2379 3
2380 2
2382 2
2383 4
2384 1
2385 2
2386 2
2387 2
2388 1
2389 4
2390 2
2391 5
2392 2
2393 2
2394 4
2395 1
2396 1
2398 3
2399 3
2400 3
2401 1
2402 1
2403 1
2404 5
2405 4
2406 2
2407 3
2408 1
2409 3
2410 1
2411 1
2412 2
2413 5
2414 5
2415 1
2416 2
2417 1
2418 3
2419 4
2420 3
2421 1
2422 7
2424 2
2425 2
2426 2
2427 1
2428 4
2429 1
2430 2
2431 2
2432 3
2433 2
2434 3
2435 2
2436 4
2437 1
2438 1
2439 1
2440 2
2441 2
2442 2
2443 4
2444 2
2445 5
2446 2
2447 5
2448 1
2449 2
2450 1
2451 4
2452 1
2453 3
2454 8
2455 6
2456 3
2457 5
2458 1
2459 8
2460 1
2461 2
2462 2
2463 3
2464 1
2465 1
2466 5
2467 7
2468 6
2469 1
2470 4
2471 1
2472 4
2473 1
2474 2
2475 2
2476 6
2477 2
2478 2
2479 2
2480 10
2481 4
2482 3
2483 1
2484 1
2485 4
2487 2
2488 1
2489 1
2490 2
2491 3
2492 3
2493 1
2494 2
2495 5
2496 2
2497 3
2498 2
2499 9
2500 1
2501 3
2502 2
2503 3
2504 5
2505 1
2506 1
2507 1
2508 4
2509 1
2510 2
2511 1
2512 2
2513 1
2514 4
2515 2
2516 1
2517 2
2518 2
2519 1
2520 2
2521 2
2522 1
2523 1
2524 2
2525 4
2526 5
2527 2
2528 3
2529 3
2530 9
2531 3
2532 2
2533 1
2534 1
2535 4
2536 1
2537 1
2538 4
2539 1
2540 1
2541 8
2542 2
2543 7
2544 4
2545 2
2546 1
2547 1
2548 1
2549 3
2550 2
2551 1
2552 2
2553 2
2554 3
2555 10
2556 8
2558 6
2559 2
2560 3
2561 4
2562 9
2563 4
2564 3
2565 2
2566 4
2567 2
2568 2
2569 4
2570 1
2571 1
2572 1
2573 3
2574 2
2575 2
2576 1
2577 1
2578 21
2579 1
2580 8
2581 2
2582 2
2583 2
2584 3
2585 1
2586 4
2587 1
2588 1
2589 6
2590 4
2591 2
2592 1
2593 1
2594 3
2595 3
2596 1
2597 3
2598 3
2599 1
2600 1
2601 1
2602 4
2604 1
2605 2
2606 4
2607 1
2608 1
2609 4
2610 3
2611 2
2612 4
2613 1
2614 2
2615 2
2616 1
2617 1
2618 1
2619 3
2620 3
2621 9
2622 2
2623 1
2624 9
2625 1
2626 1
2627 3
2628 1
2629 1
2630 3
2631 6
2632 5
2633 5
2634 1
2635 17
2636 2
2637 1
2638 9
2639 8
2640 2
2641 1
2642 1
2643 2
2644 2
2645 2
2647 3
2648 2
2649 1
2650 5
2651 5
2652 1
2653 3
2654 2
2655 1
2656 3
2657 2
2658 1
2659 1
2660 1
2661 1
2662 5
2663 4
2664 7
2665 2
2666 31
2667 2
2668 2
2669 2
2670 1
2671 2
2672 1
2673 1
2674 1
2675 3
2676 2
2677 4
2678 1
2679 2
2680 2
2682 1
2683 1
2684 1
2685 1
2686 2
2687 2
2688 1
2689 1
2690 3
2691 1
2692 3
2693 1
2694 5
2695 2
2696 2
2698 2
2699 1
2700 1
2701 3
2702 1
2703 1
2704 3
2705 3
2706 2
2708 1
2709 2
2710 3
2711 1
2712 2
2713 2
2714 4
2715 3
2716 13
2717 4
2718 8
2719 1
2720 3
2721 3
2722 1
2723 2
2724 8
2725 1
2726 1
2727 42
2728 1
2729 1
2730 4
2731 3
2732 2
2733 3
2734 1
2735 1
2736 4
2737 1
2738 2
2739 2
2740 1
2741 4
2742 4
2743 2
2744 2
2745 5
2746 1
2747 2
2748 4
2750 1
2751 7
2752 5
2753 2
2754 2
2755 1
2756 1
2757 3
2758 2
2759 3
2760 2
2761 6
2762 8
2763 3
2764 4
2765 4
2766 1
2767 2
2768 1
2769 4
2770 3
2771 11
2772 1
2773 1
2774 2
2775 1
2776 1
2777 1
2778 5
2779 2
2780 3
2781 2
2783 1
2784 1
2785 4
2786 6
2787 4
2788 2
2789 1
2790 4
2791 7
2792 3
2793 5
2794 1
2795 1
2796 3
2797 2
2798 7
2799 3
2800 1
2801 2
2802 2
2803 1
2804 1
2805 11
2806 1
2807 1
2808 10
2809 1
2810 4
2811 1
2812 1
2813 3
2814 14
2815 5
2816 2
2817 1
2818 3
2819 6
2820 1
2821 1
2822 1
2823 6
2824 1
2825 1
2826 4
2827 11
2828 10
2829 4
2830 1
2831 4
2832 4
2833 1
2834 1
2835 1
2836 2
2837 1
2838 1
2839 1
2840 2
2841 1
2842 6
2843 2
2844 2
2845 1
2847 3
2848 1
2849 1
2850 1
2851 4
2852 3
2853 8
2854 1
2855 2
2856 1
2857 1
2858 4
2859 6
2860 1
2861 25
2862 12
2863 1
2864 1
2865 1
2866 4
2867 1
2868 1
2869 2
2870 1
2871 2
2872 1
2873 2
2874 1
2875 13
2876 1
2877 3
2878 1
2879 9
2880 2
2881 9
2882 1
2883 1
2884 1
2885 1
2886 3
2887 1
2888 2
2889 7
2890 3
2891 6
2892 1
2893 1
2894 10
2895 3
2896 1
2897 2
2898 1
2899 4
2900 7
2902 1
2903 1
2904 2
2905 2
2906 6
2907 2
2908 2
2909 3
2910 2
2911 6
2912 1
2913 4
2914 3
2915 2
2916 1
2917 1
2918 3
2919 4
2920 1
2922 4
2923 1
2924 1
2925 4
2926 3
2927 1
2928 3
2929 6
2930 1
2931 2
2932 1
2933 4
2934 1
2935 4
2936 2
2937 1
2938 3
2939 4
2940 3
2941 5
2942 1
2943 1
2944 2
2945 1
2946 2
2947 5
2948 4
2949 3
2950 1
2951 3
2952 4
2953 1
2954 6
2955 3
2956 1
2957 1
2958 2
2960 2
2961 5
2962 1
2963 1
2964 2
2965 1
2966 2
2967 1
2968 4
2969 2
2970 1
2971 2
2972 1
2973 3
2974 5
2975 10
2976 2
2977 6
2978 3
2979 2
2980 2
2981 2
2982 1
2983 2
2984 5
2985 1
2986 3
2987 1
2988 2
2989 3
2990 2
2991 4
2992 10
2993 1
2994 1
2995 1
2996 1
2997 1
2998 2
2999 2
3000 4
3001 4
3002 1
3003 1
3004 4
3005 2
3006 1
3007 2
3008 1
3009 1
3010 1
3011 1
3012 2
3014 9
3015 1
3016 4
3017 5
3018 1
3019 2
3020 2
3021 2
3022 1
3023 1
3025 3
3026 5
3028 1
3029 1
3030 6
3031 1
3032 1
3034 2
3035 2
3037 4
3038 1
3039 1
3040 8
3041 1
3042 2
3043 1
3044 2
3045 3
3046 2
3047 5
3048 2
3049 5
3050 6
3051 2
3052 5
3053 2
3054 1
3055 2
3056 1
3057 2
3058 3
3059 7
3060 3
3061 1
3062 1
3063 7
3064 3
3065 2
3066 3
3067 3
3068 4
3069 1
3070 2
3071 2
3072 3
3073 5
3074 1
3075 1
3076 5
3077 1
3078 1
3079 1
3080 2
3081 7
3082 6
3083 4
3084 2
3085 3
3086 1
3087 3
3088 3
3089 1
3090 3
3091 3
3092 1
3093 5
3094 3
3095 2
3096 1
3097 1
3098 3
3099 1
3100 1
3101 1
3102 1
3103 11
3104 1
3105 3
3106 3
3107 6
3108 3
3109 1
3110 1
3111 2
3112 2
3113 8
3114 2
3115 3
3116 1
3117 6
3118 1
3119 10
3120 2
3121 2
3122 4
3123 2
3124 6
3125 5
3127 2
3128 7
3129 2
3130 1
3131 3
3132 6
3133 1
3134 1
3135 2
3136 8
3137 4
3138 2
3139 6
3140 2
3141 1
3142 7
3143 3
3144 6
3145 2
3147 7
3148 2
3149 2
3150 3
3152 3
3153 4
3154 1
3155 3
3156 2
3157 4
3158 1
3159 1
3160 7
3161 2
3162 3
3163 2
3164 6
3165 4
3166 2
3168 5
3169 2
3170 2
3171 4
3172 1
3173 1
3174 9
3175 3
3176 6
3177 5
3178 2
3179 1
3180 1
3181 1
3183 4
3184 3
3185 2
3186 1
3187 4
3188 3
3189 5
3190 2
3191 2
3192 3
3193 1
3194 1
3195 1
3196 4
3197 2
3198 3
3200 3
3201 1
3202 2
3203 2
3204 10
3205 1
3206 1
3207 1
3208 6
3209 4
3211 4
3212 2
3213 1
3214 4
3215 2
3216 1
3217 1
3218 5
3219 3
3220 2
3221 5
3222 3
3223 3
3224 1
3225 1
3226 6
3227 2
3228 2
3229 2
3230 1
3231 1
3233 2
3234 5
3235 6
3236 1
3237 3
3238 1
3239 1
3240 1
3241 1
3243 1
3244 2
3246 5
3247 2
3248 1
3249 6
3250 1
3251 1
3252 2
3253 3
3254 2
3255 1
3256 2
3257 2
3258 19
3259 2
3260 3
3261 2
3262 4
3264 1
3265 10
3266 4
3267 6
3268 6
3269 3
3270 1
3271 2
3272 2
3273 2
3274 2
3275 5
3276 15
3277 2
3278 2
3279 2
3280 5
3282 3
3283 5
3284 8
3285 1
3286 1
3287 5
3288 3
3289 2
3290 5
3291 3
3292 2
3293 2
3294 3
3295 2
3296 4
3297 6
3298 4
3299 1
3300 1
3301 17
3302 4
3303 1
3304 2
3305 4
3306 2
3307 9
3308 1
3309 3
3310 1
3311 3
3312 1
3313 1
3314 1
3315 7
3316 2
3317 2
3319 2
3321 1
3322 2
3323 5
3324 3
3325 6
3326 1
3327 12
3328 1
3329 4
3330 3
3331 1
3332 2
3333 1
3334 1
3335 3
3336 1
3337 1
3338 2
3339 3
3341 2
3342 6
3343 1
3344 1
3345 1
3346 5
3347 1
3348 1
3349 1
3350 3
3351 1
3352 6
3353 1
3354 1
3355 1
3356 2
3357 2
3358 1
3359 3
3360 2
3361 1
3362 1
3363 1
3364 2
3365 3
3366 2
3367 3
3368 4
3369 4
3370 4
3371 1
3372 2
3373 3
3374 1
3375 1
3377 4
3378 3
3379 1
3380 3
3381 2
3382 1
3383 2
3384 2
3385 6
3386 2
3388 3
3389 1
3390 1
3391 11
3392 6
3393 1
3394 4
3395 2
3396 1
3397 2
3398 3
3399 1
3400 1
3401 4
3402 1
3404 3
3405 4
3406 7
3407 1
3408 2
3409 5
3410 3
3411 1
3412 1
3413 1
3414 1
3415 2
3416 1
3417 1
3418 1
3419 1
3420 4
3421 1
3422 3
3423 1
3424 2
3426 1
3427 3
3428 2
3429 1
3430 3
3431 2
3432 1
3433 3
3434 2
3435 13
3436 7
3438 2
3439 1
3440 1
3441 4
3442 2
3443 1
3444 1
3445 2
3446 6
3447 7
3448 4
3449 4
3450 4
3451 3
3452 1
3453 1
3454 2
3455 8
3456 2
3457 1
3459 9
3460 2
3461 2
3462 4
3463 2
3464 1
3465 2
3466 1
3467 2
3468 4
3469 1
3470 4
3471 1
3472 1
3473 3
3474 6
3475 5
3476 1
3477 1
3478 2
3479 2
3480 4
3481 1
3482 4
3483 1
3484 2
3485 1
3486 2
3487 2
3488 9
3489 1
3490 2
3492 1
3493 1
3494 1
3495 4
3496 1
3497 2
3499 2
3500 3
3501 1
3502 3
3503 1
3504 3
3505 2
3506 1
3507 2
3508 1
3509 5
3511 2
3512 1
3513 1
3514 2
3516 1
3517 1
3518 1
3519 7
3520 6
3521 4
3522 3
3523 11
3524 1
3525 1
3526 1
3527 4
3528 2
3529 2
3530 3
3531 4
3532 9
3533 1
3534 1
3535 13
3536 1
3537 3
3538 9
3539 1
3540 2
3541 3
3543 1
3544 5
3545 1
3546 3
3547 3
3548 1
3549 1
3550 1
3552 1
3553 3
3554 2
3555 1
3556 1
3557 2
3558 4
3559 1
3560 2
3561 16
3562 1
3563 1
3564 1
3566 5
3567 5
3568 1
3569 6
3570 1
3571 1
3572 2
3573 3
3574 1
3575 1
3576 2
3577 1
3578 1
3580 1
3581 5
3582 4
3583 1
3584 1
3585 4
3586 2
3587 1
3588 1
3589 5
3590 1
3591 1
3592 1
3593 5
3594 1
3595 3
3596 1
3597 1
3598 1
3599 4
3600 4
3601 2
3602 2
3603 1
3604 1
3605 1
3606 2
3607 7
3608 3
3609 3
3610 2
3611 2
3612 1
3613 3
3615 3
3616 3
3617 1
3618 3
3619 5
3620 1
3621 1
3622 1
3623 2
3624 2
3625 4
3626 1
3627 1
3628 2
3629 1
3630 4
3631 1
3633 1
3634 3
3635 2
3636 7
3637 2
3638 1
3639 3
3640 3
3641 1
3642 3
3644 3
3645 2
3646 1
3647 1
3648 1
3649 2
3650 1
3651 1
3653 1
3654 4
3655 2
3656 4
3657 1
3659 2
3660 3
3662 2
3663 1
3664 1
3665 4
3666 1
3667 4
3668 1
3669 4
3670 2
3671 1
3672 1
3673 5
3674 10
3675 2
3676 8
3677 2
3678 2
3679 2
3680 3
3681 9
3683 3
3684 5
3685 5
3686 3
3687 1
3688 1
3689 2
3690 1
3691 2
3692 5
3693 1
3694 2
3696 1
3697 1
3698 2
3699 2
3700 4
3701 2
3702 1
3703 1
3704 1
3705 1
3706 9
3707 2
3708 2
3709 1
3710 5
3711 1
3712 1
3713 4
3714 2
3715 3
3716 3
3717 1
3718 8
3719 1
3720 1
3721 1
3722 1
3723 4
3724 1
3725 1
3726 4
3727 1
3728 1
3729 6
3730 3
3731 2
3732 8
3733 1
3734 1
3735 1
3736 1
3737 6
3738 3
3739 1
3740 10
3741 1
3742 4
3743 2
3744 4
3745 3
3746 3
3747 1
3748 11
3749 2
3750 2
3751 3
3752 2
3753 3
3754 1
3755 1
3756 2
3757 2
3758 3
3759 3
3760 2
3761 1
3762 3
3763 3
3764 1
3765 4
3766 2
3767 1
3768 1
3769 2
3770 1
3771 1
3772 5
3773 2
3774 1
3775 2
3776 5
3777 4
3778 2
3779 5
3780 4
3781 8
3782 3
3783 1
3784 3
3786 2
3787 8
3788 3
3789 6
3790 5
3791 1
3792 1
3793 3
3794 2
3795 1
3796 4
3797 7
3798 3
3799 10
3800 1
3801 4
3802 1
3803 9
3804 8
3805 1
3806 4
3807 1
3808 1
3809 5
3810 2
3812 1
3813 2
3814 3
3815 2
3816 2
3817 5
3818 3
3819 2
3820 2
3821 1
3822 2
3823 3
3825 1
3826 1
3828 7
3830 1
3831 9
3832 2
3833 15
3834 16
3835 1
3836 2
3837 3
3838 7
3839 3
3840 1
3841 1
3842 4
3843 1
3844 2
3845 1
3846 1
3847 4
3848 14
3849 2
3850 1
3851 5
3852 2
3853 6
3854 6
3855 5
3856 3
3857 6
3858 2
3859 3
3860 2
3861 2
3862 3
3863 1
3864 3
3865 1
3866 1
3867 2
3868 1
3869 3
3870 3
3871 2
3872 1
3873 1
3874 3
3875 1
3876 1
3877 1
3878 4
3879 2
3880 2
3882 1
3883 5
3884 2
3885 1
3886 1
3887 2
3888 4
3889 1
3890 1
3891 1
3892 2
3893 1
3894 1
3895 4
3896 6
3897 2
3898 1
3899 3
3900 1
3901 2
3902 1
3903 1
3904 3
3905 1
3906 1
3907 1
3908 1
3909 1
3910 2
3911 2
3912 2
3913 7
3914 4
3915 3
3916 1
3917 2
3918 1
3919 3
3920 2
3921 1
3922 2
3923 2
3924 10
3925 2
3926 2
3927 2
3928 2
3929 3
3930 1
3931 3
3932 1
3933 5
3934 3
3935 2
3936 3
3937 1
3938 3
3939 9
3940 1
3941 2
3942 1
3943 1
3944 4
3945 2
3946 2
3947 2
3948 1
3949 4
3950 6
3951 5
3952 8
3953 4
3954 3
3955 1
3956 2
3957 2
3958 2
3959 1
3960 1
3961 6
3962 6
3963 1
3964 1
3965 2
3966 1
3967 1
3968 2
3969 2
3970 7
3971 1
3972 1
3973 1
3974 3
3975 2
3976 5
3977 8
3978 3
3979 2
3980 1
3981 3
3982 4
3983 7
3984 1
3985 1
3986 1
3987 1
3988 3
3989 1
3990 5
3991 1
3992 3
3993 4
3994 3
3995 6
3996 1
3997 5
3998 1
3999 2
4000 2
4001 1
4002 4
4003 1
4004 4
4005 2
4006 2
4007 1
4008 2
4009 4
4010 3
4011 1
4012 2
4014 1
4015 3
4016 2
4017 2
4018 3
4019 1
4020 2
4021 6
4022 2
4023 1
4024 1
4025 1
4026 1
4027 2
4028 5
4029 2
4030 1
4031 5
4032 5
4033 6
4034 2
4035 1
4036 3
4037 2
4038 1
4040 1
4041 7
4042 5
4043 3
4044 2
4045 2
4046 3
4047 1
4048 3
4049 5
4050 5
4051 4
4052 1
4053 3
4054 2
4055 1
4056 1
4057 1
4058 3
4059 1
4060 3
4061 1
4062 6
4064 3
4065 15
4066 1
4067 2
4068 1
4069 4
4070 6
4071 7
4072 1
4074 3
4075 3
4076 1
4077 2
4078 2
4080 3
4081 1
4082 3
4083 8
4084 1
4085 5
4086 2
4087 6
4088 2
4089 2
4090 3
4091 1
4092 6
4093 1
4094 1
4095 1
4096 3
4097 1
4098 1
4099 3
4100 2
4101 5
4102 2
4103 3
4104 2
4105 3
4106 2
4107 1
4108 1
4109 1
4110 4
4111 3
4112 1
4113 1
4114 2
4115 3
4116 1
4117 5
4118 1
4119 2
4120 4
4121 2
4122 1
4123 1
4124 1
4125 2
4126 5
4127 2
4128 1
4129 17
4130 2
4131 3
4132 1
4133 2
4134 10
4135 5
4136 4
4137 5
4138 2
4139 2
4140 4
4141 3
4142 5
4143 2
4144 1
4145 3
4146 3
4147 2
4148 1
4149 4
4150 5
4151 10
4152 14
4153 2
4154 1
4155 1
4156 4
4157 3
4158 15
4159 1
4160 1
4161 3
4162 2
4163 6
4164 2
4165 3
4166 2
4167 1
4169 2
4170 2
4171 2
4172 2
4173 8
4174 10
4175 15
4176 3
4177 3
4179 2
4180 8
4181 1
4182 1
4183 2
4184 5
4185 3
4186 2
4188 1
4189 3
4190 4
4191 2
4192 2
4193 2
4194 1
4195 1
4196 4
4197 1
4198 2
4199 1
4200 4
4201 1
4202 2
4203 1
4204 4
4205 2
4206 8
4207 1
4208 2
4209 6
4210 2
4211 5
4212 1
4213 2
4214 6
4215 5
4216 4
4217 2
4218 1
4219 5
4220 1
4221 3
4222 1
4223 3
4224 2
4225 4
4227 1
4228 5
4229 3
4231 1
4232 3
4233 3
4234 3
4235 1
4236 2
4237 2
4238 1
4239 2
4240 4
4241 3
4242 3
4243 11
4244 3
4245 2
4246 2
4247 1
4248 1
4249 2
4250 3
4251 1
4252 3
4253 1
4254 11
4255 3
4256 2
4257 1
4259 3
4260 1
4261 2
4262 2
4263 2
4264 2
4265 4
4266 2
4267 3
4268 2
4269 5
4270 1
4271 3
4272 2
4274 7
4276 2
4277 13
4278 5
4279 3
4280 5
4281 2
4282 5
4283 1
4284 2
4285 2
4286 1
4287 1
4288 3
4289 2
4290 5
4291 2
4292 35
4293 5
4294 1
4295 1
4296 1
4297 1
4298 1
4299 1
4300 2
4301 2
4302 2
4303 1
4304 2
4305 2
4306 3
4307 1
4308 2
4309 1
4310 1
4311 3
4312 4
4313 1
4314 2
4315 4
4316 3
4317 3
4318 1
4319 1
4320 14
4321 1
4322 2
4323 1
4324 2
4326 2
4327 3
4328 4
4329 1
4330 1
4331 1
4332 5
4334 1
4335 2
4336 1
4337 1
4338 1
4339 30
4340 2
4341 2
4342 1
4343 9
4344 7
4345 3
4346 3
4347 1
4348 1
4349 6
4350 1
4351 1
4352 2
4353 1
4354 2
4355 1
4356 1
4357 1
4358 4
4359 1
4360 1
4361 1
4362 4
4363 4
4364 5
4365 3
4366 3
4367 5
4368 8
4369 1
4370 1
4371 3
4372 2
4373 1
4374 1
4375 3
4376 32
4377 2
4378 3
4379 2
4380 8
4381 4
4382 2
4383 2
4384 6
4386 3
4387 8
4388 1
4389 3
4390 2
4391 1
4393 4
4394 5
4395 1
4396 2
4397 1
4398 1
4401 2
4402 1
4403 2
4404 5
4406 1
4407 4
4409 3
4410 2
4411 6
4412 1
4413 1
4414 1
4416 6
4417 1
4418 2
4419 6
4420 2
4421 4
4422 1
4423 1
4424 1
4425 3
4426 2
4427 1
4428 5
4429 2
4430 2
4431 4
4432 4
4433 2
4434 2
4435 3
4436 4
4437 2
4438 1
4439 1
4440 3
4441 1
4442 3
4443 2
4445 1
4446 2
4447 1
4448 1
4449 1
4450 1
4451 1
4452 1
4453 3
4454 1
4455 4
4456 13
4457 4
4458 2
4459 5
4460 2
4461 1
4462 10
4463 1
4464 2
4465 1
4466 1
4467 3
4468 3
4469 4
4470 1
4471 2
4472 2
4473 3
4474 5
4475 8
4476 5
4477 2
4478 1
4479 1
4480 1
4481 1
4482 5
4483 4
4484 2
4485 3
4486 2
4487 1
4488 1
4489 2
4490 2
4491 1
4492 2
4493 8
4494 9
4495 1
4496 1
4497 1
4498 2
4499 1
4500 1
4501 8
4502 2
4503 4
4504 4
4505 2
4506 5
4507 1
4508 1
4509 2
4510 3
4511 2
4512 1
4514 4
4515 1
4516 3
4517 4
4518 1
4519 3
4520 1
4521 10
4522 2
4523 3
4524 2
4525 3
4526 2
4527 5
4528 2
4529 1
4530 2
4531 5
4532 1
4533 5
4534 2
4535 2
4536 3
4537 6
4538 2
4540 3
4541 1
4542 3
4543 3
4544 3
4545 4
4546 5
4547 2
4548 1
4549 2
4550 4
4551 11
4552 1
4553 1
4554 4
4555 3
4556 6
4557 2
4558 1
4559 1
4560 1
4561 4
4562 3
4563 2
4565 2
4566 1
4567 2
4568 2
4569 2
4570 2
4571 2
4572 2
4573 1
4574 2
4575 1
4576 1
4577 2
4578 3
4579 4
4580 2
4582 1
4583 3
4584 2
4585 7
4586 1
4587 3
4588 1
4589 1
4590 2
4591 7
4592 1
4593 1
4595 9
4596 2
4597 5
4598 4
4599 9
4600 2
4601 2
4602 1
4603 1
4604 1
4605 1
4606 10
4607 1
4608 13
4609 5
4610 5
4611 1
4612 1
4613 7
4614 1
4615 2
4616 1
4617 3
4618 1
4619 2
4620 2
4621 1
4622 1
4623 5
4624 18
4625 1
4626 1
4627 7
4628 1
4629 4
4630 3
4631 8
4632 1
4633 2
4634 3
4635 12
4636 1
4637 14
4638 2
4639 4
4640 1
4641 22
4642 1
4643 2
4644 4
4645 1
4646 5
4647 4
4648 5
4650 3
4651 1
4652 1
4653 2
4654 2
4655 1
4656 1
4657 2
4658 1
4659 3
4660 1
4661 1
4662 2
4663 2
4664 1
4665 5
4666 3
4667 1
4668 7
4669 1
4670 2
4671 2
4672 4
4673 2
4674 7
4675 1
4676 1
4677 4
4678 2
4679 2
4680 1
4681 2
4682 2
4683 2
4684 2
4685 4
4686 5
4688 1
4689 1
4690 5
4691 2
4692 4
4693 6
4694 3
4695 2
4696 2
4697 2
4698 2
4699 2
4700 1
4701 2
4702 9
4703 4
4704 12
4705 14
4706 1
4707 3
4708 5
4709 3
4710 8
4711 2
4712 2
4713 4
4714 1
4715 2
4716 1
4717 1
4718 3
4719 3
4721 2
4722 3
4723 1
4724 5
4725 1
4726 2
4727 1
4728 11
4729 2
4730 3
4731 6
4732 2
4733 1
4734 1
4735 1
4736 2
4737 3
4738 4
4740 3
4741 3
4742 1
4743 6
4744 1
4745 2
4746 2
4749 3
4750 1
4751 3
4752 1
4753 1
4754 2
4755 1
4757 8
4758 1
4759 2
4760 1
4761 4
4762 4
4763 6
4764 1
4765 3
4766 1
4767 2
4768 1
4769 1
4770 1
4771 1
4772 4
4773 2
4775 12
4776 3
4777 1
4778 3
4779 2
4780 3
4781 4
4782 4
4783 2
4784 1
4785 1
4787 1
4788 8
4789 3
4790 1
4791 1
4792 2
4793 1
4794 6
4795 3
4797 3
4798 1
4799 1
4800 2
4801 1
4802 1
4803 2
4804 3
4805 2
4806 2
4807 1
4808 1
4809 1
4810 1
4811 2
4812 1
4813 1
4814 7
4816 8
4817 1
4818 3
4819 1
4820 2
4821 1
4822 1
4823 3
4824 2
4825 2
4826 2
4827 1
4828 2
4829 1
4830 3
4831 3
4832 3
4833 6
4834 6
4835 3
4836 1
4837 6
4838 1
4839 1
4840 3
4841 2
4842 5
4843 2
4844 4
4845 2
4846 2
4847 2
4848 2
4849 2
4850 4
4851 1
4852 1
4853 3
4855 2
4856 2
4857 1
4858 5
4860 2
4862 3
4863 16
4864 1
4865 1
4866 1
4867 2
4868 14
4869 3
4870 1
4871 10
4872 5
4873 1
4874 1
4875 1
4876 1
4877 1
4878 1
4880 2
4881 1
4882 2
4883 10
4884 2
4886 1
4887 2
4888 5
4889 11
4890 1
4891 4
4892 1
4893 3
4894 7
4895 1
4896 3
4897 1
4898 3
4899 1
4900 2
4901 1
4902 1
4903 3
4904 1
4905 2
4906 1
4907 3
4908 2
4909 2
4911 1
4912 3
4913 1
4914 1
4915 1
4917 5
4918 1
4919 1
4920 1
4921 6
4922 4
4923 3
4926 5
4927 1
4928 1
4929 2
4931 2
4933 1
4934 5
4935 1
4936 3
4937 16
4938 2
4939 2
4940 1
4941 6
4942 3
4943 7
4944 2
4945 1
4946 2
4947 4
4948 1
4949 11
4950 2
4951 2
4952 1
4953 2
4954 8
4955 9
4956 1
4957 4
4958 1
4959 4
4960 6
4961 1
4962 1
4963 1
4964 3
4966 1
4967 1
4968 2
4969 4
4971 1
4972 2
4973 5
4974 1
4975 1
4976 1
4977 1
4978 1
4979 5
4980 18
4981 3
4982 1
4983 5
4984 2
4985 1
4986 1
4987 3
4988 1
4989 3
4990 3
4991 2
4992 1
4993 1
4994 1
4995 2
4996 1
4997 4
4998 3
4999 5
5000 2
5001 1
5002 1
5003 3
5004 1
5005 3
5006 1
5007 1
5008 1
5009 1
5010 2
5011 2
5012 7
5013 5
5014 3
5015 1
5016 2
5018 13
5020 2
5021 1
5022 1
5023 2
5024 2
5025 1
5026 1
5027 4
5028 1
5029 1
5030 4
5031 4
5032 2
5033 3
5034 1
5035 2
5036 4
5037 1
5038 5
5039 2
5040 3
5041 1
5042 1
5043 1
5044 5
5045 1
5046 2
5047 1
5048 1
5049 11
5050 2
5051 3
5052 7
5053 1
5054 3
5056 1
5057 2
5058 6
5059 5
5060 9
5061 1
5062 1
5063 1
5064 1
5065 1
5066 1
5068 1
5069 3
5070 1
5071 2
5072 1
5073 6
5074 1
5075 2
5076 8
5077 2
5078 2
5079 10
5080 1
5081 1
5082 2
5083 4
5084 1
5085 6
5086 3
5087 3
5088 1
5089 2
5090 1
5091 5
5093 4
5094 4
5095 7
5096 3
5097 1
5098 3
5099 1
5100 2
5101 3
5102 2
5103 1
5104 3
5105 1
5106 2
5107 1
5108 7
5109 5
5110 5
5112 6
5113 1
5114 1
5115 1
5116 1
5117 2
5119 12
5120 2
5122 1
5123 2
5124 4
5125 2
5127 1
5128 1
5129 2
5130 1
5131 2
5132 2
5133 2
5134 1
5135 2
5136 3
5137 1
5138 18
5139 1
5140 4
5142 1
5144 4
5145 2
5146 1
5147 8
5148 4
5149 4
5150 1
5151 1
5152 3
5153 1
5154 1
5155 5
5156 1
5158 1
5159 2
5160 2
5161 2
5162 3
5163 1
5164 9
5165 2
5166 1
5167 4
5168 2
5169 5
5170 2
5171 1
5172 1
5173 6
5174 1
5175 2
5176 12
5178 4
5179 2
5180 1
5181 1
5182 4
5183 4
5185 1
5186 1
5187 6
5188 2
5189 5
5191 1
5192 2
5193 4
5194 1
5195 2
5196 4
5198 6
