0 4
1 17
2 56
3 37
4 28
5 27
6 35
7 34
8 29
9 23
10 4
12 36
13 2
14 9
15 18
16 6
17 32
18 33
21 15
22 93
23 19
24 21
25 2561
26 11
27 9
28 23
29 8
30 18
31 73
32 15
33 18
34 20
35 17
36 332
37 5
38 7
40 20
41 21
42 4
43 5
44 4
45 8
46 6
48 4
49 8
50 17
51 18
53 14
54 26
55 23
57 13
58 5
59 9
60 5
61 11
62 8
63 4
64 252
65 10
66 15
67 10
68 7
70 19
71 347
72 16
73 12
74 18
75 11
76 87
77 40
78 7
79 9
80 8
81 6
82 16
83 11
84 4
85 7
86 23
87 12
88 56
89 43
90 8
91 21
92 23
93 14
94 34
95 19
96 28
97 22
98 9
99 8
100 7
101 296
102 5
103 15
104 12
105 52
106 6
107 61
108 147
109 9
110 8
111 275
112 13
113 14
114 15
115 23
116 7
117 10
118 10
119 26
120 13
121 22
122 25
123 7
124 12
126 5
127 5
128 9
129 4
130 4
131 6
132 25
133 10
134 59
135 14
136 4
137 15
138 3
140 6
141 3
142 7
144 20
146 4
147 12
150 66
152 11
154 9
155 11
157 21
159 10
161 7
162 4
164 5
165 5
168 9
170 14
171 9
172 21
173 5
175 5
177 19
179 37
180 6
181 7
182 12
183 5
185 12
187 4
190 4
193 6
194 19
195 3
196 17
197 15
198 8
199 12
201 12
203 1
204 6
205 24
206 8
207 3
208 4
209 5
211 9
212 4
214 5
215 5
217 9
218 5
221 5
222 7
223 6
224 8
225 7
226 9
228 12
229 23
230 10
231 23
234 9
235 32
236 8
238 5
240 7
241 9
242 8
243 7
245 6
246 5
247 5
248 41
250 5
251 7
252 5
253 46
254 7
256 7
257 11
258 6
259 20
262 8
263 22
264 14
266 7
267 24
269 16
272 5
273 5
274 13
275 3
276 8
277 11
279 7
280 4
281 10
283 6
284 9
285 11
286 6
287 13
288 6
289 14
290 11
291 15
293 15
294 5
295 15
296 8
297 15
298 8
299 25
300 24
301 4
302 8
303 9
304 6
305 33
306 7
307 22
308 4
309 9
310 14
311 15
313 6
314 12
315 6
317 13
318 8
319 23
320 5
322 5
323 7
324 5
325 6
327 4
328 6
329 4
331 5
332 4
333 4
335 6
336 5
338 4
339 4
342 15
344 6
345 3
346 4
347 12
348 15
349 18
350 24
354 8
355 7
356 9
357 4
358 4
359 6
360 7
361 11
362 17
363 7
364 6
365 5
366 7
367 9
368 11
369 14
373 5
374 13
376 9
377 3
378 10
379 4
381 5
382 6
383 18
384 4
385 7
386 62
387 5
388 16
389 12
390 9
392 8
393 11
394 6
396 13
398 5
400 9
401 4
402 23
403 4
406 4
407 5
409 7
410 6
411 5
413 14
414 7
417 16
418 12
419 6
420 43
421 14
422 7
424 6
425 4
428 42
429 8
430 14
431 7
434 6
435 6
436 7
439 10
440 10
441 5
442 17
444 4
445 11
446 6
448 14
450 9
452 11
453 22
455 32
456 4
457 10
461 4
462 3
464 4
465 3
466 6
467 7
468 4
469 6
470 15
472 6
473 14
474 7
475 10
476 16
477 4
478 4
482 8
485 15
486 9
487 5
488 5
490 7
491 9
493 12
494 21
495 5
496 39
497 31
499 8
501 26
502 3
503 7
504 31
506 9
510 15
511 8
512 4
514 4
515 9
519 5
525 7
526 2
527 18
529 9
530 33
531 26
532 8
533 10
534 12
535 11
537 4
538 6
539 13
541 10
543 8
544 5
546 4
547 72
549 8
550 6
551 8
552 5
553 16
554 3
555 8
556 13
558 12
559 6
560 15
562 6
563 4
566 6
567 7
569 12
572 18
575 9
580 9
581 7
582 5
583 8
584 39
586 19
587 5
588 5
589 6
590 19
592 6
593 12
595 3
598 4
602 20
603 25
604 9
606 4
608 30
611 23
612 8
613 4
616 3
618 5
619 5
620 4
621 4
622 7
625 5
628 6
629 6
630 16
631 12
633 4
635 7
636 15
637 17
640 17
641 5
642 10
643 9
645 7
646 6
649 9
651 14
652 3
653 4
654 28
655 11
656 13
658 8
659 10
660 10
661 18
662 8
663 4
665 9
667 6
669 6
670 5
671 14
672 5
674 5
675 7
676 4
677 49
678 24
680 6
681 5
684 11
686 4
687 10
688 6
689 8
690 4
693 4
695 14
696 8
697 3
698 6
700 18
703 19
704 8
706 5
710 27
711 12
713 12
714 6
715 5
716 19
718 10
720 6
721 3
722 19
725 7
726 7
728 4
729 13
730 10
734 10
735 9
736 15
737 8
739 12
743 3
744 6
745 6
746 13
747 11
750 11
752 21
755 4
760 16
761 6
763 4
764 4
766 10
767 13
768 8
769 7
770 3
771 5
772 12
773 12
774 4
775 15
778 6
779 6
780 4
782 18
783 5
784 11
785 11
787 11
790 6
791 6
792 12
794 3
795 16
796 2
797 22
800 7
801 2
802 8
803 5
804 12
805 4
806 12
807 3
809 5
810 3
813 16
815 6
816 4
817 10
818 7
819 13
820 15
821 6
823 7
826 3
828 5
829 5
830 9
831 5
832 5
833 4
834 12
835 6
836 13
837 8
838 44
839 29
841 4
843 6
844 4
845 2
848 6
850 4
855 4
857 9
858 13
859 11
861 11
862 31
863 7
864 8
865 7
866 9
867 15
869 4
870 36
871 6
872 4
874 3
875 8
876 19
877 5
878 4
879 12
880 8
886 8
888 9
889 22
890 4
891 18
892 8
893 12
895 12
896 11
898 8
899 9
903 4
904 8
905 27
907 6
908 6
911 29
912 12
913 6
914 6
916 13
917 9
918 34
919 2
920 13
922 7
923 4
924 9
925 5
928 6
929 3
930 36
931 4
932 11
934 40
935 7
937 38
938 21
940 6
941 16
942 14
946 7
947 5
949 11
950 8
951 4
952 16
954 10
955 9
958 10
959 7
962 4
964 14
965 9
966 14
967 5
968 3
969 12
973 7
976 11
979 9
980 22
981 7
982 4
983 4
985 9
986 33
988 5
989 10
990 10
991 5
992 6
994 5
996 8
997 13
998 13
999 11
1000 8
1001 14
1002 5
1003 22
1004 6
1005 14
1006 5
1007 11
1008 12
1009 27
1010 7
1011 4
1013 16
1014 68
1017 4
1018 22
1019 8
1021 3
1022 4
1023 9
1024 5
1027 9
1028 4
1029 7
1030 4
1031 7
1032 21
1033 24
1034 13
1035 4
1036 4
1037 6
1039 18
1041 5
1042 11
1043 4
1044 40
1046 5
1049 5
1050 17
1051 5
1053 34
1055 29
1056 9
1059 13
1062 17
1063 5
1064 3
1065 3
1066 3
1067 10
1069 8
1072 35
1073 9
1074 10
1075 11
1076 9
1077 16
1078 42
1079 9
1080 3
1081 21
1082 6
1085 5
1086 10
1088 5
1090 14
1091 5
1092 4
1093 3
1094 15
1095 5
1096 4
1098 18
1101 14
1102 6
1103 9
1106 6
1107 8
1108 4
1109 25
1111 3
1113 4
1114 5
1115 7
1116 16
1117 4
1118 8
1119 3
1120 9
1124 13
1125 19
1126 30
1128 7
1129 16
1131 5
1132 3
1134 13
1136 17
1137 11
1138 21
1139 4
1140 19
1143 6
1144 14
1149 4
1151 6
1152 7
1153 21
1154 2
1156 4
1158 4
1160 4
1161 5
1162 24
1163 5
1165 5
1166 11
1167 14
1168 6
1170 4
1171 4
1172 5
1173 7
1176 5
1177 9
1178 4
1181 16
1182 5
1185 31
1186 22
1187 15
1188 3
1189 10
1190 13
1192 10
1193 7
1194 5
1195 3
1196 33
1198 17
1199 32
1201 5
1203 25
1204 3
1205 25
1206 13
1207 17
1208 5
1209 6
1210 93
1211 20
1212 4
1214 18
1215 4
1218 8
1219 7
1220 12
1222 10
1223 6
1224 6
1225 4
1229 49
1231 27
1232 8
1237 5
1238 13
1239 12
1240 23
1244 20
1247 3
1248 19
1249 4
1250 4
1251 7
1252 32
1253 22
1255 4
1256 6
1257 40
1259 11
1261 5
1265 13
1266 42
1267 5
1268 9
1269 8
1272 54
1273 8
1274 8
1276 10
1277 6
1278 41
1281 10
1282 5
1283 3
1285 5
1286 13
1287 4
1288 9
1289 9
1290 29
1291 4
1292 5
1294 7
1296 21
1301 6
1303 5
1304 9
1305 8
1307 9
1309 5
1310 5
1311 19
1312 9
1313 6
1315 20
1317 6
1321 15
1322 27
1325 9
1327 15
1329 4
1330 3
1331 5
1334 4
1335 6
1336 3
1339 7
1340 3
1341 10
1342 17
1343 4
1347 20
1349 5
1350 3
1351 12
1353 35
1355 16
1356 5
1359 6
1360 12
1361 76
1363 10
1364 13
1365 5
1366 11
1368 6
1369 11
1371 4
1372 4
1374 6
1376 6
1380 9
1382 13
1383 14
1384 6
1385 6
1388 4
1389 10
1391 5
1392 9
1394 9
1396 7
1397 12
1398 4
1399 18
1400 28
1401 6
1402 7
1403 7
1404 7
1405 4
1407 4
1408 6
1409 10
1410 4
1411 6
1413 26
1414 72
1415 5
1417 10
1418 7
1420 14
1421 5
1423 6
1424 4
1430 12
1431 4
1432 7
1433 8
1436 4
1437 20
1439 7
1441 10
1442 11
1443 7
1446 20
1447 7
1448 7
1449 6
1450 7
1451 8
1453 13
1454 17
1455 6
1456 4
1457 6
1458 10
1460 6
1462 12
1463 11
1464 2
1465 4
1468 3
1469 16
1470 4
1473 6
1475 11
1477 15
1480 4
1481 16
1483 5
1485 10
1486 7
1487 5
1488 4
1489 13
1490 5
1491 4
1493 10
1494 10
1495 32
1496 9
1497 6
1498 18
1500 4
1501 4
1502 4
1504 22
1506 22
1507 16
1508 6
1509 25
1510 69
1514 8
1515 7
1516 48
1517 4
1518 15
1519 5
1520 12
1521 18
1522 10
1523 5
1524 4
1525 18
1526 6
1527 12
1530 5
1531 15
1532 4
1533 5
1535 7
1538 3
1540 18
1542 20
1543 11
1545 11
1548 9
1549 3
1550 5
1551 2
1552 27
1554 15
1556 17
1558 3
1559 10
1560 5
1561 18
1563 15
1564 11
1565 14
1567 5
1569 13
1572 4
1573 5
1574 87
1575 13
1577 8
1579 4
1581 33
1582 4
1583 5
1585 3
1586 4
1587 7
1590 17
1591 4
1592 4
1595 11
1596 7
1598 12
1599 9
1600 19
1601 14
1602 13
1604 3
1606 7
1607 10
1608 24
1610 9
1611 4
1612 4
1615 9
1616 4
1617 14
1620 6
1621 6
1623 12
1625 16
1627 4
1629 21
1630 12
1631 6
1632 29
1634 21
1635 6
1636 5
1637 16
1638 15
1639 8
1640 7
1643 5
1644 17
1645 7
1646 12
1647 10
1648 3
1649 11
1650 17
1651 4
1653 11
1657 3
1659 6
1660 4
1661 12
1662 6
1664 7
1665 11
1666 8
1668 8
1669 46
1671 4
1672 13
1673 11
1674 5
1677 5
1680 3
1681 6
1682 7
1683 4
1686 5
1688 7
1690 9
1691 7
1692 17
1693 4
1694 9
1695 22
1696 3
1698 7
1699 7
1703 9
1704 7
1706 10
1708 6
1709 6
1710 6
1713 3
1715 14
1716 7
1717 4
1719 26
1720 5
1721 7
1722 14
1723 20
1724 7
1725 8
1726 4
1727 13
1728 14
1731 8
1733 9
1735 29
1737 3
1738 3
1741 5
1742 10
1743 5
1744 14
1745 8
1747 3
1748 9
1750 9
1752 8
1753 5
1755 6
1756 19
1757 3
1760 4
1761 22
1763 7
1764 6
1766 6
1767 31
1768 6
1770 14
1772 11
1773 15
1774 13
1776 9
1777 19
1779 6
1781 3
1782 5
1783 26
1784 4
1785 3
1786 8
1790 10
1791 4
1792 4
1794 7
1795 5
1796 4
1798 25
1799 3
1800 27
1802 27
1804 4
1806 22
1807 21
1808 9
1809 5
1811 8
1814 5
1816 11
1817 6
1818 5
1819 44
1820 14
1821 4
1822 3
1823 12
1824 4
1825 3
1826 18
1827 2
1828 5
1829 8
1830 7
1832 14
1836 28
1839 4
1840 8
1841 10
1842 26
1846 21
1847 6
1848 4
1851 18
1857 4
1859 5
1861 5
1863 16
1864 27
1865 10
1868 5
1869 3
1873 5
1874 10
1875 5
1876 27
1877 5
1878 8
1879 16
1882 8
1883 4
1884 7
1885 7
1888 8
1889 6
1891 12
1892 6
1893 5
1894 4
1895 4
1898 16
1900 8
1901 4
1904 6
1905 7
1906 5
1907 4
1909 13
1911 43
1913 5
1917 9
1918 3
1921 18
1922 9
1925 4
1926 4
1928 6
1929 13
1930 4
1931 6
1934 6
1935 14
1936 4
1938 4
1942 30
1944 8
1945 4
1946 6
1947 7
1948 6
1949 6
1950 5
1952 10
1953 5
1955 8
1957 8
1958 5
1960 4
1967 9
1968 7
1969 9
1971 6
1972 4
1973 4
1974 20
1975 5
1976 11
1981 12
1982 8
1983 15
1984 5
1985 24
1986 8
1987 5
1989 5
1990 19
1992 4
1993 45
1994 8
1995 4
1998 8
2001 17
2002 6
2004 6
2005 18
2006 15
2007 7
2011 13
2013 10
2014 6
2015 4
2016 5
2019 16
2021 14
2022 12
2023 15
2024 4
2025 8
2030 13
2031 10
2032 18
2033 3
2034 12
2035 6
2036 9
2037 5
2038 6
2039 4
2040 14
2041 34
2042 4
2044 10
2046 16
2048 9
2050 23
2052 3
2053 6
2056 28
2057 8
2058 7
2059 8
2060 5
2061 11
2065 11
2066 7
2068 7
2074 8
2078 3
2081 4
2082 5
2083 13
2084 14
2085 9
2087 8
2089 58
2090 9
2091 3
2092 12
2095 22
2097 43
2099 4
2101 13
2102 10
2104 18
2105 7
2106 10
2108 4
2109 16
2112 11
2113 13
2114 18
2115 7
2117 7
2118 6
2119 4
2120 12
2121 3
2123 11
2125 5
2126 7
2127 7
2129 6
2130 6
2131 7
2133 14
2135 9
2136 8
2138 8
2139 4
2140 17
2141 3
2143 21
2145 27
2146 5
2147 9
2149 8
2150 4
2152 6
2153 9
2154 11
2156 5
2157 6
2158 9
2160 18
2162 5
2164 15
2166 4
2167 5
2168 5
2169 5
2171 10
2176 5
2177 6
2179 16
2180 6
2181 3
2182 5
2190 13
2192 5
2197 8
2198 4
2199 7
2201 5
2203 26
2204 6
2206 8
2207 3
2209 3
2210 16
2212 12
2213 5
2214 7
2215 6
2217 20
2218 7
2219 14
2220 7
2221 7
2222 9
2224 7
2226 41
2228 20
2229 6
2230 11
2231 4
2232 5
2233 18
2234 20
2235 28
2237 5
2238 23
2242 22
2243 7
2244 27
2245 5
2246 4
2250 2
2251 8
2253 14
2254 11
2255 15
2257 4
2258 4
2259 6
2261 13
2262 4
2265 19
2266 11
2269 8
2270 2
2271 5
2273 4
2275 10
2278 4
2279 2
2280 4
2284 6
2285 11
2287 4
2289 13
2291 45
2292 9
2293 10
2295 4
2296 10
2298 6
2299 10
2302 19
2303 68
2304 14
2305 10
2306 4
2307 6
2308 13
2309 4
2311 4
2312 11
2313 16
2315 22
2316 5
2318 6
2321 19
2322 6
2323 9
2324 4
2325 6
2327 9
2328 9
2329 9
2332 14
2333 7
2335 12
2337 5
2338 16
2339 26
2341 4
2342 12
2343 7
2344 6
2346 16
2348 4
2352 3
2353 9
2355 12
2356 29
2357 4
2359 6
2360 8
2361 13
2362 3
2363 5
2364 7
2366 12
2367 4
2368 5
2370 10
2371 4
2372 7
2374 16
2375 4
2376 26
2378 6
2379 11
2380 10
2381 27
2382 24
2383 14
2385 7
2386 34
2387 18
2391 7
2392 4
2393 12
2394 6
2395 14
2399 6
2401 9
2402 5
2404 6
2405 6
2406 23
2407 4
2408 10
2409 5
2410 62
2412 15
2414 7
2415 7
2417 7
2418 25
2419 8
2420 5
2421 7
2423 9
2425 9
2427 4
2429 21
2430 6
2431 9
2432 4
2433 14
2434 38
2435 6
2436 4
2437 5
2438 7
2439 7
2440 16
2441 11
2442 5
2443 5
2444 38
2445 8
2446 5
2447 7
2448 4
2449 7
2451 15
2452 7
2453 9
2454 20
2455 6
2458 8
2459 8
2460 5
2461 13
2462 6
2463 15
2464 5
2466 8
2467 90
2468 21
2469 34
2470 9
2471 21
2473 7
2475 5
2476 14
2477 8
2478 8
2479 25
2480 5
2481 11
2482 5
2483 10
2484 21
2485 11
2486 8
2487 18
2488 4
2489 4
2490 6
2491 5
2492 4
2493 7
2494 9
2495 8
2496 6
2497 6
2498 25
2499 5
2500 17
2502 2
2505 17
2506 9
2507 8
2510 26
2511 8
2513 4
2514 5
2517 4
2519 11
2521 6
2522 8
2524 8
2526 3
2528 3
2530 6
2531 26
2532 7
2533 17
2534 2
2535 6
2536 12
2537 4
2541 15
2542 3
2543 6
2544 37
2545 14
2546 3
2549 9
2550 21
2551 3
2552 13
2553 14
2555 7
2556 9
2557 8
2558 3
2559 9
2561 8
2564 12
2565 8
2566 10
2569 6
2570 5
2571 5
2573 7
2574 13
2576 7
2579 14
2583 16
2584 28
2586 20
2587 5
2589 9
2590 6
2591 3
2592 12
2595 6
2596 10
2599 6
2601 4
2602 8
2603 6
2604 7
2605 4
2608 4
2609 5
2610 3
2611 11
2614 24
2615 17
2616 11
2618 13
2619 17
2620 7
2621 5
2622 10
2624 7
2625 6
2627 6
2628 11
2629 9
2632 9
2634 9
2635 12
2636 5
2637 5
2638 4
2640 15
2641 12
2642 4
2643 3
2646 6
2647 34
2650 5
2653 5
2654 5
2655 3
2658 4
2659 10
2660 6
2661 4
2664 22
2665 6
2668 5
2670 5
2671 9
2672 5
2674 5
2675 9
2676 18
2679 24
2680 34
2681 4
2682 4
2683 6
2684 2
2685 5
2687 12
2688 13
2689 9
2690 12
2691 13
2693 4
2694 9
2696 7
2697 4
2699 19
2700 13
2701 7
2702 5
2703 9
2706 6
2709 6
2713 19
2716 17
2717 5
2720 7
2721 10
2723 20
2724 8
2725 11
2726 13
2727 9
2729 8
2730 9
2731 15
2732 4
2734 5
2735 4
2736 8
2741 9
2742 9
2743 14
2744 8
2745 8
2746 20
2747 26
2748 4
2749 5
2753 4
2754 9
2757 5
2758 20
2759 11
2760 3
2761 8
2763 14
2764 2
2767 7
2771 4
2772 5
2773 5
2774 20
2775 4
2776 7
2777 4
2779 4
2780 5
2782 9
2784 4
2789 6
2790 6
2792 5
2793 9
2795 12
2796 7
2798 15
2802 32
2804 3
2806 4
2808 12
2811 4
2812 19
2813 11
2814 11
2818 18
2819 7
2820 5
2824 12
2825 5
2826 5
2827 4
2830 6
2831 20
2832 18
2833 4
2835 6
2836 6
2838 4
2839 11
2840 24
2841 12
2842 4
2844 11
2845 11
2846 4
2847 5
2848 11
2849 26
2850 8
2851 6
2852 3
2853 6
2854 13
2857 20
2859 20
2861 35
2862 7
2863 6
2864 8
2865 18
2866 5
2867 8
2868 8
2870 6
2873 18
2874 4
2876 45
2878 16
2881 15
2882 8
2884 4
2886 28
2887 5
2889 11
2890 23
2891 12
2892 6
2893 5
2894 5
2895 8
2896 22
2897 9
2901 17
2903 2
2904 10
2907 4
2908 15
2911 15
2912 14
2914 5
2915 14
2916 129
2917 4
2918 4
2919 13
2920 4
2921 11
2922 7
2923 9
2924 9
2925 12
2926 9
2927 4
2928 4
2931 8
2932 5
2933 19
2934 12
2935 8
2936 19
2938 28
2939 42
2940 4
2943 8
2944 5
2946 8
2948 4
2949 8
2951 10
2952 8
2953 6
2954 21
2955 4
2956 20
2957 9
2959 10
2960 8
2961 6
2962 9
2964 7
2966 14
2968 9
2970 3
2971 14
2972 10
2973 3
2974 14
2978 11
2979 4
2981 5
2982 15
2983 18
2984 9
2985 8
2987 14
2989 8
2990 3
2991 10
2993 7
2994 7
2996 10
2998 9
2999 8
3000 3
3001 4
3003 59
3004 16
3007 9
3008 5
3011 8
3013 6
3014 12
3016 19
3017 11
3018 7
3019 3
3020 8
3022 5
3023 19
3024 23
3025 5
3027 11
3028 13
3029 4
3030 7
3031 6
3032 5
3033 13
3034 4
3035 6
3036 9
3037 7
3038 9
3041 10
3044 13
3045 17
3047 7
3048 6
3049 6
3051 5
3052 4
3053 6
3056 3
3057 31
3058 28
3059 5
3061 8
3062 2
3063 8
3064 8
3065 14
3066 6
3067 8
3068 6
3069 4
3071 7
3072 8
3074 4
3075 7
3078 4
3079 9
3080 5
3081 22
3082 3
3083 4
3085 14
3086 6
3087 6
3088 5
3089 5
3091 10
3092 10
3094 4
3095 34
3096 36
3097 5
3098 8
3100 33
3101 9
3102 14
3104 12
3105 15
3106 4
3107 7
3108 4
3110 65
3111 5
3112 58
3113 50
3114 37
3115 45
3116 41
3117 92
3118 26
3119 23
3120 308
3121 24
3122 25
3123 14
3124 58
3125 5
3126 5
3127 12
3128 7
3129 17
3130 9
3133 48
3134 6
3136 13
3138 8
3139 7
3140 8
3141 32
3143 40
3144 10
3145 4
3146 4
3147 9
3149 4
3150 15
3152 6
3153 8
3155 15
3156 13
3158 2
3160 6
3161 9
3162 8
3164 17
3165 19
3166 6
3167 8
3168 22
3169 1
3172 53
3173 16
3174 21
3176 4
3178 11
3180 4
3181 3
3182 7
3183 3
3184 13
3185 11
3187 27
3189 22
3191 6
3192 5
3193 11
3194 7
3195 12
3196 15
3198 43
3199 6
3202 5
3203 6
3204 9
3205 7
3206 6
3207 13
3208 32
3209 7
3210 11
3211 10
3212 10
3213 8
3215 8
3216 11
3218 4
3219 4
3220 19
3221 4
3222 8
3224 6
3225 7
3226 4
3227 5
3228 3
3229 36
3230 8
3231 27
3233 15
3234 11
3236 11
3237 63
3239 12
3240 12
3241 5
3242 5
3243 72
3244 16
3245 6
3246 13
3247 5
3248 15
3249 5
3252 5
3253 3
3254 4
3255 8
3256 28
3257 9
3259 22
3260 13
3261 9
3262 5
3263 4
3264 8
3265 7
3266 4
3267 21
3269 11
3270 14
3272 3
3273 7
3274 55
3275 5
3276 1
3277 4
3279 3
3280 18
3281 9
3282 12
3284 2
3287 4
3288 4
3289 8
3290 13
3291 14
3292 11
3294 4
3295 5
3297 9
3298 9
3300 14
3301 4
3303 8
3304 13
3305 3
3306 4
3307 10
3309 8
3310 5
3311 4
3312 21
3313 12
3314 6
3315 13
3316 9
3317 6
3318 8
3319 2
3321 11
3322 11
3323 39
3324 9
3325 5
3326 9
3327 6
3331 9
3332 8
3333 15
3334 4
3335 22
3336 7
3337 15
3338 17
3340 16
3341 5
3342 9
3343 4
3344 17
3346 7
3347 6
3348 49
3350 20
3351 18
3352 25
3353 24
3355 5
3357 9
3359 23
3360 18
3361 9
3363 13
3364 17
3365 4
3366 9
3367 17
3368 5
3371 8
3373 9
3375 6
3376 6
3377 12
3378 3
3379 7
3380 6
3382 13
3384 3
3385 6
3386 7
3387 4
3388 30
3389 24
3390 11
3391 5
3392 8
3393 15
3394 5
3396 15
3397 6
3399 9
3400 5
3401 5
3403 12
3404 7
3405 9
3408 3
3409 14
3410 13
3411 4
3412 18
3413 5
3414 6
3417 5
3418 8
3419 7
3420 15
3422 19
3423 7
3424 12
3425 10
3426 5
3428 4
3429 4
3430 11
3431 15
3432 5
3433 19
3436 11
3437 13
3438 7
3439 18
3440 5
3441 4
3442 24
3443 10
3444 4
3445 35
3447 10
3450 31
3452 6
3453 6
3454 4
3455 12
3456 13
3457 8
3458 9
3459 7
3460 5
3462 5
3463 14
3464 28
3465 14
3466 10
3467 5
3469 21
3470 7
3472 13
3473 10
3474 18
3475 5
3476 32
3477 13
3478 7
3479 15
3480 7
3481 4
3483 11
3484 8
3485 28
3486 12
3487 18
3488 6
3489 14
3490 24
3491 17
3492 23
3493 5
3494 6
3495 12
3496 19
3497 17
3498 27
3499 14
3500 63
3502 10
3503 3
3504 15
3505 5
3506 4
3507 21
3509 10
3510 5
3513 11
3514 4
3516 4
3517 9
3518 19
3519 95
3522 24
3523 4
3525 20
3526 27
3527 2
3529 6
3530 36
3531 14
3532 4
3533 5
3534 5
3535 10
3536 5
3537 5
3538 12
3539 6
3540 19
3541 159
3542 15
3543 4
3544 16
3545 7
3546 17
3547 3
3548 23
3550 20
3552 20
3553 15
3554 9
3555 3
3556 4
3557 4
3559 3
3560 20
3562 10
3563 4
3565 12
3566 11
3567 8
3568 7
3569 49
3571 30
3573 6
3574 10
3576 4
3580 12
3581 8
3582 3
3585 4
3586 71
3587 7
3588 17
3589 48
3590 54
3591 4
3592 19
3593 19
3594 5
3595 4
3596 19
3597 14
3598 15
3599 64
3600 5
3601 10
3602 17
3605 34
3606 4
3609 4
3610 22
3614 15
3615 4
3616 57
3618 4
3619 9
3620 13
3622 15
3623 7
3626 10
3627 7
3628 4
3629 20
3630 28
3632 25
3633 32
3637 4
3638 8
3639 5
3640 13
3641 4
3642 8
3643 4
3644 29
3646 12
3647 12
3648 4
3649 20
3650 12
3651 8
3652 17
3653 16
3654 30
3655 7
3656 14
3657 5
3658 17
3660 3
3662 17
3663 6
3664 11
3665 4
3666 3
3667 26
3668 17
3670 11
3671 17
3673 8
3675 7
3676 7
3677 4
3678 11
3679 8
3680 16
3682 22
3683 20
3684 5
3685 14
3686 6
3687 39
3688 35
3689 16
3691 22
3692 7
3693 3
3694 6
3697 7
3700 39
3701 4
3702 7
3703 28
3704 4
3705 7
3706 14
3707 6
3708 5
3709 10
3710 8
3711 14
3712 3
3713 13
3714 6
3715 6
3716 20
3718 11
3719 13
3720 10
3721 30
3722 11
3724 5
3726 29
3727 3
3728 3
3729 17
3732 19
3733 22
3735 14
3736 5
3737 19
3738 27
3739 13
3740 5
3741 3
3742 11
3743 4
3744 7
3745 26
3746 9
3747 4
3748 29
3749 17
3750 13
3751 23
3753 15
3755 7
3757 3
3761 9
3762 142
3763 7
3764 14
3765 15
3766 19
3767 7
3769 8
3770 23
3771 25
3772 9
3773 6
3774 10
3778 4
3779 10
3781 150
3784 6
3785 6
3786 73
3787 26
3789 12
3791 58
3792 65
3793 19
3794 21
3795 4
3796 48
3797 92
3799 12
3801 30
3802 32
3803 61
3804 32
3805 5
3806 45
3807 105
3809 358
3810 22
3811 13
3812 5
3813 9
3814 7
3815 23
3816 8
3818 8
3819 6
3820 8
3821 14
3822 34
3823 96
3824 10
3825 61
3826 10
3827 6
3828 32
3829 32
3830 6
3831 23
3832 14
3833 10
3834 15
3835 84
3836 16
3837 82
3838 5
3840 61
3841 8
3842 41
3844 28
3845 5
3846 36
3847 29
3848 6
3849 7
3850 22
3851 12
3853 12
3854 4
3856 20
3857 15
3858 30
3859 33
3860 19
3861 36
3862 25
3863 23
3864 11
3865 43
3866 15
3867 9
3868 11
3869 17
3870 40
3871 9
3873 37
3874 14
3875 4
3876 14
3877 97
3878 19
3879 28
3880 37
3881 26
3882 6
3883 16
3884 23
3885 18
3886 37
3887 63
3888 6
3889 28
3890 13
3891 5
3892 4
3893 60
3894 4
3895 4
3896 21
3897 12
3898 10
3899 10
3900 41
3901 15
3902 12
3903 25
3904 43
3906 8
3907 19
3908 16
3909 6
3910 6
3911 70
3912 7
3913 10
3914 19
3915 10
3916 23
3918 15
3919 11
3920 7
3921 24
3922 19
3923 29
3924 34
3925 14
3926 42
3927 81
3928 13
3929 12
3930 99
3931 15
3932 57
3933 26
3934 21
3935 70
3936 28
3937 15
3938 78
3939 14
3940 51
3941 46
3942 24
3943 5
3944 38
3945 31
3946 24
3947 9
3948 7
3949 4
3950 3
3951 5
3952 7
3954 13
3955 9
3958 10
3959 8
3960 15
3961 21
3962 7
3963 22
3964 13
3966 33
3968 12
3969 9
3970 30
3971 7
3972 6
3973 26
3974 10
3975 27
3976 6
3977 4
3978 10
3979 14
3980 13
3981 15
3982 10
3983 7
3984 15
3985 11
3986 13
3987 46
3988 7
3990 8
3991 4
3992 21
3993 5
3994 17
3995 69
3996 4
3997 4
3998 5
3999 13
4001 13
4002 31
4003 4
4004 12
4005 5
4006 54
4007 49
4008 23
4010 5
4011 10
4012 5
4013 16
4014 77
4015 39
4016 9
4017 7
4018 4
4019 24
4020 13
4021 22
4023 39
4024 14
4025 21
4027 14
4029 8
4031 15
4033 5
4034 19
4035 17
4036 15
4038 6
4039 8
4040 4
4041 16
4042 5
4043 3
4046 7
4047 50
4049 86
4050 30
4051 15
4052 29
4053 14
4055 44
4056 5
4057 46
4058 25
4059 7
4060 18
4061 44
4062 4
4063 13
4064 9
4065 5
4066 7
4067 4
4070 7
4071 6
4072 7
4074 6
4075 5
4076 43
4077 4
4078 21
4079 14
4081 3
4082 6
4083 9
4084 7
4085 7
4086 4
4087 14
4088 6
4090 4
4092 9
4093 9
4095 5
4096 3
4097 16
4098 10
4100 7
4101 13
4104 8
4105 6
4107 9
4109 4
4111 9
4112 4
4113 17
4114 3
4116 13
4119 17
4120 7
4121 14
4123 10
4125 21
4128 5
4129 6
4131 13
4132 4
4133 6
4134 12
4135 10
4137 11
4138 6
4140 8
4141 17
4143 4
4144 8
4145 13
4146 7
4147 4
4148 8
4150 14
4151 6
4152 10
4155 15
4156 11
4157 11
4158 6
4159 5
4160 15
4161 6
4164 21
4166 20
4167 13
4168 14
4170 1
4171 15
4173 8
4174 167
4175 7
4176 12
4177 8
4178 16
4179 4
4180 12
4181 6
4183 5
4184 10
4185 5
4186 50
4187 5
4188 11
4189 244
4191 20
4192 9
4193 36
4194 5
4195 29
4196 49
4197 5
4198 21
4199 9
4200 23
4201 11
4202 17
4203 43
4204 28
4205 8
4206 9
4207 56
4208 20
4209 72
4210 24
4211 5
4212 23
4213 50
4214 13
4215 8
4216 13
4217 10
4218 8
4219 13
4220 7
4221 5
4222 7
4223 7
4224 37
4225 18
4226 4
4227 16
4228 12
4230 29
4231 6
4237 32
4239 33
4240 26
4241 32
4242 5
4243 4
4244 15
4245 78
4246 60
4247 19
4248 21
4249 5
4250 44
4251 14
4252 10
4253 23
4254 35
4255 10
4256 15
4257 38
4258 13
4260 34
4261 13
4262 55
4263 38
4264 13
4265 61
4266 8
4267 92
4268 7
4269 8
4270 4
4271 7
4272 8
4273 13
4274 17
4275 50
4276 72
4277 18
4278 31
4279 93
4280 18
4281 25
4282 12
4283 81
4284 67
4285 17
4286 26
4287 6
4288 8
4289 10
4290 7
4291 11
4292 8
4293 29
4294 27
4295 12
4296 9
4297 30
4298 24
4299 27
4300 24
4302 37
4303 15
4304 9
4305 23
4306 22
4307 35
4308 1
4310 8
4311 6
4312 4
4313 6
4314 4
4317 8
4318 2
4320 28
4321 4
4323 34
4324 4
4326 5
4327 4
4328 2
4329 12
4330 5
4331 7
4333 6
4334 4
4336 8
4337 7
4338 6
4339 4
4340 4
4344 4
4345 11
4346 9
4347 6
4348 6
4353 4
4354 7
4356 2
4358 19
4360 6
4361 7
4362 5
4363 5
4364 5
4366 5
4369 4
4370 11
4371 9
4372 14
4375 5
4376 4
4377 12
4378 13
4379 4
4380 3
4381 4
4384 4
4385 6
4386 6
4387 10
4391 8
4395 6
4396 10
4397 5
4398 6
4401 4
4402 3
4403 9
4405 6
4407 5
4408 7
4412 14
4413 31
4415 3
4417 9
4418 4
4419 12
4420 5
4421 3
4422 5
4426 9
4428 7
4429 5
4430 4
4433 5
4434 6
4435 9
4441 4
4443 4
4444 3
4446 7
4448 4
4450 8
4451 14
4452 10
4453 22
4462 8
4464 2
4465 3
4468 3
4469 25
4471 12
4472 3
4474 4
4477 4
4478 6
4479 12
4482 3
4486 5
4487 4
4488 4
4489 7
4493 4
4495 3
4496 6
4497 5
4498 6
4502 10
4503 8
4505 3
4506 5
4507 4
4508 10
4509 5
4510 4
4511 5
4514 11
4515 4
4516 8
4517 4
4518 3
4519 4
4522 7
4524 5
4525 8
4527 10
4533 8
4535 7
4536 12
4539 4
4542 4
4543 11
4544 7
4545 5
4546 11
4547 3
4548 24
4549 4
4553 5
4554 44
4555 13
4556 6
4557 7
4559 9
4560 9
4561 12
4562 4
4563 6
4564 3
4565 4
4566 8
4568 3
4570 9
4571 9
4572 4
4576 4
4577 5
4578 6
4579 11
4581 12
4583 7
4584 10
4585 21
4589 3
4591 6
4592 4
4594 3
4596 10
4598 3
4599 12
4600 11
4601 16
4602 6
4605 6
4606 8
4608 5
4611 4
4614 3
4615 8
4617 7
4618 15
4620 10
4621 11
4622 9
4623 9
4624 7
4625 5
4628 8
4629 5
4630 14
4633 27
4636 8
4638 4
4640 7
4642 32
4643 4
4644 19
4646 5
4647 10
4648 7
4650 8
4651 13
4653 5
4654 4
4655 5
4656 6
4658 21
4659 6
4660 6
4661 10
4662 6
4664 8
4669 25
4670 16
4671 4
4672 9
4673 7
4675 15
4676 8
4678 7
4679 6
4680 9
4681 6
4682 16
4683 6
4684 3
4685 12
4687 5
4689 7
4691 9
4692 4
4693 35
4694 4
4695 10
4696 4
4697 9
4698 14
4699 10
4700 86
4701 5
4702 4
4704 33
4705 15
4706 11
4707 15
4708 10
4709 31
4710 15
4711 7
4712 15
4713 12
4714 6
4715 19
4716 32
4717 7
4718 17
4719 20
4720 23
4721 6
4722 15
4723 4
4724 29
4725 8
4726 26
4727 6
4728 9
4729 16
4730 21
4731 12
4732 13
4733 32
4734 12
4735 7
4736 17
4737 16
4738 11
4739 4
4740 5
4741 22
4742 23
4743 10
4744 16
4745 20
4746 18
4747 24
4748 18
4749 10
4750 96
4751 16
4752 8
4753 23
4754 27
4755 7
4756 20
4757 45
4758 23
4759 14
4760 5
4761 6
4762 13
4763 34
4764 29
4765 7
4766 26
4767 19
4768 22
4769 38
4770 19
4771 6
4772 9
4773 14
4774 5
4775 15
4776 32
4778 19
4779 36
4780 6
4781 35
4783 45
4784 19
4785 7
4786 53
4787 9
4788 6
4789 46
4790 15
4791 16
4792 13
4793 8
4794 14
4795 31
4799 10
4800 53
4801 36
4802 49
4803 6
4804 71
4805 26
4806 5
4807 36
4809 9
4810 56
4811 124
4812 9
4813 110
4814 6
4815 24
4816 43
4817 58
4818 12
4819 10
4820 38
4821 24
4823 12
4824 13
4825 31
4826 38
4827 4
4828 5
4829 13
4830 4
4831 89
4832 35
4833 57
4834 33
4835 146
4836 97
4837 76
4838 80
4839 21
4840 6
4841 15
4842 91
4843 127
4844 121
4845 62
4846 5
4847 17
4848 68
4849 39
4850 98
4851 154
4852 59
4853 24
4854 15
4855 9
4856 17
4857 84
4858 42
4859 70
4860 4
4861 6
4862 65
4863 30
4864 26
4865 9
4866 71
4867 6
4868 68
4869 12
4870 8
4871 9
4872 54
4873 10
4874 34
4875 17
4876 46
4877 81
4878 6
4879 63
4880 47
4881 38
4882 82
4883 8
4884 16
4885 33
4886 7
4887 13
4888 12
4889 35
4890 111
4891 78
4892 18
4893 13
4894 8
4895 35
4896 35
4897 33
4898 10
4899 17
4900 48
4901 168
4902 6
4903 23
4905 7
4906 14
4907 19
4908 14
4911 11
4912 26
4913 43
4914 6
4915 54
4916 47
4917 22
4918 14
4919 27
4920 60
4921 9
4922 10
4923 7
4924 17
4925 20
4926 18
4928 33
4929 16
4930 12
4931 15
4932 41
4933 12
4934 12
4935 15
4937 8
4938 4
4939 5
4940 96
4941 11
4942 4
4943 6
4944 9
4945 15
4946 59
4947 5
4948 8
4949 4
4950 29
4951 15
4952 29
4954 17
4955 7
4957 41
4958 6
4959 10
4960 8
4963 16
4964 5
4965 3
4966 18
4967 7
4968 45
4969 11
4970 10
4971 13
4972 107
4973 11
4974 15
4976 7
4978 17
4979 22
4980 15
4981 25
4982 11
4983 11
4984 43
4985 7
4986 19
4987 5
4988 23
4989 14
4990 6
4991 27
4992 111
4993 5
4995 18
4996 4
4997 6
4998 5
4999 18
5000 12
5001 21
5002 5
5003 13
5004 8
5005 18
5006 18
5007 99
5008 85
5009 17
5010 12
5011 13
5012 4
5013 7
5014 8
5015 4
5016 26
5017 13
5018 13
5019 23
5020 6
5021 6
5022 7
5023 4
5024 9
5026 4
5027 11
5028 46
5029 10
5030 9
5032 32
5033 7
5034 8
5035 6
5036 11
5037 9
5039 14
5040 22
5041 4
5043 12
5045 29
5046 9
5047 10
5048 4
5049 10
5050 5
5051 5
5052 12
5053 35
5054 12
5055 5
5056 9
5057 25
5058 20
5059 5
5061 5
5062 188
5063 4
5064 7
5065 59
5066 4
5067 7
5068 7
5069 9
5070 40
5071 22
5072 14
5074 6
5075 36
5076 6
5077 25
5078 12
5079 12
5080 15
5081 12
5082 27
5083 4
5084 17
5085 5
5086 5
5087 4
5088 3
5089 19
5092 9
5093 10
5095 11
5096 10
5097 6
5099 6
5100 7
5101 8
5103 6
5104 4
5106 17
5107 5
5108 10
5109 13
5110 9
5111 17
5113 22
5114 7
5115 15
5116 46
5117 15
5118 28
5119 35
5120 6
5121 5
5123 15
5124 6
5125 4
5126 12
5127 67
5128 12
5129 31
5130 35
5131 37
5133 5
5137 19
5138 5
5139 7
5140 6
5141 7
5142 9
5143 4
5146 15
5147 11
5149 6
5151 7
5153 8
5156 22
5159 3
5160 7
5161 9
5163 7
5164 8
5165 9
5168 7
5171 4
5172 9
5173 6
5174 3
5175 19
5176 80
5178 3
5180 8
5183 5
5186 5
5187 6
5188 25
5189 18
5190 11
5191 7
5192 5
5193 4
5194 4
5196 22
5197 33
5198 75
5199 21
5200 9
5201 34
5203 6
5204 15
5205 7
5206 12
5207 39
5208 17
5209 38
5210 10
5211 10
5213 9
5214 8
5215 37
5216 23
5217 13
5218 11
5219 16
5220 31
5221 10
5224 12
5225 27
5226 4
5228 8
5229 3
5230 4
5232 15
5236 10
5237 6
5238 4
5240 11
5241 8
5242 5
5243 29
5248 25
5249 52
5250 5
5251 30
5252 79
5253 36
5254 16
5255 30
5256 2
5257 36
5258 50
5259 35
5260 26
5261 35
5262 6
5263 10
5264 24
5265 20
5266 14
5267 9
5268 8
5270 9
5272 4
5273 14
5274 6
5275 12
5277 4
5278 18
5279 11
5280 5
5281 6
5282 10
5284 5
5286 16
5287 8
5290 5
5293 8
5294 15
5295 6
5296 3
5297 15
5300 25
5302 5
5305 82
5306 28
5307 17
5308 17
5309 16
5310 28
5311 61
5312 7
5314 19
5315 46
5316 42
5317 8
5318 4
5319 36
5320 16
5321 6
5322 7
5323 30
5325 33
5326 6
5327 15
5328 17
5329 21
5330 33
5331 4
5332 15
5333 13
5334 8
5335 6
5336 6
5337 27
5338 38
5339 49
5340 5
5341 10
5342 37
5343 24
5344 43
5345 38
5347 20
5349 40
5350 23
5351 45
5352 6
5353 15
5355 5
5356 11
5357 11
5358 31
5359 54
5360 19
5361 18
5362 15
5363 27
5364 30
5365 9
5367 24
5368 5
5369 33
5370 77
5371 36
5372 44
5373 8
5374 31
5375 23
5376 15
5377 13
5378 7
5381 58
5383 27
5384 7
5385 33
5386 35
5387 37
5388 51
5389 15
5391 22
5393 12
5394 21
5395 31
5396 32
5397 38
5398 3
5399 16
5400 11
5401 31
5402 10
5403 18
5405 5
5406 4
5407 26
5408 23
5411 30
5413 25
5414 35
5415 34
5416 50
5419 31
5420 43
5421 13
5422 4
5423 8
5424 93
5425 9
5426 10
5427 30
5428 12
5429 21
5430 13
5431 8
5432 4
5433 3
5434 31
5435 22
5436 6
5437 32
5438 13
5439 56
5441 3
5442 6
5443 8
5444 9
5445 4
5448 3
5449 18
5450 7
5454 13
5455 11
5456 34
5457 6
5458 12
5459 4
5460 4
5461 11
5462 17
5463 18
5465 47
5466 13
5467 24
5468 41
5469 15
5470 9
5472 11
5473 38
5475 14
5476 4
5477 1
5480 35
5481 29
5482 36
5483 4
5484 41
5486 3
5487 5
5488 4
5489 6
5490 6
5491 20
5492 4
5493 4
5494 9
5495 11
5501 6
5502 3
5504 9
5507 17
5508 8
5509 13
5510 5
5511 10
5512 7
5513 15
5514 12
5515 13
5516 21
5517 15
5518 8
5519 8
5520 11
5521 16
5522 20
5523 20
5524 25
5525 47
5526 21
5527 11
5528 4
5529 8
5530 7
5531 4
5532 43
5533 12
5534 5
5535 13
5536 4
5537 5
5539 62
5540 43
5541 24
5543 3
5544 36
5545 49
5546 14
5547 11
5548 45
5549 33
5550 10
5551 7
5553 28
5554 43
5555 6
5556 18
5557 21
5558 8
5559 15
5560 10
5562 4
5564 37
5565 18
5566 9
5567 6
5568 7
5569 11
5570 10
5571 4
5573 10
5574 11
5575 4
5577 6
5580 8
5581 33
5582 5
5586 19
5587 10
5588 5
5589 7
5590 17
5592 10
5593 9
5594 6
5595 36
5596 56
5597 33
5599 3
5601 30
5604 18
5606 7
5609 6
5610 11
5611 12
5612 5
5614 21
5616 22
5618 4
5619 4
5620 3
5621 6
5622 20
5623 5
5624 6
5625 22
5627 6
5628 4
5630 7
5636 30
5638 4
5639 7
5641 4
5645 7
5648 13
5649 17
5650 5
5651 23
5652 5
5653 21
5655 11
5656 37
5657 23
5658 13
5659 12
5660 21
5661 5
5663 52
5664 8
5665 17
5666 19
5667 6
5668 37
5669 16
5670 8
5671 6
5672 1
5674 4
5675 5
5678 11
5679 19
5680 8
5683 4
5688 5
5689 4
5690 10
5691 9
5692 29
5693 5
5694 4
5695 6
5697 5
5699 2
5700 11
5702 4
5703 54
5705 7
5707 8
5708 17
5709 4
5710 14
5711 6
5712 9
5713 10
5714 6
5715 53
5716 12
5717 15
5718 5
5719 15
5720 18
5721 97
5722 16
5723 60
5724 25
5725 10
5726 18
5727 7
5728 6
5729 18
5730 3
5731 13
5732 19
5733 15
5734 13
5736 26
5737 23
5738 4
5739 14
5740 2
5742 31
5743 16
5744 5
5746 9
5747 11
5748 21
5749 8
5750 24
5751 9
5752 28
5753 4
5754 6
5757 3
5759 12
5760 20
5761 7
5762 27
5763 28
5764 29
5765 28
5766 10
5767 16
5768 7
5769 13
5770 8
5771 6
5772 12
5773 11
5774 30
5775 12
5776 16
5777 20
5778 113
5779 6
5780 12
5781 7
5783 4
5784 12
5787 4
5788 4
5789 7
5790 5
5791 15
5794 4
5796 7
5797 13
5798 4
5799 16
5800 4
5801 14
5802 4
5804 4
5808 13
5809 8
5810 5
5811 51
5812 13
5813 4
5814 5
5815 26
5816 10
5817 6
5818 4
5819 11
5820 13
5822 2
5823 4
5825 4
5827 3
5829 15
5830 7
5831 4
5832 12
5833 5
5834 9
5835 6
5836 8
5838 4
5840 6
5841 6
5843 12
5844 3
5846 28
5847 10
5848 5
5850 4
5851 9
5852 7
5853 7
5854 36
5857 8
5859 14
5860 5
5861 5
5862 8
5863 14
5864 10
5866 5
5867 7
5868 7
5869 22
5871 3
5872 4
5873 8
5875 5
5877 8
5879 17
5880 4
5881 3
5882 32
5885 9
5887 4
5888 29
5889 12
5891 9
5892 33
5893 37
5894 14
5896 20
5899 6
5900 15
5901 12
5902 18
5904 9
5905 8
5907 51
5908 16
5910 5
5911 6
5912 5
5913 5
5914 6
5915 5
5918 4
5919 6
5921 4
5923 16
5924 10
5925 10
5926 8
5928 10
5929 4
5931 16
5936 4
5937 18
5939 3
5940 31
5941 6
5942 5
5943 7
5947 12
5948 24
5949 5
5950 6
5951 8
5953 6
5954 6
5955 14
5957 7
5958 7
5964 4
5965 13
5966 11
5967 17
5968 14
5969 8
5970 9
5971 10
5972 9
5973 36
5974 8
5975 27
5976 37
5977 7
5978 7
5979 9
5980 27
5981 8
5982 6
5984 6
5985 6
5986 17
5987 16
5988 8
5989 3
5990 29
5991 4
5992 5
5993 5
5994 31
5995 4
5997 15
5998 4
5999 10
6001 11
6002 72
6003 4
6004 5
6007 7
6008 19
6009 8
6010 12
6011 10
6012 4
6014 7
6015 14
6016 5
6017 7
6018 10
6019 6
6022 4
6023 31
6025 9
6026 10
6031 29
6032 9
6033 7
6034 10
6035 10
6036 4
6037 12
6038 63
6039 10
6040 4
6041 27
6042 5
6043 25
6044 25
6045 34
6046 17
6047 8
6048 7
6049 23
6050 15
6052 10
6053 11
6055 52
6056 3
6058 16
6059 17
6060 9
6061 15
6062 7
6063 24
6064 11
6065 17
6066 7
6068 22
6070 50
6071 20
6072 7
6073 3
6074 12
6076 5
6077 10
6078 13
6080 20
6083 51
6084 13
6085 52
6086 7
6087 39
6088 4
6089 37
6090 22
6091 10
6092 28
6094 5
6095 6
6096 19
6097 9
6098 10
6099 30
6100 13
6101 6
6102 5
6103 7
6104 13
6107 6
6108 9
6109 10
6110 5
6111 44
6112 9
6113 8
6114 5
6115 7
6116 11
6117 6
6118 6
6119 4
6120 10
6121 6
6122 20
6123 8
6124 7
6125 23
6126 19
6127 16
6128 16
6130 4
6131 15
6133 9
6136 12
6137 4
6138 25
6139 6
6143 23
6144 38
6145 5
6147 11
6148 12
6149 60
6151 15
6152 10
6153 16
6154 5
6156 16
6157 8
6158 11
6159 34
6161 12
6162 21
6163 37
6164 22
6165 9
6166 11
6167 10
6170 8
6172 34
6173 14
6174 22
6175 6
6176 27
6177 18
6178 11
6179 5
6180 8
6181 3
6182 13
6184 6
6185 45
6186 9
6187 3
6188 15
6189 14
6190 6
6192 12
6193 4
6195 7
6196 3
6197 9
6198 7
6199 11
6200 5
6201 36
6202 5
6203 13
6204 3
6205 4
6206 15
6207 12
6208 8
6209 36
6210 21
6211 6
6212 6
6213 9
6214 4
6215 7
6216 10
6217 7
6219 6
6220 9
6221 14
6222 21
6223 7
6224 18
6225 8
6226 20
6227 26
6228 6
6229 11
6230 8
6232 2
6233 5
6234 22
6235 49
6236 10
6237 18
6241 4
6243 11
6244 5
6245 6
6246 4
6247 5
6249 21
6250 7
6251 19
6252 11
6253 4
6254 13
6255 11
6256 20
6257 7
6258 11
6259 7
6260 17
6261 16
6262 8
6265 3
6266 9
6267 4
6268 6
6270 6
6271 5
6272 4
6275 5
6276 11
6278 4
6279 12
6282 49
6283 10
6284 25
6287 7
6288 29
6289 23
6290 9
6291 4
6292 10
6293 23
6294 10
6295 17
6297 9
6298 14
6299 4
6300 9
6301 5
6302 22
6304 34
6309 12
6311 18
6312 16
6313 9
6314 8
6316 6
6318 19
6319 42
6320 4
6321 13
6322 2
6323 4
6324 14
6326 17
6327 6
6328 4
6329 9
6331 13
6332 4
6333 5
6334 6
6336 52
6337 9
6339 9
6340 3
6341 5
6343 26
6344 5
6345 4
6347 11
6348 21
6349 10
6350 11
6351 4
6357 4
6358 4
6360 17
6362 11
6363 10
6364 10
6365 6
6366 12
6367 8
6368 12
6369 10
6370 14
6372 7
6373 4
6374 3
6375 20
6377 3
6378 6
6379 4
6382 6
6384 15
6385 36
6386 7
6387 4
6388 12
6389 18
6390 28
6391 4
6392 9
6393 43
6395 12
6396 6
6397 17
6398 10
6399 5
6400 10
6402 5
6403 3
6404 8
6405 3
6406 12
6407 9
6409 27
6410 8
6411 33
6412 15
6414 5
6415 25
6416 18
6417 10
6418 13
6419 5
6421 5
6423 6
6424 5
6426 3
6429 4
6430 4
6431 10
6432 9
6433 35
6434 13
6435 12
6436 11
6438 30
6441 4
6442 4
6443 7
6444 5
6446 3
6447 7
6448 10
6454 12
6455 4
6456 5
6459 4
6460 7
6462 8
6464 4
6465 5
6466 5
6471 9
6472 10
6473 6
6474 10
6475 12
6476 11
6477 13
6480 13
6483 11
6484 8
6485 5
6487 5
6494 6
6495 5
6497 8
6498 7
6499 5
6500 4
6501 6
6503 13
6506 4
6508 4
6511 21
6513 4
6514 4
6516 5
6517 3
6518 16
6519 19
6520 5
6521 6
6522 17
6523 6
6524 6
6525 13
6526 6
6527 3
6528 12
6529 13
6531 5
6532 8
6533 4
6534 5
6535 6
6536 5
6537 4
6538 20
6539 4
6540 4
6542 5
6543 5
6544 10
6545 4
6548 23
6550 3
6553 6
6554 4
6556 6
6557 7
6558 6
6559 31
6560 18
6561 9
6566 5
6573 7
6574 3
6575 9
6576 6
6578 5
6579 5
6580 7
6581 6
6582 12
6584 6
6585 5
6586 5
6587 5
6588 6
6589 8
6590 8
6591 7
6592 8
6595 5
6597 4
6599 4
6602 7
6603 5
6604 4
6606 8
6608 9
6609 13
6610 14
6611 6
6613 4
6619 14
6621 5
6622 12
6624 15
6625 7
6626 6
6627 4
6628 2
6629 9
6630 5
6631 14
6632 3
6633 5
6634 20
6638 15
6639 22
6640 4
6642 4
6644 7
6648 4
6649 8
6650 2
6651 2
6656 6
6657 11
6658 6
6659 20
6661 14
6662 4
6663 5
6668 4
6669 27
6671 5
6673 16
6674 4
6676 22
6681 16
6682 3
6684 19
6685 16
6686 6
6689 16
6691 7
6693 7
6694 6
6696 25
6697 29
6699 6
6700 4
6701 21
6703 14
6704 23
6708 11
6709 22
6710 4
6712 9
6713 5
6714 4
6720 3
6723 12
6724 7
6725 14
6726 7
6727 4
6728 13
6729 24
6730 11
6733 3
6734 6
6735 17
6736 8
6737 18
6738 11
6740 11
6741 5
6742 15
6743 12
6744 18
6745 9
6746 38
6747 17
6748 23
6749 15
6750 14
6751 4
6752 4
6753 10
6756 6
6757 9
6761 4
6762 12
6763 26
6764 8
6765 41
6767 18
6769 13
6770 13
6771 4
6772 7
6773 6
6774 5
6775 12
6777 5
6779 4
6780 4
6781 7
6782 14
6784 9
6785 11
6786 11
6787 19
6788 10
6789 20
6791 6
6793 6
6794 21
6795 8
6796 23
6797 12
6798 40
6799 19
6800 19
6804 9
6805 10
6806 7
6808 32
6809 5
6812 6
6813 5
6814 27
6817 5
6818 7
6819 15
6820 8
6821 11
6822 3
6824 13
6825 13
6826 7
6827 12
6828 3
6831 17
6832 5
6833 3
6834 14
6835 16
6836 3
6837 11
6838 5
6840 8
6842 4
6843 5
6844 24
6848 4
6849 6
6850 10
6851 18
6854 11
6856 4
6859 15
6860 6
6863 5
6867 48
6869 5
6871 2
6872 4
6874 4
6875 5
6876 7
6882 8
6885 6
6886 6
6887 5
6888 4
6889 7
6890 10
6892 10
6893 9
6894 13
6896 6
6897 5
6898 4
6899 4
6900 5
6901 3
6902 31
6904 13
6905 6
6906 8
6907 6
6909 9
6910 3
6911 5
6913 4
6917 12
6921 4
6924 13
6925 7
6926 4
6927 10
6928 11
6929 8
6930 21
6931 14
6932 6
6933 6
6934 9
6935 13
6938 4
6941 4
6942 3
6943 8
6945 8
6946 3
6947 2
6949 9
6950 6
6951 4
6953 5
6954 7
6958 5
6959 4
6960 7
6961 4
6962 4
6963 8
6966 7
6971 8
6978 14
6981 7
6985 18
6987 8
6991 8
6994 7
6995 8
6997 12
6998 13
6999 15
7000 7
7001 12
7002 42
7003 41
7008 24
7009 6
7010 6
7011 18
7012 26
7013 7
7014 8
7015 6
7016 4
7017 2
7018 24
7019 33
7024 12
7026 11
7027 14
7028 8
7029 13
7031 18
7032 4
7033 14
7034 6
7035 5
7036 4
7044 7
7045 6
7046 6
7047 5
7051 7
7054 23
7055 6
7056 4
7060 5
7061 7
7063 5
7064 8
7066 6
7067 3
7068 3
7069 5
7071 6
7072 6
7073 6
7075 7
7076 14
7077 7
7080 7
7084 4
7085 11
7086 11
7087 10
7089 4
7090 5
7091 17
7092 6
7093 2
7094 8
7095 3
7100 5
7103 7
7104 4
7106 4
7112 4
7114 4
7116 4
7117 4
7119 6
7122 8
7123 12
7124 5
7125 9
7126 3
7127 7
7128 8
7130 11
7131 5
7134 4
7135 4
7136 7
7137 7
7138 4
7140 4
7142 3
7145 4
7146 3
7148 7
7150 5
7152 3
7154 4
7156 5
7163 12
7166 7
7167 5
7168 5
7171 5
7174 9
7175 5
7177 5
7185 3
7187 4
7192 8
7194 5
7195 7
7200 4
7201 13
7203 11
7205 7
7206 7
7209 7
7210 5
7211 20
7212 5
7216 3
7217 4
7218 10
7220 4
7221 26
7222 4
7223 16
7224 7
7225 9
7226 4
7227 7
7231 7
7234 3
7236 6
7237 4
7240 4
7241 9
7242 3
7243 6
7244 5
7245 7
7246 9
7248 10
7251 12
7254 11
7255 6
7258 4
7259 11
7260 8
7261 8
7262 13
7263 3
7268 6
7270 8
7274 4
7275 7
7280 7
7284 5
7285 29
7287 6
7288 14
7289 5
7291 8
7293 7
7296 3
7299 3
7300 26
7301 4
7303 3
7305 5
7306 12
7307 8
7308 3
7309 4
7311 6
7317 16
7318 17
7319 6
7322 13
7327 4
7328 5
7329 4
7330 4
7331 8
7334 5
7335 6
7336 11
7337 13
7338 11
7339 5
7340 3
7344 4
7346 12
7347 12
7348 7
7349 6
7350 6
7355 9
7356 9
7357 4
7358 10
7359 5
7360 8
7363 8
7365 8
7366 5
7367 6
7368 4
7369 4
7374 9
7376 2
7377 7
7378 4
7379 5
7381 4
7382 6
7383 8
7384 5
7389 5
7390 4
7392 9
7393 4
7395 4
7397 15
7399 3
7400 7
7401 11
7406 4
7409 8
7411 18
7412 3
7413 2
7415 2
7416 4
7417 4
7419 13
7420 13
7422 5
7423 4
7425 6
7428 7
7429 15
7432 5
7433 7
7434 10
7435 6
7436 14
7438 5
7439 4
7441 14
7444 4
7449 6
7450 5
7451 5
7453 4
7454 9
7455 5
7458 11
7460 9
7461 16
7462 6
7463 5
7464 7
7466 12
7467 7
7469 6
7471 7
7476 8
7477 13
7481 10
7484 7
7485 7
7486 10
7487 5
7489 4
7493 9
7495 7
7497 4
7498 8
7499 6
7500 3
7502 4
7503 7
7504 4
7506 4
7509 5
7510 9
7512 5
7514 5
7515 9
7516 2
7518 6
7519 9
7523 9
7524 13
7525 8
7532 7
7534 6
7540 5
7543 4
7565 3
7567 1
7571 9
7572 3
7574 4
7578 11
7580 4
7581 6
7583 5
7584 3
7585 5
7587 6
7590 3
7599 5
7610 4
7611 13
7612 11
7614 13
7623 4
7625 7
7626 5
7629 2
7635 4
7636 4
7645 5
7647 13
7651 7
7652 4
7655 3
7656 5
7658 9
7660 6
7662 4
7663 3
7665 16
7666 4
7668 20
7669 6
7670 8
7673 6
7674 26
7675 13
7676 12
7678 4
7679 6
7680 5
7685 4
7687 3
7689 2
7701 4
7702 11
7703 4
7709 1
7710 7
7711 11
7714 8
7716 9
7722 5
7724 3
7725 4
7749 4
7751 3
7755 4
7759 5
7760 10
7763 11
7765 4
7768 2
7771 6
7772 4
7773 12
7774 4
7776 7
7777 6
7778 5
7780 5
7781 6
7782 4
7784 8
7785 6
7786 10
7787 6
7790 7
7791 8
7792 12
7793 3
7794 4
7795 6
7796 6
7798 12
7800 5
7803 4
7806 6
7810 19
7811 5
7813 10
7818 3
7820 2
7823 4
7825 5
7833 7
7840 90
7843 7
7845 6
7848 7
7850 4
7851 8
7852 6
7853 5
7855 5
7864 7
7868 9
7869 4
7870 5
7877 4
7878 5
7879 4
7880 13
7882 10
7888 3
7889 5
7891 5
7895 8
7896 4
7897 4
7898 3
7899 11
7900 5
7901 15
7902 4
7903 5
7905 4
7908 9
7909 6
7910 6
7912 11
7913 3
7915 4
7922 3
7925 4
7928 11
7929 4
7930 4
7933 6
7937 5
7938 7
7944 5
7946 3
7953 4
7955 4
7959 7
7960 4
7962 4
7964 14
7967 4
7969 7
7970 5
7971 6
7972 9
7973 4
7977 4
7978 3
7980 11
7981 10
7983 4
7986 9
7989 8
7991 6
7992 4
7996 8
8001 3
8002 10
8005 10
8006 7
8007 7
8009 14
8012 7
8015 10
8016 6
8019 4
8025 5
8027 6
8029 5
8030 4
8035 4
8037 3
8040 8
8048 4
8051 6
8052 3
8053 3
8058 3
8059 5
8060 4
8061 6
8063 4
8068 7
8073 4
8075 6
8079 11
8084 5
8085 5
8086 6
8090 21
8091 17
8092 9
8094 4
8095 5
8096 5
8103 2
8106 6
8107 4
8112 5
8116 5
8120 6
8122 5
8126 5
8127 6
8128 7
8131 4
8132 4
8135 7
8138 6
8140 4
8143 7
8145 5
8149 5
8150 2
8151 4
8157 5
8159 7
8160 8
8161 4
8167 4
8168 5
8169 4
8175 4
8176 6
8177 4
8182 6
8183 2
8185 7
8187 6
8188 14
8200 4
8206 4
8208 5
8221 6
8223 11
8227 4
8228 2
8229 4
8235 4
8236 5
8237 3
8239 5
8244 4
8245 4
8246 10
8250 4
8251 2
8252 3
8260 6
8261 4
8263 6
8266 5
8268 4
8269 7
8270 7
8271 5
8272 3
8275 9
8276 4
8278 6
8287 5
8297 5
8300 4
8310 4
8316 4
8317 4
8319 4
8323 5
8324 5
8327 4
8331 4
8333 4
8334 8
8349 3
8350 6
8353 6
8356 4
8357 4
8373 4
8375 4
8377 8
8378 3
8381 4
8384 5
8387 4
8389 10
8390 10
8391 4
8397 4
8402 3
8403 6
8404 3
8407 4
8412 5
8419 1
8427 4
8432 4
8434 3
8436 5
8437 5
8444 5
8446 6
8455 4
8461 4
8465 10
8470 6
8474 3
8476 4
8477 1
8479 4
8480 5
8485 5
8488 4
8491 4
8495 6
8496 5
8504 2
8509 3
8510 7
8517 3
8522 3
8523 4
8534 2
8535 5
8543 1
8545 3
8546 4
8547 4
8549 4
8551 3
8553 3
8558 12
8563 4
8565 5
8566 5
8571 5
8572 9
8574 3
8581 10
8590 5
8596 4
8598 7
8599 6
8609 3
8612 8
8613 6
8615 3
8619 4
8620 6
8621 3
8625 4
8627 5
8632 4
8635 3
8636 2
8648 7
8657 4
8660 4
8661 6
8662 7
8663 2
8669 4
8675 3
8686 3
8690 4
8691 4
8692 7
8694 5
8695 4
8696 4
8702 4
8703 2
8707 6
8724 3
8725 11
8741 6
8743 2
8760 4
8773 2
8774 5
8775 3
8777 4
8780 2
8790 3
8797 4
8801 3
8807 3
8820 5
8822 4
8829 8
8830 4
8838 6
8839 2
8851 7
8856 4
8858 7
8874 2
8876 9
8879 4
8892 6
8894 4
8903 7
8904 8
8910 7
8923 5
8925 5
8928 5
8942 6
8946 3
8951 4
8955 7
8956 3
8957 3
8965 3
8966 3
8967 2
8968 17
8973 5
8974 5
8980 4
8982 4
8986 1
8988 3
9023 5
9039 4
9045 5
9048 8
9049 5
9051 3
9052 4
9059 7
9075 6
9079 10
9086 4
9088 3
9104 1
9109 5
9112 6
9115 3
9116 3
9122 3
9126 8
9127 5
9128 6
9129 2
9163 3
9177 4
9183 8
9185 7
9207 3
9210 4
9214 5
9244 4
9250 4
9264 5
9276 7
9286 4
9290 2
9292 4
9319 4
9347 1
9348 5
9353 5
9364 7
9365 5
9404 3
9444 2
9459 6
9460 3
9486 2
9489 3
9493 3
9507 6
9508 8
9510 3
9514 4
9528 3
9530 4
9566 2
9678 3
9758 2
9813 4
9856 4
