0 2
1 18
2 54
3 33
4 20
5 25
6 32
7 31
8 30
9 20
10 4
11 2
12 29
13 3
14 7
15 18
16 6
17 35
18 36
19 2
20 2
21 14
22 98
23 16
24 20
25 3035
26 10
27 9
28 22
29 7
30 19
31 70
32 13
33 18
34 18
35 17
36 345
37 4
38 7
39 2
40 17
41 16
42 4
43 5
44 5
45 6
46 5
47 2
48 4
49 6
50 15
51 17
52 3
53 14
54 24
55 21
56 2
57 11
58 6
59 9
60 5
61 11
62 8
63 4
64 235
65 11
66 12
67 9
68 6
69 1
70 18
71 348
72 16
73 11
74 19
75 12
76 83
77 38
78 6
79 9
80 8
81 3
82 16
83 8
84 4
85 7
86 21
87 15
88 60
89 40
90 6
91 18
92 25
93 13
94 37
95 20
96 27
97 21
98 6
99 5
100 5
101 289
102 4
103 12
104 12
105 48
106 7
107 58
108 158
109 9
110 9
111 258
112 9
113 14
114 13
115 22
116 7
117 10
118 8
119 25
120 13
121 21
122 28
123 7
124 10
125 3
126 4
127 5
128 9
129 3
130 4
131 7
132 29
133 9
134 59
135 15
136 3
137 17
138 4
139 1
140 5
141 4
142 6
143 1
144 27
145 1
146 6
147 12
148 1
149 1
150 62
151 3
152 11
153 1
154 11
155 9
156 1
157 18
158 1
159 10
160 2
161 6
162 2
163 1
164 5
165 5
166 2
167 2
168 6
169 1
170 13
171 12
172 16
173 6
174 1
175 5
176 1
177 16
178 1
179 36
180 4
181 6
182 11
183 3
184 2
185 12
186 3
187 3
188 1
189 3
190 3
191 3
192 1
193 5
194 15
195 4
196 17
197 16
198 7
199 10
200 3
201 11
202 2
203 4
204 7
205 22
206 8
207 4
208 5
209 6
210 1
211 10
212 5
213 1
214 6
215 5
216 3
217 8
218 5
219 3
220 3
221 5
222 9
223 6
224 7
225 6
226 9
227 1
228 10
229 22
230 9
231 21
232 1
233 1
234 8
235 34
236 8
237 2
238 6
239 2
240 9
241 6
242 6
243 8
244 2
245 5
246 5
247 5
248 39
249 1
250 5
251 8
252 5
253 43
254 7
255 1
256 9
257 11
258 11
259 22
260 1
261 1
262 9
263 17
264 14
265 1
266 5
267 26
268 2
269 12
270 2
271 2
272 4
273 3
274 13
275 4
276 7
277 10
278 1
279 5
280 4
281 13
282 2
283 5
284 9
285 11
286 5
287 13
288 6
289 14
290 10
291 14
292 1
293 14
294 6
295 17
296 10
297 13
298 7
299 22
300 23
301 4
302 8
303 8
304 5
305 32
306 6
307 22
308 3
309 10
310 13
311 14
312 3
313 5
314 14
315 7
316 1
317 13
318 8
319 18
320 5
321 3
322 3
323 7
324 5
325 5
326 1
327 5
328 6
329 4
330 1
331 4
332 3
333 4
334 1
335 7
336 3
337 1
338 4
339 2
340 1
341 1
342 13
343 2
344 6
345 2
346 5
347 11
348 14
349 15
350 22
351 2
352 2
353 2
354 5
355 5
356 8
357 5
358 1
359 5
360 7
361 11
362 15
363 6
364 6
365 6
366 7
367 10
368 9
369 14
370 2
371 2
372 1
373 5
374 11
375 1
376 8
377 4
378 11
379 4
380 3
381 5
382 3
383 17
384 5
385 6
386 53
387 5
388 16
389 13
390 7
391 1
392 8
393 10
394 6
395 2
396 11
398 5
399 2
400 9
401 4
402 22
403 4
404 1
405 3
406 3
407 6
408 2
409 6
410 6
411 4
412 1
413 12
414 6
415 2
416 1
417 15
418 13
419 7
420 40
421 14
422 8
423 1
424 4
425 4
426 1
427 2
428 38
429 7
430 13
431 7
432 2
433 2
434 7
435 7
436 6
437 3
438 3
439 9
440 9
441 5
442 18
443 1
444 3
445 11
446 6
447 2
448 13
449 3
450 9
451 3
452 12
453 21
454 3
455 30
456 4
457 8
458 2
459 1
460 1
461 4
462 4
463 2
464 4
465 4
466 6
467 7
468 5
469 7
470 13
471 1
472 7
473 12
474 6
475 8
476 10
477 4
478 4
479 1
480 1
481 1
482 7
483 1
484 1
485 13
486 9
487 5
488 5
489 1
490 6
491 8
492 3
493 11
494 20
495 5
496 37
497 26
498 1
499 7
500 2
501 21
502 3
503 7
504 29
505 1
506 8
507 1
508 1
509 3
510 13
511 9
512 4
513 1
514 2
515 9
516 1
517 1
518 3
519 4
520 2
521 3
522 1
524 1
525 6
526 4
527 18
528 3
529 10
530 32
531 24
532 9
533 11
534 8
535 9
536 1
537 4
538 5
539 12
540 2
541 11
542 1
543 7
544 5
545 2
546 4
547 67
548 2
549 8
550 5
551 9
552 3
553 17
554 3
555 8
556 13
557 2
558 17
559 4
560 12
561 3
562 6
563 3
564 2
565 3
566 6
567 7
568 2
569 12
570 1
571 1
572 16
573 3
574 1
575 7
576 1
577 1
578 1
579 1
580 9
581 7
582 4
583 8
584 33
585 1
586 18
587 4
588 3
589 4
590 17
591 3
592 6
593 14
594 2
595 5
596 1
597 2
598 3
599 2
600 1
601 2
602 17
603 22
604 10
605 1
606 3
607 2
608 31
609 3
610 3
611 23
612 7
613 5
614 2
616 4
617 2
618 6
619 7
620 3
621 4
622 8
623 3
624 1
625 4
626 2
627 1
628 7
629 7
630 16
631 12
632 2
633 4
634 1
635 5
636 14
637 15
638 2
639 1
640 15
641 5
642 9
643 8
644 1
645 6
646 5
647 3
648 2
649 6
650 1
651 12
652 4
653 4
654 23
655 11
656 11
657 3
658 7
659 9
660 10
661 19
662 7
663 3
664 3
665 9
666 1
667 5
668 1
669 6
670 5
671 12
672 9
673 2
674 5
675 7
676 4
677 51
678 22
679 1
680 5
681 4
682 2
683 1
684 10
685 2
686 5
687 9
688 7
689 7
690 3
691 1
692 3
693 4
694 2
695 14
696 8
697 4
698 5
700 16
701 3
702 2
703 17
704 8
705 1
706 4
707 1
708 2
709 3
710 24
711 11
712 1
713 12
714 5
715 6
716 18
717 2
718 10
719 3
720 6
721 3
722 18
723 2
724 3
725 7
726 5
727 2
728 4
729 15
730 10
731 2
732 1
733 1
734 9
735 6
736 14
737 7
738 3
739 11
740 1
741 1
742 2
743 4
744 8
745 4
746 13
747 10
748 3
749 3
750 11
751 2
752 19
753 1
754 2
755 3
756 2
757 3
758 1
759 2
760 15
761 8
762 1
763 5
764 4
765 2
766 12
767 12
768 9
769 5
770 3
771 5
772 13
773 12
774 3
775 15
776 3
777 3
778 6
779 7
780 4
781 1
782 18
783 6
784 10
785 10
786 1
787 9
788 3
789 1
790 5
791 7
792 12
793 2
794 5
795 15
796 4
797 19
798 2
799 3
800 7
801 5
802 8
803 8
804 15
805 4
806 11
807 4
808 1
809 8
810 4
811 2
812 1
813 14
814 3
815 5
816 4
817 11
818 7
819 15
820 12
821 6
822 1
823 6
824 2
825 3
826 3
827 1
828 5
829 3
830 9
831 5
832 6
833 3
834 11
835 7
836 11
837 7
838 41
839 24
840 3
841 4
842 1
843 6
844 3
845 4
846 2
847 1
848 6
849 1
850 4
851 2
852 1
853 1
855 4
856 2
857 6
858 14
859 9
860 2
861 11
862 27
863 6
864 9
865 11
866 8
867 13
868 1
869 3
870 37
871 6
872 3
873 3
874 3
875 8
876 14
877 5
878 4
879 10
880 6
881 1
882 3
883 2
885 1
886 9
887 3
888 6
889 18
890 4
891 18
892 6
893 11
894 2
895 10
896 10
897 1
898 5
899 7
900 1
901 3
902 1
903 3
904 8
905 26
906 2
907 5
908 6
909 1
910 1
911 26
912 12
913 5
914 5
915 2
916 11
917 9
918 32
919 4
920 15
921 2
922 5
923 3
924 5
925 3
926 3
927 1
928 6
929 4
930 32
931 5
932 9
933 2
934 33
935 7
936 1
937 35
938 20
939 1
940 6
941 13
942 13
943 1
944 1
945 1
946 8
947 5
948 3
949 13
950 7
951 4
952 15
953 2
954 9
955 8
956 2
957 1
958 9
959 6
960 1
961 3
962 5
963 2
964 15
965 8
966 13
967 4
968 3
969 9
970 2
971 1
972 1
973 7
974 1
975 1
976 12
977 3
978 1
979 7
980 19
981 7
982 4
983 4
984 2
985 9
986 28
987 2
988 4
989 11
990 9
991 4
992 4
993 2
994 5
995 3
996 5
997 12
998 11
999 10
1000 7
1001 10
1002 5
1003 21
1004 7
1005 12
1006 5
1007 12
1008 12
1009 24
1010 6
1011 4
1012 3
1013 15
1014 59
1015 3
1016 1
1017 4
1018 21
1019 6
1020 3
1021 4
1022 5
1023 7
1024 6
1025 3
1026 2
1027 9
1028 5
1029 6
1030 2
1031 7
1032 22
1033 23
1034 11
1035 4
1036 3
1037 6
1038 3
1039 16
1040 1
1041 4
1042 10
1043 4
1044 37
1045 2
1046 5
1047 2
1048 1
1049 3
1050 14
1051 4
1052 2
1053 34
1054 1
1055 29
1056 9
1057 3
1058 2
1059 13
1060 3
1061 2
1062 13
1063 5
1064 4
1065 3
1066 3
1067 9
1068 1
1069 6
1070 2
1071 2
1072 31
1073 10
1074 10
1075 10
1076 10
1077 16
1078 46
1079 9
1080 4
1081 22
1082 6
1083 2
1084 1
1085 5
1086 9
1087 2
1088 7
1089 3
1090 13
1091 4
1092 5
1093 4
1094 14
1095 4
1096 3
1097 2
1098 18
1099 2
1100 2
1101 13
1102 5
1103 6
1104 2
1105 1
1106 3
1107 8
1108 5
1109 23
1110 2
1111 5
1112 3
1113 3
1114 8
1115 7
1116 15
1117 3
1118 7
1119 3
1120 9
1121 1
1122 1
1123 2
1124 12
1125 17
1126 28
1127 3
1128 8
1129 14
1130 2
1131 4
1132 4
1133 3
1134 13
1135 1
1136 15
1137 9
1138 20
1139 4
1140 19
1141 3
1142 3
1143 7
1144 13
1145 1
1146 2
1147 2
1148 1
1149 4
1150 1
1151 6
1152 7
1153 18
1154 4
1155 1
1156 2
1157 1
1158 3
1159 1
1160 4
1161 6
1162 24
1163 5
1165 4
1166 8
1167 13
1168 6
1169 2
1170 3
1171 3
1172 7
1173 7
1174 2
1175 1
1176 5
1177 8
1178 4
1179 1
1180 1
1181 16
1182 6
1183 3
1184 1
1185 28
1186 22
1187 14
1188 4
1189 10
1190 10
1191 1
1192 9
1193 7
1194 4
1195 4
1196 36
1197 1
1198 16
1199 28
1200 1
1201 4
1202 3
1203 23
1204 3
1205 24
1206 10
1207 19
1208 3
1209 5
1210 101
1211 18
1212 4
1213 2
1214 16
1215 4
1216 3
1217 2
1218 8
1219 8
1220 15
1221 3
1222 10
1223 6
1224 5
1225 4
1226 2
1227 3
1228 2
1229 44
1230 1
1231 29
1232 8
1234 1
1235 1
1236 1
1237 5
1238 12
1239 11
1240 23
1241 2
1242 2
1243 1
1244 20
1245 1
1246 1
1247 4
1248 22
1249 3
1250 3
1251 6
1252 26
1253 21
1254 2
1255 4
1256 6
1257 39
1258 3
1259 12
1260 2
1261 4
1262 2
1263 2
1264 1
1265 12
1266 38
1267 6
1268 9
1269 7
1270 2
1271 1
1272 51
1273 9
1274 8
1275 1
1276 9
1277 5
1278 41
1279 2
1280 2
1281 9
1282 5
1283 4
1284 2
1285 5
1286 12
1287 3
1288 8
1289 8
1290 28
1291 4
1292 5
1293 1
1294 7
1295 3
1296 19
1297 3
1298 3
1299 3
1300 3
1301 6
1302 3
1303 5
1304 9
1305 10
1306 1
1307 7
1308 3
1309 6
1310 3
1311 21
1312 9
1313 6
1314 3
1315 17
1316 2
1317 5
1318 3
1319 1
1320 1
1321 16
1322 36
1323 1
1324 2
1325 9
1326 3
1327 14
1328 1
1329 5
1330 5
1331 4
1332 2
1334 4
1335 6
1336 2
1337 2
1338 3
1339 7
1340 3
1341 9
1342 16
1343 4
1344 3
1345 1
1346 3
1347 18
1348 2
1349 5
1350 4
1351 13
1352 2
1353 34
1354 3
1355 17
1356 3
1357 1
1358 1
1359 6
1360 12
1361 69
1362 1
1363 9
1364 12
1365 5
1366 10
1367 1
1368 7
1369 9
1370 3
1371 4
1372 4
1373 3
1374 5
1375 2
1376 4
1377 1
1378 2
1379 3
1380 9
1381 1
1382 12
1383 13
1384 6
1385 8
1386 2
1387 3
1388 4
1389 8
1390 2
1391 3
1392 7
1394 7
1395 2
1396 6
1397 11
1398 5
1399 17
1400 24
1401 6
1402 6
1403 7
1404 5
1405 3
1406 2
1407 2
1408 6
1409 10
1410 4
1411 5
1412 1
1413 23
1414 62
1415 5
1416 2
1417 10
1418 8
1419 3
1420 12
1421 7
1422 1
1423 6
1424 4
1425 3
1427 2
1428 2
1429 1
1430 13
1431 4
1432 6
1433 8
1434 1
1435 2
1436 4
1437 16
1438 1
1439 6
1440 2
1441 9
1442 9
1443 8
1445 2
1446 21
1447 7
1448 7
1449 6
1450 8
1451 7
1452 1
1453 12
1454 15
1455 5
1456 3
1457 6
1458 9
1459 3
1460 4
1461 1
1462 12
1463 10
1464 3
1465 4
1466 1
1467 2
1468 3
1469 15
1470 4
1471 2
1472 2
1473 5
1474 3
1475 7
1476 2
1477 15
1479 1
1480 5
1481 15
1482 1
1483 6
1484 1
1485 9
1486 7
1487 5
1488 4
1489 14
1490 5
1491 4
1492 3
1493 8
1494 9
1495 31
1496 6
1497 6
1498 18
1499 3
1500 4
1501 4
1502 4
1503 3
1504 20
1505 2
1506 22
1507 14
1508 7
1509 22
1510 59
1511 1
1512 3
1513 2
1514 7
1515 6
1516 46
1517 3
1518 15
1519 5
1520 12
1521 17
1522 9
1523 5
1524 4
1525 18
1526 7
1527 10
1528 2
1529 2
1530 5
1531 13
1532 4
1533 4
1534 2
1535 4
1536 1
1537 2
1538 5
1539 2
1540 18
1541 3
1542 17
1543 12
1544 1
1545 8
1546 2
1547 2
1548 9
1549 4
1550 4
1551 4
1552 22
1553 3
1554 12
1555 1
1556 16
1557 1
1558 4
1559 9
1560 4
1561 18
1562 1
1563 17
1564 11
1565 13
1566 1
1567 4
1568 2
1569 11
1570 3
1571 2
1572 4
1573 4
1574 73
1575 10
1576 1
1577 8
1578 1
1579 4
1580 2
1581 30
1582 4
1583 5
1584 1
1585 3
1586 5
1587 6
1588 2
1589 2
1590 18
1591 4
1592 2
1594 1
1595 10
1596 9
1597 3
1598 12
1599 9
1600 19
1601 17
1602 13
1603 2
1604 4
1605 1
1606 8
1607 9
1608 22
1609 1
1610 8
1611 3
1612 4
1613 1
1614 1
1615 10
1616 6
1617 14
1618 2
1619 1
1620 6
1621 7
1622 2
1623 10
1624 2
1625 16
1626 2
1627 4
1628 1
1629 21
1630 12
1631 7
1632 27
1633 2
1634 20
1635 5
1636 6
1637 13
1638 11
1639 7
1640 8
1641 1
1642 1
1643 4
1644 18
1645 7
1646 11
1647 11
1648 6
1649 10
1650 17
1651 4
1652 1
1653 11
1654 1
1655 3
1656 2
1657 4
1658 1
1659 5
1660 2
1661 10
1662 6
1663 1
1664 6
1665 11
1666 5
1667 2
1668 8
1669 50
1670 1
1671 4
1672 13
1673 12
1674 5
1675 2
1676 2
1677 5
1678 2
1679 1
1680 3
1681 6
1682 8
1683 3
1684 3
1685 2
1686 5
1687 2
1688 5
1689 1
1690 8
1691 6
1692 16
1693 4
1694 8
1695 20
1696 4
1697 1
1698 7
1699 8
1700 1
1701 3
1702 2
1703 11
1704 7
1705 1
1706 10
1707 1
1708 6
1709 6
1710 5
1711 1
1712 1
1713 3
1714 2
1715 12
1716 8
1717 3
1718 1
1719 25
1720 7
1721 7
1722 10
1723 18
1724 7
1725 7
1726 4
1727 14
1728 14
1729 1
1730 2
1731 8
1732 1
1733 6
1734 1
1735 29
1736 1
1737 3
1738 3
1739 1
1740 1
1741 4
1742 11
1743 5
1744 14
1745 9
1746 3
1747 4
1748 7
1749 1
1750 8
1751 1
1752 7
1753 5
1754 1
1755 6
1756 20
1757 4
1758 2
1759 2
1760 3
1761 20
1762 1
1763 7
1764 5
1765 3
1766 5
1767 26
1768 7
1769 1
1770 13
1771 2
1772 9
1773 15
1774 11
1775 3
1776 7
1777 20
1778 1
1779 6
1780 1
1781 4
1782 5
1783 24
1784 5
1785 3
1786 8
1787 1
1788 3
1789 3
1790 11
1791 3
1792 2
1793 3
1794 6
1795 5
1796 3
1797 2
1798 24
1799 4
1800 26
1801 2
1802 26
1803 3
1804 3
1805 3
1806 23
1807 22
1808 9
1809 5
1810 2
1811 9
1812 1
1813 1
1814 6
1815 1
1816 10
1817 6
1818 4
1819 39
1820 13
1821 4
1822 3
1823 12
1824 4
1825 6
1826 21
1827 4
1828 5
1829 8
1830 7
1831 2
1832 14
1833 1
1834 3
1835 1
1836 28
1837 1
1838 1
1839 3
1840 8
1841 9
1842 25
1843 2
1844 3
1846 20
1847 6
1848 5
1849 1
1850 2
1851 16
1852 3
1853 2
1854 2
1855 1
1856 2
1857 3
1858 2
1859 5
1860 1
1861 5
1862 3
1863 14
1864 23
1865 12
1866 3
1867 3
1868 4
1869 4
1870 3
1871 1
1872 1
1873 6
1874 9
1875 5
1876 27
1877 5
1878 8
1879 17
1880 2
1881 2
1882 8
1883 4
1884 7
1885 8
1886 2
1887 3
1888 8
1889 4
1890 2
1891 15
1892 6
1893 5
1894 4
1895 6
1896 3
1897 3
1898 17
1899 1
1900 9
1901 4
1902 1
1903 1
1904 6
1905 7
1906 5
1907 5
1908 2
1909 14
1910 1
1911 39
1912 3
1913 5
1914 3
1915 2
1916 2
1917 9
1918 5
1919 1
1920 1
1921 13
1922 11
1923 1
1924 1
1925 3
1926 2
1927 2
1928 5
1929 14
1930 4
1931 6
1932 3
1933 1
1934 6
1935 13
1936 5
1937 2
1938 4
1939 3
1940 2
1941 2
1942 34
1943 3
1944 8
1945 3
1946 7
1947 5
1948 6
1949 7
1950 5
1951 1
1952 9
1953 5
1954 1
1955 9
1956 1
1957 10
1958 5
1959 2
1960 4
1961 3
1962 1
1963 3
1964 3
1965 1
1966 1
1967 8
1968 5
1969 7
1970 2
1971 6
1972 4
1973 4
1974 18
1975 4
1976 11
1977 1
1978 3
1979 3
1980 1
1981 11
1982 8
1983 15
1984 3
1985 24
1986 7
1987 5
1988 1
1989 7
1990 14
1991 1
1992 4
1993 40
1994 8
1995 3
1996 2
1997 2
1998 8
1999 1
2000 1
2001 17
2002 5
2003 1
2004 4
2005 19
2006 13
2007 6
2008 1
2009 1
2010 1
2011 12
2012 1
2013 10
2014 7
2015 7
2016 5
2017 3
2018 3
2019 12
2020 2
2021 9
2022 10
2023 10
2024 4
2025 7
2026 1
2027 1
2028 2
2029 2
2030 14
2031 9
2032 16
2033 4
2034 10
2035 5
2036 9
2037 5
2038 7
2039 4
2040 13
2041 51
2042 4
2043 1
2044 7
2045 1
2046 17
2047 2
2048 8
2049 3
2050 21
2051 1
2052 2
2053 8
2054 2
2055 2
2056 30
2057 9
2058 8
2059 8
2060 5
2061 11
2062 1
2063 3
2064 2
2065 11
2066 6
2067 1
2068 8
2069 2
2071 3
2072 1
2073 1
2074 8
2075 2
2076 2
2078 4
2079 3
2080 2
2081 4
2082 4
2083 9
2084 15
2085 8
2086 1
2087 8
2088 1
2089 51
2090 8
2091 6
2092 11
2093 1
2094 2
2095 19
2096 1
2097 38
2098 3
2099 2
2100 2
2101 13
2102 10
2103 3
2104 17
2105 6
2106 11
2107 2
2108 4
2109 15
2110 1
2111 1
2112 11
2113 11
2114 17
2115 10
2116 1
2117 6
2118 6
2119 3
2120 14
2121 3
2122 2
2123 9
2124 2
2125 5
2126 6
2127 7
2128 3
2129 6
2130 6
2131 5
2132 1
2133 14
2134 1
2135 11
2136 5
2137 2
2138 8
2139 4
2140 15
2141 2
2142 1
2143 19
2144 2
2145 21
2146 5
2147 8
2148 2
2149 8
2150 4
2151 1
2152 5
2153 7
2154 9
2155 2
2156 5
2157 6
2158 7
2159 3
2160 14
2161 1
2162 5
2163 2
2164 17
2165 2
2166 4
2167 4
2168 6
2169 5
2170 2
2171 8
2172 2
2173 3
2174 3
2175 2
2176 4
2177 6
2178 1
2179 15
2180 5
2181 3
2182 4
2183 1
2184 3
2185 2
2186 1
2187 3
2188 2
2189 2
2190 10
2191 3
2192 5
2194 1
2195 1
2196 1
2197 8
2198 4
2199 4
2200 1
2201 5
2202 1
2203 25
2204 4
2205 2
2206 7
2207 4
2208 2
2209 3
2210 16
2211 2
2212 13
2213 4
2214 8
2215 5
2216 3
2217 19
2218 7
2219 13
2220 5
2221 5
2222 9
2223 1
2224 9
2225 1
2226 35
2227 1
2228 20
2229 6
2230 10
2231 4
2232 5
2233 17
2234 17
2235 26
2236 3
2237 5
2238 22
2239 1
2240 3
2241 1
2242 22
2243 6
2244 24
2245 5
2246 3
2247 2
2248 2
2249 1
2250 5
2251 7
2252 2
2253 12
2254 8
2255 13
2256 2
2257 4
2258 5
2259 5
2260 1
2261 10
2262 4
2263 1
2264 1
2265 15
2266 10
2267 2
2268 3
2269 8
2270 4
2271 5
2272 1
2273 5
2274 1
2275 9
2276 1
2277 2
2278 4
2279 4
2280 5
2281 2
2282 1
2283 1
2284 5
2285 12
2286 3
2287 5
2288 1
2289 12
2290 3
2291 44
2292 7
2293 9
2294 1
2295 4
2296 8
2297 2
2298 6
2299 6
2300 2
2301 2
2302 18
2303 65
2304 15
2305 9
2306 6
2307 5
2308 13
2309 3
2310 1
2311 5
2312 10
2313 14
2314 2
2315 19
2316 8
2317 1
2318 6
2319 3
2320 2
2321 17
2322 5
2323 8
2324 3
2325 7
2326 2
2327 9
2328 9
2329 7
2330 1
2331 3
2332 14
2333 10
2334 2
2335 11
2336 3
2337 3
2338 20
2339 24
2340 2
2341 6
2342 12
2343 7
2344 7
2345 1
2346 16
2347 1
2348 3
2349 1
2350 1
2351 1
2352 3
2353 7
2354 2
2355 12
2356 23
2357 4
2358 2
2359 5
2360 7
2361 13
2362 4
2363 5
2364 6
2365 3
2366 12
2367 3
2368 4
2369 3
2370 10
2371 4
2372 6
2373 2
2374 20
2375 4
2376 27
2377 3
2378 5
2379 9
2380 8
2381 24
2382 25
2383 13
2384 1
2385 6
2386 31
2387 16
2388 1
2389 1
2390 2
2391 9
2392 4
2393 12
2394 4
2395 13
2396 3
2397 3
2398 2
2399 5
2400 2
2401 8
2402 6
2403 1
2404 6
2405 7
2406 21
2407 3
2408 7
2409 6
2410 61
2411 2
2412 15
2413 2
2414 5
2415 5
2416 3
2417 4
2418 28
2419 8
2420 5
2421 5
2422 1
2423 8
2424 1
2425 8
2426 1
2427 6
2428 1
2429 19
2430 4
2431 8
2432 2
2433 13
2434 37
2435 7
2436 5
2437 5
2438 8
2439 6
2440 16
2441 9
2442 5
2443 4
2444 31
2445 9
2446 5
2447 9
2448 4
2449 6
2450 3
2451 14
2452 7
2453 9
2454 19
2455 5
2456 1
2457 2
2458 13
2459 10
2460 5
2461 14
2462 6
2463 15
2464 5
2465 3
2466 7
2467 88
2468 19
2469 34
2470 8
2471 19
2472 1
2473 6
2474 2
2475 5
2476 14
2477 8
2478 8
2479 24
2480 3
2481 10
2482 6
2483 9
2484 19
2485 11
2486 6
2487 17
2488 4
2489 5
2490 3
2491 5
2492 4
2493 6
2494 9
2495 6
2496 6
2497 6
2498 27
2499 5
2500 18
2501 1
2502 3
2503 2
2504 2
2505 16
2506 9
2507 7
2508 3
2509 1
2510 26
2511 7
2512 3
2513 4
2514 7
2515 3
2517 4
2518 3
2519 9
2520 1
2521 5
2522 7
2523 2
2524 8
2525 3
2526 6
2527 2
2528 4
2529 2
2530 5
2531 25
2532 7
2533 13
2534 4
2535 6
2536 12
2537 4
2538 2
2539 2
2540 3
2541 15
2542 4
2543 5
2544 35
2545 13
2546 3
2547 1
2548 2
2549 9
2550 20
2551 4
2552 14
2553 13
2554 3
2555 8
2556 11
2557 9
2558 4
2559 8
2560 3
2561 11
2562 2
2563 3
2564 13
2565 7
2566 11
2567 1
2568 1
2569 5
2570 4
2571 6
2572 3
2573 6
2574 14
2575 2
2576 8
2578 1
2579 20
2580 2
2581 2
2582 1
2583 18
2584 26
2585 2
2586 25
2587 7
2588 1
2589 8
2590 8
2591 4
2592 10
2593 1
2594 1
2595 6
2596 9
2597 1
2598 2
2599 5
2600 2
2601 4
2602 7
2603 5
2604 9
2605 4
2606 3
2607 2
2608 3
2609 6
2610 6
2611 11
2612 2
2613 3
2614 20
2615 19
2616 10
2617 3
2618 11
2619 17
2620 9
2621 4
2622 8
2623 1
2624 6
2625 5
2626 1
2627 5
2628 10
2629 8
2630 1
2631 2
2632 8
2633 3
2634 9
2635 11
2636 5
2637 5
2638 4
2639 2
2640 15
2641 11
2642 4
2643 4
2644 2
2645 1
2646 5
2647 30
2648 2
2649 3
2650 4
2651 1
2652 3
2653 7
2654 4
2655 4
2656 2
2657 1
2658 4
2659 9
2660 5
2661 4
2662 3
2663 3
2664 20
2665 6
2666 2
2667 2
2668 4
2669 1
2670 5
2671 9
2672 5
2673 2
2674 5
2675 9
2676 17
2677 2
2678 3
2679 23
2680 32
2681 4
2682 5
2683 5
2684 4
2685 3
2686 2
2687 13
2688 12
2689 8
2690 10
2691 12
2692 1
2693 5
2694 7
2695 2
2696 6
2697 3
2698 1
2699 17
2700 11
2701 8
2702 3
2703 9
2704 1
2705 2
2706 6
2707 1
2708 1
2709 5
2710 1
2711 1
2713 18
2714 3
2715 1
2716 12
2717 5
2718 2
2719 2
2720 8
2721 9
2722 1
2723 21
2724 8
2725 8
2726 15
2727 9
2728 2
2729 9
2730 8
2731 14
2732 4
2733 2
2734 5
2735 4
2736 8
2737 1
2738 3
2739 2
2740 2
2741 9
2742 9
2743 11
2744 8
2745 6
2746 20
2747 24
2748 4
2749 5
2750 2
2751 1
2752 1
2753 4
2754 10
2755 2
2756 1
2757 3
2758 19
2759 11
2760 4
2761 8
2762 2
2763 13
2764 4
2765 2
2766 3
2767 6
2768 3
2769 2
2770 2
2771 4
2772 5
2773 6
2774 19
2775 3
2776 5
2777 4
2778 2
2779 4
2780 3
2781 2
2782 9
2783 2
2784 5
2785 1
2786 1
2787 1
2788 2
2789 6
2790 10
2791 3
2792 6
2793 9
2794 2
2795 12
2796 5
2797 1
2798 14
2799 2
2800 1
2801 2
2802 33
2803 3
2804 4
2805 2
2806 4
2807 1
2808 11
2809 1
2810 1
2811 3
2812 17
2813 10
2814 11
2815 1
2816 2
2817 2
2818 17
2819 9
2820 5
2821 2
2822 1
2823 3
2824 10
2825 7
2826 5
2827 4
2829 2
2830 5
2831 20
2832 15
2833 4
2834 2
2835 6
2836 6
2837 2
2838 3
2839 10
2840 20
2841 11
2842 4
2843 2
2844 11
2845 11
2846 3
2847 5
2848 9
2849 21
2850 9
2851 5
2852 4
2853 6
2854 8
2855 3
2856 1
2857 19
2858 2
2859 18
2860 2
2861 30
2862 9
2863 6
2864 6
2865 17
2866 4
2867 8
2868 5
2869 1
2870 5
2871 1
2872 2
2873 18
2874 4
2875 2
2876 44
2877 2
2878 14
2879 1
2880 2
2881 15
2882 6
2883 1
2884 3
2885 2
2886 24
2887 6
2888 1
2889 10
2890 21
2891 12
2892 5
2893 5
2894 5
2895 8
2896 18
2897 9
2898 3
2899 2
2900 1
2901 18
2902 1
2903 4
2904 9
2905 2
2906 2
2907 4
2908 15
2909 3
2910 3
2911 15
2912 13
2913 2
2914 4
2915 14
2916 112
2917 4
2918 5
2919 13
2920 4
2921 8
2922 7
2923 9
2924 10
2925 12
2926 8
2927 4
2928 4
2929 2
2930 3
2931 6
2932 3
2933 18
2934 11
2935 7
2936 20
2937 1
2938 26
2939 39
2940 3
2941 1
2942 2
2943 8
2944 6
2945 1
2946 8
2947 1
2948 4
2949 8
2950 1
2951 10
2952 9
2953 6
2954 27
2955 2
2956 18
2957 9
2958 2
2959 7
2960 7
2961 4
2962 9
2963 2
2964 7
2965 1
2966 11
2968 9
2969 2
2970 4
2971 11
2972 8
2973 4
2974 13
2975 2
2976 2
2977 1
2978 12
2979 3
2980 1
2981 4
2982 15
2983 17
2984 8
2985 7
2986 3
2987 14
2988 2
2989 8
2990 4
2991 9
2992 2
2993 6
2994 7
2995 1
2996 9
2997 2
2998 9
2999 7
3000 3
3001 3
3002 2
3003 56
3004 14
3005 2
3006 1
3007 7
3008 6
3009 3
3010 2
3011 6
3012 1
3013 6
3014 11
3015 2
3016 18
3017 12
3018 7
3019 4
3020 9
3021 1
3022 4
3023 17
3024 19
3025 5
3026 1
3027 10
3028 11
3029 4
3030 5
3031 4
3032 5
3033 11
3034 3
3035 5
3036 9
3037 6
3038 9
3039 3
3040 3
3041 8
3042 1
3043 2
3044 14
3045 17
3046 1
3047 7
3048 6
3049 5
3050 2
3051 5
3052 3
3053 5
3054 2
3055 3
3056 4
3057 31
3058 26
3059 5
3060 1
3061 8
3062 4
3063 8
3064 8
3065 14
3066 7
3067 8
3068 6
3069 1
3070 1
3071 6
3072 9
3073 1
3074 4
3075 7
3076 2
3077 3
3078 4
3079 9
3080 7
3081 21
3082 4
3083 4
3084 2
3085 14
3086 6
3087 7
3088 5
3089 7
3090 1
3091 10
3092 9
3093 3
3094 2
3095 31
3096 31
3097 4
3098 9
3099 1
3100 28
3101 9
3102 13
3103 3
3104 10
3105 12
3106 4
3107 7
3108 6
3109 2
3110 61
3111 5
3112 65
3113 41
3114 36
3115 40
3116 38
3117 97
3118 32
3119 20
3120 327
3121 21
3122 24
3123 10
3124 56
3125 3
3126 6
3127 12
3128 8
3129 15
3130 7
3131 3
3132 2
3133 41
3134 4
3135 2
3136 15
3137 1
3138 8
3139 7
3140 8
3141 25
3142 3
3143 36
3144 8
3145 4
3146 5
3147 9
3148 2
3149 4
3150 11
3151 3
3152 6
3153 9
3154 1
3155 13
3156 12
3157 1
3158 2
3159 1
3160 5
3161 9
3162 6
3163 2
3164 16
3165 15
3166 8
3167 8
3168 21
3169 2
3170 1
3171 2
3172 49
3173 15
3174 19
3175 1
3176 3
3177 3
3178 8
3179 3
3180 6
3181 4
3182 7
3183 4
3184 11
3185 9
3186 1
3187 22
3188 2
3189 24
3190 2
3191 7
3192 4
3193 11
3194 6
3195 11
3196 17
3197 2
3198 41
3199 6
3200 2
3201 3
3202 5
3203 6
3204 9
3205 5
3206 5
3207 12
3208 26
3209 7
3210 8
3211 11
3212 9
3213 8
3214 2
3215 8
3216 10
3217 2
3218 3
3219 7
3220 16
3221 2
3222 7
3223 3
3224 7
3225 6
3226 4
3227 5
3228 4
3229 36
3230 8
3231 25
3232 2
3233 13
3234 12
3235 2
3236 12
3237 54
3238 2
3239 12
3240 10
3241 3
3242 5
3243 66
3244 16
3245 5
3246 10
3247 5
3248 13
3249 5
3250 1
3251 2
3252 5
3253 3
3254 4
3255 7
3256 25
3257 9
3258 3
3259 21
3260 13
3261 8
3262 6
3263 5
3264 6
3265 7
3266 4
3267 19
3268 2
3269 10
3270 13
3271 1
3272 4
3273 8
3274 54
3275 2
3276 4
3277 4
3278 2
3279 3
3280 14
3281 8
3282 11
3283 3
3284 4
3285 1
3286 3
3287 4
3288 4
3289 6
3290 13
3291 14
3292 12
3293 2
3294 4
3295 5
3296 1
3297 7
3298 9
3299 2
3300 16
3301 5
3302 1
3303 7
3304 11
3305 4
3306 5
3307 9
3308 2
3309 8
3310 4
3311 2
3312 21
3313 14
3314 6
3315 13
3316 9
3317 5
3318 8
3319 5
3320 2
3321 10
3322 9
3323 30
3324 9
3325 2
3326 7
3327 6
3328 2
3329 1
3331 9
3332 7
3333 15
3334 3
3335 17
3336 6
3337 14
3338 13
3339 3
3340 15
3341 6
3342 8
3343 5
3344 16
3345 2
3346 6
3347 6
3348 44
3349 1
3350 19
3351 18
3352 20
3353 23
3354 2
3355 4
3356 1
3357 7
3358 3
3359 22
3360 14
3361 10
3362 1
3363 10
3364 14
3365 4
3366 7
3367 17
3368 4
3369 2
3370 2
3371 7
3372 3
3373 11
3374 1
3375 4
3376 7
3377 11
3378 4
3379 8
3380 7
3381 2
3382 13
3383 2
3384 2
3385 7
3386 7
3387 3
3388 34
3389 23
3390 11
3391 4
3392 8
3393 15
3394 4
3395 3
3396 14
3397 4
3398 2
3399 9
3400 5
3401 5
3402 3
3403 14
3404 7
3405 10
3406 1
3407 3
3408 3
3409 12
3410 12
3411 5
3412 17
3413 4
3414 5
3415 3
3416 1
3417 5
3418 8
3419 6
3420 14
3421 2
3422 18
3423 7
3424 10
3425 10
3426 5
3427 1
3428 4
3429 3
3430 11
3431 17
3432 5
3433 18
3434 1
3435 2
3436 12
3437 10
3438 6
3439 15
3440 3
3441 4
3442 21
3443 9
3444 4
3445 33
3446 3
3447 10
3448 2
3449 2
3450 25
3451 2
3452 6
3453 6
3454 3
3455 9
3456 12
3457 9
3458 8
3459 6
3460 5
3461 2
3462 6
3463 13
3464 27
3465 13
3466 10
3467 4
3468 2
3469 20
3470 6
3471 1
3472 11
3473 10
3474 15
3475 6
3476 32
3477 12
3478 7
3479 15
3480 7
3481 4
3482 2
3483 9
3484 6
3485 26
3486 9
3487 18
3488 5
3489 12
3490 23
3491 15
3492 20
3493 5
3494 5
3495 11
3496 17
3497 16
3498 23
3499 12
3500 57
3501 2
3502 10
3503 4
3504 15
3505 5
3506 3
3507 21
3508 2
3509 9
3510 5
3511 3
3512 2
3513 10
3514 3
3515 3
3516 5
3517 8
3518 19
3519 92
3520 3
3521 2
3522 27
3523 4
3524 2
3525 19
3526 26
3527 4
3528 2
3529 5
3530 35
3531 12
3532 4
3533 6
3534 5
3535 9
3536 5
3537 5
3538 17
3539 6
3540 17
3541 153
3542 14
3543 5
3544 17
3545 5
3546 17
3547 4
3548 22
3549 1
3550 17
3551 1
3552 18
3553 13
3554 9
3555 4
3556 4
3557 4
3558 1
3559 5
3560 21
3561 2
3562 11
3563 4
3564 1
3565 13
3566 10
3567 8
3568 6
3569 47
3570 3
3571 26
3572 1
3573 5
3574 9
3575 3
3576 4
3577 3
3578 1
3579 1
3580 12
3581 8
3582 4
3583 1
3584 3
3585 3
3586 61
3587 6
3588 17
3589 42
3590 51
3591 4
3592 13
3593 18
3594 4
3595 3
3596 16
3597 14
3598 14
3599 54
3600 4
3601 11
3602 15
3603 3
3604 2
3605 32
3606 4
3607 3
3608 3
3609 4
3610 20
3611 3
3612 1
3613 3
3614 13
3615 4
3616 66
3617 3
3618 4
3619 8
3620 14
3621 1
3622 14
3623 5
3624 2
3626 9
3627 6
3628 5
3629 19
3630 27
3631 1
3632 22
3633 28
3634 2
3635 1
3636 3
3637 4
3638 10
3639 4
3640 13
3641 4
3642 8
3643 4
3644 24
3645 3
3646 11
3647 12
3648 4
3649 23
3650 12
3651 7
3652 17
3653 14
3654 35
3655 6
3656 14
3657 4
3658 18
3659 3
3660 4
3661 1
3662 16
3663 6
3664 10
3665 4
3666 4
3667 25
3668 17
3669 2
3670 8
3671 18
3672 2
3673 7
3674 1
3675 8
3676 7
3677 3
3678 12
3679 6
3680 18
3681 3
3682 19
3683 19
3684 5
3685 14
3686 5
3687 34
3688 35
3689 16
3690 2
3691 21
3692 6
3693 3
3694 6
3695 2
3696 3
3697 7
3698 2
3699 1
3700 33
3701 3
3702 6
3703 27
3704 3
3705 4
3706 14
3707 6
3708 5
3709 9
3710 5
3711 12
3712 4
3713 14
3714 6
3715 9
3716 21
3717 3
3718 12
3719 13
3720 11
3721 30
3722 10
3723 2
3724 6
3725 1
3726 28
3727 3
3728 3
3729 17
3730 3
3731 3
3732 18
3733 20
3734 2
3735 12
3736 4
3737 20
3738 26
3739 13
3740 6
3741 4
3742 11
3743 4
3744 7
3745 22
3746 8
3747 3
3748 27
3749 16
3750 12
3751 19
3752 3
3753 13
3754 3
3755 7
3756 3
3757 4
3758 1
3759 3
3760 1
3761 8
3762 120
3763 9
3764 14
3765 19
3766 17
3767 8
3768 2
3769 7
3770 24
3771 20
3772 9
3773 6
3774 13
3775 1
3776 2
3777 3
3778 4
3779 11
3780 2
3781 141
3782 2
3783 2
3784 5
3785 5
3786 70
3787 25
3788 2
3789 11
3790 3
3791 53
3792 62
3793 17
3794 18
3795 3
3796 41
3797 90
3798 2
3799 10
3800 1
3801 26
3802 30
3803 55
3804 29
3805 4
3806 42
3807 102
3808 3
3809 393
3810 27
3811 12
3812 7
3813 7
3814 9
3815 21
3816 8
3817 1
3818 7
3819 6
3820 8
3821 14
3822 32
3823 89
3824 7
3825 55
3826 8
3827 6
3828 32
3829 34
3830 6
3831 19
3832 13
3833 9
3834 12
3835 78
3836 15
3837 83
3838 5
3839 1
3840 58
3841 7
3842 36
3843 3
3844 27
3845 5
3846 40
3847 29
3848 6
3849 5
3850 20
3851 12
3852 2
3853 9
3854 4
3855 3
3856 18
3857 13
3858 26
3859 34
3860 19
3861 35
3862 21
3863 22
3864 9
3865 39
3866 15
3867 8
3868 9
3869 16
3870 36
3871 8
3872 3
3873 38
3874 14
3875 4
3876 13
3877 90
3878 16
3879 25
3880 37
3881 23
3882 5
3883 16
3884 23
3885 14
3886 34
3887 61
3888 6
3889 23
3890 13
3891 5
3892 4
3893 53
3894 4
3895 4
3896 20
3897 11
3898 10
3899 9
3900 37
3901 13
3902 11
3903 23
3904 39
3905 2
3906 8
3907 20
3908 13
3909 6
3910 5
3911 67
3912 7
3913 10
3914 17
3915 9
3916 17
3917 3
3918 15
3919 10
3920 6
3921 23
3922 17
3923 27
3924 32
3925 13
3926 41
3927 71
3928 9
3929 13
3930 97
3931 17
3932 54
3933 23
3934 20
3935 62
3936 28
3937 15
3938 71
3939 11
3940 46
3941 43
3942 22
3943 5
3944 35
3945 28
3946 22
3947 9
3948 8
3949 4
3950 4
3951 6
3952 8
3953 1
3954 15
3955 10
3956 2
3957 2
3958 10
3959 6
3960 15
3961 20
3962 7
3963 20
3964 12
3965 3
3966 32
3967 1
3968 11
3969 8
3970 27
3971 6
3972 8
3973 24
3974 10
3975 26
3976 4
3977 2
3978 9
3979 12
3980 12
3981 13
3982 8
3983 6
3984 15
3985 14
3986 13
3987 43
3988 6
3989 2
3990 6
3991 3
3992 18
3993 5
3994 17
3995 65
3996 4
3997 5
3998 5
3999 15
4000 2
4001 12
4002 30
4003 5
4004 14
4005 5
4006 52
4007 45
4008 21
4009 1
4010 3
4011 11
4012 7
4013 12
4014 70
4015 41
4016 9
4017 6
4018 3
4019 21
4020 11
4021 24
4022 2
4023 41
4024 14
4025 23
4026 3
4027 12
4028 1
4029 9
4030 1
4031 14
4032 3
4033 5
4034 19
4035 16
4036 13
4037 1
4038 5
4039 9
4040 4
4041 16
4042 4
4043 5
4044 2
4045 3
4046 7
4047 55
4048 3
4049 80
4050 27
4051 13
4052 27
4053 10
4054 1
4055 45
4056 5
4057 49
4058 25
4059 7
4060 16
4061 41
4062 5
4063 13
4064 9
4065 5
4066 7
4067 4
4068 3
4069 2
4070 6
4071 5
4072 6
4073 3
4074 5
4075 5
4076 41
4077 3
4078 19
4079 13
4080 3
4081 4
4082 7
4083 10
4084 5
4085 6
4086 5
4087 13
4088 6
4089 2
4090 5
4091 2
4092 9
4093 9
4094 3
4095 4
4096 3
4097 13
4098 9
4099 2
4100 10
4101 11
4102 3
4103 2
4104 7
4105 5
4106 1
4107 12
4108 2
4109 5
4110 2
4111 7
4112 3
4113 14
4114 4
4115 3
4116 14
4117 1
4118 3
4119 14
4120 6
4121 12
4122 2
4123 11
4124 1
4125 21
4126 2
4127 1
4128 6
4129 5
4130 3
4131 11
4132 4
4133 6
4134 12
4135 8
4136 3
4137 11
4138 6
4139 2
4140 10
4141 16
4142 2
4143 4
4144 8
4145 13
4146 4
4147 5
4148 9
4149 1
4150 14
4151 5
4152 9
4153 2
4154 3
4155 13
4156 13
4157 10
4158 6
4159 6
4160 12
4161 5
4162 2
4163 2
4164 21
4165 1
4166 27
4167 13
4168 14
4169 2
4170 3
4171 14
4172 1
4173 8
4174 155
4175 7
4176 14
4177 5
4178 17
4179 5
4180 10
4181 8
4182 1
4183 4
4184 9
4185 4
4186 45
4187 5
4188 11
4189 221
4190 2
4191 16
4192 8
4193 34
4194 7
4195 29
4196 41
4197 7
4198 21
4199 10
4200 21
4201 8
4202 17
4203 44
4204 31
4205 10
4206 9
4207 52
4208 22
4209 66
4210 25
4211 5
4212 22
4213 48
4214 15
4215 7
4216 11
4217 8
4218 8
4219 13
4220 7
4221 5
4222 7
4223 8
4224 36
4225 19
4226 4
4227 13
4228 11
4229 3
4230 31
4231 8
4232 2
4233 2
4234 1
4235 2
4236 3
4237 32
4238 2
4239 31
4240 25
4241 29
4242 4
4243 4
4244 12
4245 74
4246 55
4247 18
4248 19
4249 5
4250 39
4251 13
4252 6
4253 20
4254 30
4255 8
4256 14
4257 32
4258 10
4259 2
4260 33
4261 12
4262 51
4263 36
4264 13
4265 52
4266 8
4267 89
4268 7
4269 7
4270 3
4271 6
4272 6
4273 13
4274 16
4275 42
4276 64
4277 17
4278 28
4279 85
4280 19
4281 23
4282 12
4283 68
4284 58
4285 16
4286 26
4287 5
4288 8
4289 8
4290 7
4291 10
4292 8
4293 30
4294 29
4295 10
4296 4
4297 29
4298 20
4299 26
4300 22
4301 1
4302 33
4303 14
4304 7
4305 21
4306 21
4307 34
4308 4
4309 1
4310 8
4311 4
4312 4
4313 6
4314 4
4315 1
4316 3
4317 9
4318 4
4319 2
4320 22
4321 4
4322 3
4323 32
4324 4
4325 1
4326 3
4327 4
4328 4
4329 9
4330 5
4331 6
4332 1
4333 4
4334 3
4335 2
4336 5
4337 6
4338 6
4339 3
4340 4
4341 2
4342 3
4343 2
4344 4
4345 12
4346 8
4347 7
4348 6
4349 2
4350 3
4351 2
4352 2
4353 4
4354 5
4355 3
4356 4
4357 2
4358 18
4359 2
4360 6
4361 8
4362 4
4363 5
4364 5
4365 1
4366 3
4367 2
4368 3
4369 4
4370 13
4371 8
4372 14
4373 2
4374 1
4375 5
4376 4
4377 9
4378 9
4379 4
4380 4
4381 5
4382 2
4383 2
4384 4
4385 7
4386 4
4387 9
4388 1
4389 1
4390 1
4391 6
4392 2
4393 1
4394 1
4395 5
4396 9
4397 7
4398 6
4399 2
4401 3
4402 3
4403 8
4404 3
4405 5
4406 3
4407 5
4408 7
4409 3
4410 3
4411 1
4412 14
4413 29
4414 2
4415 2
4416 2
4417 7
4418 3
4419 13
4420 5
4421 3
4422 3
4423 2
4424 1
4425 2
4426 7
4427 1
4428 6
4429 5
4430 4
4431 1
4432 1
4433 4
4434 3
4435 8
4436 2
4437 3
4438 1
4439 1
4440 1
4441 2
4442 3
4443 4
4444 5
4445 1
4446 6
4447 1
4448 4
4449 3
4450 9
4451 13
4452 9
4453 24
4454 1
4455 2
4456 2
4457 2
4458 1
4459 2
4460 3
4461 3
4462 6
4463 2
4464 4
4465 4
4466 2
4467 1
4468 6
4469 23
4470 1
4471 14
4472 4
4473 2
4474 4
4475 1
4476 1
4477 4
4478 5
4479 12
4480 1
4481 1
4482 4
4483 1
4484 2
4485 1
4486 5
4487 4
4488 3
4489 5
4490 3
4491 2
4492 1
4493 1
4494 3
4495 4
4496 4
4497 4
4498 7
4499 2
4500 1
4501 1
4502 11
4503 5
4504 1
4505 4
4506 7
4507 3
4508 13
4509 4
4510 4
4511 5
4513 3
4514 11
4515 4
4516 7
4517 4
4518 5
4519 5
4520 2
4521 3
4522 5
4523 1
4524 5
4525 8
4526 1
4527 9
4528 2
4529 3
4530 2
4531 1
4532 3
4533 7
4534 2
4535 6
4536 10
4537 1
4538 1
4539 5
4540 1
4541 1
4542 5
4543 12
4544 6
4545 6
4546 12
4547 5
4548 25
4549 3
4550 2
4551 3
4552 1
4553 4
4554 42
4555 10
4556 5
4557 6
4558 3
4559 9
4560 9
4561 11
4562 4
4563 7
4564 2
4565 3
4566 9
4567 2
4568 4
4569 3
4570 9
4571 7
4572 4
4573 1
4574 1
4575 1
4576 4
4577 4
4578 6
4579 11
4580 2
4581 15
4582 2
4583 7
4584 9
4585 16
4586 1
4587 2
4588 1
4589 2
4590 2
4591 6
4592 5
4593 1
4594 4
4595 1
4596 9
4597 2
4598 4
4599 12
4600 10
4601 14
4602 4
4603 3
4604 2
4605 6
4606 8
4607 3
4608 5
4609 2
4610 2
4611 4
4612 1
4613 2
4614 4
4615 7
4616 3
4617 10
4618 13
4619 2
4620 12
4621 14
4622 9
4623 7
4624 6
4625 4
4626 2
4627 2
4628 6
4629 4
4630 13
4631 1
4632 1
4633 23
4635 1
4636 6
4637 3
4638 3
4639 1
4640 6
4641 3
4642 33
4643 8
4644 16
4645 1
4646 6
4647 10
4648 5
4650 8
4651 12
4652 3
4653 3
4654 2
4655 4
4656 6
4657 3
4658 21
4659 5
4660 6
4661 9
4662 6
4663 1
4664 7
4665 2
4666 2
4667 1
4668 1
4669 26
4670 17
4671 3
4672 10
4673 6
4674 2
4675 15
4676 7
4677 1
4678 7
4679 6
4680 9
4681 4
4682 16
4683 7
4684 4
4685 11
4686 2
4687 3
4689 5
4690 3
4691 8
4692 3
4693 29
4694 4
4695 10
4696 4
4697 10
4698 13
4699 9
4700 74
4701 5
4702 3
4703 2
4704 30
4705 15
4706 9
4707 15
4708 10
4709 28
4710 11
4711 4
4712 14
4713 11
4714 4
4715 17
4716 33
4717 6
4718 14
4719 15
4720 21
4721 6
4722 13
4723 4
4724 25
4725 8
4726 24
4727 6
4728 8
4729 16
4730 21
4731 12
4732 12
4733 29
4734 10
4735 7
4736 15
4737 15
4738 10
4739 4
4740 5
4741 20
4742 21
4743 8
4744 12
4745 18
4746 17
4747 19
4748 18
4749 10
4750 110
4751 13
4752 7
4753 20
4754 24
4755 7
4756 17
4757 42
4758 22
4759 11
4760 4
4761 9
4762 14
4763 32
4764 28
4765 6
4766 26
4767 16
4768 18
4769 33
4770 17
4771 5
4772 9
4773 14
4774 4
4775 15
4776 27
4777 2
4778 19
4779 32
4780 8
4781 28
4782 3
4783 39
4784 18
4785 6
4786 44
4787 10
4788 6
4789 43
4790 13
4791 16
4792 13
4793 7
4794 11
4795 33
4796 1
4797 3
4798 1
4799 10
4800 57
4801 36
4802 44
4803 7
4804 72
4805 23
4806 5
4807 38
4808 1
4809 10
4810 53
4811 113
4812 10
4813 106
4814 6
4815 24
4816 41
4817 50
4818 12
4819 11
4820 34
4821 22
4822 3
4823 12
4824 13
4825 27
4826 37
4827 3
4828 5
4829 13
4830 4
4831 85
4832 32
4833 54
4834 28
4835 128
4836 86
4837 74
4838 72
4839 19
4840 6
4841 13
4842 83
4843 117
4844 116
4845 54
4846 5
4847 17
4848 57
4849 35
4850 81
4851 141
4852 55
4853 22
4854 18
4855 8
4856 16
4857 75
4858 33
4859 63
4860 4
4861 6
4862 60
4863 28
4864 24
4865 7
4866 65
4867 6
4868 60
4869 10
4870 7
4871 9
4872 51
4873 10
4874 33
4875 15
4876 38
4877 73
4878 6
4879 58
4880 44
4881 33
4882 72
4883 8
4884 15
4885 34
4886 7
4887 12
4888 11
4889 33
4890 105
4891 72
4892 17
4893 11
4894 7
4895 34
4896 28
4897 29
4898 8
4899 15
4900 43
4901 164
4902 3
4903 18
4904 1
4905 7
4906 14
4907 19
4908 14
4909 2
4910 2
4911 11
4912 24
4913 43
4914 4
4915 50
4916 42
4917 20
4918 15
4919 24
4920 55
4921 10
4922 10
4923 7
4924 16
4925 18
4926 19
4927 2
4928 30
4929 14
4930 9
4931 14
4932 40
4933 13
4934 11
4935 15
4936 2
4937 6
4938 4
4939 4
4940 96
4941 11
4942 3
4943 5
4944 8
4945 13
4946 53
4947 4
4948 7
4949 3
4950 26
4951 12
4952 24
4953 2
4954 15
4955 7
4956 3
4957 37
4958 5
4959 10
4960 8
4961 2
4962 1
4963 18
4964 5
4965 4
4966 16
4967 6
4968 42
4969 8
4970 10
4971 11
4972 97
4973 11
4974 11
4975 1
4976 6
4977 2
4978 12
4979 17
4980 14
4981 29
4982 8
4983 10
4984 38
4985 6
4986 17
4987 4
4988 22
4989 11
4990 5
4991 28
4992 103
4993 5
4994 3
4995 16
4996 5
4997 4
4998 4
4999 20
5000 12
5001 18
5002 5
5003 12
5004 6
5005 17
5006 19
5007 94
5008 78
5009 15
5010 10
5011 10
5012 4
5013 7
5014 8
5015 4
5016 26
5017 14
5018 14
5019 24
5020 5
5021 5
5022 7
5023 4
5024 6
5025 2
5026 4
5027 11
5028 47
5029 10
5030 9
5031 3
5032 28
5033 5
5034 8
5035 7
5036 10
5037 11
5038 3
5039 12
5040 20
5041 2
5042 2
5043 12
5044 3
5045 25
5046 7
5047 10
5048 4
5049 9
5050 6
5051 4
5052 11
5053 32
5054 11
5055 5
5056 8
5057 21
5058 21
5059 5
5060 3
5061 5
5062 194
5063 4
5064 6
5065 59
5066 6
5067 7
5068 7
5069 10
5070 37
5071 20
5072 12
5073 3
5074 6
5075 30
5076 6
5077 23
5078 12
5079 11
5080 15
5081 12
5082 24
5083 4
5084 16
5085 6
5086 5
5087 2
5088 4
5089 20
5090 1
5091 1
5092 7
5093 10
5094 1
5095 10
5096 7
5097 4
5098 2
5099 5
5100 6
5101 6
5102 1
5103 7
5104 3
5105 2
5106 16
5107 5
5108 8
5109 12
5110 8
5111 15
5112 2
5113 21
5114 6
5115 14
5116 43
5117 13
5118 26
5119 30
5120 6
5121 5
5122 2
5123 13
5124 7
5125 4
5126 10
5127 58
5128 10
5129 30
5130 30
5131 31
5132 1
5133 4
5134 2
5135 3
5136 2
5137 18
5138 5
5139 7
5140 6
5141 5
5142 9
5143 4
5144 2
5145 3
5146 15
5147 12
5148 2
5149 5
5150 1
5151 8
5152 3
5153 7
5154 2
5155 1
5156 21
5157 1
5158 1
5159 2
5160 6
5161 8
5162 1
5163 4
5164 7
5165 8
5166 3
5167 3
5168 7
5169 1
5170 1
5171 5
5172 8
5173 6
5174 6
5175 19
5176 71
5177 1
5178 3
5179 2
5180 8
5181 1
5182 2
5183 5
5184 1
5185 1
5186 4
5187 6
5188 24
5189 15
5190 11
5191 8
5192 5
5193 3
5194 5
5195 1
5196 21
5197 32
5198 74
5199 18
5200 8
5201 32
5202 3
5203 7
5204 15
5205 7
5206 12
5207 42
5208 16
5209 34
5210 10
5211 10
5212 3
5213 9
5214 8
5215 36
5216 22
5217 11
5218 11
5219 14
5220 25
5221 10
5222 3
5223 2
5224 14
5225 24
5226 4
5227 2
5228 7
5229 4
5230 4
5231 2
5232 14
5233 2
5234 1
5235 1
5236 8
5237 6
5238 4
5239 1
5240 11
5241 5
5242 8
5243 28
5244 2
5245 1
5246 2
5247 1
5248 22
5249 51
5250 5
5251 29
5252 77
5253 37
5254 14
5255 30
5256 4
5257 37
5258 49
5259 33
5260 24
5261 31
5262 5
5263 10
5264 20
5265 19
5266 15
5267 13
5268 8
5269 3
5270 8
5271 3
5272 3
5273 16
5274 5
5275 9
5276 2
5277 4
5278 18
5279 13
5280 5
5281 6
5282 10
5283 2
5284 4
5285 2
5286 23
5287 7
5288 2
5289 3
5290 5
5291 1
5292 3
5293 7
5294 21
5295 6
5296 4
5297 13
5298 1
5299 1
5300 24
5301 1
5302 4
5303 2
5304 1
5305 88
5306 26
5307 15
5308 15
5309 13
5310 27
5311 52
5312 8
5313 2
5314 18
5315 46
5316 70
5317 9
5318 6
5319 34
5320 12
5321 6
5322 8
5323 31
5324 3
5325 29
5326 7
5327 13
5328 16
5329 19
5330 28
5331 5
5332 14
5333 11
5334 7
5335 5
5336 5
5337 25
5338 40
5339 44
5340 5
5341 10
5342 35
5343 21
5344 39
5345 38
5346 1
5347 22
5348 1
5349 47
5350 22
5351 39
5352 4
5353 15
5354 1
5355 4
5356 11
5357 9
5358 27
5359 50
5360 18
5361 18
5362 13
5363 26
5364 29
5365 8
5366 2
5367 16
5368 6
5369 31
5370 70
5371 34
5372 43
5373 9
5374 33
5375 22
5376 13
5377 13
5378 8
5379 1
5380 2
5381 51
5382 1
5383 26
5384 9
5385 27
5386 32
5387 38
5388 47
5389 17
5390 1
5391 18
5392 1
5393 23
5394 20
5395 30
5396 31
5397 38
5398 3
5399 16
5400 13
5401 29
5402 10
5403 17
5404 3
5405 6
5406 5
5407 30
5408 22
5409 1
5410 1
5411 34
5412 2
5413 22
5414 33
5415 30
5416 41
5417 2
5418 2
5419 29
5420 43
5421 13
5422 5
5423 7
5424 89
5425 8
5426 10
5427 26
5428 11
5429 19
5430 13
5431 8
5432 4
5433 4
5434 32
5435 20
5436 6
5437 33
5438 13
5439 53
5440 2
5441 3
5442 6
5443 8
5444 9
5445 4
5446 1
5447 1
5448 3
5449 17
5450 8
5451 2
5452 1
5453 3
5454 12
5455 11
5456 44
5457 6
5458 12
5459 2
5460 2
5461 12
5462 17
5463 19
5464 2
5465 43
5466 14
5467 23
5468 38
5469 12
5470 11
5471 3
5472 10
5473 33
5474 2
5475 13
5476 4
5477 4
5478 3
5479 1
5480 30
5481 27
5482 35
5483 3
5484 39
5485 2
5486 4
5487 5
5488 3
5489 5
5490 6
5491 18
5492 4
5493 4
5494 10
5495 9
5496 1
5497 3
5498 3
5499 1
5500 2
5501 7
5502 2
5503 1
5504 9
5505 2
5506 3
5507 16
5508 7
5509 13
5510 5
5511 10
5512 6
5513 11
5514 11
5515 13
5516 18
5517 12
5518 8
5519 7
5520 9
5521 14
5522 16
5523 20
5524 22
5525 45
5526 21
5527 9
5528 4
5529 7
5530 7
5531 5
5532 43
5533 10
5534 4
5535 11
5536 4
5537 5
5538 3
5539 53
5540 41
5541 21
5542 2
5543 5
5544 34
5545 52
5546 12
5547 11
5548 40
5549 31
5550 10
5551 7
5552 1
5553 29
5554 44
5555 6
5556 13
5557 19
5558 9
5559 13
5560 11
5561 1
5562 3
5563 3
5564 36
5565 19
5566 8
5567 5
5568 6
5569 11
5570 8
5571 4
5572 1
5573 9
5574 11
5575 3
5576 2
5577 6
5578 1
5579 1
5580 11
5581 32
5582 5
5583 1
5584 3
5585 2
5586 19
5587 10
5588 4
5589 5
5590 13
5591 3
5592 10
5593 11
5594 5
5595 30
5596 66
5597 32
5598 3
5599 4
5600 2
5601 24
5602 2
5603 2
5604 18
5605 2
5606 7
5607 1
5608 2
5609 6
5610 12
5611 11
5612 5
5613 3
5614 18
5615 2
5616 23
5617 2
5618 4
5619 4
5620 4
5621 6
5622 17
5623 6
5624 6
5625 18
5626 1
5627 6
5628 5
5629 2
5630 7
5631 3
5632 3
5633 2
5634 3
5635 2
5636 25
5637 2
5638 4
5639 7
5640 2
5641 4
5642 1
5643 2
5644 1
5645 4
5646 2
5647 1
5648 14
5649 19
5650 5
5651 20
5652 4
5653 23
5654 2
5655 13
5656 33
5657 20
5658 13
5659 11
5660 19
5661 4
5662 3
5663 53
5664 7
5665 15
5666 19
5667 4
5668 37
5669 14
5670 9
5671 6
5672 4
5673 3
5674 5
5675 4
5676 1
5677 1
5678 10
5679 20
5680 5
5681 1
5682 1
5683 5
5684 3
5685 1
5686 2
5687 2
5688 4
5689 4
5690 12
5691 10
5692 26
5693 4
5694 6
5695 6
5696 1
5697 5
5698 3
5699 5
5700 8
5701 3
5702 4
5703 49
5704 3
5705 7
5706 1
5707 7
5708 14
5709 4
5710 16
5711 8
5712 9
5713 8
5714 8
5715 52
5716 12
5717 15
5718 5
5719 14
5720 17
5721 83
5722 14
5723 57
5724 25
5725 10
5726 19
5727 7
5728 5
5729 20
5730 3
5731 14
5732 18
5733 13
5734 12
5735 3
5736 23
5737 22
5738 6
5739 11
5740 4
5741 1
5742 31
5743 18
5744 5
5745 3
5746 11
5747 10
5748 21
5749 8
5750 22
5751 9
5752 28
5753 4
5754 5
5755 3
5756 3
5757 5
5758 2
5759 12
5760 18
5761 6
5762 27
5763 30
5764 28
5765 28
5766 9
5767 15
5768 7
5769 13
5770 9
5771 5
5772 10
5773 9
5774 28
5775 12
5776 13
5777 17
5778 110
5779 4
5780 11
5781 7
5782 3
5783 4
5784 12
5785 2
5786 1
5787 3
5788 5
5789 7
5790 5
5791 15
5792 3
5793 3
5794 4
5795 2
5796 7
5797 12
5798 4
5799 14
5800 4
5801 14
5802 4
5803 2
5804 4
5805 1
5806 2
5807 1
5808 11
5809 9
5810 4
5811 54
5812 13
5813 4
5814 4
5815 23
5816 10
5817 6
5818 4
5819 13
5820 12
5821 2
5822 4
5823 4
5824 2
5825 4
5826 1
5827 3
5828 2
5829 14
5830 7
5831 3
5832 12
5833 5
5834 7
5835 7
5836 7
5837 3
5838 4
5839 3
5840 6
5841 6
5842 2
5843 11
5844 5
5845 1
5846 26
5847 11
5848 4
5849 2
5850 4
5851 9
5852 7
5853 7
5854 34
5855 3
5856 2
5857 8
5858 1
5859 11
5860 4
5861 4
5862 7
5863 14
5864 10
5865 1
5866 5
5867 5
5868 7
5869 18
5870 1
5871 4
5872 5
5873 6
5874 1
5875 4
5876 2
5877 8
5878 1
5879 15
5880 4
5881 3
5882 38
5883 3
5884 2
5885 9
5886 2
5887 3
5888 30
5889 11
5890 1
5891 11
5892 33
5893 32
5894 17
5895 1
5896 20
5897 2
5898 1
5899 7
5900 15
5901 13
5902 19
5903 3
5904 9
5905 8
5906 2
5907 62
5908 15
5909 2
5910 6
5911 5
5912 3
5913 5
5914 8
5915 5
5916 1
5917 3
5918 3
5919 6
5920 1
5921 4
5922 2
5923 14
5924 9
5925 11
5926 7
5927 2
5928 8
5929 3
5930 1
5931 14
5932 3
5933 3
5934 2
5935 3
5936 3
5937 16
5938 3
5939 3
5940 36
5941 4
5942 4
5943 7
5944 2
5945 3
5946 3
5947 11
5948 20
5949 6
5950 6
5951 6
5952 3
5953 6
5954 7
5955 14
5956 2
5957 5
5958 7
5959 1
5960 3
5961 2
5962 1
5963 3
5964 3
5965 13
5966 13
5967 18
5968 12
5969 8
5970 8
5971 8
5972 9
5973 35
5974 7
5975 22
5976 36
5977 8
5978 7
5979 7
5980 22
5981 8
5982 6
5983 3
5984 7
5985 3
5986 18
5987 15
5988 10
5989 5
5990 27
5991 4
5992 5
5993 6
5994 28
5995 4
5996 1
5997 15
5998 4
5999 9
6000 1
6001 13
6002 68
6003 2
6004 8
6005 1
6006 1
6007 6
6008 15
6009 8
6010 10
6011 9
6012 4
6013 1
6014 7
6015 14
6016 5
6017 8
6018 10
6019 5
6020 2
6021 2
6022 4
6023 29
6024 1
6025 9
6026 10
6027 1
6028 2
6029 1
6030 2
6031 31
6032 9
6033 7
6034 8
6035 11
6036 5
6037 10
6038 61
6039 9
6040 4
6041 28
6042 5
6043 24
6044 26
6045 35
6046 18
6047 9
6048 7
6049 18
6050 14
6051 3
6052 9
6053 12
6054 1
6055 43
6056 5
6057 3
6058 12
6059 17
6060 11
6061 15
6062 7
6063 22
6064 11
6065 15
6066 6
6067 1
6068 21
6069 2
6070 49
6071 20
6072 7
6073 4
6074 15
6075 3
6076 4
6077 11
6078 13
6079 1
6080 19
6081 2
6082 1
6083 45
6084 10
6085 51
6086 7
6087 40
6088 3
6089 35
6090 20
6091 10
6092 22
6093 1
6094 5
6095 5
6096 17
6097 9
6098 9
6099 28
6100 12
6101 5
6102 6
6103 6
6104 13
6105 2
6106 1
6107 6
6108 8
6109 10
6110 5
6111 46
6112 8
6113 8
6114 5
6115 5
6116 9
6117 6
6118 6
6119 6
6120 8
6121 6
6122 18
6123 10
6124 8
6125 22
6126 23
6127 18
6128 12
6129 3
6130 3
6131 11
6132 3
6133 8
6134 3
6135 2
6136 11
6137 5
6138 23
6139 5
6140 2
6141 2
6142 2
6143 25
6144 33
6145 2
6146 2
6147 8
6148 12
6149 59
6150 2
6151 12
6152 9
6153 18
6154 5
6155 2
6156 14
6157 10
6158 14
6159 38
6160 3
6161 10
6162 17
6163 31
6164 21
6165 9
6166 10
6167 11
6168 2
6169 3
6170 7
6171 1
6172 32
6173 14
6174 23
6175 8
6176 26
6177 18
6178 13
6179 5
6180 7
6181 4
6182 12
6183 3
6184 5
6185 39
6186 9
6187 4
6188 14
6189 15
6190 6
6191 3
6192 10
6193 4
6194 2
6195 5
6196 4
6197 9
6198 6
6199 10
6200 5
6201 36
6202 5
6203 11
6204 4
6205 4
6206 12
6207 11
6208 8
6209 36
6210 21
6211 6
6212 6
6213 9
6214 4
6215 7
6216 8
6217 7
6218 2
6219 4
6220 9
6221 12
6222 19
6223 9
6224 18
6225 7
6226 17
6227 25
6228 6
6229 9
6230 8
6231 2
6232 5
6233 5
6234 21
6235 43
6236 8
6237 17
6238 2
6239 2
6240 2
6241 4
6242 2
6243 10
6244 5
6245 5
6246 4
6247 6
6248 2
6249 22
6250 6
6251 17
6252 11
6253 4
6254 11
6255 11
6256 18
6257 7
6258 9
6259 9
6260 17
6261 16
6262 8
6263 3
6264 2
6265 1
6266 8
6267 6
6268 7
6269 1
6270 5
6271 4
6272 4
6273 2
6274 1
6275 6
6276 9
6277 2
6278 3
6279 11
6280 2
6281 1
6282 49
6283 11
6284 27
6285 1
6286 1
6287 8
6288 27
6289 20
6290 9
6291 4
6292 10
6293 21
6294 13
6295 17
6296 1
6297 6
6298 12
6299 4
6300 6
6301 5
6302 20
6303 2
6304 33
6305 1
6306 1
6307 3
6308 2
6309 11
6310 2
6311 14
6312 16
6313 11
6314 9
6315 3
6316 6
6317 2
6318 19
6319 43
6320 4
6321 12
6322 4
6323 5
6324 15
6325 2
6326 18
6327 7
6328 4
6329 6
6330 2
6331 13
6332 4
6333 5
6334 6
6335 2
6336 53
6337 8
6338 3
6339 8
6340 3
6341 7
6342 3
6343 24
6344 5
6345 5
6346 3
6347 13
6348 21
6349 9
6350 9
6351 4
6352 3
6353 3
6354 2
6355 1
6356 2
6357 4
6358 3
6359 2
6360 18
6361 1
6362 13
6363 13
6364 11
6365 6
6366 10
6367 11
6368 10
6369 9
6370 14
6371 3
6372 6
6373 4
6374 4
6375 19
6376 1
6377 3
6378 6
6379 3
6380 2
6381 2
6382 7
6383 1
6384 14
6385 36
6386 6
6387 4
6388 11
6389 10
6390 29
6391 4
6392 10
6393 47
6394 2
6395 12
6396 6
6397 18
6398 8
6399 6
6400 11
6401 3
6402 4
6403 4
6404 8
6405 3
6406 10
6407 9
6408 2
6409 29
6410 6
6411 32
6412 15
6413 3
6414 4
6415 21
6416 16
6417 11
6418 12
6419 6
6420 1
6421 7
6422 2
6423 6
6424 6
6425 3
6426 4
6427 3
6428 2
6429 2
6430 5
6431 10
6432 9
6433 30
6434 12
6435 12
6436 14
6437 2
6438 26
6439 1
6440 3
6441 3
6442 5
6443 7
6444 7
6445 3
6446 4
6447 8
6448 8
6449 1
6450 1
6451 3
6452 2
6453 2
6454 9
6455 4
6456 5
6457 1
6458 1
6459 4
6460 8
6461 2
6462 6
6463 2
6464 3
6465 5
6466 4
6467 3
6468 2
6469 2
6470 1
6471 10
6472 10
6473 5
6474 10
6475 11
6476 11
6477 11
6478 3
6479 3
6480 11
6481 2
6482 2
6483 9
6484 7
6485 6
6486 1
6487 5
6488 1
6489 2
6490 2
6491 2
6492 2
6493 2
6494 5
6495 5
6496 2
6497 8
6498 5
6499 6
6500 4
6501 6
6502 3
6503 12
6504 1
6505 2
6506 4
6507 2
6508 3
6509 2
6510 2
6511 20
6512 2
6513 4
6514 4
6515 1
6516 4
6517 4
6518 14
6519 17
6520 4
6521 5
6522 15
6523 4
6524 4
6525 14
6526 7
6527 5
6528 10
6529 10
6530 2
6531 5
6532 9
6533 4
6534 7
6535 9
6536 5
6537 4
6538 19
6539 3
6540 3
6541 2
6542 4
6543 6
6544 10
6545 3
6546 2
6547 1
6548 25
6549 1
6550 3
6551 1
6552 1
6553 6
6554 4
6555 2
6556 6
6557 6
6558 6
6559 27
6560 15
6561 8
6562 1
6563 1
6564 3
6565 2
6566 5
6567 2
6568 1
6569 1
6570 2
6571 1
6572 2
6573 6
6574 5
6575 9
6576 6
6577 3
6578 5
6579 5
6580 6
6581 7
6582 12
6583 3
6584 4
6585 4
6586 5
6587 5
6588 7
6589 9
6590 8
6591 5
6592 7
6593 3
6594 2
6595 6
6596 2
6597 4
6598 1
6599 3
6600 1
6601 3
6602 7
6603 4
6604 4
6605 3
6606 8
6607 1
6608 8
6609 13
6610 13
6611 8
6612 1
6613 4
6614 1
6615 1
6616 3
6617 1
6618 1
6619 10
6620 1
6621 6
6622 15
6623 2
6624 16
6625 5
6626 8
6627 3
6628 4
6629 9
6630 5
6631 10
6632 3
6633 5
6634 23
6635 3
6636 3
6637 1
6638 18
6639 21
6640 4
6641 2
6642 4
6643 2
6644 6
6645 2
6646 2
6647 2
6648 3
6649 5
6650 4
6651 2
6652 3
6653 1
6654 3
6655 3
6656 3
6657 8
6658 6
6659 18
6660 3
6661 20
6662 5
6663 6
6664 1
6665 2
6666 2
6667 1
6668 5
6669 29
6670 2
6671 5
6672 1
6673 22
6674 5
6675 2
6676 22
6677 2
6678 1
6679 3
6680 2
6681 15
6682 4
6683 2
6684 21
6685 15
6686 5
6687 3
6688 1
6689 13
6690 3
6691 7
6692 1
6693 7
6694 8
6695 2
6696 22
6697 28
6698 3
6699 5
6700 5
6701 20
6702 2
6703 16
6704 18
6705 2
6706 1
6707 1
6708 10
6709 24
6710 3
6711 3
6712 8
6713 6
6714 4
6715 1
6716 1
6717 2
6718 3
6719 1
6720 3
6721 2
6722 3
6723 13
6724 7
6725 13
6726 6
6727 3
6728 11
6729 23
6730 14
6731 2
6732 3
6733 5
6734 6
6735 19
6736 7
6737 17
6738 8
6739 2
6740 13
6741 5
6742 15
6743 11
6744 18
6745 9
6746 39
6747 17
6748 22
6749 14
6750 12
6751 4
6752 4
6753 10
6754 1
6755 2
6756 6
6757 7
6758 3
6759 1
6760 3
6761 4
6762 10
6763 22
6764 8
6765 37
6766 1
6767 22
6768 3
6769 13
6770 14
6771 5
6772 9
6773 6
6774 5
6775 12
6776 3
6777 3
6778 3
6779 5
6780 4
6781 6
6782 14
6783 1
6784 7
6785 11
6786 9
6787 17
6788 9
6789 19
6790 3
6791 6
6792 1
6793 6
6794 20
6795 6
6796 22
6797 11
6798 41
6799 21
6800 20
6801 1
6802 2
6803 2
6804 7
6805 6
6806 7
6807 3
6808 39
6809 4
6810 1
6811 1
6812 6
6813 5
6814 28
6815 3
6816 3
6817 5
6818 8
6819 17
6820 8
6821 11
6822 4
6823 2
6824 12
6825 12
6826 7
6827 10
6828 4
6829 3
6830 2
6831 17
6832 5
6833 4
6834 15
6835 14
6836 5
6837 13
6838 4
6839 1
6840 10
6841 1
6842 4
6843 5
6844 22
6845 2
6846 1
6847 3
6848 5
6849 8
6850 10
6851 18
6852 3
6853 3
6854 12
6855 1
6856 5
6857 2
6858 1
6859 15
6860 5
6861 3
6862 2
6863 6
6864 2
6865 2
6866 2
6867 48
6868 3
6869 5
6870 2
6871 5
6872 6
6873 3
6874 3
6875 6
6876 8
6877 2
6878 3
6879 3
6880 3
6881 2
6882 7
6883 1
6884 2
6885 9
6886 7
6887 6
6888 4
6889 8
6890 10
6891 3
6892 10
6893 7
6894 13
6895 2
6896 6
6897 5
6898 4
6899 3
6900 4
6901 2
6902 31
6903 2
6904 12
6905 4
6906 8
6907 7
6908 3
6909 11
6910 3
6911 6
6912 3
6913 4
6914 1
6915 2
6916 3
6917 13
6918 2
6919 2
6920 1
6921 4
6922 2
6923 3
6924 15
6925 7
6926 4
6927 10
6928 9
6929 8
6930 18
6931 14
6932 5
6933 6
6934 9
6935 13
6936 3
6937 2
6938 4
6939 3
6940 3
6941 4
6942 4
6943 8
6944 2
6945 7
6946 4
6947 5
6948 3
6949 8
6950 5
6951 3
6952 2
6953 6
6954 8
6955 1
6956 3
6957 1
6958 3
6959 3
6960 9
6961 4
6962 3
6963 8
6964 1
6965 1
6966 8
6967 1
6968 2
6969 1
6970 3
6971 6
6972 1
6973 2
6974 1
6975 1
6976 1
6977 1
6978 14
6979 1
6980 3
6981 6
6982 2
6983 1
6984 2
6985 19
6986 2
6987 9
6988 3
6989 1
6990 1
6991 7
6992 2
6993 2
6994 7
6995 9
6996 1
6997 11
6998 15
6999 14
7000 7
7001 10
7002 38
7003 35
7004 1
7005 1
7006 3
7007 3
7008 22
7009 4
7010 8
7011 18
7012 30
7013 6
7014 8
7015 5
7016 4
7017 5
7018 24
7019 34
7020 1
7021 3
7022 1
7023 3
7024 11
7025 2
7026 12
7027 17
7028 5
7029 12
7030 1
7031 18
7032 4
7033 12
7034 7
7035 5
7036 3
7037 2
7038 1
7039 2
7040 2
7041 1
7042 3
7043 3
7044 6
7045 7
7046 6
7047 6
7048 1
7049 2
7050 3
7051 7
7052 2
7053 1
7054 19
7055 4
7056 4
7057 1
7058 1
7059 2
7060 5
7061 6
7062 1
7063 6
7064 7
7065 2
7066 5
7067 7
7068 4
7069 5
7070 2
7071 6
7072 5
7073 5
7074 2
7075 7
7076 10
7077 7
7078 3
7079 3
7080 6
7081 2
7082 3
7083 1
7084 4
7085 10
7086 12
7087 9
7088 1
7089 4
7090 4
7091 12
7092 4
7093 4
7094 7
7095 4
7096 3
7097 1
7098 2
7099 2
7100 3
7101 2
7102 3
7103 8
7104 4
7105 3
7106 5
7107 2
7108 1
7109 2
7110 1
7111 1
7112 4
7113 3
7114 4
7115 1
7116 4
7117 4
7118 1
7119 5
7120 1
7121 3
7122 6
7123 12
7124 5
7125 7
7126 3
7127 6
7128 7
7129 2
7130 10
7131 2
7132 2
7133 3
7134 4
7135 4
7136 6
7137 5
7138 2
7139 2
7140 5
7141 1
7142 4
7143 3
7144 1
7145 3
7146 4
7147 3
7148 8
7149 1
7150 5
7151 2
7152 4
7153 2
7154 4
7155 2
7156 5
7157 1
7158 3
7159 1
7160 1
7161 1
7162 2
7163 10
7164 2
7165 2
7166 8
7167 6
7168 7
7169 2
7170 2
7171 5
7172 2
7173 2
7174 10
7175 5
7176 1
7177 7
7178 2
7179 3
7180 3
7181 3
7182 1
7183 2
7184 1
7185 2
7186 1
7187 6
7188 1
7189 3
7190 1
7191 2
7192 5
7193 1
7194 4
7195 5
7196 1
7197 3
7198 1
7199 1
7200 5
7201 12
7202 1
7203 9
7204 3
7205 7
7206 7
7207 1
7208 1
7209 6
7210 4
7211 17
7212 6
7213 3
7214 1
7215 1
7216 4
7217 4
7218 11
7219 3
7220 4
7221 29
7222 3
7223 17
7224 6
7225 8
7226 5
7227 7
7228 3
7229 2
7230 2
7231 7
7232 1
7233 2
7234 4
7235 2
7236 6
7237 5
7238 1
7239 2
7240 4
7241 9
7242 3
7243 6
7244 5
7245 5
7246 9
7247 2
7248 11
7249 2
7250 3
7251 12
7252 1
7253 2
7254 11
7255 4
7256 2
7257 2
7258 6
7259 11
7260 7
7261 7
7262 12
7263 4
7264 3
7265 2
7266 1
7267 1
7268 8
7269 2
7270 8
7271 2
7272 2
7273 1
7274 3
7275 6
7276 2
7277 1
7278 1
7279 1
7280 8
7281 1
7282 2
7283 2
7284 4
7285 28
7286 1
7287 5
7288 14
7289 4
7290 1
7291 11
7292 1
7293 7
7294 2
7295 3
7296 4
7297 1
7298 2
7299 3
7300 24
7301 4
7302 2
7303 4
7304 2
7305 5
7306 12
7307 6
7308 4
7309 4
7310 3
7311 7
7312 3
7313 1
7314 1
7315 2
7316 1
7317 15
7318 15
7319 6
7320 1
7321 1
7322 12
7323 3
7324 2
7325 1
7326 1
7327 4
7328 5
7329 6
7330 4
7331 9
7332 1
7333 2
7334 8
7335 6
7336 10
7337 12
7338 13
7339 4
7340 8
7341 2
7342 1
7343 2
7344 4
7345 1
7346 12
7347 11
7348 8
7349 6
7350 5
7351 1
7352 2
7353 1
7354 1
7355 8
7356 7
7357 4
7358 9
7359 3
7360 7
7361 2
7362 1
7363 8
7364 2
7365 7
7366 5
7367 6
7368 5
7369 3
7370 2
7371 1
7372 2
7373 3
7374 9
7375 1
7376 3
7377 7
7378 4
7379 4
7380 1
7381 4
7382 6
7383 8
7384 5
7385 3
7386 1
7387 3
7388 1
7389 5
7390 3
7391 2
7392 9
7393 5
7394 2
7395 5
7396 3
7397 13
7398 2
7399 4
7400 7
7401 13
7402 2
7403 2
7404 1
7405 2
7406 5
7407 1
7408 2
7409 9
7410 1
7411 16
7412 5
7413 4
7414 2
7415 3
7416 3
7417 3
7418 2
7419 10
7420 13
7421 3
7422 7
7423 5
7424 2
7425 5
7426 2
7427 3
7428 7
7429 14
7430 1
7431 2
7432 4
7433 8
7434 10
7435 6
7436 12
7437 2
7438 4
7439 2
7440 3
7441 12
7442 1
7443 2
7444 3
7445 1
7446 3
7447 2
7448 1
7449 7
7450 6
7451 4
7452 2
7453 3
7454 8
7455 6
7456 1
7457 3
7458 10
7459 3
7460 9
7461 14
7462 5
7463 6
7464 6
7465 1
7466 13
7467 8
7468 2
7469 6
7470 1
7471 7
7472 2
7473 1
7474 3
7475 1
7476 7
7477 12
7478 2
7479 2
7480 1
7481 8
7482 1
7483 2
7484 7
7485 6
7486 9
7487 3
7488 2
7489 4
7490 3
7491 2
7492 2
7493 10
7494 1
7495 5
7496 2
7497 3
7498 9
7499 5
7500 5
7501 3
7502 4
7503 6
7504 4
7505 1
7506 3
7507 2
7508 2
7509 5
7510 9
7511 3
7512 5
7513 1
7514 5
7515 9
7516 4
7517 2
7518 6
7519 11
7520 2
7521 3
7522 1
7523 10
7524 11
7525 7
7526 2
7527 1
7528 1
7529 2
7530 3
7531 1
7532 8
7533 2
7534 6
7535 1
7536 2
7537 1
7538 2
7539 3
7540 9
7541 1
7542 1
7543 4
7544 2
7545 1
7546 3
7547 1
7548 2
7549 2
7550 1
7551 3
7552 2
7553 2
7554 1
7555 1
7556 2
7557 1
7558 1
7559 1
7560 3
7561 1
7562 3
7563 1
7564 1
7565 8
7566 1
7567 4
7568 1
7569 1
7570 2
7571 6
7572 3
7573 1
7574 3
7575 1
7576 2
7577 2
7578 11
7579 2
7580 4
7581 7
7582 1
7583 8
7584 3
7585 6
7586 2
7587 7
7588 2
7589 1
7590 3
7591 3
7592 2
7593 3
7594 2
7595 1
7596 3
7597 3
7598 3
7599 5
7600 1
7601 2
7602 2
7603 2
7604 2
7605 2
7606 3
7607 1
7608 1
7609 2
7610 4
7611 17
7612 14
7613 2
7614 15
7615 2
7616 1
7617 2
7618 1
7619 1
7620 1
7621 3
7622 1
7623 4
7624 1
7625 6
7626 5
7627 3
7628 2
7629 3
7630 1
7631 2
7632 2
7633 1
7634 1
7635 5
7636 3
7637 2
7638 1
7639 1
7640 1
7641 1
7642 3
7643 3
7644 1
7645 5
7646 2
7647 10
7648 2
7649 2
7650 3
7651 7
7652 5
7653 2
7654 1
7655 4
7656 4
7657 1
7658 6
7659 2
7660 6
7661 1
7662 5
7663 5
7664 2
7665 14
7666 5
7667 2
7668 17
7669 4
7670 9
7671 3
7672 3
7673 5
7674 26
7675 12
7676 17
7677 2
7678 4
7679 6
7680 6
7681 2
7682 3
7683 3
7684 1
7685 5
7686 1
7687 4
7688 2
7689 4
7690 3
7691 1
7692 1
7693 1
7694 1
7695 3
7696 1
7697 1
7698 3
7699 3
7700 2
7701 3
7702 13
7703 4
7704 2
7705 2
7706 3
7707 1
7708 3
7709 4
7710 7
7711 11
7712 2
7713 3
7714 6
7715 1
7716 9
7717 1
7718 2
7719 2
7720 3
7721 3
7722 4
7723 3
7724 2
7725 5
7726 2
7727 2
7728 2
7729 2
7730 3
7731 1
7732 2
7733 2
7734 3
7735 1
7736 2
7737 3
7738 1
7739 1
7740 1
7741 1
7742 1
7743 1
7744 1
7745 1
7746 1
7747 3
7748 1
7749 5
7750 2
7751 4
7752 2
7753 2
7754 2
7755 4
7756 1
7757 3
7758 2
7759 4
7760 11
7761 1
7762 1
7763 11
7764 1
7765 3
7766 3
7767 1
7768 4
7769 2
7770 3
7771 7
7772 4
7773 11
7774 4
7775 3
7776 6
7777 6
7778 3
7779 1
7780 5
7781 6
7782 4
7783 3
7784 8
7785 6
7786 8
7787 6
7788 1
7789 1
7790 6
7791 7
7792 11
7793 3
7794 4
7795 6
7796 7
7797 2
7798 14
7799 2
7800 4
7801 3
7802 3
7803 4
7804 1
7805 2
7806 6
7807 1
7808 1
7809 1
7810 23
7811 5
7812 2
7813 9
7814 1
7815 3
7816 1
7817 3
7818 6
7819 2
7820 3
7821 1
7822 1
7823 3
7824 1
7825 5
7826 2
7827 3
7828 1
7829 2
7830 1
7831 2
7832 2
7833 7
7834 3
7835 3
7836 1
7837 1
7838 2
7839 2
7840 103
7841 1
7842 2
7843 6
7844 1
7845 5
7846 1
7847 1
7848 8
7849 2
7850 5
7851 7
7852 7
7853 6
7854 2
7855 3
7856 3
7857 1
7858 1
7859 3
7860 2
7861 1
7862 1
7863 2
7864 7
7865 1
7866 1
7867 2
7868 8
7869 4
7870 4
7871 2
7872 1
7873 1
7874 1
7875 3
7876 3
7877 4
7878 5
7879 4
7880 13
7881 1
7882 9
7883 1
7884 1
7885 1
7886 3
7887 1
7888 3
7889 6
7890 1
7891 4
7892 3
7893 1
7894 2
7895 6
7896 5
7897 4
7898 4
7899 11
7900 5
7901 15
7902 5
7903 5
7904 2
7905 4
7906 1
7907 3
7908 7
7909 6
7910 7
7911 1
7912 10
7913 3
7914 2
7915 4
7916 1
7917 2
7918 1
7919 1
7920 2
7921 1
7922 4
7923 2
7924 3
7925 4
7926 2
7927 1
7928 12
7929 4
7930 3
7931 2
7932 2
7933 5
7934 1
7935 1
7936 1
7937 4
7938 5
7939 3
7940 2
7941 2
7942 1
7943 3
7944 6
7945 2
7946 4
7947 2
7948 2
7949 2
7950 1
7951 3
7952 2
7953 4
7954 3
7955 4
7956 1
7957 3
7958 1
7959 8
7960 4
7961 3
7962 6
7963 1
7964 12
7965 2
7966 3
7967 3
7968 2
7969 6
7970 4
7971 6
7972 9
7973 3
7974 2
7975 1
7976 1
7977 5
7978 4
7979 1
7980 10
7981 10
7982 2
7983 4
7984 2
7985 2
7986 8
7987 1
7988 3
7989 8
7990 2
7991 6
7992 1
7993 2
7994 1
7995 3
7996 8
7997 2
7998 2
7999 1
8000 2
8001 4
8002 8
8003 2
8004 1
8005 10
8006 6
8007 9
8008 1
8009 15
8010 1
8011 3
8012 5
8013 2
8014 1
8015 11
8016 7
8017 1
8018 2
8019 4
8020 1
8021 1
8022 3
8023 1
8024 2
8025 5
8026 1
8027 6
8028 2
8029 5
8030 5
8031 3
8032 2
8033 1
8034 3
8035 4
8036 2
8037 3
8038 3
8039 1
8040 9
8041 3
8042 2
8043 1
8044 3
8045 2
8046 2
8047 1
8048 4
8049 3
8050 3
8051 6
8052 5
8053 3
8054 1
8055 3
8056 2
8057 2
8058 3
8059 5
8060 5
8061 6
8062 2
8063 3
8064 2
8065 1
8066 2
8067 1
8068 6
8069 2
8070 2
8071 3
8072 2
8073 4
8074 2
8075 9
8076 1
8077 2
8078 1
8079 11
8080 2
8081 1
8082 1
8083 2
8084 5
8085 4
8086 7
8087 2
8088 1
8089 2
8090 19
8091 16
8092 10
8093 1
8094 5
8095 5
8096 7
8097 1
8098 2
8099 3
8100 2
8101 1
8102 1
8103 4
8104 1
8105 1
8106 4
8107 3
8108 2
8109 1
8110 3
8111 1
8112 6
8113 2
8114 3
8115 3
8116 6
8117 2
8118 3
8119 2
8120 5
8121 2
8122 5
8123 3
8124 1
8125 2
8126 5
8127 6
8128 7
8129 1
8130 2
8131 4
8132 4
8133 1
8134 1
8135 7
8136 1
8137 2
8138 5
8139 3
8140 4
8141 1
8142 1
8143 7
8144 2
8145 5
8146 3
8147 2
8148 2
8149 4
8150 4
8151 4
8152 2
8153 2
8154 1
8155 1
8156 2
8157 5
8158 3
8159 6
8160 7
8161 6
8162 2
8163 1
8164 1
8165 1
8166 1
8167 2
8168 6
8169 4
8170 1
8171 2
8172 3
8173 1
8174 2
8175 4
8176 5
8177 4
8178 2
8179 1
8180 1
8181 2
8182 6
8183 3
8184 3
8185 7
8186 2
8187 6
8188 11
8189 2
8190 2
8191 1
8192 3
8193 2
8194 2
8195 2
8196 2
8197 1
8198 3
8199 1
8200 6
8201 2
8202 1
8203 2
8204 3
8205 2
8206 4
8207 1
8208 5
8209 3
8210 3
8211 2
8212 3
8213 1
8214 1
8215 2
8216 2
8217 2
8218 1
8219 2
8220 1
8221 10
8222 2
8223 18
8224 2
8225 1
8226 3
8227 4
8228 5
8229 3
8230 2
8231 2
8232 1
8233 2
8234 1
8235 4
8236 3
8237 4
8238 3
8239 6
8240 3
8241 1
8242 1
8243 2
8244 3
8245 3
8246 9
8247 2
8248 2
8249 1
8250 4
8251 3
8252 5
8253 1
8254 1
8255 2
8256 1
8257 1
8258 1
8259 3
8260 4
8261 5
8262 1
8263 6
8264 1
8265 1
8266 4
8267 2
8268 4
8269 7
8270 8
8271 4
8272 4
8273 1
8274 1
8275 10
8276 4
8277 2
8278 7
8279 1
8280 2
8281 1
8282 1
8283 3
8284 1
8285 1
8286 2
8287 5
8288 1
8289 2
8290 1
8291 2
8292 2
8293 2
8294 2
8295 2
8296 1
8297 5
8298 2
8299 2
8300 4
8301 3
8302 2
8303 1
8304 3
8305 1
8306 2
8307 2
8308 1
8309 1
8310 4
8311 2
8312 3
8313 2
8314 1
8315 3
8316 4
8317 3
8318 1
8319 1
8320 1
8321 2
8322 3
8323 5
8324 3
8325 3
8326 1
8327 6
8328 1
8329 1
8330 3
8331 4
8332 3
8333 4
8334 8
8335 1
8336 1
8337 2
8338 1
8339 2
8340 1
8341 2
8342 1
8343 2
8344 3
8345 3
8346 2
8347 1
8348 1
8349 5
8350 6
8351 3
8352 1
8353 6
8354 1
8355 2
8356 5
8357 3
8358 3
8359 2
8360 1
8361 1
8362 1
8363 2
8364 1
8365 1
8366 1
8367 3
8368 1
8369 1
8370 1
8371 3
8372 2
8373 3
8374 2
8375 4
8376 1
8377 7
8378 4
8379 1
8380 2
8381 3
8382 1
8383 1
8384 4
8385 2
8386 1
8387 4
8388 2
8389 9
8390 11
8391 4
8392 1
8393 2
8394 2
8395 1
8396 3
8397 4
8398 2
8399 1
8400 3
8401 1
8402 4
8403 6
8404 4
8405 2
8406 3
8407 4
8408 1
8409 2
8410 2
8411 1
8412 6
8413 1
8414 2
8415 1
8416 1
8417 1
8418 1
8419 4
8420 1
8421 1
8422 1
8423 2
8424 3
8425 2
8426 2
8427 5
8428 2
8429 3
8430 1
8431 3
8432 3
8433 2
8434 4
8435 1
8436 5
8437 5
8438 2
8439 2
8440 1
8441 2
8442 1
8443 2
8444 4
8445 1
8446 7
8447 2
8448 2
8449 1
8450 1
8451 1
8452 1
8453 1
8454 2
8455 2
8456 1
8457 1
8458 1
8459 1
8460 2
8461 5
8462 1
8463 2
8464 2
8465 9
8466 3
8467 2
8468 1
8469 3
8470 6
8471 1
8472 3
8473 1
8474 4
8475 2
8476 4
8477 3
8478 1
8479 7
8480 6
8481 2
8482 1
8483 3
8484 2
8485 5
8486 2
8487 3
8488 4
8489 1
8490 1
8491 4
8492 2
8493 2
8494 1
8495 9
8496 6
8497 1
8498 3
8499 2
8500 1
8501 1
8502 1
8503 3
8504 5
8505 3
8506 3
8507 1
8508 1
8509 4
8510 7
8511 1
8512 3
8513 2
8514 1
8515 3
8516 1
8517 2
8518 2
8519 3
8520 3
8521 1
8522 4
8523 4
8524 1
8525 1
8526 3
8527 3
8528 3
8529 2
8530 2
8531 3
8532 2
8533 3
8534 4
8535 5
8536 1
8537 1
8538 2
8539 1
8540 2
8541 2
8542 2
8543 4
8544 3
8545 2
8546 4
8547 6
8548 2
8549 4
8550 2
8551 5
8552 2
8553 3
8554 2
8555 1
8556 2
8557 1
8558 13
8559 2
8560 3
8561 1
8562 3
8563 4
8564 1
8565 5
8566 5
8567 2
8568 1
8569 1
8570 1
8571 4
8572 10
8573 2
8574 4
8575 2
8576 2
8577 1
8578 1
8579 1
8580 1
8581 9
8582 1
8583 1
8584 3
8585 2
8586 1
8587 2
8588 1
8589 1
8590 5
8591 3
8592 2
8593 1
8594 2
8595 1
8596 4
8597 2
8598 7
8599 6
8600 2
8601 1
8602 1
8603 2
8604 3
8605 2
8606 2
8607 1
8608 1
8609 2
8610 1
8611 3
8612 7
8613 6
8614 1
8615 5
8616 3
8617 1
8618 1
8619 4
8620 6
8621 3
8622 1
8623 2
8624 2
8625 5
8626 2
8627 4
8628 2
8629 1
8630 3
8631 2
8632 5
8633 2
8634 1
8635 4
8636 4
8637 1
8638 1
8639 2
8640 2
8641 3
8642 1
8643 2
8644 2
8645 1
8646 2
8647 1
8648 7
8649 1
8650 1
8651 2
8652 3
8653 1
8654 1
8655 2
8656 2
8657 4
8658 2
8659 2
8660 4
8661 5
8662 5
8663 4
8664 2
8665 1
8666 1
8667 1
8668 3
8669 4
8670 3
8671 3
8672 2
8673 1
8674 3
8675 1
8676 1
8677 2
8678 2
8679 1
8680 2
8681 1
8682 2
8683 2
8684 1
8685 1
8686 5
8687 1
8688 1
8689 2
8690 5
8691 4
8692 6
8693 3
8694 3
8695 6
8696 2
8697 2
8698 3
8699 1
8700 2
8701 3
8702 6
8703 4
8704 1
8705 1
8706 2
8707 5
8708 2
8709 1
8710 3
8711 2
8712 1
8713 1
8714 2
8715 1
8716 1
8717 1
8718 1
8719 1
8720 1
8721 3
8722 2
8723 2
8724 4
8725 12
8726 3
8727 1
8728 3
8729 2
8730 1
8731 2
8732 2
8733 1
8734 1
8735 1
8736 3
8737 2
8738 2
8739 1
8740 2
8741 7
8742 1
8743 4
8744 2
8745 1
8746 1
8747 3
8748 3
8749 2
8750 1
8751 1
8752 2
8753 2
8754 1
8755 1
8756 1
8757 1
8758 1
8759 3
8760 4
8761 1
8762 2
8763 2
8764 3
8765 1
8766 1
8767 2
8768 2
8769 1
8770 1
8771 1
8772 3
8773 6
8774 4
8775 4
8776 1
8777 3
8778 1
8779 3
8780 3
8781 1
8782 2
8783 2
8784 1
8785 1
8786 2
8787 2
8788 1
8789 2
8790 4
8791 1
8792 1
8793 2
8794 2
8795 1
8796 2
8797 4
8798 3
8799 2
8800 1
8801 6
8802 1
8803 1
8804 1
8805 2
8806 2
8807 4
8808 3
8809 3
8810 1
8811 1
8812 3
8813 1
8814 2
8815 1
8816 1
8817 1
8818 1
8819 1
8820 6
8821 1
8822 6
8823 2
8824 1
8825 1
8826 3
8827 1
8828 2
8829 9
8830 4
8831 3
8832 3
8833 2
8834 2
8835 1
8836 1
8837 2
8838 6
8839 4
8840 2
8841 1
8842 1
8843 1
8844 1
8845 2
8846 1
8847 2
8848 1
8849 2
8850 1
8851 7
8852 1
8853 3
8854 2
8855 3
8856 4
8857 1
8858 11
8859 2
8860 1
8861 1
8862 3
8863 3
8864 1
8865 2
8866 2
8867 1
8868 1
8869 1
8870 1
8871 3
8872 1
8873 1
8874 5
8875 1
8876 9
8877 1
8878 1
8879 3
8880 1
8881 1
8882 1
8883 2
8884 2
8885 1
8886 2
8887 1
8888 3
8889 1
8890 1
8891 1
8892 6
8893 3
8894 4
8895 2
8896 1
8897 1
8898 3
8899 3
8900 1
8901 1
8902 2
8903 7
8904 7
8905 1
8906 2
8907 1
8908 1
8909 1
8910 7
8911 2
8912 3
8913 1
8914 1
8915 3
8916 1
8917 1
8918 2
8919 2
8920 2
8921 2
8922 1
8923 5
8924 2
8925 3
8926 1
8927 1
8928 5
8929 1
8930 1
8931 1
8932 2
8933 1
8934 1
8935 1
8936 1
8937 1
8938 1
8939 1
8940 2
8941 2
8942 7
8943 1
8944 2
8945 3
8946 4
8947 2
8948 2
8949 3
8950 1
8951 4
8952 1
8953 1
8954 1
8955 6
8956 5
8957 5
8958 2
8959 1
8960 2
8961 1
8962 1
8963 2
8964 3
8965 4
8966 4
8967 4
8968 16
8969 1
8970 1
8971 1
8972 3
8973 5
8974 4
8975 1
8976 2
8977 1
8978 1
8979 1
8980 4
8981 1
8982 4
8983 2
8984 2
8985 1
8986 4
8987 3
8988 3
8989 1
8990 2
8991 2
8992 3
8993 2
8994 1
8995 2
8996 1
8997 2
8998 1
8999 1
9000 1
9001 1
9002 1
9003 2
9004 1
9005 2
9006 1
9007 1
9008 1
9009 2
9010 1
9011 1
9012 1
9013 2
9014 1
9015 1
9016 1
9017 2
9018 2
9019 1
9020 1
9021 1
9022 1
9023 4
9024 1
9025 1
9026 2
9027 2
9028 2
9029 2
9030 2
9031 1
9032 1
9033 1
9034 1
9035 2
9036 2
9037 2
9038 3
9039 4
9040 1
9041 1
9042 1
9043 1
9044 1
9045 6
9046 1
9047 1
9048 7
9049 5
9050 3
9051 4
9052 4
9053 3
9054 1
9055 2
9056 1
9057 2
9058 3
9059 7
9060 1
9061 2
9062 1
9063 1
9064 1
9065 2
9066 2
9067 1
9068 1
9069 1
9070 2
9071 1
9072 3
9073 2
9074 1
9075 5
9076 1
9077 1
9078 3
9079 9
9080 1
9081 1
9082 3
9083 1
9084 1
9085 1
9086 3
9087 1
9088 5
9089 3
9090 2
9091 3
9092 2
9093 1
9094 2
9095 2
9096 2
9097 2
9098 1
9099 1
9100 2
9101 2
9102 1
9103 2
9104 4
9105 1
9106 2
9107 2
9108 1
9109 5
9110 3
9111 1
9112 6
9113 1
9114 2
9115 5
9116 3
9117 3
9118 2
9119 1
9120 1
9121 2
9122 3
9123 1
9124 3
9125 3
9126 8
9127 5
9128 6
9129 4
9130 1
9131 1
9132 1
9133 1
9134 2
9135 1
9136 2
9137 1
9138 2
9139 2
9140 3
9141 2
9142 1
9143 1
9144 2
9145 1
9146 1
9147 3
9148 1
9149 3
9150 1
9151 2
9152 1
9153 1
9154 1
9155 1
9156 3
9157 1
9158 1
9159 1
9160 3
9161 1
9162 2
9163 5
9164 2
9165 2
9166 1
9167 2
9168 2
9169 1
9170 3
9171 3
9172 2
9173 2
9174 1
9175 2
9176 3
9177 4
9178 2
9179 3
9180 1
9181 2
9182 2
9183 8
9184 2
9185 6
9186 1
9187 1
9188 2
9189 1
9190 1
9191 1
9192 2
9193 2
9194 1
9195 2
9196 2
9197 1
9198 2
9199 1
9200 1
9201 1
9202 1
9203 2
9204 2
9205 1
9206 2
9207 5
9208 1
9209 1
9210 4
9211 1
9212 2
9213 1
9214 4
9215 1
9216 2
9217 2
9218 2
9219 1
9220 3
9221 1
9222 1
9223 1
9224 3
9225 2
9226 2
9227 1
9228 2
9229 1
9230 2
9231 3
9232 1
9233 1
9234 1
9235 1
9236 1
9237 3
9238 2
9239 3
9240 1
9241 1
9242 1
9243 3
9244 4
9245 1
9246 1
9247 1
9248 1
9249 2
9250 5
9251 3
9252 1
9253 2
9254 1
9255 1
9256 1
9257 2
9258 1
9259 1
9260 1
9261 2
9262 1
9263 2
9264 4
9265 2
9266 1
9267 1
9268 1
9269 2
9270 1
9271 1
9272 1
9273 2
9274 1
9275 1
9276 7
9277 2
9278 1
9279 1
9280 1
9281 2
9282 3
9283 3
9284 3
9285 1
9286 5
9287 1
9288 1
9289 1
9290 4
9291 1
9292 5
9293 3
9294 2
9295 1
9296 1
9297 1
9298 2
9299 1
9300 1
9301 1
9302 1
9303 2
9304 2
9305 2
9306 1
9307 1
9308 2
9309 3
9310 1
9311 1
9312 2
9313 1
9314 1
9315 3
9316 3
9317 2
9318 1
9319 3
9320 2
9321 1
9322 3
9323 1
9324 2
9325 3
9326 2
9327 1
9328 1
9329 1
9330 3
9331 1
9332 2
9333 1
9334 1
9335 2
9336 2
9337 2
9338 2
9339 1
9340 2
9341 2
9342 1
9343 1
9344 3
9345 1
9346 1
9347 3
9348 5
9349 3
9350 2
9351 1
9352 1
9353 5
9354 1
9355 2
9356 1
9357 2
9358 2
9359 1
9360 2
9361 1
9362 1
9363 1
9364 6
9365 5
9366 1
9367 1
9368 1
9369 1
9370 1
9371 2
9372 1
9373 1
9374 1
9375 1
9376 1
9377 1
9378 3
9379 2
9380 2
9381 2
9382 3
9383 3
9384 1
9385 2
9386 1
9387 3
9388 1
9389 2
9390 2
9391 1
9392 2
9393 1
9394 2
9395 1
9396 1
9397 1
9398 2
9399 1
9400 1
9401 2
9402 1
9403 3
9404 4
9405 1
9406 2
9407 3
9408 1
9409 1
9410 1
9411 2
9412 2
9413 1
9414 1
9415 1
9416 1
9417 1
9418 1
9419 1
9420 1
9421 3
9422 3
9423 3
9424 1
9425 2
9426 1
9427 1
9428 1
9429 2
9430 1
9431 1
9432 1
9433 1
9434 1
9435 1
9436 1
9437 2
9438 1
9439 1
9440 1
9441 1
9442 1
9443 1
9444 5
9445 1
9446 1
9447 3
9448 3
9449 1
9450 3
9451 1
9452 1
9453 1
9454 2
9455 1
9456 1
9457 2
9458 1
9459 8
9460 4
9461 2
9462 1
9463 2
9464 1
9465 1
9466 1
9467 1
9468 2
9469 2
9470 2
9471 1
9472 1
9473 1
9474 1
9475 1
9476 1
9477 1
9478 1
9479 1
9480 1
9481 1
9482 3
9483 1
9484 1
9485 1
9486 4
9487 1
9488 1
9489 4
9490 1
9491 1
9492 1
9493 4
9494 1
9495 1
9496 1
9497 3
9498 2
9499 3
9500 1
9501 3
9502 1
9503 2
9504 1
9505 1
9506 1
9507 6
9508 7
9509 1
9510 4
9511 3
9512 1
9513 2
9514 4
9515 1
9516 1
9517 1
9518 1
9519 1
9520 2
9521 1
9522 1
9523 1
9524 1
9525 3
9526 2
9527 1
9528 4
9529 1
9530 3
9531 2
9532 1
9533 1
9534 1
9535 1
9536 1
9537 1
9538 1
9539 1
9540 1
9541 1
9542 1
9543 1
9544 1
9545 1
9546 1
9547 1
9548 1
9549 1
9550 1
9551 1
9552 1
9553 1
9554 1
9555 1
9556 2
9557 1
9558 3
9559 2
9560 1
9561 1
9562 1
9563 1
9564 2
9565 1
9566 3
9567 3
9568 3
9569 1
9570 1
9571 3
9572 3
9573 3
9574 1
9575 3
9576 1
9577 3
9578 1
9579 1
9580 1
9581 1
9582 1
9583 1
9584 3
9585 1
9586 1
9587 1
9588 1
9589 2
9590 1
9591 1
9592 1
9593 3
9594 1
9595 1
9596 1
9597 1
9598 1
9599 1
9600 1
9601 1
9602 1
9603 1
9604 1
9605 1
9606 1
9607 1
9608 1
9609 1
9610 1
9611 1
9612 1
9613 1
9614 1
9615 1
9616 1
9617 1
9618 1
9619 1
9620 2
9621 1
9622 1
9623 1
9624 1
9625 1
9626 1
9627 1
9628 3
9629 1
9630 1
9631 1
9632 1
9633 1
9634 1
9635 1
9636 1
9637 1
9638 1
9639 1
9640 2
9641 1
9642 1
9643 1
9644 1
9645 1
9646 1
9647 1
9648 1
9649 2
9650 1
9651 1
9652 1
9653 1
9654 1
9655 1
9656 1
9657 2
9658 1
9659 2
9660 2
9661 1
9662 1
9663 1
9664 1
9665 1
9666 1
9667 1
9668 1
9669 1
9670 1
9671 1
9672 1
9673 2
9674 1
9675 2
9676 2
9677 1
9678 4
9679 2
9680 1
9681 1
9682 1
9683 1
9684 1
9685 1
9686 1
9687 1
9688 1
9689 1
9690 2
9691 1
9692 1
9693 1
9694 1
9695 1
9696 2
9697 1
9698 1
9699 2
9700 2
9701 1
9702 1
9703 2
9704 1
9705 1
9706 1
9707 1
9708 1
9709 1
9710 1
9711 1
9712 1
9713 1
9714 1
9715 1
9716 1
9717 1
9718 1
9719 1
9720 1
9721 1
9722 1
9723 1
9724 1
9725 2
9726 1
9727 1
9728 1
9729 1
9730 1
9731 1
9732 1
9733 2
9734 1
9735 1
9736 1
9737 1
9738 1
9739 1
9740 1
9741 1
9742 1
9743 1
9744 1
9745 1
9746 1
9747 1
9748 1
9749 1
9750 1
9751 1
9752 1
9753 1
9754 2
9755 1
9756 1
9757 1
9758 2
9759 1
9760 1
9761 2
9762 1
9763 1
9764 1
9765 1
9766 1
9767 1
9768 1
9769 2
9770 1
9771 1
9772 2
9773 1
9774 1
9775 1
9776 2
9777 2
9778 1
9779 1
9780 1
9781 1
9782 2
9783 1
9784 2
9785 1
9786 1
9787 1
9788 2
9789 1
9790 1
9791 1
9792 1
9793 2
9794 1
9795 1
9796 1
9797 1
9798 1
9799 1
9800 1
9801 1
9802 1
9803 1
9804 1
9805 2
9806 1
9807 1
9808 1
9809 1
9810 1
9811 1
9812 1
9813 4
9814 1
9815 1
9816 1
9817 1
9818 2
9819 1
9820 2
9821 1
9822 1
9823 2
9824 1
9825 2
9826 1
9827 1
9828 1
9829 1
9830 2
9831 1
9832 1
9833 2
9834 1
9835 1
9836 1
9837 1
9838 2
9839 1
9840 1
9841 2
9842 1
9843 1
9844 1
9845 3
9846 1
9847 1
9848 1
9849 1
9850 1
9851 2
9852 1
9853 1
9854 1
9855 1
9856 5
9857 3
9858 1
9859 2
9860 1
9861 1
9862 1
9863 2
9864 1
9865 3
9866 1
9867 1
9868 2
9869 1
9870 1
9871 1
9872 1
9873 1
9874 1
9875 3
9876 1
9877 1
9878 1
9879 1
9880 1
9881 1
9882 1
9883 1
9884 1
9885 1
9886 1
9887 1
9888 1
9889 1
9890 1
9891 1
9892 1
9893 2
9894 1
9895 1
9896 1
9897 1
9898 1
9899 1
9900 1
9901 1
9902 1
9903 1
9904 1
9905 1
9906 1
9907 1
9908 2
9909 1
9910 1
9911 1
9912 1
9913 1
9914 1
9915 1
9916 1
9917 1
9918 1
9919 1
9920 1
9921 1
9922 1
9923 1
9924 1
9925 1
9926 1
9927 1
9928 1
9929 1
9930 1
9931 1
9932 1
9933 1
9934 2
9935 1
9936 1
9937 1
9938 1
9939 1
9940 1
9941 1
9942 1
9943 1
9944 1
9945 1
9946 1
9947 1
9948 1
9949 1
9950 1
9951 1
9952 1
9953 2
9954 1
9955 1
9956 1
9957 1
9958 1
9959 1
9960 1
9961 1
9962 1
9963 1
9964 1
9965 1
9966 1
9967 1
9968 1
9969 1
9970 1
9971 2
9972 1
9973 1
9974 1
9975 1
9976 1
9977 1
9978 1
9979 1
9980 1
9981 1
9982 1
9983 1
9984 1
