0 5
1 8
2 1
3 1
4 2
5 5
6 1
7 3
8 3
9 2
10 3
11 1
12 2
13 5
14 1
15 1
16 36
17 4
18 3
19 1
20 6
21 3
22 5
23 1
24 2
25 2
26 1
27 1
28 2
29 1
30 1
31 5
32 5
33 2
34 5
35 6
36 2
37 12
38 1
39 3
40 2
41 1
42 1
43 3
44 2
45 1
46 2
47 1
48 1
49 1
50 2
51 2
52 2
53 5
54 3
55 5
56 6
57 1
58 4
59 1
60 2
61 1
62 2
63 4
64 5
65 1
66 8
67 1
68 5
69 3
70 2
71 6
72 26
73 1
74 1
75 3
76 3
77 1
78 5
79 1
80 2
81 2
82 1
83 2
84 1
85 4
86 2
87 1
88 4
89 5
90 1
91 1
92 1
93 2
94 3
95 3
96 2
97 3
98 2
99 1
100 8
101 2
102 1
103 2
104 7
105 2
106 6
107 1
108 2
109 6
110 2
111 1
112 1
113 2
114 6
115 3
116 1
117 1
118 13
119 2
120 1
121 1
122 1
123 3
124 1
125 4
126 4
127 4
128 2
129 2
130 4
131 2
132 1
133 1
134 4
135 1
136 4
137 1
138 7
139 1
140 1
141 1
142 2
143 4
144 1
145 1
146 3
147 3
148 3
149 1
150 5
151 5
152 2
153 2
154 1
155 1
156 7
157 3
158 3
159 1
160 14
161 2
162 2
163 1
164 2
165 7
166 1
167 4
168 3
169 1
170 2
171 3
172 1
173 2
174 3
175 1
176 3
177 5
178 5
179 2
180 2
181 2
182 8
183 1
184 2
185 5
186 2
187 3
188 16
189 5
190 9
191 2
192 11
193 10
194 3
195 1
196 4
197 2
198 4
199 1
200 1
201 1
202 7
203 1
204 3
205 1
206 3
207 2
208 2
209 2
210 1
211 2
212 7
213 3
214 3
215 1
216 4
217 1
218 3
219 2
220 5
221 2
222 1
223 3
224 1
225 1
226 3
227 2
228 2
229 6
230 1
231 1
232 3
233 7
234 2
235 1
236 4
237 8
238 2
239 1
240 2
241 2
242 3
243 2
244 13
245 7
246 4
247 2
248 5
249 1
250 1
251 1
252 3
253 1
254 4
255 4
256 1
257 3
258 1
259 3
260 1
261 1
262 1
263 2
264 2
265 3
266 4
267 1
268 21
269 18
270 1
271 2
272 1
273 2
274 1
275 1
276 2
277 12
278 1
279 8
280 1
281 2
282 1
283 3
284 2
285 4
286 3
287 1
288 2
289 1
290 4
291 4
292 1
293 1
294 1
295 4
296 2
297 2
298 2
299 3
300 1
301 3
302 1
303 1
304 2
305 2
306 4
307 4
308 1
309 1
310 2
311 4
312 2
313 2
314 3
315 1
316 1
317 1
318 3
319 1
320 2
321 5
322 3
323 4
324 1
325 4
326 3
327 9
328 2
329 3
330 2
331 2
332 7
333 5
334 1
335 1
336 2
337 3
338 10
339 2
340 1
341 5
342 1
343 5
344 1
345 3
346 6
347 1
348 1
349 4
350 7
351 3
352 1
353 3
354 1
355 1
356 6
357 5
358 7
359 3
360 4
361 1
362 2
363 4
364 4
365 2
366 2
367 2
368 3
369 1
370 2
371 2
372 2
373 2
374 1
375 22
376 3
377 2
378 3
379 3
380 1
381 7
382 3
383 1
384 2
385 3
386 1
387 1
388 5
389 2
390 3
391 2
392 4
393 3
394 2
395 8
396 10
397 4
398 2
399 1
400 3
401 1
402 1
403 1
404 4
405 1
406 2
407 2
408 1
409 1
410 1
411 3
412 3
413 1
414 1
415 1
416 1
417 2
418 5
419 1
420 1
421 2
422 1
423 1
424 5
425 2
426 3
427 2
428 2
429 1
430 1
431 1
432 1
433 1
434 1
435 5
436 1
437 5
438 5
439 2
440 1
441 1
442 2
443 4
444 1
445 1
446 6
447 1
448 2
449 3
450 3
451 1
452 2
453 2
454 4
455 1
456 1
457 1
458 4
459 3
460 6
461 7
462 1
463 5
464 3
465 4
466 1
467 12
468 1
469 8
470 2
471 3
472 3
473 3
474 1
475 1
476 2
477 1
478 3
479 2
480 1
481 1
482 5
483 2
484 2
485 1
486 3
487 8
488 1
489 1
490 7
491 2
492 2
493 1
494 2
495 1
496 4
497 2
498 2
499 1
500 4
501 1
502 2
503 3
504 4
505 2
506 8
507 8
508 3
509 2
510 1
511 3
512 1
513 2
514 1
515 7
516 1
517 1
518 3
519 1
520 2
521 3
522 3
523 2
524 2
525 1
526 6
527 5
528 2
529 3
530 1
531 2
532 2
533 2
534 1
535 1
536 4
537 7
538 2
539 2
540 3
541 2
542 6
543 2
544 4
545 4
546 2
547 1
548 11
549 6
550 1
551 12
552 5
553 1
554 8
555 1
556 2
557 2
558 3
559 13
560 1
561 1
562 3
563 25
564 2
565 4
566 2
567 5
568 1
569 5
570 3
571 3
572 1
573 3
574 1
575 12
576 2
577 1
578 9
579 6
580 4
581 1
582 1
583 1
584 3
585 2
586 3
587 1
588 4
589 1
590 1
591 9
592 2
593 7
594 1
595 4
596 2
597 2
598 9
599 5
600 1
601 4
602 2
603 3
604 6
605 8
606 2
607 1
608 3
609 3
610 1
611 4
612 3
613 1
614 3
615 4
616 1
617 4
618 10
619 1
620 2
621 1
622 1
623 5
624 1
625 3
626 1
627 1
628 4
629 4
630 1
631 3
632 1
633 2
634 1
635 3
636 3
637 2
638 6
639 1
640 2
641 3
642 1
643 10
644 2
645 7
646 2
647 1
648 6
649 1
650 1
651 1
652 8
653 3
654 2
655 3
656 2
657 2
658 7
659 3
660 1
661 5
662 3
663 1
664 3
665 2
666 2
667 3
668 8
669 3
670 5
671 9
672 2
673 1
674 2
675 4
676 1
677 1
678 3
679 4
680 2
681 2
682 1
683 4
684 1
685 1
686 3
687 3
688 1
689 2
690 3
691 1
692 1
693 7
694 1
695 1
696 1
697 2
698 1
699 2
700 2
701 4
702 2
703 4
704 1
705 5
706 11
707 2
708 1
709 1
710 3
711 4
712 4
713 1
714 3
715 1
716 5
717 1
718 1
719 2
720 7
721 1
722 4
723 1
724 1
725 1
726 16
727 1
728 1
729 1
730 4
731 8
732 1
733 1
734 4
735 1
736 2
737 1
738 4
739 3
740 3
741 5
742 1
743 5
744 1
745 5
746 2
747 1
748 1
749 1
750 2
751 1
752 3
753 1
754 2
755 4
756 1
757 5
758 2
759 5
760 4
761 1
762 1
763 1
764 1
765 1
766 1
767 1
768 1
769 2
770 1
771 2
772 2
773 3
774 1
775 1
776 5
777 4
778 2
779 5
780 2
781 4
782 3
783 1
784 2
785 3
786 2
787 7
788 1
789 1
790 3
791 3
792 2
793 3
794 3
795 2
796 5
797 2
798 3
799 3
800 2
801 5
802 1
803 8
804 3
805 3
806 2
807 13
808 1
809 1
810 1
811 1
812 2
813 2
814 5
815 1
816 6
817 4
818 2
819 5
820 1
821 6
822 7
823 1
824 8
825 5
826 11
827 2
828 1
829 4
830 3
831 3
832 4
833 2
834 2
835 30
836 4
837 2
838 2
839 4
840 13
841 1
842 4
843 2
844 2
845 4
846 3
847 1
848 3
849 1
850 11
851 2
852 2
853 5
854 2
855 2
856 6
857 7
858 1
859 10
860 3
861 1
862 3
863 1
864 2
865 2
866 1
867 2
868 3
869 3
870 2
871 2
872 2
873 2
874 5
875 2
876 3
877 2
878 1
879 10
880 4
881 3
882 2
883 4
884 1
885 4
886 6
887 2
888 11
889 1
890 2
891 7
892 1
893 1
894 4
895 4
896 4
897 1
898 7
899 3
900 2
901 5
902 1
903 1
904 2
905 1
906 7
907 1
908 2
909 2
910 3
911 1
912 2
913 1
914 13
915 1
916 2
917 1
918 2
919 9
920 1
921 1
922 2
923 2
924 1
925 2
926 7
927 2
928 3
929 5
930 2
931 5
932 1
933 1
934 8
935 2
936 4
937 1
938 1
939 1
940 2
941 4
942 6
943 3
944 2
945 21
946 1
947 11
948 2
949 2
950 1
951 2
952 11
953 1
954 2
955 5
956 2
957 2
958 4
959 1
960 1
961 5
962 2
963 16
964 3
965 10
966 4
967 2
968 5
969 6
970 2
971 40
972 2
973 5
974 9
975 2
976 3
977 7
978 4
979 1
980 6
981 3
982 2
983 2
984 2
985 3
986 3
987 11
988 2
989 2
990 6
991 3
992 4
993 2
994 4
995 13
996 1
997 1
998 1
999 4
1000 1
1001 2
1002 3
1003 4
1004 2
1005 1
1006 3
1007 1
1008 8
1009 7
1010 3
1011 1
1012 1
1013 3
1014 2
1015 13
1016 2
1017 4
1018 1
1019 1
1020 3
1021 11
1022 3
1023 12
1024 5
1025 2
1026 3
1027 5
1028 1
1029 1
1030 5
1031 3
1032 1
1033 2
1034 4
1035 4
1036 1
1037 1
1038 3
1039 3
1040 1
1041 3
1042 9
1043 21
1044 2
1045 3
1046 4
1047 1
1048 7
1049 2
1050 2
1051 5
1052 5
1053 4
1054 3
1055 1
1056 2
1057 3
1058 1
1059 2
1060 1
1061 1
1062 1
1063 2
1064 5
1065 17
1066 2
1067 1
1068 1
1069 4
1070 1
1071 1
1072 8
1073 3
1074 11
1075 4
1076 2
1077 1
1078 3
1079 6
1080 1
1081 1
1082 6
1083 1
1084 1
1085 1
1086 2
1087 4
1088 5
1089 3
1090 2
1091 1
1092 3
1093 5
1094 5
1095 1
1096 2
1097 1
1098 4
1099 1
1100 2
1101 3
1102 1
1103 3
1104 3
1105 1
1106 4
1107 3
1108 7
1109 11
1110 4
1111 2
1112 3
1113 9
1114 2
1115 2
1116 1
1117 2
1118 3
1119 1
1120 1
1121 2
1122 6
1123 7
1124 1
1125 4
1126 3
1127 6
1128 2
1129 1
1130 9
1131 1
1132 1
1133 1
1134 2
1135 1
1136 1
1137 2
1138 3
1139 2
1140 9
1141 5
1142 8
1143 17
1144 5
1145 2
1146 2
1147 1
1148 3
1149 12
1150 1
1151 3
1152 1
1153 5
1154 2
1155 2
1156 10
1157 1
1158 2
1159 2
1160 1
1161 10
1162 4
1163 3
1164 2
1165 2
1166 1
1167 10
1168 3
1169 2
1170 2
1171 1
1172 1
1173 3
1174 8
1175 2
1176 3
1177 1
1178 1
1179 1
1180 1
1181 12
1182 2
1183 12
1184 3
1185 1
1186 2
1187 1
1188 2
1189 3
1190 3
1191 12
1192 1
1193 4
1194 1
1195 3
1196 2
1197 1
1198 9
1199 2
1200 2
1201 8
1202 2
1203 1
1204 1
1205 1
1206 8
1207 20
1208 10
1209 1
1210 1
1211 3
1212 5
1213 2
1214 1
1215 5
1216 1
1217 1
1218 6
1219 2
1220 5
1221 4
1222 2
1223 6
1224 2
1225 1
1226 2
1227 1
1228 1
1229 2
1230 3
1231 2
1232 6
1233 3
1234 1
1235 1
1236 2
1237 4
1238 4
1239 4
1240 7
1241 2
1242 1
1243 3
1244 1
1245 3
1246 2
1247 1
1248 1
1249 1
1250 3
1251 7
1252 1
1253 1
1254 1
1255 2
1256 2
1257 1
1258 1
1259 2
1260 3
1261 3
1262 3
1263 1
1264 3
1265 2
1266 1
1267 2
1268 1
1269 1
1270 1
1271 5
1272 1
1273 4
1274 2
1275 2
1276 1
1277 3
1278 4
1279 8
1280 4
1281 1
1282 2
1283 2
1284 3
1285 1
1286 1
1287 3
1288 2
1289 2
1290 12
1291 7
1292 1
1293 2
1294 6
1295 3
1296 8
1297 1
1298 3
1299 3
1300 8
1301 1
1302 7
1303 1
1304 2
1305 1
1306 1
1307 5
1308 1
1309 3
1310 1
1311 5
1312 1
1313 2
1314 5
1315 2
1316 2
1317 5
1318 1
1319 14
1320 1
1321 3
1322 2
1323 2
1324 1
1325 19
1326 1
1327 1
1328 5
1329 8
1330 1
1331 2
1332 3
1333 2
1334 2
1335 1
1336 4
1337 6
1338 1
1339 1
1340 3
1341 4
1342 2
1343 1
1344 3
1345 1
1346 1
1347 3
1348 3
1349 6
1350 1
1351 3
1352 1
1353 2
1354 1
1355 2
1356 1
1357 1
1358 5
1359 1
1360 1
1361 3
1362 1
1363 3
1364 1
1365 6
1366 2
1367 1
1368 2
1369 2
1370 6
1371 3
1372 2
1373 3
1374 5
1375 1
1376 2
1377 10
1378 2
1379 1
1380 1
1381 1
1382 1
1383 8
1384 2
1385 5
1386 10
1387 3
1388 6
1389 2
1390 3
1391 4
1392 5
1393 6
1394 1
1395 1
1396 2
1397 3
1398 1
1399 3
1400 3
1401 4
1402 1
1403 2
1404 3
1405 4
1406 2
1407 2
1408 3
1409 1
1410 2
1411 1
1412 2
1413 3
1414 1
1415 1
1416 2
1417 2
1418 2
1419 2
1420 3
1421 10
1422 4
1423 2
1424 2
1425 2
1426 1
1427 2
1428 3
1429 2
1430 2
1431 1
1432 1
1433 4
1434 1
1435 1
1436 1
1437 3
1438 4
1439 2
1440 5
1441 2
1442 2
1443 3
1444 2
1445 2
1446 2
1447 3
1448 3
1449 3
1450 7
1451 1
1452 1
1453 6
1454 1
1455 4
1456 3
1457 9
1458 16
1459 2
1460 3
1461 3
1462 1
1463 1
1464 1
1465 4
1466 1
1467 3
1468 4
1469 3
1470 1
1471 1
1472 1
1473 1
1474 6
1475 5
1476 1
1477 1
1478 7
1479 1
1480 1
1481 4
1482 1
1483 5
1484 2
1485 5
1486 7
1487 1
1488 3
1489 3
1490 2
1491 1
1492 5
1493 2
1494 3
1495 1
1496 4
1497 3
1498 2
1499 1
1500 3
1501 1
1502 5
1503 1
1504 15
1505 1
1506 1
1507 1
1508 2
1509 1
1510 3
1511 1
1512 1
1513 6
1514 2
1515 3
1516 1
1517 1
1518 4
1519 2
1520 1
1521 1
1522 1
1523 3
1524 1
1525 12
1526 3
1527 1
1528 4
1529 3
1530 1
1531 1
1532 3
1533 2
1534 2
1535 1
1536 2
1537 1
1538 22
1539 2
1540 4
1541 1
1542 8
1543 2
1544 2
1545 1
1546 2
1547 4
1548 1
1549 2
1550 4
1551 3
1552 5
1553 3
1554 2
1555 1
1556 1
1557 3
1558 5
1559 3
1560 4
1561 2
1562 3
1563 1
1564 1
1565 2
1566 1
1567 2
1568 2
1569 1
1570 1
1571 5
1572 6
1573 2
1574 3
1575 2
1576 1
1577 2
1578 2
1579 2
1580 5
1581 1
1582 3
1583 7
1584 4
1585 1
1586 1
1587 1
1588 1
1589 3
1590 3
1591 3
1592 1
1593 1
1594 1
1595 3
1596 5
1597 1
1598 1
1599 4
1600 1
1601 1
1602 2
1603 1
1604 2
1605 2
1606 1
1607 2
1608 3
1609 2
1610 8
1611 1
1612 4
1613 1
1614 7
1615 7
1616 4
1617 3
1618 2
1619 4
1620 9
1621 2
1622 1
1623 9
1624 5
1625 2
1626 2
1627 1
1628 1
1629 2
1630 4
1631 1
1632 1
1633 5
1634 1
1635 2
1636 4
1637 5
1638 2
1639 1
1640 3
1641 1
1642 4
1643 1
1644 7
1645 1
1646 1
1647 10
1648 2
1649 2
1650 2
1651 5
1652 4
1653 1
1654 4
1655 2
1656 1
1657 7
1658 3
1659 2
1660 11
1661 2
1662 1
1663 1
1664 3
1665 4
1666 7
1667 1
1668 1
1669 1
1670 4
1671 2
1672 1
1673 2
1674 1
1675 2
1676 7
1677 1
1678 2
1679 4
1680 2
1681 8
1682 1
1683 3
1684 1
1685 1
1686 5
1687 3
1688 3
1689 2
1690 1
1691 3
1692 4
1693 2
1694 1
1695 3
1696 1
1697 1
1698 3
1699 1
1700 4
1701 1
1702 11
1703 16
1704 1
1705 2
1706 2
1707 1
1708 2
1709 1
1710 2
1711 1
1712 1
1713 1
1714 1
1715 2
1716 5
1717 3
1718 2
1719 3
1720 6
1721 1
1722 1
1723 2
1724 2
1725 1
1726 3
1727 3
1728 1
1729 5
1730 6
1731 6
1732 2
1733 1
1734 2
1735 2
1736 1
1737 2
1738 5
1739 9
1740 5
1741 1
1742 5
1743 1
1744 4
1745 5
1746 1
1747 1
1748 2
1749 1
1750 1
1751 3
1752 3
1753 1
1754 3
1755 2
1756 5
1757 1
1758 3
1759 1
1760 2
1761 5
1762 1
1763 1
1764 2
1765 7
1766 1
1767 5
1768 2
1769 4
1770 7
1771 2
1772 1
1773 2
1774 3
1775 4
1776 1
1777 1
1778 1
1779 5
1780 1
1781 1
1782 1
1783 6
1784 5
1785 2
1786 3
1787 2
1788 3
1789 1
1790 1
1791 6
1792 2
1793 1
1794 2
1795 1
1796 2
1797 4
1798 5
1799 2
1800 2
1801 1
1802 2
1803 3
1804 5
1805 4
1806 1
1807 3
1808 1
1809 4
1810 2
1811 2
1812 3
1813 1
1814 1
1815 3
1816 2
1817 5
1818 2
1819 1
1820 1
1821 3
1822 1
1823 4
1824 1
1825 2
1826 3
1827 5
1828 8
1829 3
1830 4
1831 8
1832 3
1833 11
1834 9
1835 4
1836 2
1837 2
1838 2
1839 3
1840 4
1841 1
1842 1
1843 1
1844 4
1845 2
1846 2
1847 1
1848 4
1849 5
1850 1
1851 3
1852 2
1853 1
1854 18
1855 1
1856 1
1857 2
1858 3
1859 1
1860 2
1861 2
1862 1
1863 1
1864 2
1865 18
1866 2
1867 4
1868 1
1869 4
1870 1
1871 2
1872 4
1873 1
1874 7
1875 1
1876 2
1877 3
1878 1
1879 11
1880 3
1881 1
1882 2
1883 2
1884 2
1885 2
1886 3
1887 2
1888 1
1889 1
1890 3
1891 1
1892 1
1893 1
1894 2
1895 11
1896 4
1897 2
1898 3
1899 8
1900 2
1901 6
1902 4
1903 1
1904 1
1905 5
1906 8
1907 2
1908 11
1909 13
1910 1
1911 2
1912 4
1913 1
1914 2
1915 2
1916 5
1917 3
1918 1
1919 6
1920 3
1921 4
1922 1
1923 2
1924 2
1925 3
1926 2
1927 13
1928 2
1929 1
1930 2
1931 12
1932 1
1933 3
1934 1
1935 1
1936 1
1937 2
1938 1
1939 5
1940 2
1941 1
1942 1
1943 4
1944 14
1945 2
1946 1
1947 2
1948 3
1949 2
1950 2
1951 1
1952 4
1953 18
1954 3
1955 6
1956 3
1957 1
1958 4
1959 4
1960 5
1961 3
1962 3
1963 2
1964 4
1965 2
1966 3
1967 1
1968 1
1969 5
1970 1
1971 2
1972 3
1973 4
1974 4
1975 14
1976 3
1977 8
1978 2
1979 4
1980 3
1981 1
1982 2
1983 5
1984 7
1985 2
1986 18
1987 1
1988 2
1989 1
1990 10
1991 1
1992 2
1993 1
1994 1
1995 4
1996 11
1997 1
1998 2
1999 2
2000 2
2001 3
2002 2
2003 1
2004 4
2005 7
2006 13
2007 1
2008 1
2009 2
2010 2
2011 3
2012 1
2013 6
2014 1
2015 1
2016 1
2017 1
2018 1
2019 15
2020 2
2021 2
2022 1
2023 1
2024 5
2025 1
2026 15
2027 1
2028 1
2029 1
2030 1
2031 3
2032 7
2033 1
2034 8
2035 4
2036 1
2037 2
2038 53
2039 2
2040 2
2041 5
2042 1
2043 1
2044 2
2045 2
2046 1
2047 2
2048 6
2049 1
2050 2
2051 1
2052 3
2053 2
2054 3
2055 1
2056 2
2057 9
2058 1
2059 1
2060 2
2061 1
2062 1
2063 3
2064 4
2065 6
2066 1
2067 7
2068 2
2069 3
2070 15
2071 2
2072 5
2073 10
2074 9
2075 2
2076 5
2077 2
2078 1
2079 1
2080 9
2081 9
2082 1
2083 4
2084 11
2085 2
2086 1
2087 2
2088 2
2089 3
2090 4
2091 4
2092 1
2093 1
2094 2
2095 3
2096 4
2097 1
2098 1
2099 4
2100 3
2101 5
2102 3
2103 1
2104 2
2105 1
2106 2
2107 1
2108 1
2109 2
2110 1
2111 1
2112 1
2113 3
2114 3
2115 3
2116 4
2117 2
2118 3
2119 2
2120 1
2121 1
2122 2
2123 3
2124 3
2125 2
2126 1
2127 2
2128 1
2129 4
2130 10
2131 2
2132 2
2133 3
2134 1
2135 1
2136 1
2137 1
2138 9
2139 11
2140 2
2141 3
2142 2
2143 6
2144 4
2145 4
2146 8
2147 1
2148 3
2149 2
2150 1
2151 1
2152 3
2153 2
2154 1
2155 1
2156 1
2157 1
2158 1
2159 5
2160 1
2161 1
2162 2
2163 2
2164 3
2165 1
2166 3
2167 4
2168 4
2169 4
2170 5
2171 1
2172 1
2173 1
2174 4
2175 3
2176 2
2177 4
2178 1
2179 1
2180 9
2181 2
2182 5
2183 3
2184 4
2185 8
2186 6
2187 1
2188 15
2189 4
2190 1
2191 8
2192 4
2193 2
2194 1
2195 14
2196 1
2197 2
2198 1
2199 1
2200 1
2201 2
2202 3
2203 1
2204 2
2205 1
2206 16
2207 1
2208 2
2209 1
2210 11
2211 4
2212 2
2213 1
2214 2
2215 7
2216 1
2217 1
2218 9
2219 2
2220 1
2221 2
2222 1
2223 3
2224 1
2225 3
2226 2
2227 3
2228 5
2229 1
2230 2
2231 2
2232 1
2233 2
2234 3
2235 4
2236 3
2237 4
2238 1
2239 3
2240 2
2241 1
2242 8
2243 1
2244 12
2245 2
2246 1
2247 2
2248 2
2249 4
2250 2
2251 5
2252 1
2253 3
2254 4
2255 1
2256 2
2257 3
2258 5
2259 3
2260 1
2261 1
2262 2
2263 2
2264 2
2265 3
2266 1
2267 1
2268 2
2269 1
2270 1
2271 5
2272 4
2273 1
2274 1
2275 3
2276 3
2277 3
2278 2
2279 4
2280 1
2281 6
2282 5
2283 2
2284 1
2285 2
2286 9
2287 1
2288 3
2289 2
2290 1
2291 9
2292 1
2293 5
2294 1
2295 8
2296 2
2297 3
2298 1
2299 1
2300 5
2301 1
2302 4
2303 2
2304 9
2305 1
2306 6
2307 4
2308 4
2309 6
2310 9
2311 5
2312 3
2313 2
2314 3
2315 4
2316 4
2317 2
2318 9
2319 1
2320 4
2321 1
2322 1
2323 2
2324 2
2325 5
2326 1
2327 4
2328 1
2329 1
2330 2
2331 1
2332 5
2333 1
2334 5
2335 1
2336 2
2337 3
2338 1
2339 1
2340 1
2341 2
2342 5
2343 6
2344 6
2345 1
2346 5
2347 1
2348 2
2349 6
2350 6
2351 5
2352 3
2353 2
2354 1
2355 3
2356 1
2357 3
2358 4
2359 2
2360 1
2361 3
2362 1
2363 2
2364 1
2365 1
2366 2
2367 1
2368 1
2369 1
2370 4
2371 4
2372 3
2373 1
2374 2
2375 4
2376 1
2377 4
2378 1
2379 3
2380 2
2381 2
2382 2
2383 4
2384 1
2385 2
2386 4
2387 2
2388 1
2389 4
2390 2
2391 5
2392 2
2393 3
2394 4
2395 1
2396 1
2397 1
2398 3
2399 4
2400 3
2401 1
2402 1
2403 1
2404 5
2405 4
2406 3
2407 3
2408 2
2409 5
2410 1
2411 1
2412 2
2413 5
2414 5
2415 1
2416 2
2417 2
2418 3
2419 4
2420 3
2421 1
2422 9
2423 1
2424 3
2425 2
2426 2
2427 1
2428 5
2429 1
2430 2
2431 2
2432 3
2433 2
2434 4
2435 3
2436 4
2437 1
2438 1
2439 1
2440 3
2441 2
2442 2
2443 4
2444 2
2445 5
2446 4
2447 5
2448 1
2449 2
2450 1
2451 5
2452 1
2453 3
2454 9
2455 8
2456 3
2457 6
2458 1
2459 8
2460 2
2461 2
2462 2
2463 3
2464 1
2465 1
2466 6
2467 10
2468 6
2469 1
2470 4
2471 2
2472 5
2473 1
2474 2
2475 2
2476 6
2477 3
2478 2
2479 2
2480 11
2481 4
2482 3
2483 1
2484 1
2485 5
2486 1
2487 2
2488 1
2489 1
2490 2
2491 3
2492 3
2493 1
2494 2
2495 6
2496 2
2497 3
2498 3
2499 9
2500 1
2501 3
2502 2
2503 3
2504 5
2505 1
2506 1
2507 1
2508 4
2509 1
2510 3
2511 1
2512 2
2513 1
2514 4
2515 2
2516 1
2517 2
2518 2
2519 1
2520 2
2521 2
2522 1
2523 1
2524 2
2525 4
2526 5
2527 2
2528 3
2529 3
2530 10
2531 3
2532 2
2533 1
2534 1
2535 5
2536 2
2537 1
2538 4
2539 1
2540 1
2541 8
2542 2
2543 7
2544 4
2545 2
2546 1
2547 1
2548 1
2549 3
2550 2
2551 1
2552 2
2553 2
2554 3
2555 11
2556 10
2557 1
2558 7
2559 2
2560 3
2561 4
2562 9
2563 4
2564 3
2565 2
2566 4
2567 2
2568 4
2569 4
2570 1
2571 1
2572 2
2573 3
2574 2
2575 2
2576 1
2577 1
2578 21
2579 2
2580 8
2581 2
2582 2
2583 2
2584 3
2585 1
2586 5
2587 1
2588 1
2589 7
2590 4
2591 3
2592 2
2593 1
2594 4
2595 4
2596 1
2597 3
2598 3
2599 1
2600 1
2601 1
2602 5
2603 1
2604 1
2605 2
2606 4
2607 1
2608 1
2609 5
2610 4
2611 2
2612 4
2613 1
2614 2
2615 3
2616 1
2617 2
2618 1
2619 4
2620 3
2621 9
2622 2
2623 1
2624 11
2625 2
2626 1
2627 3
2628 1
2629 1
2630 3
2631 6
2632 5
2633 6
2634 1
2635 19
2636 2
2637 1
2638 9
2639 8
2640 2
2641 2
2642 1
2643 2
2644 2
2645 2
2646 1
2647 3
2648 3
2649 1
2650 5
2651 5
2652 1
2653 3
2654 2
2655 1
2656 4
2657 3
2658 1
2659 1
2660 1
2661 2
2662 6
2663 5
2664 8
2665 2
2666 34
2667 2
2668 2
2669 2
2670 1
2671 2
2672 1
2673 2
2674 1
2675 3
2676 2
2677 4
2678 1
2679 2
2680 3
2681 1
2682 1
2683 1
2684 1
2685 1
2686 2
2687 2
2688 1
2689 1
2690 3
2691 2
2692 3
2693 1
2694 5
2695 3
2696 2
2697 2
2698 2
2699 1
2700 1
2701 3
2702 1
2703 2
2704 4
2705 3
2706 2
2707 1
2708 1
2709 2
2710 3
2711 1
2712 3
2713 2
2714 4
2715 3
2716 13
2717 5
2718 9
2719 2
2720 3
2721 3
2722 1
2723 2
2724 10
2725 1
2726 1
2727 45
2728 2
2729 1
2730 4
2731 3
2732 2
2733 3
2734 1
2735 1
2736 4
2737 1
2738 2
2739 3
2740 1
2741 4
2742 4
2743 2
2744 2
2745 6
2746 1
2747 2
2748 4
2749 2
2750 2
2751 7
2752 5
2753 2
2754 2
2755 1
2756 1
2757 3
2758 3
2759 4
2760 2
2761 6
2762 9
2763 3
2764 4
2765 4
2766 1
2767 2
2768 1
2769 5
2770 4
2771 12
2772 1
2773 1
2774 3
2775 1
2776 2
2777 2
2778 7
2779 2
2780 3
2781 2
2782 1
2783 1
2784 1
2785 4
2786 6
2787 4
2788 2
2789 1
2790 4
2791 8
2792 3
2793 5
2794 1
2795 1
2796 3
2797 2
2798 12
2799 4
2800 1
2801 4
2802 2
2803 1
2804 1
2805 11
2806 1
2807 1
2808 11
2809 1
2810 4
2811 1
2812 2
2813 4
2814 15
2815 5
2816 2
2817 1
2818 3
2819 7
2820 1
2821 1
2822 1
2823 6
2824 1
2825 1
2826 5
2827 13
2828 11
2829 4
2830 1
2831 4
2832 5
2833 1
2834 2
2835 1
2836 2
2837 1
2838 1
2839 1
2840 2
2841 1
2842 6
2843 2
2844 3
2845 1
2846 1
2847 3
2848 1
2849 1
2850 2
2851 5
2852 3
2853 8
2854 1
2855 2
2856 1
2857 1
2858 4
2859 6
2860 1
2861 25
2862 16
2863 1
2864 1
2865 1
2866 4
2867 1
2868 1
2869 2
2870 1
2871 3
2872 1
2873 3
2874 1
2875 14
2876 1
2877 4
2878 2
2879 9
2880 2
2881 9
2882 1
2883 1
2884 1
2885 1
2886 5
2887 1
2888 2
2889 7
2890 3
2891 6
2892 2
2893 1
2894 10
2895 3
2896 2
2897 2
2898 1
2899 4
2900 7
2901 1
2902 1
2903 1
2904 3
2905 2
2906 7
2907 2
2908 2
2909 4
2910 2
2911 6
2912 1
2913 4
2914 4
2915 2
2916 1
2917 1
2918 3
2919 5
2920 2
2921 1
2922 4
2923 1
2924 1
2925 4
2926 3
2927 1
2928 3
2929 6
2930 1
2931 2
2932 1
2933 4
2934 2
2935 4
2936 2
2937 1
2938 3
2939 4
2940 3
2941 5
2942 1
2943 1
2944 2
2945 1
2946 2
2947 5
2948 4
2949 3
2950 2
2951 3
2952 4
2953 1
2954 8
2955 3
2956 1
2957 1
2958 2
2959 1
2960 2
2961 7
2962 1
2963 1
2964 2
2965 1
2966 3
2967 2
2968 4
2969 2
2970 1
2971 2
2972 1
2973 4
2974 5
2975 10
2976 2
2977 7
2978 4
2979 2
2980 2
2981 2
2982 1
2983 2
2984 5
2985 1
2986 3
2987 1
2988 2
2989 3
2990 3
2991 5
2992 11
2993 2
2994 1
2995 1
2996 1
2997 1
2998 2
2999 2
3000 4
3001 4
3002 1
3003 1
3004 4
3005 2
3006 2
3007 2
3008 1
3009 1
3010 2
3011 1
3012 2
3013 1
3014 9
3015 2
3016 4
3017 5
3018 1
3019 2
3020 2
3021 2
3022 1
3023 2
3024 1
3025 3
3026 5
3027 1
3028 1
3029 2
3030 6
3031 1
3032 1
3033 1
3034 2
3035 2
3036 1
3037 5
3038 1
3039 1
3040 9
3041 1
3042 2
3043 1
3044 2
3045 3
3046 3
3047 6
3048 2
3049 6
3050 10
3051 2
3052 6
3053 2
3054 1
3055 2
3056 1
3057 2
3058 3
3059 9
3060 3
3061 1
3062 2
3063 8
3064 3
3065 2
3066 3
3067 3
3068 4
3069 1
3070 2
3071 2
3072 4
3073 5
3074 1
3075 1
3076 6
3077 1
3078 1
3079 1
3080 2
3081 7
3082 7
3083 4
3084 2
3085 4
3086 1
3087 3
3088 4
3089 1
3090 3
3091 3
3092 1
3093 5
3094 3
3095 2
3096 1
3097 1
3098 3
3099 1
3100 1
3101 1
3102 1
3103 14
3104 1
3105 3
3106 5
3107 6
3108 3
3109 1
3110 1
3111 2
3112 2
3113 9
3114 2
3115 4
3116 1
3117 7
3118 1
3119 10
3120 2
3121 2
3122 4
3123 2
3124 7
3125 5
3126 1
3127 2
3128 7
3129 2
3130 1
3131 3
3132 6
3133 1
3134 1
3135 2
3136 8
3137 4
3138 3
3139 6
3140 2
3141 1
3142 7
3143 3
3144 6
3145 3
3146 1
3147 7
3148 2
3149 2
3150 3
3151 1
3152 3
3153 4
3154 1
3155 4
3156 3
3157 5
3158 2
3159 1
3160 7
3161 2
3162 3
3163 2
3164 6
3165 4
3166 2
3167 2
3168 5
3169 2
3170 2
3171 4
3172 1
3173 2
3174 12
3175 4
3176 8
3177 5
3178 2
3179 1
3180 1
3181 2
3182 1
3183 4
3184 3
3185 2
3186 1
3187 4
3188 3
3189 6
3190 3
3191 2
3192 3
3193 1
3194 1
3195 1
3196 4
3197 2
3198 3
3199 1
3200 3
3201 1
3202 2
3203 2
3204 10
3205 1
3206 1
3207 1
3208 6
3209 4
3210 1
3211 4
3212 2
3213 2
3214 4
3215 2
3216 1
3217 1
3218 5
3219 3
3220 2
3221 5
3222 3
3223 3
3224 1
3225 2
3226 6
3227 4
3228 3
3229 2
3230 2
3231 1
3232 1
3233 2
3234 5
3235 6
3236 1
3237 3
3238 1
3239 3
3240 1
3241 1
3242 1
3243 1
3244 2
3245 1
3246 5
3247 3
3248 1
3249 6
3250 1
3251 1
3252 2
3253 3
3254 3
3255 1
3256 2
3257 2
3258 21
3259 2
3260 3
3261 2
3262 4
3263 1
3264 2
3265 10
3266 5
3267 6
3268 7
3269 3
3270 1
3271 2
3272 4
3273 2
3274 2
3275 5
3276 15
3277 2
3278 2
3279 2
3280 6
3281 1
3282 3
3283 7
3284 8
3285 1
3286 1
3287 6
3288 3
3289 2
3290 5
3291 3
3292 2
3293 2
3294 3
3295 2
3296 5
3297 7
3298 4
3299 1
3300 1
3301 18
3302 5
3303 1
3304 2
3305 4
3306 2
3307 10
3308 1
3309 3
3310 1
3311 3
3312 2
3313 2
3314 1
3315 8
3316 2
3317 2
3318 1
3319 2
3320 1
3321 2
3322 2
3323 5
3324 3
3325 7
3326 1
3327 12
3328 2
3329 5
3330 3
3331 2
3332 2
3333 1
3334 1
3335 3
3336 1
3337 1
3338 2
3339 4
3340 1
3341 2
3342 6
3343 1
3344 2
3345 1
3346 5
3347 1
3348 1
3349 2
3350 3
3351 2
3352 8
3353 1
3354 1
3355 1
3356 2
3357 2
3358 1
3359 3
3360 2
3361 1
3362 1
3363 1
3364 2
3365 3
3366 2
3367 3
3368 4
3369 5
3370 4
3371 1
3372 3
3373 3
3374 1
3375 1
3376 1
3377 6
3378 4
3379 1
3380 3
3381 2
3382 2
3383 2
3384 2
3385 7
3386 2
3387 1
3388 3
3389 1
3390 1
3391 11
3392 7
3393 1
3394 4
3395 2
3396 1
3397 2
3398 3
3399 1
3400 1
3401 4
3402 1
3403 1
3404 3
3405 4
3406 7
3407 2
3408 2
3409 5
3410 3
3411 2
3412 1
3413 1
3414 2
3415 3
3416 2
3417 1
3418 1
3419 1
3420 4
3421 1
3422 4
3423 1
3424 2
3425 1
3426 1
3427 3
3428 2
3429 1
3430 5
3431 3
3432 1
3433 3
3434 2
3435 13
3436 7
3437 1
3438 2
3439 1
3440 1
3441 4
3442 2
3443 1
3444 1
3445 2
3446 7
3447 8
3448 5
3449 4
3450 4
3451 3
3452 1
3453 2
3454 2
3455 8
3456 2
3457 1
3458 1
3459 9
3460 2
3461 2
3462 7
3463 3
3464 2
3465 2
3466 1
3467 2
3468 4
3469 1
3470 4
3471 2
3472 1
3473 3
3474 8
3475 6
3476 1
3477 1
3478 4
3479 2
3480 5
3481 2
3482 4
3483 1
3484 2
3485 1
3486 2
3487 2
3488 9
3489 1
3490 2
3491 1
3492 1
3493 1
3494 1
3495 4
3496 1
3497 2
3498 1
3499 2
3500 3
3501 1
3502 3
3503 1
3504 4
3505 2
3506 1
3507 2
3508 1
3509 6
3510 1
3511 3
3512 1
3513 1
3514 2
3515 1
3516 2
3517 1
3518 2
3519 8
3520 6
3521 6
3522 3
3523 13
3524 1
3525 1
3526 2
3527 5
3528 2
3529 2
3530 3
3531 5
3532 11
3533 1
3534 1
3535 13
3536 1
3537 3
3538 11
3539 1
3540 2
3541 3
3542 2
3543 1
3544 5
3545 1
3546 3
3547 3
3548 1
3549 1
3550 2
3551 1
3552 1
3553 3
3554 2
3555 1
3556 1
3557 2
3558 4
3559 1
3560 2
3561 17
3562 1
3563 1
3564 1
3565 1
3566 6
3567 5
3568 1
3569 6
3570 1
3571 1
3572 3
3573 3
3574 1
3575 1
3576 2
3577 1
3578 1
3579 1
3580 1
3581 6
3582 4
3583 1
3584 1
3585 4
3586 2
3587 1
3588 1
3589 5
3590 1
3591 1
3592 1
3593 7
3594 2
3595 3
3596 1
3597 1
3598 1
3599 4
3600 4
3601 2
3602 2
3603 1
3604 1
3605 2
3606 3
3607 7
3608 3
3609 3
3610 2
3611 2
3612 2
3613 5
3614 1
3615 3
3616 4
3617 2
3618 3
3619 5
3620 1
3621 2
3622 1
3623 2
3624 2
3625 4
3626 1
3627 1
3628 2
3629 1
3630 5
3631 1
3632 1
3633 1
3634 3
3635 3
3636 7
3637 2
3638 1
3639 3
3640 4
3641 1
3642 3
3643 1
3644 3
3645 2
3646 1
3647 1
3648 1
3649 2
3650 1
3651 1
3652 1
3653 1
3654 5
3655 2
3656 6
3657 1
3658 1
3659 2
3660 3
3661 1
3662 2
3663 1
3664 2
3665 5
3666 1
3667 4
3668 1
3669 6
3670 2
3671 1
3672 1
3673 7
3674 10
3675 2
3676 8
3677 2
3678 3
3679 2
3680 3
3681 10
3682 1
3683 3
3684 7
3685 6
3686 3
3687 2
3688 2
3689 2
3690 2
3691 4
3692 5
3693 1
3694 2
3695 1
3696 1
3697 1
3698 2
3699 2
3700 4
3701 2
3702 1
3703 2
3704 1
3705 1
3706 11
3707 2
3708 2
3709 1
3710 5
3711 1
3712 1
3713 4
3714 2
3715 3
3716 4
3717 1
3718 8
3719 1
3720 1
3721 1
3722 1
3723 4
3724 1
3725 1
3726 4
3727 1
3728 1
3729 6
3730 4
3731 2
3732 9
3733 1
3734 1
3735 1
3736 1
3737 6
3738 3
3739 1
3740 12
3741 1
3742 5
3743 2
3744 4
3745 3
3746 3
3747 2
3748 12
3749 2
3750 2
3751 3
3752 2
3753 3
3754 1
3755 1
3756 2
3757 2
3758 4
3759 3
3760 2
3761 1
3762 3
3763 3
3764 1
3765 5
3766 2
3767 1
3768 1
3769 2
3770 1
3771 1
3772 5
3773 2
3774 1
3775 2
3776 5
3777 4
3778 2
3779 5
3780 4
3781 8
3782 3
3783 1
3784 4
3785 1
3786 2
3787 11
3788 3
3789 8
3790 5
3791 1
3792 1
3793 5
3794 2
3795 1
3796 4
3797 7
3798 4
3799 10
3800 1
3801 4
3802 1
3803 14
3804 8
3805 1
3806 4
3807 1
3808 1
3809 7
3810 3
3811 1
3812 1
3813 3
3814 3
3815 3
3816 2
3817 5
3818 3
3819 3
3820 3
3821 1
3822 2
3823 3
3824 1
3825 1
3826 1
3827 1
3828 7
3829 1
3830 1
3831 10
3832 3
3833 16
3834 18
3835 1
3836 4
3837 3
3838 8
3839 3
3840 1
3841 1
3842 5
3843 1
3844 2
3845 1
3846 1
3847 4
3848 16
3849 3
3850 1
3851 5
3852 3
3853 9
3854 7
3855 5
3856 3
3857 6
3858 2
3859 3
3860 2
3861 2
3862 3
3863 1
3864 3
3865 2
3866 1
3867 3
3868 1
3869 4
3870 4
3871 2
3872 1
3873 1
3874 3
3875 2
3876 1
3877 1
3878 4
3879 2
3880 2
3881 1
3882 2
3883 6
3884 3
3885 1
3886 1
3887 2
3888 4
3889 1
3890 1
3891 2
3892 2
3893 1
3894 1
3895 4
3896 6
3897 3
3898 1
3899 3
3900 1
3901 2
3902 1
3903 1
3904 4
3905 1
3906 1
3907 1
3908 1
3909 1
3910 2
3911 2
3912 2
3913 7
3914 6
3915 3
3916 1
3917 2
3918 1
3919 3
3920 2
3921 1
3922 2
3923 2
3924 10
3925 2
3926 3
3927 2
3928 2
3929 3
3930 1
3931 3
3932 1
3933 6
3934 3
3935 2
3936 3
3937 1
3938 3
3939 10
3940 1
3941 2
3942 1
3943 1
3944 4
3945 2
3946 2
3947 2
3948 2
3949 4
3950 6
3951 6
3952 9
3953 4
3954 4
3955 1
3956 2
3957 2
3958 2
3959 1
3960 1
3961 6
3962 6
3963 1
3964 2
3965 2
3966 1
3967 1
3968 2
3969 4
3970 7
3971 1
3972 1
3973 1
3974 4
3975 3
3976 5
3977 8
3978 5
3979 3
3980 1
3981 3
3982 5
3983 8
3984 1
3985 1
3986 1
3987 1
3988 3
3989 2
3990 7
3991 1
3992 3
3993 5
3994 3
3995 6
3996 1
3997 6
3998 1
3999 2
4000 2
4001 1
4002 5
4003 1
4004 4
4005 2
4006 2
4007 1
4008 2
4009 4
4010 3
4011 1
4012 4
4013 1
4014 1
4015 3
4016 2
4017 2
4018 3
4019 1
4020 2
4021 6
4022 2
4023 1
4024 1
4025 1
4026 1
4027 2
4028 6
4029 2
4030 1
4031 6
4032 6
4033 6
4034 2
4035 1
4036 3
4037 2
4038 1
4039 1
4040 1
4041 7
4042 5
4043 3
4044 2
4045 2
4046 3
4047 1
4048 3
4049 6
4050 5
4051 4
4052 1
4053 3
4054 2
4055 1
4056 1
4057 1
4058 3
4059 2
4060 4
4061 1
4062 8
4063 1
4064 3
4065 17
4066 1
4067 2
4068 1
4069 4
4070 7
4071 7
4072 1
4073 1
4074 3
4075 3
4076 1
4077 2
4078 2
4079 1
4080 3
4081 1
4082 3
4083 8
4084 1
4085 7
4086 2
4087 6
4088 2
4089 2
4090 3
4091 1
4092 6
4093 1
4094 1
4095 1
4096 4
4097 1
4098 1
4099 4
4100 3
4101 6
4102 3
4103 3
4104 2
4105 3
4106 2
4107 2
4108 1
4109 1
4110 4
4111 3
4112 2
4113 2
4114 2
4115 4
4116 1
4117 5
4118 1
4119 2
4120 4
4121 3
4122 1
4123 1
4124 2
4125 2
4126 5
4127 4
4128 1
4129 18
4130 2
4131 4
4132 1
4133 2
4134 12
4135 5
4136 4
4137 6
4138 2
4139 2
4140 4
4141 3
4142 5
4143 2
4144 1
4145 3
4146 3
4147 2
4148 1
4149 6
4150 5
4151 10
4152 15
4153 2
4154 1
4155 1
4156 4
4157 3
4158 16
4159 1
4160 1
4161 3
4162 2
4163 7
4164 2
4165 3
4166 2
4167 1
4168 1
4169 2
4170 2
4171 2
4172 2
4173 8
4174 12
4175 16
4176 3
4177 3
4178 2
4179 2
4180 9
4181 1
4182 1
4183 2
4184 5
4185 3
4186 2
4187 1
4188 1
4189 6
4190 4
4191 2
4192 2
4193 2
4194 1
4195 1
4196 4
4197 1
4198 2
4199 1
4200 5
4201 1
4202 2
4203 1
4204 4
4205 3
4206 10
4207 2
4208 3
4209 7
4210 4
4211 5
4212 1
4213 2
4214 6
4215 5
4216 4
4217 2
4218 1
4219 5
4220 1
4221 3
4222 1
4223 3
4224 2
4225 4
4226 1
4227 1
4228 6
4229 3
4230 1
4231 1
4232 3
4233 3
4234 3
4235 1
4236 2
4237 2
4238 1
4239 2
4240 4
4241 3
4242 3
4243 12
4244 3
4245 2
4246 2
4247 1
4248 1
4249 3
4250 3
4251 1
4252 4
4253 1
4254 11
4255 3
4256 2
4257 1
4258 1
4259 4
4260 1
4261 2
4262 2
4263 3
4264 3
4265 5
4266 2
4267 3
4268 2
4269 5
4270 2
4271 4
4272 2
4273 1
4274 7
4275 1
4276 3
4277 13
4278 5
4279 3
4280 5
4281 3
4282 6
4283 1
4284 2
4285 2
4286 2
4287 1
4288 4
4289 2
4290 5
4291 2
4292 37
4293 6
4294 1
4295 1
4296 2
4297 1
4298 1
4299 1
4300 2
4301 2
4302 2
4303 1
4304 2
4305 2
4306 4
4307 1
4308 2
4309 1
4310 2
4311 3
4312 5
4313 1
4314 2
4315 5
4316 3
4317 4
4318 1
4319 1
4320 16
4321 1
4322 2
4323 1
4324 2
4325 1
4326 2
4327 3
4328 5
4329 1
4330 1
4331 1
4332 6
4333 1
4334 1
4335 2
4336 2
4337 1
4338 1
4339 32
4340 2
4341 2
4342 1
4343 10
4344 7
4345 3
4346 4
4347 1
4348 1
4349 6
4350 1
4351 1
4352 2
4353 2
4354 2
4355 1
4356 1
4357 1
4358 4
4359 1
4360 1
4361 1
4362 4
4363 4
4364 5
4365 5
4366 3
4367 5
4368 8
4369 1
4370 1
4371 3
4372 2
4373 1
4374 1
4375 3
4376 35
4377 2
4378 3
4379 2
4380 9
4381 4
4382 2
4383 2
4384 7
4385 1
4386 3
4387 9
4388 1
4389 3
4390 2
4391 1
4392 1
4393 4
4394 6
4395 1
4396 2
4397 1
4398 1
4399 1
4400 1
4401 2
4402 1
4403 2
4404 5
4405 1
4406 1
4407 4
4408 1
4409 3
4410 2
4411 9
4412 2
4413 1
4414 1
4415 1
4416 8
4417 2
4418 2
4419 6
4420 2
4421 5
4422 1
4423 1
4424 2
4425 3
4426 2
4427 1
4428 5
4429 2
4430 2
4431 4
4432 4
4433 2
4434 3
4435 3
4436 4
4437 4
4438 1
4439 1
4440 3
4441 1
4442 3
4443 2
4444 1
4445 2
4446 2
4447 1
4448 1
4449 1
4450 2
4451 1
4452 1
4453 3
4454 1
4455 4
4456 15
4457 6
4458 2
4459 5
4460 2
4461 1
4462 11
4463 2
4464 2
4465 2
4466 1
4467 3
4468 3
4469 4
4470 1
4471 2
4472 2
4473 4
4474 5
4475 8
4476 5
4477 2
4478 1
4479 1
4480 1
4481 1
4482 5
4483 4
4484 2
4485 3
4486 3
4487 1
4488 1
4489 3
4490 3
4491 1
4492 2
4493 11
4494 9
4495 1
4496 1
4497 1
4498 2
4499 2
4500 1
4501 10
4502 2
4503 4
4504 4
4505 2
4506 6
4507 1
4508 1
4509 2
4510 3
4511 2
4512 1
4513 1
4514 4
4515 1
4516 3
4517 4
4518 1
4519 5
4520 1
4521 11
4522 2
4523 4
4524 2
4525 4
4526 2
4527 6
4528 2
4529 1
4530 2
4531 5
4532 2
4533 6
4534 2
4535 2
4536 3
4537 9
4538 2
4539 1
4540 3
4541 1
4542 3
4543 3
4544 3
4545 4
4546 6
4547 2
4548 1
4549 2
4550 4
4551 12
4552 1
4553 1
4554 4
4555 3
4556 7
4557 2
4558 1
4559 1
4560 1
4561 4
4562 3
4563 3
4564 1
4565 3
4566 1
4567 2
4568 2
4569 2
4570 2
4571 3
4572 2
4573 1
4574 3
4575 1
4576 1
4577 2
4578 3
4579 4
4580 4
4581 1
4582 1
4583 3
4584 2
4585 7
4586 1
4587 3
4588 2
4589 1
4590 2
4591 7
4592 1
4593 1
4594 1
4595 9
4596 2
4597 5
4598 5
4599 12
4600 3
4601 2
4602 1
4603 1
4604 1
4605 1
4606 11
4607 1
4608 15
4609 5
4610 5
4611 2
4612 1
4613 7
4614 1
4615 2
4616 1
4617 3
4618 1
4619 2
4620 2
4621 1
4622 2
4623 5
4624 21
4625 1
4626 1
4627 7
4628 1
4629 5
4630 3
4631 8
4632 1
4633 2
4634 3
4635 12
4636 1
4637 16
4638 2
4639 5
4640 1
4641 25
4642 1
4643 2
4644 5
4645 1
4646 7
4647 5
4648 6
4649 1
4650 3
4651 1
4652 1
4653 2
4654 2
4655 1
4656 2
4657 2
4658 2
4659 3
4660 1
4661 1
4662 2
4663 2
4664 1
4665 5
4666 3
4667 1
4668 7
4669 1
4670 3
4671 2
4672 4
4673 2
4674 8
4675 1
4676 1
4677 5
4678 2
4679 2
4680 1
4681 2
4682 2
4683 3
4684 2
4685 5
4686 5
4687 1
4688 1
4689 1
4690 5
4691 2
4692 5
4693 7
4694 5
4695 2
4696 2
4697 2
4698 2
4699 2
4700 1
4701 2
4702 11
4703 4
4704 13
4705 14
4706 1
4707 3
4708 5
4709 3
4710 9
4711 3
4712 2
4713 4
4714 1
4715 2
4716 1
4717 1
4718 3
4719 3
4720 1
4721 2
4722 3
4723 1
4724 6
4725 1
4726 2
4727 1
4728 11
4729 2
4730 3
4731 6
4732 2
4733 2
4734 1
4735 1
4736 2
4737 3
4738 4
4739 1
4740 3
4741 3
4742 1
4743 6
4744 2
4745 2
4746 2
4748 1
4749 6
4750 2
4751 4
4752 1
4753 1
4754 2
4755 1
4756 1
4757 10
4758 1
4759 2
4760 1
4761 4
4762 4
4763 7
4764 1
4765 3
4766 1
4767 2
4768 1
4769 1
4770 1
4771 1
4772 4
4773 2
4774 1
4775 14
4776 5
4777 1
4778 4
4779 2
4780 4
4781 4
4782 4
4783 2
4784 1
4785 2
4787 1
4788 8
4789 3
4790 1
4791 1
4792 2
4793 2
4794 6
4795 3
4797 3
4798 1
4799 1
4800 2
4801 1
4802 1
4803 2
4804 3
4805 3
4806 2
4807 2
4808 1
4809 1
4810 1
4811 2
4812 1
4813 1
4814 8
4816 8
4817 1
4818 3
4819 1
4820 2
4821 1
4822 1
4823 3
4824 3
4825 2
4826 2
4827 1
4828 2
4829 1
4830 4
4831 3
4832 3
4833 7
4834 6
4835 4
4836 2
4837 6
4838 1
4839 1
4840 3
4841 2
4842 6
4843 2
4844 4
4845 2
4846 2
4847 2
4848 2
4849 3
4850 4
4851 1
4852 1
4853 3
4854 1
4855 2
4856 2
4857 1
4858 6
4860 2
4862 3
4863 18
4864 1
4865 1
4866 2
4867 2
4868 14
4869 3
4870 2
4871 11
4872 6
4873 1
4874 1
4875 1
4876 1
4877 1
4878 1
4880 2
4881 1
4882 2
4883 12
4884 3
4885 1
4886 1
4887 2
4888 5
4889 12
4890 1
4891 5
4892 2
4893 4
4894 7
4895 1
4896 6
4897 1
4898 3
4899 1
4900 2
4901 1
4902 1
4903 5
4904 1
4905 3
4906 1
4907 3
4908 4
4909 2
4911 1
4912 3
4913 1
4914 1
4915 1
4917 6
4918 1
4919 1
4920 1
4921 6
4922 4
4923 3
4924 1
4925 1
4926 5
4927 1
4928 1
4929 2
4931 2
4933 1
4934 6
4935 2
4936 3
4937 17
4938 2
4939 2
4940 1
4941 6
4942 3
4943 9
4944 2
4945 1
4946 2
4947 4
4948 1
4949 11
4950 2
4951 2
4952 1
4953 2
4954 9
4955 9
4956 1
4957 5
4958 2
4959 4
4960 6
4961 1
4962 1
4963 1
4964 3
4966 1
4967 2
4968 3
4969 4
4971 1
4972 2
4973 6
4974 1
4975 1
4976 1
4977 2
4978 2
4979 5
4980 19
4981 3
4982 1
4983 5
4984 2
4985 1
4986 1
4987 3
4988 1
4989 4
4990 3
4991 2
4992 1
4993 2
4994 1
4995 2
4996 1
4997 4
4998 3
4999 6
5000 2
5001 1
5002 1
5003 4
5004 1
5005 3
5006 2
5007 1
5008 1
5009 3
5010 2
5011 2
5012 8
5013 6
5014 3
5015 1
5016 2
5018 17
5019 1
5020 2
5021 2
5022 1
5023 2
5024 2
5025 1
5026 1
5027 4
5028 1
5029 1
5030 6
5031 4
5032 3
5033 3
5034 1
5035 3
5036 4
5037 1
5038 5
5039 2
5040 3
5041 2
5042 1
5043 1
5044 7
5045 3
5046 3
5047 1
5048 1
5049 14
5050 2
5051 3
5052 10
5053 1
5054 3
5056 1
5057 3
5058 7
5059 6
5060 9
5061 2
5062 1
5063 1
5064 1
5065 1
5066 2
5067 1
5068 2
5069 3
5070 1
5071 2
5072 1
5073 6
5074 1
5075 2
5076 8
5077 2
5078 2
5079 10
5080 1
5081 1
5082 3
5083 5
5084 1
5085 8
5086 3
5087 4
5088 1
5089 2
5090 1
5091 8
5092 1
5093 4
5094 4
5095 7
5096 3
5097 1
5098 3
5099 1
5100 2
5101 3
5102 3
5103 1
5104 3
5105 1
5106 2
5107 1
5108 7
5109 5
5110 5
5112 6
5113 1
5114 1
5115 1
5116 1
5117 2
5119 14
5120 2
5121 1
5122 1
5123 2
5124 4
5125 2
5127 1
5128 1
5129 2
5130 1
5131 2
5132 2
5133 2
5134 1
5135 2
5136 3
5137 1
5138 19
5139 1
5140 4
5142 1
5143 1
5144 4
5145 2
5146 1
5147 8
5148 5
5149 4
5150 1
5151 1
5152 4
5153 1
5154 1
5155 5
5156 2
5158 1
5159 2
5160 2
5161 2
5162 3
5163 1
5164 9
5165 2
5166 1
5167 4
5168 2
5169 6
5170 2
5171 2
5172 1
5173 6
5174 2
5175 2
5176 14
5177 1
5178 5
5179 2
5180 1
5181 1
5182 4
5183 4
5185 2
5186 1
5187 7
5188 3
5189 5
5191 1
5192 3
5193 4
5194 1
5195 2
5196 4
5197 2
5198 6
5199 1
