0 4
1 7
5 3
13 2
16 28
17 4
20 3
22 1
31 3
32 2
34 1
35 4
37 7
53 1
55 1
56 3
58 1
63 4
64 4
66 5
68 2
71 5
72 20
78 4
85 2
88 4
89 3
100 7
104 4
106 4
109 3
114 4
118 10
125 3
126 4
127 2
130 3
134 4
136 4
138 6
143 2
150 1
151 4
156 7
160 11
165 3
167 2
177 2
178 2
182 7
188 9
189 3
190 9
192 10
193 8
196 2
198 3
202 3
212 3
216 2
220 3
229 2
233 4
237 8
244 6
245 6
246 3
248 5
255 1
266 3
268 13
269 13
277 8
279 6
285 2
290 2
291 2
295 2
306 2
307 2
311 1
321 5
323 1
325 3
327 4
332 6
333 5
338 6
341 2
343 4
346 2
349 2
350 4
356 4
357 4
358 5
360 2
363 3
364 1
375 13
381 4
388 5
392 2
395 4
396 6
397 1
404 2
418 1
424 2
435 1
437 3
438 2
443 4
446 6
454 1
458 3
460 4
461 6
463 2
465 1
467 7
469 4
482 2
487 4
490 5
496 1
500 4
504 2
506 5
507 7
515 6
526 5
527 3
536 2
537 5
542 3
544 3
545 4
548 10
549 3
551 8
552 3
554 5
559 5
563 15
565 2
567 3
569 1
575 12
578 9
579 3
580 1
588 1
591 7
593 7
595 3
598 9
599 3
601 2
604 5
605 2
611 3
615 2
617 2
618 8
623 1
628 2
629 2
638 5
643 7
645 5
648 3
652 4
658 4
661 5
668 4
670 3
671 1
675 2
679 2
683 2
693 4
701 2
705 5
706 9
711 2
712 2
716 2
720 5
722 2
726 13
730 2
731 5
734 4
738 1
741 1
743 5
745 3
755 2
757 3
759 5
760 4
776 4
777 4
779 2
787 3
796 2
801 2
803 6
807 6
814 2
816 6
817 2
819 3
821 1
822 7
824 6
825 3
826 8
829 2
832 3
835 23
836 2
839 2
840 7
842 2
845 2
850 11
853 1
856 6
857 2
859 6
874 4
879 10
880 2
883 3
885 1
886 4
888 6
891 3
894 3
895 2
896 1
898 6
901 5
906 3
914 12
919 4
926 3
929 1
931 3
934 4
936 2
941 1
942 1
945 13
947 9
952 6
955 2
958 3
961 3
963 16
965 7
966 2
968 5
969 4
971 35
973 5
974 5
977 6
978 3
980 5
987 8
990 5
992 4
994 2
995 10
999 1
1003 2
1008 4
1009 7
1015 6
1017 4
1021 11
1023 9
1024 2
1027 1
1030 2
1034 1
1035 2
1042 5
1043 18
1048 2
1051 4
1052 4
1053 2
1064 2
1065 15
1069 3
1072 3
1074 9
1075 2
1079 3
1082 3
1087 3
1088 5
1093 4
1094 3
1098 2
1106 2
1108 6
1109 10
1110 2
1113 5
1122 5
1123 3
1127 3
1130 6
1140 8
1141 3
1142 8
1143 11
1144 2
1149 8
1153 2
1156 9
1161 4
1162 1
1167 7
1174 5
1181 7
1183 10
1191 7
1198 6
1201 6
1206 3
1207 12
1208 7
1212 2
1215 1
1218 4
1220 5
1223 3
1232 5
1238 1
1240 7
1251 4
1271 4
1273 3
1278 1
1279 4
1280 3
1290 11
1291 6
1294 3
1296 6
1300 7
1302 3
1307 2
1311 4
1314 4
1317 2
1319 11
1325 16
1328 2
1329 5
1336 2
1337 6
1341 2
1349 4
1358 3
1365 2
1370 5
1374 2
1377 9
1383 8
1385 5
1386 8
1388 4
1391 3
1392 3
1393 2
1401 1
1405 1
1421 5
1422 2
1433 2
1438 2
1440 4
1450 6
1453 1
1455 1
1457 7
1458 10
1465 3
1468 1
1474 2
1475 2
1478 7
1481 2
1483 4
1485 4
1486 6
1492 2
1496 3
1502 1
1504 6
1513 4
1518 2
1525 10
1528 2
1538 18
1540 2
1542 8
1547 3
1550 2
1552 5
1558 1
1560 1
1571 3
1572 3
1580 2
1583 4
1584 3
1596 2
1599 3
1610 5
1612 3
1614 3
1615 5
1619 2
1620 4
1623 4
1624 4
1630 4
1633 4
1636 3
1637 1
1642 3
1644 4
1647 9
1651 3
1652 3
1654 2
1657 7
1660 4
1665 4
1666 7
1670 1
1676 5
1679 3
1681 8
1686 5
1692 1
1700 2
1702 9
1703 11
1720 6
1729 5
1730 3
1731 3
1738 4
1739 4
1740 1
1742 3
1744 2
1745 3
1756 2
1761 1
1765 4
1767 2
1769 2
1770 5
1775 2
1779 2
1783 4
1784 2
1791 6
1797 4
1798 4
1804 1
1805 1
1809 4
1817 1
1823 4
1827 4
1828 8
1831 6
1833 10
1834 9
1835 1
1840 3
1844 3
1848 2
1849 5
1854 14
1865 12
1867 3
1869 3
1872 3
1874 7
1879 8
1895 9
1896 2
1899 4
1901 1
1902 2
1905 4
1906 2
1908 6
1909 11
1912 2
1916 1
1919 2
1921 3
1927 7
1931 9
1939 1
1943 2
1944 9
1952 4
1953 15
1955 5
1958 2
1959 3
1960 2
1964 4
1969 2
1973 1
1974 4
1975 12
1977 6
1979 2
1983 4
1984 2
1986 7
1990 8
1995 1
1996 7
2004 2
2005 5
2006 10
2013 4
2019 13
2024 4
2026 11
2032 6
2034 7
2035 3
2038 46
2041 5
2048 5
2057 9
2064 3
2065 5
2067 2
2070 8
2072 4
2073 7
2074 7
2076 2
2080 7
2081 5
2083 2
2084 10
2090 1
2091 2
2096 3
2099 2
2101 3
2116 2
2129 3
2130 9
2138 7
2139 5
2143 3
2144 3
2145 3
2146 6
2159 5
2167 3
2168 2
2169 2
2170 4
2174 1
2177 4
2180 4
2182 3
2185 6
2186 4
2188 14
2189 2
2191 7
2192 1
2195 8
2206 13
2210 8
2211 3
2215 6
2218 8
2228 3
2235 3
2237 2
2242 7
2244 12
2249 1
2251 3
2254 1
2258 4
2271 4
2272 2
2279 2
2281 3
2282 3
2286 6
2291 7
2293 3
2295 6
2300 3
2302 3
2304 1
2306 4
2307 3
2308 1
2309 6
2310 6
2311 3
2315 4
2316 3
2318 7
2320 2
2325 3
2327 4
2332 3
2334 2
2342 5
2343 5
2344 6
2346 1
2349 3
2350 3
2351 1
2358 4
2370 3
2371 3
2375 2
2377 4
2383 2
2386 1
2389 2
2391 3
2394 1
2399 1
2404 5
2405 4
2409 4
2413 2
2414 4
2419 2
2422 4
2428 4
2434 4
2436 2
2443 1
2445 2
2446 2
2447 4
2451 2
2454 8
2455 4
2457 4
2459 5
2466 3
2467 4
2468 3
2472 3
2476 3
2480 9
2481 3
2485 1
2495 5
2499 6
2504 4
2508 1
2514 1
2525 1
2526 4
2530 7
2535 1
2538 2
2541 3
2543 6
2544 2
2555 8
2556 1
2558 6
2561 1
2562 8
2563 3
2566 2
2568 2
2569 2
2578 14
2580 5
2586 3
2589 4
2590 3
2594 2
2595 1
2602 2
2606 2
2609 2
2612 1
2619 2
2621 6
2624 8
2631 5
2632 1
2633 5
2635 11
2638 6
2639 7
2650 1
2651 1
2656 2
2662 4
2663 4
2664 7
2666 31
2677 1
2694 2
2704 4
2716 13
2717 4
2718 6
2724 7
2727 36
2730 3
2736 4
2741 4
2742 2
2745 4
2748 4
2751 6
2752 1
2761 6
2762 6
2764 2
2765 3
2769 2
2770 4
2771 10
2778 2
2785 4
2786 5
2787 2
2790 1
2791 7
2793 4
2798 11
2799 2
2801 3
2805 10
2808 10
2810 2
2813 3
2814 13
2815 5
2819 5
2823 2
2826 3
2827 12
2828 8
2829 4
2831 3
2832 2
2842 6
2851 2
2853 5
2858 4
2859 4
2861 23
2862 14
2866 1
2875 10
2877 3
2879 7
2881 8
2886 5
2889 4
2891 3
2894 8
2899 4
2900 5
2906 2
2909 4
2911 5
2914 2
2919 4
2922 1
2925 2
2929 5
2933 4
2935 1
2939 3
2941 2
2947 3
2948 3
2952 3
2954 5
2961 3
2968 2
2973 3
2974 5
2975 6
2977 5
2978 2
2984 1
2991 4
2992 5
3001 3
3004 1
3014 7
3016 2
3017 1
3026 3
3030 2
3037 5
3040 7
3047 6
3049 6
3050 5
3052 4
3059 6
3063 6
3068 2
3072 1
3073 2
3076 4
3081 3
3082 3
3083 2
3085 1
3088 3
3103 12
3106 2
3107 4
3113 5
3115 4
3117 7
3119 4
3122 1
3124 5
3125 2
3128 2
3132 6
3136 6
3139 5
3142 1
3144 6
3147 4
3153 3
3155 2
3157 1
3160 4
3164 4
3165 3
3168 3
3171 2
3174 9
3175 3
3176 1
3177 3
3183 3
3187 2
3189 4
3196 4
3204 8
3208 5
3209 2
3211 2
3218 2
3221 1
3226 4
3227 2
3235 1
3246 4
3249 5
3258 15
3262 3
3265 5
3266 2
3267 3
3268 7
3272 2
3275 3
3276 14
3280 2
3283 3
3284 4
3287 5
3296 2
3297 2
3298 4
3301 9
3302 2
3305 3
3307 5
3315 4
3323 3
3325 7
3327 8
3329 3
3339 2
3342 3
3346 3
3352 7
3368 2
3369 4
3370 4
3377 5
3378 2
3385 7
3391 5
3392 1
3394 2
3401 2
3405 2
3406 1
3409 1
3420 1
3422 3
3430 3
3435 13
3436 2
3441 4
3446 3
3447 7
3448 1
3449 3
3450 1
3455 4
3459 8
3462 3
3468 2
3474 6
3475 4
3478 1
3480 2
3482 4
3488 5
3495 4
3504 3
3509 5
3519 5
3520 5
3521 3
3523 11
3527 2
3531 3
3532 9
3535 6
3538 9
3544 4
3558 3
3561 9
3566 4
3567 5
3569 5
3581 1
3582 4
3585 2
3589 2
3593 1
3599 4
3607 5
3613 5
3616 3
3619 2
3625 2
3630 4
3636 2
3640 1
3654 1
3656 4
3665 5
3667 2
3669 3
3673 7
3674 8
3676 8
3681 6
3684 4
3685 5
3691 1
3692 2
3700 3
3706 8
3710 3
3713 2
3716 1
3718 5
3723 4
3726 3
3729 2
3730 2
3732 7
3737 5
3740 9
3742 1
3744 1
3748 9
3758 3
3765 4
3772 4
3776 3
3777 1
3779 4
3780 1
3781 5
3784 1
3787 5
3789 4
3790 4
3793 4
3796 4
3797 5
3798 1
3799 9
3801 1
3803 10
3804 6
3806 1
3809 5
3817 3
3828 6
3831 8
3833 12
3834 16
3836 4
3838 6
3842 4
3847 1
3848 13
3851 4
3853 5
3854 5
3855 4
3857 5
3869 1
3870 1
3878 2
3883 3
3888 2
3895 2
3896 3
3904 2
3913 5
3914 6
3924 7
3933 2
3939 9
3944 2
3949 1
3951 4
3952 7
3953 2
3954 3
3961 3
3962 5
3969 4
3970 6
3974 3
3976 2
3977 6
3978 4
3982 5
3983 6
3990 3
3993 4
3995 4
3997 3
4002 2
4004 1
4009 1
4012 2
4021 6
4028 1
4031 5
4032 4
4033 3
4041 2
4042 4
4049 5
4050 4
4051 1
4060 3
4062 7
4065 15
4069 1
4070 2
4071 5
4083 8
4085 7
4087 3
4092 6
4096 4
4099 4
4101 4
4110 4
4115 2
4117 4
4120 4
4126 3
4127 2
4129 16
4131 2
4134 9
4135 3
4136 4
4137 6
4140 1
4142 5
4149 3
4150 4
4151 6
4152 13
4156 2
4158 13
4163 3
4173 6
4174 9
4175 15
4180 5
4184 1
4189 6
4190 2
4196 1
4200 1
4204 1
4206 4
4209 4
4210 2
4211 2
4214 2
4215 4
4216 1
4219 2
4225 2
4240 2
4243 12
4252 2
4254 10
4259 2
4265 2
4269 2
4271 1
4274 7
4277 6
4278 3
4282 5
4288 1
4290 4
4292 24
4293 3
4306 1
4312 3
4315 1
4320 12
4328 1
4332 4
4339 23
4343 8
4344 6
4346 2
4349 3
4358 3
4362 4
4363 1
4364 1
4365 2
4367 5
4368 2
4376 29
4380 8
4381 3
4384 5
4387 9
4393 1
4394 5
4404 2
4407 2
4411 4
4416 6
4419 4
4421 2
4428 4
4431 1
4432 1
4436 1
4437 1
4455 2
4456 10
4457 5
4459 2
4462 10
4469 4
4474 3
4475 5
4476 4
4482 5
4483 3
4493 11
4494 7
4501 8
4503 2
4504 3
4506 5
4514 4
4517 3
4519 3
4521 5
4523 1
4525 4
4527 2
4531 5
4533 4
4537 4
4545 3
4546 1
4550 3
4551 10
4554 1
4556 6
4561 3
4579 3
4585 6
4591 5
4595 5
4597 1
4598 4
4599 9
4606 8
4608 11
4609 3
4610 4
4613 7
4623 2
4624 13
4627 2
4629 3
4631 4
4635 10
4637 12
4639 5
4641 21
4644 5
4646 6
4647 1
4648 3
4665 5
4668 6
4672 3
4674 7
4677 1
4685 4
4686 5
4690 4
4692 2
4693 5
4694 1
4702 11
4703 3
4704 11
4705 13
4708 3
4710 5
4713 1
4724 3
4728 7
4731 4
4738 2
4743 3
4749 2
4751 1
4757 8
4763 2
4772 2
4775 11
4776 2
4778 3
4780 1
4782 3
4788 4
4794 2
4814 7
4816 7
4830 2
4833 1
4834 5
4835 4
4837 1
4842 6
4844 2
4850 4
4858 2
4863 17
4868 10
4871 11
4872 3
4883 6
4888 3
4889 9
4891 1
4893 2
4894 3
4896 3
4903 5
4908 1
4917 1
4921 4
4922 4
4926 5
4934 4
4937 9
4941 5
4943 9
4949 9
4954 6
4955 6
4957 4
4959 2
4960 3
4969 3
4973 3
4979 5
4980 14
4983 2
4989 4
4997 3
4999 2
5003 3
5012 3
5013 5
5018 13
5027 4
5030 4
5031 2
5036 2
5038 2
5044 6
5049 10
5052 8
5058 2
5059 3
5060 6
5073 4
5076 5
5079 8
5083 5
5085 8
5087 1
5091 6
5093 2
5095 6
5108 4
5109 4
5110 4
5112 5
5119 7
5124 3
5138 17
5140 1
5144 3
5147 7
5148 3
5149 2
5152 2
5155 3
5164 7
5167 4
5169 6
5173 4
5176 9
5178 5
5182 2
5183 2
5187 5
5189 4
5193 1
5196 2
5198 4
