136 98
1465 90
1577 145
1718 97
1913 17
1914 42
1915 10
1916 70
1917 174
1918 144
1919 48
1920 108
1921 36
1922 13
1923 50
1924 3
1925 113
1926 127
1927 50
1928 19
1929 132
1930 12
1931 34
1932 87
1933 9
1934 9
1935 49
1936 21
1938 171
1939 70
1940 84
1941 204
1942 36
1943 176
1944 24
1945 130
1946 167
1947 102
1948 95
1949 7
1950 10
1951 55
1952 14
1953 112
1954 82
1955 81
1956 6
1957 34
1958 30
1959 107
1960 40
1961 5
1962 165
1963 77
1964 85
1965 18
1966 156
1968 29
1970 65
1971 162
1972 59
1973 61
1974 5
1975 32
1976 34
1977 8
1978 12
1979 163
1980 52
1981 50
1982 17
1983 181
1984 162
1985 193
1986 131
1987 34
1988 21
1989 75
1990 16
1991 44
1992 12
1993 183
1994 56
1995 58
1997 122
1998 51
1999 30
2000 30
2001 54
2002 81
2003 43
2004 46
2005 143
2006 49
2007 148
2008 6
2009 42
2010 75
2011 37
2012 14
2013 8
2014 9
2015 3
2016 15
2017 4
2018 47
2019 18
2020 140
2021 25
2022 46
2023 21
2024 48
2025 28
2026 86
2027 35
2028 97
2029 31
2030 171
2031 49
2032 133
2033 156
2034 6
2035 27
2036 20
2037 151
2038 110
2039 101
2040 137
2041 7
2042 85
2043 159
2044 21
2045 161
2046 113
2047 187
2048 15
2049 32
2050 19
2051 7
2052 101
2053 104
2054 145
2055 67
2056 104
2057 37
2058 69
2059 172
2060 98
2061 41
2062 65
2063 123
2064 172
2065 23
2066 8
2067 26
2068 129
2069 149
2070 11
2071 112
2072 116
2073 172
2074 146
2075 41
2076 14
2077 110
2078 176
2080 7
2081 146
2082 16
2083 127
2084 124
2085 27
2086 122
2087 134
2088 178
2089 20
2090 158
2091 32
2092 38
2093 157
2094 6
2095 136
2096 17
2097 35
2098 111
2099 15
2100 4
2101 61
2102 119
2103 159
2104 164
2105 10
2107 32
2108 144
2109 125
2110 35
2111 159
2112 143
2113 8
2114 13
2115 116
2116 57
2117 129
2118 169
2119 13
2120 22
2121 140
2122 129
2123 186
2124 148
2125 106
2126 48
2127 96
2128 84
2129 33
2130 9
2131 179
2132 82
2133 145
2134 76
2135 79
2136 64
2137 42
2138 119
2139 161
2140 154
2141 20
2142 198
2143 96
2144 69
2145 35
2146 23
2147 34
2148 80
2149 115
2150 168
2151 80
2152 16
2153 118
2154 137
2155 37
2156 24
2157 35
2158 9
2159 41
2160 22
2161 70
2162 14
2163 27
2164 73
2165 113
2166 7
2167 4
2169 91
2170 16
2171 62
2172 171
2173 25
2174 107
2175 7
2176 101
2177 9
2179 82
2180 101
2181 16
2182 7
2183 121
2184 168
2185 14
2186 13
2187 129
2188 177
2189 104
2190 153
2191 78
2192 37
2193 10
2194 101
2196 100
2197 20
2198 49
2199 156
2200 156
2201 171
2202 43
2203 87
2205 12
2206 188
2207 19
2208 18
2209 33
2210 85
2211 48
2212 123
2213 92
2214 21
2215 48
2216 126
2217 12
2218 185
2219 4
2220 181
2221 36
2222 39
2223 103
2224 112
2225 37
2226 46
2227 6
2228 28
2229 183
2230 4
2231 33
2232 68
2233 191
2234 25
2235 64
2236 34
2237 112
2238 11
2239 39
2240 184
2241 109
2242 36
2243 50
2244 171
2245 6
2246 87
2247 104
2248 15
2249 17
2250 95
2251 8
2252 8
2253 141
2254 80
2255 8
2256 4
2257 136
2258 40
2259 47
2260 13
2261 115
2262 12
2263 4
2264 62
2265 9
2266 207
2267 73
2268 112
2270 14
2271 159
2272 26
2273 83
2274 29
2275 163
2276 144
2277 15
2278 149
2279 114
2280 55
2281 7
2282 135
2283 138
2284 52
2285 45
2286 21
2287 60
2288 17
2289 145
2290 159
2291 15
2292 129
2293 51
2294 109
2295 18
2296 28
2297 30
2298 12
2299 140
2300 111
2301 7
2302 105
2303 26
2304 60
2305 15
2306 104
2307 133
2308 148
2309 180
2310 17
2311 45
2312 14
2313 78
2314 17
2315 62
2316 8
2317 31
2318 32
2319 113
2320 13
2321 5
2322 42
2323 162
2324 175
2325 68
2326 161
2327 114
2328 152
2329 106
2330 41
2331 170
2332 99
2333 146
2334 127
2335 29
2336 132
2337 27
2338 95
2339 164
2340 184
2341 23
2342 25
2343 71
2344 108
2345 43
2346 34
2347 250
2348 130
2349 15
2350 25
2351 101
2352 147
2353 71
2354 163
2355 28
2356 158
2357 9
2358 5
2359 133
2360 11
2361 41
2362 23
2363 152
2364 55
2365 48
2366 31
2367 46
2368 72
2369 169
2370 143
2371 33
2372 93
2373 10
2374 149
2375 5
2376 153
2377 83
2378 43
2379 34
2381 154
2383 17
2384 167
2385 49
2386 125
2387 49
2388 5
2389 25
2390 42
2391 64
2392 80
2393 30
2394 82
2395 161
2396 60
2397 30
2398 98
2399 71
2400 16
2401 17
2402 13
2403 14
2404 156
2405 17
2406 30
2407 80
2408 132
2409 163
2410 187
2411 29
2412 27
2413 14
2414 163
2415 33
2416 34
2417 58
2418 102
2419 95
2420 77
2421 4
2422 3
2423 154
2424 10
2425 33
2426 17
2427 21
2428 180
2429 78
2430 131
2431 4
2432 26
2433 135
2434 85
2435 25
2436 89
2437 2
2438 63
2439 9
2440 29
2443 20
2444 14
2445 59
2446 147
2447 43
2448 29
2449 42
2450 11
2451 98
2452 8
2453 9
2454 15
2455 15
2456 4
2458 84
2459 40
2460 152
2461 107
2462 85
2463 112
2464 182
2465 55
2466 9
2467 115
2468 156
2469 121
2471 122
2472 71
2473 42
2474 25
2475 87
2476 33
2477 99
2478 89
2479 41
2480 25
2482 147
2484 113
2485 122
2486 14
2487 7
2488 31
2489 95
2490 13
2491 104
2492 158
2493 5
2494 33
2495 133
2496 20
2497 22
2498 79
2499 83
2500 159
2501 65
2502 39
2503 15
2504 134
2505 3
2506 107
2507 177
2508 83
2509 114
2510 119
2511 125
2512 99
2513 13
2514 7
2515 11
2516 75
2517 4
2518 40
2519 29
2520 148
2521 127
2522 12
2523 15
2524 10
2525 33
2526 171
2528 6
2529 32
2530 24
2531 17
2532 94
2533 88
2534 13
2535 8
2536 48
2537 84
2538 47
2539 126
2540 26
2542 173
2543 266
2544 25
2545 6
2546 123
2547 46
2548 7
2549 147
2550 146
2551 146
2552 98
2553 155
2554 81
2555 114
2556 122
2557 29
2558 19
2559 156
2560 183
2561 141
2562 11
2563 97
2564 167
2566 25
2567 103
2568 10
2570 17
2571 27
2572 17
2573 140
2574 91
2575 128
2576 38
2577 19
2578 146
2579 108
2580 5
2581 18
2582 91
2583 41
2584 13
2585 37
2586 165
2587 16
2588 80
2589 66
2590 177
2591 84
2592 110
2593 153
2594 87
2597 91
2598 148
2599 13
2600 172
2601 167
2602 174
2603 60
2604 178
2605 14
2606 67
2607 167
2608 94
2609 42
2610 47
2611 183
2612 26
2613 26
2614 16
2615 170
2616 88
2617 97
2618 19
2619 140
2620 47
2621 4
2622 17
2623 112
2624 171
2625 168
2626 27
2627 36
2628 27
2629 116
2630 150
2631 99
2632 6
2633 36
2634 4
2635 17
2636 33
2637 31
2638 150
2639 34
2640 50
2641 17
2642 110
2643 90
2644 23
2645 42
2646 123
2647 41
2648 42
2649 104
2650 15
2651 5
2652 42
2653 65
2654 133
2655 149
2656 13
2657 47
2658 31
2659 50
2660 34
