0 4
1 7
2 1
3 1
4 2
5 4
6 1
7 3
8 3
9 2
10 3
11 1
12 2
13 5
14 1
15 1
16 32
17 4
18 3
19 1
20 6
21 3
22 4
23 1
24 2
25 2
26 1
27 1
28 2
29 1
30 1
31 5
32 4
33 2
34 4
35 5
36 2
37 11
38 1
39 3
40 2
41 1
42 1
43 2
44 2
45 1
46 2
47 1
48 1
49 1
50 2
51 2
52 2
53 4
54 2
55 3
56 5
57 1
58 4
59 1
60 2
61 1
62 2
63 4
64 3
65 1
66 7
67 1
68 4
69 3
70 1
71 2
72 21
73 1
74 1
75 2
76 2
77 1
78 5
79 1
80 2
81 2
82 1
83 2
84 1
85 3
86 2
87 1
88 4
89 5
90 1
91 1
92 1
93 2
94 2
95 2
96 2
97 3
98 2
99 1
100 8
101 2
102 1
103 2
104 5
105 2
106 6
107 1
108 2
109 6
110 2
111 1
112 1
113 2
114 6
115 2
116 1
117 1
118 11
119 2
120 1
121 1
122 1
123 3
124 1
125 3
126 4
127 4
128 2
129 2
130 4
131 2
132 1
133 1
134 4
135 1
136 4
137 1
138 6
139 1
140 1
141 1
142 2
143 4
144 1
145 1
146 2
147 3
148 2
149 1
150 5
151 5
152 2
153 2
154 1
155 1
156 6
157 2
158 3
159 1
160 11
161 2
162 1
163 1
164 2
165 5
166 1
167 3
168 3
169 1
170 2
171 3
172 1
173 1
174 3
175 1
176 3
177 5
178 4
179 2
180 2
181 2
182 6
183 1
184 2
185 5
186 1
187 3
188 14
189 4
190 9
191 2
192 7
193 9
194 2
195 1
196 4
197 2
198 4
199 1
200 1
201 1
202 6
203 1
204 3
205 1
206 3
207 2
208 1
209 2
210 1
211 2
212 7
213 3
214 3
215 1
216 4
217 1
218 3
219 2
220 4
221 2
222 1
223 1
224 1
225 1
226 3
227 2
228 2
229 5
230 1
231 1
232 2
233 6
234 2
235 1
236 4
237 7
238 2
239 1
240 2
241 2
242 2
243 2
244 12
245 7
246 3
247 1
248 4
249 1
250 1
251 1
252 3
253 1
254 3
255 4
256 1
257 2
258 1
259 3
260 1
261 1
262 1
263 2
264 2
265 3
266 4
267 1
268 18
269 15
270 1
271 1
272 1
273 2
274 1
275 1
276 2
277 9
278 1
279 8
280 1
281 1
282 1
283 2
284 2
285 4
286 3
287 1
288 2
289 1
290 3
291 4
292 1
293 1
294 1
295 4
296 2
297 2
298 2
299 3
300 1
301 3
302 1
303 1
304 1
305 2
306 3
307 3
308 1
309 1
310 2
311 4
312 2
313 2
314 3
315 1
316 1
317 1
318 3
319 1
320 2
321 4
322 3
323 4
324 1
325 3
326 2
327 8
328 2
329 2
330 2
331 2
332 7
333 5
334 1
335 1
336 2
337 3
338 9
339 2
340 1
341 4
342 1
343 4
344 1
345 3
346 6
347 1
348 1
349 4
350 7
351 2
352 1
353 3
354 1
355 1
356 5
357 4
358 7
359 3
360 3
361 1
362 1
363 3
364 4
365 2
366 2
367 2
368 3
369 1
370 1
371 2
372 2
373 2
374 1
375 19
376 3
377 2
378 3
379 3
380 1
381 7
382 3
383 1
384 2
385 3
386 1
387 1
388 5
389 2
390 3
391 2
392 4
393 3
394 2
395 7
396 8
397 4
398 2
399 1
400 3
401 1
402 1
403 1
404 4
405 1
406 1
407 2
408 1
409 1
410 1
411 2
412 2
413 1
414 1
415 1
416 1
417 2
418 5
419 1
420 1
421 2
422 1
423 1
424 4
425 1
426 2
427 2
428 2
429 1
430 1
431 1
432 1
433 1
434 1
435 5
436 1
437 5
438 5
439 2
440 1
441 1
442 2
443 4
444 1
445 1
446 5
447 1
448 2
449 3
450 3
451 1
452 2
453 2
454 4
455 1
456 1
457 1
458 4
459 3
460 5
461 7
462 1
463 5
464 3
465 4
466 1
467 8
468 1
469 7
470 2
471 2
472 3
473 3
474 1
475 1
476 2
477 1
478 2
479 2
480 1
481 1
482 3
483 2
484 2
485 1
486 3
487 8
488 1
489 1
490 6
491 2
492 2
493 1
494 2
495 1
496 3
497 2
498 2
499 1
500 4
501 1
502 2
503 2
504 4
505 2
506 7
507 7
508 2
509 2
510 1
511 3
512 1
513 2
514 1
515 4
516 1
517 1
518 3
519 1
520 2
521 3
522 2
523 2
524 2
525 1
526 4
527 5
528 2
529 2
530 1
531 2
532 2
533 1
534 1
535 1
536 4
537 5
538 2
539 1
540 3
541 2
542 3
543 2
544 3
545 4
546 2
547 1
548 10
549 6
550 1
551 10
552 3
553 1
554 7
555 1
556 1
557 1
558 1
559 11
560 1
561 1
562 1
563 22
564 2
565 4
566 2
567 5
568 1
569 4
570 3
571 3
572 1
573 3
574 1
575 8
576 1
577 1
578 8
579 5
580 3
581 1
582 1
583 1
584 2
585 2
586 3
587 1
588 4
589 1
590 1
591 6
592 2
593 5
594 1
595 4
596 2
597 1
598 9
599 5
600 1
601 3
602 2
603 3
604 6
605 8
606 2
607 1
608 3
609 3
610 1
611 4
612 2
613 1
614 3
615 4
616 1
617 3
618 9
619 1
620 2
621 1
622 1
623 5
624 1
625 3
626 1
627 1
628 4
629 4
630 1
631 3
632 1
633 2
634 1
635 3
636 3
637 2
638 5
639 1
640 2
641 3
642 1
643 9
644 2
645 7
646 2
647 1
648 6
649 1
650 1
651 1
652 6
653 3
654 1
655 3
656 2
657 2
658 6
659 3
660 1
661 4
662 3
663 1
664 1
665 2
666 2
667 3
668 7
669 3
670 5
671 8
672 2
673 1
674 2
675 3
676 1
677 1
678 3
679 4
680 2
681 2
682 1
683 4
684 1
685 1
686 3
687 3
688 1
689 2
690 3
691 1
692 1
693 7
694 1
695 1
696 1
697 2
698 1
699 2
700 2
701 4
702 1
703 4
704 1
705 2
706 9
707 2
708 1
709 1
710 2
711 3
712 4
713 1
714 2
715 1
716 4
717 1
718 1
719 1
720 7
721 1
722 4
723 1
724 1
725 1
726 12
727 1
728 1
729 1
730 4
731 8
732 1
733 1
734 4
735 1
736 2
737 1
738 4
739 2
740 3
741 5
742 1
743 5
744 1
745 5
746 2
747 1
748 1
749 1
750 2
751 1
752 3
753 1
754 2
755 4
756 1
757 5
758 2
759 3
760 3
761 1
762 1
763 1
764 1
765 1
766 1
767 1
768 1
769 2
770 1
771 2
772 2
773 3
774 1
775 1
776 4
777 2
778 2
779 5
780 2
781 4
782 3
783 1
784 2
785 3
786 1
787 7
788 1
789 1
790 3
791 3
792 1
793 3
794 3
795 2
796 5
797 2
798 3
799 3
800 2
801 5
802 1
803 7
804 3
805 3
806 2
807 11
808 1
809 1
810 1
811 1
812 2
813 2
814 4
815 1
816 5
817 4
818 2
819 5
820 1
821 5
822 6
823 1
824 8
825 5
826 8
827 2
828 1
829 4
830 1
831 3
832 4
833 1
834 2
835 25
836 4
837 2
838 2
839 2
840 10
841 1
842 4
843 2
844 2
845 4
846 2
847 1
848 3
849 1
850 10
851 2
852 2
853 5
854 2
855 2
856 4
857 6
858 1
859 9
860 1
861 1
862 2
863 1
864 2
865 2
866 1
867 2
868 2
869 3
870 2
871 1
872 2
873 2
874 4
875 2
876 3
877 1
878 1
879 10
880 3
881 2
882 2
883 2
884 1
885 4
886 5
887 2
888 11
889 1
890 2
891 6
892 1
893 1
894 3
895 4
896 4
897 1
898 6
899 3
900 1
901 5
902 1
903 1
904 2
905 1
906 6
907 1
908 1
909 2
910 3
911 1
912 2
913 1
914 10
915 1
916 2
917 1
918 2
919 9
920 1
921 1
922 2
923 2
924 1
925 2
926 6
927 2
928 3
929 5
930 2
931 3
932 1
933 1
934 8
935 2
936 3
937 1
938 1
939 1
940 2
941 4
942 6
943 2
944 2
945 19
946 1
947 11
948 2
949 2
950 1
951 1
952 10
953 1
954 2
955 4
956 2
957 1
958 4
959 1
960 1
961 5
962 1
963 14
964 3
965 9
966 3
967 2
968 5
969 5
970 1
971 31
972 2
973 5
974 9
975 1
976 2
977 5
978 4
979 1
980 6
981 3
982 2
983 2
984 1
985 3
986 1
987 10
988 2
989 2
990 5
991 3
992 4
993 2
994 4
995 13
996 1
997 1
998 1
999 3
1000 1
1001 2
1002 3
1003 4
1004 2
1005 1
1006 1
1007 1
1008 6
1009 4
1010 3
1011 1
1012 1
1013 2
1014 2
1015 11
1016 2
1017 4
1018 1
1019 1
1020 3
1021 8
1022 3
1023 12
1024 4
1025 2
1026 3
1027 5
1028 1
1029 1
1030 5
1031 3
1032 1
1033 2
1034 3
1035 4
1036 1
1037 1
1038 3
1039 3
1040 1
1041 3
1042 9
1043 16
1044 2
1045 3
1046 4
1047 1
1048 6
1049 2
1050 1
1051 4
1052 5
1053 2
1054 3
1055 1
1056 2
1057 2
1058 1
1059 2
1060 1
1061 1
1062 1
1063 2
1064 5
1065 15
1066 2
1067 1
1068 1
1069 3
1070 1
1071 1
1072 8
1073 3
1074 11
1075 3
1076 2
1077 1
1078 3
1079 2
1080 1
1081 1
1082 6
1083 1
1084 1
1085 1
1086 2
1087 3
1088 2
1089 2
1090 2
1091 1
1092 2
1093 5
1094 4
1095 1
1096 1
1097 1
1098 3
1099 1
1100 2
1101 3
1102 1
1103 3
1104 2
1105 1
1106 3
1107 3
1108 5
1109 9
1110 4
1111 2
1112 3
1113 8
1114 2
1115 2
1116 1
1117 2
1118 3
1119 1
1120 1
1121 2
1122 6
1123 7
1124 1
1125 4
1126 3
1127 5
1128 2
1129 1
1130 9
1131 1
1132 1
1133 1
1134 2
1135 1
1136 1
1137 1
1138 3
1139 2
1140 6
1141 4
1142 8
1143 16
1144 3
1145 2
1146 2
1147 1
1148 3
1149 10
1150 1
1151 2
1152 1
1153 5
1154 2
1155 2
1156 9
1157 1
1158 2
1159 2
1160 1
1161 7
1162 4
1163 3
1164 2
1165 1
1166 1
1167 10
1168 3
1169 1
1170 1
1171 1
1172 1
1173 3
1174 7
1175 2
1176 3
1177 1
1178 1
1179 1
1180 1
1181 11
1182 2
1183 11
1184 3
1185 1
1186 2
1187 1
1188 2
1189 3
1190 3
1191 10
1192 1
1193 4
1194 1
1195 2
1196 2
1197 1
1198 9
1199 2
1200 2
1201 6
1202 2
1203 1
1204 1
1205 1
1206 6
1207 19
1208 9
1209 1
1210 1
1211 2
1212 4
1213 1
1214 1
1215 4
1216 1
1217 1
1218 5
1219 2
1220 5
1221 3
1222 2
1223 5
1224 2
1225 1
1226 2
1227 1
1228 1
1229 2
1230 2
1231 1
1232 5
1233 3
1234 1
1235 1
1236 1
1237 4
1238 4
1239 4
1240 6
1241 2
1242 1
1243 3
1244 1
1245 3
1246 2
1247 1
1248 1
1249 1
1250 3
1251 6
1252 1
1253 1
1254 1
1255 2
1256 2
1257 1
1258 1
1259 2
1260 3
1261 2
1262 3
1263 1
1264 3
1265 2
1266 1
1267 2
1268 1
1269 1
1270 1
1271 4
1272 1
1273 3
1274 2
1275 2
1276 1
1277 1
1278 4
1279 7
1280 3
1281 1
1282 2
1283 2
1284 2
1285 1
1286 1
1287 2
1288 1
1289 2
1290 12
1291 6
1292 1
1293 1
1294 5
1295 3
1296 7
1297 1
1298 3
1299 3
1300 8
1301 1
1302 7
1303 1
1304 2
1305 1
1306 1
1307 5
1308 1
1309 3
1310 1
1311 5
1312 1
1313 2
1314 4
1315 2
1316 2
1317 3
1318 1
1319 11
1320 1
1321 3
1322 1
1323 2
1324 1
1325 17
1326 1
1327 1
1328 5
1329 8
1330 1
1331 2
1332 2
1333 1
1334 2
1335 1
1336 4
1337 3
1338 1
1339 1
1340 3
1341 4
1342 1
1343 1
1344 2
1345 1
1346 1
1347 3
1348 3
1349 6
1350 1
1351 3
1352 1
1353 2
1354 1
1355 2
1356 1
1357 1
1358 4
1359 1
1360 1
1361 3
1362 1
1363 3
1364 1
1365 5
1366 2
1367 1
1368 2
1369 2
1370 6
1371 2
1372 2
1373 3
1374 5
1375 1
1376 2
1377 9
1378 2
1379 1
1380 1
1381 1
1382 1
1383 6
1384 2
1385 4
1386 8
1387 3
1388 6
1389 2
1390 3
1391 3
1392 4
1393 5
1394 1
1395 1
1396 1
1397 2
1398 1
1399 3
1400 2
1401 4
1402 1
1403 2
1404 3
1405 4
1406 2
1407 2
1408 2
1409 1
1410 2
1411 1
1412 2
1413 3
1414 1
1415 1
1416 2
1417 2
1418 2
1419 2
1420 3
1421 9
1422 4
1423 2
1424 2
1425 2
1426 1
1427 2
1428 2
1429 2
1430 2
1431 1
1432 1
1433 3
1434 1
1435 1
1436 1
1437 3
1438 3
1439 2
1440 3
1441 2
1442 2
1443 2
1444 2
1445 2
1446 1
1447 1
1448 3
1449 2
1450 6
1451 1
1452 1
1453 3
1454 1
1455 2
1456 2
1457 8
1458 14
1459 2
1460 3
1461 3
1462 1
1463 1
1464 1
1465 3
1466 1
1467 3
1468 3
1469 2
1470 1
1471 1
1472 1
1473 1
1474 6
1475 4
1476 1
1477 1
1478 5
1479 1
1480 1
1481 4
1482 1
1483 4
1484 2
1485 4
1486 5
1487 1
1488 3
1489 1
1490 2
1491 1
1492 4
1493 1
1494 3
1495 1
1496 4
1497 2
1498 2
1499 1
1500 3
1501 1
1502 5
1503 1
1504 11
1505 1
1506 1
1507 1
1508 2
1509 1
1510 3
1511 1
1512 1
1513 6
1514 2
1515 3
1516 1
1517 1
1518 4
1519 2
1520 1
1521 1
1522 1
1523 3
1524 1
1525 11
1526 3
1527 1
1528 4
1529 3
1530 1
1531 1
1532 3
1533 2
1534 2
1535 1
1536 2
1537 1
1538 21
1539 2
1540 3
1541 1
1542 6
1543 2
1544 2
1545 1
1546 1
1547 4
1548 1
1549 2
1550 3
1551 3
1552 3
1553 2
1554 2
1555 1
1556 1
1557 3
1558 5
1559 3
1560 3
1561 2
1562 3
1563 1
1564 1
1565 1
1566 1
1567 2
1568 2
1569 1
1570 1
1571 5
1572 6
1573 2
1574 3
1575 2
1576 1
1577 2
1578 2
1579 2
1580 5
1581 1
1582 2
1583 7
1584 4
1585 1
1586 1
1587 1
1588 1
1589 3
1590 2
1591 2
1592 1
1593 1
1594 1
1595 2
1596 5
1597 1
1598 1
1599 4
1600 1
1601 1
1602 2
1603 1
1604 2
1605 2
1606 1
1607 2
1608 3
1609 1
1610 7
1611 1
1612 2
1613 1
1614 6
1615 6
1616 4
1617 3
1618 2
1619 4
1620 8
1621 1
1622 1
1623 7
1624 5
1625 2
1626 2
1627 1
1628 1
1629 2
1630 3
1631 1
1632 1
1633 5
1634 1
1635 2
1636 4
1637 5
1638 1
1639 1
1640 3
1641 1
1642 3
1643 1
1644 4
1645 1
1646 1
1647 8
1648 1
1649 2
1650 2
1651 5
1652 3
1653 1
1654 4
1655 1
1656 1
1657 6
1658 2
1659 2
1660 9
1661 1
1662 1
1663 1
1664 2
1665 3
1666 7
1667 1
1668 1
1669 1
1670 4
1671 2
1672 1
1673 1
1674 1
1675 1
1676 5
1677 1
1678 2
1679 4
1680 2
1681 8
1682 1
1683 2
1684 1
1685 1
1686 4
1687 3
1688 3
1689 2
1690 1
1691 2
1692 3
1693 2
1694 1
1695 2
1696 1
1697 1
1698 2
1699 1
1700 4
1701 1
1702 8
1703 11
1704 1
1705 2
1706 2
1707 1
1708 1
1709 1
1710 2
1711 1
1712 1
1713 1
1714 1
1715 1
1716 5
1717 2
1718 2
1719 2
1720 3
1721 1
1722 1
1723 2
1724 2
1725 1
1726 2
1727 2
1728 1
1729 3
1730 6
1731 4
1732 1
1733 1
1734 2
1735 1
1736 1
1737 2
1738 5
1739 8
1740 3
1741 1
1742 5
1743 1
1744 3
1745 4
1746 1
1747 1
1748 1
1749 1
1750 1
1751 3
1752 3
1753 1
1754 3
1755 2
1756 4
1757 1
1758 3
1759 1
1760 2
1761 4
1762 1
1763 1
1764 2
1765 7
1766 1
1767 4
1768 2
1769 4
1770 6
1771 2
1772 1
1773 2
1774 3
1775 3
1776 1
1777 1
1778 1
1779 4
1780 1
1781 1
1782 1
1783 5
1784 4
1785 2
1786 3
1787 2
1788 3
1789 1
1790 1
1791 4
1792 2
1793 1
1794 2
1795 1
1796 1
1797 4
1798 5
1799 2
1800 2
1801 1
1802 2
1803 2
1804 4
1805 4
1806 1
1807 3
1808 1
1809 4
1810 2
1811 2
1812 3
1813 1
1814 1
1815 3
1816 2
1817 5
1818 2
1819 1
1820 1
1821 2
1822 1
1823 3
1824 1
1825 2
1826 3
1827 3
1828 6
1829 3
1830 4
1831 8
1832 3
1833 10
1834 6
1835 4
1836 2
1837 1
1838 2
1839 3
1840 4
1841 1
1842 1
1843 1
1844 4
1845 2
1846 2
1847 1
1848 4
1849 4
1850 1
1851 3
1852 2
1853 1
1854 15
1855 1
1856 1
1857 2
1858 2
1859 1
1860 2
1861 2
1862 1
1863 1
1864 2
1865 16
1866 2
1867 3
1868 1
1869 4
1870 1
1871 2
1872 4
1873 1
1874 7
1875 1
1876 2
1877 3
1878 1
1879 9
1880 3
1881 1
1882 2
1883 2
1884 2
1885 2
1886 3
1887 2
1888 1
1889 1
1890 2
1891 1
1892 1
1893 1
1894 2
1895 9
1896 4
1897 2
1898 3
1899 6
1900 2
1901 4
1902 3
1903 1
1904 1
1905 4
1906 8
1907 2
1908 9
1909 10
1910 1
1911 2
1912 4
1913 1
1914 2
1915 2
1916 3
1917 2
1918 1
1919 6
1920 3
1921 3
1922 1
1923 2
1924 2
1925 3
1926 2
1927 11
1928 2
1929 1
1930 1
1931 11
1932 1
1933 2
1934 1
1935 1
1936 1
1937 2
1938 1
1939 5
1940 2
1941 1
1942 1
1943 4
1944 12
1945 2
1946 1
1947 2
1948 3
1949 2
1950 2
1951 1
1952 4
1953 17
1954 3
1955 4
1956 3
1957 1
1958 3
1959 3
1960 4
1961 3
1962 3
1963 1
1964 4
1965 2
1966 3
1967 1
1968 1
1969 5
1970 1
1971 2
1972 1
1973 4
1974 3
1975 10
1976 2
1977 7
1978 2
1979 3
1980 2
1981 1
1982 2
1983 5
1984 6
1985 2
1986 13
1987 1
1988 2
1989 1
1990 8
1991 1
1992 2
1993 1
1994 1
1995 4
1996 11
1997 1
1998 2
1999 2
2000 2
2001 2
2002 1
2003 1
2004 4
2005 7
2006 10
2007 1
2008 1
2009 2
2010 2
2011 3
2012 1
2013 6
2014 1
2015 1
2016 1
2017 1
2018 1
2019 11
2020 2
2021 1
2022 1
2023 1
2024 5
2025 1
2026 14
2027 1
2028 1
2029 1
2030 1
2031 3
2032 5
2033 1
2034 8
2035 3
2036 1
2037 2
2038 39
2039 2
2040 2
2041 5
2042 1
2043 1
2044 2
2045 2
2046 1
2047 2
2048 5
2049 1
2050 1
2051 1
2052 3
2053 2
2054 2
2055 1
2056 2
2057 8
2058 1
2059 1
2060 2
2061 1
2062 1
2063 2
2064 2
2065 5
2066 1
2067 7
2068 2
2069 2
2070 13
2071 2
2072 5
2073 9
2074 9
2075 2
2076 5
2077 2
2078 1
2079 1
2080 7
2081 9
2082 1
2083 4
2084 10
2085 2
2086 1
2087 2
2088 2
2089 2
2090 4
2091 4
2092 1
2093 1
2094 2
2095 2
2096 3
2097 1
2098 1
2099 4
2100 3
2101 5
2102 3
2103 1
2104 2
2105 1
2106 2
2107 1
2108 1
2109 2
2110 1
2111 1
2112 1
2113 2
2114 2
2115 3
2116 3
2117 2
2118 1
2119 2
2120 1
2121 1
2122 2
2123 3
2124 3
2125 2
2126 1
2127 2
2128 1
2129 4
2130 9
2131 2
2132 2
2133 3
2134 1
2135 1
2136 1
2137 1
2138 8
2139 9
2140 2
2141 3
2142 1
2143 5
2144 4
2145 4
2146 8
2147 1
2148 3
2149 2
2150 1
2151 1
2152 2
2153 2
2154 1
2155 1
2156 1
2157 1
2158 1
2159 3
2160 1
2161 1
2162 2
2163 2
2164 3
2165 1
2166 3
2167 4
2168 3
2169 4
2170 5
2171 1
2172 1
2173 1
2174 4
2175 2
2176 2
2177 4
2178 1
2179 1
2180 8
2181 2
2182 5
2183 2
2184 4
2185 8
2186 5
2187 1
2188 14
2189 4
2190 1
2191 7
2192 4
2193 2
2194 1
2195 12
2196 1
2197 2
2198 1
2199 1
2200 1
2201 2
2202 3
2203 1
2204 2
2205 1
2206 15
2207 1
2208 2
2209 1
2210 9
2211 4
2212 2
2213 1
2214 2
2215 7
2216 1
2217 1
2218 9
2219 2
2220 1
2221 2
2222 1
2223 2
2224 1
2225 3
2226 2
2227 3
2228 4
2229 1
2230 1
2231 1
2232 1
2233 2
2234 3
2235 2
2236 3
2237 3
2238 1
2239 3
2240 1
2241 1
2242 8
2243 1
2244 10
2245 2
2246 1
2247 2
2248 2
2249 4
2250 2
2251 4
2252 1
2253 3
2254 4
2255 1
2256 2
2257 3
2258 4
2259 3
2260 1
2261 1
2262 2
2263 2
2264 2
2265 3
2266 1
2267 1
2268 2
2269 1
2270 1
2271 5
2272 3
2273 1
2274 1
2275 3
2276 3
2277 3
2278 2
2279 4
2280 1
2281 6
2282 4
2283 2
2284 1
2285 2
2286 8
2287 1
2288 3
2289 2
2290 1
2291 8
2292 1
2293 4
2294 1
2295 8
2296 2
2297 3
2298 1
2299 1
2300 5
2301 1
2302 4
2303 2
2304 7
2305 1
2306 5
2307 4
2308 3
2309 4
2310 9
2311 5
2312 3
2313 1
2314 3
2315 4
2316 4
2317 2
2318 8
2319 1
2320 3
2321 1
2322 1
2323 2
2324 2
2325 5
2326 1
2327 4
2328 1
2329 1
2330 2
2331 1
2332 5
2333 1
2334 5
2335 1
2336 1
2337 2
2338 1
2339 1
2340 1
2341 2
2342 4
2343 6
2344 3
2345 1
2346 5
2347 1
2348 1
2349 6
2350 5
2351 5
2352 3
2353 2
2354 1
2355 3
2356 1
2357 1
2358 3
2359 2
2360 1
2361 3
2362 1
2363 2
2364 1
2365 1
2366 2
2367 1
2368 1
2369 1
2370 4
2371 4
2372 3
2373 1
2374 2
2375 4
2376 1
2377 3
2378 1
2379 3
2380 2
2381 2
2382 2
2383 4
2384 1
2385 2
2386 4
2387 2
2388 1
2389 4
2390 2
2391 5
2392 2
2393 3
2394 3
2395 1
2396 1
2397 1
2398 3
2399 3
2400 3
2401 1
2402 1
2403 1
2404 5
2405 3
2406 3
2407 3
2408 1
2409 4
2410 1
2411 1
2412 2
2413 4
2414 4
2415 1
2416 2
2417 2
2418 3
2419 4
2420 3
2421 1
2422 9
2423 1
2424 2
2425 2
2426 2
2427 1
2428 4
2429 1
2430 2
2431 2
2432 3
2433 2
2434 4
2435 2
2436 4
2437 1
2438 1
2439 1
2440 3
2441 2
2442 2
2443 4
2444 1
2445 5
2446 4
2447 5
2448 1
2449 1
2450 1
2451 5
2452 1
2453 2
2454 9
2455 8
2456 2
2457 3
2458 1
2459 6
2460 1
2461 2
2462 1
2463 3
2464 1
2465 1
2466 5
2467 9
2468 6
2469 1
2470 3
2471 2
2472 3
2473 1
2474 2
2475 2
2476 5
2477 3
2478 2
2479 2
2480 10
2481 4
2482 2
2483 1
2484 1
2485 4
2486 1
2487 2
2488 1
2489 1
2490 2
2491 3
2492 2
2493 1
2494 2
2495 4
2496 1
2497 3
2498 3
2499 8
2500 1
2501 3
2502 2
2503 3
2504 3
2505 1
2506 1
2507 1
2508 4
2509 1
2510 2
2511 1
2512 1
2513 1
2514 4
2515 2
2516 1
2517 2
2518 1
2519 1
2520 2
2521 2
2522 1
2523 1
2524 2
2525 3
2526 4
2527 1
2528 3
2529 2
2530 9
2531 3
2532 2
2533 1
2534 1
2535 5
2536 2
2537 1
2538 4
2539 1
2540 1
2541 5
2542 2
2543 7
2544 4
2545 2
2546 1
2547 1
2548 1
2549 2
2550 2
2551 1
2552 2
2553 2
2554 2
2555 10
2556 9
2557 1
2558 5
2559 2
2560 2
2561 4
2562 5
2563 4
2564 3
2565 2
2566 3
2567 2
2568 4
2569 4
2570 1
2571 1
2572 2
2573 2
2574 2
2575 2
2576 1
2577 1
2578 17
2579 2
2580 8
2581 2
2582 2
2583 2
2584 2
2585 1
2586 5
2587 1
2588 1
2589 7
2590 4
2591 2
2592 1
2593 1
2594 4
2595 3
2596 1
2597 2
2598 3
2599 1
2600 1
2601 1
2602 5
2603 1
2604 1
2605 2
2606 3
2607 1
2608 1
2609 5
2610 4
2611 2
2612 4
2613 1
2614 1
2615 2
2616 1
2617 2
2618 1
2619 4
2620 3
2621 7
2622 2
2623 1
2624 9
2625 2
2626 1
2627 3
2628 1
2629 1
2630 2
2631 5
2632 5
2633 6
2634 1
2635 18
2636 2
2637 1
2638 9
2639 8
2640 2
2641 2
2642 1
2643 2
2644 2
2645 2
2646 1
2647 3
2648 3
2649 1
2650 5
2651 5
2652 1
2653 3
2654 2
2655 1
2656 4
2657 3
2658 1
2659 1
2660 1
2661 2
2662 6
2663 4
2664 7
2665 2
2666 29
2667 1
2668 2
2669 2
2670 1
2671 2
2672 1
2673 2
2674 1
2675 3
2676 1
2677 4
2678 1
2679 2
2680 3
2681 1
2682 1
2683 1
2684 1
2685 1
2686 2
2687 1
2688 1
2689 1
2690 1
2691 1
2692 3
2693 1
2694 5
2695 2
2696 2
2697 2
2698 2
2699 1
2700 1
2701 3
2702 1
2703 2
2704 3
2705 2
2706 2
2707 1
2708 1
2709 2
2710 3
2711 1
2712 3
2713 2
2714 4
2715 3
2716 10
2717 3
2718 8
2719 2
2720 2
2721 3
2722 1
2723 2
2724 9
2725 1
2726 1
2727 34
2728 2
2729 1
2730 3
2731 3
2732 1
2733 2
2734 1
2735 1
2736 3
2737 1
2738 2
2739 3
2740 1
2741 2
2742 3
2743 2
2744 2
2745 6
2746 1
2747 2
2748 4
2749 2
2750 2
2751 5
2752 5
2753 2
2754 2
2755 1
2756 1
2757 3
2758 3
2759 4
2760 2
2761 6
2762 8
2763 2
2764 3
2765 4
2766 1
2767 2
2768 1
2769 4
2770 3
2771 9
2772 1
2773 1
2774 3
2775 1
2776 2
2777 2
2778 7
2779 2
2780 2
2781 2
2782 1
2783 1
2784 1
2785 4
2786 4
2787 4
2788 2
2789 1
2790 3
2791 8
2792 2
2793 4
2794 1
2795 1
2796 3
2797 1
2798 11
2799 4
2800 1
2801 4
2802 2
2803 1
2804 1
2805 9
2806 1
2807 1
2808 9
2809 1
2810 3
2811 1
2812 2
2813 4
2814 13
2815 4
2816 2
2817 1
2818 2
2819 7
2820 1
2821 1
2822 1
2823 6
2824 1
2825 1
2826 3
2827 10
2828 10
2829 3
2830 1
2831 4
2832 4
2833 1
2834 2
2835 1
2836 2
2837 1
2838 1
2839 1
2840 2
2841 1
2842 6
2843 2
2844 3
2845 1
2846 1
2847 2
2848 1
2849 1
2850 2
2851 4
2852 2
2853 7
2854 1
2855 2
2856 1
2857 1
2858 2
2859 5
2860 1
2861 21
2862 12
2863 1
2864 1
2865 1
2866 4
2867 1
2868 1
2869 2
2870 1
2871 3
2872 1
2873 3
2874 1
2875 12
2876 1
2877 4
2878 2
2879 8
2880 2
2881 8
2882 1
2883 1
2884 1
2885 1
2886 5
2887 1
2888 2
2889 6
2890 2
2891 5
2892 2
2893 1
2894 8
2895 3
2896 1
2897 2
2898 1
2899 2
2900 6
2901 1
2902 1
2903 1
2904 3
2905 2
2906 6
2907 1
2908 2
2909 3
2910 2
2911 6
2912 1
2913 4
2914 4
2915 2
2916 1
2917 1
2918 3
2919 4
2920 2
2921 1
2922 4
2923 1
2924 1
2925 3
2926 3
2927 1
2928 3
2929 6
2930 1
2931 2
2932 1
2933 3
2934 2
2935 3
2936 2
2937 1
2938 3
2939 4
2940 3
2941 5
2942 1
2943 1
2944 2
2945 1
2946 2
2947 4
2948 4
2949 1
2950 2
2951 2
2952 3
2953 1
2954 7
2955 3
2956 1
2957 1
2958 1
2959 1
2960 2
2961 6
2962 1
2963 1
2964 2
2965 1
2966 3
2967 2
2968 3
2969 2
2970 1
2971 2
2972 1
2973 3
2974 5
2975 9
2976 2
2977 6
2978 3
2979 2
2980 2
2981 2
2982 1
2983 2
2984 3
2985 1
2986 3
2987 1
2988 2
2989 3
2990 3
2991 5
2992 10
2993 1
2994 1
2995 1
2996 1
2997 1
2998 2
2999 2
3000 4
3001 3
3002 1
3003 1
3004 4
3005 2
3006 2
3007 2
3008 1
3009 1
3010 1
3011 1
3012 2
3013 1
3014 8
3015 2
3016 4
3017 5
3018 1
3019 2
3020 2
3021 2
3022 1
3023 2
3024 1
3025 3
3026 4
3027 1
3028 1
3029 1
3030 6
3031 1
3032 1
3033 1
3034 2
3035 2
3036 1
3037 3
3038 1
3039 1
3040 7
3041 1
3042 2
3043 1
3044 2
3045 3
3046 3
3047 5
3048 2
3049 5
3050 10
3051 2
3052 2
3053 2
3054 1
3055 2
3056 1
3057 2
3058 3
3059 9
3060 3
3061 1
3062 2
3063 8
3064 3
3065 2
3066 2
3067 3
3068 3
3069 1
3070 2
3071 2
3072 3
3073 5
3074 1
3075 1
3076 4
3077 1
3078 1
3079 1
3080 2
3081 7
3082 6
3083 3
3084 2
3085 4
3086 1
3087 3
3088 3
3089 1
3090 3
3091 3
3092 1
3093 5
3094 2
3095 2
3096 1
3097 1
3098 1
3099 1
3100 1
3101 1
3102 1
3103 10
3104 1
3105 3
3106 2
3107 6
3108 2
3109 1
3110 1
3111 2
3112 2
3113 8
3114 2
3115 4
3116 1
3117 5
3118 1
3119 10
3120 2
3121 2
3122 4
3123 2
3124 5
3125 4
3126 1
3127 2
3128 7
3129 2
3130 1
3131 3
3132 6
3133 1
3134 1
3135 2
3136 6
3137 4
3138 2
3139 5
3140 2
3141 1
3142 7
3143 3
3144 4
3145 1
3146 1
3147 6
3148 2
3149 2
3150 3
3151 1
3152 2
3153 4
3154 1
3155 2
3156 3
3157 5
3158 2
3159 1
3160 7
3161 2
3162 2
3163 2
3164 6
3165 4
3166 2
3167 2
3168 5
3169 2
3170 2
3171 3
3172 1
3173 2
3174 10
3175 4
3176 8
3177 5
3178 2
3179 1
3180 1
3181 2
3182 1
3183 2
3184 2
3185 2
3186 1
3187 4
3188 3
3189 6
3190 3
3191 2
3192 3
3193 1
3194 1
3195 1
3196 4
3197 2
3198 3
3199 1
3200 2
3201 1
3202 2
3203 2
3204 10
3205 1
3206 1
3207 1
3208 6
3209 4
3210 1
3211 4
3212 2
3213 2
3214 4
3215 2
3216 1
3217 1
3218 4
3219 3
3220 2
3221 5
3222 3
3223 2
3224 1
3225 1
3226 4
3227 4
3228 2
3229 2
3230 2
3231 1
3232 1
3233 2
3234 5
3235 6
3236 1
3237 3
3238 1
3239 3
3240 1
3241 1
3242 1
3243 1
3244 2
3245 1
3246 4
3247 3
3248 1
3249 5
3250 1
3251 1
3252 2
3253 2
3254 3
3255 1
3256 2
3257 2
3258 16
3259 2
3260 3
3261 2
3262 3
3263 1
3264 2
3265 9
3266 5
3267 6
3268 6
3269 3
3270 1
3271 2
3272 4
3273 2
3274 1
3275 4
3276 11
3277 2
3278 2
3279 2
3280 6
3281 1
3282 3
3283 7
3284 8
3285 1
3286 1
3287 6
3288 3
3289 2
3290 5
3291 3
3292 2
3293 2
3294 2
3295 1
3296 5
3297 5
3298 1
3299 1
3300 1
3301 16
3302 3
3303 1
3304 2
3305 4
3306 2
3307 8
3308 1
3309 2
3310 1
3311 3
3312 1
3313 2
3314 1
3315 8
3316 2
3317 2
3318 1
3319 1
3320 1
3321 2
3322 2
3323 5
3324 3
3325 4
3326 1
3327 10
3328 2
3329 5
3330 3
3331 2
3332 2
3333 1
3334 1
3335 3
3336 1
3337 1
3338 1
3339 4
3340 1
3341 1
3342 6
3343 1
3344 2
3345 1
3346 5
3347 1
3348 1
3349 2
3350 2
3351 1
3352 8
3353 1
3354 1
3355 1
3356 2
3357 2
3358 1
3359 3
3360 2
3361 1
3362 1
3363 1
3364 2
3365 3
3366 2
3367 3
3368 4
3369 4
3370 4
3371 1
3372 3
3373 3
3374 1
3375 1
3376 1
3377 5
3378 4
3379 1
3380 2
3381 1
3382 2
3383 1
3384 2
3385 4
3386 2
3387 1
3388 3
3389 1
3390 1
3391 9
3392 7
3393 1
3394 4
3395 2
3396 1
3397 2
3398 3
3399 1
3400 1
3401 4
3402 1
3403 1
3404 1
3405 4
3406 7
3407 2
3408 2
3409 5
3410 3
3411 2
3412 1
3413 1
3414 1
3415 3
3416 2
3417 1
3418 1
3419 1
3420 3
3421 1
3422 3
3423 1
3424 2
3425 1
3426 1
3427 3
3428 2
3429 1
3430 4
3431 3
3432 1
3433 3
3434 2
3435 11
3436 6
3437 1
3438 2
3439 1
3440 1
3441 2
3442 2
3443 1
3444 1
3445 2
3446 4
3447 6
3448 5
3449 4
3450 4
3451 3
3452 1
3453 2
3454 2
3455 6
3456 1
3457 1
3458 1
3459 8
3460 2
3461 2
3462 7
3463 3
3464 2
3465 1
3466 1
3467 2
3468 3
3469 1
3470 4
3471 2
3472 1
3473 3
3474 8
3475 4
3476 1
3477 1
3478 3
3479 2
3480 5
3481 2
3482 4
3483 1
3484 2
3485 1
3486 2
3487 2
3488 9
3489 1
3490 1
3491 1
3492 1
3493 1
3494 1
3495 4
3496 1
3497 2
3498 1
3499 2
3500 3
3501 1
3502 3
3503 1
3504 2
3505 2
3506 1
3507 2
3508 1
3509 6
3510 1
3511 3
3512 1
3513 1
3514 2
3515 1
3516 2
3517 1
3518 2
3519 8
3520 6
3521 6
3522 2
3523 12
3524 1
3525 1
3526 2
3527 5
3528 2
3529 2
3530 2
3531 4
3532 10
3533 1
3534 1
3535 12
3536 1
3537 2
3538 8
3539 1
3540 2
3541 3
3542 2
3543 1
3544 4
3545 1
3546 3
3547 3
3548 1
3549 1
3550 2
3551 1
3552 1
3553 3
3554 2
3555 1
3556 1
3557 2
3558 4
3559 1
3560 2
3561 14
3562 1
3563 1
3564 1
3565 1
3566 6
3567 3
3568 1
3569 6
3570 1
3571 1
3572 3
3573 2
3574 1
3575 1
3576 2
3577 1
3578 1
3579 1
3580 1
3581 5
3582 4
3583 1
3584 1
3585 3
3586 2
3587 1
3588 1
3589 5
3590 1
3591 1
3592 1
3593 6
3594 2
3595 3
3596 1
3597 1
3598 1
3599 2
3600 4
3601 2
3602 1
3603 1
3604 1
3605 2
3606 2
3607 7
3608 3
3609 3
3610 2
3611 2
3612 2
3613 4
3614 1
3615 3
3616 4
3617 2
3618 3
3619 5
3620 1
3621 2
3622 1
3623 2
3624 2
3625 4
3626 1
3627 1
3628 2
3629 1
3630 5
3631 1
3632 1
3633 1
3634 3
3635 3
3636 6
3637 2
3638 1
3639 3
3640 3
3641 1
3642 3
3643 1
3644 3
3645 1
3646 1
3647 1
3648 1
3649 1
3650 1
3651 1
3652 1
3653 1
3654 4
3655 2
3656 6
3657 1
3658 1
3659 2
3660 3
3661 1
3662 2
3663 1
3664 2
3665 4
3666 1
3667 3
3668 1
3669 5
3670 1
3671 1
3672 1
3673 6
3674 9
3675 2
3676 7
3677 2
3678 2
3679 2
3680 1
3681 8
3682 1
3683 3
3684 7
3685 5
3686 3
3687 2
3688 2
3689 2
3690 2
3691 3
3692 4
3693 1
3694 2
3695 1
3696 1
3697 1
3698 1
3699 1
3700 4
3701 2
3702 1
3703 2
3704 1
3705 1
3706 8
3707 2
3708 2
3709 1
3710 5
3711 1
3712 1
3713 4
3714 2
3715 3
3716 3
3717 1
3718 8
3719 1
3720 1
3721 1
3722 1
3723 4
3724 1
3725 1
3726 4
3727 1
3728 1
3729 6
3730 3
3731 2
3732 8
3733 1
3734 1
3735 1
3736 1
3737 6
3738 3
3739 1
3740 12
3741 1
3742 5
3743 2
3744 4
3745 2
3746 3
3747 2
3748 9
3749 2
3750 2
3751 3
3752 2
3753 3
3754 1
3755 1
3756 2
3757 1
3758 2
3759 3
3760 2
3761 1
3762 3
3763 3
3764 1
3765 4
3766 2
3767 1
3768 1
3769 1
3770 1
3771 1
3772 5
3773 2
3774 1
3775 2
3776 3
3777 4
3778 2
3779 4
3780 4
3781 7
3782 3
3783 1
3784 4
3785 1
3786 2
3787 10
3788 2
3789 6
3790 4
3791 1
3792 1
3793 4
3794 2
3795 1
3796 2
3797 5
3798 4
3799 8
3800 1
3801 4
3802 1
3803 10
3804 8
3805 1
3806 4
3807 1
3808 1
3809 6
3810 3
3811 1
3812 1
3813 3
3814 2
3815 3
3816 1
3817 5
3818 3
3819 3
3820 3
3821 1
3822 1
3823 1
3824 1
3825 1
3826 1
3827 1
3828 7
3829 1
3830 1
3831 9
3832 3
3833 15
3834 15
3835 1
3836 3
3837 2
3838 7
3839 3
3840 1
3841 1
3842 5
3843 1
3844 2
3845 1
3846 1
3847 4
3848 14
3849 3
3850 1
3851 5
3852 2
3853 8
3854 6
3855 5
3856 3
3857 6
3858 2
3859 2
3860 2
3861 2
3862 3
3863 1
3864 3
3865 2
3866 1
3867 3
3868 1
3869 3
3870 4
3871 1
3872 1
3873 1
3874 3
3875 2
3876 1
3877 1
3878 4
3879 2
3880 1
3881 1
3882 2
3883 4
3884 2
3885 1
3886 1
3887 2
3888 4
3889 1
3890 1
3891 2
3892 2
3893 1
3894 1
3895 4
3896 6
3897 3
3898 1
3899 2
3900 1
3901 2
3902 1
3903 1
3904 4
3905 1
3906 1
3907 1
3908 1
3909 1
3910 2
3911 2
3912 2
3913 7
3914 4
3915 3
3916 1
3917 2
3918 1
3919 3
3920 2
3921 1
3922 1
3923 1
3924 9
3925 2
3926 2
3927 2
3928 2
3929 2
3930 1
3931 3
3932 1
3933 5
3934 3
3935 2
3936 3
3937 1
3938 3
3939 9
3940 1
3941 2
3942 1
3943 1
3944 2
3945 2
3946 2
3947 2
3948 1
3949 4
3950 6
3951 4
3952 9
3953 4
3954 2
3955 1
3956 2
3957 1
3958 2
3959 1
3960 1
3961 5
3962 6
3963 1
3964 2
3965 2
3966 1
3967 1
3968 2
3969 4
3970 4
3971 1
3972 1
3973 1
3974 3
3975 3
3976 5
3977 7
3978 5
3979 2
3980 1
3981 3
3982 4
3983 6
3984 1
3985 1
3986 1
3987 1
3988 2
3989 2
3990 6
3991 1
3992 2
3993 3
3994 3
3995 5
3996 1
3997 5
3998 1
3999 2
4000 2
4001 1
4002 4
4003 1
4004 4
4005 2
4006 2
4007 1
4008 2
4009 2
4010 3
4011 1
4012 3
4013 1
4014 1
4015 2
4016 2
4017 2
4018 2
4019 1
4020 1
4021 4
4022 2
4023 1
4024 1
4025 1
4026 1
4027 2
4028 6
4029 2
4030 1
4031 6
4032 5
4033 5
4034 2
4035 1
4036 3
4037 2
4038 1
4039 1
4040 1
4041 7
4042 4
4043 3
4044 2
4045 2
4046 3
4047 1
4048 3
4049 5
4050 5
4051 4
4052 1
4053 3
4054 2
4055 1
4056 1
4057 1
4058 3
4059 2
4060 4
4061 1
4062 5
4063 1
4064 3
4065 15
4066 1
4067 2
4068 1
4069 4
4070 6
4071 7
4072 1
4073 1
4074 3
4075 3
4076 1
4077 2
4078 1
4079 1
4080 2
4081 1
4082 3
4083 7
4084 1
4085 7
4086 2
4087 5
4088 2
4089 2
4090 3
4091 1
4092 5
4093 1
4094 1
4095 1
4096 4
4097 1
4098 1
4099 3
4100 3
4101 5
4102 1
4103 3
4104 1
4105 3
4106 2
4107 2
4108 1
4109 1
4110 4
4111 3
4112 2
4113 2
4114 1
4115 3
4116 1
4117 5
4118 1
4119 2
4120 3
4121 2
4122 1
4123 1
4124 2
4125 2
4126 5
4127 3
4128 1
4129 17
4130 2
4131 4
4132 1
4133 2
4134 12
4135 5
4136 2
4137 6
4138 2
4139 1
4140 4
4141 1
4142 3
4143 2
4144 1
4145 3
4146 3
4147 2
4148 1
4149 6
4150 5
4151 9
4152 12
4153 2
4154 1
4155 1
4156 3
4157 3
4158 14
4159 1
4160 1
4161 2
4162 2
4163 6
4164 2
4165 3
4166 1
4167 1
4168 1
4169 2
4170 1
4171 2
4172 2
4173 8
4174 10
4175 16
4176 3
4177 3
4178 2
4179 2
4180 9
4181 1
4182 1
4183 1
4184 4
4185 2
4186 1
4187 1
4188 1
4189 5
4190 4
4191 2
4192 2
4193 2
4194 1
4195 1
4196 4
4197 1
4198 2
4199 1
4200 5
4201 1
4202 2
4203 1
4204 3
4205 2
4206 9
4207 2
4208 3
4209 7
4210 3
4211 5
4212 1
4213 1
4214 6
4215 4
4216 4
4217 2
4218 1
4219 4
4220 1
4221 3
4222 1
4223 3
4224 2
4225 3
4226 1
4227 1
4228 6
4229 3
4230 1
4231 1
4232 3
4233 3
4234 2
4235 1
4236 2
4237 2
4238 1
4239 2
4240 4
4241 1
4242 3
4243 10
4244 3
4245 2
4246 2
4247 1
4248 1
4249 3
4250 3
4251 1
4252 4
4253 1
4254 10
4255 3
4256 1
4257 1
4258 1
4259 2
4260 1
4261 2
4262 2
4263 2
4264 2
4265 5
4266 2
4267 3
4268 1
4269 5
4270 1
4271 4
4272 2
4273 1
4274 6
4275 1
4276 3
4277 13
4278 5
4279 2
4280 4
4281 2
4282 4
4283 1
4284 2
4285 2
4286 2
4287 1
4288 4
4289 2
4290 5
4291 2
4292 31
4293 5
4294 1
4295 1
4296 1
4297 1
4298 1
4299 1
4300 2
4301 2
4302 2
4303 1
4304 2
4305 2
4306 4
4307 1
4308 2
4309 1
4310 2
4311 2
4312 5
4313 1
4314 2
4315 5
4316 3
4317 4
4318 1
4319 1
4320 11
4321 1
4322 2
4323 1
4324 2
4325 1
4326 1
4327 3
4328 5
4329 1
4330 1
4331 1
4332 6
4333 1
4334 1
4335 2
4336 2
4337 1
4338 1
4339 30
4340 2
4341 1
4342 1
4343 10
4344 6
4345 3
4346 4
4347 1
4348 1
4349 5
4350 1
4351 1
4352 2
4353 1
4354 2
4355 1
4356 1
4357 1
4358 3
4359 1
4360 1
4361 1
4362 4
4363 3
4364 5
4365 5
4366 3
4367 5
4368 8
4369 1
4370 1
4371 2
4372 2
4373 1
4374 1
4375 2
4376 32
4377 2
4378 3
4379 2
4380 7
4381 4
4382 1
4383 2
4384 5
4385 1
4386 3
4387 7
4388 1
4389 2
4390 2
4391 1
4392 1
4393 3
4394 4
4395 1
4396 1
4397 1
4398 1
4399 1
4400 1
4401 1
4402 1
4403 2
4404 4
4405 1
4406 1
4407 4
4408 1
4409 3
4410 2
4411 9
4412 2
4413 1
4414 1
4415 1
4416 7
4417 2
4418 2
4419 4
4420 2
4421 5
4422 1
4423 1
4424 2
4425 3
4426 2
4427 1
4428 4
4429 2
4430 2
4431 4
4432 4
4433 2
4434 3
4435 2
4436 4
4437 4
4438 1
4439 1
4440 2
4441 1
4442 3
4443 2
4444 1
4445 2
4446 2
4447 1
4448 1
4449 1
4450 2
4451 1
4452 1
4453 1
4454 1
4455 4
4456 13
4457 6
4458 1
4459 5
4460 2
4461 1
4462 11
4463 2
4464 1
4465 2
4466 1
4467 3
4468 2
4469 3
4470 1
4471 2
4472 1
4473 3
4474 3
4475 8
4476 5
4477 2
4478 1
4479 1
4480 1
4481 1
4482 3
4483 4
4484 2
4485 3
4486 2
4487 1
4488 1
4489 2
4490 3
4491 1
4492 2
4493 9
4494 8
4495 1
4496 1
4497 1
4498 2
4499 2
4500 1
4501 7
4502 1
4503 4
4504 3
4505 2
4506 6
4507 1
4508 1
4509 2
4510 2
4511 2
4512 1
4513 1
4514 4
4515 1
4516 3
4517 4
4518 1
4519 5
4520 1
4521 8
4522 1
4523 4
4524 2
4525 3
4526 2
4527 5
4528 1
4529 1
4530 2
4531 4
4532 1
4533 6
4534 1
4535 2
4536 3
4537 9
4538 2
4539 1
4540 3
4541 1
4542 2
4543 3
4544 3
4545 4
4546 4
4547 2
4548 1
4549 2
4550 2
4551 12
4552 1
4553 1
4554 3
4555 3
4556 7
4557 2
4558 1
4559 1
4560 1
4561 4
4562 3
4563 3
4564 1
4565 3
4566 1
4567 2
4568 2
4569 2
4570 1
4571 3
4572 2
4573 1
4574 2
4575 1
4576 1
4577 2
4578 3
4579 3
4580 3
4581 1
4582 1
4583 3
4584 2
4585 5
4586 1
4587 3
4588 2
4589 1
4590 2
4591 7
4592 1
4593 1
4594 1
4595 7
4596 2
4597 5
4598 3
4599 10
4600 2
4601 2
4602 1
4603 1
4604 1
4605 1
4606 11
4607 1
4608 12
4609 4
4610 5
4611 2
4612 1
4613 6
4614 1
4615 2
4616 1
4617 3
4618 1
4619 2
4620 2
4621 1
4622 2
4623 5
4624 19
4625 1
4626 1
4627 7
4628 1
4629 4
4630 3
4631 7
4632 1
4633 2
4634 3
4635 12
4636 1
4637 13
4638 2
4639 3
4640 1
4641 24
4642 1
4643 2
4644 4
4645 1
4646 4
4647 5
4648 2
4649 1
4650 3
4651 1
4652 1
4653 2
4654 2
4655 1
4656 2
4657 1
4658 1
4659 3
4660 1
4661 1
4662 2
4663 2
4664 1
4665 5
4666 3
4667 1
4668 6
4669 1
4670 2
4671 2
4672 4
4673 2
4674 8
4675 1
4676 1
4677 5
4678 2
4679 2
4680 1
4681 2
4682 2
4683 3
4684 2
4685 5
4686 5
4687 1
4688 1
4689 1
4690 3
4691 2
4692 5
4693 6
4694 4
4695 2
4696 2
4697 2
4698 2
4699 2
4700 1
4701 2
4702 8
4703 4
4704 10
4705 12
4706 1
4707 2
4708 3
4709 3
4710 9
4711 2
4712 2
4713 4
4714 1
4715 2
4716 1
4717 1
4718 3
4719 1
4720 1
4721 1
4722 3
4723 1
4724 6
4725 1
4726 2
4727 1
4728 9
4729 1
4730 3
4731 6
4732 2
4733 1
4734 1
4735 1
4736 2
4737 3
4738 3
4739 1
4740 3
4741 3
4742 1
4743 6
4744 2
4745 2
4746 1
4748 1
4749 6
4750 2
4751 2
4752 1
4753 1
4754 2
4755 1
4756 1
4757 9
4758 1
4759 2
4760 1
4761 4
4762 4
4763 6
4764 1
4765 3
4766 1
4767 2
4768 1
4769 1
4770 1
4771 1
4772 4
4773 2
4774 1
4775 11
4776 5
4777 1
4778 3
4779 2
4780 4
4781 4
4782 4
4783 2
4784 1
4785 2
4787 1
4788 8
4789 3
4790 1
4791 1
4792 2
4793 2
4794 5
4795 3
4797 2
4798 1
4799 1
4800 2
4801 1
4802 1
4803 2
4804 2
4805 3
4806 2
4807 2
4808 1
4809 1
4810 1
4811 2
4812 1
4813 1
4814 7
4816 6
4817 1
4818 3
4819 1
4820 2
4821 1
4822 1
4823 3
4824 3
4825 2
4826 2
4827 1
4828 1
4829 1
4830 4
4831 3
4832 3
4833 6
4834 6
4835 3
4836 2
4837 6
4838 1
4839 1
4840 3
4841 2
4842 6
4843 1
4844 4
4845 2
4846 1
4847 2
4848 2
4849 3
4850 2
4851 1
4852 1
4853 1
4854 1
4855 2
4856 2
4857 1
4858 5
4860 2
4862 3
4863 15
4864 1
4865 1
4866 2
4867 2
4868 12
4869 3
4870 2
4871 10
4872 4
4873 1
4874 1
4875 1
4876 1
4877 1
4878 1
4880 2
4881 1
4882 2
4883 11
4884 3
4885 1
4886 1
4887 2
4888 4
4889 9
4890 1
4891 5
4892 2
4893 3
4894 5
4895 1
4896 6
4897 1
4898 2
4899 1
4900 2
4901 1
4902 1
4903 3
4904 1
4905 3
4906 1
4907 3
4908 4
4909 2
4911 1
4912 3
4913 1
4914 1
4915 1
4917 5
4918 1
4919 1
4920 1
4921 5
4922 3
4923 3
4924 1
4925 1
4926 4
4927 1
4928 1
4929 2
4931 2
4933 1
4934 6
4935 2
4936 3
4937 14
4938 2
4939 2
4940 1
4941 6
4942 3
4943 8
4944 2
4945 1
4946 2
4947 3
4948 1
4949 10
4950 2
4951 2
4952 1
4953 2
4954 8
4955 8
4956 1
4957 4
4958 2
4959 2
4960 5
4961 1
4962 1
4963 1
4964 3
4966 1
4967 2
4968 2
4969 4
4971 1
4972 2
4973 6
4974 1
4975 1
4976 1
4977 2
4978 2
4979 4
4980 18
4981 3
4982 1
4983 5
4984 2
4985 1
4986 1
4987 3
4988 1
4989 4
4990 2
4991 2
4992 1
4993 2
4994 1
4995 2
4996 1
4997 4
4998 3
4999 6
5000 2
5001 1
5002 1
5003 3
5004 1
5005 2
5006 2
5007 1
5008 1
5009 3
5010 2
5011 1
5012 8
5013 6
5014 3
5015 1
5016 1
5018 17
5019 1
5020 2
5021 2
5022 1
5023 2
5024 2
5025 1
5026 1
5027 3
5028 1
5029 1
5030 5
5031 3
5032 2
5033 3
5034 1
5035 3
5036 4
5037 1
5038 4
5039 2
5040 3
5041 2
5042 1
5043 1
5044 5
5045 3
5046 3
5047 1
5048 1
5049 14
5050 2
5051 3
5052 8
5053 1
5054 2
5056 1
5057 3
5058 7
5059 6
5060 8
5061 2
5062 1
5063 1
5064 1
5065 1
5066 2
5067 1
5068 2
5069 2
5070 1
5071 2
5072 1
5073 5
5074 1
5075 2
5076 8
5077 2
5078 2
5079 10
5080 1
5081 1
5082 1
5083 5
5084 1
5085 7
5086 3
5087 3
5088 1
5089 2
5090 1
5091 7
5092 1
5093 4
5094 3
5095 6
5096 2
5097 1
5098 3
5099 1
5100 1
5101 3
5102 2
5103 1
5104 3
5105 1
5106 2
5107 1
5108 6
5109 5
5110 5
5112 5
5113 1
5114 1
5115 1
5116 1
5117 2
5119 13
5120 2
5121 1
5122 1
5123 2
5124 3
5125 2
5127 1
5128 1
5129 2
5130 1
5131 1
5132 2
5133 2
5134 1
5135 2
5136 3
5137 1
5138 16
5139 1
5140 3
5142 1
5143 1
5144 4
5145 2
5146 1
5147 7
5148 5
5149 3
5150 1
5151 1
5152 4
5153 1
5154 1
5155 5
5156 2
5158 1
5159 2
5160 2
5161 2
5162 3
5163 1
5164 7
5165 2
5166 1
5167 3
5168 2
5169 5
5170 1
5171 2
5172 1
5173 5
5174 1
5175 2
5176 12
5177 1
5178 4
5179 2
5180 1
5181 1
5182 4
5183 4
5185 2
5186 1
5187 7
5188 3
5189 3
5191 1
5192 3
5193 3
5194 1
5195 2
5196 4
5197 2
5198 5
5199 1
