0 4
1 19
2 54
3 35
4 27
5 26
6 33
7 34
8 31
9 21
10 3
11 2
12 35
13 3
14 9
15 19
16 3
17 31
18 40
19 2
20 1
21 15
22 97
23 13
24 20
25 3005
26 11
27 7
28 21
29 8
30 18
31 76
32 15
33 17
34 19
35 17
36 344
37 5
38 7
39 2
40 18
41 17
42 3
43 3
44 5
45 8
46 3
47 2
48 1
49 8
50 17
51 16
52 2
53 14
54 24
55 24
56 2
57 13
58 5
59 8
60 4
61 11
62 6
63 4
64 235
65 10
66 15
67 10
68 7
69 2
70 17
71 338
72 16
73 11
74 19
75 11
76 82
77 38
78 6
79 9
80 8
81 5
82 14
83 10
84 4
85 7
86 22
87 15
88 54
89 37
90 8
91 20
92 22
93 14
94 38
95 19
96 27
97 22
98 5
99 7
100 7
101 285
102 5
103 15
104 11
105 54
106 8
107 58
108 163
109 10
110 9
111 268
112 11
113 13
114 14
115 22
116 6
117 11
118 7
119 22
120 12
121 22
122 27
123 6
124 11
125 3
126 5
127 6
128 8
129 3
130 4
131 6
132 28
133 7
134 58
135 15
136 2
137 16
138 3
139 1
140 6
141 3
142 7
143 1
144 27
145 1
146 6
147 11
148 1
149 1
150 61
151 3
152 8
153 1
154 10
155 11
156 2
157 16
158 1
159 9
160 2
161 6
162 4
163 2
164 3
165 4
166 3
167 2
168 7
169 2
170 13
171 10
172 20
173 5
174 1
175 5
176 1
177 17
179 33
180 6
181 6
182 11
183 4
184 3
185 10
186 3
187 4
188 1
189 3
190 3
191 2
192 1
193 6
194 18
195 4
196 18
197 14
198 9
199 10
200 3
201 13
202 2
203 4
204 6
205 22
206 7
207 4
208 5
209 4
210 2
211 9
212 5
213 1
214 5
215 5
216 2
217 6
218 6
219 3
220 3
221 5
222 8
223 6
224 7
225 7
226 9
227 1
228 10
229 19
230 10
231 22
232 1
233 1
234 7
235 27
236 7
237 3
238 7
239 2
240 10
241 9
242 6
243 7
244 2
245 4
246 3
247 5
248 38
249 1
250 6
251 8
252 4
253 41
254 7
255 1
256 7
257 12
258 10
259 23
260 1
262 7
263 18
264 13
265 1
266 7
267 28
268 2
269 14
270 2
271 1
272 5
273 5
274 13
275 3
276 8
277 10
278 1
279 6
280 4
281 13
282 3
283 6
284 8
285 11
286 5
287 12
288 7
289 13
290 10
291 14
292 1
293 12
294 6
295 14
296 9
297 13
298 8
299 22
300 23
301 2
302 7
303 7
304 5
305 29
306 8
307 23
308 4
309 10
310 14
311 13
312 3
313 7
314 14
315 7
316 2
317 13
318 9
319 21
320 5
321 3
322 3
323 6
324 5
325 6
326 3
327 5
328 6
329 3
330 1
331 4
332 3
333 2
334 1
335 7
336 4
337 1
338 4
339 4
340 2
341 1
342 13
343 2
344 6
345 4
346 5
347 11
348 16
349 16
350 23
351 2
352 1
353 2
354 7
355 6
356 6
357 5
358 2
359 6
360 7
361 12
362 17
363 6
364 5
365 6
366 7
367 9
368 11
369 13
370 2
371 3
372 3
373 4
374 13
375 1
376 7
377 4
378 11
379 4
380 3
381 4
382 5
383 17
384 5
385 6
386 50
387 4
388 15
389 13
390 8
392 8
393 8
394 6
395 2
396 12
398 5
399 1
400 8
401 4
402 20
403 4
404 1
405 3
406 3
407 5
408 2
409 4
410 7
411 4
412 2
413 13
414 7
415 3
416 1
417 14
418 11
419 8
420 39
421 13
422 8
423 3
424 5
425 4
426 1
427 1
428 36
429 8
430 13
431 6
432 1
433 2
434 7
435 7
436 6
437 3
438 3
439 10
440 9
441 4
442 14
443 2
444 4
445 11
446 5
447 2
448 14
449 3
450 8
451 3
452 11
453 21
454 3
455 29
456 4
457 9
458 2
459 1
460 2
461 4
462 4
463 3
464 4
465 4
466 6
467 7
468 5
469 6
470 13
471 1
472 7
473 14
474 6
475 10
476 13
477 5
478 4
479 1
480 1
481 1
482 10
483 1
484 1
485 13
486 8
487 5
488 5
489 1
490 5
491 9
492 3
493 9
494 20
495 4
496 39
497 29
498 3
499 7
500 2
501 24
502 3
503 7
504 27
505 1
506 8
507 1
508 1
509 3
510 14
511 8
512 4
513 1
514 4
515 6
516 1
517 1
518 3
519 5
520 2
521 2
522 1
524 1
525 7
526 3
527 16
528 3
529 10
530 30
531 26
532 9
533 10
534 11
535 11
536 1
537 4
538 6
539 13
540 2
541 10
542 1
543 7
544 5
545 2
546 3
547 72
548 1
549 8
550 3
551 8
552 5
553 16
554 3
555 7
556 10
557 2
558 16
559 6
560 14
561 2
562 6
563 4
564 2
565 3
566 5
567 5
568 2
569 9
570 1
571 1
572 18
573 3
575 9
576 1
577 1
578 2
580 8
581 6
582 5
583 7
584 31
585 1
586 18
587 5
588 4
589 5
590 19
591 2
592 5
593 15
594 1
595 4
596 1
597 2
598 4
599 2
600 1
601 3
602 18
603 23
604 9
605 1
606 4
607 2
608 28
609 3
610 3
611 23
612 8
613 4
614 2
616 3
617 2
618 5
619 7
620 2
621 4
622 7
623 2
624 1
625 5
626 1
627 1
628 7
629 6
630 12
631 11
632 2
633 4
634 1
635 7
636 14
637 17
638 2
639 2
640 16
641 5
642 10
643 7
644 1
645 6
646 6
647 3
648 1
649 8
650 1
651 13
652 4
653 4
654 24
655 13
656 13
657 3
658 7
659 9
660 9
661 17
662 8
663 4
664 2
665 9
666 2
667 6
668 1
669 5
670 4
671 12
672 6
673 2
674 5
675 7
676 3
677 51
678 22
679 1
680 5
681 3
682 2
683 1
684 12
685 2
686 5
687 8
688 6
689 8
690 3
691 1
692 3
693 3
694 2
695 12
696 6
697 4
698 5
700 16
701 2
702 2
703 16
704 8
705 1
706 4
707 2
708 2
709 3
710 24
711 11
712 1
713 13
714 5
715 6
716 17
717 3
718 10
719 2
720 5
721 3
722 18
723 3
724 3
725 7
726 6
727 1
728 4
729 14
730 6
731 2
732 2
734 11
735 9
736 14
737 8
738 3
739 11
740 2
741 1
742 2
743 5
744 8
745 4
746 12
747 11
748 3
749 3
750 10
751 3
752 17
753 1
754 2
755 4
756 2
757 3
758 1
759 2
760 14
761 9
762 1
763 5
764 4
765 2
766 12
767 11
768 8
769 6
770 3
771 5
772 13
773 11
774 3
775 15
776 3
777 3
778 6
779 5
780 4
781 1
782 18
783 5
784 11
785 10
786 1
787 10
788 2
789 1
790 4
791 7
792 14
793 1
794 4
795 14
796 3
797 18
798 2
799 2
800 7
801 4
802 9
803 7
804 13
805 4
806 12
807 4
808 1
809 8
810 4
811 2
812 1
813 14
814 3
815 6
816 4
817 9
818 8
819 15
820 14
821 4
822 1
823 8
824 2
825 3
826 3
827 1
828 5
829 5
830 6
831 5
832 6
833 4
834 12
835 7
836 13
837 7
838 39
839 27
840 3
841 3
842 1
843 6
844 4
845 4
846 2
847 1
848 5
849 1
850 4
851 2
852 1
853 1
855 3
856 2
857 7
858 14
859 11
860 2
861 7
862 27
863 8
864 8
865 11
866 9
867 14
868 1
869 2
870 37
871 6
872 4
873 3
874 4
875 6
876 17
877 4
878 4
879 11
880 8
882 1
883 2
886 10
887 2
888 9
889 20
890 3
891 19
892 5
893 11
894 2
895 12
896 10
897 1
898 6
899 9
900 1
901 3
902 1
903 3
904 7
905 23
906 2
907 6
908 4
909 1
911 24
912 11
913 4
914 6
915 3
916 12
917 7
918 31
919 4
920 13
921 2
922 5
923 2
924 8
925 4
926 3
927 1
928 6
929 4
930 33
931 5
932 9
933 2
934 37
935 7
936 1
937 35
938 18
939 1
940 5
941 13
942 14
943 1
945 2
946 8
947 4
948 2
949 11
950 8
951 4
952 15
953 2
954 7
955 8
956 2
957 1
958 9
959 7
960 1
961 3
962 4
963 3
964 12
965 9
966 11
967 3
968 3
969 11
970 2
971 1
972 1
973 6
974 1
975 2
976 13
977 3
978 1
979 10
980 19
981 7
982 5
983 4
984 1
985 9
986 29
987 2
988 4
989 10
990 10
991 3
992 6
993 2
994 3
995 3
996 7
997 13
998 10
999 8
1000 8
1001 14
1002 5
1003 21
1004 4
1005 13
1006 5
1007 9
1008 10
1009 23
1010 7
1011 3
1012 3
1013 13
1014 64
1015 2
1016 1
1017 3
1018 19
1019 7
1020 2
1021 4
1022 5
1023 9
1024 5
1025 3
1026 2
1027 8
1028 5
1029 6
1030 3
1031 6
1032 23
1033 21
1034 13
1035 5
1036 3
1037 5
1038 3
1039 17
1040 1
1041 5
1042 11
1043 4
1044 33
1045 2
1046 6
1047 2
1048 1
1049 3
1050 13
1051 4
1052 2
1053 31
1054 1
1055 27
1056 8
1057 3
1058 2
1059 13
1060 3
1061 2
1062 16
1063 5
1064 4
1065 4
1066 4
1067 10
1068 1
1069 6
1070 3
1071 3
1072 32
1073 11
1074 9
1075 9
1076 10
1077 15
1078 42
1079 10
1080 4
1081 22
1082 4
1083 1
1084 1
1085 5
1086 10
1087 2
1088 7
1089 3
1090 12
1091 5
1092 3
1093 3
1094 14
1095 4
1096 4
1097 2
1098 15
1099 2
1100 2
1101 13
1102 5
1103 7
1104 2
1105 1
1106 5
1107 8
1108 5
1109 26
1110 1
1111 5
1112 2
1113 3
1114 8
1115 6
1116 12
1117 5
1118 7
1119 3
1120 8
1121 1
1122 1
1123 3
1124 13
1125 18
1126 29
1127 2
1128 7
1129 13
1130 2
1131 5
1132 4
1133 3
1134 13
1135 1
1136 16
1137 11
1138 19
1139 4
1140 18
1141 3
1142 3
1143 6
1144 14
1146 3
1147 2
1148 1
1149 4
1150 1
1151 6
1152 7
1153 18
1154 4
1155 1
1156 3
1157 2
1158 3
1159 1
1160 4
1161 6
1162 21
1163 3
1165 4
1166 12
1167 12
1168 6
1169 2
1170 3
1171 4
1172 6
1173 5
1174 3
1175 1
1176 5
1177 8
1178 4
1179 1
1180 1
1181 16
1182 4
1183 3
1184 1
1185 29
1186 23
1187 14
1188 4
1189 10
1190 12
1191 2
1192 9
1193 7
1194 4
1195 4
1196 35
1197 1
1198 16
1199 31
1200 1
1201 5
1202 2
1203 20
1204 4
1205 25
1206 11
1207 18
1208 3
1209 4
1210 93
1211 19
1212 4
1213 1
1214 15
1215 3
1216 3
1217 3
1218 8
1219 6
1220 12
1221 3
1222 10
1223 4
1224 5
1225 4
1226 3
1227 3
1228 2
1229 45
1230 1
1231 26
1232 8
1234 2
1235 3
1236 1
1237 5
1238 12
1239 12
1240 21
1241 2
1242 2
1243 1
1244 19
1245 1
1246 1
1247 3
1248 23
1249 3
1250 4
1251 7
1252 29
1253 22
1254 2
1255 4
1256 7
1257 35
1258 2
1259 12
1260 2
1261 5
1262 2
1263 2
1265 12
1266 38
1267 6
1268 10
1269 8
1270 2
1271 1
1272 49
1273 10
1274 7
1275 1
1276 10
1277 4
1278 37
1279 2
1280 2
1281 7
1282 5
1283 4
1284 2
1285 5
1286 11
1287 4
1288 9
1289 7
1290 26
1291 4
1292 4
1293 2
1294 4
1295 2
1296 19
1297 2
1298 3
1299 3
1300 3
1301 6
1302 2
1303 4
1304 7
1305 9
1306 1
1307 7
1308 2
1309 7
1310 5
1311 19
1312 8
1313 6
1314 3
1315 17
1316 2
1317 6
1318 3
1319 1
1320 1
1321 14
1322 30
1323 1
1324 2
1325 9
1326 3
1327 15
1328 1
1329 5
1330 5
1331 4
1332 2
1334 4
1335 5
1336 4
1337 2
1338 2
1339 7
1340 2
1341 10
1342 14
1343 5
1344 3
1345 1
1346 3
1347 20
1348 2
1349 5
1350 3
1351 11
1352 1
1353 33
1354 3
1355 14
1356 4
1357 1
1358 1
1359 6
1360 12
1361 67
1362 1
1363 9
1364 13
1365 4
1366 10
1367 1
1368 7
1369 10
1370 3
1371 4
1372 4
1373 3
1374 6
1375 3
1376 6
1377 1
1378 2
1379 2
1380 11
1382 12
1383 15
1384 6
1385 7
1386 2
1387 2
1388 2
1389 7
1390 2
1391 5
1392 10
1394 8
1395 2
1396 7
1397 11
1398 5
1399 17
1400 21
1401 6
1402 5
1403 7
1404 7
1405 4
1406 2
1407 3
1408 6
1409 6
1410 4
1411 6
1412 1
1413 22
1414 68
1415 4
1416 2
1417 8
1418 7
1419 3
1420 13
1421 6
1422 1
1423 5
1424 2
1425 3
1427 2
1428 2
1429 1
1430 15
1431 3
1432 5
1433 8
1434 2
1435 2
1436 4
1437 19
1438 1
1439 7
1440 3
1441 9
1442 7
1443 8
1445 3
1446 23
1447 8
1448 7
1449 6
1450 8
1451 7
1452 1
1453 12
1454 16
1455 6
1456 4
1457 5
1458 10
1459 3
1460 5
1461 1
1462 12
1463 10
1464 5
1465 3
1466 1
1467 2
1468 4
1469 12
1470 4
1471 1
1472 2
1473 6
1474 1
1475 7
1476 1
1477 14
1479 1
1480 5
1481 15
1482 1
1483 6
1484 1
1485 9
1486 7
1487 4
1488 3
1489 14
1490 4
1491 4
1492 3
1493 10
1494 10
1495 29
1496 7
1497 6
1498 18
1499 2
1500 3
1501 4
1502 3
1503 2
1504 20
1505 2
1506 22
1507 14
1508 8
1509 24
1510 61
1511 2
1512 3
1513 3
1514 7
1515 4
1516 49
1517 4
1518 15
1519 6
1520 13
1521 15
1522 9
1523 5
1524 4
1525 17
1526 7
1527 11
1528 2
1529 2
1530 5
1531 14
1532 4
1533 4
1534 2
1535 6
1536 2
1537 2
1538 4
1539 2
1540 18
1541 3
1542 15
1543 11
1545 11
1546 1
1547 1
1548 8
1549 3
1550 5
1551 3
1552 27
1553 2
1554 12
1555 1
1556 13
1557 2
1558 4
1559 10
1560 4
1561 15
1563 16
1564 11
1565 15
1566 1
1567 4
1568 1
1569 12
1570 2
1571 2
1572 4
1573 5
1574 82
1575 12
1576 1
1577 7
1578 1
1579 4
1580 2
1581 29
1582 5
1583 5
1584 2
1585 4
1586 6
1587 6
1588 3
1589 2
1590 18
1591 5
1592 3
1594 1
1595 10
1596 9
1597 3
1598 10
1599 9
1600 19
1601 16
1602 13
1603 2
1604 3
1605 1
1606 8
1607 9
1608 22
1609 1
1610 9
1611 3
1612 5
1613 1
1614 1
1615 9
1616 4
1617 12
1618 2
1619 1
1620 5
1621 7
1622 1
1623 11
1624 2
1625 12
1626 3
1627 4
1628 1
1629 19
1630 7
1631 7
1632 30
1633 2
1634 22
1635 4
1636 6
1637 15
1638 13
1639 6
1640 8
1641 1
1642 1
1643 4
1644 14
1645 7
1646 10
1647 10
1648 5
1649 9
1650 17
1651 4
1652 1
1653 9
1654 1
1655 3
1656 2
1657 4
1658 1
1659 5
1660 3
1661 11
1662 5
1663 1
1664 6
1665 12
1666 7
1667 2
1668 7
1669 48
1670 2
1671 4
1672 11
1673 10
1674 5
1675 1
1676 2
1677 4
1678 2
1679 1
1680 4
1681 5
1682 7
1683 4
1684 3
1685 2
1686 4
1687 2
1688 7
1689 1
1690 10
1691 6
1692 14
1693 4
1694 8
1695 22
1696 3
1697 1
1698 7
1699 7
1700 2
1701 3
1702 2
1703 11
1704 7
1705 1
1706 8
1707 1
1708 6
1709 6
1710 6
1711 2
1712 2
1713 3
1714 1
1715 15
1716 8
1717 3
1718 1
1719 27
1720 6
1721 6
1722 14
1723 17
1724 7
1725 7
1726 3
1727 12
1728 14
1729 1
1730 2
1731 8
1732 1
1733 7
1734 1
1735 30
1736 2
1737 4
1738 4
1740 1
1741 5
1742 10
1743 5
1744 14
1745 9
1746 3
1747 3
1748 7
1749 1
1750 8
1751 2
1752 7
1753 5
1754 3
1755 6
1756 20
1757 4
1758 3
1759 1
1760 1
1761 19
1762 2
1763 8
1764 6
1765 3
1766 5
1767 25
1768 6
1769 1
1770 15
1771 3
1772 9
1773 14
1774 12
1775 3
1776 8
1777 17
1778 1
1779 4
1780 1
1781 4
1782 5
1783 26
1784 5
1785 3
1786 8
1787 1
1788 2
1789 3
1790 10
1791 4
1792 3
1793 2
1794 7
1795 6
1796 3
1797 2
1798 23
1799 4
1800 27
1801 2
1802 24
1803 3
1804 5
1805 3
1806 25
1807 20
1808 9
1809 5
1810 2
1811 8
1812 1
1813 1
1814 6
1815 1
1816 10
1817 6
1818 4
1819 34
1820 15
1821 4
1822 3
1823 12
1824 3
1825 5
1826 16
1827 4
1828 6
1829 8
1830 6
1831 3
1832 13
1834 2
1835 1
1836 27
1837 1
1838 1
1839 4
1840 8
1841 8
1842 23
1843 2
1844 3
1846 19
1847 5
1848 6
1849 1
1850 2
1851 17
1852 3
1853 2
1854 2
1855 2
1856 1
1857 3
1858 1
1859 4
1860 2
1861 4
1862 3
1863 15
1864 23
1865 10
1866 3
1867 2
1868 4
1869 4
1870 3
1871 1
1872 1
1873 6
1874 9
1875 4
1876 22
1877 4
1878 6
1879 16
1880 3
1881 2
1882 5
1883 3
1884 7
1885 8
1886 2
1887 3
1888 8
1889 5
1890 1
1891 15
1892 6
1893 4
1894 2
1895 6
1896 3
1897 3
1898 17
1899 1
1900 8
1901 4
1902 1
1903 1
1904 5
1905 5
1906 4
1907 4
1908 2
1909 15
1910 2
1911 40
1912 3
1913 5
1914 3
1915 2
1916 2
1917 9
1918 5
1920 1
1921 16
1922 9
1923 1
1924 2
1925 4
1926 3
1927 2
1928 6
1929 16
1930 3
1931 10
1932 3
1934 5
1935 13
1936 3
1937 2
1938 4
1939 3
1940 1
1941 2
1942 31
1943 3
1944 8
1945 3
1946 5
1947 7
1948 5
1949 8
1950 5
1951 1
1952 9
1953 4
1954 1
1955 9
1956 2
1957 8
1958 5
1959 2
1960 2
1961 2
1962 2
1963 2
1964 3
1966 2
1967 8
1968 6
1969 9
1970 2
1971 6
1972 4
1973 3
1974 17
1975 5
1976 11
1977 1
1978 3
1979 3
1980 1
1981 11
1982 7
1983 15
1984 4
1985 24
1986 7
1987 6
1988 1
1989 5
1990 18
1991 1
1992 3
1993 43
1994 8
1995 4
1996 2
1997 1
1998 5
1999 1
2000 1
2001 14
2002 6
2003 1
2004 5
2005 18
2006 12
2007 6
2008 2
2009 1
2010 1
2011 13
2013 7
2014 6
2015 6
2016 6
2017 3
2018 2
2019 15
2020 3
2021 12
2022 9
2023 13
2024 4
2025 6
2026 1
2027 1
2028 2
2029 2
2030 15
2031 10
2032 16
2033 3
2034 11
2035 6
2036 8
2037 5
2038 5
2039 4
2040 13
2041 48
2042 4
2043 2
2044 10
2045 2
2046 15
2047 1
2048 7
2049 3
2050 21
2051 2
2052 3
2053 9
2054 2
2055 2
2056 29
2057 8
2058 10
2059 8
2060 5
2061 12
2062 1
2063 2
2064 2
2065 11
2066 7
2067 1
2068 7
2069 2
2071 3
2072 1
2073 1
2074 8
2075 2
2076 2
2078 4
2079 2
2080 2
2081 4
2082 3
2083 12
2084 11
2085 7
2086 1
2087 6
2089 48
2090 8
2091 5
2092 11
2093 1
2094 3
2095 19
2096 1
2097 43
2098 2
2099 3
2100 2
2101 14
2102 8
2103 3
2104 17
2105 6
2106 10
2107 3
2108 4
2109 16
2110 1
2111 2
2112 9
2113 12
2114 14
2115 8
2116 1
2117 5
2118 6
2119 2
2120 14
2121 4
2122 2
2123 10
2124 2
2125 5
2126 5
2127 7
2128 3
2129 5
2130 7
2131 7
2132 1
2133 13
2134 1
2135 11
2136 8
2137 2
2138 8
2139 4
2140 20
2141 3
2142 1
2143 20
2144 2
2145 26
2146 4
2147 8
2148 1
2149 7
2150 3
2151 1
2152 4
2153 8
2154 8
2155 3
2156 6
2157 5
2158 8
2159 3
2160 18
2161 2
2162 6
2163 1
2164 15
2165 2
2166 3
2167 5
2168 5
2169 5
2170 2
2171 9
2172 2
2173 3
2174 3
2175 2
2176 4
2177 5
2178 1
2179 14
2180 5
2181 3
2182 5
2183 1
2184 3
2185 2
2186 1
2187 3
2188 2
2189 2
2190 12
2191 3
2192 4
2194 1
2195 1
2196 1
2197 7
2198 3
2199 7
2201 6
2202 1
2203 26
2204 6
2205 2
2206 7
2207 4
2208 2
2209 3
2210 14
2211 2
2212 15
2213 5
2214 9
2215 6
2216 3
2217 19
2218 4
2219 14
2220 6
2221 6
2222 8
2223 2
2224 8
2225 1
2226 38
2227 1
2228 21
2229 6
2230 11
2231 3
2232 5
2233 16
2234 18
2235 26
2236 2
2237 5
2238 22
2239 2
2240 2
2241 1
2242 18
2243 5
2244 19
2245 5
2246 4
2247 2
2248 2
2249 1
2250 5
2251 7
2252 2
2253 13
2254 11
2255 14
2256 2
2257 5
2258 5
2259 5
2260 1
2261 13
2262 4
2263 1
2264 1
2265 16
2266 11
2267 2
2268 3
2269 7
2270 3
2271 5
2272 1
2273 5
2275 9
2276 1
2277 3
2278 3
2279 4
2280 6
2281 1
2282 1
2283 1
2284 6
2285 13
2286 3
2287 5
2288 1
2289 11
2290 3
2291 47
2292 9
2293 9
2294 1
2295 3
2296 8
2297 2
2298 4
2299 9
2300 2
2301 2
2302 18
2303 63
2304 12
2305 10
2306 5
2307 6
2308 11
2309 2
2310 1
2311 5
2312 11
2313 16
2314 3
2315 17
2316 6
2317 1
2318 6
2319 3
2320 2
2321 16
2322 5
2323 9
2324 4
2325 8
2326 2
2327 7
2328 9
2329 8
2330 1
2331 3
2332 14
2333 9
2334 2
2335 10
2336 2
2337 4
2338 23
2339 26
2340 2
2341 7
2342 13
2343 7
2344 7
2345 1
2346 15
2348 3
2350 1
2352 2
2353 8
2354 2
2355 12
2356 25
2357 4
2358 3
2359 4
2360 7
2361 10
2362 4
2363 6
2364 5
2365 3
2366 12
2367 4
2368 5
2369 3
2370 11
2371 3
2372 4
2373 2
2374 18
2375 4
2376 24
2377 3
2378 6
2379 8
2380 9
2381 28
2382 24
2383 14
2384 2
2385 6
2386 34
2387 17
2388 1
2389 1
2390 2
2391 5
2392 4
2393 11
2394 6
2395 14
2396 2
2397 3
2398 3
2399 5
2400 3
2401 8
2402 6
2403 1
2404 5
2405 6
2406 19
2407 4
2408 9
2409 6
2410 60
2411 3
2412 13
2413 2
2414 6
2415 6
2416 3
2417 6
2418 25
2419 9
2420 5
2421 6
2422 1
2423 9
2424 1
2425 9
2426 1
2427 6
2428 1
2429 21
2430 5
2431 7
2432 3
2433 12
2434 37
2435 6
2436 5
2437 6
2438 8
2439 5
2440 17
2441 10
2442 4
2443 4
2444 34
2445 8
2446 5
2447 7
2448 4
2449 6
2450 2
2451 13
2452 6
2453 7
2454 18
2455 5
2457 2
2458 12
2459 10
2460 4
2461 13
2462 4
2463 14
2464 6
2465 2
2466 6
2467 81
2468 21
2469 36
2470 7
2471 17
2472 1
2473 7
2474 3
2475 6
2476 15
2477 9
2478 6
2479 25
2480 4
2481 11
2482 6
2483 10
2484 19
2485 9
2486 6
2487 17
2488 4
2489 6
2490 4
2491 5
2492 3
2493 6
2494 9
2495 7
2496 4
2497 5
2498 26
2499 5
2500 19
2501 1
2502 3
2503 2
2504 2
2505 16
2506 7
2507 8
2508 2
2509 1
2510 25
2511 8
2512 2
2513 4
2514 7
2515 3
2517 3
2518 3
2519 9
2520 1
2521 6
2522 4
2523 2
2524 7
2525 3
2526 8
2527 3
2528 3
2529 3
2530 3
2531 24
2532 6
2533 13
2534 4
2535 5
2536 11
2537 3
2538 2
2539 2
2540 3
2541 15
2542 4
2543 5
2544 30
2545 16
2546 3
2547 2
2548 2
2549 8
2550 21
2551 4
2552 12
2553 15
2554 2
2555 8
2556 9
2557 8
2558 4
2559 8
2560 3
2561 10
2562 2
2563 3
2564 13
2565 9
2566 11
2567 1
2568 1
2569 5
2570 4
2571 4
2572 3
2573 6
2574 12
2575 2
2576 8
2578 1
2579 18
2580 3
2581 2
2583 19
2584 24
2585 2
2586 20
2587 8
2588 1
2589 9
2590 6
2591 4
2592 11
2593 3
2594 2
2595 5
2596 7
2598 3
2599 6
2600 2
2601 3
2602 9
2603 6
2604 9
2605 4
2606 2
2607 3
2608 4
2609 6
2610 6
2611 9
2612 2
2613 3
2614 21
2615 18
2616 10
2617 2
2618 12
2619 18
2620 9
2621 5
2622 10
2623 1
2624 7
2625 5
2626 1
2627 4
2628 7
2629 8
2630 1
2631 1
2632 8
2633 3
2634 9
2635 12
2636 5
2637 5
2638 3
2639 1
2640 14
2641 10
2642 4
2643 4
2644 2
2646 6
2647 30
2648 3
2649 3
2650 6
2651 1
2652 2
2653 7
2654 5
2655 3
2656 2
2657 2
2658 4
2659 8
2660 5
2661 4
2662 3
2663 3
2664 20
2665 5
2666 3
2667 2
2668 5
2669 3
2670 5
2671 8
2672 5
2673 2
2674 4
2675 10
2676 16
2677 2
2678 3
2679 24
2680 31
2681 3
2682 5
2683 6
2684 4
2685 5
2686 2
2687 11
2688 12
2689 9
2690 11
2691 10
2692 1
2693 5
2694 9
2695 3
2696 7
2697 4
2698 1
2699 16
2700 12
2701 5
2702 5
2703 9
2704 1
2705 2
2706 6
2707 1
2708 1
2709 6
2710 1
2711 1
2713 20
2714 3
2715 1
2716 17
2717 6
2718 1
2719 1
2720 8
2721 9
2722 1
2723 18
2724 7
2725 12
2726 11
2727 9
2728 2
2729 9
2730 10
2731 13
2732 5
2733 1
2734 5
2735 2
2736 8
2737 1
2738 3
2739 2
2740 3
2741 8
2742 8
2743 12
2744 8
2745 7
2746 20
2747 23
2748 4
2749 3
2750 1
2751 2
2752 1
2753 4
2754 9
2755 1
2756 1
2757 5
2758 21
2759 12
2760 4
2761 7
2762 2
2763 16
2764 3
2765 3
2766 3
2767 7
2768 2
2769 2
2770 2
2771 4
2772 4
2773 6
2774 18
2775 3
2776 6
2777 4
2778 2
2779 3
2780 4
2781 2
2782 9
2783 3
2784 6
2786 1
2787 1
2788 2
2789 4
2790 10
2791 3
2792 5
2793 9
2794 3
2795 8
2796 6
2797 1
2798 14
2799 2
2800 1
2801 2
2802 36
2803 2
2804 4
2805 2
2806 4
2807 2
2808 9
2809 1
2811 3
2812 17
2813 11
2814 10
2815 2
2816 2
2817 2
2818 17
2819 8
2820 5
2821 3
2822 1
2824 12
2825 6
2826 6
2827 4
2829 2
2830 6
2831 16
2832 18
2833 3
2834 3
2835 6
2836 6
2837 1
2838 2
2839 10
2840 23
2841 11
2842 4
2843 2
2844 9
2845 11
2846 3
2847 5
2848 8
2849 23
2850 7
2851 5
2852 2
2853 7
2854 11
2855 3
2856 1
2857 20
2858 2
2859 19
2860 2
2861 30
2862 9
2863 6
2864 6
2865 15
2866 4
2867 7
2868 8
2869 2
2870 6
2871 2
2872 1
2873 18
2874 4
2875 1
2876 40
2877 1
2878 15
2879 1
2880 3
2881 11
2882 7
2883 1
2884 4
2885 1
2886 23
2887 5
2889 8
2890 20
2891 11
2892 4
2893 4
2894 6
2895 6
2896 18
2897 9
2898 2
2899 1
2900 2
2901 20
2902 2
2903 4
2904 9
2905 2
2906 2
2907 4
2908 12
2909 3
2910 2
2911 14
2912 14
2913 2
2914 4
2915 14
2916 113
2917 4
2918 4
2919 13
2920 3
2921 10
2922 8
2923 10
2924 9
2925 12
2926 8
2927 4
2928 3
2929 2
2930 3
2931 8
2932 5
2933 19
2934 12
2935 9
2936 19
2937 1
2938 28
2939 38
2940 4
2941 1
2942 2
2943 8
2944 5
2945 1
2946 8
2947 2
2948 4
2949 10
2950 1
2951 9
2952 6
2953 6
2954 26
2955 2
2956 19
2957 10
2958 3
2959 9
2960 8
2961 4
2962 10
2963 2
2964 6
2965 1
2966 11
2968 8
2969 1
2970 4
2971 13
2972 8
2973 3
2974 14
2975 3
2976 2
2977 1
2978 8
2979 4
2980 2
2981 4
2982 14
2983 17
2984 9
2985 8
2986 3
2987 11
2988 2
2989 7
2990 4
2991 9
2992 3
2993 5
2994 7
2995 1
2996 11
2997 1
2998 11
2999 5
3000 3
3001 4
3002 2
3003 57
3004 15
3005 2
3006 1
3007 9
3008 5
3009 3
3010 2
3011 6
3012 1
3013 5
3014 9
3015 1
3016 19
3017 12
3018 7
3019 4
3020 8
3021 1
3022 4
3023 19
3024 21
3025 4
3026 3
3027 12
3028 11
3029 4
3030 5
3031 6
3032 4
3033 10
3034 3
3035 5
3036 8
3037 6
3038 8
3039 2
3040 3
3041 11
3042 1
3043 2
3044 12
3045 18
3046 1
3047 7
3048 5
3049 6
3050 2
3051 5
3052 4
3053 4
3054 2
3055 2
3056 4
3057 28
3058 25
3059 3
3060 2
3061 7
3062 5
3063 8
3064 8
3065 12
3066 5
3067 7
3068 6
3069 3
3070 1
3071 6
3072 7
3073 1
3074 3
3075 7
3076 2
3077 3
3078 3
3079 9
3080 5
3081 20
3082 4
3083 4
3084 1
3085 13
3086 6
3087 6
3088 4
3089 7
3091 9
3092 10
3093 3
3094 2
3095 30
3096 31
3097 4
3098 10
3099 1
3100 27
3101 8
3102 10
3103 3
3104 11
3105 11
3106 3
3107 6
3108 7
3109 2
3110 58
3111 5
3112 62
3113 49
3114 34
3115 43
3116 36
3117 102
3118 31
3119 20
3120 320
3121 20
3122 25
3123 13
3124 57
3125 4
3126 6
3127 13
3128 8
3129 15
3130 8
3131 2
3132 1
3133 45
3134 5
3135 2
3136 12
3137 2
3138 6
3139 7
3140 7
3141 30
3142 3
3143 38
3144 10
3145 4
3146 5
3147 8
3148 3
3149 5
3150 14
3151 3
3152 6
3153 8
3154 1
3155 14
3156 12
3157 1
3158 3
3159 1
3160 5
3161 8
3162 7
3163 2
3164 16
3165 18
3166 7
3167 8
3168 21
3169 2
3170 2
3171 2
3172 46
3173 13
3174 16
3175 1
3176 3
3177 3
3178 9
3179 3
3180 6
3181 3
3182 7
3183 3
3184 13
3185 8
3186 2
3187 25
3188 2
3189 23
3190 2
3191 7
3192 4
3193 10
3194 6
3195 12
3196 17
3197 2
3198 41
3199 5
3200 2
3201 2
3202 5
3203 5
3204 8
3205 6
3206 6
3207 14
3208 30
3209 6
3210 9
3211 9
3212 10
3213 8
3214 2
3215 8
3216 11
3217 1
3218 4
3219 7
3220 19
3221 4
3222 8
3223 2
3224 7
3225 6
3226 3
3227 5
3228 4
3229 33
3230 7
3231 27
3232 1
3233 13
3234 9
3235 3
3236 12
3237 57
3238 2
3239 13
3240 10
3241 5
3242 7
3243 64
3244 16
3245 6
3246 12
3247 5
3248 13
3249 3
3250 1
3251 2
3252 5
3253 3
3254 3
3255 8
3256 27
3257 10
3258 3
3259 20
3260 11
3261 9
3262 6
3263 4
3264 7
3265 6
3266 3
3267 22
3268 2
3269 11
3270 12
3271 1
3272 3
3273 8
3274 50
3275 4
3276 4
3277 4
3278 3
3279 4
3280 15
3281 8
3282 11
3283 3
3284 3
3285 1
3286 2
3287 4
3288 4
3289 8
3290 14
3291 15
3292 12
3293 3
3294 4
3295 4
3296 1
3297 7
3298 8
3299 3
3300 16
3301 2
3302 1
3303 7
3304 11
3305 4
3306 4
3307 10
3308 2
3309 6
3310 5
3311 4
3312 21
3313 14
3314 5
3315 12
3316 9
3317 6
3318 6
3319 4
3320 2
3321 10
3322 9
3323 36
3324 9
3325 4
3326 9
3327 6
3328 2
3329 1
3331 9
3332 7
3333 11
3334 4
3335 20
3336 6
3337 12
3338 18
3339 3
3340 16
3341 5
3342 8
3343 5
3344 17
3345 2
3346 8
3347 6
3348 45
3349 1
3350 19
3351 16
3352 23
3353 21
3354 3
3355 4
3356 2
3357 7
3358 3
3359 23
3360 18
3361 11
3362 1
3363 12
3364 16
3365 4
3366 7
3367 16
3368 4
3369 2
3370 2
3371 7
3372 2
3373 9
3374 2
3375 4
3376 7
3377 10
3378 5
3379 7
3380 6
3381 1
3382 14
3383 3
3384 2
3385 7
3386 6
3387 3
3388 32
3389 20
3390 11
3391 5
3392 8
3393 15
3394 4
3395 3
3396 16
3397 5
3398 2
3399 11
3400 4
3401 3
3402 3
3403 12
3404 5
3405 7
3406 1
3407 3
3408 4
3409 11
3410 14
3411 4
3412 16
3413 5
3414 6
3415 3
3417 5
3418 8
3419 6
3420 11
3421 2
3422 17
3423 7
3424 12
3425 9
3426 4
3427 3
3428 2
3429 4
3430 10
3431 15
3432 5
3433 19
3434 1
3435 3
3436 9
3437 13
3438 7
3439 16
3440 4
3441 4
3442 22
3443 9
3444 5
3445 30
3446 3
3447 10
3448 3
3449 2
3450 27
3452 5
3453 6
3454 3
3455 10
3456 13
3457 9
3458 6
3459 7
3460 3
3461 2
3462 5
3463 13
3464 25
3465 14
3466 9
3467 3
3468 2
3469 19
3470 5
3471 2
3472 12
3473 10
3474 18
3475 6
3476 31
3477 12
3478 6
3479 13
3480 5
3481 5
3482 2
3483 9
3484 7
3485 28
3486 11
3487 17
3488 4
3489 14
3490 23
3491 17
3492 20
3493 5
3494 5
3495 10
3496 17
3497 13
3498 26
3499 15
3500 55
3501 1
3502 9
3503 2
3504 16
3505 4
3506 5
3507 20
3508 2
3509 10
3510 5
3511 3
3512 2
3513 10
3514 3
3515 3
3516 4
3517 11
3518 17
3519 95
3520 2
3521 2
3522 24
3523 3
3524 2
3525 20
3526 24
3527 4
3528 2
3529 6
3530 33
3531 15
3532 3
3533 5
3534 3
3535 9
3536 5
3537 5
3538 16
3539 4
3540 20
3541 148
3542 15
3543 5
3544 16
3545 6
3546 16
3547 3
3548 23
3549 1
3550 18
3551 1
3552 20
3553 14
3554 10
3555 4
3556 3
3557 5
3558 2
3559 6
3560 21
3561 2
3562 11
3563 3
3564 1
3565 12
3566 11
3567 7
3568 5
3569 42
3570 3
3571 29
3572 3
3573 7
3574 8
3575 3
3576 4
3577 2
3578 1
3579 1
3580 11
3581 8
3582 4
3583 1
3584 3
3585 3
3586 63
3587 6
3588 17
3589 45
3590 49
3591 3
3592 16
3593 16
3594 4
3595 2
3596 20
3597 12
3598 13
3599 60
3600 2
3601 11
3602 14
3603 3
3604 3
3605 28
3606 4
3607 3
3608 2
3609 4
3610 18
3611 3
3612 1
3613 3
3614 15
3615 4
3616 65
3617 3
3618 4
3619 6
3620 14
3621 1
3622 16
3623 7
3624 2
3626 9
3627 5
3628 5
3629 17
3630 25
3631 1
3632 22
3633 32
3634 2
3635 1
3636 2
3637 4
3638 10
3639 4
3640 13
3641 5
3642 9
3643 4
3644 26
3645 3
3646 11
3647 13
3648 4
3649 20
3650 10
3651 8
3652 16
3653 15
3654 38
3655 7
3656 14
3657 4
3658 17
3659 2
3660 4
3661 1
3662 17
3663 7
3664 9
3665 4
3666 3
3667 27
3668 14
3669 2
3670 11
3671 19
3672 3
3673 8
3674 2
3675 7
3676 7
3677 4
3678 12
3679 8
3680 18
3681 3
3682 18
3683 18
3684 3
3685 12
3686 7
3687 38
3688 33
3689 14
3690 2
3691 20
3692 6
3693 2
3694 6
3695 3
3696 3
3697 5
3698 2
3699 2
3700 35
3701 3
3702 6
3703 26
3704 4
3705 7
3706 15
3707 4
3708 6
3709 8
3710 7
3711 13
3712 4
3713 14
3714 6
3715 9
3716 18
3717 2
3718 12
3719 12
3720 11
3721 31
3722 10
3723 1
3724 5
3725 2
3726 29
3727 4
3728 2
3729 15
3730 1
3731 3
3732 17
3733 21
3734 1
3735 11
3736 5
3737 20
3738 27
3739 13
3740 5
3741 4
3742 11
3743 4
3744 6
3745 20
3746 7
3747 2
3748 26
3749 15
3750 13
3751 22
3752 3
3753 13
3754 2
3755 8
3756 3
3757 4
3758 2
3759 3
3760 2
3761 8
3762 139
3763 7
3764 13
3765 14
3766 16
3767 8
3768 2
3769 8
3770 22
3771 24
3772 8
3773 6
3774 13
3775 1
3776 1
3777 2
3778 4
3779 7
3780 2
3781 135
3782 1
3783 1
3784 6
3785 6
3786 70
3787 24
3788 2
3789 12
3790 1
3791 48
3792 60
3793 18
3794 18
3795 4
3796 44
3797 86
3798 3
3799 11
3800 1
3801 28
3802 32
3803 56
3804 31
3805 2
3806 41
3807 105
3808 3
3809 401
3810 25
3811 13
3812 6
3813 9
3814 9
3815 21
3816 8
3817 1
3818 7
3819 6
3820 8
3821 13
3822 34
3823 88
3824 9
3825 58
3826 9
3827 6
3828 32
3829 35
3830 6
3831 22
3832 14
3833 8
3834 12
3835 80
3836 12
3837 83
3838 4
3839 1
3840 62
3841 7
3842 40
3843 3
3844 25
3845 5
3846 38
3847 29
3848 6
3849 7
3850 22
3851 10
3852 2
3853 10
3854 4
3855 3
3856 20
3857 13
3858 27
3859 35
3860 16
3861 33
3862 23
3863 24
3864 10
3865 40
3866 14
3867 6
3868 11
3869 16
3870 38
3871 9
3872 3
3873 35
3874 13
3875 3
3876 14
3877 92
3878 19
3879 27
3880 32
3881 27
3882 6
3883 14
3884 23
3885 17
3886 35
3887 58
3888 5
3889 25
3890 11
3891 5
3892 4
3893 56
3894 4
3895 5
3896 20
3897 11
3898 7
3899 8
3900 39
3901 13
3902 13
3903 21
3904 37
3905 2
3906 10
3907 20
3908 16
3909 4
3910 8
3911 64
3912 7
3913 11
3914 16
3915 9
3916 19
3917 2
3918 12
3919 10
3920 6
3921 19
3922 17
3923 26
3924 32
3925 13
3926 44
3927 72
3928 12
3929 13
3930 94
3931 15
3932 54
3933 25
3934 20
3935 66
3936 29
3937 13
3938 71
3939 11
3940 43
3941 42
3942 22
3943 5
3944 35
3945 29
3946 24
3947 10
3948 7
3949 3
3950 4
3951 6
3952 5
3953 1
3954 13
3955 10
3956 3
3957 2
3958 9
3959 7
3960 17
3961 22
3962 5
3963 22
3964 13
3965 3
3966 31
3967 1
3968 10
3969 6
3970 29
3971 5
3972 8
3973 25
3974 9
3975 27
3976 6
3977 3
3978 9
3979 12
3980 13
3981 15
3982 10
3983 7
3984 14
3985 14
3986 12
3987 47
3988 5
3989 2
3990 8
3991 4
3992 20
3993 4
3994 15
3995 71
3996 3
3997 5
3998 4
3999 14
4000 3
4001 12
4002 29
4003 4
4004 11
4005 4
4006 49
4007 44
4008 23
4009 1
4010 5
4011 11
4012 5
4013 15
4014 71
4015 40
4016 9
4017 6
4018 4
4019 22
4020 12
4021 25
4022 3
4023 39
4024 14
4025 19
4026 3
4027 13
4028 1
4029 9
4030 1
4031 12
4032 2
4033 6
4034 17
4035 18
4036 15
4038 6
4039 9
4040 4
4041 17
4042 5
4043 5
4044 3
4045 3
4046 8
4047 56
4048 3
4049 75
4050 26
4051 14
4052 26
4053 15
4054 1
4055 47
4056 5
4057 49
4058 23
4059 7
4060 18
4061 44
4062 4
4063 14
4064 9
4065 6
4066 7
4067 4
4068 1
4069 2
4070 8
4071 6
4072 8
4073 3
4074 5
4075 6
4076 36
4077 4
4078 18
4079 12
4080 3
4081 4
4082 7
4083 10
4084 7
4085 7
4086 5
4087 12
4088 6
4089 1
4090 5
4091 1
4092 8
4093 9
4094 3
4095 5
4096 4
4097 16
4098 11
4099 2
4100 10
4101 13
4102 3
4103 2
4104 7
4105 4
4106 2
4107 10
4108 3
4109 4
4110 1
4111 7
4112 4
4113 16
4114 4
4115 2
4116 15
4117 1
4118 3
4119 17
4120 8
4121 12
4122 3
4123 13
4124 1
4125 19
4126 3
4127 1
4128 5
4129 4
4130 3
4131 11
4132 2
4133 5
4134 13
4135 9
4136 3
4137 10
4138 5
4139 2
4140 9
4141 17
4142 1
4143 4
4144 9
4145 13
4146 6
4147 5
4148 7
4149 2
4150 13
4151 4
4152 9
4153 2
4154 3
4155 13
4156 12
4157 9
4158 6
4159 5
4160 14
4161 6
4162 2
4163 2
4164 19
4165 1
4166 24
4167 13
4168 13
4169 3
4170 4
4171 16
4172 1
4173 7
4174 158
4175 7
4176 13
4177 6
4178 15
4179 4
4180 10
4181 6
4182 1
4183 5
4184 8
4185 5
4186 44
4187 3
4188 11
4189 229
4190 2
4191 18
4192 9
4193 35
4194 7
4195 30
4196 47
4197 6
4198 21
4199 10
4200 21
4201 11
4202 17
4203 46
4204 29
4205 10
4206 9
4207 54
4208 21
4209 69
4210 25
4211 5
4212 21
4213 41
4214 12
4215 7
4216 13
4217 9
4218 7
4219 15
4220 8
4221 5
4222 7
4223 9
4224 34
4225 18
4226 4
4227 16
4228 11
4229 3
4230 29
4231 8
4232 2
4233 2
4234 2
4235 2
4236 2
4237 31
4238 3
4239 33
4240 23
4241 28
4242 5
4243 3
4244 14
4245 75
4246 56
4247 16
4248 19
4249 4
4250 39
4251 14
4252 8
4253 16
4254 32
4255 9
4256 15
4257 33
4258 11
4259 2
4260 31
4261 9
4262 51
4263 37
4264 12
4265 53
4266 9
4267 82
4268 8
4269 7
4270 3
4271 6
4272 6
4273 11
4274 16
4275 43
4276 71
4277 13
4278 28
4279 86
4280 18
4281 22
4282 11
4283 71
4284 56
4285 16
4286 25
4287 5
4288 7
4289 9
4290 7
4291 7
4292 8
4293 26
4294 27
4295 8
4296 8
4297 28
4298 21
4299 27
4300 18
4302 35
4303 14
4304 7
4305 20
4306 21
4307 33
4308 4
4309 1
4310 8
4311 5
4312 5
4313 6
4314 4
4316 3
4317 9
4318 3
4319 2
4320 24
4321 4
4322 3
4323 32
4324 3
4325 1
4326 5
4327 4
4328 4
4329 11
4330 5
4331 7
4332 1
4333 6
4334 3
4335 2
4336 8
4337 6
4338 7
4339 3
4340 4
4341 2
4342 3
4343 3
4344 3
4345 9
4346 9
4347 7
4348 5
4349 2
4350 2
4351 2
4352 2
4353 4
4354 6
4355 2
4356 4
4357 3
4358 18
4359 2
4360 7
4361 8
4362 6
4363 5
4364 5
4365 2
4366 4
4367 3
4368 2
4369 4
4370 11
4371 9
4372 11
4373 2
4375 4
4376 4
4377 11
4378 12
4379 4
4380 4
4381 6
4382 2
4383 1
4384 3
4385 8
4386 6
4387 8
4388 1
4389 2
4390 1
4391 7
4392 2
4393 2
4394 1
4395 6
4396 9
4397 5
4398 5
4399 1
4401 3
4402 4
4403 9
4404 3
4405 2
4406 3
4407 5
4408 8
4409 3
4410 2
4412 11
4413 27
4414 1
4415 3
4416 2
4417 8
4418 3
4419 12
4420 3
4421 3
4422 4
4423 2
4424 1
4425 2
4426 9
4427 2
4428 8
4429 5
4430 4
4431 2
4432 1
4433 4
4434 5
4435 8
4436 2
4437 3
4438 1
4439 1
4440 1
4441 4
4442 3
4443 4
4444 5
4445 1
4446 6
4447 1
4448 4
4449 3
4450 8
4451 14
4452 8
4453 24
4454 1
4455 2
4456 3
4457 2
4458 2
4459 1
4460 3
4461 2
4462 6
4463 1
4464 4
4465 4
4466 1
4467 1
4468 5
4469 25
4470 1
4471 12
4472 4
4473 2
4474 4
4475 1
4476 1
4477 3
4478 6
4479 11
4480 2
4481 1
4482 5
4483 1
4484 2
4485 1
4486 5
4487 4
4488 3
4489 7
4490 3
4491 2
4492 2
4493 4
4494 2
4495 3
4496 6
4497 4
4498 6
4499 2
4500 1
4501 1
4502 10
4503 6
4504 1
4505 4
4506 7
4507 3
4508 13
4509 3
4510 5
4511 6
4513 3
4514 8
4515 4
4516 7
4517 4
4518 4
4519 4
4520 2
4521 3
4522 5
4523 2
4524 4
4525 9
4526 2
4527 8
4528 2
4529 3
4530 2
4531 2
4532 2
4533 7
4534 1
4535 7
4536 12
4538 1
4539 5
4540 1
4541 1
4542 5
4543 12
4544 8
4545 6
4546 11
4547 5
4548 26
4549 3
4550 1
4551 2
4552 2
4553 5
4554 45
4555 12
4556 5
4557 7
4558 3
4559 7
4560 9
4561 12
4562 4
4563 7
4564 4
4565 3
4566 7
4567 3
4568 4
4569 3
4570 9
4571 8
4572 4
4573 2
4574 1
4575 2
4576 3
4577 4
4578 6
4579 10
4580 2
4581 16
4582 3
4583 8
4584 9
4585 18
4586 1
4587 2
4588 1
4589 4
4590 2
4591 5
4592 5
4593 2
4594 4
4595 1
4596 9
4597 2
4598 4
4599 10
4600 10
4601 13
4602 6
4603 3
4604 2
4605 6
4606 7
4607 2
4608 4
4609 3
4610 1
4611 4
4612 1
4613 2
4614 4
4615 5
4616 3
4617 9
4618 16
4619 2
4620 11
4621 11
4622 9
4623 8
4624 6
4625 4
4626 2
4627 1
4628 8
4629 4
4630 11
4631 1
4632 1
4633 27
4635 1
4636 8
4637 3
4638 3
4639 3
4640 7
4641 3
4642 32
4643 8
4644 18
4645 1
4646 6
4647 10
4648 7
4650 10
4651 11
4652 3
4653 5
4654 2
4655 5
4656 5
4657 3
4658 18
4659 6
4660 5
4661 10
4662 6
4663 1
4664 8
4665 2
4666 1
4667 1
4668 2
4669 26
4670 15
4671 3
4672 9
4673 7
4674 1
4675 15
4676 7
4677 1
4678 5
4679 4
4680 8
4681 6
4682 16
4683 6
4684 4
4685 11
4686 2
4687 5
4689 6
4690 3
4691 8
4692 2
4693 26
4694 3
4695 8
4696 4
4697 10
4698 12
4699 11
4700 78
4701 5
4702 4
4703 1
4704 28
4705 15
4706 9
4707 16
4708 10
4709 29
4710 12
4711 7
4712 10
4713 13
4714 6
4715 18
4716 31
4717 7
4718 14
4719 20
4720 22
4721 7
4722 14
4723 2
4724 27
4725 8
4726 21
4727 6
4728 9
4729 17
4730 19
4731 13
4732 12
4733 29
4734 11
4735 8
4736 14
4737 13
4738 9
4739 4
4740 5
4741 20
4742 21
4743 9
4744 16
4745 18
4746 18
4747 22
4748 18
4749 8
4750 112
4751 13
4752 8
4753 20
4754 24
4755 8
4756 16
4757 40
4758 20
4759 10
4760 5
4761 7
4762 17
4763 27
4764 29
4765 7
4766 23
4767 17
4768 20
4769 34
4770 18
4771 6
4772 9
4773 14
4774 4
4775 16
4776 31
4777 2
4778 19
4779 35
4780 5
4781 30
4782 3
4783 42
4784 19
4785 7
4786 47
4787 10
4788 6
4789 42
4790 16
4791 15
4792 14
4793 6
4794 14
4795 32
4796 1
4797 3
4799 9
4800 58
4801 31
4802 42
4803 7
4804 63
4805 24
4806 7
4807 39
4808 1
4809 8
4810 43
4811 119
4812 10
4813 102
4814 5
4815 26
4816 41
4817 54
4818 10
4819 9
4820 36
4821 25
4822 3
4823 10
4824 12
4825 30
4826 26
4827 3
4828 4
4829 11
4830 4
4831 82
4832 32
4833 56
4834 31
4835 129
4836 88
4837 73
4838 74
4839 18
4840 6
4841 12
4842 85
4843 118
4844 109
4845 54
4846 5
4847 14
4848 62
4849 35
4850 90
4851 135
4852 54
4853 24
4854 15
4855 8
4856 16
4857 75
4858 39
4859 66
4860 4
4861 5
4862 63
4863 27
4864 24
4865 10
4866 65
4867 5
4868 61
4869 11
4870 7
4871 8
4872 52
4873 7
4874 32
4875 16
4876 40
4877 71
4878 5
4879 58
4880 40
4881 35
4882 76
4883 9
4884 12
4885 32
4886 7
4887 12
4888 10
4889 32
4890 111
4891 68
4892 15
4893 12
4894 7
4895 35
4896 31
4897 30
4898 9
4899 17
4900 47
4901 161
4902 6
4903 21
4904 2
4905 7
4906 13
4907 19
4908 14
4909 1
4910 2
4911 10
4912 22
4913 43
4914 7
4915 50
4916 39
4917 22
4918 14
4919 28
4920 54
4921 8
4922 10
4923 7
4924 16
4925 20
4926 17
4927 2
4928 27
4929 16
4930 10
4931 15
4932 41
4933 12
4934 11
4935 15
4936 1
4937 7
4938 3
4939 4
4940 92
4941 11
4942 4
4943 5
4944 9
4945 14
4946 50
4947 4
4948 7
4949 4
4950 28
4951 13
4952 27
4953 2
4954 16
4955 7
4956 3
4957 38
4958 6
4959 8
4960 8
4961 1
4962 1
4963 19
4964 4
4965 2
4966 18
4967 7
4968 42
4969 11
4970 10
4971 11
4972 99
4973 11
4974 12
4975 1
4976 7
4977 2
4978 16
4979 19
4980 13
4981 29
4982 9
4983 11
4984 37
4985 6
4986 17
4987 5
4988 22
4989 13
4990 6
4991 26
4992 105
4993 4
4994 2
4995 17
4996 4
4997 6
4998 5
4999 19
5000 12
5001 18
5002 5
5003 12
5004 7
5005 18
5006 18
5007 89
5008 77
5009 16
5010 10
5011 11
5012 3
5013 7
5014 7
5015 4
5016 25
5017 14
5018 12
5019 26
5020 4
5021 5
5022 7
5023 4
5024 9
5025 3
5026 3
5027 9
5028 51
5029 8
5030 7
5031 3
5032 27
5033 6
5034 6
5035 8
5036 11
5037 9
5038 3
5039 13
5040 20
5041 3
5042 1
5043 13
5044 3
5045 25
5046 8
5047 9
5048 4
5049 8
5050 6
5051 3
5052 12
5053 31
5054 11
5055 5
5056 8
5057 21
5058 20
5059 5
5060 3
5061 5
5062 191
5063 4
5064 7
5065 60
5066 6
5067 7
5068 7
5069 9
5070 39
5071 17
5072 12
5073 3
5074 7
5075 33
5076 6
5077 24
5078 11
5079 10
5080 14
5081 14
5082 28
5083 4
5084 17
5085 6
5086 6
5087 4
5088 4
5089 18
5090 1
5091 1
5092 9
5093 11
5094 1
5095 9
5096 9
5097 6
5098 2
5099 6
5100 7
5101 8
5102 1
5103 7
5104 4
5105 2
5106 17
5107 5
5108 9
5109 12
5110 9
5111 16
5112 2
5113 20
5114 7
5115 12
5116 42
5117 11
5118 27
5119 30
5120 6
5121 4
5122 2
5123 15
5124 7
5125 4
5126 12
5127 63
5128 11
5129 29
5130 31
5131 33
5132 1
5133 5
5134 2
5135 3
5136 2
5137 19
5138 5
5139 7
5140 5
5141 7
5142 8
5143 4
5144 1
5145 3
5146 15
5147 10
5148 3
5149 5
5150 1
5151 8
5152 2
5153 8
5154 2
5155 1
5156 21
5157 1
5158 2
5159 4
5160 7
5161 12
5162 1
5163 7
5164 8
5165 9
5166 3
5167 2
5168 7
5169 1
5170 1
5171 5
5172 8
5173 8
5174 6
5175 19
5176 73
5177 1
5178 4
5179 3
5180 7
5181 1
5182 2
5183 5
5184 1
5185 2
5186 4
5187 6
5188 26
5189 17
5190 11
5191 7
5192 2
5193 4
5194 5
5195 1
5196 19
5197 32
5198 82
5199 18
5200 8
5201 33
5202 2
5203 7
5204 14
5205 6
5206 12
5207 40
5208 18
5209 37
5210 10
5211 10
5212 3
5213 8
5214 7
5215 39
5216 22
5217 12
5218 8
5219 13
5220 27
5221 9
5222 3
5223 2
5224 13
5225 22
5226 4
5227 2
5228 7
5229 4
5230 4
5231 3
5232 12
5233 2
5234 1
5235 1
5236 9
5237 6
5238 4
5240 10
5241 7
5242 7
5243 30
5245 1
5246 2
5247 1
5248 22
5249 54
5250 5
5251 28
5252 69
5253 36
5254 14
5255 29
5256 3
5257 38
5258 49
5259 34
5260 25
5261 30
5262 5
5263 10
5264 22
5265 19
5266 17
5267 13
5268 9
5269 3
5270 7
5271 3
5272 4
5273 17
5274 6
5275 12
5276 2
5277 4
5278 16
5279 12
5280 4
5281 6
5282 10
5283 3
5284 2
5285 2
5286 23
5287 8
5288 2
5289 3
5290 4
5291 2
5292 2
5293 6
5294 15
5295 6
5296 4
5297 15
5298 2
5299 2
5300 27
5301 1
5302 4
5303 2
5304 1
5305 79
5306 27
5307 16
5308 16
5309 14
5310 27
5311 58
5312 6
5313 2
5314 18
5315 48
5316 66
5317 7
5318 6
5319 35
5320 15
5321 5
5322 7
5323 34
5324 3
5325 29
5326 8
5327 15
5328 18
5329 19
5330 29
5331 5
5332 13
5333 11
5334 7
5335 5
5336 5
5337 29
5338 40
5339 41
5340 3
5341 9
5342 33
5343 23
5344 38
5345 33
5346 1
5347 23
5348 1
5349 44
5350 22
5351 38
5352 6
5353 12
5354 1
5355 4
5356 11
5357 10
5358 29
5359 48
5360 19
5361 17
5362 15
5363 26
5364 28
5365 7
5366 2
5367 23
5368 6
5369 30
5370 84
5371 33
5372 40
5373 9
5374 30
5375 21
5376 12
5377 11
5378 8
5379 2
5380 1
5381 56
5382 1
5383 26
5384 8
5385 31
5386 33
5387 39
5388 48
5389 14
5390 2
5391 23
5392 1
5393 21
5394 20
5395 28
5396 32
5397 41
5398 4
5399 13
5400 14
5401 30
5402 11
5403 15
5404 3
5405 5
5406 4
5407 28
5408 20
5409 2
5410 2
5411 33
5412 2
5413 27
5414 36
5415 32
5416 46
5417 1
5418 2
5419 29
5420 40
5421 13
5422 4
5423 8
5424 92
5425 7
5426 10
5427 26
5428 10
5429 21
5430 14
5431 8
5432 4
5433 4
5434 29
5435 21
5436 3
5437 34
5438 14
5439 47
5440 2
5441 4
5442 6
5443 7
5444 9
5445 5
5446 1
5447 1
5448 4
5449 18
5450 6
5451 1
5452 1
5453 3
5454 12
5455 9
5456 40
5457 6
5458 9
5459 4
5460 4
5461 11
5462 17
5463 18
5465 41
5466 14
5467 25
5468 42
5469 15
5470 8
5471 3
5472 9
5473 33
5474 3
5475 12
5476 4
5477 4
5478 3
5479 1
5480 31
5481 27
5482 34
5483 4
5484 35
5485 2
5486 3
5487 5
5488 3
5489 6
5490 6
5491 18
5492 3
5493 2
5494 9
5495 11
5497 3
5498 3
5499 1
5500 3
5501 8
5502 2
5503 1
5504 9
5505 2
5506 3
5507 15
5508 7
5509 12
5510 4
5511 8
5512 7
5513 13
5514 9
5515 13
5516 20
5517 12
5518 8
5519 7
5520 10
5521 15
5522 19
5523 18
5524 24
5525 50
5526 22
5527 11
5528 3
5529 8
5530 7
5531 5
5532 41
5533 10
5534 5
5535 10
5536 3
5537 4
5538 3
5539 55
5540 39
5541 23
5542 2
5543 4
5544 31
5545 50
5546 12
5547 11
5548 44
5549 28
5550 9
5551 6
5552 1
5553 34
5554 45
5555 6
5556 14
5557 19
5558 10
5559 16
5560 12
5561 2
5562 5
5563 3
5564 33
5565 17
5566 7
5567 5
5568 6
5569 10
5570 9
5571 2
5573 10
5574 10
5575 4
5576 2
5577 6
5578 1
5579 1
5580 10
5581 30
5582 4
5583 1
5584 3
5585 1
5586 20
5587 8
5588 5
5589 6
5590 14
5591 3
5592 10
5593 10
5594 5
5595 34
5596 67
5597 34
5598 3
5599 4
5600 2
5601 27
5602 3
5603 2
5604 17
5605 2
5606 7
5607 1
5608 2
5609 7
5610 11
5611 11
5612 4
5613 2
5614 19
5615 2
5616 19
5617 3
5618 3
5619 4
5620 4
5621 5
5622 18
5623 6
5624 7
5625 19
5626 1
5627 5
5628 4
5629 2
5630 5
5631 3
5632 3
5633 2
5634 3
5635 2
5636 29
5637 2
5638 4
5639 5
5640 2
5641 3
5642 1
5643 2
5644 1
5645 5
5646 3
5647 1
5648 15
5649 18
5650 4
5651 24
5652 6
5653 24
5654 2
5655 11
5656 32
5657 21
5658 12
5659 13
5660 21
5661 5
5662 3
5663 51
5664 9
5665 17
5666 21
5667 4
5668 32
5669 14
5670 7
5671 4
5672 5
5673 3
5674 4
5675 5
5676 1
5677 1
5678 11
5679 16
5680 7
5681 1
5682 1
5683 4
5684 3
5685 1
5686 1
5687 2
5688 5
5689 4
5690 11
5691 10
5692 26
5693 5
5694 6
5695 6
5696 1
5697 4
5698 3
5699 6
5700 11
5701 3
5702 4
5703 48
5704 3
5705 7
5706 1
5707 7
5708 14
5709 3
5710 16
5711 8
5712 8
5713 9
5714 7
5715 47
5716 14
5717 16
5718 5
5719 13
5720 17
5721 84
5722 14
5723 54
5724 25
5725 10
5726 16
5727 7
5728 6
5729 20
5730 4
5731 12
5732 17
5733 13
5734 13
5735 3
5736 25
5737 22
5738 6
5739 13
5740 3
5741 1
5742 29
5743 17
5744 4
5745 3
5746 12
5747 10
5748 18
5749 8
5750 24
5751 7
5752 24
5753 4
5754 6
5755 3
5756 2
5757 5
5758 2
5759 11
5760 19
5761 7
5762 23
5763 27
5764 30
5765 29
5766 10
5767 15
5768 7
5769 13
5770 8
5771 5
5772 12
5773 10
5774 30
5775 11
5776 16
5777 19
5778 110
5779 5
5780 13
5781 6
5782 3
5783 4
5784 10
5785 1
5787 4
5788 5
5789 6
5790 5
5791 14
5792 3
5793 3
5794 3
5795 2
5796 7
5797 11
5798 4
5799 14
5800 4
5801 14
5802 4
5803 2
5804 5
5805 1
5806 2
5807 1
5808 12
5809 6
5810 5
5811 49
5812 13
5813 4
5814 4
5815 26
5816 11
5817 5
5818 3
5819 12
5820 12
5821 2
5822 3
5823 5
5824 2
5825 3
5826 1
5827 4
5828 3
5829 13
5830 5
5831 4
5832 12
5833 5
5834 6
5835 6
5836 9
5837 2
5838 4
5839 2
5840 4
5841 6
5842 2
5843 9
5844 5
5845 1
5846 26
5847 10
5848 5
5849 2
5850 2
5851 10
5852 7
5853 7
5854 35
5855 3
5856 2
5857 8
5858 1
5859 13
5860 5
5861 5
5862 7
5863 13
5864 9
5865 2
5866 6
5867 5
5868 5
5869 19
5870 1
5871 5
5872 5
5873 8
5874 1
5875 5
5876 2
5877 7
5878 1
5879 17
5880 4
5881 4
5882 34
5883 3
5884 3
5885 8
5886 1
5887 3
5888 31
5889 11
5890 1
5891 10
5892 41
5893 35
5894 16
5895 1
5896 20
5897 1
5898 2
5899 8
5900 13
5901 12
5902 17
5903 3
5904 8
5905 8
5906 3
5907 64
5908 16
5909 2
5910 6
5911 5
5912 5
5913 5
5914 8
5915 4
5916 2
5917 2
5918 3
5919 6
5920 2
5921 4
5922 2
5923 16
5924 8
5925 10
5926 7
5927 2
5928 10
5929 4
5930 1
5931 16
5932 3
5933 3
5934 2
5935 3
5936 4
5937 14
5938 3
5939 4
5940 35
5941 6
5942 5
5943 6
5944 2
5945 2
5946 3
5947 11
5948 21
5949 6
5950 6
5951 7
5952 3
5953 5
5954 6
5955 13
5956 3
5957 6
5958 6
5959 3
5960 3
5962 1
5963 3
5964 4
5965 11
5966 13
5967 16
5968 14
5969 8
5970 9
5971 10
5972 10
5973 34
5974 8
5975 23
5976 34
5977 6
5978 6
5979 9
5980 22
5981 8
5982 6
5983 3
5984 5
5985 6
5986 18
5987 13
5988 9
5989 4
5990 26
5991 3
5992 5
5993 5
5994 26
5995 4
5996 1
5997 14
5998 4
5999 9
6000 1
6001 16
6002 69
6003 4
6004 8
6005 1
6006 1
6007 5
6008 17
6009 8
6010 11
6011 8
6012 3
6013 1
6014 8
6015 11
6016 5
6017 6
6018 12
6019 4
6020 2
6021 2
6022 3
6023 29
6024 1
6025 9
6026 9
6027 1
6028 3
6029 2
6030 1
6031 26
6032 10
6033 6
6034 8
6035 9
6036 4
6037 12
6038 60
6039 10
6040 3
6041 30
6042 4
6043 22
6044 23
6045 35
6046 16
6047 9
6048 7
6049 21
6050 14
6051 3
6052 10
6053 11
6054 1
6055 49
6056 6
6057 3
6058 16
6059 15
6060 11
6061 14
6062 7
6063 23
6064 12
6065 15
6066 6
6067 1
6068 23
6069 1
6070 48
6071 19
6072 7
6073 3
6074 11
6075 3
6076 4
6077 11
6078 13
6079 1
6080 16
6081 2
6082 1
6083 46
6084 12
6085 52
6086 5
6087 38
6088 4
6089 35
6090 19
6091 9
6092 24
6093 1
6094 4
6095 5
6096 19
6097 9
6098 10
6099 27
6100 12
6101 5
6102 5
6103 6
6104 13
6105 1
6106 1
6107 6
6108 7
6109 10
6110 4
6111 42
6112 9
6113 6
6114 5
6115 7
6116 10
6117 6
6118 6
6119 6
6120 7
6121 5
6122 17
6123 11
6124 8
6125 21
6126 21
6127 15
6128 15
6129 2
6130 4
6131 15
6132 2
6133 9
6134 3
6135 2
6136 12
6137 6
6138 25
6139 3
6140 2
6141 2
6142 2
6143 22
6144 36
6145 5
6146 2
6147 8
6148 11
6149 56
6150 2
6151 13
6152 8
6153 18
6154 5
6155 1
6156 14
6157 10
6158 14
6159 36
6160 3
6161 11
6162 16
6163 36
6164 22
6165 8
6166 10
6167 11
6168 2
6169 3
6170 8
6171 1
6172 30
6173 15
6174 26
6175 9
6176 26
6177 18
6178 12
6179 4
6180 7
6181 4
6182 11
6183 3
6184 5
6185 45
6186 8
6187 4
6188 16
6189 13
6190 6
6191 3
6192 9
6193 3
6194 2
6195 6
6196 4
6197 9
6198 6
6199 11
6200 4
6201 37
6202 5
6203 14
6204 5
6205 5
6206 13
6207 12
6208 8
6209 33
6210 22
6211 6
6212 5
6213 8
6214 4
6215 7
6216 10
6217 7
6218 2
6219 6
6220 9
6221 13
6222 19
6223 9
6224 19
6225 7
6226 21
6227 22
6228 5
6229 11
6230 8
6231 2
6232 5
6233 6
6234 16
6235 48
6236 10
6237 19
6238 2
6239 1
6240 2
6241 4
6242 2
6243 11
6244 5
6245 6
6246 4
6247 6
6248 2
6249 20
6250 7
6251 19
6252 12
6253 4
6254 12
6255 9
6256 20
6257 8
6258 11
6259 7
6260 18
6261 16
6262 7
6263 3
6264 2
6265 4
6266 9
6267 7
6268 6
6269 1
6270 6
6271 5
6272 4
6273 3
6274 1
6275 6
6276 11
6277 1
6278 3
6279 12
6280 3
6281 1
6282 46
6283 12
6284 24
6285 1
6286 1
6287 8
6288 27
6289 22
6290 9
6291 4
6292 9
6293 23
6294 10
6295 17
6296 1
6297 9
6298 14
6299 4
6300 8
6301 6
6302 23
6303 2
6304 31
6305 1
6306 1
6307 3
6308 2
6309 14
6310 3
6311 18
6312 17
6313 8
6314 8
6315 3
6316 6
6317 2
6318 19
6319 42
6320 4
6321 12
6322 3
6323 4
6324 15
6325 1
6326 16
6327 7
6328 3
6329 8
6330 2
6331 11
6332 4
6333 5
6334 7
6335 2
6336 54
6337 9
6338 3
6339 7
6340 4
6341 7
6342 2
6343 25
6344 4
6345 5
6346 2
6347 13
6348 22
6349 9
6350 7
6351 4
6352 3
6353 3
6354 1
6355 2
6356 1
6357 4
6358 3
6359 2
6360 17
6361 1
6362 13
6363 10
6364 10
6365 5
6366 11
6367 9
6368 12
6369 9
6370 12
6371 3
6372 6
6373 4
6374 4
6375 20
6376 1
6377 4
6378 5
6379 2
6380 2
6381 2
6382 6
6383 1
6384 15
6385 33
6386 6
6387 3
6388 13
6389 16
6390 31
6391 4
6392 10
6393 45
6394 1
6395 11
6396 5
6397 18
6398 9
6399 5
6400 10
6401 3
6402 5
6403 4
6404 9
6405 4
6406 12
6407 8
6408 2
6409 29
6410 8
6411 37
6412 17
6413 2
6414 4
6415 23
6416 16
6417 11
6418 11
6419 5
6420 1
6421 6
6422 2
6423 7
6424 5
6425 3
6426 3
6427 3
6428 2
6429 4
6430 4
6431 10
6432 6
6433 34
6434 12
6435 11
6436 14
6437 2
6438 27
6439 1
6440 3
6441 3
6442 5
6443 7
6444 6
6445 3
6446 3
6447 7
6448 10
6449 3
6450 1
6451 2
6452 3
6453 1
6454 12
6455 3
6456 5
6457 1
6459 4
6460 8
6461 2
6462 8
6463 3
6464 4
6465 5
6466 4
6467 2
6468 1
6469 2
6470 1
6471 9
6472 9
6473 4
6474 8
6475 11
6476 10
6477 12
6478 3
6479 3
6480 10
6481 2
6482 2
6483 11
6484 5
6485 4
6486 2
6487 5
6488 1
6489 2
6490 1
6491 3
6492 2
6493 2
6494 5
6495 5
6496 2
6497 7
6498 8
6499 6
6500 4
6501 6
6502 3
6503 11
6504 1
6505 3
6506 4
6507 2
6508 4
6509 2
6510 2
6511 21
6512 2
6513 3
6514 4
6515 1
6516 5
6517 3
6518 16
6519 19
6520 2
6521 6
6522 18
6523 6
6524 5
6525 14
6526 7
6527 5
6528 12
6529 13
6530 2
6531 5
6532 9
6533 3
6534 6
6535 10
6536 5
6537 3
6538 17
6539 3
6540 3
6541 2
6542 4
6543 5
6544 7
6545 4
6546 2
6547 1
6548 29
6549 1
6550 4
6551 1
6552 1
6553 5
6554 4
6555 2
6556 6
6557 7
6558 7
6559 26
6560 16
6561 10
6562 1
6563 1
6564 3
6565 2
6566 4
6567 3
6568 1
6569 1
6570 2
6571 1
6572 1
6573 6
6574 5
6575 9
6576 6
6577 3
6578 5
6579 5
6580 6
6581 6
6582 11
6583 2
6584 4
6585 5
6586 4
6587 4
6588 7
6589 9
6590 9
6591 6
6592 7
6593 3
6594 1
6595 6
6596 2
6597 4
6598 1
6599 3
6600 2
6601 3
6602 8
6603 5
6604 3
6605 3
6606 7
6607 2
6608 7
6609 13
6610 14
6611 7
6612 1
6613 4
6614 1
6615 1
6616 2
6617 1
6618 1
6619 13
6620 1
6621 6
6622 12
6623 2
6624 16
6625 7
6626 7
6627 4
6628 3
6629 10
6630 5
6631 13
6632 3
6633 5
6634 20
6635 3
6636 2
6637 1
6638 19
6639 22
6640 4
6641 2
6642 4
6643 2
6644 6
6645 2
6646 3
6647 2
6648 4
6649 6
6650 4
6651 5
6652 3
6653 2
6654 3
6655 2
6656 6
6657 11
6658 5
6659 18
6660 3
6661 16
6662 4
6663 6
6664 3
6665 2
6666 1
6667 1
6668 4
6669 27
6670 2
6671 5
6672 1
6673 22
6674 5
6675 2
6676 21
6677 2
6678 1
6679 3
6680 2
6681 16
6682 4
6683 1
6684 19
6685 14
6686 6
6687 3
6688 1
6689 17
6690 3
6691 7
6692 1
6693 6
6694 10
6695 2
6696 27
6697 27
6698 3
6699 4
6700 5
6701 17
6702 2
6703 18
6704 23
6705 2
6706 1
6707 1
6708 10
6709 25
6710 4
6711 3
6712 9
6713 4
6714 5
6715 1
6716 1
6717 2
6718 3
6719 2
6720 4
6721 2
6722 3
6723 12
6724 7
6725 15
6726 6
6727 3
6728 9
6729 23
6730 10
6731 2
6732 3
6733 5
6734 4
6735 20
6736 7
6737 15
6738 9
6739 3
6740 11
6741 4
6742 12
6743 9
6744 16
6745 8
6746 36
6747 17
6748 25
6749 14
6750 12
6751 4
6752 3
6753 11
6754 1
6755 3
6756 6
6757 8
6758 3
6759 1
6760 3
6761 4
6762 11
6763 24
6764 6
6765 35
6766 1
6767 20
6768 3
6769 11
6770 14
6771 4
6772 8
6773 6
6774 4
6775 10
6776 3
6777 5
6778 3
6779 5
6780 3
6781 5
6782 14
6783 1
6784 8
6785 12
6786 10
6787 16
6788 9
6789 18
6790 2
6791 6
6792 2
6793 6
6794 22
6795 8
6796 22
6797 12
6798 41
6799 23
6800 17
6801 2
6802 1
6803 2
6804 8
6805 10
6806 6
6807 3
6808 39
6809 5
6810 2
6811 1
6812 4
6813 5
6814 29
6815 3
6816 2
6817 6
6818 8
6819 17
6820 9
6821 10
6822 4
6823 2
6824 11
6825 13
6826 7
6827 12
6828 3
6829 3
6830 2
6831 16
6832 5
6833 4
6834 13
6835 14
6836 5
6837 14
6838 5
6839 2
6840 12
6841 1
6842 4
6843 2
6844 25
6845 2
6846 1
6847 3
6848 5
6849 8
6850 10
6851 17
6852 3
6853 3
6854 12
6855 1
6856 4
6857 2
6858 1
6859 13
6860 7
6861 3
6862 1
6863 5
6864 3
6865 2
6866 2
6867 52
6868 2
6869 5
6870 2
6871 5
6872 6
6873 3
6874 2
6875 6
6876 8
6877 1
6878 3
6879 2
6880 2
6881 1
6882 8
6884 2
6885 9
6886 7
6887 6
6888 4
6889 9
6890 9
6891 3
6892 8
6893 9
6894 13
6895 3
6896 5
6897 5
6898 5
6899 4
6900 4
6901 4
6902 29
6903 1
6904 9
6905 5
6906 6
6907 7
6908 3
6909 10
6910 3
6911 5
6912 3
6913 4
6914 1
6915 2
6916 3
6917 13
6918 2
6919 2
6920 1
6921 3
6922 2
6923 3
6924 14
6925 6
6926 4
6927 10
6928 11
6929 8
6930 21
6931 13
6932 6
6933 6
6934 9
6935 12
6936 2
6937 2
6938 4
6939 2
6940 2
6941 4
6942 4
6943 9
6944 1
6945 7
6946 4
6947 5
6948 3
6949 8
6950 7
6951 4
6952 3
6953 7
6954 6
6955 1
6956 3
6957 1
6958 4
6959 4
6960 7
6961 3
6962 4
6963 7
6964 1
6965 2
6966 8
6967 2
6968 2
6969 1
6970 3
6971 6
6972 1
6973 2
6974 1
6975 1
6976 1
6977 2
6978 14
6979 1
6980 3
6981 8
6982 1
6983 1
6984 2
6985 18
6986 2
6987 9
6988 3
6990 2
6991 8
6992 1
6993 2
6994 6
6995 9
6996 1
6997 12
6998 16
6999 13
7000 7
7001 10
7002 39
7003 38
7004 1
7006 3
7007 3
7008 22
7009 6
7010 11
7011 17
7012 27
7013 7
7014 7
7015 5
7016 4
7017 6
7018 24
7019 33
7020 1
7021 3
7022 1
7023 2
7024 9
7025 2
7026 11
7027 17
7028 8
7029 13
7030 1
7031 16
7032 6
7033 15
7034 5
7035 4
7036 5
7037 1
7038 1
7039 2
7040 2
7041 2
7042 2
7043 3
7044 7
7045 6
7046 5
7047 6
7048 1
7049 2
7050 3
7051 6
7052 1
7053 1
7054 22
7055 6
7056 4
7057 1
7058 1
7059 2
7060 5
7061 6
7062 1
7063 6
7064 6
7065 3
7066 5
7067 7
7068 5
7069 5
7070 2
7071 5
7072 6
7073 4
7074 1
7075 6
7076 12
7077 6
7078 3
7079 3
7080 5
7081 3
7082 3
7083 2
7084 4
7085 10
7086 11
7087 8
7088 1
7089 4
7090 4
7091 15
7092 6
7093 4
7094 7
7095 3
7096 2
7097 1
7098 2
7099 2
7100 3
7101 2
7102 3
7103 9
7104 3
7105 3
7106 4
7107 2
7108 1
7109 2
7110 1
7112 4
7113 3
7114 4
7115 2
7116 3
7117 4
7118 1
7119 5
7120 1
7121 3
7122 8
7123 11
7124 4
7125 8
7126 5
7127 6
7128 8
7129 2
7130 11
7131 5
7132 1
7133 3
7134 3
7135 4
7136 7
7137 7
7138 4
7139 2
7140 5
7142 4
7143 3
7144 1
7145 3
7146 4
7147 3
7148 5
7149 1
7150 5
7151 1
7152 3
7153 2
7154 4
7155 2
7156 6
7157 1
7158 3
7159 1
7160 1
7162 2
7163 12
7164 2
7165 2
7166 7
7167 6
7168 8
7169 1
7170 2
7171 4
7172 2
7173 2
7174 9
7175 5
7176 1
7177 7
7178 2
7179 3
7180 3
7181 3
7182 1
7183 2
7184 1
7185 4
7186 1
7187 5
7189 3
7190 1
7191 2
7192 8
7193 1
7194 5
7195 6
7196 1
7197 3
7198 2
7199 1
7200 5
7201 12
7202 1
7203 11
7204 3
7205 7
7206 5
7207 1
7208 1
7209 5
7210 3
7211 17
7212 5
7213 3
7214 1
7215 1
7216 3
7217 4
7218 11
7219 3
7220 4
7221 32
7222 4
7223 16
7224 6
7225 8
7226 5
7227 7
7228 2
7229 2
7230 2
7231 8
7232 1
7233 2
7234 4
7235 2
7236 5
7237 5
7238 2
7239 3
7240 3
7241 9
7242 3
7243 7
7244 6
7245 5
7246 7
7247 2
7248 12
7249 2
7250 3
7251 10
7253 2
7254 10
7255 4
7256 2
7257 2
7258 3
7259 9
7260 8
7261 7
7262 12
7263 4
7264 3
7265 2
7266 1
7267 1
7268 6
7269 2
7270 7
7271 2
7272 2
7273 1
7274 4
7275 3
7276 2
7277 1
7278 1
7279 1
7280 8
7281 1
7282 1
7283 2
7284 5
7285 28
7286 1
7287 5
7288 14
7289 5
7290 1
7291 10
7292 1
7293 6
7294 2
7295 3
7296 4
7297 2
7298 1
7299 3
7300 22
7301 4
7302 2
7303 3
7304 2
7305 5
7306 12
7307 8
7308 4
7309 5
7310 3
7311 6
7312 3
7313 1
7314 2
7315 3
7316 1
7317 18
7318 19
7319 7
7320 1
7322 9
7323 3
7324 2
7325 1
7326 2
7327 4
7328 3
7329 5
7330 2
7331 7
7332 1
7333 3
7334 8
7335 7
7336 12
7337 14
7338 13
7339 5
7340 8
7341 2
7342 1
7343 1
7344 3
7345 1
7346 12
7347 10
7348 8
7349 5
7350 6
7351 2
7352 3
7353 1
7355 8
7356 9
7357 4
7358 11
7359 5
7360 8
7361 2
7362 2
7363 8
7364 1
7365 6
7366 5
7367 6
7368 6
7369 4
7370 2
7371 2
7372 2
7373 1
7374 9
7375 1
7376 4
7377 5
7378 4
7379 4
7380 1
7381 4
7382 6
7383 7
7384 5
7385 3
7386 2
7387 3
7388 1
7389 5
7390 4
7391 2
7392 8
7393 6
7394 2
7395 5
7396 3
7397 13
7398 2
7399 4
7400 5
7401 15
7402 2
7403 1
7404 1
7405 1
7406 4
7407 1
7408 2
7409 6
7411 19
7412 5
7413 4
7414 1
7415 4
7416 2
7417 5
7418 2
7419 11
7420 13
7421 3
7422 8
7423 5
7424 1
7425 7
7426 1
7427 3
7428 6
7429 13
7430 1
7431 2
7432 4
7433 7
7434 9
7435 6
7436 13
7437 3
7438 4
7439 3
7440 3
7441 12
7442 1
7443 2
7444 4
7445 1
7446 3
7447 2
7448 1
7449 7
7450 6
7451 6
7452 1
7453 4
7454 7
7455 6
7456 1
7457 2
7458 11
7459 3
7460 6
7461 14
7462 6
7463 6
7464 7
7465 1
7466 12
7467 9
7468 2
7469 6
7470 1
7471 7
7472 3
7474 1
7475 3
7476 9
7477 10
7478 2
7479 3
7480 2
7481 6
7482 1
7483 2
7484 8
7485 7
7486 9
7487 4
7488 2
7489 3
7490 2
7491 2
7492 2
7493 10
7495 7
7496 2
7497 3
7498 9
7499 6
7500 4
7501 3
7502 5
7503 7
7504 4
7506 3
7507 2
7508 2
7509 5
7510 6
7511 3
7512 5
7513 1
7514 5
7515 9
7516 4
7517 2
7518 4
7519 11
7520 1
7521 3
7522 1
7523 8
7524 12
7525 8
7526 3
7527 1
7528 2
7529 2
7530 3
7531 1
7532 6
7533 2
7534 6
7535 1
7536 1
7537 1
7538 1
7539 3
7540 8
7541 1
7542 1
7543 4
7544 1
7545 1
7546 3
7547 1
7548 2
7549 2
7550 1
7551 2
7552 2
7553 2
7554 1
7555 1
7556 2
7557 1
7558 1
7559 1
7560 3
7561 1
7562 3
7563 2
7564 1
7565 7
7566 1
7567 4
7568 1
7569 1
7570 2
7571 7
7572 5
7573 1
7574 5
7575 1
7576 2
7577 2
7578 10
7579 2
7580 3
7581 7
7582 1
7583 8
7584 3
7585 7
7586 3
7587 5
7588 2
7589 2
7590 3
7591 3
7592 3
7593 2
7594 1
7595 1
7596 3
7597 3
7598 3
7599 5
7600 1
7601 3
7602 2
7604 1
7605 2
7606 3
7607 1
7608 1
7609 2
7610 4
7611 18
7612 15
7613 1
7614 13
7615 3
7616 1
7617 2
7618 2
7619 1
7620 1
7621 2
7622 2
7623 4
7624 1
7625 4
7626 5
7627 3
7628 3
7629 4
7631 2
7632 1
7633 1
7634 1
7635 3
7636 3
7637 2
7638 1
7639 1
7640 1
7641 1
7642 3
7643 3
7644 1
7645 4
7646 1
7647 11
7648 3
7649 3
7650 3
7651 5
7652 4
7653 2
7654 2
7655 4
7656 4
7657 2
7658 7
7659 2
7660 6
7661 1
7662 5
7663 5
7664 3
7665 15
7666 5
7667 2
7668 20
7669 5
7670 8
7671 2
7672 3
7673 6
7674 22
7675 13
7676 14
7677 1
7678 2
7679 8
7680 4
7681 2
7683 3
7684 1
7685 4
7686 1
7687 5
7688 2
7689 2
7690 3
7691 1
7692 1
7693 1
7694 1
7695 3
7696 1
7697 1
7698 3
7699 3
7700 3
7701 4
7702 11
7703 4
7704 2
7705 3
7706 3
7707 1
7708 3
7709 4
7710 6
7711 11
7712 2
7713 2
7714 7
7715 2
7716 10
7717 1
7718 2
7719 3
7720 2
7721 2
7722 5
7723 2
7724 4
7725 5
7726 3
7727 3
7728 2
7729 2
7730 3
7731 3
7732 2
7733 2
7734 3
7735 1
7736 2
7737 3
7738 1
7739 1
7740 2
7741 1
7742 2
7743 2
7744 1
7745 1
7746 1
7747 3
7749 4
7750 2
7751 3
7752 3
7753 2
7754 2
7755 4
7756 1
7757 3
7758 2
7759 4
7760 11
7761 2
7762 1
7763 11
7764 1
7765 4
7766 2
7767 1
7768 4
7769 2
7770 3
7771 7
7772 4
7773 11
7774 2
7775 3
7776 6
7777 3
7778 4
7779 1
7780 5
7781 6
7782 5
7783 3
7784 8
7785 5
7786 9
7787 6
7788 1
7789 1
7790 6
7791 6
7792 12
7793 4
7794 4
7795 5
7796 8
7797 2
7798 13
7799 3
7800 4
7801 3
7802 3
7803 3
7804 1
7805 2
7806 4
7807 1
7808 1
7809 2
7810 19
7811 4
7812 2
7813 9
7814 1
7815 2
7816 3
7817 3
7818 7
7819 3
7820 4
7821 1
7822 1
7823 4
7824 1
7825 5
7826 2
7827 3
7828 1
7829 2
7830 1
7832 1
7833 7
7834 3
7835 2
7836 1
7838 3
7839 2
7840 97
7841 1
7842 2
7843 7
7844 1
7845 6
7846 1
7847 1
7848 8
7849 1
7850 5
7851 8
7852 7
7853 6
7854 1
7855 5
7856 3
7857 2
7858 2
7859 3
7860 2
7861 1
7862 1
7863 2
7864 6
7866 1
7867 1
7868 10
7869 4
7870 5
7871 2
7872 1
7873 1
7874 1
7875 2
7876 3
7877 4
7878 6
7879 4
7880 14
7881 1
7882 11
7883 1
7884 1
7885 1
7886 2
7887 2
7888 4
7889 7
7890 1
7891 3
7892 3
7894 2
7895 8
7896 5
7897 4
7898 4
7899 10
7900 4
7901 16
7902 5
7903 4
7904 1
7905 5
7906 1
7907 3
7908 7
7909 5
7910 6
7911 1
7912 11
7913 3
7914 1
7915 5
7916 1
7917 2
7919 2
7920 2
7921 3
7922 4
7923 1
7924 3
7925 4
7926 2
7927 2
7928 13
7929 5
7930 4
7931 3
7932 1
7933 5
7934 1
7935 1
7936 2
7937 5
7938 7
7939 3
7940 2
7941 1
7942 1
7943 2
7944 6
7945 1
7946 4
7947 1
7948 2
7949 2
7950 1
7951 2
7952 1
7953 4
7954 2
7955 3
7956 1
7957 3
7958 1
7959 7
7960 4
7961 3
7962 6
7963 1
7964 13
7965 2
7966 3
7967 3
7968 2
7969 6
7970 4
7971 5
7972 7
7973 4
7974 2
7975 2
7976 2
7977 5
7978 2
7979 1
7980 9
7981 9
7982 2
7983 4
7984 3
7986 7
7987 2
7988 3
7989 8
7990 1
7991 5
7992 3
7993 1
7994 1
7995 2
7996 9
7997 3
7998 1
7999 1
8000 2
8001 4
8002 9
8003 2
8004 2
8005 8
8006 6
8007 8
8008 1
8009 13
8010 1
8011 2
8012 7
8013 1
8014 2
8015 12
8016 7
8017 1
8018 2
8019 4
8020 1
8021 1
8022 3
8023 1
8024 1
8025 3
8026 1
8027 5
8028 1
8029 5
8030 5
8031 3
8032 1
8033 1
8034 2
8035 3
8036 2
8037 3
8038 1
8039 1
8040 8
8041 3
8042 2
8043 1
8044 3
8045 2
8046 2
8047 1
8048 4
8049 3
8050 3
8051 6
8052 3
8053 4
8055 3
8056 2
8057 2
8058 3
8059 7
8060 5
8061 7
8062 1
8063 3
8064 2
8065 1
8066 2
8067 2
8068 6
8069 2
8070 2
8071 2
8072 3
8073 2
8074 2
8075 9
8076 1
8077 2
8079 13
8080 2
8081 2
8082 1
8083 3
8084 5
8085 5
8086 7
8087 2
8088 1
8089 3
8090 19
8091 13
8092 9
8093 1
8094 6
8095 4
8096 6
8097 1
8098 2
8099 3
8100 2
8101 1
8103 3
8104 1
8105 1
8106 6
8107 2
8108 2
8109 2
8110 3
8111 1
8112 6
8113 2
8114 3
8115 3
8116 6
8117 3
8118 2
8119 2
8120 6
8121 2
8122 5
8123 3
8124 1
8125 1
8126 5
8127 5
8128 7
8129 1
8130 2
8131 3
8132 4
8133 2
8134 1
8135 6
8136 1
8137 3
8138 6
8139 3
8140 4
8141 1
8142 1
8143 7
8144 2
8145 3
8146 3
8147 3
8148 2
8149 5
8150 4
8151 3
8152 2
8153 2
8155 1
8156 2
8157 6
8158 3
8159 7
8160 8
8161 5
8162 3
8164 1
8165 1
8166 2
8167 4
8168 5
8169 3
8170 1
8171 2
8172 3
8173 2
8174 2
8175 3
8176 6
8177 4
8178 2
8179 1
8181 2
8182 6
8183 4
8184 3
8185 6
8186 1
8187 6
8188 14
8189 2
8190 2
8191 1
8192 3
8193 3
8194 1
8195 2
8196 2
8197 1
8198 1
8199 1
8200 5
8201 2
8203 2
8204 3
8205 2
8206 4
8207 1
8208 4
8209 3
8210 3
8211 1
8212 3
8213 1
8214 2
8215 2
8216 2
8217 2
8218 1
8219 2
8220 1
8221 9
8222 2
8223 16
8224 3
8225 1
8226 2
8227 4
8228 5
8229 3
8230 2
8231 1
8232 1
8233 2
8234 2
8235 5
8236 5
8237 3
8238 3
8239 5
8240 1
8241 2
8242 1
8243 2
8244 3
8245 4
8246 8
8247 2
8248 2
8249 1
8250 4
8251 4
8252 4
8253 1
8254 1
8255 1
8256 1
8257 1
8258 1
8259 3
8260 6
8261 5
8262 2
8263 6
8264 2
8265 2
8266 5
8267 2
8268 4
8269 6
8270 7
8271 3
8272 5
8273 1
8274 1
8275 7
8276 4
8277 2
8278 7
8279 1
8280 2
8281 1
8282 2
8283 2
8284 1
8285 1
8287 4
8288 1
8289 3
8291 1
8292 2
8293 1
8294 2
8295 3
8296 1
8297 5
8298 2
8299 2
8300 4
8301 3
8302 1
8303 1
8304 3
8305 1
8306 2
8307 2
8308 1
8309 1
8310 4
8311 2
8312 3
8313 2
8314 1
8315 3
8316 3
8317 4
8318 1
8319 4
8320 1
8321 2
8322 2
8323 5
8324 5
8325 2
8326 1
8327 6
8328 1
8329 1
8330 3
8331 4
8332 3
8333 4
8334 7
8335 1
8336 1
8337 2
8338 3
8339 2
8340 1
8341 3
8342 1
8343 2
8344 3
8345 3
8346 1
8347 1
8349 6
8350 6
8351 3
8352 2
8353 7
8354 1
8355 3
8356 5
8357 4
8358 3
8359 2
8360 1
8361 1
8362 1
8363 2
8364 1
8365 1
8366 1
8367 2
8368 1
8369 1
8370 1
8371 3
8372 2
8373 4
8374 2
8375 4
8376 1
8377 8
8378 3
8379 1
8380 2
8381 4
8382 1
8383 2
8384 6
8385 2
8386 1
8387 4
8388 2
8389 8
8390 8
8391 4
8392 1
8393 2
8394 2
8395 1
8396 3
8397 3
8398 2
8399 1
8400 3
8401 1
8402 4
8403 7
8404 4
8405 2
8406 3
8407 3
8408 1
8409 2
8410 2
8412 6
8413 1
8414 2
8415 1
8417 1
8418 1
8419 4
8420 1
8421 1
8422 1
8423 1
8424 3
8425 3
8426 2
8427 7
8428 2
8429 2
8430 1
8431 3
8432 4
8433 2
8434 4
8435 1
8436 4
8437 4
8438 2
8439 2
8440 2
8441 2
8442 1
8443 2
8444 5
8445 1
8446 7
8447 2
8448 2
8449 1
8450 1
8451 1
8452 1
8453 1
8454 2
8455 4
8456 1
8458 1
8459 1
8460 2
8461 6
8462 1
8463 2
8464 1
8465 10
8466 3
8467 2
8468 1
8469 2
8470 6
8471 1
8472 3
8473 1
8474 4
8475 2
8476 5
8477 4
8478 1
8479 7
8480 4
8481 1
8482 1
8483 3
8484 1
8485 5
8486 2
8487 3
8488 6
8490 1
8491 3
8492 3
8493 2
8494 1
8495 8
8496 6
8497 1
8498 2
8499 2
8500 1
8501 2
8502 1
8503 3
8504 5
8505 2
8506 2
8507 1
8508 1
8509 4
8510 8
8511 1
8512 3
8513 2
8514 1
8515 3
8516 1
8517 3
8518 2
8519 3
8520 2
8521 1
8522 4
8523 5
8524 1
8525 1
8526 3
8527 3
8528 3
8529 2
8530 2
8531 2
8532 1
8533 2
8534 4
8535 4
8536 1
8537 1
8538 2
8539 1
8540 3
8541 2
8542 2
8543 4
8544 3
8545 4
8546 5
8547 5
8548 2
8549 5
8550 2
8551 4
8552 2
8553 4
8554 2
8555 2
8556 2
8558 13
8559 2
8560 3
8561 1
8562 3
8563 3
8564 1
8565 4
8566 5
8567 2
8568 1
8569 1
8570 1
8571 4
8572 11
8573 1
8574 4
8575 2
8576 3
8578 3
8579 1
8580 1
8581 9
8582 2
8583 1
8584 3
8585 2
8586 1
8587 2
8588 1
8589 1
8590 4
8591 3
8592 2
8593 1
8594 2
8595 1
8596 4
8597 2
8598 5
8599 6
8600 2
8601 1
8602 1
8603 2
8604 3
8605 2
8606 2
8607 1
8608 1
8609 4
8610 1
8611 3
8612 8
8613 5
8614 1
8615 5
8616 3
8617 1
8618 1
8619 3
8620 5
8621 4
8622 2
8623 1
8624 2
8625 5
8626 2
8627 4
8628 2
8629 1
8630 2
8631 3
8632 5
8633 2
8634 1
8635 4
8636 4
8637 1
8638 1
8639 2
8640 2
8641 3
8642 1
8643 2
8644 1
8645 1
8646 2
8647 1
8648 7
8649 1
8651 3
8652 3
8653 1
8654 1
8655 2
8656 2
8657 4
8658 2
8659 2
8660 4
8661 6
8662 7
8663 4
8664 1
8665 1
8666 1
8667 1
8668 2
8669 4
8670 1
8671 3
8672 2
8673 1
8674 3
8675 3
8676 2
8677 1
8678 2
8680 2
8681 1
8682 2
8683 2
8684 1
8685 1
8686 5
8687 1
8688 1
8689 2
8690 4
8691 3
8692 6
8693 3
8694 5
8695 6
8696 4
8697 2
8698 3
8699 1
8700 2
8701 3
8702 6
8703 3
8704 1
8705 1
8706 3
8707 6
8708 2
8709 1
8710 2
8711 2
8712 1
8713 1
8714 2
8715 1
8716 1
8717 1
8718 1
8719 1
8720 1
8721 3
8722 2
8723 1
8724 1
8725 11
8726 3
8727 1
8728 3
8729 2
8730 1
8731 3
8732 2
8733 1
8734 1
8735 1
8736 2
8737 2
8738 2
8739 1
8740 2
8741 6
8742 1
8743 2
8744 1
8745 1
8746 1
8747 2
8748 2
8749 2
8750 1
8751 1
8752 2
8753 2
8754 1
8755 1
8756 1
8757 1
8758 1
8759 3
8760 5
8761 1
8762 2
8763 2
8764 3
8765 1
8766 1
8767 1
8768 1
8770 1
8771 2
8772 2
8773 6
8774 4
8775 4
8776 1
8777 4
8778 1
8779 3
8780 4
8781 1
8782 2
8783 2
8784 2
8785 1
8786 1
8787 2
8788 1
8789 2
8790 3
8791 1
8793 2
8794 3
8795 1
8796 2
8797 4
8798 3
8799 2
8800 1
8801 6
8802 1
8803 1
8804 1
8805 2
8806 3
8807 4
8808 3
8809 3
8811 1
8812 2
8814 1
8815 1
8816 1
8817 1
8818 1
8819 1
8820 6
8821 1
8822 6
8823 2
8824 1
8825 1
8826 2
8827 1
8828 1
8829 7
8830 2
8831 3
8832 1
8833 2
8834 2
8835 1
8836 1
8837 3
8838 6
8839 3
8840 2
8841 1
8842 1
8843 1
8844 1
8845 2
8846 1
8847 2
8848 1
8849 2
8850 1
8851 6
8852 1
8853 2
8854 2
8855 3
8856 3
8857 1
8858 11
8859 2
8860 1
8862 2
8863 3
8864 1
8865 2
8866 2
8867 1
8869 1
8870 1
8871 3
8872 1
8873 1
8874 4
8875 1
8876 8
8877 3
8878 1
8879 4
8880 1
8881 1
8882 1
8883 2
8884 2
8885 1
8886 2
8887 1
8888 3
8889 1
8890 1
8891 1
8892 6
8893 2
8894 4
8895 2
8896 1
8897 1
8898 3
8899 3
8900 1
8901 1
8902 2
8903 7
8904 6
8905 1
8906 2
8907 1
8908 1
8909 1
8910 8
8911 2
8912 3
8913 1
8914 1
8915 2
8916 1
8917 1
8918 2
8919 3
8920 2
8921 2
8923 5
8924 2
8925 5
8926 2
8927 1
8928 4
8929 1
8930 1
8931 1
8932 2
8933 1
8934 1
8935 1
8936 1
8937 2
8938 1
8939 1
8940 2
8941 2
8942 8
8943 1
8944 2
8945 3
8946 4
8947 3
8948 2
8949 3
8950 1
8951 4
8952 2
8953 1
8954 1
8955 6
8956 5
8957 5
8958 2
8959 1
8960 2
8961 2
8962 1
8963 3
8964 2
8965 4
8966 3
8967 4
8968 16
8969 1
8970 1
8971 1
8972 2
8973 4
8974 5
8975 1
8976 2
8977 1
8978 1
8979 1
8980 3
8981 1
8982 3
8983 1
8984 2
8986 4
8987 2
8988 2
8989 1
8990 2
8991 2
8992 3
8993 2
8994 1
8995 1
8996 1
8997 2
8998 1
8999 1
9001 1
9002 1
9003 1
9004 1
9005 2
9007 1
9008 1
9009 1
9010 1
9011 1
9012 1
9013 2
9014 1
9015 1
9016 2
9018 2
9019 1
9020 1
9021 1
9022 1
9023 4
9024 1
9025 1
9026 1
9027 2
9028 3
9029 3
9030 2
9031 2
9032 1
9033 3
9034 1
9035 3
9036 1
9037 1
9038 3
9039 3
9040 1
9041 1
9042 1
9043 1
9045 6
9046 1
9047 1
9048 8
9049 5
9050 3
9051 4
9052 3
9053 3
9054 1
9055 2
9056 1
9057 2
9058 2
9059 6
9060 1
9061 2
9063 1
9064 1
9065 2
9066 2
9067 1
9068 1
9069 1
9070 3
9071 1
9072 3
9073 1
9074 1
9075 5
9076 1
9077 1
9078 3
9079 9
9080 1
9081 1
9082 3
9083 1
9084 1
9085 1
9086 3
9087 1
9088 5
9089 3
9090 3
9091 2
9092 1
9093 1
9094 1
9095 2
9096 2
9097 2
9098 2
9099 1
9100 2
9101 2
9102 1
9103 2
9104 4
9105 1
9106 2
9107 2
9108 2
9109 4
9110 3
9111 1
9112 6
9113 1
9114 3
9115 4
9116 4
9117 3
9118 2
9119 1
9120 1
9121 3
9122 4
9123 1
9124 3
9125 2
9126 5
9127 5
9128 5
9129 2
9130 1
9131 1
9132 1
9133 1
9134 2
9135 1
9136 1
9137 1
9138 2
9139 2
9140 2
9141 2
9142 1
9143 1
9144 2
9145 1
9147 2
9148 1
9149 3
9150 1
9151 2
9152 1
9153 1
9154 1
9155 1
9156 3
9157 1
9158 1
9159 1
9160 3
9161 1
9162 2
9163 5
9164 2
9165 2
9166 2
9167 3
9168 2
9169 2
9170 3
9171 3
9172 2
9173 3
9175 2
9176 3
9177 3
9178 2
9179 3
9180 1
9181 2
9182 2
9183 7
9184 2
9185 8
9186 1
9187 1
9188 1
9190 1
9191 1
9192 2
9193 2
9194 1
9195 2
9196 2
9197 1
9198 2
9199 1
9200 1
9201 1
9202 1
9203 2
9204 1
9205 1
9206 1
9207 5
9208 1
9209 1
9210 4
9211 1
9212 3
9213 1
9214 5
9215 1
9216 2
9217 2
9218 2
9219 1
9220 3
9221 1
9222 1
9223 1
9224 2
9225 2
9226 2
9227 1
9228 2
9229 1
9230 1
9231 3
9232 2
9233 1
9234 1
9235 1
9236 1
9237 2
9238 2
9239 2
9240 1
9241 1
9242 1
9243 3
9244 4
9245 1
9247 1
9249 2
9250 5
9251 3
9252 1
9253 2
9254 1
9255 1
9256 1
9257 2
9258 1
9260 1
9261 2
9262 1
9263 2
9264 5
9265 3
9266 1
9267 1
9268 2
9269 2
9270 2
9271 1
9272 1
9273 2
9274 1
9275 1
9276 6
9277 2
9278 1
9279 1
9280 1
9281 1
9282 2
9283 2
9284 3
9285 1
9286 5
9287 1
9288 2
9289 1
9290 3
9291 1
9292 4
9293 2
9294 1
9295 1
9296 1
9298 3
9299 1
9301 1
9302 1
9303 2
9304 1
9305 2
9306 1
9307 1
9308 2
9309 3
9310 2
9311 1
9312 3
9314 2
9315 3
9316 3
9317 2
9318 1
9319 3
9320 1
9321 1
9322 3
9323 1
9324 2
9325 3
9326 1
9327 1
9328 1
9330 3
9331 1
9332 2
9334 1
9335 2
9336 2
9337 2
9338 2
9339 1
9340 2
9341 1
9342 1
9343 1
9344 3
9345 1
9346 1
9347 4
9348 5
9349 3
9350 2
9351 1
9352 1
9353 5
9354 1
9355 2
9356 1
9357 2
9358 3
9359 1
9360 2
9361 1
9362 1
9363 1
9364 5
9365 4
9366 1
9367 1
9369 1
9370 1
9371 2
9372 1
9373 1
9374 2
9375 2
9376 1
9377 1
9378 3
9379 2
9380 2
9381 2
9382 3
9383 2
9384 1
9385 2
9386 1
9387 2
9388 2
9389 2
9390 2
9391 1
9392 2
9393 1
9394 2
9395 1
9396 1
9398 2
9399 1
9400 1
9401 2
9402 1
9403 3
9404 3
9405 1
9406 2
9407 3
9408 1
9409 1
9410 1
9411 1
9412 2
9413 1
9414 1
9415 1
9416 1
9418 1
9419 1
9420 1
9421 3
9422 3
9423 3
9424 1
9425 2
9426 1
9427 1
9428 1
9429 2
9430 1
9431 1
9432 1
9433 1
9434 2
9435 1
9436 1
9437 2
9438 1
9439 1
9440 1
9441 1
9442 1
9443 1
9444 5
9445 1
9446 1
9447 3
9448 3
9449 1
9450 3
9451 1
9452 1
9453 1
9454 2
9455 1
9456 1
9457 2
9458 1
9459 7
9460 4
9461 1
9462 1
9463 2
9464 1
9465 1
9466 1
9467 1
9468 2
9469 2
9470 1
9471 1
9472 1
9473 1
9474 1
9475 1
9476 1
9477 1
9478 1
9479 1
9480 1
9481 1
9482 1
9483 1
9484 1
9485 1
9486 4
9487 1
9488 1
9489 4
9490 1
9491 1
9493 4
9494 1
9495 1
9496 1
9497 2
9498 2
9499 3
9500 1
9501 3
9502 1
9503 2
9504 1
9505 2
9506 1
9507 6
9508 7
9510 4
9511 3
9512 1
9513 2
9514 4
9515 1
9516 1
9517 1
9518 1
9519 1
9520 2
9521 1
9522 1
9524 1
9525 3
9526 2
9528 2
9529 1
9530 4
9531 2
9532 1
9533 1
9534 1
9535 1
9536 1
9537 1
9538 2
9539 1
9540 2
9541 1
9542 1
9543 1
9544 1
9545 1
9546 1
9547 1
9548 1
9549 1
9550 1
9551 1
9552 1
9553 1
9554 1
9555 1
9556 2
9557 1
9558 3
9559 2
9560 1
9561 1
9562 1
9563 1
9564 2
9565 1
9566 4
9567 3
9568 3
9569 1
9570 1
9571 3
9572 3
9573 3
9574 1
9575 3
9576 1
9577 3
9578 1
9579 1
9580 1
9581 1
9582 1
9583 1
9584 2
9585 1
9586 1
9587 1
9588 1
9589 2
9590 2
9591 1
9592 1
9593 3
9594 1
9595 1
9596 1
9597 1
9598 1
9599 1
9600 1
9601 1
9602 1
9603 1
9604 1
9606 1
9607 1
9608 1
9609 1
9610 1
9612 1
9613 1
9614 1
9615 1
9617 1
9618 1
9619 1
9620 2
9621 1
9622 1
9623 1
9624 1
9625 1
9626 2
9627 1
9628 3
9629 1
9630 1
9631 1
9632 1
9633 1
9634 1
9636 1
9638 1
9639 1
9640 2
9641 1
9642 1
9643 1
9644 1
9645 1
9646 1
9647 1
9648 1
9649 2
9650 1
9651 1
9652 1
9653 1
9654 1
9655 1
9656 1
9657 2
9658 1
9659 2
9660 2
9661 1
9662 1
9663 1
9664 1
9665 1
9667 1
9668 1
9669 1
9670 2
9671 1
9672 1
9673 3
9674 1
9675 2
9676 2
9677 1
9678 4
9679 2
9680 1
9681 1
9682 1
9683 1
9684 1
9685 1
9686 1
9687 1
9689 1
9690 2
9691 1
9692 1
9693 1
9694 1
9695 1
9696 1
9697 1
9698 1
9699 2
9700 1
9702 1
9703 2
9704 1
9705 1
9706 1
9707 1
9708 1
9709 1
9710 1
9711 1
9713 1
9714 1
9715 1
9716 1
9717 1
9718 1
9721 1
9722 1
9725 2
9726 1
9727 1
9728 1
9729 1
9731 1
9732 1
9733 2
9734 1
9735 1
9736 1
9737 1
9738 1
9739 1
9740 1
9741 1
9742 1
9743 1
9744 1
9745 1
9746 2
9747 1
9748 1
9749 1
9750 1
9751 1
9754 1
9755 1
9757 1
9758 4
9760 1
9761 2
9762 1
9763 1
9764 1
9765 1
9766 1
9767 1
9768 1
9769 1
9770 1
9771 1
9772 2
9773 1
9774 1
9775 1
9776 2
9777 2
9778 1
9779 1
9780 1
9781 1
9782 1
9783 1
9784 2
9785 1
9786 1
9787 1
9788 2
9789 1
9790 1
9791 1
9792 1
9793 2
9794 1
9795 1
9796 1
9797 1
9798 1
9799 1
9800 1
9801 1
9802 1
9803 2
9804 1
9805 2
9806 1
9807 1
9808 1
9809 1
9810 1
9811 1
9812 1
9813 4
9814 1
9815 1
9816 1
9817 1
9818 2
9819 1
9820 2
9821 1
9822 1
9823 2
9825 2
9826 1
9827 1
9830 2
9831 1
9832 2
9833 2
9835 1
9836 1
9837 1
9838 2
9839 1
9840 1
9841 2
9843 1
9844 1
9845 3
9846 1
9847 1
9848 1
9849 1
9850 1
9851 2
9852 2
9853 1
9854 1
9856 4
9857 3
9858 2
9859 3
9860 1
9861 1
9862 1
9863 1
9864 1
9865 2
9866 1
9868 2
9869 1
9871 1
9872 1
9873 1
9875 3
9876 1
9877 1
9878 1
9879 1
9880 1
9881 1
9882 1
9883 1
9884 1
9885 1
9886 1
9887 1
9889 1
9890 1
9891 1
9892 1
9893 2
9894 1
9896 1
9897 1
9898 1
9899 1
9900 1
9901 1
9903 1
9904 1
9905 1
9906 1
9907 1
9908 3
9909 1
9910 1
9911 1
9912 1
9913 1
9914 1
9915 1
9916 1
9917 1
9918 1
9919 1
9920 1
9921 1
9922 1
9923 1
9924 1
9925 1
9926 1
9927 1
9928 1
9930 1
9931 1
9932 1
9933 1
9934 2
9935 1
9936 1
9937 1
9938 1
9939 1
9940 1
9941 1
9942 1
9943 1
9944 1
9945 1
9947 1
9949 1
9950 1
9951 1
9952 1
9953 2
9955 1
9956 1
9957 1
9958 1
9959 1
9960 1
9961 1
9962 1
9963 1
9964 1
9965 1
9966 1
9967 1
9968 1
9969 1
9970 1
9971 2
9972 1
9975 1
9976 1
9977 1
9978 1
9979 1
9980 1
9981 1
9982 1
9983 1
9984 1
