0 3
1 18
2 56
3 32
4 25
5 25
6 30
7 33
8 28
9 20
10 4
11 2
12 32
13 2
14 9
15 18
16 7
17 34
18 39
19 1
20 2
21 17
22 91
23 14
24 20
25 3356
26 10
27 8
28 22
29 9
30 18
31 75
32 14
33 18
34 16
35 17
36 337
37 5
38 8
39 1
40 16
41 19
42 4
43 5
44 5
45 8
46 5
47 2
48 4
49 8
50 17
51 20
52 2
53 14
54 22
55 23
56 2
57 10
58 5
59 8
60 5
61 12
62 8
63 3
64 243
65 11
66 13
67 11
68 7
69 2
70 18
71 328
72 18
73 13
74 16
75 10
76 76
77 39
78 7
79 7
80 8
81 6
82 16
83 11
84 3
85 7
86 21
87 16
88 56
89 38
90 7
91 18
92 23
93 12
94 35
95 19
96 25
97 21
98 8
99 7
100 7
101 282
102 5
103 14
104 12
105 51
106 7
107 55
108 156
109 8
110 8
111 266
112 11
113 13
114 13
115 22
116 7
117 11
118 10
119 23
120 12
121 21
122 27
123 5
124 11
125 2
126 5
127 6
128 7
129 4
130 4
131 6
132 25
133 10
134 57
135 16
136 4
137 17
138 4
139 1
140 3
141 4
142 7
143 1
144 27
145 1
146 6
147 12
148 2
149 1
150 63
151 3
152 11
153 1
154 12
155 10
156 3
157 20
158 1
159 8
160 2
161 6
162 4
163 2
164 4
165 3
166 3
167 2
168 7
169 2
170 12
171 11
172 18
173 6
174 1
175 5
176 2
177 16
178 1
179 37
180 6
181 7
182 11
183 4
184 3
185 12
186 3
187 4
188 1
189 3
190 4
191 2
192 1
193 6
194 18
195 3
196 15
197 16
198 7
199 9
200 3
201 11
202 2
203 4
204 7
205 24
206 7
207 4
208 5
209 5
210 2
211 11
212 4
213 1
214 5
215 3
216 3
217 8
218 6
219 3
220 3
221 4
222 8
223 5
224 7
225 7
226 9
227 2
228 12
229 21
230 11
231 23
232 1
233 1
234 9
235 30
236 6
237 3
238 6
239 2
240 9
241 9
242 8
243 7
244 1
245 6
246 3
247 6
248 39
249 1
250 3
251 8
252 5
253 40
254 7
255 1
256 9
257 12
258 9
259 20
260 1
261 1
262 9
263 22
264 14
265 1
266 6
267 27
268 2
269 15
270 2
271 1
272 5
273 4
274 13
275 4
276 7
277 11
278 1
279 7
280 5
281 12
282 3
283 5
284 9
285 11
286 5
287 13
288 5
289 15
290 10
291 14
292 1
293 15
294 5
295 15
296 10
297 13
298 8
299 20
300 21
301 4
302 8
303 9
304 5
305 28
306 8
307 20
308 4
309 11
310 13
311 12
312 3
313 6
314 13
315 6
316 2
317 12
318 10
319 21
320 5
321 3
322 5
323 7
324 5
325 5
326 3
327 6
328 4
329 4
330 1
331 4
332 4
333 3
334 1
335 8
336 4
337 1
338 4
339 2
340 2
341 1
342 13
343 2
344 5
345 3
346 4
347 11
348 17
349 18
350 22
351 3
352 2
353 2
354 8
355 5
356 5
357 5
358 4
359 6
360 7
361 12
362 15
363 7
364 6
365 6
366 6
367 9
368 11
369 14
370 2
371 2
372 3
373 5
374 11
375 1
376 5
377 4
378 13
379 3
380 3
381 5
382 6
383 16
384 5
385 6
386 52
387 3
388 16
389 12
390 9
391 1
392 4
393 12
394 7
395 2
396 12
397 1
398 5
399 2
400 9
401 4
402 19
403 3
404 1
405 2
406 4
407 6
408 2
409 4
410 9
411 5
412 2
413 10
414 6
415 3
416 1
417 13
418 12
419 8
420 35
421 15
422 7
423 2
424 7
425 4
426 1
427 2
428 39
429 9
430 13
431 6
432 2
433 2
434 7
435 7
436 7
437 3
438 3
439 10
440 10
441 5
442 17
443 2
444 4
445 11
446 3
447 2
448 12
449 3
450 9
451 2
452 10
453 22
454 3
455 28
456 2
457 10
458 2
459 1
460 1
461 3
462 4
463 3
464 2
465 2
466 7
467 7
468 5
469 6
470 14
471 1
472 7
473 13
474 7
475 10
476 12
477 5
478 4
479 1
480 1
481 1
482 8
483 2
484 1
485 16
486 9
487 5
488 3
489 1
490 4
491 9
492 3
493 10
494 18
495 5
496 31
497 31
498 2
499 8
500 2
501 22
502 4
503 7
504 29
505 1
506 8
507 1
508 1
509 3
510 15
511 8
512 4
513 1
514 4
515 9
516 1
517 1
518 3
519 5
520 2
521 3
522 1
523 1
524 2
525 5
526 3
527 18
528 3
529 9
530 30
531 22
532 7
533 11
534 11
535 11
536 1
537 3
538 5
539 13
540 2
541 12
542 1
543 8
544 4
545 2
546 4
547 68
548 2
549 8
550 6
551 7
552 4
553 18
554 4
555 9
556 10
557 2
558 16
559 5
560 13
561 3
562 5
563 3
564 2
565 3
566 6
567 7
568 2
569 11
570 1
571 1
572 18
573 3
574 1
575 8
576 1
577 1
578 2
579 1
580 8
581 5
582 5
583 7
584 34
585 1
586 17
587 4
588 4
589 5
590 19
591 2
592 5
593 13
594 2
595 5
596 1
597 3
598 4
599 2
600 2
601 2
602 16
603 23
604 9
605 1
606 4
607 2
608 30
609 2
610 3
611 24
612 8
613 4
614 2
615 1
616 4
617 2
618 5
619 7
620 3
621 3
622 8
623 3
624 1
625 4
626 2
627 1
628 7
629 7
630 16
631 12
632 2
633 4
634 1
635 7
636 12
637 17
638 2
639 2
640 15
641 5
642 11
643 8
644 3
645 7
646 5
647 3
648 2
649 8
650 1
651 14
652 4
653 4
654 24
655 11
656 13
657 1
658 8
659 8
660 9
661 16
662 7
663 3
664 3
665 10
666 2
667 6
668 1
669 6
670 5
671 15
672 8
673 2
674 4
675 6
676 5
677 49
678 21
679 1
680 5
681 5
682 2
683 2
684 9
685 2
686 4
687 9
688 4
689 7
690 4
691 1
692 3
693 4
694 2
695 12
696 7
697 4
698 6
699 1
700 18
701 2
702 2
703 19
704 8
705 1
706 5
707 2
708 2
709 3
710 25
711 11
712 1
713 11
714 6
715 5
716 15
717 3
718 9
719 2
720 5
721 3
722 19
723 3
724 3
725 7
726 7
727 2
728 4
729 14
730 8
731 2
732 2
733 1
734 9
735 6
736 10
737 7
738 3
739 12
740 2
741 1
742 2
743 5
744 8
745 6
746 11
747 9
748 3
749 3
750 9
751 3
752 20
753 1
754 3
755 3
756 2
757 3
758 1
759 2
760 15
761 9
762 1
763 4
764 4
765 2
766 12
767 12
768 9
769 6
770 4
771 5
772 11
773 12
774 3
775 14
776 3
777 3
778 5
779 6
780 3
781 2
782 16
783 6
784 11
785 10
786 1
787 9
788 2
789 1
790 6
791 6
792 14
793 2
794 4
795 16
796 4
797 21
798 1
799 3
800 6
801 5
802 9
803 8
804 14
805 4
806 11
807 3
808 1
809 6
810 4
811 3
812 1
813 14
814 3
815 6
816 3
817 8
818 8
819 15
820 14
821 4
822 1
823 7
824 2
825 2
826 3
827 1
828 4
829 5
830 8
831 5
832 7
833 4
834 11
835 7
836 9
837 8
838 41
839 24
840 3
841 4
842 1
843 5
844 3
845 4
846 2
847 1
848 6
849 1
850 4
851 1
852 1
853 1
854 1
855 4
856 2
857 9
858 11
859 10
860 2
861 12
862 26
863 7
864 8
865 13
866 8
867 15
868 2
869 3
870 35
871 7
872 4
873 3
874 2
875 8
876 18
877 5
878 4
879 13
880 7
881 1
882 3
883 2
884 1
885 1
886 9
887 3
888 9
889 19
890 3
891 15
892 7
893 11
894 2
895 10
896 10
897 1
898 7
899 9
900 1
901 3
902 1
903 4
904 7
905 28
906 2
907 6
908 8
909 2
910 1
911 27
912 9
913 6
914 8
915 3
916 11
917 8
918 29
919 4
920 14
921 2
922 6
923 3
924 7
925 5
926 3
927 1
928 6
929 4
930 32
931 4
932 11
933 2
934 35
935 7
936 1
937 34
938 16
939 1
940 5
941 15
942 12
943 1
944 1
945 2
946 9
947 4
948 3
949 12
950 7
951 5
952 16
953 2
954 9
955 9
956 2
957 1
958 8
959 7
960 1
961 2
962 5
963 3
964 13
965 9
966 12
967 5
968 3
969 10
970 2
971 1
972 1
973 6
974 1
975 2
976 13
977 3
978 1
979 9
980 22
981 7
982 6
983 4
984 1
985 9
986 30
987 2
988 3
989 9
990 10
991 5
992 6
993 2
994 5
995 3
996 8
997 12
998 13
999 10
1000 8
1001 12
1002 4
1003 22
1004 7
1005 14
1006 4
1007 12
1008 12
1009 24
1010 7
1011 3
1012 1
1013 15
1014 62
1015 3
1016 1
1017 4
1018 19
1019 8
1020 2
1021 4
1022 4
1023 8
1024 5
1025 3
1026 2
1027 8
1028 5
1029 7
1030 4
1031 6
1032 24
1033 21
1034 15
1035 4
1036 4
1037 5
1038 3
1039 13
1040 1
1041 4
1042 10
1043 3
1044 37
1045 2
1046 5
1047 1
1048 1
1049 3
1050 13
1051 5
1052 2
1053 28
1054 1
1055 29
1056 9
1057 3
1058 2
1059 12
1060 2
1061 2
1062 16
1063 5
1064 4
1065 3
1066 4
1067 9
1068 1
1069 7
1070 3
1071 3
1072 32
1073 10
1074 10
1075 10
1076 9
1077 15
1078 43
1079 9
1080 3
1081 21
1082 6
1083 2
1084 1
1085 5
1086 9
1087 1
1088 6
1089 3
1090 14
1091 5
1092 5
1093 4
1094 14
1095 5
1096 4
1097 2
1098 17
1099 2
1100 2
1101 12
1102 6
1103 7
1104 1
1105 1
1106 6
1107 7
1108 4
1109 22
1110 2
1111 5
1112 3
1113 3
1114 6
1115 7
1116 15
1117 5
1118 7
1119 3
1120 8
1121 1
1122 1
1123 3
1124 12
1125 18
1126 28
1127 2
1128 8
1129 14
1130 2
1131 3
1132 3
1133 3
1134 13
1135 1
1136 14
1137 9
1138 18
1139 4
1140 16
1141 3
1142 3
1143 7
1144 13
1145 1
1146 3
1147 2
1148 2
1149 4
1150 1
1151 6
1152 7
1153 17
1154 4
1155 1
1156 3
1157 2
1158 4
1159 2
1160 4
1161 5
1162 22
1163 5
1164 1
1165 5
1166 12
1167 13
1168 5
1169 1
1170 4
1171 4
1172 7
1173 7
1174 3
1175 1
1176 5
1177 9
1178 4
1179 1
1180 1
1181 16
1182 4
1183 3
1184 1
1185 28
1186 22
1187 15
1188 4
1189 11
1190 13
1191 2
1192 11
1193 5
1194 4
1195 3
1196 37
1197 1
1198 16
1199 29
1200 1
1201 4
1202 3
1203 23
1204 4
1205 25
1206 11
1207 16
1208 5
1209 5
1210 95
1211 18
1212 3
1213 1
1214 15
1215 4
1216 3
1217 3
1218 5
1219 8
1220 12
1221 2
1222 10
1223 6
1224 5
1225 5
1226 3
1227 2
1228 2
1229 45
1230 1
1231 28
1232 8
1233 1
1234 1
1235 3
1236 1
1237 5
1238 14
1239 13
1240 20
1241 2
1242 2
1243 1
1244 20
1245 1
1246 1
1247 4
1248 20
1249 4
1250 4
1251 6
1252 31
1253 23
1254 2
1255 3
1256 7
1257 38
1258 3
1259 13
1260 2
1261 5
1262 2
1263 2
1264 1
1265 11
1266 38
1267 6
1268 10
1269 7
1270 2
1271 1
1272 51
1273 11
1274 8
1275 2
1276 10
1277 5
1278 36
1279 2
1280 3
1281 8
1282 5
1283 4
1284 2
1285 5
1286 13
1287 2
1288 9
1289 7
1290 26
1291 4
1292 5
1293 2
1294 7
1295 3
1296 19
1297 2
1298 3
1299 3
1300 3
1301 5
1302 3
1303 5
1304 8
1305 9
1306 1
1307 8
1308 3
1309 7
1310 5
1311 18
1312 8
1313 7
1314 2
1315 19
1316 2
1317 5
1318 3
1319 1
1320 2
1321 16
1322 35
1323 1
1324 3
1325 7
1326 3
1327 15
1328 1
1329 5
1330 4
1331 4
1332 2
1333 1
1334 3
1335 6
1336 3
1337 1
1338 3
1339 7
1340 3
1341 9
1342 14
1343 5
1344 3
1345 1
1346 3
1347 19
1348 2
1349 3
1350 2
1351 14
1352 1
1353 27
1354 3
1355 16
1356 5
1357 1
1358 2
1359 6
1360 13
1361 66
1362 1
1363 10
1364 12
1365 5
1366 9
1367 1
1368 5
1369 11
1370 3
1371 4
1372 4
1373 3
1374 5
1375 2
1376 6
1377 1
1378 3
1379 3
1380 10
1381 1
1382 12
1383 15
1384 5
1385 6
1386 3
1387 2
1388 4
1389 10
1390 2
1391 4
1392 10
1393 1
1394 8
1395 2
1396 5
1397 12
1398 4
1399 15
1400 25
1401 6
1402 6
1403 7
1404 7
1405 4
1406 2
1407 4
1408 5
1409 8
1410 4
1411 5
1412 1
1413 23
1414 61
1415 4
1416 2
1417 8
1418 8
1419 3
1420 13
1421 6
1422 1
1423 6
1424 4
1425 3
1426 1
1427 1
1428 2
1429 2
1430 14
1431 4
1432 7
1433 8
1434 1
1435 3
1436 3
1437 18
1438 1
1439 6
1440 3
1441 8
1442 8
1443 9
1444 1
1445 2
1446 22
1447 8
1448 6
1449 4
1450 8
1451 7
1452 1
1453 13
1454 16
1455 6
1456 3
1457 5
1458 9
1459 3
1460 7
1461 1
1462 10
1463 10
1464 5
1465 3
1466 1
1467 1
1468 4
1469 14
1470 4
1471 2
1472 3
1473 6
1474 3
1475 9
1476 2
1477 15
1478 1
1479 1
1480 4
1481 16
1482 2
1483 5
1484 1
1485 10
1486 5
1487 5
1488 4
1489 14
1490 5
1491 4
1492 3
1493 9
1494 8
1495 29
1496 8
1497 6
1498 18
1499 3
1500 3
1501 4
1502 2
1503 3
1504 18
1505 2
1506 19
1507 17
1508 8
1509 24
1510 60
1511 1
1512 3
1513 2
1514 7
1515 7
1516 45
1517 3
1518 15
1519 6
1520 11
1521 17
1522 9
1523 4
1524 4
1525 17
1526 6
1527 11
1528 2
1529 2
1530 5
1531 15
1532 4
1533 5
1534 2
1535 7
1536 2
1537 2
1538 5
1539 2
1540 17
1541 3
1542 17
1543 10
1544 1
1545 11
1546 2
1547 2
1548 8
1549 4
1550 4
1551 4
1552 24
1553 3
1554 12
1555 1
1556 17
1557 3
1558 3
1559 8
1560 4
1561 17
1562 1
1563 14
1564 11
1565 14
1566 2
1567 5
1568 3
1569 12
1570 3
1571 1
1572 4
1573 5
1574 81
1575 13
1576 1
1577 8
1578 1
1579 3
1580 2
1581 31
1582 5
1583 5
1584 1
1585 4
1586 6
1587 6
1588 3
1589 2
1590 16
1591 5
1592 4
1593 1
1594 1
1595 11
1596 7
1597 3
1598 11
1599 9
1600 18
1601 17
1602 9
1603 3
1604 4
1605 1
1606 8
1607 10
1608 23
1609 2
1610 8
1611 3
1612 5
1613 1
1614 1
1615 8
1616 6
1617 12
1618 2
1619 1
1620 6
1621 6
1622 1
1623 10
1624 2
1625 13
1626 3
1627 4
1628 1
1629 19
1630 11
1631 8
1632 29
1633 2
1634 20
1635 5
1636 6
1637 12
1638 13
1639 8
1640 8
1641 1
1642 1
1643 4
1644 16
1645 4
1646 13
1647 9
1648 5
1649 10
1650 17
1651 4
1652 1
1653 10
1654 1
1655 3
1656 2
1657 3
1658 1
1659 5
1660 4
1661 12
1662 4
1663 1
1664 6
1665 9
1666 7
1667 1
1668 8
1669 50
1670 2
1671 3
1672 11
1673 11
1674 5
1675 2
1676 2
1677 3
1678 2
1679 1
1680 4
1681 5
1682 6
1683 4
1684 3
1685 2
1686 5
1687 1
1688 6
1689 1
1690 9
1691 6
1692 15
1693 4
1694 9
1695 19
1696 3
1697 1
1698 5
1699 7
1700 1
1701 3
1702 3
1703 11
1704 8
1705 1
1706 11
1707 1
1708 5
1709 7
1710 5
1711 2
1712 2
1713 4
1714 2
1715 15
1716 8
1717 3
1718 1
1719 24
1720 6
1721 7
1722 13
1723 19
1724 7
1725 8
1726 3
1727 13
1728 12
1729 1
1730 2
1731 10
1732 1
1733 9
1734 1
1735 27
1736 2
1737 4
1738 2
1739 1
1740 1
1741 4
1742 11
1743 4
1744 15
1745 9
1746 3
1747 4
1748 9
1749 1
1750 9
1751 2
1752 8
1753 4
1754 3
1755 4
1756 20
1757 3
1758 3
1759 2
1760 4
1761 20
1762 2
1763 8
1764 6
1765 2
1766 5
1767 29
1768 6
1769 1
1770 15
1771 3
1772 11
1773 15
1774 11
1775 2
1776 8
1777 17
1778 1
1779 5
1780 1
1781 4
1782 6
1783 26
1784 4
1785 3
1786 8
1787 1
1788 3
1789 3
1790 10
1791 4
1792 4
1793 2
1794 7
1795 5
1796 4
1797 3
1798 24
1799 4
1800 24
1801 2
1802 24
1803 3
1804 4
1805 3
1806 21
1807 21
1808 7
1809 4
1810 3
1811 8
1812 1
1813 1
1814 7
1815 1
1816 10
1817 4
1818 5
1819 42
1820 14
1821 4
1822 4
1823 13
1824 4
1825 6
1826 18
1827 4
1828 5
1829 5
1830 7
1831 3
1832 12
1833 1
1834 3
1835 1
1836 26
1837 1
1838 1
1839 4
1840 7
1841 9
1842 24
1843 2
1844 2
1845 1
1846 20
1847 6
1848 5
1849 1
1850 2
1851 17
1852 3
1853 2
1854 2
1855 2
1856 2
1857 4
1858 2
1859 5
1860 2
1861 3
1862 2
1863 13
1864 26
1865 12
1866 2
1867 3
1868 5
1869 4
1870 2
1871 1
1872 1
1873 5
1874 9
1875 5
1876 27
1877 5
1878 8
1879 16
1880 3
1881 2
1882 9
1883 4
1884 5
1885 7
1886 2
1887 3
1888 8
1889 5
1890 2
1891 15
1892 6
1893 5
1894 5
1895 7
1896 3
1897 2
1898 17
1899 1
1900 8
1901 4
1902 1
1903 1
1904 3
1905 7
1906 5
1907 5
1908 2
1909 14
1910 2
1911 41
1912 2
1913 5
1914 3
1915 2
1916 2
1917 8
1918 5
1919 1
1920 1
1921 18
1922 10
1923 1
1924 2
1925 4
1926 3
1927 3
1928 6
1929 16
1930 4
1931 9
1932 3
1933 1
1934 6
1935 11
1936 5
1937 2
1938 3
1939 3
1940 2
1941 2
1942 34
1943 3
1944 7
1945 3
1946 7
1947 6
1948 5
1949 6
1950 5
1951 1
1952 9
1953 4
1954 1
1955 9
1956 1
1957 9
1958 5
1959 3
1960 3
1961 3
1962 2
1963 3
1964 3
1965 1
1966 3
1967 9
1968 7
1969 8
1970 1
1971 6
1972 4
1973 3
1974 19
1975 5
1976 7
1977 1
1978 2
1979 2
1980 1
1981 12
1982 8
1983 16
1984 4
1985 22
1986 8
1987 6
1988 1
1989 6
1990 17
1991 1
1992 4
1993 44
1994 7
1995 4
1996 2
1997 2
1998 7
1999 1
2000 1
2001 15
2002 6
2003 1
2004 6
2005 18
2006 15
2007 6
2008 1
2009 1
2010 1
2011 13
2012 1
2013 9
2014 7
2015 4
2016 5
2017 2
2018 3
2019 14
2020 3
2021 13
2022 10
2023 15
2024 4
2025 8
2026 1
2027 2
2028 2
2029 2
2030 14
2031 11
2032 13
2033 4
2034 9
2035 6
2036 7
2037 4
2038 7
2039 4
2040 15
2041 48
2042 4
2043 2
2044 9
2045 2
2046 14
2047 2
2048 9
2049 3
2050 21
2051 2
2052 4
2053 9
2054 2
2055 2
2056 29
2057 9
2058 9
2059 7
2060 5
2061 11
2062 1
2063 3
2064 2
2065 10
2066 6
2067 1
2068 7
2069 2
2070 1
2071 3
2072 2
2073 1
2074 6
2075 1
2076 2
2077 1
2078 5
2079 2
2080 2
2081 2
2082 4
2083 12
2084 13
2085 8
2086 1
2087 8
2088 1
2089 49
2090 9
2091 6
2092 9
2093 1
2094 2
2095 18
2096 1
2097 40
2098 3
2099 3
2100 3
2101 12
2102 8
2103 3
2104 16
2105 7
2106 10
2107 3
2108 4
2109 17
2110 1
2111 2
2112 11
2113 13
2114 17
2115 11
2116 1
2117 6
2118 5
2119 2
2120 15
2121 4
2122 1
2123 11
2124 1
2125 4
2126 6
2127 5
2128 2
2129 6
2130 7
2131 7
2132 1
2133 12
2134 1
2135 11
2136 6
2137 2
2138 8
2139 4
2140 21
2141 4
2142 2
2143 19
2144 2
2145 24
2146 4
2147 9
2148 2
2149 8
2150 3
2151 1
2152 6
2153 9
2154 9
2155 3
2156 5
2157 6
2158 7
2159 3
2160 15
2161 1
2162 6
2163 2
2164 18
2165 3
2166 4
2167 5
2168 7
2169 5
2170 2
2171 9
2172 2
2173 3
2174 3
2175 2
2176 5
2177 6
2178 1
2179 15
2180 7
2181 3
2182 5
2183 1
2184 2
2185 2
2186 1
2187 3
2188 1
2189 2
2190 13
2191 3
2192 6
2193 1
2194 2
2195 1
2196 1
2197 6
2198 4
2199 7
2200 1
2201 5
2202 1
2203 23
2204 4
2205 2
2206 5
2207 4
2208 2
2209 4
2210 16
2211 2
2212 14
2213 5
2214 8
2215 6
2216 3
2217 17
2218 7
2219 13
2220 7
2221 6
2222 9
2223 2
2224 8
2225 1
2226 38
2227 2
2228 19
2229 6
2230 10
2231 3
2232 5
2233 16
2234 18
2235 22
2236 3
2237 3
2238 23
2239 2
2240 2
2241 2
2242 21
2243 5
2244 23
2245 6
2246 4
2247 2
2248 2
2249 1
2250 5
2251 8
2252 1
2253 13
2254 10
2255 14
2256 2
2257 3
2258 5
2259 5
2260 2
2261 13
2262 4
2263 1
2264 1
2265 18
2266 6
2267 1
2268 3
2269 7
2270 4
2271 5
2272 1
2273 5
2274 1
2275 8
2276 1
2277 3
2278 4
2279 3
2280 6
2281 2
2282 1
2283 1
2284 6
2285 12
2286 3
2287 4
2288 1
2289 11
2290 2
2291 46
2292 9
2293 10
2294 1
2295 3
2296 7
2297 2
2298 5
2299 9
2300 2
2301 2
2302 19
2303 59
2304 15
2305 9
2306 6
2307 5
2308 11
2309 4
2310 1
2311 4
2312 11
2313 14
2314 3
2315 19
2316 7
2317 1
2318 6
2319 3
2320 3
2321 17
2322 6
2323 8
2324 5
2325 8
2326 3
2327 8
2328 8
2329 9
2330 1
2331 3
2332 13
2333 10
2334 2
2335 12
2336 3
2337 5
2338 21
2339 25
2340 2
2341 7
2342 12
2343 7
2344 6
2345 1
2346 15
2347 1
2348 4
2349 1
2350 1
2351 1
2352 4
2353 9
2354 2
2355 12
2356 26
2357 3
2358 3
2359 6
2360 7
2361 12
2362 3
2363 5
2364 6
2365 2
2366 9
2367 3
2368 6
2369 3
2370 9
2371 4
2372 7
2373 1
2374 17
2375 2
2376 24
2377 3
2378 5
2379 10
2380 8
2381 26
2382 23
2383 11
2384 2
2385 7
2386 31
2387 18
2388 1
2389 1
2390 2
2391 9
2392 4
2393 12
2394 6
2395 15
2396 3
2397 3
2398 3
2399 6
2400 3
2401 7
2402 5
2403 1
2404 4
2405 7
2406 21
2407 2
2408 8
2409 4
2410 65
2411 3
2412 16
2413 2
2414 6
2415 7
2416 3
2417 5
2418 28
2419 9
2420 4
2421 7
2422 1
2423 9
2424 1
2425 9
2426 1
2427 6
2428 2
2429 19
2430 6
2431 8
2432 4
2433 12
2434 33
2435 7
2436 5
2437 5
2438 8
2439 5
2440 15
2441 10
2442 5
2443 3
2444 32
2445 8
2446 5
2447 8
2448 4
2449 7
2450 3
2451 14
2452 6
2453 8
2454 19
2455 6
2456 1
2457 2
2458 15
2459 8
2460 4
2461 12
2462 6
2463 15
2464 6
2465 3
2466 8
2467 89
2468 21
2469 34
2470 7
2471 18
2472 2
2473 5
2474 3
2475 6
2476 11
2477 10
2478 8
2479 24
2480 5
2481 11
2482 5
2483 10
2484 20
2485 9
2486 7
2487 16
2488 4
2489 6
2490 5
2491 4
2492 3
2493 7
2494 8
2495 8
2496 4
2497 6
2498 30
2499 5
2500 18
2501 1
2502 4
2503 2
2504 2
2505 17
2506 8
2507 7
2508 3
2509 1
2510 24
2511 6
2512 2
2513 4
2514 7
2515 2
2516 1
2517 4
2518 3
2519 11
2520 1
2521 6
2522 6
2523 2
2524 8
2525 3
2526 8
2527 3
2528 3
2529 3
2530 6
2531 25
2532 6
2533 17
2534 4
2535 4
2536 12
2537 4
2538 2
2539 2
2540 3
2541 16
2542 4
2543 4
2544 34
2545 15
2546 4
2547 2
2548 2
2549 8
2550 18
2551 4
2552 12
2553 13
2554 3
2555 6
2556 12
2557 8
2558 4
2559 9
2560 3
2561 10
2562 2
2563 2
2564 11
2565 8
2566 10
2567 1
2568 1
2569 4
2570 5
2571 5
2572 3
2573 6
2574 13
2575 2
2576 7
2577 1
2578 1
2579 20
2580 3
2581 2
2582 1
2583 15
2584 23
2585 2
2586 21
2587 7
2588 1
2589 9
2590 7
2591 4
2592 10
2593 3
2594 2
2595 5
2596 9
2597 1
2598 2
2599 5
2600 2
2601 3
2602 9
2603 5
2604 7
2605 3
2606 3
2607 3
2608 4
2609 6
2610 6
2611 11
2612 2
2613 3
2614 21
2615 19
2616 10
2617 2
2618 9
2619 17
2620 7
2621 5
2622 9
2623 1
2624 5
2625 6
2626 1
2627 6
2628 9
2629 8
2630 1
2631 2
2632 8
2633 3
2634 7
2635 11
2636 5
2637 4
2638 4
2639 2
2640 15
2641 13
2642 4
2643 3
2644 2
2645 1
2646 6
2647 28
2648 2
2649 3
2650 6
2651 1
2652 3
2653 6
2654 5
2655 3
2656 2
2657 2
2658 4
2659 9
2660 6
2661 4
2662 3
2663 2
2664 23
2665 5
2666 3
2667 2
2668 5
2669 3
2670 5
2671 9
2672 3
2673 3
2674 6
2675 10
2676 13
2677 2
2678 3
2679 23
2680 33
2681 4
2682 6
2683 6
2684 3
2685 5
2686 2
2687 12
2688 12
2689 9
2690 11
2691 13
2692 1
2693 5
2694 9
2695 2
2696 6
2697 4
2698 1
2699 20
2700 12
2701 8
2702 5
2703 10
2704 1
2705 3
2706 6
2707 1
2708 1
2709 6
2710 1
2711 1
2712 1
2713 17
2714 3
2715 1
2716 17
2717 5
2718 2
2719 2
2720 8
2721 7
2722 1
2723 19
2724 8
2725 12
2726 15
2727 9
2728 2
2729 8
2730 9
2731 13
2732 4
2733 2
2734 3
2735 4
2736 6
2737 1
2738 2
2739 2
2740 3
2741 7
2742 9
2743 12
2744 8
2745 7
2746 20
2747 25
2748 4
2749 5
2750 2
2751 2
2752 1
2753 5
2754 9
2755 2
2756 1
2757 5
2758 21
2759 12
2760 3
2761 10
2762 2
2763 12
2764 5
2765 2
2766 3
2767 7
2768 2
2769 2
2770 2
2771 4
2772 5
2773 6
2774 18
2775 4
2776 7
2777 2
2778 2
2779 3
2780 4
2781 2
2782 9
2783 2
2784 5
2785 1
2786 1
2787 1
2788 2
2789 6
2790 9
2791 3
2792 6
2793 7
2794 3
2795 12
2796 6
2797 1
2798 15
2799 2
2800 1
2801 2
2802 36
2803 3
2804 4
2805 3
2806 4
2807 2
2808 10
2809 2
2810 1
2811 4
2812 17
2813 12
2814 9
2815 2
2816 2
2817 2
2818 16
2819 9
2820 5
2821 3
2822 1
2823 3
2824 10
2825 7
2826 6
2827 3
2828 1
2829 3
2830 6
2831 20
2832 16
2833 4
2834 3
2835 7
2836 6
2837 2
2838 3
2839 11
2840 22
2841 12
2842 4
2843 2
2844 11
2845 11
2846 4
2847 5
2848 11
2849 23
2850 8
2851 6
2852 4
2853 6
2854 13
2855 1
2856 1
2857 18
2858 2
2859 20
2860 2
2861 33
2862 7
2863 6
2864 7
2865 16
2866 4
2867 7
2868 8
2869 2
2870 5
2871 2
2872 3
2873 15
2874 4
2875 1
2876 42
2877 2
2878 15
2879 1
2880 3
2881 15
2882 8
2883 1
2884 5
2885 2
2886 22
2887 7
2888 1
2889 11
2890 22
2891 10
2892 4
2893 4
2894 6
2895 7
2896 20
2897 8
2898 3
2899 2
2900 1
2901 18
2902 2
2903 4
2904 10
2905 1
2906 2
2907 3
2908 14
2909 3
2910 3
2911 14
2912 11
2913 2
2914 5
2915 12
2916 119
2917 3
2918 5
2919 10
2920 3
2921 10
2922 8
2923 10
2924 9
2925 11
2926 7
2927 4
2928 4
2929 2
2930 3
2931 7
2932 4
2933 17
2934 9
2935 9
2936 19
2937 1
2938 25
2939 39
2940 4
2941 1
2942 2
2943 8
2944 6
2945 1
2946 7
2947 1
2948 3
2949 11
2950 1
2951 8
2952 8
2953 6
2954 27
2955 3
2956 19
2957 8
2958 3
2959 9
2960 9
2961 6
2962 9
2963 2
2964 7
2965 1
2966 13
2967 1
2968 6
2969 2
2970 3
2971 15
2972 9
2973 4
2974 16
2975 2
2976 2
2977 1
2978 10
2979 3
2980 2
2981 5
2982 15
2983 17
2984 8
2985 8
2986 3
2987 13
2988 2
2989 8
2990 4
2991 10
2992 2
2993 6
2994 5
2995 1
2996 9
2997 2
2998 10
2999 8
3000 4
3001 3
3002 2
3003 56
3004 14
3005 2
3006 1
3007 7
3008 6
3009 3
3010 1
3011 8
3012 1
3013 3
3014 10
3015 1
3016 17
3017 12
3018 5
3019 2
3020 8
3021 2
3022 3
3023 17
3024 22
3025 5
3026 3
3027 10
3028 12
3029 3
3030 7
3031 6
3032 5
3033 12
3034 4
3035 6
3036 8
3037 7
3038 8
3039 3
3040 3
3041 11
3042 2
3043 1
3044 14
3045 19
3046 1
3047 7
3048 6
3049 4
3050 2
3051 4
3052 4
3053 5
3054 2
3055 3
3056 4
3057 29
3058 27
3059 4
3060 2
3061 8
3062 5
3063 8
3064 9
3065 17
3066 6
3067 7
3068 5
3069 4
3070 1
3071 8
3072 8
3073 1
3074 4
3075 8
3076 2
3077 3
3078 4
3079 9
3080 4
3081 21
3082 4
3083 3
3084 2
3085 13
3086 6
3087 7
3088 5
3089 6
3090 2
3091 9
3092 10
3093 2
3094 4
3095 32
3096 35
3097 4
3098 9
3099 1
3100 32
3101 10
3102 12
3103 3
3104 8
3105 12
3106 3
3107 7
3108 5
3109 2
3110 58
3111 5
3112 63
3113 48
3114 34
3115 42
3116 39
3117 97
3118 32
3119 24
3120 346
3121 21
3122 26
3123 11
3124 53
3125 5
3126 6
3127 12
3128 7
3129 15
3130 8
3131 2
3132 2
3133 42
3134 5
3135 2
3136 16
3137 2
3138 7
3139 5
3140 7
3141 31
3142 3
3143 36
3144 11
3145 4
3146 5
3147 9
3148 3
3149 4
3150 14
3151 3
3152 5
3153 9
3154 1
3155 14
3156 11
3157 1
3158 3
3159 1
3160 4
3161 9
3162 8
3163 3
3164 16
3165 18
3166 7
3167 5
3168 21
3169 4
3170 2
3171 1
3172 47
3173 15
3174 18
3175 1
3176 4
3177 2
3178 9
3179 3
3180 4
3181 2
3182 7
3183 4
3184 13
3185 10
3186 2
3187 28
3188 3
3189 22
3190 2
3191 7
3192 4
3193 5
3194 6
3195 12
3196 14
3197 2
3198 38
3199 6
3200 2
3201 2
3202 7
3203 6
3204 9
3205 7
3206 6
3207 13
3208 28
3209 5
3210 10
3211 10
3212 10
3213 6
3214 2
3215 6
3216 10
3217 2
3218 4
3219 7
3220 20
3221 2
3222 7
3223 3
3224 8
3225 7
3226 3
3227 3
3228 4
3229 34
3230 7
3231 23
3232 3
3233 12
3234 12
3235 1
3236 11
3237 55
3238 2
3239 13
3240 13
3241 5
3242 7
3243 63
3244 18
3245 5
3246 11
3247 5
3248 14
3249 5
3250 1
3251 2
3252 3
3253 4
3254 3
3255 8
3256 23
3257 10
3258 3
3259 22
3260 13
3261 9
3262 5
3263 5
3264 8
3265 6
3266 4
3267 20
3268 2
3269 10
3270 14
3271 1
3272 4
3273 7
3274 54
3275 3
3276 4
3277 3
3278 3
3279 4
3280 17
3281 8
3282 12
3283 3
3284 4
3285 1
3286 3
3287 4
3288 4
3289 8
3290 14
3291 15
3292 12
3293 2
3294 4
3295 6
3296 1
3297 8
3298 8
3299 2
3300 15
3301 5
3302 1
3303 6
3304 10
3305 4
3306 4
3307 9
3308 2
3309 7
3310 5
3311 4
3312 18
3313 14
3314 6
3315 13
3316 5
3317 6
3318 7
3319 5
3320 2
3321 9
3322 11
3323 39
3324 10
3325 4
3326 7
3327 5
3328 2
3329 1
3330 1
3331 8
3332 8
3333 13
3334 3
3335 20
3336 5
3337 13
3338 15
3339 3
3340 15
3341 4
3342 9
3343 5
3344 18
3345 3
3346 7
3347 6
3348 47
3349 1
3350 19
3351 16
3352 21
3353 24
3354 2
3355 5
3356 1
3357 9
3358 3
3359 19
3360 16
3361 11
3362 1
3363 10
3364 15
3365 4
3366 7
3367 17
3368 4
3369 2
3370 2
3371 5
3372 3
3373 11
3374 2
3375 5
3376 7
3377 10
3378 4
3379 6
3380 7
3381 2
3382 13
3383 2
3384 3
3385 5
3386 5
3387 4
3388 31
3389 22
3390 12
3391 5
3392 7
3393 12
3394 5
3395 3
3396 14
3397 6
3398 2
3399 9
3400 5
3401 4
3402 3
3403 12
3404 6
3405 8
3406 1
3407 3
3408 3
3409 14
3410 13
3411 5
3412 16
3413 5
3414 6
3415 3
3416 1
3417 4
3418 7
3419 8
3420 14
3421 3
3422 19
3423 7
3424 12
3425 11
3426 6
3427 3
3428 4
3429 3
3430 11
3431 19
3432 4
3433 19
3434 2
3435 3
3436 12
3437 14
3438 6
3439 18
3440 5
3441 4
3442 26
3443 11
3444 4
3445 35
3446 3
3447 8
3448 3
3449 2
3450 29
3451 2
3452 7
3453 6
3454 4
3455 11
3456 15
3457 7
3458 9
3459 7
3460 4
3461 2
3462 6
3463 14
3464 28
3465 13
3466 11
3467 4
3468 2
3469 21
3470 6
3471 2
3472 14
3473 10
3474 16
3475 6
3476 33
3477 11
3478 9
3479 16
3480 7
3481 5
3482 2
3483 10
3484 8
3485 27
3486 12
3487 18
3488 4
3489 13
3490 22
3491 15
3492 21
3493 4
3494 6
3495 10
3496 15
3497 14
3498 22
3499 14
3500 57
3501 2
3502 8
3503 4
3504 13
3505 4
3506 4
3507 18
3508 2
3509 9
3510 5
3511 3
3512 2
3513 11
3514 4
3515 2
3516 5
3517 10
3518 19
3519 100
3520 3
3521 2
3522 23
3523 4
3524 3
3525 21
3526 26
3527 4
3528 2
3529 5
3530 36
3531 15
3532 4
3533 5
3534 5
3535 10
3536 5
3537 4
3538 13
3539 5
3540 20
3541 142
3542 16
3543 5
3544 17
3545 6
3546 15
3547 3
3548 20
3549 1
3550 18
3551 1
3552 17
3553 12
3554 11
3555 4
3556 3
3557 5
3558 2
3559 5
3560 20
3561 2
3562 11
3563 4
3564 1
3565 12
3566 11
3567 8
3568 6
3569 42
3570 3
3571 28
3572 3
3573 7
3574 8
3575 3
3576 3
3577 3
3578 1
3579 1
3580 12
3581 8
3582 5
3583 2
3584 3
3585 3
3586 58
3587 5
3588 17
3589 45
3590 50
3591 3
3592 19
3593 19
3594 5
3595 4
3596 20
3597 12
3598 13
3599 60
3600 4
3601 9
3602 16
3603 3
3604 1
3605 32
3606 4
3607 3
3608 2
3609 3
3610 17
3611 3
3612 1
3613 3
3614 15
3615 4
3616 70
3617 3
3618 5
3619 7
3620 13
3621 1
3622 16
3623 7
3624 1
3625 1
3626 9
3627 6
3628 4
3629 19
3630 26
3631 1
3632 25
3633 28
3634 2
3635 1
3636 3
3637 4
3638 8
3639 4
3640 11
3641 4
3642 8
3643 4
3644 25
3645 3
3646 12
3647 12
3648 4
3649 23
3650 11
3651 8
3652 16
3653 16
3654 36
3655 5
3656 14
3657 4
3658 17
3659 2
3660 4
3661 1
3662 17
3663 6
3664 11
3665 4
3666 4
3667 23
3668 16
3669 2
3670 8
3671 20
3672 3
3673 6
3674 2
3675 9
3676 7
3677 4
3678 11
3679 6
3680 21
3681 3
3682 21
3683 18
3684 5
3685 11
3686 5
3687 37
3688 33
3689 15
3690 2
3691 22
3692 7
3693 4
3694 6
3695 2
3696 3
3697 7
3698 3
3699 2
3700 35
3701 3
3702 7
3703 25
3704 3
3705 7
3706 14
3707 6
3708 6
3709 9
3710 8
3711 13
3712 4
3713 14
3714 6
3715 9
3716 19
3717 3
3718 10
3719 12
3720 10
3721 32
3722 10
3723 2
3724 5
3725 2
3726 29
3727 4
3728 3
3729 14
3730 3
3731 3
3732 17
3733 22
3734 2
3735 15
3736 5
3737 18
3738 25
3739 11
3740 6
3741 4
3742 10
3743 4
3744 7
3745 23
3746 8
3747 4
3748 27
3749 16
3750 11
3751 20
3752 3
3753 14
3754 2
3755 7
3756 3
3757 3
3758 3
3759 3
3760 2
3761 9
3762 134
3763 8
3764 14
3765 17
3766 16
3767 6
3768 2
3769 7
3770 24
3771 24
3772 9
3773 6
3774 12
3775 1
3776 2
3777 3
3778 4
3779 9
3780 1
3781 139
3782 2
3783 2
3784 6
3785 6
3786 62
3787 26
3788 2
3789 13
3790 2
3791 47
3792 60
3793 16
3794 21
3795 3
3796 40
3797 89
3798 3
3799 9
3800 1
3801 26
3802 27
3803 55
3804 28
3805 5
3806 43
3807 99
3808 3
3809 451
3810 26
3811 12
3812 6
3813 7
3814 8
3815 20
3816 8
3817 1
3818 8
3819 6
3820 6
3821 13
3822 30
3823 88
3824 9
3825 56
3826 9
3827 5
3828 30
3829 32
3830 6
3831 21
3832 12
3833 8
3834 13
3835 79
3836 15
3837 81
3838 4
3839 1
3840 54
3841 6
3842 33
3843 2
3844 25
3845 5
3846 38
3847 29
3848 5
3849 7
3850 21
3851 11
3852 1
3853 11
3854 3
3855 3
3856 19
3857 12
3858 26
3859 34
3860 16
3861 32
3862 21
3863 22
3864 10
3865 39
3866 13
3867 9
3868 10
3869 15
3870 40
3871 10
3872 2
3873 33
3874 11
3875 4
3876 13
3877 87
3878 18
3879 24
3880 34
3881 27
3882 6
3883 15
3884 24
3885 17
3886 36
3887 60
3888 6
3889 26
3890 13
3891 5
3892 4
3893 58
3894 4
3895 5
3896 20
3897 11
3898 11
3899 10
3900 38
3901 13
3902 13
3903 22
3904 32
3905 2
3906 9
3907 16
3908 15
3909 5
3910 8
3911 59
3912 6
3913 10
3914 19
3915 8
3916 21
3917 3
3918 13
3919 11
3920 6
3921 20
3922 18
3923 23
3924 33
3925 14
3926 39
3927 68
3928 12
3929 11
3930 90
3931 16
3932 56
3933 22
3934 22
3935 57
3936 28
3937 12
3938 71
3939 12
3940 46
3941 44
3942 23
3943 4
3944 34
3945 26
3946 22
3947 10
3948 8
3949 3
3950 5
3951 5
3952 7
3953 1
3954 15
3955 9
3956 3
3957 2
3958 9
3959 7
3960 17
3961 20
3962 7
3963 22
3964 14
3965 3
3966 32
3967 1
3968 12
3969 9
3970 25
3971 6
3972 6
3973 24
3974 8
3975 23
3976 4
3977 4
3978 8
3979 11
3980 12
3981 13
3982 10
3983 7
3984 15
3985 11
3986 13
3987 41
3988 6
3989 2
3990 7
3991 3
3992 18
3993 5
3994 18
3995 65
3996 4
3997 5
3998 3
3999 14
4000 3
4001 10
4002 26
4003 5
4004 10
4005 4
4006 48
4007 45
4008 25
4009 1
4010 4
4011 7
4012 6
4013 15
4014 77
4015 40
4016 8
4017 4
4018 5
4019 21
4020 10
4021 25
4022 3
4023 37
4024 14
4025 19
4026 3
4027 14
4028 1
4029 7
4030 1
4031 15
4032 3
4033 7
4034 15
4035 18
4036 14
4037 1
4038 6
4039 9
4040 4
4041 14
4042 5
4043 5
4044 2
4045 3
4046 8
4047 56
4048 3
4049 78
4050 28
4051 15
4052 27
4053 13
4054 1
4055 43
4056 5
4057 45
4058 23
4059 6
4060 15
4061 42
4062 4
4063 12
4064 10
4065 4
4066 6
4067 4
4068 3
4069 1
4070 7
4071 6
4072 8
4073 3
4074 4
4075 6
4076 37
4077 4
4078 21
4079 13
4080 3
4081 4
4082 7
4083 10
4084 7
4085 6
4086 4
4087 12
4088 4
4089 2
4090 5
4091 2
4092 6
4093 8
4094 3
4095 5
4096 4
4097 12
4098 9
4099 2
4100 10
4101 9
4102 2
4103 2
4104 8
4105 6
4106 2
4107 11
4108 2
4109 5
4110 2
4111 9
4112 4
4113 17
4114 4
4115 2
4116 13
4117 2
4118 3
4119 15
4120 6
4121 13
4122 3
4123 12
4124 1
4125 19
4126 2
4127 1
4128 5
4129 5
4130 2
4131 10
4132 4
4133 6
4134 12
4135 8
4136 3
4137 10
4138 6
4139 2
4140 10
4141 17
4142 3
4143 3
4144 6
4145 10
4146 6
4147 5
4148 6
4149 1
4150 12
4151 5
4152 8
4153 2
4154 1
4155 11
4156 13
4157 11
4158 6
4159 6
4160 14
4161 5
4162 2
4163 2
4164 20
4165 1
4166 25
4167 13
4168 12
4169 3
4170 4
4171 16
4172 1
4173 9
4174 154
4175 7
4176 14
4177 6
4178 15
4179 5
4180 12
4181 7
4182 1
4183 5
4184 10
4185 4
4186 47
4187 5
4188 11
4189 229
4190 2
4191 17
4192 9
4193 32
4194 6
4195 28
4196 48
4197 7
4198 19
4199 8
4200 22
4201 11
4202 14
4203 41
4204 29
4205 9
4206 8
4207 55
4208 20
4209 61
4210 25
4211 5
4212 24
4213 42
4214 15
4215 7
4216 11
4217 10
4218 7
4219 12
4220 5
4221 6
4222 7
4223 8
4224 36
4225 20
4226 4
4227 16
4228 12
4229 1
4230 31
4231 8
4232 2
4233 2
4234 2
4235 2
4236 2
4237 29
4238 3
4239 30
4240 26
4241 31
4242 5
4243 4
4244 12
4245 75
4246 54
4247 17
4248 18
4249 5
4250 41
4251 13
4252 9
4253 23
4254 33
4255 10
4256 13
4257 31
4258 12
4259 2
4260 31
4261 11
4262 51
4263 32
4264 13
4265 51
4266 7
4267 93
4268 7
4269 7
4270 4
4271 7
4272 8
4273 11
4274 15
4275 45
4276 65
4277 16
4278 26
4279 79
4280 19
4281 23
4282 12
4283 70
4284 61
4285 15
4286 23
4287 5
4288 8
4289 9
4290 7
4291 10
4292 8
4293 29
4294 22
4295 10
4296 9
4297 29
4298 22
4299 27
4300 21
4301 1
4302 31
4303 13
4304 7
4305 23
4306 21
4307 32
4308 4
4309 1
4310 8
4311 6
4312 4
4313 5
4314 5
4315 1
4316 3
4317 9
4318 4
4319 2
4320 24
4321 4
4322 3
4323 30
4324 3
4325 1
4326 5
4327 4
4328 4
4329 12
4330 4
4331 4
4332 1
4333 6
4334 4
4335 2
4336 7
4337 6
4338 6
4339 3
4340 4
4341 2
4342 3
4343 3
4344 4
4345 10
4346 11
4347 7
4348 5
4349 2
4350 2
4351 2
4352 2
4353 4
4354 7
4355 2
4356 4
4357 3
4358 18
4359 1
4360 7
4361 9
4362 6
4363 6
4364 5
4365 2
4366 4
4367 3
4368 3
4369 2
4370 13
4371 8
4372 12
4373 1
4374 1
4375 5
4376 3
4377 9
4378 10
4379 4
4380 4
4381 6
4382 2
4383 2
4384 4
4385 8
4386 4
4387 11
4388 1
4389 2
4390 1
4391 10
4392 2
4393 3
4394 1
4395 5
4396 11
4397 7
4398 4
4399 1
4400 1
4401 3
4402 4
4403 8
4404 3
4405 5
4406 3
4407 4
4408 8
4409 3
4410 3
4411 2
4412 11
4413 29
4414 2
4415 4
4416 2
4417 9
4418 4
4419 13
4420 5
4421 4
4422 3
4423 3
4424 2
4425 2
4426 8
4427 2
4428 7
4429 4
4430 3
4431 2
4432 1
4433 5
4434 6
4435 8
4436 1
4437 3
4438 1
4439 1
4440 1
4441 3
4442 2
4443 4
4444 3
4445 2
4446 7
4447 1
4448 4
4449 3
4450 9
4451 14
4452 9
4453 22
4454 1
4455 2
4456 3
4457 2
4458 2
4459 1
4460 3
4461 3
4462 7
4463 2
4464 4
4465 4
4466 1
4467 1
4468 6
4469 22
4470 1
4471 14
4472 4
4473 1
4474 4
4475 2
4476 1
4477 3
4478 7
4479 13
4480 2
4481 1
4482 5
4483 1
4484 1
4485 1
4486 4
4487 4
4488 3
4489 6
4490 1
4491 1
4492 2
4493 3
4494 3
4495 4
4496 6
4497 5
4498 7
4499 3
4500 1
4501 1
4502 11
4503 7
4504 1
4505 4
4506 7
4507 2
4508 13
4509 5
4510 4
4511 6
4512 1
4513 3
4514 9
4515 3
4516 7
4517 5
4518 3
4519 5
4520 3
4521 3
4522 6
4523 3
4524 5
4525 8
4526 2
4527 9
4528 2
4529 3
4530 2
4531 2
4532 2
4533 5
4534 2
4535 5
4536 11
4537 1
4538 1
4539 5
4540 1
4541 1
4542 2
4543 12
4544 8
4545 6
4546 11
4547 5
4548 27
4549 4
4550 2
4551 3
4552 2
4553 5
4554 43
4555 12
4556 4
4557 7
4558 2
4559 9
4560 6
4561 10
4562 3
4563 7
4564 4
4565 3
4566 7
4567 2
4568 4
4569 3
4570 9
4571 8
4572 4
4573 2
4574 2
4575 2
4576 3
4577 5
4578 4
4579 11
4580 1
4581 14
4582 3
4583 8
4584 8
4585 20
4586 2
4587 2
4588 1
4589 4
4590 3
4591 4
4592 4
4593 1
4594 4
4595 1
4596 8
4597 2
4598 4
4599 10
4600 7
4601 13
4602 5
4603 3
4604 2
4605 5
4606 8
4607 3
4608 4
4609 3
4610 2
4611 4
4612 1
4613 1
4614 3
4615 7
4616 3
4617 9
4618 15
4619 3
4620 11
4621 13
4622 9
4623 9
4624 6
4625 5
4626 2
4627 2
4628 8
4629 4
4630 13
4631 1
4632 1
4633 27
4634 1
4635 1
4636 7
4637 2
4638 4
4639 2
4640 7
4641 3
4642 31
4643 8
4644 19
4645 1
4646 6
4647 9
4648 7
4649 1
4650 10
4651 13
4652 3
4653 4
4654 4
4655 3
4656 6
4657 3
4658 18
4659 6
4660 5
4661 9
4662 5
4663 1
4664 8
4665 2
4666 1
4667 1
4668 2
4669 28
4670 17
4671 3
4672 8
4673 7
4674 2
4675 16
4676 7
4677 1
4678 7
4679 5
4680 9
4681 4
4682 13
4683 7
4684 4
4685 11
4686 2
4687 5
4688 1
4689 6
4690 3
4691 8
4692 4
4693 32
4694 4
4695 7
4696 4
4697 10
4698 12
4699 10
4700 78
4701 4
4702 4
4703 2
4704 33
4705 18
4706 12
4707 16
4708 9
4709 28
4710 13
4711 7
4712 15
4713 11
4714 5
4715 15
4716 31
4717 7
4718 14
4719 19
4720 20
4721 7
4722 15
4723 4
4724 24
4725 9
4726 26
4727 6
4728 8
4729 15
4730 20
4731 10
4732 12
4733 29
4734 9
4735 7
4736 15
4737 14
4738 11
4739 4
4740 4
4741 21
4742 21
4743 9
4744 17
4745 18
4746 15
4747 22
4748 18
4749 9
4750 106
4751 14
4752 7
4753 21
4754 26
4755 6
4756 17
4757 42
4758 22
4759 13
4760 4
4761 8
4762 16
4763 31
4764 25
4765 7
4766 22
4767 17
4768 20
4769 34
4770 14
4771 6
4772 9
4773 13
4774 5
4775 18
4776 30
4777 3
4778 16
4779 35
4780 8
4781 31
4782 3
4783 43
4784 19
4785 7
4786 44
4787 10
4788 5
4789 36
4790 16
4791 16
4792 13
4793 8
4794 12
4795 30
4796 1
4797 3
4798 1
4799 10
4800 55
4801 32
4802 40
4803 6
4804 71
4805 22
4806 7
4807 43
4808 1
4809 10
4810 48
4811 121
4812 10
4813 104
4814 6
4815 25
4816 41
4817 48
4818 11
4819 10
4820 34
4821 22
4822 3
4823 9
4824 11
4825 27
4826 34
4827 4
4828 5
4829 10
4830 3
4831 84
4832 28
4833 52
4834 33
4835 132
4836 89
4837 71
4838 76
4839 17
4840 6
4841 14
4842 86
4843 111
4844 113
4845 52
4846 6
4847 15
4848 63
4849 35
4850 88
4851 136
4852 54
4853 20
4854 17
4855 7
4856 15
4857 78
4858 39
4859 64
4860 4
4861 5
4862 58
4863 29
4864 22
4865 8
4866 62
4867 5
4868 57
4869 11
4870 7
4871 9
4872 52
4873 8
4874 30
4875 13
4876 44
4877 72
4878 6
4879 53
4880 45
4881 36
4882 78
4883 9
4884 16
4885 31
4886 7
4887 10
4888 12
4889 33
4890 103
4891 71
4892 19
4893 12
4894 6
4895 34
4896 27
4897 33
4898 8
4899 16
4900 48
4901 162
4902 6
4903 19
4904 2
4905 8
4906 13
4907 17
4908 14
4909 2
4910 1
4911 10
4912 23
4913 39
4914 6
4915 47
4916 40
4917 20
4918 12
4919 26
4920 53
4921 10
4922 8
4923 5
4924 16
4925 18
4926 19
4927 2
4928 31
4929 15
4930 12
4931 12
4932 39
4933 12
4934 10
4935 12
4936 2
4937 8
4938 4
4939 5
4940 92
4941 11
4942 2
4943 5
4944 9
4945 15
4946 57
4947 4
4948 7
4949 4
4950 22
4951 12
4952 27
4953 2
4954 18
4955 7
4956 3
4957 39
4958 6
4959 10
4960 8
4961 2
4962 1
4963 19
4964 5
4965 3
4966 15
4967 4
4968 41
4969 11
4970 10
4971 11
4972 99
4973 12
4974 13
4975 1
4976 6
4977 2
4978 17
4979 21
4980 13
4981 30
4982 8
4983 9
4984 42
4985 7
4986 16
4987 4
4988 23
4989 14
4990 3
4991 28
4992 102
4993 5
4994 3
4995 12
4996 5
4997 4
4998 4
4999 19
5000 10
5001 17
5002 4
5003 13
5004 7
5005 17
5006 19
5007 93
5008 78
5009 16
5010 12
5011 12
5012 4
5013 7
5014 7
5015 4
5016 21
5017 13
5018 11
5019 24
5020 6
5021 6
5022 7
5023 5
5024 9
5025 3
5026 4
5027 10
5028 51
5029 10
5030 8
5031 3
5032 29
5033 7
5034 7
5035 7
5036 7
5037 9
5038 2
5039 13
5040 19
5041 4
5042 2
5043 11
5044 3
5045 28
5046 7
5047 10
5048 3
5049 9
5050 5
5051 5
5052 12
5053 34
5054 13
5055 5
5056 7
5057 22
5058 20
5059 5
5060 3
5061 4
5062 187
5063 4
5064 7
5065 61
5066 6
5067 7
5068 4
5069 8
5070 38
5071 18
5072 13
5073 3
5074 6
5075 31
5076 5
5077 23
5078 12
5079 10
5080 13
5081 13
5082 25
5083 4
5084 15
5085 6
5086 6
5087 4
5088 4
5089 18
5090 1
5091 1
5092 8
5093 12
5094 1
5095 9
5096 10
5097 4
5098 2
5099 6
5100 7
5101 7
5102 1
5103 6
5104 4
5105 2
5106 12
5107 4
5108 9
5109 14
5110 6
5111 15
5112 2
5113 19
5114 6
5115 15
5116 46
5117 14
5118 25
5119 30
5120 6
5121 5
5122 2
5123 13
5124 6
5125 3
5126 9
5127 58
5128 10
5129 27
5130 31
5131 32
5132 2
5133 5
5134 1
5135 3
5136 3
5137 18
5138 4
5139 6
5140 3
5141 3
5142 5
5143 4
5144 1
5145 2
5146 10
5147 12
5148 3
5149 5
5150 1
5151 7
5152 2
5153 8
5154 2
5155 1
5156 21
5157 1
5158 2
5159 4
5160 7
5161 12
5162 1
5163 6
5164 8
5165 10
5166 3
5167 3
5168 8
5169 1
5170 1
5171 3
5172 8
5173 7
5174 4
5175 21
5176 75
5177 1
5178 3
5179 2
5180 8
5181 1
5182 2
5183 5
5184 1
5185 2
5186 4
5187 6
5188 24
5189 18
5190 11
5191 8
5192 5
5193 3
5194 4
5195 1
5196 21
5197 32
5198 79
5199 20
5200 8
5201 34
5202 3
5203 7
5204 16
5205 7
5206 10
5207 42
5208 17
5209 34
5210 9
5211 8
5212 3
5213 9
5214 8
5215 38
5216 24
5217 13
5218 8
5219 13
5220 28
5221 10
5222 3
5223 2
5224 12
5225 26
5226 3
5227 3
5228 7
5229 4
5230 4
5231 3
5232 13
5233 2
5234 1
5235 1
5236 10
5237 5
5238 3
5239 1
5240 10
5241 8
5242 6
5243 28
5244 2
5245 1
5246 2
5247 1
5248 22
5249 51
5250 4
5251 27
5252 72
5253 38
5254 10
5255 30
5256 4
5257 41
5258 49
5259 33
5260 24
5261 29
5262 6
5263 6
5264 23
5265 20
5266 18
5267 12
5268 10
5269 3
5270 7
5271 3
5272 4
5273 16
5274 5
5275 10
5276 2
5277 3
5278 16
5279 13
5280 3
5281 5
5282 9
5283 3
5284 5
5285 2
5286 21
5287 7
5288 1
5289 1
5290 4
5291 2
5292 3
5293 8
5294 20
5295 6
5296 3
5297 15
5298 1
5299 2
5300 26
5301 1
5302 4
5303 2
5304 1
5305 80
5306 23
5307 16
5308 15
5309 13
5310 25
5311 53
5312 7
5313 2
5314 17
5315 48
5316 70
5317 9
5318 6
5319 35
5320 16
5321 5
5322 8
5323 36
5324 3
5325 30
5326 8
5327 14
5328 13
5329 18
5330 29
5331 5
5332 14
5333 12
5334 8
5335 6
5336 6
5337 28
5338 35
5339 48
5340 5
5341 11
5342 35
5343 23
5344 42
5345 37
5346 1
5347 22
5348 1
5349 44
5350 21
5351 42
5352 6
5353 13
5354 1
5355 5
5356 11
5357 8
5358 24
5359 50
5360 17
5361 20
5362 16
5363 25
5364 29
5365 8
5366 2
5367 24
5368 6
5369 30
5370 80
5371 34
5372 42
5373 7
5374 30
5375 22
5376 11
5377 13
5378 7
5379 2
5380 3
5381 50
5382 1
5383 30
5384 9
5385 28
5386 34
5387 38
5388 47
5389 18
5390 2
5391 22
5392 1
5393 24
5394 17
5395 29
5396 31
5397 36
5398 4
5399 15
5400 14
5401 30
5402 10
5403 18
5404 2
5405 6
5406 6
5407 30
5408 21
5409 2
5410 2
5411 37
5412 1
5413 26
5414 30
5415 33
5416 46
5417 2
5418 2
5419 29
5420 46
5421 12
5422 5
5423 8
5424 88
5425 8
5426 9
5427 26
5428 10
5429 15
5430 14
5431 8
5432 4
5433 4
5434 31
5435 23
5436 6
5437 28
5438 13
5439 56
5440 2
5441 3
5442 6
5443 8
5444 9
5445 5
5446 1
5447 2
5448 3
5449 18
5450 8
5451 2
5452 1
5453 3
5454 13
5455 10
5456 43
5457 6
5458 12
5459 3
5460 3
5461 12
5462 15
5463 17
5464 2
5465 44
5466 12
5467 24
5468 44
5469 15
5470 10
5471 2
5472 10
5473 32
5474 3
5475 14
5476 4
5477 3
5478 2
5479 1
5480 33
5481 27
5482 36
5483 3
5484 38
5485 1
5486 3
5487 5
5488 3
5489 5
5490 6
5491 19
5492 4
5493 3
5494 9
5495 8
5496 1
5497 3
5498 2
5499 1
5500 3
5501 8
5502 4
5503 1
5504 9
5505 2
5506 3
5507 12
5508 7
5509 13
5510 4
5511 9
5512 6
5513 13
5514 10
5515 10
5516 17
5517 14
5518 7
5519 7
5520 8
5521 16
5522 18
5523 17
5524 24
5525 53
5526 20
5527 11
5528 4
5529 6
5530 7
5531 5
5532 41
5533 10
5534 5
5535 10
5536 4
5537 5
5538 2
5539 56
5540 41
5541 24
5542 1
5543 2
5544 34
5545 54
5546 14
5547 11
5548 43
5549 32
5550 9
5551 6
5552 1
5553 29
5554 43
5555 5
5556 15
5557 19
5558 11
5559 12
5560 10
5561 2
5562 5
5563 3
5564 36
5565 20
5566 6
5567 6
5568 4
5569 11
5570 9
5571 4
5572 1
5573 8
5574 10
5575 3
5576 1
5577 6
5578 1
5579 1
5580 9
5581 31
5582 5
5583 1
5584 3
5585 2
5586 18
5587 8
5588 5
5589 7
5590 15
5591 3
5592 9
5593 10
5594 5
5595 33
5596 65
5597 30
5598 3
5599 3
5600 2
5601 30
5602 3
5603 2
5604 17
5605 2
5606 6
5607 1
5608 2
5609 7
5610 10
5611 12
5612 4
5613 3
5614 16
5615 2
5616 21
5617 2
5618 3
5619 3
5620 4
5621 6
5622 19
5623 6
5624 7
5625 21
5626 1
5627 5
5628 4
5629 2
5630 7
5631 3
5632 3
5633 2
5634 3
5635 1
5636 29
5637 2
5638 3
5639 6
5640 2
5641 4
5642 1
5643 2
5644 1
5645 6
5646 3
5647 1
5648 14
5649 17
5650 5
5651 24
5652 5
5653 24
5654 1
5655 13
5656 36
5657 21
5658 12
5659 10
5660 20
5661 5
5662 2
5663 55
5664 9
5665 16
5666 20
5667 4
5668 38
5669 16
5670 8
5671 6
5672 5
5673 3
5674 5
5675 3
5676 1
5677 1
5678 11
5679 21
5680 6
5681 1
5682 1
5683 5
5684 2
5685 2
5686 1
5687 1
5688 2
5689 5
5690 12
5691 10
5692 26
5693 4
5694 5
5695 6
5696 1
5697 4
5698 3
5699 6
5700 8
5701 1
5702 3
5703 55
5704 3
5705 5
5706 1
5707 7
5708 15
5709 4
5710 13
5711 6
5712 10
5713 7
5714 8
5715 52
5716 13
5717 15
5718 6
5719 15
5720 18
5721 88
5722 12
5723 58
5724 24
5725 11
5726 17
5727 5
5728 5
5729 19
5730 4
5731 13
5732 17
5733 14
5734 11
5735 3
5736 21
5737 20
5738 6
5739 9
5740 4
5741 1
5742 29
5743 17
5744 5
5745 3
5746 10
5747 11
5748 22
5749 8
5750 24
5751 9
5752 28
5753 4
5754 4
5755 3
5756 2
5757 3
5758 2
5759 12
5760 17
5761 7
5762 23
5763 29
5764 25
5765 23
5766 10
5767 12
5768 7
5769 11
5770 9
5771 5
5772 12
5773 11
5774 29
5775 11
5776 16
5777 19
5778 103
5779 7
5780 11
5781 7
5782 3
5783 4
5784 11
5785 1
5786 1
5787 4
5788 4
5789 6
5790 5
5791 11
5792 3
5793 3
5794 4
5795 3
5796 7
5797 10
5798 3
5799 15
5800 4
5801 14
5802 4
5803 2
5804 3
5805 1
5806 2
5807 1
5808 9
5809 7
5810 5
5811 51
5812 11
5813 5
5814 5
5815 23
5816 11
5817 6
5818 4
5819 13
5820 13
5821 2
5822 4
5823 5
5824 2
5825 3
5826 1
5827 4
5828 3
5829 13
5830 6
5831 3
5832 12
5833 5
5834 8
5835 6
5836 7
5837 2
5838 4
5839 3
5840 5
5841 6
5842 2
5843 11
5844 5
5845 1
5846 22
5847 10
5848 4
5849 2
5850 3
5851 8
5852 6
5853 7
5854 37
5855 3
5856 2
5857 6
5858 1
5859 11
5860 5
5861 4
5862 7
5863 13
5864 10
5865 1
5866 6
5867 7
5868 6
5869 22
5870 1
5871 5
5872 3
5873 7
5874 1
5875 5
5876 2
5877 7
5878 1
5879 16
5880 2
5881 4
5882 37
5883 3
5884 3
5885 6
5886 2
5887 4
5888 26
5889 10
5890 1
5891 10
5892 32
5893 37
5894 17
5895 1
5896 22
5897 2
5898 2
5899 7
5900 13
5901 12
5902 21
5903 3
5904 8
5905 8
5906 3
5907 59
5908 14
5909 2
5910 5
5911 6
5912 4
5913 5
5914 6
5915 4
5916 2
5917 3
5918 4
5919 4
5920 2
5921 4
5922 2
5923 17
5924 8
5925 9
5926 5
5927 1
5928 8
5929 4
5930 1
5931 16
5932 3
5933 3
5934 2
5935 2
5936 4
5937 16
5938 2
5939 4
5940 32
5941 5
5942 5
5943 6
5944 2
5945 3
5946 2
5947 10
5948 18
5949 6
5950 5
5951 7
5952 3
5953 6
5954 4
5955 14
5956 3
5957 7
5958 6
5959 3
5960 2
5961 2
5962 1
5963 3
5964 4
5965 11
5966 11
5967 16
5968 10
5969 6
5970 8
5971 10
5972 10
5973 33
5974 8
5975 23
5976 35
5977 8
5978 8
5979 7
5980 24
5981 8
5982 7
5983 3
5984 6
5985 6
5986 15
5987 16
5988 10
5989 5
5990 25
5991 4
5992 5
5993 6
5994 29
5995 4
5996 1
5997 15
5998 3
5999 9
6000 1
6001 14
6002 73
6003 4
6004 7
6005 1
6006 1
6007 7
6008 18
6009 9
6010 11
6011 9
6012 4
6013 1
6014 6
6015 14
6016 4
6017 7
6018 9
6019 4
6020 2
6021 2
6022 3
6023 30
6024 1
6025 8
6026 10
6027 1
6028 2
6029 3
6030 2
6031 31
6032 8
6033 7
6034 7
6035 10
6036 5
6037 10
6038 61
6039 10
6040 4
6041 28
6042 5
6043 24
6044 24
6045 31
6046 15
6047 8
6048 6
6049 21
6050 11
6051 3
6052 11
6053 12
6054 1
6055 50
6056 5
6057 3
6058 16
6059 15
6060 11
6061 14
6062 4
6063 25
6064 11
6065 16
6066 6
6067 1
6068 20
6069 2
6070 49
6071 18
6072 6
6073 3
6074 11
6075 3
6076 4
6077 12
6078 13
6079 1
6080 19
6081 2
6082 1
6083 48
6084 13
6085 51
6086 6
6087 37
6088 4
6089 38
6090 20
6091 10
6092 25
6093 1
6094 5
6095 6
6096 15
6097 9
6098 7
6099 26
6100 13
6101 6
6102 5
6103 5
6104 12
6105 1
6106 1
6107 7
6108 9
6109 9
6110 4
6111 40
6112 9
6113 7
6114 6
6115 7
6116 6
6117 6
6118 6
6119 6
6120 8
6121 6
6122 19
6123 10
6124 6
6125 25
6126 22
6127 15
6128 12
6129 2
6130 3
6131 14
6132 3
6133 9
6134 3
6135 1
6136 10
6137 6
6138 27
6139 5
6140 2
6141 2
6142 1
6143 25
6144 34
6145 5
6146 2
6147 11
6148 11
6149 59
6150 3
6151 14
6152 8
6153 19
6154 6
6155 2
6156 15
6157 9
6158 13
6159 34
6160 3
6161 11
6162 20
6163 36
6164 23
6165 9
6166 9
6167 11
6168 2
6169 2
6170 7
6171 1
6172 30
6173 15
6174 27
6175 8
6176 24
6177 17
6178 13
6179 4
6180 8
6181 3
6182 11
6183 3
6184 5
6185 39
6186 7
6187 4
6188 15
6189 12
6190 7
6191 3
6192 10
6193 3
6194 2
6195 6
6196 4
6197 10
6198 7
6199 11
6200 5
6201 36
6202 4
6203 14
6204 4
6205 5
6206 13
6207 10
6208 9
6209 31
6210 21
6211 5
6212 5
6213 9
6214 5
6215 7
6216 9
6217 7
6218 2
6219 6
6220 8
6221 12
6222 19
6223 8
6224 18
6225 5
6226 20
6227 22
6228 6
6229 9
6230 6
6231 2
6232 5
6233 5
6234 17
6235 45
6236 9
6237 20
6238 2
6239 2
6240 2
6241 4
6242 2
6243 10
6244 5
6245 6
6246 4
6247 5
6248 2
6249 24
6250 5
6251 19
6252 11
6253 4
6254 11
6255 11
6256 21
6257 8
6258 11
6259 7
6260 18
6261 16
6262 8
6263 3
6264 2
6265 4
6266 8
6267 6
6268 6
6269 1
6270 5
6271 4
6272 4
6273 3
6274 1
6275 6
6276 7
6277 1
6278 4
6279 11
6280 3
6281 1
6282 45
6283 11
6284 27
6285 1
6286 1
6287 7
6288 28
6289 17
6290 8
6291 4
6292 9
6293 17
6294 12
6295 15
6296 2
6297 7
6298 13
6299 3
6300 9
6301 4
6302 23
6303 1
6304 34
6305 1
6306 1
6307 3
6308 3
6309 11
6310 3
6311 17
6312 18
6313 13
6314 9
6315 1
6316 5
6317 2
6318 17
6319 42
6320 4
6321 11
6322 4
6323 5
6324 13
6325 2
6326 12
6327 5
6328 4
6329 7
6330 2
6331 12
6332 4
6333 5
6334 6
6335 1
6336 56
6337 9
6338 3
6339 8
6340 2
6341 7
6342 3
6343 23
6344 5
6345 5
6346 3
6347 11
6348 21
6349 8
6350 10
6351 4
6352 3
6353 3
6354 1
6355 1
6356 2
6357 3
6358 3
6359 2
6360 18
6361 1
6362 13
6363 13
6364 11
6365 6
6366 12
6367 10
6368 10
6369 9
6370 11
6371 3
6372 7
6373 4
6374 4
6375 18
6376 1
6377 3
6378 6
6379 4
6380 1
6381 2
6382 7
6383 1
6384 16
6385 33
6386 7
6387 3
6388 13
6389 18
6390 29
6391 3
6392 10
6393 46
6394 2
6395 12
6396 5
6397 16
6398 10
6399 6
6400 11
6401 3
6402 4
6403 4
6404 9
6405 4
6406 12
6407 7
6408 2
6409 27
6410 8
6411 34
6412 15
6413 3
6414 5
6415 21
6416 15
6417 9
6418 12
6419 4
6420 1
6421 6
6422 2
6423 7
6424 6
6425 3
6426 4
6427 3
6428 2
6429 3
6430 5
6431 9
6432 5
6433 31
6434 11
6435 12
6436 14
6437 1
6438 26
6439 1
6440 2
6441 4
6442 5
6443 7
6444 7
6445 3
6446 4
6447 7
6448 9
6449 2
6450 1
6451 2
6452 3
6453 2
6454 10
6455 4
6456 5
6457 2
6458 1
6459 4
6460 8
6461 2
6462 8
6463 2
6464 3
6465 4
6466 5
6467 2
6468 2
6469 3
6470 1
6471 9
6472 9
6473 4
6474 9
6475 9
6476 11
6477 10
6478 3
6479 3
6480 10
6481 2
6482 2
6483 11
6484 7
6485 5
6486 2
6487 4
6488 1
6489 1
6490 2
6491 3
6492 1
6493 2
6494 4
6495 4
6496 2
6497 8
6498 9
6499 6
6500 4
6501 5
6502 3
6503 13
6504 1
6505 3
6506 3
6507 2
6508 4
6509 2
6510 1
6511 20
6512 2
6513 4
6514 4
6515 1
6516 5
6517 3
6518 16
6519 20
6520 4
6521 4
6522 15
6523 5
6524 5
6525 13
6526 6
6527 5
6528 10
6529 12
6530 1
6531 4
6532 8
6533 4
6534 6
6535 10
6536 5
6537 4
6538 17
6539 4
6540 2
6541 3
6542 5
6543 6
6544 10
6545 4
6546 2
6547 1
6548 25
6549 1
6550 4
6551 1
6552 1
6553 6
6554 4
6555 2
6556 6
6557 7
6558 7
6559 28
6560 15
6561 9
6562 1
6563 1
6564 3
6565 2
6566 5
6567 3
6568 1
6569 1
6570 2
6571 1
6572 2
6573 6
6574 5
6575 8
6576 6
6577 2
6578 4
6579 5
6580 7
6581 7
6582 10
6583 3
6584 6
6585 4
6586 4
6587 3
6588 7
6589 8
6590 6
6591 6
6592 8
6593 3
6594 2
6595 6
6596 1
6597 4
6598 1
6599 4
6600 2
6601 3
6602 7
6603 3
6604 4
6605 3
6606 8
6607 2
6608 8
6609 12
6610 14
6611 7
6612 1
6613 4
6614 1
6615 1
6616 2
6617 1
6618 1
6619 15
6620 1
6621 4
6622 12
6623 1
6624 12
6625 6
6626 7
6627 4
6628 4
6629 9
6630 4
6631 11
6632 4
6633 6
6634 21
6635 3
6636 3
6637 1
6638 19
6639 20
6640 4
6641 2
6642 2
6643 2
6644 3
6645 2
6646 3
6647 2
6648 4
6649 7
6650 3
6651 5
6652 3
6653 2
6654 2
6655 2
6656 6
6657 10
6658 6
6659 17
6660 3
6661 19
6662 5
6663 4
6664 2
6665 2
6666 2
6667 1
6668 5
6669 24
6670 1
6671 4
6672 1
6673 19
6674 5
6675 2
6676 22
6677 2
6678 1
6679 3
6680 1
6681 15
6682 3
6683 2
6684 21
6685 15
6686 5
6687 3
6688 1
6689 16
6690 3
6691 7
6692 1
6693 7
6694 8
6695 2
6696 27
6697 26
6698 2
6699 5
6700 5
6701 18
6702 1
6703 19
6704 22
6705 2
6706 1
6707 1
6708 10
6709 23
6710 3
6711 3
6712 8
6713 6
6714 5
6715 1
6716 1
6717 2
6718 3
6719 1
6720 3
6721 2
6722 3
6723 12
6724 7
6725 15
6726 6
6727 4
6728 10
6729 22
6730 10
6731 2
6732 3
6733 5
6734 4
6735 17
6736 8
6737 15
6738 11
6739 3
6740 12
6741 4
6742 14
6743 11
6744 18
6745 10
6746 37
6747 14
6748 21
6749 15
6750 13
6751 4
6752 3
6753 11
6754 1
6755 2
6756 6
6757 7
6758 3
6759 1
6760 3
6761 3
6762 11
6763 24
6764 8
6765 35
6766 1
6767 22
6768 3
6769 12
6770 14
6771 5
6772 9
6773 6
6774 5
6775 10
6776 3
6777 5
6778 3
6779 5
6780 4
6781 6
6782 13
6783 1
6784 9
6785 11
6786 11
6787 18
6788 9
6789 20
6790 3
6791 5
6792 2
6793 6
6794 22
6795 8
6796 24
6797 13
6798 39
6799 20
6800 17
6801 2
6802 2
6803 2
6804 10
6805 9
6806 6
6807 3
6808 41
6809 5
6810 2
6811 2
6812 5
6813 5
6814 30
6815 2
6816 3
6817 6
6818 8
6819 19
6820 7
6821 11
6822 3
6823 2
6824 13
6825 13
6826 7
6827 12
6828 1
6829 3
6830 2
6831 18
6832 5
6833 4
6834 15
6835 16
6836 5
6837 13
6838 5
6839 2
6840 11
6841 1
6842 3
6843 4
6844 22
6845 2
6846 1
6847 3
6848 5
6849 7
6850 9
6851 19
6852 3
6853 3
6854 12
6855 1
6856 5
6857 2
6858 1
6859 13
6860 7
6861 3
6862 2
6863 6
6864 3
6865 1
6866 2
6867 54
6868 2
6869 5
6870 2
6871 4
6872 5
6873 3
6874 3
6875 4
6876 7
6877 2
6878 3
6879 3
6880 3
6881 2
6882 5
6883 2
6884 2
6885 7
6886 7
6887 4
6888 4
6889 9
6890 11
6891 3
6892 10
6893 10
6894 13
6895 2
6896 6
6897 5
6898 5
6899 4
6900 5
6901 3
6902 30
6903 2
6904 10
6905 5
6906 8
6907 6
6908 3
6909 11
6910 3
6911 5
6912 2
6913 4
6914 1
6915 2
6916 3
6917 14
6918 1
6919 1
6920 1
6921 4
6922 2
6923 2
6924 14
6925 6
6926 4
6927 8
6928 9
6929 9
6930 19
6931 13
6932 6
6933 5
6934 9
6935 13
6936 3
6937 2
6938 3
6939 2
6940 3
6941 3
6942 3
6943 6
6944 1
6945 8
6946 4
6947 4
6948 3
6949 9
6950 6
6951 3
6952 3
6953 7
6954 7
6955 1
6956 3
6957 1
6958 5
6959 3
6960 9
6961 4
6962 4
6963 8
6964 1
6965 2
6966 7
6967 1
6968 2
6969 1
6970 3
6971 7
6972 1
6973 2
6974 1
6975 1
6976 1
6977 1
6978 14
6979 1
6980 3
6981 8
6982 2
6983 1
6984 1
6985 18
6986 2
6987 7
6988 3
6989 1
6990 2
6991 6
6992 2
6993 2
6994 6
6995 8
6996 1
6997 12
6998 15
6999 13
7000 5
7001 12
7002 38
7003 39
7004 1
7005 1
7006 2
7007 3
7008 20
7009 6
7010 11
7011 20
7012 27
7013 7
7014 7
7015 5
7016 2
7017 6
7018 25
7019 33
7020 1
7021 2
7022 1
7023 3
7024 11
7025 3
7026 9
7027 15
7028 7
7029 12
7030 1
7031 17
7032 6
7033 14
7034 7
7035 4
7036 5
7037 2
7038 1
7039 2
7040 1
7041 2
7042 3
7043 3
7044 6
7045 7
7046 6
7047 5
7048 1
7049 1
7050 2
7051 5
7052 1
7053 1
7054 22
7055 5
7056 4
7057 1
7058 1
7059 2
7060 5
7061 4
7062 1
7063 6
7064 7
7065 3
7066 6
7067 7
7068 5
7069 4
7070 2
7071 6
7072 5
7073 6
7074 1
7075 7
7076 9
7077 6
7078 3
7079 3
7080 6
7081 3
7082 2
7083 2
7084 3
7085 9
7086 12
7087 9
7088 1
7089 4
7090 4
7091 15
7092 6
7093 4
7094 7
7095 3
7096 3
7097 1
7098 2
7099 2
7100 5
7101 2
7102 2
7103 8
7104 3
7105 3
7106 5
7107 2
7108 1
7109 1
7110 1
7111 1
7112 3
7113 3
7114 4
7115 2
7116 3
7117 4
7118 1
7119 6
7120 1
7121 3
7122 5
7123 11
7124 3
7125 8
7126 5
7127 5
7128 7
7129 1
7130 8
7131 3
7132 2
7133 3
7134 4
7135 4
7136 7
7137 7
7138 4
7139 2
7140 5
7141 1
7142 4
7143 3
7144 1
7145 3
7146 3
7147 2
7148 7
7149 1
7150 5
7151 2
7152 4
7153 2
7154 4
7155 2
7156 5
7157 2
7158 2
7159 1
7160 1
7161 1
7162 2
7163 11
7164 2
7165 2
7166 8
7167 6
7168 7
7169 3
7170 2
7171 5
7172 2
7173 2
7174 9
7175 5
7176 1
7177 5
7178 1
7179 3
7180 2
7181 2
7182 1
7183 3
7184 1
7185 4
7186 1
7187 5
7188 1
7189 3
7190 1
7191 2
7192 6
7193 1
7194 3
7195 7
7196 1
7197 3
7198 2
7199 2
7200 5
7201 13
7202 1
7203 12
7204 3
7205 6
7206 5
7207 1
7208 1
7209 6
7210 5
7211 19
7212 5
7213 3
7214 1
7215 1
7216 3
7217 4
7218 9
7219 2
7220 2
7221 27
7222 4
7223 15
7224 7
7225 8
7226 6
7227 5
7228 2
7229 2
7230 2
7231 9
7232 1
7233 2
7234 3
7235 1
7236 5
7237 3
7238 2
7239 3
7240 3
7241 9
7242 3
7243 6
7244 6
7245 6
7246 8
7247 3
7248 11
7249 1
7250 2
7251 9
7252 1
7253 2
7254 10
7255 6
7256 1
7257 2
7258 6
7259 11
7260 7
7261 8
7262 12
7263 4
7264 3
7265 2
7266 1
7267 1
7268 8
7269 2
7270 7
7271 2
7272 1
7273 1
7274 4
7275 6
7276 2
7277 1
7278 1
7279 1
7280 6
7281 1
7282 2
7283 2
7284 5
7285 25
7286 1
7287 6
7288 14
7289 5
7290 1
7291 11
7292 1
7293 7
7294 2
7295 3
7296 4
7297 1
7298 2
7299 3
7300 24
7301 2
7302 2
7303 4
7304 1
7305 5
7306 9
7307 8
7308 4
7309 5
7310 3
7311 6
7312 3
7313 1
7314 2
7315 3
7316 1
7317 17
7318 16
7319 7
7320 1
7321 1
7322 12
7323 2
7324 2
7325 1
7326 2
7327 3
7328 4
7329 6
7330 4
7331 8
7332 1
7333 3
7334 8
7335 7
7336 10
7337 12
7338 12
7339 5
7340 7
7341 2
7342 1
7343 2
7344 3
7345 1
7346 9
7347 12
7348 7
7349 6
7350 5
7351 1
7352 2
7353 1
7354 1
7355 8
7356 5
7357 4
7358 10
7359 5
7360 7
7361 2
7362 2
7363 9
7364 1
7365 7
7366 5
7367 6
7368 6
7369 4
7370 2
7371 2
7372 2
7373 3
7374 7
7375 2
7376 3
7377 7
7378 4
7379 5
7380 1
7381 4
7382 6
7383 6
7384 5
7385 2
7386 3
7387 1
7388 1
7389 5
7390 4
7391 2
7392 8
7393 5
7394 2
7395 4
7396 2
7397 15
7398 1
7399 3
7400 6
7401 13
7402 2
7403 2
7404 1
7405 2
7406 5
7407 1
7408 2
7409 8
7410 1
7411 16
7412 5
7413 4
7414 1
7415 4
7416 4
7417 5
7418 2
7419 13
7420 12
7421 2
7422 8
7423 5
7424 3
7425 7
7426 2
7427 2
7428 7
7429 12
7430 1
7431 2
7432 5
7433 8
7434 10
7435 5
7436 14
7437 3
7438 5
7439 4
7440 3
7441 14
7442 1
7443 3
7444 5
7445 1
7446 3
7447 3
7448 1
7449 7
7450 6
7451 5
7452 2
7453 4
7454 10
7455 4
7456 1
7457 2
7458 10
7459 3
7460 8
7461 16
7462 3
7463 6
7464 6
7465 1
7466 12
7467 8
7468 3
7469 6
7470 1
7471 5
7472 3
7473 1
7474 3
7475 2
7476 8
7477 11
7478 2
7479 1
7480 2
7481 10
7482 1
7483 2
7484 7
7485 7
7486 9
7487 5
7488 2
7489 4
7490 3
7491 2
7492 2
7493 10
7494 1
7495 7
7496 2
7497 3
7498 8
7499 4
7500 4
7501 3
7502 5
7503 6
7504 4
7505 1
7506 4
7507 2
7508 2
7509 4
7510 9
7511 3
7512 5
7513 1
7514 3
7515 8
7516 4
7517 1
7518 6
7519 10
7520 2
7521 3
7522 1
7523 8
7524 12
7525 6
7526 2
7527 1
7528 2
7529 2
7530 3
7531 1
7532 6
7533 2
7534 5
7535 1
7536 2
7537 1
7538 1
7539 2
7540 7
7541 1
7542 1
7543 3
7544 2
7545 1
7546 3
7547 1
7548 2
7549 2
7550 1
7551 3
7552 2
7553 2
7554 1
7555 1
7556 2
7557 1
7558 1
7559 1
7560 3
7561 1
7562 3
7563 1
7564 1
7565 7
7566 1
7567 3
7568 1
7569 1
7570 2
7571 7
7572 5
7573 1
7574 6
7575 1
7576 2
7577 2
7578 10
7579 2
7580 4
7581 7
7582 1
7583 8
7584 3
7585 7
7586 3
7587 6
7588 2
7589 2
7590 4
7591 2
7592 3
7593 2
7594 2
7595 1
7596 2
7597 2
7598 3
7599 5
7600 1
7601 3
7602 2
7603 1
7604 2
7605 2
7606 3
7607 1
7608 1
7609 2
7610 4
7611 19
7612 14
7613 2
7614 12
7615 3
7616 1
7617 1
7618 2
7619 1
7620 1
7621 3
7622 2
7623 4
7624 2
7625 6
7626 4
7627 2
7628 3
7629 3
7630 2
7631 2
7632 2
7633 2
7634 1
7635 3
7636 3
7637 2
7638 1
7639 1
7640 1
7641 1
7642 2
7643 1
7644 1
7645 4
7646 1
7647 12
7648 3
7649 3
7650 2
7651 7
7652 5
7653 2
7654 2
7655 4
7656 4
7657 2
7658 8
7659 2
7660 5
7661 1
7662 5
7663 7
7664 3
7665 15
7666 5
7667 2
7668 20
7669 4
7670 9
7671 2
7672 3
7673 6
7674 23
7675 13
7676 14
7677 2
7678 4
7679 7
7680 6
7681 2
7682 3
7683 3
7684 1
7685 5
7686 1
7687 5
7688 2
7689 4
7690 3
7691 1
7692 1
7693 1
7694 1
7695 3
7696 1
7697 1
7698 3
7699 3
7700 2
7701 4
7702 13
7703 4
7704 2
7705 3
7706 3
7707 1
7708 3
7709 4
7710 7
7711 13
7712 1
7713 3
7714 7
7715 2
7716 8
7717 1
7718 3
7719 2
7720 3
7721 3
7722 4
7723 2
7724 3
7725 5
7726 3
7727 2
7728 1
7729 2
7730 2
7731 3
7732 2
7733 2
7734 3
7735 1
7736 2
7737 3
7738 1
7739 1
7740 2
7741 1
7742 2
7743 2
7744 1
7745 1
7746 1
7747 1
7748 1
7749 5
7750 2
7751 3
7752 2
7753 2
7754 2
7755 4
7756 2
7757 3
7758 2
7759 5
7760 11
7761 1
7762 1
7763 12
7764 1
7765 4
7766 3
7767 1
7768 3
7769 2
7770 3
7771 6
7772 4
7773 11
7774 4
7775 3
7776 7
7777 6
7778 4
7779 1
7780 3
7781 7
7782 5
7783 3
7784 8
7785 6
7786 10
7787 5
7788 1
7789 1
7790 7
7791 7
7792 12
7793 4
7794 4
7795 6
7796 7
7797 1
7798 13
7799 3
7800 5
7801 3
7802 3
7803 4
7804 1
7805 2
7806 6
7807 1
7808 1
7809 2
7810 22
7811 4
7812 2
7813 10
7814 1
7815 3
7816 3
7817 2
7818 5
7819 2
7820 4
7821 1
7822 1
7823 3
7824 1
7825 6
7826 2
7827 3
7828 1
7829 2
7830 1
7831 2
7832 2
7833 8
7834 2
7835 3
7836 1
7837 1
7838 3
7839 2
7840 98
7841 1
7842 2
7843 6
7844 1
7845 5
7846 1
7847 1
7848 9
7849 1
7850 5
7851 7
7852 6
7853 6
7854 2
7855 5
7856 3
7857 1
7858 2
7859 3
7860 1
7861 1
7862 1
7863 2
7864 7
7865 1
7866 1
7867 2
7868 11
7869 3
7870 5
7871 2
7872 1
7873 1
7874 1
7875 3
7876 3
7877 4
7878 6
7879 4
7880 13
7881 1
7882 9
7883 1
7884 1
7885 1
7886 2
7887 1
7888 2
7889 7
7890 1
7891 4
7892 3
7893 1
7894 2
7895 6
7896 5
7897 3
7898 4
7899 11
7900 4
7901 14
7902 5
7903 2
7904 2
7905 5
7906 1
7907 3
7908 7
7909 5
7910 7
7911 1
7912 8
7913 3
7914 2
7915 4
7916 1
7917 1
7918 1
7919 2
7920 2
7921 3
7922 4
7923 2
7924 1
7925 4
7926 2
7927 2
7928 10
7929 5
7930 4
7931 3
7932 2
7933 5
7934 1
7935 1
7936 2
7937 5
7938 5
7939 3
7940 2
7941 2
7942 1
7943 3
7944 6
7945 2
7946 4
7947 2
7948 2
7949 1
7950 1
7951 3
7952 2
7953 4
7954 3
7955 4
7956 1
7957 3
7958 1
7959 8
7960 4
7961 2
7962 6
7963 1
7964 15
7965 2
7966 3
7967 4
7968 2
7969 7
7970 5
7971 5
7972 9
7973 4
7974 2
7975 2
7976 1
7977 5
7978 2
7979 1
7980 10
7981 9
7982 2
7983 4
7984 3
7985 2
7986 7
7987 2
7988 2
7989 9
7990 1
7991 6
7992 4
7993 2
7994 1
7995 3
7996 9
7997 2
7998 2
7999 1
8000 2
8001 4
8002 9
8003 2
8004 2
8005 10
8006 7
8007 8
8008 1
8009 16
8010 1
8011 2
8012 7
8013 1
8014 2
8015 10
8016 7
8017 1
8018 2
8019 4
8020 1
8021 1
8022 2
8023 1
8024 1
8025 3
8026 1
8027 4
8028 2
8029 4
8030 5
8031 3
8032 1
8033 1
8034 3
8035 4
8036 3
8037 3
8038 2
8039 1
8040 9
8041 3
8042 2
8043 1
8044 3
8045 2
8046 2
8047 1
8048 4
8049 2
8050 3
8051 6
8052 4
8053 4
8054 1
8055 3
8056 3
8057 2
8058 3
8059 7
8060 4
8061 7
8062 2
8063 4
8064 2
8065 1
8066 2
8067 2
8068 7
8069 1
8070 2
8071 3
8072 3
8073 2
8074 2
8075 7
8076 1
8077 2
8078 1
8079 13
8080 2
8081 2
8082 1
8083 3
8084 4
8085 5
8086 6
8087 1
8088 1
8089 3
8090 18
8091 18
8092 7
8093 1
8094 7
8095 4
8096 6
8097 1
8098 1
8099 3
8100 2
8101 1
8102 1
8103 4
8104 1
8105 1
8106 5
8107 3
8108 2
8109 2
8110 2
8111 1
8112 5
8113 2
8114 2
8115 3
8116 6
8117 3
8118 3
8119 2
8120 6
8121 2
8122 5
8123 3
8124 1
8125 2
8126 4
8127 7
8128 7
8129 1
8130 2
8131 4
8132 3
8133 2
8134 1
8135 6
8136 1
8137 3
8138 5
8139 3
8140 3
8141 1
8142 1
8143 6
8144 3
8145 6
8146 2
8147 2
8148 2
8149 4
8150 4
8151 3
8152 3
8153 3
8154 1
8155 1
8156 2
8157 6
8158 3
8159 7
8160 7
8161 6
8162 2
8163 1
8164 1
8165 1
8166 2
8167 4
8168 7
8169 4
8170 2
8171 2
8172 3
8173 2
8174 1
8175 4
8176 6
8177 2
8178 2
8179 1
8180 1
8181 1
8182 6
8183 4
8184 3
8185 6
8186 2
8187 6
8188 13
8189 2
8190 2
8191 1
8192 3
8193 3
8194 2
8195 1
8196 2
8197 1
8198 2
8199 1
8200 6
8201 2
8202 1
8203 2
8204 3
8205 2
8206 3
8207 1
8208 5
8209 3
8210 3
8211 2
8212 3
8213 1
8214 2
8215 2
8216 2
8217 3
8218 1
8219 2
8220 1
8221 9
8222 1
8223 17
8224 1
8225 1
8226 2
8227 4
8228 5
8229 4
8230 2
8231 2
8232 1
8233 2
8234 2
8235 4
8236 4
8237 4
8238 3
8239 6
8240 3
8241 2
8242 1
8243 2
8244 3
8245 4
8246 8
8247 1
8248 2
8249 1
8250 3
8251 4
8252 5
8253 1
8254 1
8255 1
8256 1
8257 1
8258 1
8259 3
8260 5
8261 5
8262 2
8263 6
8264 2
8265 2
8266 6
8267 2
8268 3
8269 6
8270 6
8271 5
8272 5
8273 1
8274 1
8275 9
8276 4
8277 2
8278 5
8279 1
8280 2
8281 1
8282 2
8283 3
8284 1
8285 1
8286 1
8287 4
8288 1
8289 3
8290 1
8291 1
8292 2
8293 1
8294 2
8295 2
8296 1
8297 5
8298 2
8299 1
8300 4
8301 3
8302 2
8303 1
8304 2
8305 1
8306 2
8307 2
8308 1
8309 1
8310 3
8311 2
8312 3
8313 2
8314 1
8315 3
8316 4
8317 4
8318 1
8319 2
8320 1
8321 2
8322 3
8323 5
8324 5
8325 3
8326 1
8327 6
8328 1
8329 1
8330 3
8331 4
8332 3
8333 4
8334 8
8335 1
8336 1
8337 1
8338 3
8339 2
8340 2
8341 3
8342 1
8343 3
8344 3
8345 3
8346 2
8347 1
8348 1
8349 6
8350 6
8351 3
8352 2
8353 7
8354 1
8355 3
8356 5
8357 4
8358 2
8359 2
8360 1
8361 1
8362 1
8363 2
8364 1
8365 1
8366 1
8367 3
8368 1
8369 1
8370 1
8371 3
8372 2
8373 4
8374 1
8375 5
8376 1
8377 9
8378 4
8379 1
8380 2
8381 2
8382 1
8383 2
8384 6
8385 2
8386 1
8387 4
8388 2
8389 10
8390 10
8391 3
8392 1
8393 1
8394 2
8395 1
8396 3
8397 3
8398 2
8399 1
8400 2
8401 1
8402 3
8403 6
8404 4
8405 2
8406 3
8407 4
8408 1
8409 2
8410 2
8411 1
8412 5
8413 1
8414 1
8415 1
8416 1
8417 1
8418 1
8419 3
8420 1
8421 1
8422 1
8423 1
8424 3
8425 2
8426 2
8427 6
8428 2
8429 3
8430 1
8431 3
8432 4
8433 2
8434 4
8435 1
8436 5
8437 5
8438 2
8439 2
8440 2
8441 1
8442 1
8443 1
8444 5
8445 1
8446 6
8447 2
8448 2
8449 1
8450 1
8451 1
8452 1
8453 1
8454 2
8455 3
8456 1
8457 1
8458 1
8459 1
8460 2
8461 5
8462 1
8463 2
8464 2
8465 9
8466 2
8467 2
8468 1
8469 2
8470 6
8471 1
8472 3
8473 1
8474 4
8475 2
8476 4
8477 4
8478 1
8479 7
8480 6
8481 2
8482 1
8483 3
8484 2
8485 5
8486 2
8487 3
8488 6
8489 1
8490 1
8491 4
8492 3
8493 2
8494 1
8495 8
8496 5
8497 1
8498 2
8499 2
8500 1
8501 2
8502 1
8503 2
8504 5
8505 2
8506 3
8507 1
8508 1
8509 4
8510 7
8511 1
8512 3
8513 2
8514 1
8515 3
8516 1
8517 4
8518 2
8519 2
8520 3
8521 1
8522 3
8523 4
8524 1
8525 1
8526 3
8527 3
8528 3
8529 2
8530 2
8531 3
8532 2
8533 2
8534 3
8535 5
8536 1
8537 1
8538 1
8539 1
8540 3
8541 2
8542 1
8543 4
8544 2
8545 4
8546 5
8547 6
8548 2
8549 5
8550 2
8551 5
8552 1
8553 5
8554 2
8555 2
8556 1
8557 1
8558 11
8559 2
8560 2
8561 1
8562 3
8563 4
8564 1
8565 4
8566 5
8567 3
8568 1
8569 1
8570 1
8571 4
8572 11
8573 1
8574 4
8575 2
8576 3
8577 1
8578 2
8579 1
8580 1
8581 9
8582 2
8583 1
8584 3
8585 2
8586 1
8587 2
8588 1
8589 1
8590 5
8591 3
8592 2
8593 1
8594 2
8595 1
8596 4
8597 1
8598 7
8599 6
8600 1
8601 1
8602 1
8603 2
8604 3
8605 2
8606 2
8607 1
8608 1
8609 4
8610 1
8611 3
8612 5
8613 6
8614 1
8615 5
8616 3
8617 1
8618 1
8619 4
8620 5
8621 3
8622 2
8623 2
8624 2
8625 5
8626 2
8627 5
8628 2
8629 1
8630 2
8631 3
8632 5
8633 2
8634 1
8635 4
8636 4
8637 1
8638 1
8639 2
8640 2
8641 2
8642 1
8643 2
8644 2
8645 1
8646 3
8647 1
8648 7
8649 1
8650 1
8651 3
8652 2
8653 1
8654 1
8655 2
8656 1
8657 3
8658 2
8659 2
8660 4
8661 6
8662 6
8663 4
8664 1
8665 1
8666 1
8667 1
8668 3
8669 4
8670 3
8671 3
8672 2
8673 1
8674 2
8675 4
8676 2
8677 2
8678 2
8679 1
8680 2
8681 1
8682 2
8683 2
8684 1
8685 1
8686 5
8687 1
8688 1
8689 3
8690 5
8691 4
8692 7
8693 2
8694 5
8695 6
8696 2
8697 1
8698 3
8699 1
8700 2
8701 3
8702 5
8703 2
8704 1
8705 1
8706 3
8707 5
8708 2
8709 1
8710 3
8711 2
8712 1
8713 1
8714 1
8715 1
8716 1
8717 1
8718 1
8719 1
8720 1
8721 3
8722 2
8723 2
8724 3
8725 10
8726 3
8727 1
8728 3
8729 2
8730 1
8731 3
8732 2
8733 1
8734 1
8735 1
8736 3
8737 2
8738 2
8739 1
8740 2
8741 6
8742 1
8743 4
8744 2
8745 1
8746 1
8747 3
8748 3
8749 2
8750 1
8751 1
8752 1
8753 2
8754 1
8755 1
8756 1
8757 1
8758 1
8759 3
8760 5
8761 1
8762 3
8763 2
8764 3
8765 1
8766 1
8767 2
8768 2
8769 1
8770 1
8771 1
8772 3
8773 6
8774 4
8775 3
8776 1
8777 3
8778 1
8779 3
8780 3
8781 1
8782 2
8783 2
8784 2
8785 1
8786 2
8787 2
8788 1
8789 2
8790 4
8791 1
8792 1
8793 2
8794 3
8795 1
8796 2
8797 4
8798 3
8799 1
8800 1
8801 6
8802 1
8803 1
8804 1
8805 2
8806 3
8807 4
8808 3
8809 2
8810 1
8811 1
8812 3
8813 1
8814 2
8815 1
8816 1
8817 1
8818 1
8819 1
8820 6
8821 1
8822 6
8823 1
8824 1
8825 1
8826 3
8827 1
8828 1
8829 7
8830 3
8831 3
8832 1
8833 2
8834 2
8835 1
8836 1
8837 3
8838 5
8839 4
8840 2
8841 1
8842 1
8843 1
8844 1
8845 2
8846 1
8847 2
8848 1
8849 1
8850 1
8851 6
8852 1
8853 2
8854 2
8855 3
8856 3
8857 1
8858 10
8859 2
8860 1
8861 1
8862 2
8863 2
8864 1
8865 2
8866 1
8867 1
8868 1
8869 1
8870 1
8871 3
8872 1
8873 1
8874 5
8875 1
8876 9
8877 2
8878 1
8879 3
8880 1
8881 1
8882 1
8883 3
8884 3
8885 1
8886 2
8887 1
8888 3
8889 1
8890 1
8891 1
8892 6
8893 2
8894 4
8895 3
8896 1
8897 1
8898 2
8899 3
8900 1
8901 1
8902 2
8903 8
8904 7
8905 1
8906 2
8907 1
8908 1
8909 1
8910 6
8911 3
8912 2
8913 1
8914 1
8915 3
8916 1
8917 1
8918 3
8919 2
8920 2
8921 2
8922 1
8923 6
8924 1
8925 2
8926 2
8927 1
8928 5
8929 1
8930 1
8931 1
8932 2
8933 1
8934 1
8935 1
8936 1
8937 2
8938 1
8939 1
8940 1
8941 1
8942 9
8943 1
8944 2
8945 3
8946 4
8947 3
8948 2
8949 2
8950 1
8951 4
8952 1
8953 1
8954 1
8955 6
8956 5
8957 5
8958 2
8959 1
8960 2
8961 2
8962 1
8963 3
8964 3
8965 4
8966 4
8967 3
8968 15
8969 1
8970 1
8971 1
8972 3
8973 5
8974 5
8975 1
8976 1
8977 1
8978 1
8979 1
8980 4
8981 1
8982 3
8983 2
8984 2
8985 1
8986 4
8987 3
8988 4
8989 1
8990 2
8991 2
8992 2
8993 1
8994 1
8995 1
8996 1
8997 1
8998 1
8999 1
9000 1
9001 1
9002 2
9003 1
9004 1
9005 2
9006 1
9007 1
9008 1
9009 1
9010 1
9011 1
9012 1
9013 1
9014 1
9015 1
9016 1
9017 2
9018 2
9019 1
9020 1
9021 1
9022 1
9023 5
9024 1
9025 1
9026 2
9027 2
9028 2
9029 3
9030 1
9031 1
9032 1
9033 3
9034 1
9035 2
9036 2
9037 2
9038 3
9039 4
9040 1
9041 1
9042 1
9043 1
9044 1
9045 4
9046 1
9047 1
9048 6
9049 5
9050 3
9051 4
9052 3
9053 3
9054 2
9055 2
9056 1
9057 2
9058 3
9059 8
9060 1
9061 1
9062 1
9063 1
9064 1
9065 2
9066 2
9067 1
9068 1
9069 1
9070 3
9071 1
9072 3
9073 2
9074 1
9075 6
9076 1
9077 1
9078 3
9079 8
9080 1
9081 1
9082 2
9083 1
9084 1
9085 1
9086 4
9087 1
9088 6
9089 2
9090 2
9091 3
9092 2
9093 1
9094 2
9095 2
9096 1
9097 2
9098 2
9099 1
9100 2
9101 1
9102 1
9103 1
9104 4
9105 1
9106 2
9107 2
9108 2
9109 4
9110 2
9111 1
9112 5
9113 1
9114 3
9115 4
9116 4
9117 3
9118 2
9119 1
9120 1
9121 3
9122 2
9123 1
9124 3
9125 2
9126 8
9127 4
9128 5
9129 4
9130 1
9131 1
9132 1
9133 1
9134 1
9135 1
9136 1
9137 1
9138 2
9139 2
9140 3
9141 2
9142 1
9143 1
9144 2
9145 1
9146 1
9147 2
9148 1
9149 3
9150 1
9151 2
9152 1
9153 1
9154 1
9155 1
9156 3
9157 1
9158 1
9159 1
9160 3
9161 1
9162 2
9163 4
9164 2
9165 2
9166 2
9167 3
9168 2
9169 1
9170 2
9171 3
9172 1
9173 3
9174 1
9175 2
9176 2
9177 4
9178 2
9179 3
9180 1
9181 2
9182 2
9183 7
9184 2
9185 6
9186 1
9187 1
9188 2
9189 1
9190 1
9191 1
9192 1
9193 3
9194 1
9195 2
9196 2
9197 1
9198 2
9199 1
9200 1
9201 1
9202 1
9203 2
9204 2
9205 1
9206 1
9207 5
9208 1
9209 1
9210 4
9211 1
9212 3
9213 1
9214 5
9215 1
9216 2
9217 2
9218 2
9219 1
9220 1
9221 1
9222 1
9223 1
9224 3
9225 2
9226 2
9227 1
9228 2
9229 1
9230 1
9231 3
9232 1
9233 1
9234 1
9235 1
9236 1
9237 3
9238 2
9239 3
9240 1
9241 1
9242 1
9243 3
9244 4
9245 1
9246 1
9247 1
9248 1
9249 1
9250 5
9251 3
9252 1
9253 2
9254 1
9255 1
9256 1
9257 2
9258 1
9259 1
9260 1
9261 2
9262 1
9263 2
9264 5
9265 3
9266 1
9267 1
9268 2
9269 2
9270 2
9271 1
9272 1
9273 3
9274 1
9275 1
9276 6
9277 1
9278 1
9279 1
9280 1
9281 2
9282 3
9283 3
9284 3
9285 1
9286 5
9287 1
9288 2
9289 1
9290 4
9291 1
9292 5
9293 3
9294 2
9295 1
9296 1
9297 1
9298 2
9299 1
9300 1
9301 1
9302 1
9303 1
9304 2
9305 2
9306 1
9307 1
9308 2
9309 3
9310 2
9311 1
9312 3
9313 1
9314 2
9315 3
9316 3
9317 2
9318 1
9319 3
9320 1
9321 1
9322 3
9323 1
9324 2
9325 3
9326 1
9327 1
9328 1
9329 1
9330 2
9331 1
9332 1
9333 1
9334 1
9335 2
9336 1
9337 2
9338 2
9339 1
9340 2
9341 2
9342 1
9343 1
9344 3
9345 1
9346 1
9347 3
9348 4
9349 2
9350 2
9351 1
9352 1
9353 4
9354 1
9355 2
9356 1
9357 2
9358 3
9359 1
9360 2
9361 1
9362 1
9363 1
9364 4
9365 4
9366 1
9367 1
9368 1
9369 1
9370 1
9371 2
9372 1
9373 1
9374 2
9375 2
9376 1
9377 1
9378 2
9379 2
9380 2
9381 1
9382 2
9383 2
9384 1
9385 2
9386 1
9387 3
9388 2
9389 2
9390 2
9391 1
9392 2
9393 1
9394 2
9395 1
9396 1
9397 1
9398 2
9399 1
9400 1
9401 1
9402 1
9403 2
9404 4
9405 1
9406 3
9407 3
9408 1
9409 1
9410 1
9411 2
9412 2
9413 1
9414 1
9415 1
9416 1
9417 1
9418 1
9419 1
9420 1
9421 3
9422 3
9423 3
9424 1
9425 2
9426 1
9427 1
9428 1
9429 2
9430 1
9431 1
9432 1
9433 1
9434 2
9435 1
9436 1
9437 2
9438 1
9439 1
9440 1
9441 1
9442 1
9443 1
9444 3
9445 1
9446 1
9447 3
9448 2
9449 1
9450 3
9451 1
9452 1
9453 1
9454 2
9455 1
9456 1
9457 2
9458 1
9459 8
9460 4
9461 2
9462 1
9463 2
9464 1
9465 1
9466 1
9467 1
9468 2
9469 2
9470 2
9471 1
9472 1
9473 1
9474 1
9475 1
9476 1
9477 1
9478 1
9479 1
9480 1
9481 1
9482 3
9483 1
9484 1
9485 1
9486 3
9487 1
9488 1
9489 4
9490 1
9491 1
9492 1
9493 4
9494 1
9495 1
9496 1
9497 3
9498 2
9499 3
9500 1
9501 3
9502 1
9503 2
9504 1
9505 2
9506 1
9507 6
9508 7
9509 1
9510 3
9511 3
9512 1
9513 2
9514 3
9515 1
9516 1
9517 1
9518 1
9519 1
9520 2
9521 1
9522 1
9523 1
9524 1
9525 3
9526 2
9527 1
9528 4
9529 1
9530 3
9531 2
9532 1
9533 1
9534 1
9535 1
9536 1
9537 1
9538 2
9539 1
9540 2
9541 1
9542 1
9543 1
9544 1
9545 1
9546 1
9547 1
9548 1
9549 1
9550 1
9551 1
9552 1
9553 1
9554 1
9555 1
9556 2
9557 1
9558 2
9559 1
9560 1
9561 1
9562 1
9563 1
9564 2
9565 1
9566 4
9567 2
9568 2
9569 1
9570 1
9571 3
9572 1
9573 2
9574 1
9575 2
9576 1
9577 3
9578 1
9579 1
9580 1
9581 1
9582 1
9583 1
9584 3
9585 1
9586 1
9587 1
9588 1
9589 1
9590 1
9591 1
9592 1
9593 2
9594 1
9595 1
9596 1
9597 1
9598 1
9599 1
9600 1
9601 1
9602 2
9603 1
9604 1
9605 1
9606 1
9607 1
9608 1
9609 1
9610 1
9611 1
9612 1
9613 1
9614 1
9615 1
9616 1
9617 1
9618 1
9619 1
9620 2
9621 1
9622 1
9623 1
9624 1
9625 1
9626 2
9627 1
9628 3
9629 1
9630 1
9631 1
9632 1
9633 1
9634 1
9635 1
9636 1
9637 1
9638 1
9639 1
9640 1
9641 1
9642 1
9643 1
9644 1
9645 1
9646 1
9647 1
9648 1
9649 2
9650 1
9651 1
9652 1
9653 1
9654 1
9655 1
9656 1
9657 2
9658 1
9659 2
9660 2
9661 1
9662 1
9663 1
9664 1
9665 1
9666 1
9667 1
9668 1
9669 1
9670 2
9671 1
9672 1
9673 3
9674 1
9675 1
9676 2
9677 1
9678 4
9679 2
9680 1
9681 1
9682 1
9683 1
9684 1
9685 1
9686 1
9687 1
9688 1
9689 1
9690 2
9691 1
9692 1
9693 1
9694 1
9695 1
9696 2
9697 1
9698 1
9699 2
9700 2
9701 1
9702 1
9703 2
9704 1
9705 2
9706 1
9707 1
9708 1
9709 1
9710 1
9711 1
9712 1
9713 1
9714 1
9715 1
9716 1
9717 1
9718 1
9719 1
9720 1
9721 1
9722 1
9723 1
9724 1
9725 1
9726 1
9727 2
9728 1
9729 1
9730 1
9731 1
9732 1
9733 2
9734 1
9735 1
9736 1
9737 1
9738 1
9739 1
9740 1
9741 1
9742 1
9743 1
9744 1
9745 1
9746 2
9747 1
9748 1
9749 1
9750 1
9751 1
9752 1
9753 1
9754 2
9755 1
9756 1
9757 1
9758 4
9759 1
9760 1
9761 2
9762 1
9763 1
9764 1
9765 1
9766 1
9767 1
9768 1
9769 2
9770 1
9771 1
9772 2
9773 1
9774 1
9775 1
9776 1
9777 2
9778 1
9779 1
9780 1
9781 1
9782 2
9783 1
9784 2
9785 1
9786 1
9787 1
9788 2
9789 1
9790 1
9791 1
9792 1
9793 2
9794 1
9795 1
9796 1
9797 1
9798 1
9799 1
9800 1
9801 1
9802 1
9803 2
9804 1
9805 2
9806 1
9807 1
9808 1
9809 1
9810 1
9811 1
9812 1
9813 4
9814 1
9815 1
9816 1
9817 1
9818 2
9819 1
9820 1
9821 1
9822 1
9823 2
9824 1
9825 2
9826 1
9827 1
9828 1
9829 1
9830 2
9831 1
9832 2
9833 3
9834 1
9835 1
9836 1
9837 1
9838 1
9839 1
9840 1
9841 2
9842 1
9843 1
9844 1
9845 2
9846 1
9847 1
9848 1
9849 1
9850 1
9851 2
9852 2
9853 1
9854 1
9855 1
9856 3
9857 2
9858 2
9859 3
9860 1
9861 1
9862 1
9863 2
9864 1
9865 3
9866 1
9867 1
9868 2
9869 1
9870 1
9871 1
9872 1
9873 1
9874 1
9875 3
9876 1
9877 1
9878 1
9879 1
9880 1
9881 1
9882 1
9883 1
9884 1
9885 1
9886 1
9887 1
9888 1
9889 1
9890 1
9891 1
9892 1
9893 2
9894 1
9895 1
9896 1
9897 1
9898 1
9899 1
9900 1
9901 1
9902 1
9903 1
9904 1
9905 1
9906 1
9907 1
9908 2
9909 1
9910 1
9911 1
9912 1
9913 1
9914 1
9915 1
9916 1
9917 1
9918 1
9919 1
9920 1
9921 1
9922 1
9923 1
9924 1
9925 1
9926 1
9927 1
9928 1
9929 1
9930 1
9931 1
9932 1
9933 1
9934 1
9935 1
9936 1
9937 1
9938 1
9939 1
9940 1
9941 1
9942 1
9943 1
9944 1
9945 1
9946 1
9947 1
9948 1
9949 1
9950 1
9951 1
9952 1
9953 2
9954 1
9955 1
9956 1
9957 1
9958 1
9959 1
9960 1
9961 1
9962 1
9963 1
9964 1
9965 1
9966 1
9967 1
9968 1
9969 1
9970 1
9971 2
9972 1
9973 1
9974 1
9975 1
9976 1
9977 1
9978 1
9979 1
9980 1
9981 1
9982 1
9983 1
9984 1
