136 97
428 1
563 2
1465 87
1577 144
1718 92
1913 18
1914 39
1915 9
1916 71
1917 167
1918 147
1919 47
1920 113
1921 37
1922 11
1923 48
1924 5
1925 116
1926 118
1927 52
1928 20
1929 139
1930 11
1931 34
1932 88
1933 8
1934 8
1935 44
1936 19
1937 3
1938 167
1939 71
1940 82
1941 201
1942 37
1943 175
1944 23
1945 137
1946 178
1947 106
1948 95
1949 7
1950 10
1951 60
1952 15
1953 112
1954 81
1955 86
1956 5
1957 35
1958 32
1959 105
1960 40
1961 6
1962 168
1963 74
1964 88
1965 17
1966 151
1967 1
1968 29
1969 3
1970 66
1971 151
1972 62
1973 60
1974 5
1975 32
1976 32
1977 8
1978 10
1979 155
1980 47
1981 47
1982 16
1983 182
1984 158
1985 201
1986 131
1987 27
1988 20
1989 73
1990 18
1991 46
1992 12
1993 179
1994 53
1995 54
1996 2
1997 117
1998 45
1999 31
2000 28
2001 55
2002 78
2003 46
2004 43
2005 137
2006 46
2007 158
2008 4
2009 41
2010 77
2011 35
2012 12
2013 7
2014 9
2015 3
2016 16
2017 4
2018 44
2019 15
2020 144
2021 28
2022 43
2023 21
2024 47
2025 26
2026 88
2027 36
2028 95
2029 31
2030 171
2031 45
2032 124
2033 157
2034 5
2035 28
2036 19
2037 156
2038 106
2039 103
2040 134
2041 5
2042 81
2043 159
2044 23
2045 162
2046 114
2047 184
2048 15
2049 34
2050 18
2051 6
2052 98
2053 107
2054 142
2055 64
2056 102
2057 33
2058 68
2059 169
2060 94
2061 42
2062 68
2063 120
2064 164
2065 20
2066 8
2067 31
2068 127
2069 152
2070 12
2071 109
2072 120
2073 182
2074 155
2075 44
2076 14
2077 104
2078 182
2080 7
2081 156
2082 15
2083 132
2084 123
2085 26
2086 125
2087 141
2088 179
2089 21
2090 164
2091 25
2092 38
2093 170
2094 4
2095 141
2096 18
2097 34
2098 104
2099 12
2100 5
2101 62
2102 115
2103 165
2104 158
2105 9
2106 2
2107 34
2108 149
2109 117
2110 35
2111 164
2112 147
2113 9
2114 12
2115 125
2116 58
2117 132
2118 169
2119 11
2120 21
2121 142
2122 129
2123 183
2124 147
2125 115
2126 46
2127 99
2128 84
2129 35
2130 9
2131 177
2132 85
2133 144
2134 71
2135 81
2136 65
2137 44
2138 122
2139 161
2140 157
2141 22
2142 203
2143 92
2144 69
2145 39
2146 20
2147 34
2148 81
2149 112
2150 163
2151 75
2152 13
2153 127
2154 145
2155 37
2156 22
2157 33
2158 5
2159 43
2160 19
2161 73
2162 13
2163 28
2164 83
2165 115
2166 8
2167 3
2168 2
2169 93
2170 16
2171 63
2172 184
2173 28
2174 105
2175 6
2176 107
2177 9
2178 1
2179 86
2180 103
2181 15
2182 7
2183 110
2184 160
2185 15
2186 16
2187 133
2188 169
2189 100
2190 156
2191 79
2192 38
2193 11
2194 103
2196 100
2197 21
2198 49
2199 151
2200 152
2201 173
2202 46
2203 94
2204 3
2205 11
2206 195
2207 18
2208 20
2209 31
2210 91
2211 48
2212 129
2213 91
2214 23
2215 49
2216 120
2217 11
2218 178
2219 4
2220 177
2221 36
2222 38
2223 99
2224 114
2225 39
2226 45
2227 6
2228 29
2229 191
2230 3
2231 28
2232 67
2233 194
2234 25
2235 59
2236 28
2237 111
2238 8
2239 40
2240 184
2241 106
2242 31
2243 53
2244 186
2245 6
2246 88
2247 107
2248 16
2249 15
2250 99
2251 7
2252 8
2253 144
2254 82
2255 9
2256 5
2257 142
2258 43
2259 50
2260 17
2261 118
2262 11
2263 6
2264 66
2265 8
2266 211
2267 75
2268 115
2270 14
2271 159
2272 25
2273 78
2274 31
2275 160
2276 143
2277 10
2278 156
2279 116
2280 50
2281 8
2282 137
2283 143
2284 44
2285 49
2286 23
2287 58
2288 17
2289 143
2290 161
2291 15
2292 126
2293 49
2294 108
2295 18
2296 27
2297 34
2298 14
2299 139
2300 107
2301 8
2302 111
2303 27
2304 58
2305 13
2306 99
2307 129
2308 141
2309 182
2310 21
2311 46
2312 14
2313 73
2314 15
2315 65
2316 7
2317 29
2318 32
2319 110
2320 15
2321 4
2322 42
2323 164
2324 177
2325 69
2326 163
2327 118
2328 147
2329 107
2330 44
2331 170
2332 87
2333 139
2334 118
2335 28
2336 134
2337 30
2338 98
2339 156
2340 174
2341 21
2342 24
2343 69
2344 113
2345 44
2346 31
2347 246
2348 135
2349 16
2350 26
2351 101
2352 146
2353 78
2354 152
2355 28
2356 153
2357 11
2358 3
2359 134
2360 8
2361 37
2362 21
2363 154
2364 57
2365 49
2366 31
2367 43
2368 73
2369 169
2370 148
2371 32
2372 92
2373 10
2374 146
2375 4
2376 152
2377 83
2378 45
2379 34
2380 2
2381 159
2382 1
2383 22
2384 169
2385 50
2386 127
2387 41
2388 3
2389 27
2390 42
2391 68
2392 85
2393 26
2394 80
2395 152
2396 63
2397 30
2398 94
2399 70
2400 16
2401 19
2402 14
2403 12
2404 146
2405 18
2406 29
2407 81
2408 136
2409 155
2410 185
2411 26
2412 26
2413 14
2414 165
2415 38
2416 31
2417 59
2418 101
2419 95
2420 78
2421 7
2422 4
2423 144
2424 9
2425 31
2426 16
2427 21
2428 166
2429 78
2430 127
2431 4
2432 24
2433 135
2434 79
2435 24
2436 84
2437 2
2438 64
2439 8
2440 32
2441 2
2442 2
2443 21
2444 15
2445 65
2446 143
2447 40
2448 29
2449 36
2450 11
2451 101
2452 8
2453 13
2454 10
2455 13
2456 6
2458 89
2459 40
2460 154
2461 109
2462 86
2463 113
2464 178
2465 56
2466 8
2467 117
2468 153
2469 117
2471 123
2472 71
2473 46
2474 24
2475 86
2476 34
2477 107
2478 82
2479 38
2480 23
2481 1
2482 145
2483 2
2484 109
2485 122
2486 15
2487 7
2488 37
2489 102
2490 12
2491 104
2492 165
2493 4
2494 34
2495 128
2496 20
2497 23
2498 87
2499 86
2500 159
2501 70
2502 37
2503 15
2504 133
2505 4
2506 109
2507 179
2508 88
2509 123
2510 127
2511 123
2512 90
2513 11
2514 8
2515 10
2516 77
2517 5
2518 44
2519 27
2520 152
2521 122
2522 12
2523 13
2524 10
2525 32
2526 173
2527 3
2528 5
2529 31
2530 26
2531 22
2532 97
2533 86
2534 14
2535 9
2536 53
2537 86
2538 45
2539 122
2540 28
2541 1
2542 176
2543 255
2544 27
2545 7
2546 132
2547 47
2548 6
2549 143
2550 146
2551 146
2552 102
2553 152
2554 85
2555 124
2556 118
2557 26
2558 20
2559 154
2560 182
2561 138
2562 13
2563 98
2564 170
2565 3
2566 22
2567 106
2568 8
2570 18
2571 27
2572 18
2573 137
2574 93
2575 127
2576 39
2577 15
2578 151
2579 104
2580 4
2581 20
2582 91
2583 40
2584 14
2585 35
2586 158
2587 18
2588 81
2589 73
2590 176
2591 85
2592 113
2593 173
2594 86
2595 2
2597 89
2598 137
2599 12
2600 160
2601 178
2602 175
2603 62
2604 180
2605 15
2606 66
2607 171
2608 85
2609 42
2610 44
2611 193
2612 26
2613 29
2614 15
2615 165
2616 91
2617 97
2618 19
2619 152
2620 48
2621 5
2622 19
2623 112
2624 162
2625 164
2626 28
2627 36
2628 24
2629 111
2630 158
2631 100
2632 4
2633 38
2634 4
2635 17
2636 35
2637 30
2638 142
2639 31
2640 49
2641 17
2642 110
2643 90
2644 24
2645 47
2646 117
2647 40
2648 41
2649 99
2650 17
2651 5
2652 43
2653 65
2654 140
2655 148
2656 11
2657 46
2658 32
2659 53
2660 33
