0 4
1 20
2 61
3 37
4 28
5 28
6 36
7 38
8 32
9 23
10 4
11 2
12 37
13 4
14 9
15 19
16 6
17 35
18 42
19 2
20 2
21 18
22 107
23 19
24 22
25 3340
26 11
27 9
28 24
29 9
30 19
31 83
32 15
33 19
34 20
35 19
36 384
37 5
38 8
39 2
40 20
41 21
42 4
43 5
44 5
45 8
46 6
47 2
48 4
49 8
50 19
51 20
52 3
53 15
54 27
55 24
56 2
57 13
58 6
59 9
60 5
61 12
62 8
63 4
64 264
65 11
66 15
67 11
68 7
69 2
70 20
71 376
72 18
73 13
74 20
75 12
76 89
77 41
78 7
79 9
80 9
81 6
82 16
83 13
84 4
85 7
86 25
87 17
88 62
89 44
90 8
91 22
92 25
93 15
94 40
95 21
96 29
97 23
98 9
99 8
100 8
101 317
102 5
103 15
104 12
105 56
106 8
107 63
108 173
109 10
110 9
111 293
112 13
113 15
114 15
115 25
116 7
117 12
118 10
119 27
120 14
121 23
122 31
123 7
124 12
125 3
126 5
127 6
128 9
129 4
130 4
131 7
132 30
133 10
134 66
135 16
136 3
137 18
138 4
139 1
140 7
141 4
142 8
143 1
144 29
145 1
146 6
147 13
148 2
149 1
150 67
151 3
152 11
153 1
154 12
155 11
156 3
157 21
158 1
159 10
160 2
161 7
162 4
163 2
164 5
165 5
166 3
167 2
168 9
169 2
170 14
171 12
172 21
173 6
174 1
175 5
176 2
177 19
178 1
179 39
180 7
181 7
182 12
183 5
184 3
185 12
186 3
187 4
188 1
189 3
190 4
191 3
192 1
193 6
194 19
195 4
196 18
197 16
198 9
199 11
200 3
201 13
202 2
203 4
204 7
205 24
206 8
207 4
208 5
209 6
210 2
211 11
212 5
213 1
214 6
215 5
216 3
217 8
218 6
219 3
220 3
221 5
222 9
223 6
224 8
225 7
226 10
227 1
228 12
229 23
230 11
231 23
232 1
233 1
234 9
235 34
236 8
237 3
238 7
239 2
240 10
241 10
242 8
243 8
244 2
245 5
246 6
247 6
248 41
249 1
250 6
251 8
252 5
253 46
254 7
255 1
256 9
257 13
258 11
259 23
260 1
261 1
262 9
263 22
264 15
265 1
266 7
267 29
268 2
269 16
270 2
271 2
272 5
273 5
274 13
275 4
276 8
277 11
278 1
279 7
280 5
281 14
282 3
283 6
284 9
285 11
286 6
287 13
288 7
289 14
290 11
291 15
292 1
293 15
294 6
295 17
296 10
297 15
298 8
299 25
300 24
301 4
302 8
303 8
304 6
305 33
306 8
307 24
308 4
309 12
310 14
311 15
312 3
313 7
314 15
315 7
316 2
317 14
318 11
319 23
320 5
321 3
322 3
323 7
324 5
325 6
326 3
327 6
328 6
329 4
330 1
331 5
332 4
333 4
334 1
335 8
336 5
337 1
338 4
339 4
340 2
341 1
342 15
343 2
344 6
345 4
346 5
347 12
348 17
349 18
350 24
351 2
352 2
353 2
354 8
355 6
356 9
357 5
358 3
359 6
360 8
361 13
362 17
363 7
364 6
365 6
366 7
367 10
368 11
369 14
370 2
371 3
372 3
373 5
374 13
375 1
376 9
377 4
378 13
379 4
380 3
381 5
382 6
383 18
384 5
385 7
386 62
387 5
388 17
389 13
390 9
391 1
392 9
393 12
394 7
395 2
396 13
398 5
399 2
400 9
401 4
402 24
403 4
404 1
405 3
406 3
407 6
408 2
409 7
410 8
411 6
412 2
413 14
414 7
415 3
416 1
417 16
418 13
419 8
420 43
421 15
422 9
423 3
424 5
425 4
426 1
427 2
428 43
429 10
430 14
431 8
432 2
433 2
434 7
435 7
436 7
437 3
438 3
439 10
440 10
441 5
442 18
443 2
444 4
445 11
446 6
447 2
448 14
449 3
450 9
451 3
452 12
453 22
454 3
455 32
456 4
457 10
458 2
459 1
460 2
461 4
462 4
463 3
464 4
465 4
466 7
467 7
468 6
469 7
470 15
471 1
472 7
473 14
474 7
475 10
476 16
477 5
478 5
479 1
480 1
481 1
482 10
483 1
484 1
485 17
486 10
487 5
488 5
489 1
490 6
491 10
492 3
493 13
494 21
495 5
496 42
497 33
498 3
499 8
500 2
501 27
502 4
503 7
504 32
505 1
506 8
507 1
508 1
509 3
510 15
511 9
512 4
513 1
514 4
515 9
516 1
517 1
518 3
519 5
520 2
521 3
522 1
524 1
525 7
526 4
527 20
528 3
529 10
530 33
531 26
532 10
533 11
534 12
535 12
536 1
537 4
538 6
539 13
540 2
541 12
542 1
543 8
544 5
545 2
546 4
547 77
548 2
549 8
550 6
551 9
552 5
553 19
554 4
555 9
556 13
557 2
558 17
559 6
560 15
561 3
562 6
563 4
564 2
565 3
566 6
567 7
568 2
569 12
570 1
571 1
572 18
573 3
574 1
575 9
576 1
577 1
578 2
579 1
580 9
581 7
582 5
583 9
584 38
585 1
586 18
587 5
588 4
589 6
590 20
591 3
592 6
593 15
594 2
595 5
596 1
597 2
598 4
599 2
600 1
601 3
602 20
603 24
604 10
605 1
606 4
607 2
608 34
609 3
610 3
611 26
612 8
613 5
614 2
616 4
617 2
618 6
619 7
620 3
621 4
622 8
623 3
624 1
625 5
626 2
627 1
628 7
629 7
630 16
631 13
632 2
633 4
634 1
635 7
636 15
637 18
638 2
639 2
640 18
641 5
642 11
643 9
644 3
645 7
646 7
647 3
648 2
649 9
650 1
651 14
652 4
653 4
654 27
655 13
656 14
657 3
658 8
659 10
660 10
661 20
662 8
663 4
664 3
665 10
666 2
667 6
668 1
669 6
670 5
671 15
672 9
673 2
674 5
675 7
676 5
677 54
678 24
679 1
680 6
681 5
682 2
683 1
684 12
685 2
686 5
687 9
688 7
689 8
690 4
691 1
692 3
693 4
694 2
695 14
696 8
697 4
698 6
700 19
701 3
702 2
703 19
704 8
705 1
706 5
707 2
708 2
709 3
710 27
711 12
712 1
713 13
714 6
715 6
716 20
717 3
718 10
719 3
720 6
721 3
722 20
723 3
724 3
725 7
726 7
727 2
728 4
729 15
730 10
731 2
732 2
733 1
734 11
735 9
736 15
737 8
738 3
739 12
740 2
741 1
742 2
743 5
744 9
745 6
746 13
747 11
748 3
749 3
750 11
751 3
752 21
753 1
754 2
755 4
756 2
757 3
758 1
759 3
760 18
761 9
762 1
763 5
764 4
765 2
766 13
767 13
768 9
769 7
770 4
771 5
772 13
773 13
774 4
775 17
776 3
777 3
778 6
779 7
780 4
781 1
782 18
783 6
784 12
785 11
786 1
787 11
788 3
789 1
790 6
791 7
792 15
793 2
794 5
795 16
796 4
797 23
798 2
799 3
800 7
801 5
802 9
803 8
804 15
805 4
806 12
807 4
808 1
809 8
810 4
811 3
812 1
813 16
814 3
815 6
816 4
817 11
818 8
819 15
820 16
821 6
822 1
823 8
824 2
825 3
826 3
827 1
828 5
829 5
830 9
831 5
832 7
833 4
834 12
835 7
836 13
837 8
838 44
839 29
840 3
841 4
842 1
843 6
844 4
845 4
846 2
847 1
848 6
849 1
850 4
851 2
852 1
853 1
855 4
856 2
857 9
858 15
859 11
860 2
861 12
862 31
863 8
864 9
865 12
866 10
867 16
868 1
869 3
870 39
871 7
872 4
873 3
874 4
875 8
876 19
877 6
878 4
879 13
880 8
881 1
882 3
883 2
885 1
886 10
887 3
888 9
889 22
890 4
891 19
892 7
893 13
894 2
895 12
896 11
897 1
898 7
899 9
900 1
901 3
902 1
903 3
904 8
905 28
906 2
907 6
908 7
909 1
910 1
911 29
912 12
913 5
914 8
915 3
916 14
917 9
918 35
919 4
920 16
921 2
922 7
923 4
924 9
925 5
926 3
927 1
928 6
929 4
930 38
931 5
932 11
933 2
934 40
935 7
936 1
937 38
938 21
939 1
940 6
941 16
942 14
943 1
944 1
945 2
946 9
947 5
948 3
949 13
950 9
951 4
952 16
953 2
954 9
955 9
956 2
957 1
958 10
959 7
960 1
961 3
962 5
963 3
964 16
965 9
966 14
967 5
968 4
969 12
970 2
971 1
972 1
973 7
974 1
975 2
976 13
977 3
978 1
979 10
980 23
981 8
982 6
983 4
984 2
985 9
986 34
987 2
988 5
989 12
990 11
991 4
992 6
993 3
994 5
995 3
996 7
997 13
998 14
999 11
1000 8
1001 14
1002 5
1003 24
1004 7
1005 14
1006 5
1007 13
1008 13
1009 29
1010 8
1011 4
1012 3
1013 16
1014 71
1015 3
1016 1
1017 4
1018 22
1019 8
1020 3
1021 4
1022 5
1023 9
1024 6
1025 3
1026 2
1027 9
1028 5
1029 7
1030 4
1031 7
1032 26
1033 24
1034 16
1035 5
1036 4
1037 6
1038 3
1039 18
1040 1
1041 5
1042 11
1043 4
1044 40
1045 2
1046 6
1047 2
1048 1
1049 4
1050 17
1051 5
1052 2
1053 34
1054 1
1055 30
1056 9
1057 3
1058 2
1059 14
1060 3
1061 2
1062 17
1063 5
1064 4
1065 4
1066 4
1067 10
1068 1
1069 8
1070 3
1071 3
1072 34
1073 11
1074 10
1075 11
1076 10
1077 17
1078 48
1079 10
1080 4
1081 23
1082 6
1083 2
1084 1
1085 5
1086 10
1087 2
1088 7
1089 3
1090 14
1091 5
1092 5
1093 4
1094 15
1095 5
1096 4
1097 2
1098 18
1099 2
1100 2
1101 14
1102 6
1103 8
1104 2
1105 1
1106 5
1107 8
1108 5
1109 27
1110 2
1111 6
1112 3
1113 4
1114 8
1115 7
1116 16
1117 5
1118 8
1119 3
1120 9
1121 1
1122 1
1123 3
1124 13
1125 19
1126 31
1127 3
1128 8
1129 16
1130 2
1131 5
1132 4
1133 3
1134 14
1135 1
1136 16
1137 11
1138 21
1139 4
1140 19
1141 3
1142 3
1143 7
1144 14
1145 1
1146 3
1147 2
1148 1
1149 4
1150 1
1151 7
1152 7
1153 21
1154 4
1155 1
1156 4
1157 2
1158 4
1159 1
1160 4
1161 6
1162 25
1163 5
1165 4
1166 12
1167 14
1168 7
1169 2
1170 4
1171 4
1172 7
1173 7
1174 3
1175 1
1176 5
1177 8
1178 4
1179 1
1180 1
1181 17
1182 6
1183 3
1184 1
1185 32
1186 24
1187 15
1188 4
1189 10
1190 13
1191 2
1192 11
1193 7
1194 5
1195 4
1196 38
1197 1
1198 18
1199 32
1200 1
1201 5
1202 3
1203 25
1204 4
1205 26
1206 12
1207 19
1208 4
1209 6
1210 106
1211 20
1212 4
1213 2
1214 17
1215 4
1216 3
1217 3
1218 8
1219 8
1220 15
1221 3
1222 10
1223 6
1224 6
1225 5
1226 3
1227 3
1228 2
1229 49
1230 1
1231 29
1232 8
1234 2
1235 3
1236 1
1237 5
1238 14
1239 13
1240 23
1241 2
1242 2
1243 1
1244 22
1245 1
1246 1
1247 4
1248 23
1249 4
1250 4
1251 7
1252 33
1253 23
1254 2
1255 4
1256 7
1257 42
1258 3
1259 13
1260 2
1261 5
1262 2
1263 2
1264 1
1265 13
1266 42
1267 7
1268 10
1269 8
1270 2
1271 1
1272 55
1273 11
1274 8
1275 1
1276 10
1277 5
1278 41
1279 2
1280 2
1281 10
1282 5
1283 4
1284 2
1285 5
1286 13
1287 4
1288 9
1289 8
1290 30
1291 4
1292 5
1293 2
1294 7
1295 3
1296 21
1297 3
1298 3
1299 3
1300 3
1301 6
1302 3
1303 5
1304 9
1305 10
1306 1
1307 9
1308 3
1309 8
1310 5
1311 21
1312 9
1313 7
1314 3
1315 19
1316 2
1317 6
1318 3
1319 1
1320 2
1321 16
1322 37
1323 1
1324 3
1325 9
1326 3
1327 17
1328 1
1329 5
1330 5
1331 4
1332 2
1334 4
1335 6
1336 4
1337 2
1338 3
1339 7
1340 3
1341 10
1342 18
1343 5
1344 3
1345 1
1346 3
1347 21
1348 2
1349 5
1350 4
1351 14
1352 2
1353 35
1354 3
1355 17
1356 4
1357 1
1358 1
1359 6
1360 13
1361 76
1362 1
1363 10
1364 13
1365 5
1366 11
1367 1
1368 7
1369 10
1370 3
1371 4
1372 4
1373 3
1374 6
1375 3
1376 6
1377 1
1378 2
1379 3
1380 11
1381 1
1382 13
1383 15
1384 6
1385 8
1386 3
1387 3
1388 4
1389 10
1390 2
1391 5
1392 10
1394 9
1395 2
1396 7
1397 12
1398 5
1399 18
1400 29
1401 6
1402 6
1403 7
1404 7
1405 4
1406 2
1407 4
1408 7
1409 10
1410 4
1411 6
1412 1
1413 26
1414 73
1415 5
1416 2
1417 10
1418 8
1419 3
1420 14
1421 7
1422 1
1423 6
1424 4
1425 3
1427 2
1428 2
1429 1
1430 15
1431 4
1432 7
1433 8
1434 2
1435 3
1436 4
1437 20
1438 1
1439 7
1440 3
1441 10
1442 11
1443 9
1445 3
1446 23
1447 8
1448 7
1449 6
1450 8
1451 7
1452 1
1453 13
1454 17
1455 6
1456 4
1457 6
1458 10
1459 3
1460 6
1461 1
1462 12
1463 11
1464 5
1465 4
1466 1
1467 2
1468 5
1469 16
1470 4
1471 2
1472 2
1473 6
1474 3
1475 10
1476 2
1477 16
1479 1
1480 6
1481 17
1482 2
1483 6
1484 1
1485 10
1486 7
1487 5
1488 4
1489 14
1490 5
1491 4
1492 3
1493 10
1494 10
1495 34
1496 9
1497 6
1498 18
1499 3
1500 5
1501 4
1502 4
1503 3
1504 22
1505 2
1506 23
1507 17
1508 8
1509 27
1510 69
1511 2
1512 3
1513 3
1514 8
1515 7
1516 49
1517 4
1518 17
1519 6
1520 13
1521 18
1522 10
1523 5
1524 4
1525 18
1526 7
1527 12
1528 2
1529 2
1530 5
1531 15
1532 4
1533 5
1534 2
1535 6
1536 2
1537 2
1538 5
1539 2
1540 19
1541 3
1542 19
1543 14
1544 1
1545 11
1546 2
1547 2
1548 10
1549 4
1550 5
1551 4
1552 27
1553 3
1554 15
1555 1
1556 18
1557 3
1558 4
1559 10
1560 4
1561 18
1562 1
1563 17
1564 13
1565 15
1566 1
1567 5
1568 2
1569 13
1570 3
1571 2
1572 4
1573 5
1574 90
1575 13
1576 1
1577 8
1578 1
1579 4
1580 2
1581 33
1582 5
1583 5
1584 2
1585 4
1586 6
1587 6
1588 3
1589 2
1590 18
1591 5
1592 3
1594 1
1595 11
1596 10
1597 3
1598 12
1599 10
1600 20
1601 18
1602 14
1603 2
1604 4
1605 1
1606 8
1607 10
1608 24
1609 1
1610 9
1611 4
1612 5
1613 1
1614 1
1615 10
1616 6
1617 14
1618 2
1619 1
1620 6
1621 7
1622 2
1623 12
1624 3
1625 16
1626 3
1627 4
1628 1
1629 22
1630 13
1631 8
1632 30
1633 2
1634 22
1635 6
1636 6
1637 16
1638 14
1639 8
1640 8
1641 1
1642 1
1643 4
1644 18
1645 7
1646 12
1647 11
1648 6
1649 10
1650 18
1651 4
1652 1
1653 12
1654 1
1655 3
1656 2
1657 4
1658 1
1659 6
1660 4
1661 12
1662 6
1663 1
1664 6
1665 12
1666 8
1667 2
1668 8
1669 54
1670 2
1671 4
1672 13
1673 12
1674 5
1675 2
1676 2
1677 5
1678 2
1679 1
1680 4
1681 6
1682 8
1683 4
1684 3
1685 2
1686 5
1687 2
1688 7
1689 1
1690 10
1691 7
1692 17
1693 4
1694 9
1695 22
1696 4
1697 1
1698 7
1699 8
1700 2
1701 3
1702 2
1703 11
1704 8
1705 1
1706 11
1707 1
1708 6
1709 6
1710 6
1711 2
1712 2
1713 4
1714 2
1715 15
1716 8
1717 3
1718 1
1719 27
1720 7
1721 8
1722 15
1723 20
1724 7
1725 8
1726 4
1727 15
1728 14
1729 1
1730 2
1731 9
1732 1
1733 8
1734 1
1735 32
1736 2
1737 4
1738 4
1739 1
1740 1
1741 5
1742 11
1743 5
1744 15
1745 9
1746 3
1747 4
1748 8
1749 1
1750 9
1751 2
1752 7
1753 5
1754 3
1755 6
1756 22
1757 4
1758 3
1759 2
1760 3
1761 21
1762 2
1763 8
1764 6
1765 3
1766 6
1767 31
1768 7
1769 1
1770 15
1771 3
1772 10
1773 15
1774 13
1775 3
1776 9
1777 20
1778 1
1779 6
1780 1
1781 4
1782 6
1783 28
1784 5
1785 4
1786 8
1787 1
1788 3
1789 3
1790 11
1791 4
1792 3
1793 3
1794 7
1795 6
1796 3
1797 2
1798 26
1799 4
1800 28
1801 2
1802 27
1803 3
1804 5
1805 3
1806 25
1807 22
1808 10
1809 5
1810 2
1811 9
1812 1
1813 1
1814 7
1815 1
1816 11
1817 6
1818 4
1819 45
1820 16
1821 4
1822 3
1823 12
1824 4
1825 6
1826 21
1827 4
1828 6
1829 8
1830 7
1831 3
1832 14
1833 1
1834 3
1835 1
1836 29
1837 1
1838 1
1839 4
1840 8
1841 9
1842 26
1843 2
1844 3
1846 21
1847 6
1848 6
1849 1
1850 2
1851 18
1852 3
1853 3
1854 2
1855 2
1856 2
1857 3
1858 2
1859 5
1860 2
1861 5
1862 3
1863 18
1864 27
1865 12
1866 3
1867 3
1868 5
1869 4
1870 3
1871 1
1872 1
1873 6
1874 10
1875 5
1876 28
1877 5
1878 8
1879 17
1880 3
1881 2
1882 9
1883 4
1884 7
1885 8
1886 3
1887 3
1888 8
1889 6
1890 2
1891 16
1892 6
1893 5
1894 4
1895 7
1896 3
1897 3
1898 18
1899 1
1900 10
1901 5
1902 1
1903 1
1904 6
1905 7
1906 5
1907 5
1908 2
1909 15
1910 2
1911 44
1912 3
1913 5
1914 3
1915 2
1916 2
1917 9
1918 5
1919 1
1920 1
1921 18
1922 11
1923 1
1924 2
1925 4
1926 3
1927 2
1928 6
1929 17
1930 4
1931 10
1932 3
1933 1
1934 7
1935 14
1936 5
1937 2
1938 4
1939 3
1940 2
1941 2
1942 36
1943 3
1944 8
1945 4
1946 7
1947 7
1948 6
1949 8
1950 5
1951 1
1952 10
1953 5
1954 1
1955 9
1956 2
1957 10
1958 5
1959 3
1960 4
1961 3
1962 2
1963 3
1964 3
1965 1
1966 3
1967 9
1968 7
1969 9
1970 2
1971 6
1972 4
1973 4
1974 20
1975 5
1976 11
1977 1
1978 3
1979 3
1980 1
1981 13
1982 8
1983 17
1984 4
1985 26
1986 7
1987 6
1988 1
1989 7
1990 19
1991 1
1992 4
1993 46
1994 8
1995 4
1996 2
1997 2
1998 8
1999 1
2000 1
2001 17
2002 6
2003 1
2004 5
2005 20
2006 15
2007 6
2008 2
2009 1
2010 1
2011 13
2012 1
2013 10
2014 7
2015 7
2016 6
2017 3
2018 3
2019 16
2020 3
2021 15
2022 10
2023 15
2024 4
2025 9
2026 1
2027 1
2028 2
2029 2
2030 15
2031 11
2032 18
2033 4
2034 12
2035 6
2036 9
2037 5
2038 7
2039 4
2040 16
2041 56
2042 4
2043 2
2044 10
2045 2
2046 17
2047 2
2048 8
2049 3
2050 24
2051 2
2052 3
2053 10
2054 2
2055 2
2056 31
2057 9
2058 10
2059 8
2060 5
2061 12
2062 1
2063 3
2064 2
2065 11
2066 7
2067 1
2068 8
2069 2
2071 3
2072 1
2073 1
2074 8
2075 2
2076 2
2078 5
2079 3
2080 2
2081 4
2082 5
2083 12
2084 15
2085 9
2086 1
2087 8
2088 1
2089 58
2090 9
2091 7
2092 12
2093 1
2094 3
2095 22
2096 1
2097 44
2098 3
2099 3
2100 3
2101 14
2102 10
2103 3
2104 19
2105 7
2106 12
2107 3
2108 4
2109 17
2110 1
2111 2
2112 11
2113 13
2114 18
2115 11
2116 1
2117 7
2118 6
2119 4
2120 15
2121 4
2122 2
2123 11
2124 2
2125 5
2126 6
2127 7
2128 3
2129 7
2130 7
2131 7
2132 1
2133 14
2134 1
2135 11
2136 8
2137 2
2138 9
2139 4
2140 21
2141 3
2142 1
2143 21
2144 2
2145 26
2146 5
2147 8
2148 2
2149 8
2150 4
2151 1
2152 6
2153 9
2154 11
2155 3
2156 6
2157 6
2158 9
2159 3
2160 18
2161 2
2162 6
2163 2
2164 17
2165 3
2166 4
2167 5
2168 6
2169 5
2170 2
2171 11
2172 2
2173 3
2174 3
2175 2
2176 5
2177 6
2178 1
2179 16
2180 6
2181 4
2182 6
2183 1
2184 3
2185 2
2186 1
2187 3
2188 2
2189 2
2190 13
2191 3
2192 5
2194 2
2195 1
2196 1
2197 8
2198 4
2199 7
2200 1
2201 6
2202 1
2203 27
2204 6
2205 2
2206 8
2207 4
2208 2
2209 3
2210 16
2211 2
2212 17
2213 5
2214 9
2215 6
2216 3
2217 20
2218 7
2219 14
2220 7
2221 7
2222 9
2223 2
2224 9
2225 1
2226 41
2227 1
2228 22
2229 6
2230 11
2231 4
2232 5
2233 18
2234 20
2235 28
2236 3
2237 5
2238 24
2239 2
2240 3
2241 1
2242 22
2243 6
2244 27
2245 5
2246 4
2247 2
2248 2
2249 1
2250 5
2251 8
2252 2
2253 13
2254 11
2255 15
2256 2
2257 5
2258 5
2259 6
2260 1
2261 13
2262 4
2263 1
2264 1
2265 19
2266 11
2267 2
2268 3
2269 8
2270 4
2271 5
2272 1
2273 5
2274 1
2275 10
2276 1
2277 3
2278 4
2279 4
2280 6
2281 2
2282 1
2283 1
2284 6
2285 13
2286 3
2287 5
2288 1
2289 13
2290 3
2291 50
2292 9
2293 10
2294 1
2295 4
2296 9
2297 2
2298 6
2299 10
2300 2
2301 2
2302 19
2303 68
2304 15
2305 10
2306 6
2307 6
2308 13
2309 3
2310 1
2311 5
2312 12
2313 16
2314 3
2315 21
2316 8
2317 1
2318 6
2319 3
2320 2
2321 18
2322 6
2323 9
2324 5
2325 8
2326 3
2327 9
2328 9
2329 9
2330 1
2331 3
2332 14
2333 10
2334 2
2335 13
2336 3
2337 5
2338 24
2339 27
2340 2
2341 7
2342 13
2343 7
2344 7
2345 1
2346 16
2347 1
2348 4
2349 1
2350 1
2351 1
2352 4
2353 10
2354 2
2355 13
2356 30
2357 5
2358 3
2359 5
2360 8
2361 13
2362 4
2363 6
2364 6
2365 3
2366 12
2367 4
2368 6
2369 3
2370 11
2371 4
2372 7
2373 2
2374 20
2375 4
2376 29
2377 3
2378 6
2379 11
2380 10
2381 29
2382 26
2383 14
2384 2
2385 7
2386 35
2387 18
2388 1
2389 1
2390 2
2391 9
2392 4
2393 13
2394 6
2395 15
2396 3
2397 3
2398 3
2399 6
2400 3
2401 8
2402 6
2403 1
2404 6
2405 7
2406 23
2407 4
2408 10
2409 6
2410 68
2411 3
2412 16
2413 2
2414 7
2415 6
2416 3
2417 6
2418 30
2419 9
2420 5
2421 7
2422 1
2423 9
2424 1
2425 9
2426 1
2427 6
2428 1
2429 21
2430 5
2431 9
2432 3
2433 14
2434 39
2435 7
2436 5
2437 6
2438 8
2439 7
2440 18
2441 11
2442 5
2443 5
2444 38
2445 9
2446 5
2447 10
2448 4
2449 7
2450 3
2451 15
2452 7
2453 9
2454 20
2455 6
2456 1
2457 2
2458 13
2459 10
2460 5
2461 14
2462 6
2463 16
2464 6
2465 3
2466 8
2467 93
2468 21
2469 38
2470 8
2471 21
2472 1
2473 7
2474 3
2475 6
2476 15
2477 10
2478 8
2479 26
2480 4
2481 11
2482 6
2483 11
2484 21
2485 11
2486 8
2487 18
2488 4
2489 6
2490 5
2491 5
2492 4
2493 7
2494 10
2495 7
2496 6
2497 6
2498 32
2499 5
2500 19
2501 1
2502 4
2503 2
2504 2
2505 18
2506 9
2507 8
2508 3
2509 1
2510 26
2511 8
2512 3
2513 4
2514 7
2515 3
2517 4
2518 3
2519 10
2520 1
2521 7
2522 8
2523 2
2524 8
2525 3
2526 8
2527 3
2528 4
2529 3
2530 5
2531 26
2532 7
2533 17
2534 4
2535 6
2536 12
2537 4
2538 2
2539 2
2540 3
2541 16
2542 4
2543 6
2544 37
2545 16
2546 3
2547 2
2548 2
2549 9
2550 22
2551 4
2552 14
2553 16
2554 3
2555 8
2556 12
2557 9
2558 4
2559 9
2560 3
2561 11
2562 2
2563 3
2564 13
2565 9
2566 12
2567 1
2568 1
2569 6
2570 4
2571 6
2572 3
2573 6
2574 14
2575 2
2576 8
2578 1
2579 21
2580 3
2581 2
2582 1
2583 19
2584 28
2585 2
2586 25
2587 8
2588 1
2589 9
2590 8
2591 4
2592 11
2593 3
2594 2
2595 6
2596 10
2597 1
2598 3
2599 6
2600 2
2601 4
2602 9
2603 6
2604 9
2605 4
2606 3
2607 3
2608 4
2609 6
2610 6
2611 11
2612 2
2613 3
2614 24
2615 20
2616 11
2617 3
2618 13
2619 18
2620 9
2621 5
2622 10
2623 1
2624 7
2625 5
2626 1
2627 6
2628 10
2629 8
2630 1
2631 3
2632 9
2633 3
2634 9
2635 12
2636 5
2637 5
2638 4
2639 2
2640 15
2641 13
2642 4
2643 4
2644 2
2645 1
2646 6
2647 34
2648 3
2649 3
2650 6
2651 1
2652 3
2653 7
2654 5
2655 4
2656 2
2657 2
2658 4
2659 10
2660 6
2661 4
2662 3
2663 3
2664 24
2665 6
2666 3
2667 2
2668 5
2669 3
2670 5
2671 9
2672 5
2673 2
2674 5
2675 10
2676 18
2677 2
2678 3
2679 27
2680 36
2681 4
2682 6
2683 6
2684 4
2685 5
2686 2
2687 13
2688 14
2689 9
2690 12
2691 13
2692 1
2693 5
2694 9
2695 3
2696 7
2697 4
2698 1
2699 19
2700 13
2701 8
2702 5
2703 11
2704 1
2705 3
2706 6
2707 1
2708 1
2709 6
2710 1
2711 1
2713 20
2714 3
2715 1
2716 17
2717 6
2718 2
2719 2
2720 9
2721 10
2722 1
2723 21
2724 8
2725 12
2726 16
2727 9
2728 2
2729 9
2730 10
2731 15
2732 5
2733 2
2734 5
2735 4
2736 8
2737 1
2738 3
2739 2
2740 3
2741 9
2742 10
2743 14
2744 9
2745 8
2746 22
2747 26
2748 4
2749 5
2750 2
2751 2
2752 1
2753 5
2754 10
2755 2
2756 1
2757 5
2758 23
2759 13
2760 4
2761 9
2762 2
2763 16
2764 5
2765 3
2766 3
2767 7
2768 3
2769 2
2770 2
2771 4
2772 5
2773 6
2774 20
2775 3
2776 6
2777 4
2778 2
2779 4
2780 4
2781 2
2782 9
2783 3
2784 6
2785 1
2786 1
2787 1
2788 2
2789 6
2790 10
2791 3
2792 6
2793 9
2794 3
2795 13
2796 7
2797 1
2798 17
2799 2
2800 1
2801 2
2802 38
2803 3
2804 4
2805 3
2806 4
2807 2
2808 12
2809 1
2810 1
2811 4
2812 19
2813 12
2814 11
2815 2
2816 2
2817 2
2818 18
2819 9
2820 5
2821 3
2822 1
2823 3
2824 12
2825 7
2826 6
2827 4
2829 2
2830 7
2831 21
2832 18
2833 4
2834 3
2835 7
2836 7
2837 2
2838 3
2839 11
2840 24
2841 11
2842 4
2843 2
2844 11
2845 11
2846 4
2847 5
2848 11
2849 26
2850 9
2851 6
2852 4
2853 7
2854 12
2855 3
2856 1
2857 20
2858 2
2859 20
2860 2
2861 35
2862 9
2863 6
2864 8
2865 18
2866 5
2867 8
2868 8
2869 2
2870 6
2871 2
2872 2
2873 19
2874 4
2875 2
2876 46
2877 2
2878 17
2879 1
2880 3
2881 15
2882 7
2883 1
2884 4
2885 2
2886 29
2887 6
2888 1
2889 11
2890 22
2891 12
2892 5
2893 5
2894 6
2895 8
2896 22
2897 9
2898 3
2899 2
2900 2
2901 21
2902 2
2903 4
2904 9
2905 2
2906 2
2907 4
2908 15
2909 3
2910 3
2911 15
2912 14
2913 2
2914 4
2915 14
2916 131
2917 4
2918 5
2919 13
2920 4
2921 11
2922 8
2923 10
2924 10
2925 13
2926 9
2927 4
2928 4
2929 2
2930 3
2931 8
2932 5
2933 20
2934 12
2935 9
2936 20
2937 1
2938 29
2939 42
2940 4
2941 1
2942 2
2943 8
2944 6
2945 1
2946 8
2947 2
2948 4
2949 11
2950 1
2951 10
2952 9
2953 6
2954 29
2955 3
2956 20
2957 10
2958 3
2959 10
2960 9
2961 5
2962 10
2963 2
2964 7
2965 1
2966 14
2968 9
2969 2
2970 4
2971 15
2972 10
2973 4
2974 15
2975 3
2976 2
2977 1
2978 12
2979 4
2980 2
2981 4
2982 16
2983 18
2984 9
2985 8
2986 3
2987 15
2988 2
2989 8
2990 4
2991 11
2992 3
2993 7
2994 7
2995 1
2996 11
2997 2
2998 11
2999 7
3000 3
3001 4
3002 2
3003 63
3004 16
3005 2
3006 1
3007 9
3008 6
3009 3
3010 2
3011 8
3012 1
3013 6
3014 12
3015 2
3016 21
3017 13
3018 7
3019 4
3020 9
3021 2
3022 4
3023 19
3024 23
3025 5
3026 3
3027 12
3028 13
3029 4
3030 6
3031 6
3032 5
3033 13
3034 4
3035 6
3036 9
3037 7
3038 9
3039 3
3040 3
3041 11
3042 1
3043 2
3044 15
3045 20
3046 1
3047 7
3048 7
3049 6
3050 2
3051 5
3052 4
3053 5
3054 2
3055 3
3056 4
3057 32
3058 28
3059 5
3060 2
3061 8
3062 5
3063 8
3064 9
3065 17
3066 7
3067 8
3068 6
3069 3
3070 1
3071 8
3072 9
3073 1
3074 4
3075 8
3076 2
3077 3
3078 4
3079 9
3080 7
3081 22
3082 4
3083 4
3084 3
3085 14
3086 6
3087 7
3088 5
3089 7
3090 1
3091 10
3092 10
3093 3
3094 3
3095 35
3096 37
3097 5
3098 10
3099 1
3100 33
3101 9
3102 14
3103 3
3104 12
3105 15
3106 4
3107 7
3108 7
3109 2
3110 67
3111 5
3112 69
3113 53
3114 38
3115 47
3116 41
3117 113
3118 35
3119 26
3120 358
3121 24
3122 27
3123 14
3124 60
3125 5
3126 6
3127 13
3128 8
3129 17
3130 9
3131 3
3132 2
3133 48
3134 6
3135 2
3136 16
3137 2
3138 8
3139 7
3140 8
3141 33
3142 3
3143 40
3144 11
3145 4
3146 5
3147 9
3148 3
3149 5
3150 16
3151 3
3152 7
3153 9
3154 1
3155 15
3156 14
3157 1
3158 3
3159 1
3160 6
3161 9
3162 8
3163 2
3164 18
3165 19
3166 8
3167 8
3168 23
3169 3
3170 2
3171 2
3172 55
3173 16
3174 21
3175 1
3176 3
3177 3
3178 11
3179 3
3180 6
3181 4
3182 7
3183 4
3184 13
3185 11
3186 2
3187 29
3188 3
3189 24
3190 2
3191 7
3192 5
3193 11
3194 7
3195 12
3196 17
3197 2
3198 44
3199 7
3200 2
3201 3
3202 6
3203 6
3204 9
3205 7
3206 7
3207 14
3208 32
3209 7
3210 11
3211 11
3212 10
3213 8
3214 2
3215 8
3216 11
3217 2
3218 4
3219 7
3220 19
3221 4
3222 8
3223 3
3224 7
3225 7
3226 4
3227 5
3228 4
3229 38
3230 8
3231 28
3232 2
3233 15
3234 12
3235 3
3236 12
3237 63
3238 2
3239 14
3240 12
3241 5
3242 7
3243 73
3244 18
3245 6
3246 13
3247 6
3248 15
3249 5
3250 1
3251 2
3252 5
3253 4
3254 4
3255 8
3256 28
3257 10
3258 3
3259 24
3260 13
3261 9
3262 6
3263 5
3264 8
3265 7
3266 4
3267 24
3268 2
3269 11
3270 15
3271 1
3272 4
3273 8
3274 60
3275 4
3276 4
3277 4
3278 3
3279 4
3280 18
3281 9
3282 12
3283 3
3284 4
3285 1
3286 3
3287 4
3288 4
3289 8
3290 14
3291 15
3292 12
3293 3
3294 4
3295 5
3296 1
3297 8
3298 9
3299 3
3300 17
3301 5
3302 1
3303 8
3304 13
3305 4
3306 5
3307 10
3308 2
3309 8
3310 5
3311 4
3312 22
3313 14
3314 6
3315 14
3316 9
3317 6
3318 8
3319 5
3320 2
3321 11
3322 10
3323 39
3324 10
3325 4
3326 9
3327 6
3328 2
3329 1
3331 9
3332 8
3333 15
3334 4
3335 22
3336 7
3337 15
3338 18
3339 3
3340 16
3341 6
3342 9
3343 5
3344 18
3345 2
3346 8
3347 6
3348 51
3349 1
3350 23
3351 19
3352 25
3353 26
3354 3
3355 5
3356 2
3357 8
3358 3
3359 23
3360 19
3361 11
3362 1
3363 13
3364 16
3365 4
3366 8
3367 17
3368 4
3369 2
3370 2
3371 8
3372 3
3373 11
3374 2
3375 6
3376 7
3377 12
3378 5
3379 8
3380 7
3381 2
3382 14
3383 3
3384 3
3385 7
3386 7
3387 4
3388 38
3389 24
3390 13
3391 5
3392 8
3393 15
3394 5
3395 3
3396 16
3397 6
3398 2
3399 11
3400 5
3401 5
3402 3
3403 14
3404 7
3405 10
3406 1
3407 3
3408 4
3409 13
3410 14
3411 5
3412 18
3413 5
3414 6
3415 3
3416 1
3417 5
3418 9
3419 7
3420 15
3421 3
3422 20
3423 7
3424 12
3425 10
3426 5
3427 3
3428 4
3429 4
3430 11
3431 19
3432 5
3433 21
3434 2
3435 3
3436 12
3437 14
3438 7
3439 18
3440 4
3441 4
3442 26
3443 11
3444 5
3445 36
3446 3
3447 10
3448 3
3449 2
3450 31
3451 2
3452 7
3453 6
3454 3
3455 12
3456 15
3457 9
3458 9
3459 7
3460 5
3461 2
3462 6
3463 14
3464 29
3465 15
3466 11
3467 4
3468 2
3469 21
3470 7
3471 2
3472 13
3473 10
3474 18
3475 6
3476 37
3477 13
3478 8
3479 16
3480 7
3481 5
3482 2
3483 11
3484 8
3485 29
3486 12
3487 20
3488 5
3489 14
3490 25
3491 18
3492 23
3493 5
3494 6
3495 12
3496 19
3497 17
3498 27
3499 15
3500 64
3501 2
3502 10
3503 4
3504 16
3505 5
3506 5
3507 21
3508 2
3509 10
3510 5
3511 3
3512 2
3513 11
3514 4
3515 3
3516 5
3517 11
3518 20
3519 107
3520 3
3521 2
3522 27
3523 4
3524 2
3525 23
3526 27
3527 4
3528 2
3529 6
3530 38
3531 16
3532 4
3533 6
3534 5
3535 9
3536 5
3537 5
3538 18
3539 6
3540 21
3541 166
3542 16
3543 5
3544 19
3545 7
3546 17
3547 4
3548 24
3549 1
3550 20
3551 1
3552 20
3553 15
3554 11
3555 4
3556 4
3557 5
3558 2
3559 6
3560 22
3561 2
3562 11
3563 4
3564 1
3565 13
3566 11
3567 8
3568 6
3569 49
3570 3
3571 30
3572 3
3573 7
3574 9
3575 3
3576 4
3577 3
3578 1
3579 1
3580 13
3581 9
3582 5
3583 2
3584 3
3585 4
3586 71
3587 7
3588 18
3589 49
3590 54
3591 4
3592 19
3593 20
3594 4
3595 4
3596 21
3597 14
3598 16
3599 66
3600 5
3601 11
3602 17
3603 3
3604 3
3605 35
3606 4
3607 3
3608 3
3609 4
3610 22
3611 3
3612 1
3613 3
3614 15
3615 4
3616 73
3617 3
3618 4
3619 9
3620 14
3621 1
3622 17
3623 7
3624 2
3626 9
3627 6
3628 5
3629 20
3630 29
3631 1
3632 27
3633 32
3634 2
3635 1
3636 3
3637 4
3638 10
3639 5
3640 13
3641 5
3642 9
3643 4
3644 29
3645 3
3646 13
3647 14
3648 4
3649 25
3650 12
3651 8
3652 18
3653 16
3654 39
3655 7
3656 15
3657 5
3658 19
3659 3
3660 4
3661 1
3662 17
3663 7
3664 11
3665 4
3666 4
3667 27
3668 17
3669 3
3670 11
3671 21
3672 3
3673 9
3674 2
3675 9
3676 7
3677 4
3678 13
3679 8
3680 21
3681 3
3682 22
3683 20
3684 5
3685 14
3686 7
3687 42
3688 37
3689 16
3690 2
3691 22
3692 7
3693 4
3694 6
3695 3
3696 3
3697 7
3698 3
3699 2
3700 39
3701 3
3702 7
3703 29
3704 4
3705 7
3706 16
3707 6
3708 6
3709 10
3710 7
3711 15
3712 4
3713 15
3714 6
3715 9
3716 21
3717 3
3718 12
3719 14
3720 11
3721 33
3722 11
3723 2
3724 6
3725 2
3726 30
3727 4
3728 3
3729 19
3730 3
3731 3
3732 19
3733 22
3734 2
3735 15
3736 5
3737 21
3738 27
3739 13
3740 6
3741 4
3742 11
3743 4
3744 7
3745 26
3746 9
3747 4
3748 28
3749 17
3750 13
3751 23
3752 3
3753 15
3754 3
3755 8
3756 3
3757 4
3758 3
3759 3
3760 2
3761 9
3762 146
3763 9
3764 14
3765 19
3766 19
3767 8
3768 2
3769 8
3770 25
3771 25
3772 10
3773 6
3774 13
3775 1
3776 2
3777 3
3778 4
3779 11
3780 2
3781 157
3782 2
3783 2
3784 6
3785 6
3786 76
3787 27
3788 2
3789 15
3790 3
3791 58
3792 66
3793 19
3794 22
3795 4
3796 49
3797 96
3798 3
3799 12
3800 1
3801 31
3802 33
3803 61
3804 32
3805 5
3806 47
3807 110
3808 3
3809 451
3810 29
3811 13
3812 7
3813 9
3814 9
3815 23
3816 8
3817 1
3818 8
3819 7
3820 8
3821 15
3822 36
3823 96
3824 10
3825 63
3826 10
3827 6
3828 34
3829 39
3830 6
3831 24
3832 14
3833 10
3834 15
3835 87
3836 16
3837 89
3838 5
3839 1
3840 66
3841 8
3842 42
3843 3
3844 28
3845 5
3846 42
3847 31
3848 6
3849 7
3850 23
3851 12
3852 2
3853 12
3854 4
3855 3
3856 21
3857 15
3858 30
3859 37
3860 20
3861 37
3862 25
3863 24
3864 11
3865 43
3866 15
3867 9
3868 12
3869 17
3870 42
3871 10
3872 3
3873 40
3874 14
3875 4
3876 15
3877 101
3878 19
3879 29
3880 40
3881 27
3882 6
3883 16
3884 24
3885 17
3886 37
3887 64
3888 6
3889 28
3890 14
3891 5
3892 4
3893 61
3894 4
3895 5
3896 21
3897 13
3898 11
3899 11
3900 43
3901 15
3902 13
3903 27
3904 43
3905 2
3906 10
3907 20
3908 17
3909 6
3910 8
3911 70
3912 7
3913 11
3914 19
3915 10
3916 23
3917 3
3918 15
3919 11
3920 7
3921 24
3922 19
3923 29
3924 36
3925 14
3926 44
3927 83
3928 13
3929 14
3930 100
3931 18
3932 59
3933 26
3934 23
3935 72
3936 30
3937 15
3938 80
3939 14
3940 51
3941 46
3942 24
3943 5
3944 39
3945 31
3946 24
3947 10
3948 9
3949 4
3950 5
3951 6
3952 8
3953 1
3954 16
3955 10
3956 3
3957 2
3958 10
3959 8
3960 17
3961 24
3962 7
3963 23
3964 15
3965 3
3966 34
3967 1
3968 13
3969 9
3970 30
3971 7
3972 8
3973 27
3974 10
3975 28
3976 6
3977 4
3978 10
3979 14
3980 13
3981 16
3982 10
3983 7
3984 15
3985 14
3986 13
3987 47
3988 7
3989 2
3990 8
3991 4
3992 21
3993 5
3994 18
3995 74
3996 4
3997 5
3998 5
3999 16
4000 3
4001 14
4002 32
4003 5
4004 14
4005 5
4006 54
4007 51
4008 25
4009 1
4010 5
4011 11
4012 7
4013 16
4014 82
4015 43
4016 10
4017 7
4018 4
4019 25
4020 13
4021 27
4022 3
4023 43
4024 16
4025 23
4026 3
4027 14
4028 1
4029 9
4030 1
4031 15
4032 3
4033 7
4034 20
4035 18
4036 15
4037 1
4038 6
4039 9
4040 5
4041 19
4042 5
4043 5
4044 3
4045 3
4046 8
4047 61
4048 3
4049 86
4050 32
4051 16
4052 30
4053 15
4054 1
4055 48
4056 5
4057 52
4058 27
4059 7
4060 18
4061 49
4062 5
4063 15
4064 10
4065 6
4066 7
4067 4
4068 3
4069 2
4070 8
4071 6
4072 8
4073 3
4074 6
4075 6
4076 43
4077 4
4078 23
4079 14
4080 3
4081 4
4082 7
4083 10
4084 7
4085 7
4086 5
4087 14
4088 6
4089 2
4090 5
4091 2
4092 9
4093 9
4094 3
4095 5
4096 4
4097 16
4098 11
4099 2
4100 10
4101 13
4102 3
4103 2
4104 8
4105 6
4106 2
4107 12
4108 3
4109 5
4110 2
4111 9
4112 4
4113 19
4114 4
4115 3
4116 16
4117 2
4118 3
4119 18
4120 8
4121 15
4122 3
4123 14
4124 1
4125 21
4126 3
4127 1
4128 6
4129 6
4130 3
4131 13
4132 4
4133 6
4134 13
4135 10
4136 3
4137 11
4138 6
4139 2
4140 11
4141 18
4142 2
4143 4
4144 9
4145 13
4146 7
4147 5
4148 9
4149 2
4150 14
4151 6
4152 10
4153 2
4154 3
4155 15
4156 13
4157 11
4158 6
4159 6
4160 15
4161 6
4162 2
4163 2
4164 21
4165 1
4166 29
4167 14
4168 14
4169 3
4170 4
4171 16
4172 1
4173 9
4174 173
4175 7
4176 14
4177 8
4178 17
4179 5
4180 12
4181 8
4182 1
4183 6
4184 10
4185 5
4186 51
4187 5
4188 12
4189 252
4190 2
4191 20
4192 9
4193 37
4194 7
4195 32
4196 51
4197 8
4198 22
4199 10
4200 23
4201 11
4202 17
4203 48
4204 33
4205 10
4206 9
4207 59
4208 24
4209 75
4210 27
4211 5
4212 25
4213 50
4214 16
4215 8
4216 14
4217 11
4218 8
4219 15
4220 8
4221 6
4222 7
4223 9
4224 40
4225 21
4226 4
4227 16
4228 12
4229 3
4230 33
4231 8
4232 2
4233 2
4234 2
4235 2
4236 3
4237 34
4238 3
4239 36
4240 27
4241 32
4242 5
4243 4
4244 15
4245 83
4246 61
4247 19
4248 21
4249 5
4250 44
4251 15
4252 10
4253 23
4254 35
4255 10
4256 15
4257 38
4258 13
4259 2
4260 34
4261 13
4262 56
4263 39
4264 14
4265 61
4266 9
4267 98
4268 8
4269 8
4270 4
4271 7
4272 8
4273 14
4274 17
4275 50
4276 76
4277 18
4278 31
4279 94
4280 21
4281 26
4282 12
4283 81
4284 68
4285 17
4286 27
4287 6
4288 8
4289 10
4290 7
4291 12
4292 9
4293 30
4294 29
4295 12
4296 9
4297 31
4298 24
4299 28
4300 24
4301 1
4302 38
4303 15
4304 9
4305 24
4306 24
4307 38
4308 4
4309 1
4310 8
4311 5
4312 6
4313 6
4314 5
4315 1
4316 3
4317 9
4318 4
4319 2
4320 27
4321 4
4322 3
4323 34
4324 4
4325 1
4326 5
4327 4
4328 4
4329 12
4330 5
4331 7
4332 1
4333 6
4334 3
4335 2
4336 8
4337 7
4338 7
4339 3
4340 4
4341 2
4342 3
4343 3
4344 4
4345 12
4346 10
4347 7
4348 6
4349 2
4350 3
4351 2
4352 2
4353 4
4354 6
4355 3
4356 4
4357 3
4358 19
4359 2
4360 7
4361 9
4362 6
4363 6
4364 5
4365 2
4366 5
4367 3
4368 3
4369 4
4370 13
4371 9
4372 15
4373 2
4374 1
4375 5
4376 4
4377 12
4378 12
4379 4
4380 4
4381 6
4382 2
4383 2
4384 4
4385 8
4386 6
4387 10
4388 1
4389 2
4390 1
4391 8
4392 2
4393 3
4394 1
4395 7
4396 11
4397 7
4398 6
4399 2
4401 4
4402 5
4403 9
4404 3
4405 6
4406 3
4407 5
4408 8
4409 3
4410 3
4411 1
4412 14
4413 31
4414 2
4415 3
4416 2
4417 9
4418 3
4419 13
4420 6
4421 4
4422 5
4423 2
4424 1
4425 2
4426 9
4427 2
4428 8
4429 5
4430 4
4431 2
4432 1
4433 6
4434 6
4435 9
4436 2
4437 3
4438 1
4439 2
4440 1
4441 4
4442 3
4443 4
4444 5
4445 1
4446 7
4447 1
4448 4
4449 3
4450 9
4451 14
4452 10
4453 26
4454 1
4455 2
4456 3
4457 2
4458 2
4459 2
4460 3
4461 3
4462 7
4463 2
4464 4
4465 4
4466 2
4467 1
4468 6
4469 26
4470 1
4471 14
4472 4
4473 2
4474 4
4475 1
4476 1
4477 4
4478 7
4479 13
4480 2
4481 1
4482 5
4483 1
4484 2
4485 1
4486 5
4487 4
4488 4
4489 7
4490 3
4491 2
4492 2
4493 4
4494 3
4495 4
4496 6
4497 5
4498 7
4499 2
4500 1
4501 1
4502 11
4503 7
4504 1
4505 4
4506 7
4507 4
4508 14
4509 5
4510 5
4511 6
4513 3
4514 11
4515 4
4516 8
4517 5
4518 5
4519 5
4520 2
4521 3
4522 6
4523 2
4524 5
4525 9
4526 2
4527 10
4528 2
4529 3
4530 2
4531 2
4532 3
4533 7
4534 2
4535 8
4536 12
4537 1
4538 1
4539 5
4540 1
4541 1
4542 5
4543 12
4544 8
4545 7
4546 13
4547 5
4548 30
4549 4
4550 2
4551 3
4552 2
4553 5
4554 47
4555 12
4556 5
4557 7
4558 3
4559 9
4560 9
4561 12
4562 4
4563 8
4564 4
4565 3
4566 9
4567 3
4568 4
4569 3
4570 10
4571 9
4572 4
4573 2
4574 1
4575 2
4576 4
4577 5
4578 6
4579 12
4580 2
4581 16
4582 3
4583 8
4584 10
4585 21
4586 1
4587 3
4588 1
4589 4
4590 3
4591 6
4592 5
4593 2
4594 5
4595 1
4596 10
4597 2
4598 4
4599 12
4600 11
4601 16
4602 6
4603 3
4604 2
4605 6
4606 8
4607 3
4608 5
4609 3
4610 2
4611 4
4612 1
4613 2
4614 4
4615 8
4616 3
4617 10
4618 17
4619 2
4620 14
4621 14
4622 11
4623 9
4624 7
4625 5
4626 2
4627 2
4628 8
4629 5
4630 13
4631 1
4632 1
4633 28
4635 1
4636 8
4637 3
4638 4
4639 3
4640 7
4641 3
4642 36
4643 8
4644 19
4645 1
4646 6
4647 10
4648 7
4650 10
4651 13
4652 3
4653 5
4654 3
4655 5
4656 6
4657 3
4658 21
4659 6
4660 6
4661 10
4662 6
4663 1
4664 8
4665 2
4666 2
4667 1
4668 2
4669 29
4670 19
4671 4
4672 10
4673 7
4674 2
4675 16
4676 8
4677 1
4678 7
4679 6
4680 9
4681 6
4682 16
4683 7
4684 4
4685 12
4686 2
4687 6
4689 7
4690 3
4691 8
4692 3
4693 35
4694 4
4695 10
4696 4
4697 10
4698 14
4699 11
4700 87
4701 5
4702 4
4703 2
4704 33
4705 18
4706 12
4707 18
4708 10
4709 31
4710 15
4711 7
4712 15
4713 13
4714 6
4715 19
4716 34
4717 7
4718 17
4719 20
4720 24
4721 7
4722 16
4723 4
4724 30
4725 9
4726 26
4727 6
4728 9
4729 18
4730 22
4731 13
4732 13
4733 32
4734 12
4735 8
4736 17
4737 16
4738 11
4739 4
4740 5
4741 22
4742 23
4743 10
4744 17
4745 20
4746 19
4747 24
4748 18
4749 10
4750 123
4751 16
4752 8
4753 23
4754 27
4755 8
4756 20
4757 46
4758 23
4759 14
4760 5
4761 9
4762 17
4763 34
4764 30
4765 7
4766 27
4767 19
4768 22
4769 38
4770 19
4771 6
4772 9
4773 15
4774 5
4775 18
4776 33
4777 3
4778 20
4779 37
4780 8
4781 35
4782 3
4783 45
4784 20
4785 7
4786 53
4787 10
4788 6
4789 47
4790 16
4791 16
4792 14
4793 8
4794 14
4795 36
4796 1
4797 3
4798 1
4799 10
4800 61
4801 36
4802 49
4803 7
4804 76
4805 26
4806 7
4807 43
4808 1
4809 10
4810 56
4811 129
4812 10
4813 114
4814 6
4815 26
4816 45
4817 58
4818 12
4819 11
4820 38
4821 25
4822 3
4823 12
4824 13
4825 31
4826 38
4827 4
4828 5
4829 13
4830 4
4831 93
4832 35
4833 59
4834 33
4835 148
4836 97
4837 79
4838 83
4839 21
4840 6
4841 15
4842 93
4843 127
4844 123
4845 62
4846 6
4847 18
4848 72
4849 39
4850 100
4851 157
4852 59
4853 24
4854 19
4855 9
4856 17
4857 86
4858 43
4859 71
4860 4
4861 6
4862 66
4863 30
4864 27
4865 10
4866 71
4867 6
4868 68
4869 12
4870 8
4871 9
4872 59
4873 10
4874 34
4875 17
4876 46
4877 81
4878 6
4879 64
4880 48
4881 38
4882 84
4883 9
4884 16
4885 35
4886 7
4887 13
4888 12
4889 37
4890 116
4891 80
4892 19
4893 13
4894 8
4895 35
4896 36
4897 33
4898 10
4899 17
4900 50
4901 176
4902 6
4903 23
4904 2
4905 8
4906 14
4907 19
4908 14
4909 2
4910 2
4911 11
4912 26
4913 44
4914 7
4915 55
4916 47
4917 23
4918 15
4919 28
4920 60
4921 10
4922 11
4923 7
4924 17
4925 20
4926 19
4927 2
4928 33
4929 16
4930 12
4931 15
4932 43
4933 13
4934 12
4935 16
4936 2
4937 8
4938 4
4939 5
4940 100
4941 11
4942 4
4943 6
4944 9
4945 15
4946 59
4947 5
4948 8
4949 4
4950 29
4951 15
4952 30
4953 2
4954 18
4955 7
4956 3
4957 41
4958 6
4959 10
4960 8
4961 2
4962 1
4963 21
4964 5
4965 4
4966 18
4967 7
4968 46
4969 11
4970 10
4971 13
4972 111
4973 12
4974 15
4975 1
4976 7
4977 2
4978 17
4979 22
4980 15
4981 31
4982 11
4983 11
4984 45
4985 7
4986 19
4987 5
4988 23
4989 14
4990 6
4991 30
4992 113
4993 6
4994 3
4995 19
4996 5
4997 6
4998 5
4999 20
5000 13
5001 21
5002 5
5003 13
5004 8
5005 19
5006 19
5007 102
5008 86
5009 17
5010 12
5011 13
5012 4
5013 7
5014 8
5015 4
5016 26
5017 15
5018 14
5019 26
5020 6
5021 6
5022 8
5023 5
5024 9
5025 3
5026 4
5027 11
5028 55
5029 10
5030 9
5031 3
5032 32
5033 7
5034 8
5035 8
5036 11
5037 12
5038 3
5039 14
5040 22
5041 4
5042 2
5043 13
5044 3
5045 29
5046 9
5047 10
5048 4
5049 10
5050 6
5051 5
5052 12
5053 35
5054 13
5055 5
5056 9
5057 25
5058 22
5059 5
5060 3
5061 5
5062 212
5063 4
5064 7
5065 68
5066 6
5067 7
5068 7
5069 10
5070 42
5071 22
5072 14
5073 3
5074 7
5075 36
5076 6
5077 25
5078 12
5079 12
5080 15
5081 14
5082 28
5083 5
5084 18
5085 6
5086 6
5087 4
5088 4
5089 21
5090 1
5091 1
5092 9
5093 12
5094 1
5095 11
5096 10
5097 6
5098 2
5099 6
5100 7
5101 9
5102 1
5103 7
5104 4
5105 2
5106 17
5107 5
5108 10
5109 14
5110 9
5111 18
5112 2
5113 22
5114 7
5115 16
5116 48
5117 15
5118 28
5119 35
5120 6
5121 5
5122 2
5123 15
5124 7
5125 4
5126 12
5127 68
5128 12
5129 31
5130 35
5131 37
5132 2
5133 5
5134 2
5135 3
5136 3
5137 19
5138 5
5139 7
5140 6
5141 7
5142 9
5143 4
5144 2
5145 3
5146 15
5147 12
5148 3
5149 6
5150 1
5151 8
5152 3
5153 9
5154 2
5155 2
5156 24
5157 2
5158 2
5159 4
5160 7
5161 12
5162 1
5163 7
5164 8
5165 10
5166 3
5167 3
5168 8
5169 1
5170 1
5171 5
5172 9
5173 8
5174 6
5175 22
5176 85
5177 1
5178 4
5179 3
5180 8
5181 1
5182 2
5183 5
5184 1
5185 2
5186 5
5187 6
5188 27
5189 19
5190 12
5191 8
5192 5
5193 4
5194 5
5195 1
5196 23
5197 35
5198 87
5199 22
5200 9
5201 37
5202 3
5203 8
5204 17
5205 7
5206 12
5207 46
5208 18
5209 40
5210 10
5211 11
5212 3
5213 9
5214 8
5215 41
5216 24
5217 14
5218 11
5219 16
5220 31
5221 10
5222 3
5223 2
5224 14
5225 27
5226 4
5227 3
5228 8
5229 4
5230 4
5231 3
5232 15
5233 2
5234 1
5235 1
5236 10
5237 6
5238 4
5239 1
5240 12
5241 8
5242 8
5243 30
5244 2
5245 1
5246 2
5247 1
5248 25
5249 56
5250 5
5251 30
5252 80
5253 40
5254 16
5255 32
5256 4
5257 42
5258 53
5259 35
5260 27
5261 35
5262 6
5263 10
5264 24
5265 20
5266 18
5267 14
5268 10
5269 3
5270 9
5271 3
5272 4
5273 17
5274 6
5275 12
5276 2
5277 4
5278 19
5279 13
5280 5
5281 6
5282 11
5283 3
5284 5
5285 2
5286 26
5287 8
5288 2
5289 3
5290 5
5291 2
5292 3
5293 8
5294 21
5295 6
5296 4
5297 16
5298 2
5299 2
5300 28
5301 1
5302 5
5303 2
5304 1
5305 90
5306 28
5307 17
5308 17
5309 16
5310 30
5311 62
5312 8
5313 2
5314 20
5315 52
5316 76
5317 9
5318 6
5319 37
5320 17
5321 6
5322 8
5323 37
5324 3
5325 33
5326 8
5327 15
5328 18
5329 21
5330 33
5331 5
5332 16
5333 13
5334 8
5335 6
5336 6
5337 31
5338 43
5339 49
5340 5
5341 11
5342 37
5343 24
5344 43
5345 41
5346 1
5347 23
5348 1
5349 49
5350 25
5351 46
5352 7
5353 16
5354 1
5355 5
5356 12
5357 11
5358 32
5359 54
5360 20
5361 20
5362 16
5363 27
5364 32
5365 9
5366 2
5367 24
5368 7
5369 33
5370 89
5371 38
5372 47
5373 9
5374 34
5375 23
5376 15
5377 13
5378 8
5379 2
5380 3
5381 58
5382 1
5383 32
5384 9
5385 34
5386 38
5387 41
5388 52
5389 18
5390 2
5391 24
5392 1
5393 24
5394 21
5395 31
5396 34
5397 44
5398 4
5399 16
5400 14
5401 32
5402 11
5403 19
5404 3
5405 7
5406 6
5407 31
5408 23
5409 2
5410 2
5411 40
5412 2
5413 27
5414 36
5415 36
5416 50
5417 2
5418 2
5419 32
5420 49
5421 13
5422 5
5423 8
5424 100
5425 9
5426 10
5427 30
5428 12
5429 21
5430 14
5431 8
5432 4
5433 4
5434 33
5435 24
5436 6
5437 35
5438 14
5439 58
5440 2
5441 4
5442 6
5443 8
5444 10
5445 5
5446 1
5447 2
5448 4
5449 19
5450 8
5451 2
5452 1
5453 3
5454 13
5455 11
5456 45
5457 7
5458 12
5459 4
5460 4
5461 12
5462 18
5463 20
5464 2
5465 49
5466 14
5467 28
5468 47
5469 15
5470 11
5471 3
5472 12
5473 40
5474 3
5475 15
5476 5
5477 4
5478 3
5479 1
5480 36
5481 33
5482 39
5483 4
5484 41
5485 2
5486 4
5487 5
5488 4
5489 6
5490 6
5491 20
5492 4
5493 4
5494 10
5495 11
5496 1
5497 3
5498 3
5499 1
5500 3
5501 8
5502 4
5503 1
5504 10
5505 2
5506 3
5507 17
5508 8
5509 13
5510 5
5511 10
5512 7
5513 15
5514 12
5515 13
5516 21
5517 15
5518 8
5519 8
5520 11
5521 16
5522 20
5523 20
5524 25
5525 54
5526 23
5527 11
5528 4
5529 8
5530 7
5531 5
5532 46
5533 12
5534 5
5535 13
5536 4
5537 5
5538 3
5539 64
5540 43
5541 24
5542 2
5543 5
5544 37
5545 58
5546 14
5547 12
5548 46
5549 33
5550 10
5551 7
5552 1
5553 35
5554 50
5555 6
5556 18
5557 21
5558 11
5559 16
5560 12
5561 2
5562 5
5563 3
5564 37
5565 21
5566 9
5567 6
5568 7
5569 11
5570 10
5571 4
5572 1
5573 11
5574 11
5575 4
5576 2
5577 6
5578 1
5579 1
5580 11
5581 34
5582 5
5583 1
5584 3
5585 2
5586 21
5587 10
5588 5
5589 7
5590 17
5591 3
5592 11
5593 11
5594 6
5595 38
5596 74
5597 38
5598 3
5599 4
5600 2
5601 31
5602 3
5603 2
5604 18
5605 2
5606 8
5607 1
5608 2
5609 7
5610 12
5611 12
5612 5
5613 3
5614 21
5615 2
5616 24
5617 3
5618 4
5619 4
5620 4
5621 6
5622 20
5623 6
5624 7
5625 23
5626 1
5627 6
5628 5
5629 2
5630 7
5631 3
5632 3
5633 2
5634 3
5635 2
5636 30
5637 2
5638 4
5639 7
5640 2
5641 4
5642 1
5643 2
5644 1
5645 7
5646 3
5647 1
5648 16
5649 21
5650 5
5651 25
5652 6
5653 25
5654 2
5655 13
5656 37
5657 23
5658 13
5659 13
5660 21
5661 5
5662 3
5663 59
5664 9
5665 17
5666 23
5667 6
5668 39
5669 16
5670 9
5671 6
5672 5
5673 3
5674 5
5675 5
5676 1
5677 1
5678 11
5679 21
5680 8
5681 1
5682 1
5683 5
5684 3
5685 2
5686 2
5687 2
5688 5
5689 5
5690 12
5691 10
5692 29
5693 6
5694 6
5695 6
5696 1
5697 5
5698 3
5699 6
5700 11
5701 3
5702 4
5703 55
5704 3
5705 7
5706 1
5707 8
5708 17
5709 4
5710 16
5711 8
5712 10
5713 10
5714 8
5715 57
5716 15
5717 16
5718 6
5719 15
5720 19
5721 98
5722 16
5723 64
5724 26
5725 11
5726 19
5727 7
5728 6
5729 21
5730 4
5731 14
5732 19
5733 15
5734 13
5735 3
5736 27
5737 23
5738 6
5739 14
5740 4
5741 1
5742 33
5743 19
5744 5
5745 3
5746 12
5747 11
5748 23
5749 8
5750 25
5751 9
5752 29
5753 4
5754 6
5755 3
5756 3
5757 5
5758 2
5759 13
5760 20
5761 7
5762 27
5763 33
5764 32
5765 29
5766 10
5767 17
5768 7
5769 13
5770 9
5771 6
5772 13
5773 11
5774 32
5775 12
5776 17
5777 20
5778 123
5779 7
5780 13
5781 7
5782 3
5783 4
5784 12
5785 2
5786 1
5787 4
5788 5
5789 7
5790 5
5791 15
5792 3
5793 3
5794 4
5795 3
5796 7
5797 13
5798 4
5799 16
5800 4
5801 14
5802 4
5803 2
5804 5
5805 1
5806 2
5807 1
5808 13
5809 9
5810 5
5811 55
5812 13
5813 5
5814 5
5815 27
5816 11
5817 6
5818 4
5819 13
5820 14
5821 2
5822 4
5823 5
5824 2
5825 4
5826 1
5827 4
5828 3
5829 15
5830 7
5831 4
5832 14
5833 5
5834 9
5835 7
5836 9
5837 3
5838 4
5839 3
5840 6
5841 6
5842 2
5843 12
5844 5
5845 1
5846 28
5847 11
5848 5
5849 2
5850 4
5851 10
5852 7
5853 7
5854 38
5855 3
5856 2
5857 8
5858 1
5859 14
5860 5
5861 5
5862 8
5863 15
5864 11
5865 2
5866 6
5867 7
5868 7
5869 23
5870 1
5871 5
5872 5
5873 8
5874 1
5875 5
5876 2
5877 8
5878 1
5879 18
5880 4
5881 4
5882 40
5883 3
5884 3
5885 9
5886 2
5887 4
5888 32
5889 12
5890 1
5891 11
5892 41
5893 38
5894 18
5895 1
5896 24
5897 2
5898 2
5899 8
5900 16
5901 13
5902 21
5903 3
5904 10
5905 8
5906 3
5907 73
5908 18
5909 2
5910 6
5911 6
5912 5
5913 5
5914 8
5915 5
5916 2
5917 3
5918 4
5919 6
5920 2
5921 4
5922 2
5923 17
5924 10
5925 11
5926 8
5927 2
5928 10
5929 4
5930 1
5931 17
5932 3
5933 3
5934 2
5935 3
5936 4
5937 18
5938 3
5939 4
5940 37
5941 6
5942 5
5943 7
5944 2
5945 3
5946 3
5947 12
5948 24
5949 6
5950 6
5951 8
5952 3
5953 6
5954 7
5955 15
5956 3
5957 7
5958 7
5959 3
5960 3
5961 2
5962 1
5963 3
5964 4
5965 13
5966 13
5967 18
5968 14
5969 8
5970 9
5971 10
5972 10
5973 37
5974 8
5975 27
5976 39
5977 8
5978 8
5979 9
5980 27
5981 8
5982 7
5983 3
5984 7
5985 6
5986 18
5987 16
5988 10
5989 5
5990 29
5991 4
5992 5
5993 6
5994 32
5995 4
5996 1
5997 16
5998 4
5999 10
6000 1
6001 17
6002 76
6003 4
6004 8
6005 1
6006 1
6007 7
6008 19
6009 9
6010 12
6011 10
6012 4
6013 1
6014 8
6015 14
6016 5
6017 8
6018 12
6019 6
6020 2
6021 2
6022 4
6023 33
6024 1
6025 9
6026 10
6027 1
6028 3
6029 3
6030 2
6031 32
6032 10
6033 7
6034 10
6035 11
6036 5
6037 12
6038 65
6039 10
6040 4
6041 33
6042 5
6043 26
6044 26
6045 38
6046 19
6047 9
6048 7
6049 23
6050 15
6051 3
6052 11
6053 12
6054 1
6055 54
6056 6
6057 3
6058 16
6059 17
6060 12
6061 15
6062 7
6063 26
6064 12
6065 17
6066 7
6067 1
6068 24
6069 2
6070 55
6071 20
6072 8
6073 4
6074 15
6075 3
6076 5
6077 13
6078 15
6079 1
6080 20
6081 2
6082 1
6083 51
6084 13
6085 55
6086 7
6087 41
6088 4
6089 38
6090 22
6091 10
6092 28
6093 1
6094 5
6095 6
6096 19
6097 10
6098 10
6099 30
6100 14
6101 6
6102 6
6103 7
6104 14
6105 2
6106 1
6107 7
6108 9
6109 11
6110 5
6111 48
6112 9
6113 8
6114 6
6115 7
6116 11
6117 6
6118 6
6119 6
6120 10
6121 6
6122 20
6123 11
6124 8
6125 25
6126 25
6127 18
6128 16
6129 3
6130 4
6131 15
6132 3
6133 9
6134 3
6135 2
6136 12
6137 6
6138 28
6139 6
6140 2
6141 2
6142 2
6143 27
6144 39
6145 5
6146 2
6147 11
6148 12
6149 65
6150 3
6151 15
6152 10
6153 20
6154 6
6155 2
6156 16
6157 10
6158 14
6159 39
6160 3
6161 13
6162 21
6163 39
6164 24
6165 10
6166 11
6167 12
6168 2
6169 3
6170 8
6171 1
6172 36
6173 16
6174 28
6175 9
6176 30
6177 19
6178 13
6179 5
6180 8
6181 4
6182 14
6183 3
6184 6
6185 46
6186 9
6187 4
6188 17
6189 16
6190 7
6191 3
6192 12
6193 4
6194 2
6195 7
6196 4
6197 10
6198 7
6199 11
6200 6
6201 39
6202 5
6203 14
6204 5
6205 5
6206 15
6207 12
6208 9
6209 36
6210 22
6211 6
6212 6
6213 9
6214 5
6215 7
6216 10
6217 7
6218 2
6219 6
6220 10
6221 14
6222 22
6223 9
6224 19
6225 8
6226 22
6227 27
6228 6
6229 11
6230 9
6231 2
6232 5
6233 6
6234 22
6235 51
6236 10
6237 21
6238 2
6239 2
6240 2
6241 4
6242 2
6243 11
6244 5
6245 6
6246 4
6247 6
6248 2
6249 24
6250 7
6251 20
6252 13
6253 4
6254 13
6255 11
6256 21
6257 8
6258 11
6259 9
6260 18
6261 17
6262 8
6263 3
6264 2
6265 4
6266 9
6267 7
6268 7
6269 1
6270 6
6271 5
6272 4
6273 3
6274 1
6275 7
6276 11
6277 2
6278 4
6279 13
6280 3
6281 1
6282 52
6283 12
6284 28
6285 1
6286 1
6287 8
6288 30
6289 23
6290 9
6291 4
6292 10
6293 23
6294 13
6295 17
6296 2
6297 9
6298 14
6299 4
6300 9
6301 6
6302 24
6303 2
6304 36
6305 1
6306 1
6307 3
6308 3
6309 14
6310 3
6311 18
6312 18
6313 13
6314 9
6315 3
6316 6
6317 2
6318 21
6319 45
6320 4
6321 13
6322 4
6323 5
6324 16
6325 2
6326 18
6327 7
6328 4
6329 9
6330 2
6331 13
6332 4
6333 5
6334 7
6335 2
6336 59
6337 9
6338 3
6339 9
6340 4
6341 7
6342 3
6343 26
6344 5
6345 5
6346 3
6347 13
6348 22
6349 10
6350 11
6351 4
6352 3
6353 3
6354 2
6355 2
6356 2
6357 4
6358 4
6359 2
6360 19
6361 1
6362 13
6363 13
6364 11
6365 6
6366 12
6367 11
6368 12
6369 10
6370 14
6371 3
6372 7
6373 4
6374 4
6375 20
6376 1
6377 4
6378 6
6379 4
6380 3
6381 2
6382 7
6383 1
6384 16
6385 38
6386 7
6387 4
6388 13
6389 18
6390 32
6391 4
6392 10
6393 52
6394 2
6395 12
6396 6
6397 18
6398 10
6399 6
6400 11
6401 3
6402 5
6403 4
6404 10
6405 4
6406 12
6407 9
6408 2
6409 32
6410 9
6411 38
6412 17
6413 3
6414 5
6415 25
6416 18
6417 11
6418 14
6419 6
6420 1
6421 7
6422 2
6423 8
6424 6
6425 3
6426 4
6427 3
6428 2
6429 4
6430 5
6431 10
6432 9
6433 35
6434 13
6435 13
6436 14
6437 2
6438 30
6439 1
6440 3
6441 4
6442 5
6443 7
6444 7
6445 3
6446 4
6447 8
6448 11
6449 3
6450 1
6451 3
6452 3
6453 2
6454 13
6455 4
6456 5
6457 2
6458 1
6459 4
6460 8
6461 3
6462 8
6463 3
6464 4
6465 5
6466 5
6467 3
6468 2
6469 3
6470 1
6471 10
6472 11
6473 6
6474 10
6475 12
6476 11
6477 13
6478 3
6479 3
6480 13
6481 2
6482 2
6483 11
6484 8
6485 6
6486 2
6487 5
6488 1
6489 2
6490 2
6491 3
6492 2
6493 2
6494 6
6495 5
6496 2
6497 8
6498 9
6499 6
6500 4
6501 7
6502 3
6503 13
6504 1
6505 3
6506 4
6507 2
6508 4
6509 2
6510 2
6511 21
6512 2
6513 4
6514 4
6515 1
6516 5
6517 4
6518 16
6519 21
6520 5
6521 6
6522 18
6523 6
6524 6
6525 15
6526 7
6527 5
6528 12
6529 13
6530 2
6531 5
6532 9
6533 4
6534 7
6535 10
6536 6
6537 4
6538 20
6539 4
6540 4
6541 3
6542 5
6543 6
6544 10
6545 4
6546 2
6547 1
6548 29
6549 1
6550 4
6551 1
6552 1
6553 7
6554 5
6555 2
6556 6
6557 7
6558 7
6559 32
6560 18
6561 10
6562 1
6563 1
6564 3
6565 2
6566 5
6567 3
6568 1
6569 1
6570 2
6571 1
6572 2
6573 7
6574 5
6575 9
6576 6
6577 3
6578 5
6579 5
6580 7
6581 7
6582 12
6583 3
6584 6
6585 5
6586 5
6587 5
6588 7
6589 9
6590 9
6591 7
6592 8
6593 3
6594 2
6595 6
6596 2
6597 4
6598 1
6599 4
6600 2
6601 3
6602 8
6603 5
6604 4
6605 3
6606 8
6607 2
6608 9
6609 13
6610 14
6611 8
6612 1
6613 4
6614 1
6615 1
6616 3
6617 1
6618 1
6619 15
6620 1
6621 6
6622 15
6623 2
6624 17
6625 7
6626 8
6627 4
6628 4
6629 10
6630 5
6631 14
6632 4
6633 7
6634 24
6635 3
6636 3
6637 1
6638 20
6639 25
6640 4
6641 2
6642 4
6643 2
6644 7
6645 2
6646 3
6647 2
6648 4
6649 8
6650 4
6651 5
6652 3
6653 2
6654 3
6655 3
6656 6
6657 11
6658 6
6659 21
6660 3
6661 20
6662 5
6663 6
6664 3
6665 2
6666 2
6667 1
6668 5
6669 30
6670 2
6671 5
6672 1
6673 24
6674 5
6675 2
6676 25
6677 2
6678 1
6679 3
6680 2
6681 17
6682 4
6683 2
6684 23
6685 16
6686 7
6687 3
6688 1
6689 17
6690 3
6691 7
6692 1
6693 7
6694 10
6695 2
6696 28
6697 31
6698 3
6699 6
6700 5
6701 21
6702 3
6703 20
6704 23
6705 2
6706 1
6707 1
6708 11
6709 26
6710 4
6711 3
6712 9
6713 6
6714 5
6715 1
6716 1
6717 2
6718 3
6719 2
6720 4
6721 2
6722 3
6723 13
6724 8
6725 17
6726 7
6727 4
6728 14
6729 25
6730 14
6731 2
6732 3
6733 5
6734 6
6735 21
6736 9
6737 18
6738 11
6739 3
6740 13
6741 5
6742 15
6743 12
6744 19
6745 11
6746 41
6747 17
6748 27
6749 16
6750 14
6751 4
6752 4
6753 13
6754 1
6755 3
6756 7
6757 9
6758 3
6759 1
6760 3
6761 4
6762 12
6763 26
6764 8
6765 42
6766 1
6767 23
6768 3
6769 13
6770 15
6771 5
6772 9
6773 6
6774 5
6775 12
6776 3
6777 5
6778 3
6779 5
6780 4
6781 7
6782 14
6783 1
6784 9
6785 12
6786 11
6787 19
6788 10
6789 20
6790 3
6791 6
6792 2
6793 6
6794 24
6795 8
6796 25
6797 14
6798 44
6799 23
6800 21
6801 2
6802 2
6803 2
6804 10
6805 10
6806 7
6807 3
6808 45
6809 5
6810 2
6811 2
6812 6
6813 5
6814 32
6815 3
6816 3
6817 6
6818 8
6819 19
6820 9
6821 12
6822 4
6823 2
6824 14
6825 14
6826 7
6827 13
6828 4
6829 3
6830 2
6831 19
6832 5
6833 4
6834 16
6835 16
6836 5
6837 16
6838 5
6839 2
6840 12
6841 1
6842 4
6843 5
6844 26
6845 2
6846 1
6847 3
6848 5
6849 8
6850 10
6851 21
6852 3
6853 3
6854 12
6855 2
6856 5
6857 2
6858 1
6859 15
6860 7
6861 3
6862 2
6863 6
6864 3
6865 2
6866 2
6867 58
6868 3
6869 5
6870 2
6871 5
6872 6
6873 3
6874 4
6875 6
6876 8
6877 2
6878 3
6879 3
6880 3
6881 2
6882 9
6883 2
6884 2
6885 9
6886 7
6887 6
6888 4
6889 9
6890 11
6891 3
6892 11
6893 10
6894 14
6895 3
6896 6
6897 5
6898 5
6899 4
6900 5
6901 4
6902 33
6903 2
6904 13
6905 6
6906 8
6907 7
6908 3
6909 11
6910 4
6911 6
6912 3
6913 4
6914 1
6915 2
6916 3
6917 14
6918 2
6919 2
6920 1
6921 4
6922 2
6923 3
6924 15
6925 7
6926 4
6927 10
6928 11
6929 9
6930 22
6931 14
6932 6
6933 6
6934 10
6935 14
6936 3
6937 2
6938 4
6939 3
6940 3
6941 4
6942 4
6943 9
6944 2
6945 8
6946 4
6947 5
6948 3
6949 9
6950 7
6951 4
6952 3
6953 7
6954 8
6955 1
6956 3
6957 1
6958 5
6959 4
6960 9
6961 4
6962 4
6963 8
6964 1
6965 2
6966 8
6967 2
6968 2
6969 1
6970 3
6971 8
6972 1
6973 2
6974 1
6975 1
6976 1
6977 2
6978 14
6979 1
6980 3
6981 8
6982 2
6983 1
6984 2
6985 20
6986 2
6987 9
6988 3
6989 1
6990 2
6991 8
6992 2
6993 2
6994 7
6995 9
6996 1
6997 12
6998 16
6999 15
7000 7
7001 12
7002 43
7003 42
7004 1
7005 1
7006 3
7007 3
7008 24
7009 6
7010 11
7011 20
7012 31
7013 7
7014 9
7015 6
7016 4
7017 6
7018 27
7019 38
7020 1
7021 3
7022 1
7023 3
7024 12
7025 3
7026 12
7027 17
7028 8
7029 13
7030 1
7031 19
7032 6
7033 15
7034 7
7035 5
7036 5
7037 2
7038 1
7039 2
7040 2
7041 2
7042 3
7043 3
7044 8
7045 7
7046 6
7047 6
7048 1
7049 2
7050 3
7051 7
7052 2
7053 1
7054 24
7055 6
7056 4
7057 1
7058 1
7059 2
7060 5
7061 7
7062 1
7063 6
7064 8
7065 3
7066 6
7067 7
7068 5
7069 5
7070 2
7071 6
7072 6
7073 6
7074 2
7075 7
7076 14
7077 7
7078 3
7079 3
7080 7
7081 3
7082 3
7083 2
7084 4
7085 11
7086 13
7087 10
7088 1
7089 4
7090 5
7091 17
7092 7
7093 4
7094 8
7095 4
7096 3
7097 1
7098 2
7099 2
7100 5
7101 2
7102 3
7103 9
7104 4
7105 3
7106 5
7107 2
7108 1
7109 2
7110 1
7111 1
7112 4
7113 3
7114 4
7115 2
7116 4
7117 4
7118 1
7119 6
7120 1
7121 3
7122 8
7123 12
7124 5
7125 9
7126 5
7127 7
7128 8
7129 2
7130 11
7131 5
7132 2
7133 3
7134 4
7135 4
7136 7
7137 7
7138 4
7139 2
7140 5
7141 1
7142 4
7143 3
7144 1
7145 4
7146 4
7147 3
7148 8
7149 1
7150 5
7151 2
7152 4
7153 2
7154 4
7155 2
7156 6
7157 2
7158 3
7159 1
7160 1
7161 1
7162 2
7163 12
7164 2
7165 2
7166 8
7167 6
7168 8
7169 3
7170 2
7171 5
7172 2
7173 2
7174 10
7175 5
7176 1
7177 7
7178 2
7179 3
7180 3
7181 3
7182 1
7183 3
7184 1
7185 4
7186 1
7187 6
7188 1
7189 3
7190 1
7191 2
7192 8
7193 1
7194 5
7195 7
7196 1
7197 3
7198 2
7199 2
7200 5
7201 13
7202 1
7203 12
7204 3
7205 7
7206 7
7207 1
7208 1
7209 7
7210 5
7211 20
7212 6
7213 3
7214 1
7215 1
7216 5
7217 4
7218 11
7219 3
7220 4
7221 32
7222 4
7223 17
7224 7
7225 9
7226 6
7227 7
7228 3
7229 2
7230 2
7231 9
7232 1
7233 2
7234 4
7235 2
7236 6
7237 5
7238 2
7239 3
7240 4
7241 9
7242 4
7243 7
7244 6
7245 7
7246 9
7247 3
7248 12
7249 2
7250 3
7251 12
7252 1
7253 2
7254 12
7255 6
7256 2
7257 2
7258 6
7259 12
7260 8
7261 8
7262 13
7263 4
7264 3
7265 2
7266 1
7267 1
7268 8
7269 2
7270 8
7271 2
7272 2
7273 1
7274 4
7275 7
7276 2
7277 1
7278 1
7279 1
7280 8
7281 1
7282 2
7283 2
7284 5
7285 31
7286 1
7287 6
7288 14
7289 6
7290 1
7291 11
7292 1
7293 7
7294 2
7295 3
7296 4
7297 2
7298 2
7299 4
7300 26
7301 5
7302 2
7303 4
7304 2
7305 5
7306 12
7307 9
7308 4
7309 5
7310 3
7311 7
7312 3
7313 1
7314 2
7315 3
7316 1
7317 18
7318 20
7319 7
7320 1
7321 1
7322 13
7323 3
7324 2
7325 1
7326 2
7327 4
7328 5
7329 6
7330 4
7331 9
7332 1
7333 3
7334 9
7335 7
7336 12
7337 14
7338 13
7339 5
7340 8
7341 2
7342 1
7343 2
7344 4
7345 1
7346 12
7347 12
7348 8
7349 6
7350 6
7351 2
7352 3
7353 1
7354 1
7355 9
7356 9
7357 4
7358 11
7359 5
7360 8
7361 2
7362 2
7363 9
7364 2
7365 8
7366 6
7367 6
7368 6
7369 4
7370 2
7371 3
7372 2
7373 3
7374 10
7375 2
7376 4
7377 7
7378 4
7379 5
7380 1
7381 4
7382 6
7383 8
7384 5
7385 3
7386 3
7387 3
7388 1
7389 5
7390 4
7391 2
7392 9
7393 6
7394 2
7395 5
7396 3
7397 16
7398 2
7399 4
7400 7
7401 15
7402 2
7403 2
7404 1
7405 2
7406 5
7407 1
7408 2
7409 9
7410 1
7411 19
7412 5
7413 4
7414 2
7415 4
7416 4
7417 5
7418 2
7419 13
7420 14
7421 3
7422 8
7423 5
7424 3
7425 7
7426 2
7427 3
7428 7
7429 15
7430 1
7431 2
7432 5
7433 8
7434 10
7435 6
7436 14
7437 3
7438 5
7439 4
7440 3
7441 14
7442 1
7443 3
7444 5
7445 1
7446 3
7447 3
7448 2
7449 7
7450 6
7451 6
7452 2
7453 4
7454 10
7455 6
7456 1
7457 3
7458 11
7459 3
7460 9
7461 17
7462 6
7463 7
7464 7
7465 1
7466 14
7467 9
7468 3
7469 6
7470 1
7471 8
7472 3
7473 1
7474 3
7475 3
7476 9
7477 13
7478 2
7479 3
7480 2
7481 10
7482 1
7483 2
7484 8
7485 7
7486 10
7487 5
7488 2
7489 4
7490 3
7491 2
7492 2
7493 10
7494 1
7495 7
7496 2
7497 4
7498 9
7499 6
7500 5
7501 3
7502 5
7503 7
7504 4
7505 1
7506 4
7507 2
7508 2
7509 5
7510 9
7511 3
7512 6
7513 1
7514 5
7515 9
7516 4
7517 2
7518 6
7519 11
7520 2
7521 3
7522 1
7523 10
7524 13
7525 8
7526 3
7527 1
7528 2
7529 2
7530 3
7531 1
7532 8
7533 2
7534 6
7535 1
7536 2
7537 1
7538 2
7539 3
7540 9
7541 1
7542 1
7543 4
7544 2
7545 1
7546 3
7547 1
7548 2
7549 2
7550 1
7551 3
7552 2
7553 2
7554 1
7555 1
7556 2
7557 1
7558 1
7559 1
7560 3
7561 1
7562 3
7563 2
7564 1
7565 8
7566 1
7567 4
7568 1
7569 1
7570 2
7571 9
7572 5
7573 1
7574 6
7575 1
7576 2
7577 2
7578 11
7579 2
7580 4
7581 7
7582 1
7583 8
7584 4
7585 7
7586 3
7587 7
7588 2
7589 2
7590 4
7591 3
7592 3
7593 3
7594 2
7595 1
7596 3
7597 3
7598 3
7599 5
7600 1
7601 3
7602 2
7603 2
7604 2
7605 2
7606 3
7607 1
7608 1
7609 2
7610 4
7611 19
7612 15
7613 2
7614 16
7615 3
7616 1
7617 2
7618 2
7619 1
7620 1
7621 3
7622 2
7623 4
7624 2
7625 7
7626 5
7627 3
7628 3
7629 4
7630 2
7631 2
7632 2
7633 2
7634 1
7635 5
7636 4
7637 2
7638 1
7639 1
7640 1
7641 1
7642 3
7643 3
7644 1
7645 5
7646 2
7647 13
7648 3
7649 3
7650 3
7651 7
7652 5
7653 2
7654 2
7655 4
7656 5
7657 2
7658 9
7659 2
7660 6
7661 1
7662 5
7663 7
7664 3
7665 17
7666 5
7667 2
7668 22
7669 6
7670 9
7671 3
7672 3
7673 6
7674 26
7675 14
7676 17
7677 2
7678 4
7679 8
7680 6
7681 2
7682 3
7683 3
7684 1
7685 5
7686 1
7687 5
7688 2
7689 4
7690 3
7691 1
7692 1
7693 1
7694 1
7695 3
7696 1
7697 2
7698 3
7699 3
7700 3
7701 4
7702 13
7703 4
7704 2
7705 3
7706 3
7707 1
7708 3
7709 4
7710 7
7711 13
7712 2
7713 3
7714 8
7715 2
7716 10
7717 1
7718 3
7719 3
7720 3
7721 3
7722 5
7723 3
7724 4
7725 5
7726 3
7727 3
7728 2
7729 2
7730 3
7731 3
7732 2
7733 2
7734 3
7735 1
7736 2
7737 3
7738 1
7739 1
7740 2
7741 1
7742 2
7743 2
7744 1
7745 1
7746 1
7747 3
7748 1
7749 5
7750 2
7751 4
7752 3
7753 2
7754 2
7755 4
7756 2
7757 3
7758 2
7759 5
7760 12
7761 2
7762 1
7763 13
7764 1
7765 4
7766 3
7767 1
7768 4
7769 2
7770 3
7771 7
7772 4
7773 12
7774 4
7775 3
7776 7
7777 6
7778 5
7779 1
7780 5
7781 7
7782 5
7783 3
7784 8
7785 6
7786 11
7787 6
7788 1
7789 1
7790 7
7791 8
7792 13
7793 4
7794 4
7795 6
7796 8
7797 2
7798 14
7799 3
7800 5
7801 3
7802 3
7803 4
7804 1
7805 2
7806 6
7807 1
7808 1
7809 2
7810 23
7811 5
7812 2
7813 10
7814 1
7815 3
7816 3
7817 3
7818 7
7819 3
7820 4
7821 1
7822 1
7823 4
7824 1
7825 6
7826 2
7827 3
7828 1
7829 2
7830 1
7831 2
7832 2
7833 8
7834 3
7835 3
7836 1
7837 1
7838 3
7839 2
7840 110
7841 1
7842 2
7843 7
7844 1
7845 6
7846 1
7847 1
7848 9
7849 2
7850 5
7851 8
7852 7
7853 6
7854 2
7855 5
7856 3
7857 2
7858 2
7859 3
7860 2
7861 1
7862 1
7863 2
7864 7
7865 1
7866 1
7867 2
7868 11
7869 4
7870 5
7871 2
7872 1
7873 1
7874 1
7875 3
7876 3
7877 4
7878 6
7879 4
7880 14
7881 1
7882 11
7883 1
7884 1
7885 1
7886 3
7887 2
7888 4
7889 7
7890 1
7891 6
7892 3
7893 1
7894 2
7895 8
7896 5
7897 4
7898 4
7899 12
7900 5
7901 16
7902 5
7903 5
7904 2
7905 5
7906 1
7907 3
7908 9
7909 6
7910 8
7911 1
7912 11
7913 4
7914 2
7915 5
7916 1
7917 2
7918 1
7919 2
7920 2
7921 3
7922 4
7923 2
7924 3
7925 4
7926 3
7927 2
7928 13
7929 5
7930 4
7931 3
7932 2
7933 6
7934 1
7935 1
7936 2
7937 5
7938 7
7939 3
7940 2
7941 2
7942 1
7943 3
7944 6
7945 2
7946 4
7947 2
7948 2
7949 2
7950 1
7951 3
7952 2
7953 4
7954 3
7955 4
7956 1
7957 3
7958 1
7959 8
7960 4
7961 3
7962 6
7963 1
7964 16
7965 2
7966 3
7967 4
7968 2
7969 7
7970 5
7971 6
7972 9
7973 4
7974 2
7975 2
7976 2
7977 5
7978 4
7979 1
7980 11
7981 10
7982 2
7983 4
7984 3
7985 2
7986 9
7987 2
7988 3
7989 9
7990 2
7991 6
7992 4
7993 2
7994 1
7995 3
7996 10
7997 3
7998 2
7999 1
8000 2
8001 4
8002 10
8003 2
8004 2
8005 11
8006 7
8007 9
8008 1
8009 16
8010 1
8011 3
8012 7
8013 2
8014 2
8015 12
8016 7
8017 1
8018 3
8019 4
8020 1
8021 1
8022 3
8023 1
8024 2
8025 5
8026 1
8027 6
8028 2
8029 5
8030 5
8031 3
8032 2
8033 1
8034 3
8035 4
8036 3
8037 4
8038 3
8039 1
8040 9
8041 3
8042 2
8043 1
8044 3
8045 2
8046 2
8047 1
8048 4
8049 3
8050 3
8051 6
8052 5
8053 4
8054 1
8055 3
8056 3
8057 2
8058 4
8059 7
8060 5
8061 7
8062 2
8063 4
8064 2
8065 1
8066 2
8067 2
8068 7
8069 2
8070 2
8071 3
8072 3
8073 4
8074 2
8075 9
8076 1
8077 2
8078 1
8079 14
8080 2
8081 2
8082 1
8083 3
8084 5
8085 5
8086 7
8087 2
8088 1
8089 3
8090 21
8091 18
8092 10
8093 1
8094 7
8095 5
8096 7
8097 1
8098 2
8099 3
8100 2
8101 1
8102 1
8103 4
8104 1
8105 1
8106 6
8107 4
8108 2
8109 2
8110 3
8111 1
8112 6
8113 2
8114 3
8115 3
8116 6
8117 3
8118 3
8119 2
8120 6
8121 2
8122 6
8123 3
8124 1
8125 2
8126 5
8127 7
8128 7
8129 1
8130 2
8131 4
8132 4
8133 2
8134 1
8135 7
8136 1
8137 3
8138 6
8139 3
8140 4
8141 1
8142 1
8143 7
8144 3
8145 6
8146 3
8147 3
8148 3
8149 5
8150 4
8151 4
8152 3
8153 3
8154 1
8155 1
8156 2
8157 6
8158 3
8159 7
8160 8
8161 6
8162 3
8163 1
8164 1
8165 1
8166 2
8167 4
8168 7
8169 4
8170 2
8171 2
8172 3
8173 2
8174 2
8175 4
8176 6
8177 4
8178 2
8179 1
8180 1
8181 2
8182 6
8183 4
8184 3
8185 7
8186 2
8187 6
8188 14
8189 2
8190 2
8191 1
8192 3
8193 3
8194 2
8195 2
8196 2
8197 1
8198 3
8199 1
8200 6
8201 2
8202 1
8203 2
8204 3
8205 2
8206 4
8207 1
8208 5
8209 3
8210 3
8211 2
8212 3
8213 1
8214 2
8215 2
8216 2
8217 3
8218 1
8219 2
8220 1
8221 10
8222 2
8223 18
8224 3
8225 1
8226 3
8227 4
8228 5
8229 4
8230 2
8231 2
8232 1
8233 2
8234 2
8235 5
8236 5
8237 4
8238 3
8239 6
8240 3
8241 2
8242 1
8243 2
8244 4
8245 4
8246 10
8247 2
8248 2
8249 1
8250 4
8251 4
8252 5
8253 1
8254 1
8255 2
8256 1
8257 1
8258 1
8259 3
8260 6
8261 5
8262 2
8263 6
8264 2
8265 2
8266 6
8267 2
8268 4
8269 7
8270 8
8271 5
8272 5
8273 1
8274 1
8275 10
8276 4
8277 2
8278 7
8279 1
8280 2
8281 1
8282 2
8283 3
8284 1
8285 1
8286 2
8287 5
8288 1
8289 3
8290 1
8291 2
8292 2
8293 2
8294 2
8295 3
8296 1
8297 5
8298 2
8299 2
8300 5
8301 3
8302 2
8303 1
8304 3
8305 1
8306 2
8307 2
8308 1
8309 1
8310 4
8311 2
8312 3
8313 2
8314 1
8315 3
8316 4
8317 4
8318 1
8319 4
8320 1
8321 2
8322 3
8323 5
8324 5
8325 3
8326 1
8327 6
8328 1
8329 1
8330 3
8331 4
8332 3
8333 4
8334 8
8335 1
8336 1
8337 2
8338 3
8339 2
8340 2
8341 3
8342 1
8343 3
8344 3
8345 3
8346 2
8347 1
8348 1
8349 6
8350 6
8351 3
8352 2
8353 7
8354 1
8355 3
8356 5
8357 4
8358 3
8359 2
8360 1
8361 1
8362 1
8363 2
8364 1
8365 1
8366 1
8367 3
8368 1
8369 1
8370 1
8371 3
8372 2
8373 4
8374 2
8375 5
8376 1
8377 9
8378 4
8379 1
8380 2
8381 4
8382 1
8383 2
8384 6
8385 2
8386 1
8387 4
8388 2
8389 10
8390 11
8391 4
8392 1
8393 2
8394 2
8395 1
8396 3
8397 4
8398 2
8399 1
8400 3
8401 1
8402 4
8403 7
8404 4
8405 2
8406 3
8407 4
8408 1
8409 2
8410 2
8411 1
8412 6
8413 2
8414 2
8415 1
8416 1
8417 1
8418 1
8419 4
8420 1
8421 1
8422 1
8423 2
8424 3
8425 3
8426 2
8427 7
8428 2
8429 3
8430 1
8431 3
8432 4
8433 2
8434 4
8435 1
8436 5
8437 5
8438 2
8439 2
8440 2
8441 2
8442 1
8443 2
8444 5
8445 1
8446 7
8447 2
8448 2
8449 1
8450 1
8451 1
8452 1
8453 1
8454 2
8455 4
8456 1
8457 1
8458 1
8459 1
8460 2
8461 6
8462 1
8463 2
8464 2
8465 12
8466 3
8467 2
8468 1
8469 3
8470 6
8471 2
8472 3
8473 1
8474 4
8475 2
8476 5
8477 4
8478 1
8479 7
8480 6
8481 2
8482 1
8483 3
8484 2
8485 5
8486 2
8487 3
8488 6
8489 1
8490 1
8491 4
8492 3
8493 2
8494 1
8495 9
8496 6
8497 1
8498 3
8499 2
8500 1
8501 2
8502 1
8503 3
8504 5
8505 3
8506 3
8507 1
8508 1
8509 4
8510 8
8511 1
8512 3
8513 2
8514 1
8515 3
8516 1
8517 4
8518 2
8519 3
8520 3
8521 1
8522 4
8523 5
8524 1
8525 1
8526 3
8527 3
8528 3
8529 2
8530 2
8531 3
8532 2
8533 3
8534 4
8535 5
8536 1
8537 1
8538 2
8539 1
8540 3
8541 2
8542 2
8543 4
8544 3
8545 4
8546 5
8547 6
8548 2
8549 5
8550 2
8551 5
8552 2
8553 5
8554 2
8555 2
8556 2
8557 1
8558 13
8559 2
8560 3
8561 1
8562 3
8563 4
8564 1
8565 5
8566 5
8567 3
8568 1
8569 1
8570 1
8571 5
8572 11
8573 2
8574 4
8575 2
8576 3
8577 1
8578 3
8579 1
8580 1
8581 10
8582 2
8583 1
8584 3
8585 2
8586 1
8587 2
8588 1
8589 1
8590 5
8591 3
8592 2
8593 1
8594 2
8595 1
8596 4
8597 2
8598 7
8599 6
8600 2
8601 1
8602 1
8603 2
8604 3
8605 2
8606 2
8607 1
8608 1
8609 4
8610 1
8611 3
8612 8
8613 6
8614 1
8615 5
8616 3
8617 1
8618 1
8619 4
8620 6
8621 4
8622 2
8623 2
8624 2
8625 5
8626 2
8627 5
8628 2
8629 1
8630 3
8631 3
8632 5
8633 2
8634 1
8635 4
8636 4
8637 1
8638 1
8639 2
8640 2
8641 3
8642 1
8643 2
8644 2
8645 1
8646 3
8647 1
8648 7
8649 1
8650 1
8651 3
8652 3
8653 1
8654 1
8655 2
8656 2
8657 4
8658 2
8659 2
8660 4
8661 6
8662 7
8663 4
8664 2
8665 1
8666 1
8667 1
8668 3
8669 5
8670 3
8671 3
8672 2
8673 1
8674 3
8675 4
8676 2
8677 2
8678 2
8679 1
8680 2
8681 1
8682 2
8683 2
8684 1
8685 1
8686 5
8687 1
8688 1
8689 3
8690 5
8691 4
8692 7
8693 3
8694 5
8695 6
8696 4
8697 2
8698 3
8699 1
8700 2
8701 3
8702 6
8703 4
8704 1
8705 1
8706 3
8707 7
8708 2
8709 1
8710 3
8711 2
8712 1
8713 1
8714 2
8715 1
8716 1
8717 1
8718 1
8719 1
8720 1
8721 3
8722 2
8723 2
8724 4
8725 12
8726 3
8727 1
8728 3
8729 2
8730 1
8731 3
8732 2
8733 1
8734 1
8735 1
8736 3
8737 2
8738 2
8739 1
8740 2
8741 7
8742 1
8743 4
8744 2
8745 1
8746 1
8747 3
8748 3
8749 2
8750 1
8751 1
8752 2
8753 2
8754 1
8755 1
8756 1
8757 1
8758 1
8759 3
8760 5
8761 1
8762 3
8763 2
8764 3
8765 1
8766 1
8767 2
8768 2
8769 1
8770 1
8771 2
8772 3
8773 6
8774 5
8775 4
8776 1
8777 4
8778 1
8779 3
8780 4
8781 1
8782 2
8783 2
8784 2
8785 1
8786 2
8787 2
8788 1
8789 2
8790 4
8791 1
8792 1
8793 2
8794 3
8795 1
8796 2
8797 4
8798 3
8799 2
8800 1
8801 6
8802 1
8803 1
8804 1
8805 2
8806 3
8807 4
8808 3
8809 3
8810 1
8811 1
8812 3
8813 1
8814 2
8815 1
8816 1
8817 1
8818 1
8819 1
8820 6
8821 1
8822 6
8823 2
8824 1
8825 1
8826 3
8827 1
8828 2
8829 9
8830 4
8831 3
8832 3
8833 2
8834 2
8835 1
8836 1
8837 3
8838 6
8839 4
8840 2
8841 1
8842 1
8843 1
8844 1
8845 2
8846 1
8847 2
8848 1
8849 2
8850 1
8851 7
8852 1
8853 3
8854 2
8855 3
8856 4
8857 1
8858 11
8859 2
8860 1
8861 1
8862 3
8863 3
8864 1
8865 2
8866 2
8867 1
8868 1
8869 1
8870 1
8871 3
8872 1
8873 1
8874 5
8875 1
8876 9
8877 3
8878 1
8879 4
8880 1
8881 1
8882 1
8883 3
8884 3
8885 1
8886 2
8887 1
8888 3
8889 1
8890 1
8891 1
8892 6
8893 3
8894 4
8895 3
8896 1
8897 1
8898 3
8899 3
8900 1
8901 1
8902 2
8903 8
8904 8
8905 1
8906 2
8907 1
8908 1
8909 1
8910 8
8911 3
8912 3
8913 1
8914 1
8915 3
8916 1
8917 1
8918 3
8919 3
8920 2
8921 2
8922 1
8923 6
8924 2
8925 5
8926 2
8927 1
8928 5
8929 1
8930 1
8931 1
8932 2
8933 1
8934 1
8935 1
8936 1
8937 2
8938 1
8939 1
8940 2
8941 2
8942 9
8943 1
8944 2
8945 3
8946 4
8947 3
8948 2
8949 3
8950 1
8951 4
8952 2
8953 1
8954 1
8955 7
8956 5
8957 5
8958 2
8959 1
8960 2
8961 2
8962 1
8963 3
8964 3
8965 4
8966 4
8967 4
8968 17
8969 1
8970 1
8971 1
8972 3
8973 5
8974 5
8975 1
8976 2
8977 1
8978 1
8979 1
8980 4
8981 1
8982 4
8983 2
8984 2
8985 1
8986 4
8987 3
8988 4
8989 1
8990 2
8991 2
8992 3
8993 2
8994 1
8995 2
8996 1
8997 2
8998 1
8999 1
9000 1
9001 1
9002 2
9003 2
9004 1
9005 2
9006 1
9007 1
9008 1
9009 2
9010 1
9011 1
9012 1
9013 2
9014 1
9015 1
9016 2
9017 2
9018 2
9019 1
9020 1
9021 1
9022 1
9023 6
9024 2
9025 1
9026 2
9027 2
9028 3
9029 3
9030 2
9031 2
9032 1
9033 3
9034 1
9035 3
9036 2
9037 2
9038 3
9039 4
9040 1
9041 1
9042 1
9043 1
9044 1
9045 6
9046 1
9047 1
9048 8
9049 5
9050 3
9051 5
9052 4
9053 3
9054 2
9055 2
9056 2
9057 2
9058 3
9059 8
9060 1
9061 2
9062 1
9063 1
9064 1
9065 2
9066 2
9067 1
9068 1
9069 1
9070 3
9071 1
9072 3
9073 2
9074 1
9075 6
9076 1
9077 1
9078 3
9079 10
9080 1
9081 1
9082 3
9083 1
9084 1
9085 1
9086 4
9087 1
9088 6
9089 3
9090 3
9091 3
9092 2
9093 1
9094 2
9095 2
9096 2
9097 2
9098 2
9099 1
9100 2
9101 2
9102 1
9103 2
9104 4
9105 1
9106 2
9107 2
9108 2
9109 5
9110 3
9111 1
9112 6
9113 1
9114 3
9115 5
9116 4
9117 3
9118 2
9119 1
9120 1
9121 3
9122 4
9123 1
9124 3
9125 3
9126 8
9127 5
9128 6
9129 4
9130 1
9131 1
9132 1
9133 1
9134 2
9135 1
9136 2
9137 1
9138 2
9139 2
9140 3
9141 2
9142 1
9143 1
9144 2
9145 1
9146 1
9147 3
9148 1
9149 3
9150 1
9151 2
9152 1
9153 1
9154 1
9155 1
9156 3
9157 1
9158 1
9159 1
9160 3
9161 1
9162 2
9163 5
9164 2
9165 2
9166 2
9167 3
9168 2
9169 2
9170 3
9171 3
9172 2
9173 3
9174 1
9175 2
9176 3
9177 4
9178 2
9179 3
9180 1
9181 2
9182 2
9183 8
9184 2
9185 8
9186 1
9187 1
9188 2
9189 1
9190 1
9191 1
9192 2
9193 3
9194 1
9195 2
9196 2
9197 1
9198 2
9199 1
9200 1
9201 1
9202 1
9203 2
9204 2
9205 1
9206 2
9207 5
9208 1
9209 1
9210 4
9211 1
9212 3
9213 1
9214 5
9215 1
9216 2
9217 2
9218 2
9219 1
9220 3
9221 1
9222 1
9223 1
9224 3
9225 2
9226 2
9227 1
9228 2
9229 1
9230 2
9231 3
9232 2
9233 1
9234 1
9235 1
9236 1
9237 3
9238 2
9239 3
9240 1
9241 1
9242 1
9243 3
9244 4
9245 1
9246 1
9247 1
9248 1
9249 2
9250 5
9251 3
9252 1
9253 2
9254 1
9255 1
9256 1
9257 2
9258 1
9259 1
9260 1
9261 2
9262 1
9263 2
9264 5
9265 3
9266 1
9267 1
9268 2
9269 2
9270 2
9271 1
9272 1
9273 3
9274 1
9275 1
9276 7
9277 2
9278 1
9279 1
9280 1
9281 2
9282 3
9283 3
9284 3
9285 1
9286 5
9287 1
9288 2
9289 1
9290 4
9291 1
9292 5
9293 3
9294 2
9295 1
9296 1
9297 1
9298 3
9299 1
9300 1
9301 1
9302 1
9303 2
9304 2
9305 2
9306 1
9307 1
9308 2
9309 3
9310 3
9311 1
9312 3
9313 1
9314 2
9315 3
9316 3
9317 2
9318 1
9319 4
9320 2
9321 1
9322 3
9323 1
9324 2
9325 3
9326 2
9327 1
9328 1
9329 1
9330 3
9331 1
9332 2
9333 1
9334 1
9335 2
9336 2
9337 2
9338 2
9339 1
9340 2
9341 2
9342 1
9343 1
9344 3
9345 1
9346 1
9347 4
9348 5
9349 3
9350 2
9351 1
9352 1
9353 5
9354 1
9355 2
9356 1
9357 2
9358 3
9359 1
9360 2
9361 1
9362 1
9363 1
9364 7
9365 5
9366 1
9367 1
9368 1
9369 1
9370 1
9371 2
9372 1
9373 1
9374 2
9375 2
9376 1
9377 1
9378 3
9379 2
9380 2
9381 2
9382 3
9383 3
9384 1
9385 2
9386 1
9387 3
9388 2
9389 2
9390 2
9391 1
9392 2
9393 1
9394 2
9395 1
9396 1
9397 1
9398 2
9399 1
9400 1
9401 2
9402 1
9403 3
9404 4
9405 1
9406 3
9407 3
9408 1
9409 1
9410 1
9411 2
9412 2
9413 1
9414 1
9415 1
9416 1
9417 1
9418 1
9419 1
9420 1
9421 3
9422 3
9423 3
9424 1
9425 2
9426 1
9427 1
9428 1
9429 2
9430 1
9431 1
9432 1
9433 1
9434 2
9435 1
9436 1
9437 2
9438 1
9439 1
9440 1
9441 1
9442 1
9443 1
9444 5
9445 1
9446 1
9447 3
9448 3
9449 1
9450 3
9451 1
9452 1
9453 1
9454 2
9455 1
9456 1
9457 2
9458 1
9459 8
9460 4
9461 2
9462 1
9463 2
9464 1
9465 1
9466 1
9467 1
9468 2
9469 2
9470 2
9471 1
9472 1
9473 1
9474 1
9475 1
9476 1
9477 1
9478 1
9479 1
9480 1
9481 1
9482 3
9483 1
9484 1
9485 1
9486 4
9487 1
9488 1
9489 4
9490 1
9491 1
9492 1
9493 4
9494 1
9495 1
9496 1
9497 3
9498 2
9499 3
9500 1
9501 3
9502 1
9503 2
9504 1
9505 2
9506 1
9507 6
9508 8
9509 1
9510 4
9511 3
9512 1
9513 2
9514 4
9515 1
9516 1
9517 1
9518 1
9519 1
9520 2
9521 1
9522 1
9523 1
9524 1
9525 3
9526 2
9527 1
9528 4
9529 1
9530 4
9531 2
9532 1
9533 1
9534 1
9535 1
9536 1
9537 1
9538 2
9539 1
9540 2
9541 1
9542 1
9543 1
9544 1
9545 1
9546 1
9547 1
9548 1
9549 1
9550 1
9551 1
9552 1
9553 1
9554 1
9555 1
9556 2
9557 1
9558 3
9559 2
9560 1
9561 1
9562 1
9563 1
9564 2
9565 1
9566 4
9567 3
9568 3
9569 1
9570 1
9571 3
9572 3
9573 3
9574 1
9575 3
9576 1
9577 3
9578 1
9579 1
9580 1
9581 1
9582 1
9583 1
9584 3
9585 1
9586 2
9587 1
9588 1
9589 2
9590 2
9591 1
9592 1
9593 3
9594 1
9595 1
9596 1
9597 1
9598 1
9599 1
9600 1
9601 1
9602 2
9603 1
9604 1
9605 1
9606 1
9607 1
9608 1
9609 1
9610 1
9611 1
9612 1
9613 1
9614 1
9615 1
9616 1
9617 1
9618 1
9619 1
9620 2
9621 1
9622 1
9623 1
9624 1
9625 1
9626 2
9627 1
9628 3
9629 1
9630 1
9631 1
9632 1
9633 1
9634 1
9635 1
9636 1
9637 1
9638 1
9639 1
9640 2
9641 1
9642 1
9643 1
9644 1
9645 1
9646 1
9647 1
9648 1
9649 2
9650 1
9651 1
9652 1
9653 1
9654 1
9655 1
9656 1
9657 2
9658 1
9659 2
9660 2
9661 1
9662 1
9663 1
9664 1
9665 1
9666 1
9667 1
9668 1
9669 1
9670 2
9671 1
9672 1
9673 3
9674 1
9675 2
9676 2
9677 1
9678 4
9679 2
9680 1
9681 1
9682 1
9683 1
9684 1
9685 1
9686 1
9687 1
9688 1
9689 1
9690 2
9691 1
9692 1
9693 1
9694 1
9695 1
9696 2
9697 1
9698 1
9699 2
9700 2
9701 1
9702 1
9703 2
9704 1
9705 2
9706 1
9707 1
9708 1
9709 2
9710 1
9711 1
9712 1
9713 1
9714 1
9715 1
9716 1
9717 1
9718 1
9719 1
9720 1
9721 1
9722 1
9723 1
9724 1
9725 2
9726 1
9727 2
9728 1
9729 1
9730 1
9731 1
9732 1
9733 2
9734 1
9735 1
9736 1
9737 1
9738 1
9739 1
9740 1
9741 1
9742 1
9743 1
9744 1
9745 1
9746 2
9747 1
9748 1
9749 1
9750 1
9751 1
9752 1
9753 1
9754 2
9755 1
9756 1
9757 1
9758 4
9759 1
9760 1
9761 2
9762 1
9763 1
9764 1
9765 1
9766 1
9767 1
9768 1
9769 2
9770 1
9771 1
9772 2
9773 1
9774 1
9775 1
9776 2
9777 2
9778 1
9779 1
9780 1
9781 1
9782 2
9783 1
9784 2
9785 1
9786 1
9787 1
9788 2
9789 1
9790 1
9791 1
9792 1
9793 2
9794 1
9795 1
9796 1
9797 1
9798 1
9799 1
9800 1
9801 1
9802 1
9803 2
9804 1
9805 2
9806 1
9807 1
9808 1
9809 1
9810 1
9811 1
9812 1
9813 4
9814 1
9815 1
9816 1
9817 1
9818 2
9819 1
9820 2
9821 1
9822 1
9823 2
9824 1
9825 2
9826 1
9827 1
9828 1
9829 1
9830 2
9831 1
9832 2
9833 3
9834 1
9835 1
9836 1
9837 1
9838 2
9839 1
9840 1
9841 2
9842 1
9843 1
9844 1
9845 3
9846 1
9847 1
9848 1
9849 1
9850 1
9851 2
9852 2
9853 1
9854 1
9855 1
9856 5
9857 3
9858 2
9859 3
9860 1
9861 1
9862 1
9863 2
9864 1
9865 3
9866 1
9867 1
9868 2
9869 1
9870 1
9871 1
9872 1
9873 1
9874 1
9875 3
9876 1
9877 1
9878 1
9879 1
9880 1
9881 1
9882 1
9883 1
9884 1
9885 1
9886 1
9887 1
9888 1
9889 1
9890 1
9891 1
9892 1
9893 2
9894 1
9895 1
9896 1
9897 1
9898 1
9899 1
9900 1
9901 1
9902 1
9903 1
9904 1
9905 1
9906 1
9907 1
9908 3
9909 1
9910 1
9911 1
9912 1
9913 1
9914 1
9915 1
9916 1
9917 1
9918 1
9919 1
9920 1
9921 1
9922 1
9923 1
9924 1
9925 1
9926 1
9927 1
9928 1
9929 1
9930 1
9931 1
9932 1
9933 1
9934 2
9935 1
9936 1
9937 1
9938 1
9939 1
9940 1
9941 1
9942 1
9943 1
9944 1
9945 1
9946 1
9947 1
9948 1
9949 1
9950 1
9951 1
9952 1
9953 2
9954 1
9955 1
9956 1
9957 1
9958 1
9959 1
9960 1
9961 1
9962 1
9963 1
9964 1
9965 1
9966 1
9967 1
9968 1
9969 1
9970 1
9971 2
9972 1
9973 1
9974 1
9975 1
9976 1
9977 1
9978 1
9979 1
9980 1
9981 1
9982 1
9983 1
9984 1
