0 4
1 5
5 3
13 2
16 24
17 4
20 3
22 1
31 3
32 2
34 1
35 3
37 6
53 1
55 1
56 2
58 1
63 3
64 4
66 5
68 2
71 5
72 19
78 4
85 2
88 4
89 2
100 5
104 4
106 4
109 2
114 4
118 10
125 2
126 4
127 2
130 3
134 3
136 4
138 5
143 2
150 1
151 3
156 7
160 10
165 2
167 2
177 2
178 2
182 7
188 9
189 3
190 7
192 9
193 7
196 2
198 3
202 3
212 3
216 2
220 3
229 2
233 3
237 7
244 6
245 6
246 2
248 4
255 1
266 1
268 12
269 12
277 8
279 6
285 2
290 2
291 2
295 2
306 2
307 2
311 1
321 4
323 1
325 3
327 4
332 3
333 5
338 5
341 2
343 4
346 1
349 2
350 3
356 4
357 4
358 5
360 1
363 3
364 1
375 12
381 4
388 5
392 1
395 4
396 6
397 1
404 2
418 1
424 1
435 1
437 2
438 2
443 4
446 5
454 1
458 2
460 4
461 5
463 1
465 1
467 5
469 3
482 1
487 3
490 4
496 1
500 4
504 2
506 4
507 6
515 6
526 4
527 3
536 2
537 5
542 3
544 3
545 4
548 10
549 3
551 7
552 3
554 5
559 4
563 12
567 3
569 1
575 12
578 9
579 3
580 1
588 1
591 7
593 7
595 3
598 8
599 2
601 1
604 4
605 2
611 3
615 2
617 2
618 6
623 1
628 2
629 2
638 5
643 6
645 5
648 3
652 3
658 3
661 5
668 4
670 3
671 1
675 2
679 2
683 1
693 4
701 1
705 5
706 9
711 1
712 2
716 2
720 5
722 2
726 10
730 2
731 5
734 4
738 1
741 1
743 5
745 3
755 2
757 2
759 4
760 4
776 4
777 3
779 2
787 3
796 2
801 2
803 6
807 4
814 2
816 6
817 2
819 2
821 1
822 6
824 4
825 3
826 8
829 2
832 3
835 22
836 2
839 1
840 7
842 2
845 2
850 11
853 1
856 6
857 2
859 6
874 4
879 9
880 2
883 3
885 1
886 4
888 5
891 3
894 3
895 1
896 1
898 3
901 5
906 3
914 10
919 4
926 3
929 1
931 3
934 4
936 2
941 1
942 1
945 13
947 7
952 6
955 2
958 3
961 3
963 15
965 6
966 2
968 5
969 4
971 34
973 4
974 5
977 6
978 3
980 5
987 7
990 5
992 4
994 2
995 10
999 1
1003 2
1008 4
1009 5
1015 6
1017 4
1021 7
1023 9
1024 2
1027 1
1030 2
1035 2
1042 5
1043 17
1048 2
1051 3
1052 4
1053 1
1064 2
1065 14
1069 3
1072 3
1074 8
1075 2
1079 3
1082 3
1087 3
1088 3
1093 4
1094 3
1098 2
1106 2
1108 6
1109 8
1110 2
1113 4
1122 5
1123 3
1127 2
1130 6
1140 6
1141 3
1142 7
1143 10
1144 2
1149 8
1153 2
1156 9
1161 4
1162 1
1167 5
1174 5
1181 7
1183 10
1191 5
1198 5
1201 5
1206 3
1207 11
1208 7
1212 2
1215 1
1218 4
1220 5
1223 3
1232 5
1238 1
1240 5
1251 4
1271 3
1273 3
1278 1
1279 4
1280 2
1290 10
1291 6
1294 2
1296 6
1300 6
1302 3
1307 2
1311 3
1314 4
1317 2
1319 9
1325 13
1328 2
1329 3
1336 1
1337 6
1341 2
1349 4
1358 3
1365 1
1370 5
1374 2
1377 9
1383 7
1385 5
1386 8
1388 3
1391 3
1392 3
1393 1
1401 1
1405 1
1421 5
1422 2
1433 1
1438 1
1440 3
1450 5
1457 6
1458 9
1465 3
1468 1
1474 1
1475 1
1478 7
1481 2
1483 4
1485 4
1486 6
1492 2
1496 3
1502 1
1504 6
1513 4
1518 2
1525 9
1528 2
1538 18
1540 2
1542 8
1547 3
1550 2
1552 5
1558 1
1560 1
1571 2
1572 2
1580 2
1583 4
1584 3
1596 1
1599 3
1610 5
1612 2
1614 2
1615 5
1619 1
1620 4
1623 4
1624 4
1630 4
1633 4
1636 2
1637 1
1642 3
1644 4
1647 9
1651 3
1652 3
1654 2
1657 7
1660 4
1665 3
1666 7
1670 1
1676 3
1679 3
1681 8
1686 4
1692 1
1700 1
1702 7
1703 9
1720 6
1729 5
1730 3
1731 2
1738 3
1739 4
1740 1
1742 3
1744 2
1745 3
1756 2
1761 1
1765 4
1767 2
1769 2
1770 5
1775 2
1779 2
1783 4
1784 2
1791 5
1797 4
1798 4
1804 1
1805 1
1809 4
1817 1
1823 4
1827 3
1828 6
1831 5
1833 10
1834 7
1835 1
1840 2
1844 3
1848 2
1849 5
1854 12
1865 11
1867 3
1869 3
1872 3
1874 7
1879 8
1895 6
1896 2
1899 4
1901 1
1902 2
1905 3
1906 1
1908 6
1909 10
1912 2
1916 1
1919 2
1921 3
1927 4
1931 8
1943 1
1944 8
1952 4
1953 12
1955 5
1958 1
1959 3
1960 2
1964 3
1969 2
1974 4
1975 11
1977 5
1979 2
1983 4
1984 2
1986 7
1990 7
1995 1
1996 7
2004 1
2005 4
2006 8
2013 4
2019 13
2024 4
2026 9
2032 5
2034 6
2035 3
2038 39
2041 4
2048 5
2057 7
2064 3
2065 4
2067 2
2070 8
2072 4
2073 7
2074 7
2076 2
2080 7
2081 5
2083 2
2084 10
2090 1
2091 2
2096 3
2099 2
2101 3
2116 2
2129 3
2130 8
2138 7
2139 5
2143 1
2144 3
2145 3
2146 6
2159 5
2167 1
2168 1
2169 2
2170 4
2174 1
2177 4
2180 4
2182 2
2185 5
2186 4
2188 12
2189 2
2191 7
2192 1
2195 7
2206 12
2210 7
2211 2
2215 5
2218 6
2228 2
2235 2
2237 1
2242 6
2244 12
2249 1
2251 3
2254 1
2258 4
2271 4
2272 2
2279 2
2281 2
2282 3
2286 6
2291 7
2293 3
2295 6
2300 2
2302 2
2304 1
2306 3
2307 2
2309 6
2310 5
2315 2
2316 3
2318 5
2320 2
2325 3
2327 3
2332 3
2334 2
2342 3
2343 4
2344 6
2346 1
2349 2
2350 3
2351 1
2358 4
2370 2
2371 2
2375 2
2377 3
2383 1
2386 1
2389 2
2391 3
2394 1
2399 1
2404 4
2405 4
2409 4
2413 2
2414 4
2419 2
2422 3
2428 4
2434 4
2436 2
2443 1
2445 2
2446 2
2447 4
2451 2
2454 7
2455 4
2457 4
2459 5
2466 3
2467 4
2468 2
2472 2
2476 3
2480 8
2481 3
2485 1
2495 5
2499 4
2504 4
2508 1
2514 1
2525 1
2526 4
2530 6
2535 1
2538 1
2541 3
2543 6
2544 2
2555 7
2558 3
2561 1
2562 7
2563 3
2566 2
2568 2
2569 2
2578 12
2580 4
2586 3
2589 4
2590 3
2594 2
2595 1
2602 2
2606 2
2609 2
2612 1
2619 2
2621 6
2624 7
2631 5
2633 3
2635 10
2638 4
2639 6
2650 1
2656 2
2662 4
2663 4
2664 7
2666 29
2694 2
2704 2
2716 12
2717 4
2718 5
2724 4
2727 33
2730 3
2736 3
2741 4
2742 2
2745 4
2748 4
2751 5
2752 1
2761 6
2762 5
2764 2
2765 2
2769 2
2770 3
2771 9
2778 2
2785 4
2786 5
2787 2
2790 1
2791 7
2793 4
2798 9
2799 2
2801 3
2805 8
2808 10
2810 2
2813 3
2814 12
2815 5
2819 5
2823 2
2826 1
2827 11
2828 8
2829 4
2831 2
2832 2
2842 6
2851 2
2853 4
2858 4
2859 4
2861 21
2862 12
2866 1
2875 10
2877 3
2879 7
2881 6
2886 5
2889 3
2891 3
2894 7
2899 3
2900 4
2909 4
2911 5
2914 2
2919 4
2922 1
2925 1
2929 5
2933 3
2935 1
2939 3
2941 2
2947 3
2948 2
2952 1
2954 5
2961 3
2968 1
2973 2
2974 5
2975 6
2977 4
2978 2
2984 1
2991 2
2992 4
3001 3
3004 1
3014 4
3016 2
3017 1
3026 3
3030 2
3037 3
3040 5
3047 6
3049 6
3050 4
3052 3
3059 6
3063 5
3068 2
3072 1
3073 2
3076 4
3081 3
3082 3
3083 2
3085 1
3088 2
3103 11
3106 2
3107 4
3113 5
3115 4
3117 5
3119 4
3122 1
3124 5
3125 2
3128 2
3132 4
3136 5
3139 2
3142 1
3144 6
3147 3
3153 3
3155 2
3157 1
3160 4
3164 4
3165 3
3168 3
3171 2
3174 9
3175 3
3176 1
3177 3
3183 3
3187 2
3189 4
3196 4
3204 8
3208 4
3209 2
3211 2
3226 4
3227 2
3235 1
3246 4
3249 5
3258 14
3262 2
3265 3
3266 2
3267 3
3268 7
3272 1
3275 2
3276 13
3280 1
3283 3
3284 3
3287 5
3296 2
3297 2
3298 4
3301 9
3302 2
3305 2
3307 4
3315 3
3323 3
3325 7
3327 8
3329 3
3339 2
3342 3
3346 2
3352 6
3368 2
3369 3
3370 4
3377 4
3378 2
3385 5
3391 4
3392 1
3394 2
3401 2
3405 1
3406 1
3409 1
3420 1
3422 2
3430 3
3435 10
3436 2
3441 4
3446 3
3447 7
3449 3
3450 1
3455 3
3459 6
3462 3
3468 2
3474 5
3475 4
3478 1
3480 2
3482 3
3488 5
3495 4
3504 3
3509 4
3519 4
3520 4
3521 3
3523 11
3527 2
3531 3
3532 9
3535 6
3538 7
3544 4
3558 3
3561 9
3566 4
3567 5
3569 5
3581 1
3582 4
3585 2
3589 2
3593 1
3599 3
3607 5
3613 5
3616 2
3619 2
3625 2
3630 4
3636 1
3640 1
3654 1
3656 4
3665 5
3667 2
3669 3
3673 7
3674 8
3676 7
3681 6
3684 2
3685 4
3691 1
3692 1
3700 3
3706 6
3710 3
3713 2
3716 1
3718 4
3723 3
3726 3
3729 1
3730 2
3732 6
3737 5
3740 9
3742 1
3744 1
3748 9
3758 3
3765 4
3772 4
3776 3
3777 1
3779 4
3780 1
3781 4
3784 1
3787 5
3789 4
3790 3
3793 4
3796 4
3797 4
3798 1
3799 9
3801 1
3803 9
3804 4
3806 1
3809 5
3817 3
3828 6
3831 7
3833 10
3834 14
3836 4
3838 5
3842 4
3847 1
3848 12
3851 4
3853 2
3854 5
3855 4
3857 4
3869 1
3870 1
3878 2
3883 3
3888 2
3895 1
3896 3
3904 2
3913 5
3914 6
3924 7
3933 2
3939 8
3944 2
3951 3
3952 6
3953 2
3954 3
3961 2
3962 5
3969 4
3970 6
3974 3
3976 2
3977 6
3978 4
3982 3
3983 5
3990 3
3993 3
3995 4
3997 2
4002 2
4004 1
4009 1
4012 1
4021 5
4028 1
4031 3
4032 2
4033 3
4041 1
4042 4
4049 4
4050 4
4051 1
4060 2
4062 6
4065 13
4069 1
4070 2
4071 5
4083 8
4085 7
4087 2
4092 5
4096 3
4099 4
4101 4
4110 4
4115 1
4117 4
4120 3
4126 3
4127 2
4129 15
4131 2
4134 8
4135 3
4136 4
4137 5
4142 5
4149 3
4150 4
4151 6
4152 12
4156 2
4158 12
4163 1
4173 6
4174 9
4175 13
4180 4
4184 1
4189 6
4190 2
4196 1
4200 1
4204 1
4206 3
4209 3
4210 1
4211 2
4214 2
4215 4
4216 1
4219 1
4225 2
4240 1
4243 12
4252 2
4254 8
4259 1
4265 2
4269 2
4271 1
4274 7
4277 4
4278 2
4282 4
4290 4
4292 23
4293 3
4306 1
4312 3
4315 1
4320 11
4332 4
4339 21
4343 8
4344 6
4346 1
4349 2
4358 2
4362 4
4363 1
4364 1
4365 2
4367 5
4368 1
4376 27
4380 8
4381 3
4384 4
4387 8
4393 1
4394 5
4404 1
4407 2
4411 4
4416 4
4419 2
4421 2
4428 3
4431 1
4432 1
4436 1
4437 1
4455 2
4456 8
4457 4
4459 2
4462 7
4469 4
4474 2
4475 3
4476 3
4482 5
4483 2
4493 11
4494 5
4501 7
4503 2
4504 3
4506 4
4514 3
4517 2
4519 3
4521 5
4523 1
4525 4
4527 1
4531 5
4533 2
4537 3
4545 3
4546 1
4550 3
4551 10
4554 1
4556 4
4561 1
4579 3
4585 6
4591 5
4595 5
4597 1
4598 3
4599 7
4606 5
4608 9
4609 3
4610 4
4613 5
4623 2
4624 10
4627 1
4629 2
4631 4
4635 10
4637 11
4639 4
4641 20
4644 4
4646 6
4647 1
4648 3
4665 5
4668 6
4672 2
4674 7
4677 1
4685 4
4686 5
4690 4
4692 2
4693 5
4694 1
4702 10
4703 3
4704 9
4705 10
4708 2
4710 5
4713 1
4724 3
4728 6
4731 4
4738 2
4743 3
4749 2
4751 1
4757 5
4763 2
4772 2
4775 10
4776 2
4778 2
4780 1
4782 3
4788 4
4794 2
4814 6
4816 5
4830 2
4833 1
4834 5
4835 3
4837 1
4842 6
4844 2
4850 4
4858 2
4863 15
4868 9
4871 10
4872 3
4883 4
4888 3
4889 9
4891 1
4893 2
4894 2
4896 2
4903 4
4908 1
4917 1
4921 4
4922 4
4926 5
4934 4
4937 9
4941 4
4943 9
4949 8
4954 5
4955 5
4957 3
4959 2
4960 3
4969 2
4973 3
4979 4
4980 14
4983 2
4989 3
4997 2
4999 2
5003 3
5012 3
5013 4
5018 10
5027 4
5030 3
5031 2
5036 2
5038 2
5044 6
5049 8
5052 7
5058 2
5059 3
5060 4
5073 4
5076 5
5079 5
5083 5
5085 8
5087 1
5091 6
5093 2
5095 5
5108 4
5109 4
5110 3
5112 5
5119 6
5124 3
5138 16
5140 1
5144 3
5147 7
5148 3
5149 2
5152 2
5155 3
5164 6
5167 4
5169 6
5173 4
5176 8
5178 5
5182 1
5183 2
5187 5
5189 4
5193 1
5196 2
5198 4
