136 99
1465 84
1577 137
1718 98
1913 16
1914 40
1915 10
1916 70
1917 172
1918 141
1919 52
1920 106
1921 37
1922 12
1923 50
1924 5
1925 103
1926 119
1927 49
1928 20
1929 141
1930 12
1931 36
1932 89
1933 9
1934 6
1935 42
1936 18
1938 164
1939 73
1940 80
1941 206
1942 29
1943 179
1944 26
1945 129
1946 171
1947 108
1948 94
1949 6
1950 10
1951 53
1952 15
1953 108
1954 86
1955 85
1956 3
1957 35
1958 28
1959 105
1960 39
1961 6
1962 176
1963 80
1964 81
1965 15
1966 158
1968 30
1970 65
1971 152
1972 66
1973 58
1974 5
1975 30
1976 35
1977 3
1978 13
1979 156
1980 51
1981 49
1982 16
1983 184
1984 157
1985 203
1986 137
1987 29
1988 20
1989 80
1990 18
1991 44
1992 12
1993 182
1994 55
1995 52
1997 119
1998 44
1999 30
2000 28
2001 53
2002 74
2003 41
2004 44
2005 137
2006 46
2007 156
2008 5
2009 39
2010 75
2011 38
2012 13
2013 8
2014 9
2015 2
2016 15
2017 3
2018 50
2019 17
2020 140
2021 27
2022 47
2023 21
2024 45
2025 24
2026 83
2027 34
2028 100
2029 31
2030 172
2031 49
2032 133
2033 154
2034 5
2035 27
2036 18
2037 150
2038 110
2039 99
2040 134
2041 5
2042 92
2043 151
2044 21
2045 160
2046 101
2047 178
2048 15
2049 33
2050 21
2051 8
2052 97
2053 101
2054 150
2055 66
2056 103
2057 37
2058 70
2059 174
2060 92
2061 45
2062 68
2063 125
2064 165
2065 23
2066 8
2067 31
2068 126
2069 152
2070 9
2071 109
2072 117
2073 171
2074 149
2075 41
2076 14
2077 114
2078 181
2080 8
2081 154
2082 16
2083 131
2084 130
2085 27
2086 126
2087 140
2088 175
2089 20
2090 168
2091 31
2092 39
2093 152
2094 6
2095 136
2096 18
2097 34
2098 102
2099 13
2100 5
2101 65
2102 121
2103 164
2104 161
2105 8
2107 32
2108 144
2109 122
2110 38
2111 172
2112 140
2113 9
2114 13
2115 121
2116 55
2117 125
2118 171
2119 12
2120 18
2121 145
2122 130
2123 180
2124 147
2125 104
2126 43
2127 100
2128 80
2129 34
2130 9
2131 176
2132 84
2133 142
2134 74
2135 77
2136 66
2137 45
2138 123
2139 154
2140 155
2141 23
2142 201
2143 93
2144 68
2145 39
2146 22
2147 39
2148 81
2149 113
2150 175
2151 78
2152 15
2153 121
2154 145
2155 37
2156 21
2157 35
2158 7
2159 45
2160 20
2161 75
2162 12
2163 26
2164 84
2165 112
2166 7
2167 4
2169 97
2170 13
2171 58
2172 173
2173 23
2174 108
2175 5
2176 99
2177 9
2179 78
2180 106
2181 14
2182 7
2183 122
2184 165
2185 14
2186 15
2187 129
2188 178
2189 98
2190 147
2191 74
2192 33
2193 11
2194 93
2196 91
2197 21
2198 49
2199 150
2200 150
2201 171
2202 42
2203 87
2205 13
2206 179
2207 18
2208 16
2209 30
2210 87
2211 46
2212 124
2213 92
2214 23
2215 55
2216 121
2217 10
2218 188
2219 4
2220 171
2221 37
2222 41
2223 95
2224 116
2225 36
2226 44
2227 4
2228 28
2229 188
2230 4
2231 31
2232 56
2233 200
2234 27
2235 57
2236 33
2237 108
2238 12
2239 38
2240 181
2241 105
2242 35
2243 54
2244 182
2245 4
2246 88
2247 101
2248 17
2249 16
2250 96
2251 7
2252 9
2253 148
2254 78
2255 7
2256 6
2257 142
2258 45
2259 50
2260 15
2261 117
2262 10
2263 5
2264 70
2265 9
2266 215
2267 69
2268 116
2270 14
2271 168
2272 25
2273 83
2274 31
2275 170
2276 143
2277 15
2278 151
2279 110
2280 51
2281 7
2282 142
2283 150
2284 47
2285 50
2286 20
2287 60
2288 20
2289 145
2290 163
2291 14
2292 134
2293 45
2294 108
2295 20
2296 26
2297 32
2298 16
2299 142
2300 107
2301 9
2302 107
2303 26
2304 59
2305 15
2306 99
2307 131
2308 145
2309 177
2310 19
2311 44
2312 15
2313 76
2314 18
2315 67
2316 8
2317 32
2318 33
2319 111
2320 13
2321 4
2322 42
2323 169
2324 172
2325 69
2326 159
2327 110
2328 147
2329 110
2330 41
2331 171
2332 93
2333 138
2334 128
2335 31
2336 127
2337 28
2338 91
2339 163
2340 177
2341 25
2342 24
2343 73
2344 111
2345 45
2346 32
2347 259
2348 142
2349 13
2350 23
2351 99
2352 154
2353 75
2354 162
2355 26
2356 154
2357 10
2358 4
2359 128
2360 10
2361 36
2362 21
2363 150
2364 61
2365 48
2366 30
2367 41
2368 75
2369 180
2370 138
2371 30
2372 95
2373 10
2374 147
2375 4
2376 162
2377 84
2378 42
2379 31
2381 157
2383 21
2384 166
2385 54
2386 124
2387 46
2388 5
2389 22
2390 45
2391 64
2392 77
2393 25
2394 83
2395 156
2396 64
2397 33
2398 97
2399 70
2400 18
2401 19
2402 13
2403 14
2404 157
2405 19
2406 32
2407 80
2408 139
2409 169
2410 190
2411 30
2412 28
2413 14
2414 162
2415 33
2416 29
2417 63
2418 104
2419 101
2420 67
2421 4
2422 2
2423 153
2424 10
2425 33
2426 13
2427 22
2428 174
2429 74
2430 129
2431 4
2432 25
2433 131
2434 84
2435 24
2436 89
2437 2
2438 63
2439 9
2440 32
2443 19
2444 11
2445 64
2446 144
2447 45
2448 29
2449 45
2450 10
2451 100
2452 9
2453 13
2454 15
2455 14
2456 5
2458 90
2459 41
2460 155
2461 113
2462 86
2463 104
2464 183
2465 49
2466 9
2467 117
2468 164
2469 125
2471 116
2472 69
2473 41
2474 22
2475 89
2476 31
2477 105
2478 83
2479 39
2480 24
2482 143
2484 111
2485 126
2486 15
2487 7
2488 35
2489 95
2490 13
2491 105
2492 150
2493 4
2494 31
2495 130
2496 17
2497 22
2498 81
2499 85
2500 163
2501 69
2502 39
2503 14
2504 130
2505 4
2506 117
2507 178
2508 93
2509 117
2510 120
2511 124
2512 95
2513 9
2514 7
2515 11
2516 76
2517 5
2518 44
2519 29
2520 150
2521 124
2522 13
2523 12
2524 10
2525 33
2526 172
2528 5
2529 31
2530 26
2531 20
2532 100
2533 83
2534 16
2535 8
2536 52
2537 86
2538 49
2539 127
2540 24
2542 179
2543 267
2544 27
2545 8
2546 125
2547 44
2548 6
2549 137
2550 146
2551 141
2552 99
2553 160
2554 84
2555 118
2556 118
2557 25
2558 17
2559 153
2560 189
2561 141
2562 13
2563 102
2564 172
2566 18
2567 105
2568 9
2570 17
2571 28
2572 16
2573 133
2574 87
2575 123
2576 39
2577 18
2578 146
2579 103
2580 4
2581 20
2582 82
2583 42
2584 13
2585 35
2586 171
2587 14
2588 76
2589 71
2590 168
2591 89
2592 117
2593 167
2594 81
2597 92
2598 141
2599 13
2600 162
2601 165
2602 175
2603 61
2604 176
2605 14
2606 67
2607 171
2608 86
2609 45
2610 42
2611 182
2612 23
2613 28
2614 16
2615 166
2616 92
2617 101
2618 20
2619 139
2620 50
2621 3
2622 17
2623 117
2624 174
2625 169
2626 32
2627 36
2628 25
2629 109
2630 154
2631 105
2632 6
2633 37
2634 4
2635 15
2636 36
2637 33
2638 153
2639 34
2640 50
2641 16
2642 115
2643 88
2644 26
2645 47
2646 119
2647 45
2648 44
2649 108
2650 13
2651 5
2652 37
2653 66
2654 139
2655 147
2656 14
2657 49
2658 34
2659 54
2660 34
