136 96
428 1
563 2
1465 88
1577 146
1718 98
1913 18
1914 40
1915 9
1916 71
1917 171
1918 149
1919 47
1920 107
1921 33
1922 14
1923 49
1924 5
1925 107
1926 123
1927 50
1928 19
1929 134
1930 11
1931 33
1932 84
1933 10
1934 8
1935 46
1936 16
1937 3
1938 167
1939 71
1940 85
1941 198
1942 34
1943 174
1944 27
1945 125
1946 165
1947 109
1948 97
1949 6
1950 9
1951 56
1952 13
1953 109
1954 79
1955 81
1956 7
1957 35
1958 28
1959 106
1960 38
1961 4
1962 171
1963 76
1964 87
1965 17
1966 157
1967 1
1968 29
1969 3
1970 63
1971 156
1972 67
1973 59
1974 6
1975 30
1976 33
1977 7
1978 14
1979 159
1980 51
1981 50
1982 18
1983 187
1984 161
1985 195
1986 142
1987 33
1988 19
1989 75
1990 16
1991 43
1992 13
1993 171
1994 56
1995 59
1996 3
1997 123
1998 50
1999 31
2000 32
2001 52
2002 74
2003 45
2004 42
2005 140
2006 47
2007 156
2008 6
2009 42
2010 77
2011 35
2012 13
2013 5
2014 9
2015 4
2016 13
2017 5
2018 47
2019 18
2020 136
2021 26
2022 43
2023 21
2024 50
2025 28
2026 87
2027 40
2028 98
2029 32
2030 159
2031 45
2032 133
2033 160
2034 7
2035 27
2036 16
2037 145
2038 109
2039 103
2040 137
2041 6
2042 86
2043 161
2044 24
2045 167
2046 114
2047 183
2048 13
2049 33
2050 20
2051 7
2052 97
2053 103
2054 148
2055 66
2056 100
2057 32
2058 68
2059 176
2060 97
2061 41
2062 68
2063 122
2064 161
2065 20
2066 7
2067 25
2068 127
2069 148
2070 11
2071 109
2072 110
2073 168
2074 140
2075 41
2076 15
2077 113
2078 184
2080 8
2081 155
2082 16
2083 138
2084 130
2085 28
2086 121
2087 138
2088 175
2089 19
2090 172
2091 30
2092 39
2093 165
2094 6
2095 136
2096 20
2097 32
2098 105
2099 13
2100 5
2101 62
2102 117
2103 160
2104 168
2105 9
2106 2
2107 32
2108 147
2109 121
2110 38
2111 168
2112 148
2113 9
2114 12
2115 121
2116 58
2117 126
2118 166
2119 13
2120 21
2121 145
2122 128
2123 185
2124 152
2125 103
2126 48
2127 98
2128 79
2129 35
2130 10
2131 178
2132 85
2133 146
2134 75
2135 77
2136 69
2137 42
2138 125
2139 162
2140 150
2141 21
2142 196
2143 95
2144 72
2145 40
2146 22
2147 39
2148 77
2149 114
2150 168
2151 79
2152 14
2153 129
2154 134
2155 39
2156 23
2157 36
2158 9
2159 44
2160 22
2161 76
2162 12
2163 26
2164 87
2165 114
2166 8
2167 4
2168 2
2169 97
2170 16
2171 59
2172 173
2173 26
2174 107
2175 7
2176 112
2177 10
2178 2
2179 89
2180 108
2181 14
2182 7
2183 115
2184 171
2185 16
2186 16
2187 132
2188 179
2189 105
2190 147
2191 82
2192 38
2193 12
2194 94
2196 92
2197 18
2198 49
2199 153
2200 162
2201 175
2202 42
2203 87
2204 3
2205 11
2206 180
2207 20
2208 18
2209 32
2210 84
2211 49
2212 128
2213 93
2214 25
2215 54
2216 121
2217 10
2218 179
2219 3
2220 180
2221 35
2222 39
2223 105
2224 113
2225 38
2226 46
2227 5
2228 24
2229 185
2230 4
2231 28
2232 63
2233 205
2234 23
2235 58
2236 33
2237 111
2238 11
2239 41
2240 173
2241 105
2242 31
2243 49
2244 184
2245 5
2246 88
2247 109
2248 15
2249 17
2250 101
2251 8
2252 6
2253 142
2254 81
2255 9
2256 6
2257 142
2258 45
2259 49
2260 18
2261 114
2262 13
2263 6
2264 65
2265 7
2266 213
2267 80
2268 113
2270 13
2271 169
2272 25
2273 72
2274 29
2275 162
2276 134
2277 14
2278 153
2279 119
2280 54
2281 6
2282 136
2283 143
2284 46
2285 50
2286 22
2287 60
2288 17
2289 143
2290 164
2291 14
2292 125
2293 49
2294 114
2295 20
2296 28
2297 33
2298 16
2299 136
2300 115
2301 7
2302 104
2303 24
2304 56
2305 13
2306 98
2307 123
2308 136
2309 177
2310 20
2311 46
2312 13
2313 75
2314 17
2315 65
2316 9
2317 32
2318 31
2319 106
2320 14
2321 6
2322 41
2323 156
2324 181
2325 74
2326 154
2327 112
2328 137
2329 111
2330 41
2331 174
2332 91
2333 143
2334 120
2335 30
2336 128
2337 29
2338 97
2339 165
2340 174
2341 20
2342 25
2343 71
2344 108
2345 44
2346 26
2347 256
2348 135
2349 15
2350 22
2351 99
2352 156
2353 78
2354 154
2355 25
2356 154
2357 11
2358 5
2359 128
2360 11
2361 40
2362 23
2363 153
2364 57
2365 48
2366 30
2367 44
2368 71
2369 178
2370 140
2371 35
2372 98
2373 9
2374 152
2375 3
2376 163
2377 92
2378 47
2379 28
2380 2
2381 155
2382 1
2383 20
2384 163
2385 53
2386 118
2387 46
2388 4
2389 23
2390 44
2391 64
2392 81
2393 29
2394 80
2395 152
2396 63
2397 28
2398 101
2399 66
2400 17
2401 19
2402 12
2403 15
2404 153
2405 18
2406 32
2407 83
2408 137
2409 158
2410 188
2411 27
2412 25
2413 15
2414 162
2415 35
2416 33
2417 58
2418 103
2419 97
2420 73
2421 7
2422 2
2423 149
2424 9
2425 33
2426 17
2427 21
2428 179
2429 78
2430 135
2431 4
2432 24
2433 130
2434 83
2435 20
2436 83
2437 3
2438 60
2439 8
2440 29
2441 2
2442 1
2443 21
2444 15
2445 64
2446 150
2447 44
2448 29
2449 42
2450 11
2451 92
2452 8
2453 12
2454 14
2455 15
2456 7
2458 85
2459 41
2460 154
2461 115
2462 84
2463 109
2464 179
2465 53
2466 9
2467 118
2468 161
2469 119
2471 113
2472 67
2473 41
2474 22
2475 88
2476 32
2477 106
2478 83
2479 40
2480 24
2481 1
2482 141
2483 2
2484 116
2485 117
2486 15
2487 7
2488 36
2489 94
2490 12
2491 112
2492 160
2493 5
2494 33
2495 126
2496 20
2497 20
2498 82
2499 84
2500 163
2501 65
2502 35
2503 15
2504 134
2505 4
2506 112
2507 182
2508 84
2509 118
2510 127
2511 119
2512 97
2513 11
2514 6
2515 11
2516 78
2517 5
2518 41
2519 26
2520 149
2521 130
2522 13
2523 14
2524 10
2525 29
2526 174
2527 3
2528 6
2529 31
2530 26
2531 20
2532 100
2533 92
2534 17
2535 6
2536 55
2537 85
2538 53
2539 126
2540 28
2541 1
2542 176
2543 260
2544 25
2545 8
2546 126
2547 50
2548 7
2549 142
2550 149
2551 136
2552 100
2553 152
2554 84
2555 118
2556 104
2557 27
2558 17
2559 150
2560 181
2561 146
2562 11
2563 100
2564 162
2565 3
2566 23
2567 104
2568 7
2570 19
2571 24
2572 16
2573 141
2574 97
2575 127
2576 39
2577 17
2578 157
2579 105
2580 5
2581 18
2582 90
2583 40
2584 11
2585 35
2586 167
2587 18
2588 82
2589 64
2590 176
2591 83
2592 107
2593 162
2594 79
2595 2
2597 93
2598 148
2599 11
2600 160
2601 172
2602 175
2603 59
2604 174
2605 15
2606 63
2607 172
2608 92
2609 43
2610 49
2611 189
2612 24
2613 29
2614 14
2615 168
2616 90
2617 102
2618 21
2619 146
2620 48
2621 5
2622 19
2623 116
2624 169
2625 161
2626 28
2627 37
2628 26
2629 112
2630 155
2631 103
2632 4
2633 34
2634 4
2635 16
2636 30
2637 29
2638 147
2639 31
2640 48
2641 18
2642 119
2643 91
2644 23
2645 47
2646 114
2647 45
2648 43
2649 109
2650 17
2651 6
2652 45
2653 62
2654 135
2655 148
2656 14
2657 50
2658 30
2659 52
2660 27
