136 96
428 1
563 2
1465 87
1577 145
1718 96
1913 17
1914 39
1915 10
1916 71
1917 171
1918 139
1919 51
1920 107
1921 31
1922 12
1923 47
1924 4
1925 111
1926 120
1927 48
1928 20
1929 137
1930 10
1931 34
1932 79
1933 9
1934 11
1935 42
1936 20
1937 2
1938 175
1939 71
1940 80
1941 198
1942 34
1943 167
1944 21
1945 136
1946 173
1947 107
1948 97
1949 7
1950 9
1951 59
1952 15
1953 110
1954 78
1955 84
1956 6
1957 33
1958 32
1959 109
1960 38
1961 6
1962 166
1963 75
1964 85
1965 18
1966 159
1967 1
1968 32
1969 3
1970 63
1971 155
1972 60
1973 53
1974 5
1975 32
1976 32
1977 8
1978 14
1979 155
1980 53
1981 51
1982 17
1983 179
1984 157
1985 204
1986 133
1987 29
1988 21
1989 77
1990 17
1991 44
1992 13
1993 173
1994 54
1995 56
1996 3
1997 121
1998 51
1999 31
2000 31
2001 51
2002 71
2003 42
2004 45
2005 141
2006 45
2007 153
2008 5
2009 40
2010 73
2011 37
2012 14
2013 8
2014 7
2015 3
2016 15
2017 5
2018 51
2019 17
2020 142
2021 28
2022 45
2023 24
2024 50
2025 26
2026 84
2027 41
2028 89
2029 28
2030 170
2031 44
2032 128
2033 157
2034 6
2035 25
2036 16
2037 158
2038 114
2039 103
2040 137
2041 5
2042 89
2043 156
2044 20
2045 151
2046 105
2047 183
2048 13
2049 33
2050 20
2051 8
2052 97
2053 99
2054 147
2055 64
2056 105
2057 37
2058 66
2059 175
2060 98
2061 41
2062 67
2063 127
2064 163
2065 20
2066 8
2067 30
2068 127
2069 150
2070 11
2071 109
2072 120
2073 175
2074 145
2075 43
2076 14
2077 113
2078 182
2080 8
2081 150
2082 15
2083 127
2084 128
2085 28
2086 121
2087 134
2088 172
2089 20
2090 170
2091 30
2092 37
2093 165
2094 6
2095 136
2096 17
2097 34
2098 105
2099 13
2100 5
2101 65
2102 115
2103 168
2104 165
2105 10
2106 2
2107 34
2108 144
2109 116
2110 38
2111 163
2112 143
2113 9
2114 10
2115 117
2116 58
2117 125
2118 163
2119 11
2120 20
2121 133
2122 134
2123 181
2124 149
2125 107
2126 49
2127 97
2128 84
2129 29
2130 9
2131 178
2132 82
2133 141
2134 75
2135 79
2136 68
2137 42
2138 124
2139 153
2140 155
2141 21
2142 198
2143 92
2144 71
2145 40
2146 20
2147 33
2148 80
2149 113
2150 173
2151 74
2152 16
2153 127
2154 142
2155 39
2156 25
2157 35
2158 8
2159 46
2160 22
2161 72
2162 14
2163 28
2164 82
2165 116
2166 8
2167 4
2168 1
2169 95
2170 17
2171 60
2172 172
2173 27
2174 104
2175 7
2176 104
2177 9
2178 2
2179 85
2180 106
2181 15
2182 6
2183 120
2184 169
2185 14
2186 14
2187 133
2188 173
2189 101
2190 152
2191 78
2192 34
2193 13
2194 95
2196 93
2197 20
2198 49
2199 155
2200 157
2201 171
2202 37
2203 85
2204 3
2205 11
2206 189
2207 20
2208 17
2209 31
2210 83
2211 51
2212 121
2213 96
2214 23
2215 51
2216 117
2217 11
2218 184
2219 4
2220 172
2221 37
2222 44
2223 103
2224 112
2225 39
2226 41
2227 6
2228 24
2229 184
2230 4
2231 33
2232 66
2233 200
2234 26
2235 66
2236 33
2237 114
2238 12
2239 41
2240 183
2241 109
2242 37
2243 53
2244 179
2245 6
2246 84
2247 118
2248 15
2249 15
2250 94
2251 6
2252 9
2253 142
2254 81
2255 8
2256 6
2257 134
2258 46
2259 47
2260 18
2261 114
2262 12
2263 6
2264 65
2265 8
2266 190
2267 72
2268 120
2270 12
2271 159
2272 25
2273 79
2274 32
2275 171
2276 136
2277 14
2278 158
2279 116
2280 51
2281 6
2282 140
2283 146
2284 50
2285 46
2286 20
2287 56
2288 19
2289 146
2290 170
2291 13
2292 127
2293 50
2294 110
2295 19
2296 29
2297 36
2298 13
2299 140
2300 106
2301 8
2302 110
2303 25
2304 60
2305 11
2306 100
2307 128
2308 146
2309 182
2310 20
2311 44
2312 13
2313 76
2314 15
2315 61
2316 9
2317 32
2318 33
2319 105
2320 14
2321 4
2322 38
2323 163
2324 170
2325 69
2326 161
2327 116
2328 157
2329 112
2330 45
2331 163
2332 87
2333 146
2334 124
2335 31
2336 139
2337 33
2338 99
2339 171
2340 174
2341 23
2342 25
2343 70
2344 108
2345 46
2346 28
2347 226
2348 132
2349 17
2350 22
2351 101
2352 149
2353 74
2354 158
2355 27
2356 153
2357 11
2358 5
2359 129
2360 11
2361 41
2362 21
2363 151
2364 60
2365 50
2366 34
2367 49
2368 71
2369 181
2370 139
2371 29
2372 93
2373 10
2374 156
2375 4
2376 156
2377 89
2378 45
2379 32
2380 2
2381 162
2382 1
2383 21
2384 169
2385 51
2386 126
2387 45
2388 5
2389 25
2390 43
2391 65
2392 81
2393 29
2394 87
2395 167
2396 61
2397 30
2398 95
2399 67
2400 16
2401 18
2402 13
2403 11
2404 145
2405 17
2406 32
2407 83
2408 133
2409 153
2410 182
2411 27
2412 27
2413 12
2414 170
2415 36
2416 31
2417 59
2418 103
2419 98
2420 72
2421 6
2422 3
2423 142
2424 10
2425 32
2426 12
2427 21
2428 171
2429 72
2430 134
2431 3
2432 20
2433 131
2434 84
2435 26
2436 82
2437 2
2438 59
2439 8
2440 30
2441 2
2442 2
2443 21
2444 13
2445 66
2446 141
2447 45
2448 29
2449 40
2450 10
2451 91
2452 8
2453 13
2454 15
2455 13
2456 7
2458 91
2459 37
2460 155
2461 112
2462 84
2463 112
2464 180
2465 50
2466 9
2467 124
2468 150
2469 124
2471 120
2472 70
2473 43
2474 19
2475 86
2476 30
2477 105
2478 82
2479 38
2480 21
2481 2
2482 142
2483 2
2484 115
2485 122
2486 17
2487 8
2488 36
2489 97
2490 14
2491 105
2492 156
2493 5
2494 34
2495 129
2496 20
2497 20
2498 81
2499 86
2500 162
2501 67
2502 37
2503 13
2504 140
2505 3
2506 110
2507 178
2508 91
2509 120
2510 119
2511 129
2512 96
2513 14
2514 8
2515 10
2516 79
2517 5
2518 43
2519 33
2520 148
2521 129
2522 12
2523 13
2524 11
2525 29
2526 178
2527 3
2528 5
2529 29
2530 25
2531 17
2532 95
2533 89
2534 16
2535 9
2536 58
2537 85
2538 49
2539 124
2540 27
2541 1
2542 174
2543 240
2544 29
2545 8
2546 130
2547 47
2548 6
2549 145
2550 148
2551 143
2552 101
2553 156
2554 83
2555 117
2556 117
2557 28
2558 18
2559 153
2560 175
2561 134
2562 12
2563 98
2564 156
2565 3
2566 23
2567 97
2568 10
2570 18
2571 26
2572 17
2573 138
2574 89
2575 127
2576 41
2577 17
2578 146
2579 105
2580 4
2581 19
2582 90
2583 43
2584 12
2585 34
2586 171
2587 16
2588 79
2589 68
2590 176
2591 85
2592 118
2593 164
2594 84
2595 2
2597 94
2598 143
2599 12
2600 165
2601 171
2602 172
2603 53
2604 171
2605 15
2606 64
2607 174
2608 91
2609 42
2610 44
2611 187
2612 23
2613 28
2614 15
2615 169
2616 93
2617 106
2618 17
2619 148
2620 46
2621 5
2622 19
2623 120
2624 169
2625 161
2626 29
2627 34
2628 23
2629 111
2630 155
2631 104
2632 6
2633 33
2634 4
2635 18
2636 32
2637 26
2638 149
2639 32
2640 49
2641 17
2642 115
2643 94
2644 25
2645 43
2646 114
2647 42
2648 45
2649 106
2650 14
2651 6
2652 41
2653 68
2654 129
2655 147
2656 13
2657 47
2658 30
2659 45
2660 31
