0 3
1 19
2 51
3 35
4 25
5 24
6 33
7 34
8 29
9 21
10 4
11 2
12 31
13 4
14 8
15 18
16 6
17 33
18 38
19 2
20 2
21 18
22 94
23 18
24 20
25 3326
26 8
27 9
28 20
29 8
30 15
31 75
32 15
33 15
34 19
35 17
36 338
37 5
38 7
39 2
40 20
41 19
42 3
43 4
44 4
45 6
46 6
47 2
48 4
49 7
50 18
51 20
52 3
53 14
54 24
55 21
56 2
57 11
58 6
59 7
60 5
61 11
62 7
63 4
64 234
65 10
66 14
67 10
68 7
69 2
70 20
71 341
72 17
73 12
74 17
75 8
76 79
77 38
78 7
79 8
80 9
81 5
82 13
83 11
84 4
85 5
86 22
87 14
88 54
89 41
90 8
91 21
92 23
93 15
94 38
95 20
96 25
97 22
98 8
99 7
100 8
101 290
102 5
103 13
104 11
105 42
106 7
107 57
108 157
109 9
110 9
111 259
112 12
113 15
114 14
115 22
116 6
117 11
118 10
119 24
120 14
121 21
122 28
123 6
124 12
125 3
126 4
127 6
128 9
129 1
130 4
131 6
132 25
133 10
134 65
135 16
136 2
137 17
138 4
139 1
140 6
141 4
142 8
143 1
144 27
145 1
146 6
147 11
148 2
149 1
150 60
151 3
152 9
153 1
154 11
155 8
156 2
157 19
159 10
160 2
161 6
162 4
163 2
164 5
165 5
166 3
167 1
168 5
169 2
170 11
171 9
172 16
173 5
175 4
176 3
177 18
178 1
179 35
180 7
181 7
182 12
183 4
184 2
185 11
186 3
187 4
188 1
189 3
190 4
191 3
192 1
193 6
194 16
195 3
196 18
197 16
198 7
199 12
200 3
201 10
202 2
203 2
204 7
205 20
206 5
207 4
208 4
209 5
210 2
211 8
212 4
214 6
215 5
216 3
217 9
218 5
219 3
220 3
221 4
222 9
223 6
224 8
225 5
226 8
227 2
228 10
229 20
230 10
231 21
232 1
233 1
234 8
235 30
236 7
237 3
238 6
239 1
240 9
241 9
242 6
243 8
244 2
245 5
246 3
247 4
248 36
249 1
250 6
251 8
252 4
253 43
254 7
255 1
256 8
257 11
258 9
259 20
260 1
262 8
263 18
264 14
265 1
266 6
267 27
268 2
269 15
270 1
271 2
272 5
273 5
274 12
275 3
276 7
277 11
278 1
279 6
280 3
281 14
282 3
283 5
284 8
285 11
286 6
287 12
288 6
289 14
290 9
291 15
293 14
294 6
295 14
296 9
297 14
298 4
299 22
300 24
301 4
302 7
303 8
304 5
305 32
306 7
307 19
308 4
309 12
310 13
311 14
312 3
313 7
314 12
315 6
316 2
317 11
318 9
319 21
320 5
321 2
322 5
323 7
324 5
325 5
326 3
327 6
328 5
329 4
330 1
331 5
332 4
333 3
334 1
335 7
336 4
337 1
338 2
339 3
340 2
341 1
342 13
343 2
344 5
345 4
346 4
347 10
348 14
349 17
350 19
351 2
352 2
353 2
354 6
355 6
356 7
357 5
358 4
359 5
360 5
361 11
362 14
363 6
364 6
365 5
366 7
367 9
368 10
369 13
370 2
371 3
372 3
373 5
374 8
376 8
377 3
378 10
379 4
380 3
381 4
382 5
383 17
384 5
385 7
386 55
387 5
388 14
389 11
390 8
392 8
393 9
394 6
395 2
396 11
397 1
398 4
399 2
400 8
401 4
402 21
403 3
404 1
405 3
406 3
407 6
408 2
409 7
410 8
411 5
412 2
413 13
414 7
415 3
416 1
417 16
418 12
419 8
420 40
421 15
422 9
423 2
424 7
425 4
426 1
427 2
428 40
429 9
430 12
431 8
432 2
433 2
434 6
435 7
436 7
437 3
438 3
439 9
440 9
441 5
442 17
443 2
444 3
445 11
446 6
447 3
448 14
449 3
450 9
451 3
452 11
453 21
454 3
455 26
456 4
457 11
458 2
459 1
460 2
461 4
462 4
463 3
464 4
465 3
466 7
467 7
468 5
469 7
470 12
471 1
472 7
473 11
474 5
475 8
476 15
477 5
478 5
479 1
480 1
481 1
482 10
483 2
484 1
485 16
486 10
487 2
488 4
489 1
490 6
491 7
492 3
493 9
494 17
495 5
496 36
497 30
498 3
499 6
500 2
501 22
502 3
503 7
504 29
505 1
506 5
507 1
508 1
509 3
510 14
511 8
512 4
513 1
514 4
515 7
516 1
517 1
518 2
519 4
520 2
521 3
522 1
523 1
524 2
525 5
526 4
527 17
528 3
529 10
530 28
531 24
532 9
533 9
534 11
535 12
536 1
537 3
538 3
539 13
540 2
541 11
542 1
543 7
544 5
545 2
546 4
547 72
548 2
549 7
550 5
551 7
552 3
553 19
554 3
555 9
556 12
557 2
558 15
559 6
560 15
561 3
562 6
563 4
564 2
565 3
566 6
567 7
568 2
569 12
570 1
571 1
572 18
573 3
574 1
575 8
577 1
578 2
579 1
580 6
581 8
582 4
583 7
584 37
585 1
586 16
587 5
588 4
589 5
590 18
591 2
592 5
593 14
594 2
595 3
596 1
597 2
598 4
599 2
600 1
601 3
602 19
603 21
604 10
605 1
606 4
607 2
608 34
609 3
610 3
611 25
612 7
613 5
614 2
615 1
616 4
617 2
618 5
619 6
620 4
621 3
622 8
623 3
624 1
625 5
626 2
627 1
628 7
629 6
630 16
631 11
632 2
633 4
634 1
635 6
636 13
637 16
638 2
639 2
640 16
641 3
642 10
643 8
644 3
645 7
646 6
647 3
648 1
649 8
650 1
651 14
652 4
653 4
654 24
655 12
656 13
657 3
658 7
659 10
660 10
661 19
662 5
663 3
664 3
665 11
666 2
667 6
668 1
669 5
670 5
671 11
672 8
673 2
674 2
675 7
676 5
677 51
678 23
679 2
680 6
681 5
682 2
683 2
684 12
685 2
686 5
687 7
688 5
689 7
690 3
691 1
692 2
693 3
694 3
695 12
696 7
697 4
698 6
699 1
700 19
701 3
702 2
703 19
704 7
705 1
706 5
707 2
708 2
709 3
710 26
711 12
712 1
713 13
714 6
715 6
716 20
717 3
718 9
719 2
720 5
721 4
722 18
723 1
724 3
725 7
726 7
727 2
728 4
729 13
730 9
731 2
732 2
733 1
734 9
735 8
736 14
737 8
738 3
739 11
740 2
741 1
742 2
743 5
744 8
745 6
746 9
747 10
748 3
749 3
750 8
751 3
752 19
753 1
754 3
755 4
756 2
757 3
758 1
759 3
760 18
761 7
762 1
763 4
764 3
765 2
766 11
767 12
768 8
769 7
770 3
771 5
772 12
773 11
774 3
775 17
776 1
777 3
778 6
779 7
780 3
781 1
782 16
783 6
784 12
785 10
786 1
787 9
788 3
789 1
790 5
791 6
792 14
793 2
794 5
795 16
796 4
797 21
798 2
799 3
800 7
801 5
802 7
803 7
804 14
805 2
806 10
807 3
808 1
809 8
810 3
811 3
812 1
813 14
814 3
815 5
816 3
817 9
818 8
819 13
820 14
821 5
822 1
823 7
824 1
825 2
826 3
827 1
828 4
829 4
830 7
831 4
832 5
833 3
834 12
835 5
836 11
837 6
838 40
839 26
840 3
841 4
842 1
843 5
844 3
845 4
846 2
847 1
848 6
849 1
850 4
851 2
852 1
853 1
854 1
855 4
856 2
857 7
858 10
859 11
860 2
861 10
862 27
863 8
864 8
865 12
866 10
867 14
868 2
869 4
870 38
871 5
872 3
873 3
874 3
875 7
876 17
877 5
878 4
879 12
880 6
881 1
882 3
883 2
884 1
885 1
886 9
887 3
888 10
889 22
890 4
891 18
892 6
893 13
894 1
895 9
896 10
897 1
898 7
899 9
900 1
901 2
903 2
904 8
905 26
906 1
907 6
908 7
909 2
910 1
911 25
912 11
913 5
914 8
915 3
916 12
917 9
918 31
919 3
920 15
921 1
922 6
923 4
924 9
925 4
926 3
927 1
928 6
929 3
930 32
931 3
932 9
933 1
934 36
935 6
936 1
937 37
938 19
939 1
940 5
941 15
942 12
943 1
944 1
945 2
946 9
947 5
948 2
949 13
950 8
951 5
952 16
953 2
954 9
955 7
956 2
957 1
958 10
959 4
960 1
961 3
962 5
963 3
964 16
965 7
966 14
967 5
968 4
969 12
970 2
971 1
972 1
973 5
974 1
975 2
976 13
977 3
978 1
979 10
980 20
981 6
982 5
983 3
984 1
985 7
986 32
987 2
988 5
989 11
990 8
991 5
992 5
993 3
994 5
995 3
996 7
997 12
998 11
999 8
1000 7
1001 11
1002 4
1003 23
1004 6
1005 12
1006 4
1007 10
1008 10
1009 26
1010 8
1011 4
1012 3
1013 13
1014 63
1015 3
1017 4
1018 20
1019 6
1020 3
1021 4
1022 4
1023 8
1024 6
1025 3
1026 1
1027 8
1028 5
1029 6
1030 4
1031 6
1032 24
1033 22
1034 15
1035 5
1036 4
1037 5
1038 3
1039 15
1040 1
1041 5
1042 11
1043 4
1044 33
1045 2
1046 3
1047 2
1048 1
1049 5
1050 17
1051 5
1052 2
1053 28
1054 1
1055 28
1056 9
1057 3
1058 2
1059 12
1060 3
1061 1
1062 15
1063 5
1064 4
1065 4
1066 4
1067 9
1068 1
1069 7
1070 3
1071 2
1072 33
1073 9
1074 9
1075 10
1076 9
1077 16
1078 43
1079 9
1080 4
1081 18
1082 5
1083 2
1084 1
1085 4
1086 10
1087 2
1088 6
1089 3
1090 14
1091 3
1092 4
1093 3
1094 14
1095 5
1096 4
1097 2
1098 17
1099 2
1100 2
1101 13
1102 6
1103 9
1104 2
1105 1
1106 4
1107 8
1108 5
1109 26
1110 2
1111 6
1112 3
1113 3
1114 7
1115 6
1116 15
1117 5
1118 6
1119 4
1120 9
1121 1
1122 1
1123 3
1124 11
1125 17
1126 28
1127 3
1128 3
1129 14
1130 2
1131 3
1132 4
1133 3
1134 14
1135 1
1136 15
1137 11
1138 20
1139 4
1140 19
1141 3
1142 3
1143 5
1144 13
1145 1
1146 2
1147 2
1148 2
1149 4
1150 1
1151 6
1152 7
1153 20
1154 4
1155 1
1156 4
1157 2
1158 4
1159 2
1160 3
1161 6
1162 23
1163 4
1164 1
1165 5
1166 12
1167 12
1168 6
1169 2
1170 4
1171 3
1172 6
1173 7
1174 2
1175 1
1176 5
1177 9
1178 4
1179 1
1180 1
1181 15
1182 6
1183 3
1184 1
1185 27
1186 22
1187 11
1188 4
1189 10
1190 12
1191 2
1192 10
1193 6
1194 4
1195 4
1196 37
1197 1
1198 13
1199 26
1200 1
1201 5
1202 2
1203 23
1204 4
1205 23
1206 12
1207 16
1208 5
1209 6
1210 100
1211 20
1212 4
1213 2
1214 17
1215 4
1216 2
1217 2
1218 6
1219 7
1220 15
1221 3
1222 10
1223 5
1224 6
1225 5
1226 3
1227 3
1228 2
1229 46
1230 1
1231 27
1232 7
1233 1
1234 2
1235 2
1236 1
1237 5
1238 13
1239 12
1240 19
1241 2
1242 2
1243 1
1244 21
1245 1
1246 1
1247 5
1248 22
1249 4
1250 4
1251 6
1252 29
1253 20
1254 2
1255 4
1256 7
1257 38
1258 3
1259 10
1260 2
1261 5
1262 2
1263 1
1264 1
1265 10
1266 41
1267 7
1268 10
1269 5
1270 2
1271 1
1272 44
1273 11
1274 5
1275 2
1276 10
1277 6
1278 38
1279 2
1280 2
1281 9
1282 4
1283 4
1284 2
1285 5
1286 13
1287 3
1288 9
1289 9
1290 29
1291 3
1292 3
1293 2
1294 6
1295 2
1296 18
1297 3
1298 3
1299 3
1300 3
1301 6
1302 3
1303 4
1304 8
1305 8
1306 1
1307 9
1308 3
1309 8
1310 5
1311 18
1312 8
1313 7
1314 3
1315 18
1316 2
1317 6
1318 3
1319 1
1320 2
1321 14
1322 34
1323 1
1324 3
1325 6
1326 3
1327 15
1328 1
1329 5
1330 5
1331 4
1332 2
1333 1
1334 4
1335 5
1336 4
1337 2
1338 3
1339 5
1340 3
1341 10
1342 17
1343 4
1344 3
1345 1
1346 3
1347 21
1348 2
1349 4
1350 4
1351 13
1352 2
1353 34
1354 1
1355 15
1356 5
1357 1
1358 1
1359 6
1360 13
1361 69
1362 1
1363 10
1364 13
1365 5
1366 11
1367 1
1368 7
1369 10
1370 2
1371 4
1372 5
1373 3
1374 4
1375 3
1376 6
1377 1
1378 1
1379 3
1380 10
1381 1
1382 13
1383 12
1384 6
1385 8
1386 3
1387 3
1388 4
1389 8
1390 2
1391 3
1392 9
1393 1
1394 8
1395 2
1396 7
1397 11
1398 4
1399 14
1400 28
1401 6
1402 6
1403 7
1404 5
1405 4
1406 2
1407 3
1408 6
1409 10
1410 3
1411 6
1412 1
1413 23
1414 64
1415 5
1416 2
1417 10
1418 6
1419 2
1420 12
1421 6
1422 1
1423 4
1424 4
1425 3
1426 1
1427 2
1428 2
1429 2
1430 16
1431 4
1432 7
1433 8
1434 1
1435 3
1436 4
1437 18
1439 4
1440 3
1441 8
1442 8
1443 9
1444 1
1445 2
1446 18
1447 4
1448 7
1449 6
1450 8
1451 6
1452 1
1453 9
1454 18
1455 5
1456 4
1457 7
1458 9
1459 2
1460 7
1461 1
1462 11
1463 11
1464 4
1465 4
1466 1
1467 2
1468 4
1469 14
1470 2
1471 2
1472 3
1473 5
1474 2
1475 10
1476 2
1477 13
1478 1
1479 1
1480 6
1481 16
1482 1
1483 5
1484 1
1485 10
1486 7
1487 5
1488 4
1489 13
1490 5
1491 4
1492 3
1493 10
1494 8
1495 32
1496 9
1497 5
1498 17
1499 3
1500 5
1501 3
1502 4
1503 3
1504 21
1505 2
1506 21
1507 14
1508 6
1509 25
1510 64
1511 2
1512 3
1513 3
1514 7
1515 7
1516 40
1517 3
1518 17
1519 6
1520 11
1521 14
1522 9
1523 4
1524 4
1525 18
1526 6
1527 11
1528 1
1529 2
1530 5
1531 15
1532 4
1533 4
1534 2
1535 5
1536 2
1537 2
1538 5
1539 2
1540 19
1541 3
1542 18
1543 14
1544 1
1545 9
1546 2
1547 1
1548 10
1549 4
1550 4
1551 4
1552 24
1553 3
1554 14
1555 1
1556 15
1557 2
1558 4
1559 8
1560 5
1561 14
1562 2
1563 14
1564 12
1565 14
1566 2
1567 5
1568 2
1569 12
1570 3
1571 1
1572 4
1573 5
1574 72
1575 12
1576 1
1577 6
1578 1
1579 4
1580 2
1581 28
1582 5
1583 5
1584 2
1585 4
1586 6
1587 5
1588 3
1589 2
1590 17
1591 5
1592 4
1593 1
1594 1
1595 11
1596 10
1597 3
1598 12
1599 10
1600 18
1601 14
1602 11
1603 3
1604 3
1605 1
1606 8
1607 9
1608 22
1609 1
1610 8
1611 3
1612 3
1613 1
1614 1
1615 10
1616 6
1617 13
1618 2
1619 1
1620 4
1621 6
1622 2
1623 10
1624 3
1625 16
1626 3
1627 2
1628 1
1629 18
1630 11
1631 7
1632 26
1633 2
1634 22
1635 4
1636 5
1637 14
1638 15
1639 7
1640 5
1641 1
1642 2
1643 3
1644 17
1645 7
1646 13
1647 10
1648 6
1649 10
1650 18
1651 4
1652 1
1653 12
1655 2
1656 1
1657 4
1658 1
1659 6
1660 3
1661 11
1662 5
1663 1
1664 7
1665 10
1666 4
1667 2
1668 8
1669 50
1670 2
1671 4
1672 11
1673 12
1674 5
1675 2
1676 3
1677 4
1678 2
1679 1
1680 4
1681 5
1682 8
1683 4
1684 2
1685 2
1686 5
1687 2
1688 6
1689 1
1690 7
1691 7
1692 15
1693 3
1694 9
1695 19
1696 3
1697 1
1698 5
1699 8
1700 2
1701 3
1702 3
1703 9
1704 7
1705 1
1706 10
1708 4
1709 6
1710 6
1711 2
1712 2
1713 4
1714 2
1715 13
1716 5
1717 4
1718 1
1719 26
1720 6
1721 7
1722 15
1723 18
1724 7
1725 8
1726 3
1727 14
1728 14
1729 1
1730 2
1731 9
1732 1
1733 9
1734 1
1735 30
1736 1
1737 4
1738 3
1739 1
1741 4
1742 9
1743 5
1744 14
1745 7
1746 3
1747 4
1748 9
1749 1
1750 9
1751 3
1752 8
1753 5
1754 3
1755 4
1756 20
1757 3
1758 2
1759 2
1760 2
1761 19
1762 2
1763 8
1764 6
1765 3
1766 5
1767 27
1768 6
1769 1
1770 10
1771 2
1772 10
1773 14
1774 9
1775 3
1776 9
1777 19
1778 1
1779 6
1780 1
1781 3
1782 4
1783 27
1784 4
1785 4
1786 7
1787 1
1788 3
1789 3
1790 10
1791 3
1792 3
1793 3
1794 7
1795 6
1796 4
1797 3
1798 22
1799 4
1800 25
1801 1
1802 25
1803 2
1804 5
1805 3
1806 23
1807 21
1808 10
1809 4
1810 2
1811 7
1812 2
1813 1
1814 7
1815 1
1816 10
1817 6
1818 5
1819 39
1820 14
1821 3
1822 3
1823 13
1824 3
1825 6
1826 20
1827 3
1828 5
1829 7
1830 7
1831 3
1832 14
1833 1
1834 2
1835 1
1836 26
1837 1
1838 1
1839 4
1840 8
1841 9
1842 22
1843 2
1844 3
1845 1
1846 20
1847 5
1848 6
1849 1
1850 1
1851 16
1852 2
1853 3
1854 2
1855 1
1856 2
1857 4
1858 2
1859 5
1860 2
1861 3
1862 3
1863 18
1864 25
1865 11
1866 3
1867 2
1868 4
1869 3
1870 3
1871 1
1872 1
1873 6
1874 9
1875 5
1876 28
1877 5
1878 8
1879 15
1880 3
1881 1
1882 9
1883 3
1884 7
1885 6
1886 3
1887 2
1888 6
1889 6
1890 2
1891 15
1892 5
1893 5
1894 5
1895 7
1896 2
1897 3
1898 16
1899 1
1900 9
1901 4
1902 1
1903 1
1904 5
1905 7
1906 5
1907 4
1908 2
1909 14
1910 2
1911 37
1912 3
1913 4
1914 3
1915 2
1916 2
1917 8
1918 4
1919 1
1920 1
1921 16
1922 10
1923 1
1924 1
1925 4
1926 2
1927 3
1928 5
1929 17
1930 3
1931 9
1932 3
1934 7
1935 11
1936 4
1937 2
1938 3
1939 2
1940 2
1941 2
1942 28
1943 2
1944 6
1945 4
1946 5
1947 6
1948 5
1949 7
1950 5
1951 1
1952 9
1953 4
1954 1
1955 9
1956 2
1957 7
1958 4
1959 3
1960 3
1961 3
1962 2
1963 2
1964 3
1966 2
1967 6
1968 7
1969 7
1970 2
1971 6
1972 4
1973 4
1974 19
1975 5
1976 10
1977 1
1978 3
1979 3
1980 1
1981 12
1982 7
1983 15
1984 4
1985 23
1986 7
1987 6
1988 1
1989 6
1990 18
1991 1
1992 4
1993 40
1994 7
1995 4
1996 2
1997 2
1998 8
1999 1
2000 1
2001 16
2002 6
2003 1
2004 6
2005 13
2006 15
2007 6
2008 2
2010 1
2011 12
2013 9
2014 7
2015 7
2016 6
2017 3
2018 3
2019 16
2020 3
2021 15
2022 12
2023 12
2024 4
2025 8
2026 1
2027 2
2028 2
2029 2
2030 13
2031 11
2032 15
2033 4
2034 11
2035 6
2036 8
2037 4
2038 6
2039 4
2040 15
2041 50
2042 4
2043 3
2044 9
2045 2
2046 16
2047 2
2048 9
2049 2
2050 22
2051 2
2052 4
2053 8
2054 2
2055 2
2056 30
2057 9
2058 10
2059 8
2060 5
2061 11
2063 2
2064 2
2065 10
2066 6
2067 1
2068 8
2069 1
2070 1
2071 1
2072 2
2073 1
2074 7
2075 2
2076 2
2077 1
2078 5
2079 3
2080 1
2081 4
2082 5
2083 12
2084 14
2085 7
2086 1
2087 7
2089 54
2090 8
2091 7
2092 10
2094 2
2095 22
2097 40
2098 3
2099 4
2100 3
2101 12
2102 8
2103 3
2104 18
2105 6
2106 11
2107 2
2108 3
2109 16
2110 1
2111 2
2112 9
2113 12
2114 17
2115 10
2116 1
2117 6
2118 6
2119 3
2120 15
2121 2
2122 2
2123 9
2124 1
2125 5
2126 7
2127 7
2128 1
2129 7
2130 6
2131 6
2132 1
2133 13
2134 1
2135 9
2136 6
2137 2
2138 9
2139 3
2140 20
2141 4
2142 2
2143 18
2144 2
2145 25
2146 5
2147 8
2148 2
2149 7
2150 4
2151 1
2152 5
2153 8
2154 10
2155 3
2156 6
2157 4
2158 8
2159 3
2160 15
2161 2
2162 4
2163 2
2164 15
2165 3
2166 2
2167 5
2168 6
2169 4
2170 1
2171 8
2172 1
2173 3
2174 3
2175 2
2176 5
2177 5
2178 1
2179 15
2180 6
2181 4
2182 6
2183 1
2184 3
2185 2
2186 1
2187 2
2188 2
2189 1
2190 11
2191 3
2192 6
2193 1
2194 2
2195 1
2196 1
2197 7
2198 3
2199 6
2200 1
2201 5
2202 1
2203 25
2204 6
2205 2
2206 6
2207 3
2208 2
2209 3
2210 15
2211 2
2212 14
2213 5
2214 8
2215 6
2216 3
2217 15
2218 6
2219 12
2220 6
2221 6
2222 8
2223 2
2224 8
2225 1
2226 39
2227 2
2228 20
2229 4
2230 10
2231 4
2232 4
2233 18
2234 16
2235 23
2236 3
2237 4
2238 17
2239 1
2240 3
2241 2
2242 20
2243 6
2244 24
2245 5
2246 4
2247 2
2248 2
2249 1
2250 4
2251 7
2252 2
2253 14
2254 10
2255 12
2256 2
2257 3
2258 3
2259 4
2260 2
2261 13
2262 4
2263 1
2264 1
2265 19
2266 10
2267 2
2268 3
2269 7
2270 3
2271 5
2272 1
2273 5
2274 1
2275 10
2277 3
2278 4
2279 4
2280 6
2281 2
2282 1
2283 1
2284 5
2285 11
2286 3
2287 5
2288 1
2289 12
2290 3
2291 44
2292 8
2293 10
2294 1
2295 2
2296 9
2297 2
2298 6
2299 8
2300 2
2301 2
2302 18
2303 60
2304 13
2305 9
2306 6
2307 5
2308 11
2309 4
2310 1
2311 4
2312 8
2313 15
2314 3
2315 21
2316 7
2317 1
2318 5
2319 3
2320 3
2321 16
2322 6
2323 8
2324 4
2325 8
2326 3
2327 8
2328 8
2329 7
2330 1
2331 3
2332 13
2333 10
2334 2
2335 12
2336 3
2337 4
2338 22
2339 26
2340 1
2341 7
2342 12
2343 6
2344 6
2345 1
2346 15
2347 1
2348 3
2349 1
2350 1
2351 1
2352 4
2353 9
2354 2
2355 12
2356 28
2357 5
2358 2
2359 6
2360 7
2361 13
2362 4
2363 6
2364 6
2365 3
2366 12
2367 3
2368 6
2369 3
2370 10
2371 4
2372 7
2373 2
2374 17
2375 4
2376 27
2377 3
2378 6
2379 9
2380 9
2381 25
2382 25
2383 11
2384 2
2385 6
2386 33
2387 17
2388 1
2389 1
2390 2
2391 7
2392 4
2393 10
2394 5
2395 13
2396 2
2397 2
2398 3
2399 5
2400 3
2401 8
2402 6
2403 1
2404 6
2405 6
2406 23
2407 2
2408 10
2409 4
2410 60
2411 2
2412 15
2413 2
2414 7
2415 7
2416 3
2417 4
2418 28
2419 9
2420 5
2421 6
2422 1
2423 8
2424 1
2425 9
2426 1
2427 6
2428 2
2429 20
2430 6
2431 8
2432 3
2433 11
2434 36
2435 5
2436 4
2437 6
2438 8
2439 7
2440 17
2441 8
2442 4
2443 5
2444 33
2445 9
2446 4
2447 9
2448 4
2449 6
2450 3
2451 12
2452 7
2453 8
2454 19
2455 6
2456 1
2457 2
2458 13
2459 10
2460 5
2461 13
2462 5
2463 14
2464 5
2465 3
2466 8
2467 85
2468 18
2469 35
2470 9
2471 20
2472 2
2473 5
2474 3
2475 6
2476 14
2477 8
2478 7
2479 26
2480 5
2481 10
2482 6
2483 10
2484 20
2485 10
2486 7
2487 15
2488 4
2489 5
2490 5
2491 4
2492 4
2493 5
2494 8
2495 7
2496 6
2497 6
2498 29
2499 5
2500 18
2501 1
2502 4
2503 2
2504 2
2505 15
2506 9
2507 7
2508 3
2509 1
2510 22
2511 7
2512 3
2513 3
2514 4
2515 3
2516 1
2517 4
2518 2
2519 10
2520 1
2521 7
2522 6
2523 2
2524 5
2525 3
2526 8
2527 3
2528 4
2529 3
2530 6
2531 26
2532 6
2533 16
2534 4
2535 6
2536 11
2537 4
2538 2
2539 2
2540 3
2541 15
2542 4
2543 6
2544 34
2545 15
2546 4
2547 2
2548 2
2549 9
2550 20
2551 3
2552 11
2553 14
2554 3
2555 8
2556 10
2557 6
2558 4
2559 7
2560 3
2561 9
2562 2
2563 2
2564 12
2565 8
2566 12
2567 1
2568 1
2569 6
2570 4
2571 5
2572 3
2573 5
2574 12
2575 2
2576 8
2578 1
2579 20
2580 3
2581 2
2582 1
2583 18
2584 24
2585 2
2586 22
2587 7
2588 1
2589 9
2590 7
2591 3
2592 11
2593 3
2594 2
2595 6
2596 9
2597 1
2598 3
2599 6
2600 2
2601 4
2602 8
2603 4
2604 9
2605 4
2606 3
2607 3
2608 4
2609 6
2610 6
2611 11
2612 2
2613 2
2614 21
2615 19
2616 11
2617 3
2618 13
2619 16
2620 9
2621 4
2622 8
2623 1
2624 5
2625 6
2626 1
2627 6
2628 9
2629 9
2630 1
2631 3
2632 8
2633 3
2634 9
2635 11
2636 4
2637 5
2638 4
2639 2
2640 11
2641 11
2642 4
2643 4
2644 2
2645 1
2646 6
2647 31
2648 3
2649 2
2650 5
2651 1
2652 3
2653 5
2654 5
2655 4
2656 2
2657 2
2658 4
2659 10
2660 6
2661 4
2662 3
2663 3
2664 22
2665 6
2666 2
2667 2
2668 5
2669 2
2670 5
2671 7
2672 5
2673 3
2674 6
2675 9
2676 12
2677 2
2678 2
2679 21
2680 33
2681 4
2682 5
2683 6
2684 4
2685 5
2686 2
2687 13
2688 11
2689 8
2690 10
2691 13
2692 2
2693 5
2694 9
2695 3
2696 6
2697 3
2698 1
2699 18
2700 11
2701 6
2702 4
2703 11
2704 1
2705 3
2706 6
2708 1
2709 6
2710 1
2711 1
2712 1
2713 19
2714 3
2716 15
2717 6
2718 2
2719 2
2720 9
2721 10
2722 1
2723 17
2724 7
2725 11
2726 14
2727 9
2728 2
2729 9
2730 9
2731 12
2732 5
2733 1
2734 4
2735 4
2736 8
2737 1
2738 3
2739 1
2740 3
2741 8
2742 7
2743 13
2744 9
2745 6
2746 19
2747 24
2748 4
2749 4
2750 2
2751 1
2753 5
2754 10
2755 1
2756 1
2757 4
2758 19
2759 10
2760 4
2761 10
2762 2
2763 13
2764 5
2765 2
2766 2
2767 6
2768 3
2769 2
2770 2
2771 4
2772 4
2773 6
2774 19
2775 4
2776 7
2777 3
2778 2
2779 4
2780 5
2781 2
2782 8
2783 3
2784 4
2785 1
2786 1
2788 2
2789 6
2790 8
2791 2
2792 6
2793 9
2794 3
2795 12
2796 5
2797 1
2798 15
2799 1
2800 1
2801 2
2802 36
2803 2
2804 4
2805 3
2806 4
2807 2
2808 12
2809 2
2810 1
2811 4
2812 17
2813 12
2814 8
2815 2
2816 2
2817 2
2818 17
2819 9
2820 4
2821 3
2822 1
2823 3
2824 11
2825 5
2826 5
2827 4
2828 1
2829 2
2830 5
2831 17
2832 17
2833 3
2834 3
2835 7
2836 7
2837 2
2838 4
2839 9
2840 21
2841 11
2842 4
2843 2
2844 10
2845 10
2846 4
2847 5
2848 9
2849 21
2850 8
2851 4
2852 3
2853 6
2854 10
2855 3
2856 1
2857 19
2858 2
2859 18
2860 2
2861 32
2862 7
2863 6
2864 7
2865 16
2866 5
2867 8
2868 8
2869 2
2870 3
2871 2
2872 3
2873 16
2874 4
2875 2
2876 42
2877 2
2878 15
2879 1
2880 2
2881 14
2882 7
2883 1
2884 5
2885 2
2886 26
2887 7
2889 10
2890 22
2891 12
2892 6
2893 5
2894 5
2895 6
2896 21
2897 8
2898 3
2899 2
2900 2
2901 19
2902 2
2903 3
2904 9
2905 2
2906 2
2907 4
2908 12
2909 3
2910 3
2911 14
2912 14
2913 2
2914 5
2915 12
2916 120
2917 3
2918 4
2919 11
2920 4
2921 10
2922 7
2923 10
2924 10
2925 11
2926 9
2927 4
2928 4
2929 2
2930 3
2931 8
2932 5
2933 18
2934 12
2935 9
2936 17
2937 1
2938 25
2939 37
2940 4
2941 1
2942 1
2943 8
2944 6
2945 1
2946 7
2947 2
2948 4
2949 10
2950 1
2951 8
2952 8
2953 6
2954 26
2955 4
2956 17
2957 10
2958 3
2959 10
2960 8
2961 5
2962 9
2963 2
2964 7
2965 1
2966 14
2968 9
2969 2
2970 4
2971 12
2972 9
2973 4
2974 13
2975 3
2976 1
2977 1
2978 12
2979 3
2980 1
2981 5
2982 16
2983 17
2984 9
2985 7
2986 2
2987 15
2988 2
2989 8
2990 4
2991 11
2992 3
2993 7
2994 7
2995 1
2996 11
2997 2
2998 9
2999 8
3000 4
3001 3
3002 3
3003 54
3004 15
3005 2
3006 1
3007 9
3008 5
3009 3
3010 2
3011 7
3012 1
3013 6
3014 9
3015 2
3016 19
3017 12
3018 7
3019 3
3020 9
3021 2
3022 5
3023 17
3024 22
3025 5
3026 3
3027 11
3028 10
3029 4
3030 6
3031 5
3032 4
3033 12
3034 4
3035 4
3036 8
3037 6
3038 8
3039 3
3040 2
3041 11
3042 2
3043 2
3044 14
3045 17
3046 1
3047 6
3048 7
3049 5
3050 2
3051 4
3052 3
3053 6
3054 2
3055 2
3056 3
3057 24
3058 24
3059 5
3060 2
3061 8
3062 4
3063 7
3064 9
3065 16
3066 6
3067 7
3068 6
3069 3
3070 1
3071 8
3072 7
3073 1
3074 3
3075 6
3076 2
3077 3
3078 4
3079 9
3080 5
3081 22
3082 4
3083 4
3084 2
3085 11
3086 6
3087 7
3088 4
3089 6
3090 2
3091 9
3092 9
3093 3
3094 2
3095 33
3096 33
3097 5
3098 10
3099 1
3100 28
3101 6
3102 11
3103 3
3104 12
3105 12
3106 4
3107 6
3108 7
3109 2
3110 60
3111 5
3112 60
3113 47
3114 32
3115 41
3116 40
3117 102
3118 32
3119 25
3120 356
3121 23
3122 23
3123 12
3124 54
3125 5
3126 6
3127 11
3128 7
3129 17
3130 9
3131 3
3132 3
3133 45
3134 5
3135 1
3136 13
3137 2
3138 8
3139 7
3140 8
3141 32
3142 3
3143 37
3144 10
3145 4
3146 4
3147 7
3148 3
3149 5
3150 15
3151 3
3152 6
3153 8
3154 1
3155 11
3156 13
3157 1
3158 4
3159 1
3160 6
3161 9
3162 8
3163 3
3164 15
3165 18
3166 8
3167 8
3168 23
3169 4
3170 2
3171 1
3172 51
3173 11
3174 20
3175 1
3176 4
3177 3
3178 11
3179 3
3180 6
3181 4
3182 7
3183 3
3184 12
3185 11
3186 2
3187 26
3188 3
3189 20
3190 2
3191 7
3192 5
3193 10
3194 7
3195 12
3196 15
3197 2
3198 38
3199 6
3200 2
3201 3
3202 6
3203 6
3204 8
3205 5
3206 7
3207 13
3208 26
3209 5
3210 8
3211 10
3212 10
3213 8
3214 2
3215 8
3216 11
3217 2
3218 4
3219 6
3220 16
3221 3
3222 8
3223 3
3224 7
3225 6
3226 4
3227 4
3228 5
3229 35
3230 8
3231 27
3232 3
3233 13
3234 10
3235 3
3236 12
3237 60
3238 2
3239 13
3240 12
3241 5
3242 5
3243 64
3244 17
3245 6
3246 12
3247 5
3248 13
3249 5
3250 1
3251 2
3252 5
3253 4
3254 4
3255 8
3256 21
3257 10
3258 3
3259 22
3260 11
3261 9
3262 6
3263 3
3264 6
3265 6
3266 4
3267 23
3268 2
3269 11
3270 15
3272 3
3273 8
3274 57
3275 5
3276 3
3277 4
3278 2
3279 3
3280 15
3281 7
3282 10
3283 3
3284 4
3286 2
3287 4
3288 3
3289 4
3290 13
3291 11
3292 12
3293 3
3294 4
3295 6
3296 1
3297 9
3298 8
3299 3
3300 16
3301 4
3302 1
3303 6
3304 12
3305 4
3306 5
3307 9
3308 1
3309 6
3310 4
3311 4
3312 19
3313 13
3314 6
3315 14
3316 8
3317 6
3318 8
3319 5
3320 1
3321 11
3322 10
3323 36
3324 8
3325 5
3326 9
3327 5
3328 2
3329 1
3330 1
3331 7
3332 8
3333 11
3334 3
3335 20
3336 7
3337 12
3338 15
3339 3
3340 16
3341 5
3342 7
3343 3
3344 18
3345 3
3346 7
3347 6
3348 48
3350 17
3351 16
3352 23
3353 21
3354 3
3355 4
3356 2
3357 9
3358 3
3359 22
3360 13
3361 10
3363 13
3364 15
3365 4
3366 6
3367 12
3368 5
3369 2
3370 3
3371 4
3372 2
3373 11
3374 2
3375 6
3376 7
3377 11
3378 5
3379 8
3380 5
3381 2
3382 13
3383 3
3384 3
3385 7
3386 7
3387 4
3388 33
3389 23
3390 10
3391 5
3392 7
3393 13
3394 4
3395 3
3396 14
3397 5
3398 2
3399 10
3400 5
3401 5
3402 3
3403 10
3404 7
3405 9
3406 1
3407 3
3408 4
3409 15
3410 14
3411 4
3412 18
3413 5
3414 6
3415 3
3416 1
3417 5
3418 8
3419 7
3420 14
3421 3
3422 16
3423 6
3424 12
3425 11
3426 6
3427 3
3428 4
3429 4
3430 10
3431 14
3432 5
3433 18
3434 2
3435 3
3436 12
3437 13
3438 7
3439 15
3440 5
3441 4
3442 23
3443 11
3444 4
3445 34
3446 3
3447 10
3448 3
3449 1
3450 26
3451 2
3452 4
3453 6
3454 3
3455 11
3456 12
3457 8
3458 8
3459 7
3460 5
3461 2
3462 6
3463 12
3464 22
3465 14
3466 9
3467 4
3468 2
3469 20
3470 7
3471 2
3472 12
3473 9
3474 14
3475 5
3476 31
3477 11
3478 6
3479 14
3480 7
3481 3
3482 2
3483 10
3484 7
3485 29
3486 12
3487 17
3488 4
3489 12
3490 23
3491 16
3492 21
3493 4
3494 4
3495 9
3496 17
3497 15
3498 25
3499 14
3500 58
3501 1
3502 8
3503 3
3504 15
3505 5
3506 4
3507 20
3508 2
3509 9
3510 4
3511 2
3512 2
3513 9
3514 4
3515 3
3516 4
3517 10
3518 18
3519 100
3520 3
3521 2
3522 26
3523 4
3524 3
3525 17
3526 26
3527 4
3528 2
3529 5
3530 36
3531 14
3532 4
3533 5
3534 4
3535 9
3536 5
3537 5
3538 17
3539 6
3540 19
3541 155
3542 16
3543 5
3544 17
3545 7
3546 17
3547 3
3548 24
3549 1
3550 17
3551 1
3552 16
3553 13
3554 10
3555 3
3556 2
3557 5
3558 3
3559 5
3560 15
3561 2
3562 9
3563 4
3564 1
3565 10
3566 10
3567 7
3568 7
3569 43
3570 3
3571 29
3572 3
3573 6
3574 9
3575 2
3576 3
3577 3
3579 1
3580 12
3581 8
3582 5
3583 2
3584 3
3585 4
3586 62
3587 7
3588 14
3589 46
3590 47
3591 3
3592 17
3593 20
3594 3
3595 3
3596 21
3597 13
3598 16
3599 61
3600 5
3601 8
3602 16
3603 3
3604 3
3605 33
3606 3
3607 3
3608 3
3609 4
3610 21
3611 3
3612 1
3613 2
3614 13
3615 4
3616 64
3617 3
3618 4
3619 8
3620 13
3621 1
3622 16
3623 6
3624 1
3625 1
3626 8
3627 7
3628 5
3629 19
3630 29
3631 1
3632 22
3633 31
3634 3
3635 1
3636 2
3637 4
3638 8
3639 5
3640 9
3641 5
3642 9
3643 3
3644 25
3645 3
3646 11
3647 13
3648 4
3649 23
3650 11
3651 7
3652 16
3653 16
3654 34
3655 7
3656 13
3657 5
3658 19
3659 3
3660 4
3661 1
3662 12
3663 6
3664 11
3665 4
3666 4
3667 24
3668 14
3669 3
3670 11
3671 20
3672 3
3673 9
3674 2
3675 9
3676 7
3677 4
3678 12
3679 7
3680 20
3681 3
3682 18
3683 18
3684 4
3685 11
3686 6
3687 39
3688 28
3689 13
3690 2
3691 20
3692 5
3693 4
3694 6
3695 3
3696 3
3697 6
3698 3
3699 2
3700 36
3701 3
3702 6
3703 24
3704 2
3705 7
3706 16
3707 5
3708 5
3709 9
3710 7
3711 14
3712 2
3713 14
3714 6
3715 9
3716 20
3717 2
3718 12
3719 13
3720 10
3721 31
3722 9
3723 2
3724 6
3725 2
3726 25
3727 4
3728 3
3729 18
3730 3
3731 3
3732 15
3733 22
3734 2
3735 14
3736 4
3737 18
3738 25
3739 9
3740 6
3741 3
3742 10
3743 3
3744 7
3745 23
3746 7
3747 4
3748 24
3749 15
3750 11
3751 23
3752 3
3753 14
3754 3
3755 7
3756 2
3757 3
3758 3
3759 3
3760 2
3761 8
3762 133
3763 8
3764 12
3765 18
3766 19
3767 7
3768 2
3769 8
3770 23
3771 23
3772 9
3773 6
3774 13
3775 1
3776 1
3777 3
3778 2
3779 11
3780 2
3781 142
3782 2
3783 2
3784 5
3785 5
3786 66
3787 25
3788 2
3789 15
3790 2
3791 52
3792 59
3793 17
3794 18
3795 4
3796 44
3797 89
3798 3
3799 11
3800 1
3801 25
3802 29
3803 50
3804 29
3805 5
3806 40
3807 94
3808 1
3809 445
3810 26
3811 11
3812 7
3813 7
3814 7
3815 21
3816 7
3817 1
3818 8
3819 7
3820 8
3821 15
3822 31
3823 88
3824 8
3825 59
3826 7
3827 5
3828 32
3829 34
3830 5
3831 22
3832 13
3833 8
3834 14
3835 80
3836 14
3837 81
3838 3
3839 1
3840 58
3841 7
3842 40
3843 3
3844 21
3845 5
3846 40
3847 29
3848 6
3849 6
3850 20
3851 10
3852 2
3853 10
3854 4
3855 3
3856 18
3857 15
3858 30
3859 35
3860 17
3861 33
3862 19
3863 21
3864 9
3865 38
3866 13
3867 6
3868 12
3869 15
3870 34
3871 6
3872 2
3873 37
3874 11
3875 4
3876 13
3877 89
3878 17
3879 26
3880 34
3881 22
3882 4
3883 16
3884 21
3885 17
3886 35
3887 56
3888 5
3889 27
3890 12
3891 5
3892 4
3893 55
3894 4
3895 5
3896 17
3897 12
3898 10
3899 11
3900 40
3901 13
3902 13
3903 24
3904 35
3905 2
3906 10
3907 16
3908 13
3909 4
3910 8
3911 65
3912 7
3913 9
3914 16
3915 8
3916 22
3917 3
3918 14
3919 11
3920 6
3921 24
3922 18
3923 27
3924 33
3925 12
3926 40
3927 76
3928 13
3929 12
3930 91
3931 15
3932 51
3933 23
3934 16
3935 68
3936 28
3937 14
3938 72
3939 12
3940 41
3941 42
3942 20
3943 5
3944 34
3945 27
3946 22
3947 10
3948 8
3949 4
3950 5
3951 6
3952 5
3953 1
3954 16
3955 9
3956 3
3957 2
3958 8
3959 8
3960 17
3961 20
3962 8
3963 20
3964 13
3965 2
3966 33
3967 1
3968 12
3969 7
3970 28
3971 6
3972 8
3973 23
3974 10
3975 24
3976 6
3977 3
3978 7
3979 11
3980 12
3981 13
3982 10
3983 6
3984 15
3985 12
3986 9
3987 42
3988 7
3989 2
3990 6
3991 4
3992 19
3993 4
3994 15
3995 61
3996 4
3997 5
3998 5
3999 14
4000 3
4001 13
4002 29
4003 4
4004 11
4005 5
4006 48
4007 48
4008 25
4009 1
4010 3
4011 10
4012 6
4013 16
4014 73
4015 33
4016 9
4017 5
4018 4
4019 22
4020 13
4021 23
4022 3
4023 38
4024 13
4025 22
4026 2
4027 13
4028 1
4029 9
4030 1
4031 13
4032 3
4033 5
4034 17
4035 17
4036 14
4038 5
4039 8
4040 4
4041 17
4042 3
4043 4
4044 3
4045 3
4046 8
4047 55
4048 2
4049 76
4050 25
4051 16
4052 30
4053 12
4054 1
4055 44
4056 5
4057 45
4058 24
4059 4
4060 18
4061 43
4062 4
4063 12
4064 7
4065 6
4066 6
4067 3
4068 3
4069 2
4070 6
4071 6
4072 8
4073 2
4074 5
4075 5
4076 38
4077 4
4078 21
4079 13
4080 3
4081 4
4082 6
4083 9
4084 7
4085 7
4086 3
4087 12
4088 6
4089 2
4090 5
4091 2
4092 7
4093 7
4094 3
4095 3
4096 4
4097 13
4098 9
4099 2
4100 9
4101 12
4102 3
4103 2
4104 7
4105 6
4106 2
4107 11
4108 3
4109 3
4110 2
4111 9
4112 4
4113 17
4114 4
4115 3
4116 11
4117 2
4118 3
4119 15
4120 8
4121 14
4122 3
4123 13
4124 1
4125 19
4126 3
4127 1
4128 3
4129 5
4130 2
4131 11
4132 4
4133 6
4134 11
4135 8
4136 3
4137 10
4138 6
4139 1
4140 8
4141 18
4142 2
4143 4
4144 7
4145 12
4146 6
4147 3
4148 9
4149 2
4150 13
4151 6
4152 10
4153 2
4154 3
4155 14
4156 10
4157 8
4158 5
4159 6
4160 12
4161 6
4162 2
4163 2
4164 19
4165 1
4166 28
4167 11
4168 13
4169 3
4170 4
4171 14
4172 1
4173 9
4174 149
4175 7
4176 12
4177 8
4178 15
4179 5
4180 9
4181 7
4182 1
4183 5
4184 9
4185 2
4186 46
4187 5
4188 10
4189 234
4190 2
4191 19
4192 9
4193 36
4194 7
4195 27
4196 47
4197 7
4198 21
4199 9
4200 20
4201 11
4202 16
4203 41
4204 31
4205 9
4206 7
4207 51
4208 20
4209 70
4210 23
4211 5
4212 24
4213 44
4214 15
4215 8
4216 14
4217 10
4218 8
4219 15
4220 7
4221 6
4222 5
4223 9
4224 34
4225 20
4226 4
4227 16
4228 10
4229 2
4230 32
4231 6
4232 2
4233 2
4234 1
4235 2
4236 3
4237 27
4238 3
4239 31
4240 23
4241 30
4242 5
4243 3
4244 14
4245 79
4246 52
4247 17
4248 20
4249 3
4250 40
4251 14
4252 10
4253 20
4254 34
4255 10
4256 13
4257 32
4258 13
4259 2
4260 30
4261 12
4262 50
4263 33
4264 12
4265 58
4266 7
4267 90
4268 7
4269 8
4270 4
4271 7
4272 8
4273 12
4274 14
4275 45
4276 66
4277 18
4278 29
4279 82
4280 19
4281 24
4282 10
4283 74
4284 59
4285 15
4286 25
4287 6
4288 8
4289 10
4290 6
4291 12
4292 8
4293 26
4294 23
4295 12
4296 9
4297 28
4298 22
4299 27
4300 23
4301 1
4302 33
4303 15
4304 8
4305 22
4306 24
4307 33
4308 3
4309 1
4310 8
4311 5
4312 6
4313 6
4314 5
4315 1
4316 3
4317 9
4318 4
4319 2
4320 21
4321 4
4322 3
4323 31
4324 4
4325 1
4326 4
4327 2
4328 4
4329 11
4330 5
4331 7
4332 1
4333 4
4334 2
4335 2
4336 8
4337 7
4338 6
4339 3
4340 4
4341 2
4342 3
4343 2
4344 4
4345 11
4346 10
4347 4
4348 6
4349 2
4350 3
4351 1
4352 1
4353 3
4354 6
4355 3
4356 4
4357 3
4358 17
4359 2
4360 6
4361 9
4362 6
4363 6
4364 4
4365 3
4366 4
4367 2
4368 3
4369 4
4370 11
4371 9
4372 13
4373 2
4374 1
4375 5
4376 4
4377 12
4378 12
4379 4
4380 4
4381 6
4382 1
4383 3
4384 4
4385 8
4386 6
4387 9
4388 1
4389 2
4390 1
4391 10
4392 2
4393 3
4394 1
4395 7
4396 9
4397 7
4398 4
4399 2
4400 1
4401 4
4402 3
4403 9
4404 3
4405 6
4406 3
4407 5
4408 6
4409 3
4410 3
4411 2
4412 14
4413 28
4414 2
4415 4
4416 2
4417 9
4418 4
4419 13
4420 5
4421 4
4422 4
4423 3
4424 2
4425 2
4426 7
4427 2
4428 6
4429 2
4430 3
4431 2
4432 1
4433 6
4434 5
4435 9
4436 1
4437 3
4438 1
4439 2
4440 1
4441 4
4442 2
4443 4
4444 5
4445 2
4446 6
4447 2
4448 4
4449 3
4450 9
4451 14
4452 8
4453 25
4454 1
4455 2
4456 3
4457 2
4458 2
4459 1
4460 3
4461 3
4462 8
4463 2
4464 3
4465 3
4466 2
4467 2
4468 6
4469 20
4470 1
4471 12
4472 4
4473 2
4474 4
4475 2
4476 1
4477 3
4478 7
4479 12
4481 1
4482 6
4483 1
4484 1
4486 5
4487 3
4488 3
4489 7
4490 3
4491 1
4492 2
4493 4
4494 3
4495 4
4496 4
4497 5
4498 5
4499 2
4500 1
4501 1
4502 11
4503 8
4504 1
4505 3
4506 4
4507 3
4508 14
4509 4
4510 5
4511 5
4512 1
4513 3
4514 11
4515 4
4516 8
4517 4
4518 5
4519 4
4520 3
4521 2
4522 5
4523 3
4524 5
4525 7
4526 2
4527 9
4528 2
4529 3
4530 2
4531 1
4532 3
4533 7
4534 2
4535 8
4536 13
4537 1
4538 1
4539 5
4540 1
4541 1
4542 5
4543 12
4544 8
4545 6
4546 11
4547 4
4548 27
4549 3
4550 2
4551 3
4552 2
4553 5
4554 42
4555 13
4556 6
4557 8
4558 3
4559 9
4560 9
4561 10
4562 3
4563 7
4564 3
4565 3
4566 7
4567 3
4568 2
4569 1
4570 9
4571 8
4572 4
4573 2
4574 2
4575 2
4576 2
4577 5
4578 6
4579 11
4580 2
4581 14
4582 3
4583 6
4584 7
4585 20
4586 1
4587 3
4589 4
4590 2
4591 6
4592 4
4593 2
4594 4
4595 1
4596 8
4597 2
4598 4
4599 11
4600 10
4601 16
4602 6
4603 3
4604 2
4605 6
4606 7
4607 3
4608 5
4609 3
4610 3
4611 4
4612 1
4613 2
4614 4
4615 8
4616 3
4617 9
4618 16
4619 3
4620 11
4621 14
4622 7
4623 8
4624 6
4625 5
4626 2
4627 2
4628 8
4629 5
4630 11
4631 1
4632 1
4633 26
4635 2
4636 7
4637 3
4638 3
4639 2
4640 6
4641 3
4642 32
4643 7
4644 18
4645 1
4646 6
4647 10
4648 7
4649 1
4650 8
4651 12
4652 2
4653 5
4654 4
4655 4
4656 6
4657 3
4658 20
4659 5
4660 6
4661 9
4662 6
4663 1
4664 7
4665 2
4666 2
4668 2
4669 25
4670 16
4671 4
4672 9
4673 7
4674 2
4675 16
4676 8
4677 1
4678 7
4679 5
4680 9
4681 5
4682 16
4683 7
4684 4
4685 10
4686 2
4687 6
4688 1
4689 5
4690 2
4691 8
4692 3
4693 32
4694 4
4695 10
4696 3
4697 9
4698 13
4699 10
4700 76
4701 5
4702 4
4703 2
4704 28
4705 16
4706 9
4707 16
4708 10
4709 26
4710 15
4711 4
4712 14
4713 10
4714 4
4715 18
4716 33
4717 5
4718 17
4719 18
4720 20
4721 6
4722 15
4723 3
4724 26
4725 8
4726 24
4727 4
4728 9
4729 16
4730 21
4731 12
4732 11
4733 30
4734 10
4735 7
4736 16
4737 13
4738 11
4739 4
4740 4
4741 20
4742 22
4743 10
4744 14
4745 18
4746 18
4747 23
4748 15
4749 10
4750 112
4751 14
4752 7
4753 20
4754 27
4755 8
4756 18
4757 43
4758 22
4759 12
4760 5
4761 9
4762 16
4763 31
4764 26
4765 7
4766 22
4767 16
4768 20
4769 30
4770 19
4771 5
4772 8
4773 14
4774 5
4775 18
4776 29
4777 2
4778 18
4779 35
4780 7
4781 32
4782 3
4783 41
4784 17
4785 6
4786 50
4787 10
4788 6
4789 43
4790 15
4791 15
4792 14
4793 7
4794 12
4795 33
4796 1
4797 3
4798 1
4799 9
4800 54
4801 34
4802 46
4803 7
4804 64
4805 22
4806 7
4807 40
4808 1
4809 10
4810 53
4811 113
4812 10
4813 102
4814 5
4815 23
4816 41
4817 52
4818 11
4819 11
4820 31
4821 24
4822 3
4823 12
4824 10
4825 25
4826 33
4827 4
4828 5
4829 12
4830 4
4831 83
4832 30
4833 52
4834 30
4835 137
4836 88
4837 70
4838 75
4839 19
4840 6
4841 14
4842 81
4843 120
4844 110
4845 56
4846 4
4847 16
4848 66
4849 34
4850 86
4851 139
4852 53
4853 21
4854 14
4855 8
4856 17
4857 78
4858 38
4859 60
4860 4
4861 5
4862 60
4863 29
4864 26
4865 9
4866 64
4867 6
4868 52
4869 12
4870 8
4871 9
4872 54
4873 9
4874 30
4875 15
4876 39
4877 73
4878 6
4879 59
4880 44
4881 34
4882 75
4883 8
4884 14
4885 32
4886 7
4887 12
4888 12
4889 35
4890 102
4891 73
4892 17
4893 13
4894 7
4895 31
4896 31
4897 31
4898 8
4899 15
4900 47
4901 161
4902 4
4903 20
4905 7
4906 13
4907 18
4908 12
4909 2
4910 2
4911 8
4912 25
4913 44
4914 7
4915 48
4916 38
4917 20
4918 14
4919 25
4920 50
4921 9
4922 11
4923 6
4924 14
4925 18
4926 18
4927 2
4928 29
4929 15
4930 10
4931 15
4932 39
4933 12
4934 12
4935 16
4936 2
4937 7
4938 3
4939 4
4940 97
4941 9
4942 2
4943 6
4944 7
4945 12
4946 47
4947 5
4948 8
4949 4
4950 26
4951 15
4952 24
4953 2
4954 16
4955 5
4956 2
4957 35
4958 5
4959 8
4960 5
4961 1
4962 1
4963 18
4964 5
4965 3
4966 17
4967 4
4968 40
4969 10
4970 9
4971 12
4972 97
4973 12
4974 15
4975 1
4976 6
4977 2
4978 17
4979 21
4980 15
4981 25
4982 10
4983 9
4984 41
4985 7
4986 19
4987 5
4988 21
4989 14
4990 6
4991 29
4992 95
4993 5
4994 3
4995 19
4996 4
4997 4
4998 4
4999 20
5000 13
5001 19
5002 3
5003 11
5004 8
5005 15
5006 19
5007 94
5008 82
5009 17
5010 10
5011 12
5012 4
5013 7
5014 6
5015 3
5016 25
5017 13
5018 14
5019 26
5020 4
5021 6
5022 7
5023 5
5024 9
5025 3
5026 4
5027 11
5028 50
5029 10
5030 8
5031 3
5032 24
5033 5
5034 8
5035 6
5036 10
5037 10
5038 3
5039 13
5040 22
5041 3
5042 2
5043 11
5044 2
5045 27
5046 8
5047 9
5048 4
5049 9
5050 5
5051 4
5052 11
5053 33
5054 12
5055 5
5056 8
5057 21
5058 20
5059 5
5060 3
5061 5
5062 196
5063 3
5064 5
5065 53
5066 6
5067 6
5068 7
5069 10
5070 37
5071 19
5072 14
5073 3
5074 6
5075 34
5076 5
5077 24
5078 12
5079 9
5080 14
5081 13
5082 28
5083 4
5084 18
5085 5
5086 5
5087 4
5088 4
5089 20
5090 1
5091 1
5092 8
5093 10
5094 1
5095 11
5096 9
5097 6
5098 2
5099 5
5100 7
5101 8
5102 1
5103 5
5104 3
5105 2
5106 16
5107 5
5108 9
5109 14
5110 8
5111 17
5112 2
5113 18
5114 7
5115 12
5116 43
5117 10
5118 22
5119 31
5120 5
5121 5
5122 2
5123 14
5124 7
5125 4
5126 11
5127 59
5128 12
5129 29
5130 32
5131 31
5132 1
5133 5
5134 2
5135 3
5136 2
5137 17
5138 5
5139 6
5140 6
5141 7
5142 8
5143 4
5144 2
5145 3
5146 15
5147 10
5148 1
5149 4
5150 1
5151 7
5152 3
5153 7
5154 2
5155 2
5156 17
5157 2
5158 2
5159 4
5160 7
5161 10
5162 1
5163 7
5164 6
5165 9
5166 3
5167 3
5168 7
5169 1
5171 4
5172 9
5173 6
5174 5
5175 19
5176 80
5177 1
5178 4
5179 2
5180 7
5181 1
5182 2
5183 5
5184 1
5185 2
5186 5
5187 6
5188 24
5189 17
5190 11
5191 7
5192 5
5193 2
5194 5
5195 1
5196 20
5197 31
5198 75
5199 20
5200 9
5201 30
5202 2
5203 6
5204 16
5205 7
5206 11
5207 42
5208 16
5209 35
5210 9
5211 11
5212 3
5213 7
5214 6
5215 38
5216 21
5217 14
5218 11
5219 16
5220 30
5221 7
5222 3
5223 2
5224 11
5225 26
5226 4
5227 2
5228 7
5229 4
5230 3
5231 3
5232 14
5233 2
5234 1
5235 1
5236 7
5237 5
5238 4
5239 1
5240 10
5241 7
5242 7
5243 25
5244 2
5245 1
5246 2
5247 1
5248 22
5249 54
5250 5
5251 29
5252 74
5253 34
5254 15
5255 29
5256 3
5257 38
5258 45
5259 32
5260 25
5261 33
5262 5
5263 9
5264 23
5265 16
5266 15
5267 11
5268 9
5269 3
5270 8
5271 3
5272 4
5273 13
5274 5
5275 9
5276 2
5277 4
5278 17
5279 12
5280 3
5281 5
5282 10
5283 2
5284 5
5285 2
5286 19
5287 8
5288 2
5289 3
5290 5
5291 2
5292 1
5293 8
5294 19
5295 4
5296 3
5297 12
5298 2
5299 2
5300 25
5301 1
5302 5
5305 81
5306 24
5307 14
5308 14
5309 13
5310 28
5311 55
5312 7
5313 2
5314 19
5315 46
5316 68
5317 8
5318 6
5319 32
5320 15
5321 6
5322 7
5323 33
5324 3
5325 31
5326 7
5327 14
5328 16
5329 20
5330 28
5331 5
5332 14
5333 13
5334 7
5335 6
5336 6
5337 30
5338 42
5339 42
5340 4
5341 10
5342 33
5343 23
5344 39
5345 36
5346 1
5347 19
5348 1
5349 44
5350 20
5351 42
5352 7
5353 15
5354 1
5355 5
5356 11
5357 10
5358 27
5359 49
5360 17
5361 16
5362 12
5363 26
5364 27
5365 8
5366 2
5367 21
5368 6
5369 32
5370 85
5371 33
5372 42
5373 7
5374 33
5375 21
5376 14
5377 12
5378 7
5379 2
5380 3
5381 52
5382 1
5383 27
5384 6
5385 29
5386 35
5387 34
5388 47
5389 16
5390 2
5391 22
5392 1
5393 21
5394 19
5395 29
5396 30
5397 39
5398 3
5399 16
5400 13
5401 32
5402 10
5403 17
5404 2
5405 6
5406 6
5407 30
5408 22
5409 2
5410 2
5411 36
5412 2
5413 25
5414 30
5415 34
5416 43
5417 2
5418 2
5419 31
5420 46
5421 12
5422 4
5423 5
5424 93
5425 9
5426 10
5427 27
5428 10
5429 19
5430 13
5431 7
5432 3
5433 4
5434 31
5435 24
5436 5
5437 32
5438 12
5439 51
5440 2
5441 4
5442 5
5443 6
5444 9
5445 4
5446 1
5447 2
5448 3
5449 17
5450 7
5451 2
5452 1
5453 2
5454 11
5455 10
5456 42
5457 7
5458 12
5459 4
5460 4
5461 10
5462 11
5463 19
5464 1
5465 40
5466 12
5467 27
5468 43
5469 15
5470 11
5471 2
5472 11
5473 36
5474 3
5475 13
5476 5
5477 4
5478 2
5479 1
5480 32
5481 29
5482 31
5483 4
5484 41
5485 2
5486 4
5487 5
5488 4
5489 6
5490 5
5491 19
5492 4
5493 3
5494 9
5495 10
5496 1
5497 3
5498 1
5499 1
5500 2
5501 8
5502 3
5503 1
5504 10
5505 2
5506 3
5507 16
5508 8
5509 10
5510 5
5511 9
5512 5
5513 15
5514 11
5515 10
5516 20
5517 13
5518 8
5519 8
5520 9
5521 14
5522 17
5523 19
5524 22
5525 52
5526 20
5527 10
5528 4
5529 6
5530 5
5531 5
5532 41
5533 9
5534 3
5535 13
5536 4
5537 4
5538 3
5539 58
5540 39
5541 23
5542 2
5543 4
5544 33
5545 55
5546 14
5547 8
5548 41
5549 31
5550 9
5551 7
5552 1
5553 33
5554 47
5555 6
5556 17
5557 20
5558 9
5559 14
5560 11
5561 2
5562 4
5563 2
5564 34
5565 18
5566 9
5567 6
5568 7
5569 11
5570 8
5571 4
5572 1
5573 9
5574 10
5575 3
5576 2
5577 6
5578 1
5579 1
5580 9
5581 29
5582 5
5583 1
5584 3
5585 2
5586 21
5587 8
5588 5
5589 6
5590 15
5591 2
5592 11
5593 10
5594 5
5595 34
5596 66
5597 36
5598 3
5599 4
5600 2
5601 27
5602 2
5603 2
5604 17
5605 2
5606 8
5607 1
5608 2
5609 6
5610 11
5611 12
5612 5
5613 3
5614 19
5615 2
5616 23
5617 3
5618 3
5619 4
5620 4
5621 5
5622 20
5623 5
5624 6
5625 22
5626 1
5627 4
5628 5
5629 1
5630 7
5631 3
5632 2
5633 1
5634 3
5635 2
5636 28
5637 2
5638 3
5639 6
5640 2
5641 3
5642 1
5643 1
5644 1
5645 6
5646 3
5647 1
5648 14
5649 19
5650 5
5651 23
5652 6
5653 22
5654 2
5655 12
5656 35
5657 22
5658 11
5659 12
5660 21
5661 5
5662 2
5663 54
5664 8
5665 15
5666 22
5667 5
5668 37
5669 15
5670 9
5671 6
5672 3
5673 2
5674 5
5675 5
5676 1
5677 1
5678 10
5679 17
5680 7
5681 1
5682 1
5683 5
5684 3
5685 2
5686 2
5687 1
5688 5
5689 5
5690 10
5691 9
5692 28
5693 5
5694 5
5695 6
5696 1
5697 5
5698 3
5699 5
5700 9
5701 3
5702 3
5703 48
5704 2
5705 5
5706 1
5707 8
5708 14
5709 3
5710 13
5711 8
5712 10
5713 8
5714 8
5715 52
5716 13
5717 14
5718 6
5719 13
5720 17
5721 90
5722 15
5723 56
5724 24
5725 10
5726 14
5727 6
5728 6
5729 19
5730 3
5731 13
5732 15
5733 10
5734 13
5735 2
5736 24
5737 21
5738 6
5739 12
5740 4
5741 1
5742 26
5743 17
5744 5
5745 3
5746 12
5747 10
5748 22
5749 7
5750 22
5751 9
5752 29
5753 3
5754 5
5755 3
5756 3
5757 4
5758 2
5759 10
5760 19
5761 7
5762 25
5763 31
5764 29
5765 28
5766 10
5767 16
5768 7
5769 12
5770 8
5771 5
5772 12
5773 11
5774 30
5775 12
5776 14
5777 16
5778 110
5779 7
5780 12
5781 7
5782 3
5783 4
5784 9
5785 2
5786 1
5787 3
5788 5
5789 7
5790 5
5791 12
5792 2
5793 2
5794 4
5795 2
5796 7
5797 9
5798 4
5799 14
5800 4
5801 11
5802 3
5803 2
5804 5
5805 1
5806 2
5807 1
5808 10
5809 9
5810 3
5811 52
5812 12
5813 5
5814 4
5815 27
5816 8
5817 6
5818 4
5819 13
5820 10
5821 1
5822 3
5823 4
5824 2
5825 4
5826 1
5827 3
5828 2
5829 14
5830 7
5831 3
5832 14
5833 4
5834 8
5835 6
5836 7
5837 3
5838 4
5839 3
5840 6
5841 6
5842 2
5843 10
5844 5
5845 1
5846 26
5847 11
5848 5
5849 2
5850 4
5851 9
5852 7
5853 7
5854 37
5855 3
5856 2
5857 7
5858 1
5859 14
5860 5
5861 4
5862 8
5863 14
5864 9
5865 2
5866 6
5867 7
5868 7
5869 22
5871 5
5872 5
5873 8
5874 1
5875 3
5876 2
5877 8
5879 17
5880 3
5881 4
5882 36
5883 3
5884 3
5885 8
5886 2
5887 3
5888 28
5889 10
5890 1
5891 10
5892 36
5893 32
5894 18
5895 1
5896 21
5897 2
5898 2
5899 7
5900 15
5901 11
5902 20
5903 2
5904 10
5905 7
5906 3
5907 69
5908 18
5909 2
5910 6
5911 5
5912 5
5913 5
5914 8
5915 5
5916 2
5917 3
5918 3
5919 5
5920 2
5921 4
5922 1
5923 17
5924 10
5925 10
5926 8
5927 2
5928 9
5929 3
5930 1
5931 15
5932 2
5933 3
5934 2
5935 2
5936 3
5937 16
5938 3
5939 4
5940 37
5941 6
5942 3
5943 7
5944 2
5945 3
5946 3
5947 11
5948 20
5949 6
5950 6
5951 8
5952 3
5953 5
5954 7
5955 14
5956 3
5957 7
5958 6
5959 3
5960 3
5961 2
5963 3
5964 4
5965 13
5966 11
5967 18
5968 12
5969 6
5970 9
5971 7
5972 9
5973 35
5974 7
5975 24
5976 37
5977 8
5978 7
5979 7
5980 26
5981 8
5982 7
5983 3
5984 7
5985 5
5986 13
5987 14
5988 9
5989 4
5990 27
5991 3
5992 5
5993 5
5994 29
5995 4
5996 1
5997 15
5998 2
5999 10
6000 1
6001 15
6002 66
6003 3
6004 8
6005 1
6006 1
6007 5
6008 17
6009 9
6010 8
6011 10
6012 4
6013 1
6014 5
6015 14
6016 5
6017 8
6018 10
6019 6
6020 2
6022 2
6023 32
6024 1
6025 8
6026 10
6027 1
6028 3
6029 2
6030 1
6031 28
6032 9
6033 6
6034 10
6035 11
6036 5
6037 11
6038 57
6039 8
6040 4
6041 28
6042 5
6043 21
6044 23
6045 35
6046 16
6047 8
6048 6
6049 23
6050 14
6051 3
6052 10
6053 12
6054 1
6055 50
6056 5
6057 3
6058 13
6059 13
6060 11
6061 14
6062 6
6063 24
6064 11
6065 14
6066 7
6067 1
6068 21
6069 2
6070 49
6071 19
6072 7
6073 4
6074 14
6075 3
6076 5
6077 9
6078 13
6079 1
6080 18
6081 2
6082 1
6083 50
6084 10
6085 49
6086 6
6087 40
6088 4
6089 35
6090 19
6091 10
6092 25
6093 1
6094 5
6095 5
6096 18
6097 10
6098 9
6099 27
6100 14
6101 4
6102 6
6103 5
6104 11
6105 1
6106 1
6107 6
6108 8
6109 9
6110 5
6111 44
6112 8
6113 7
6114 5
6115 7
6116 11
6117 6
6118 3
6119 5
6120 8
6121 3
6122 17
6123 11
6124 8
6125 23
6126 22
6127 15
6128 14
6129 2
6130 4
6131 15
6132 2
6133 8
6134 3
6135 2
6136 12
6137 6
6138 24
6139 6
6140 2
6141 2
6142 2
6143 26
6144 34
6145 5
6146 2
6147 10
6148 10
6149 60
6150 2
6151 10
6152 7
6153 16
6154 5
6155 2
6156 14
6157 9
6158 14
6159 37
6160 3
6161 12
6162 20
6163 37
6164 21
6165 10
6166 8
6167 9
6168 1
6169 3
6170 5
6171 1
6172 34
6173 13
6174 24
6175 9
6176 28
6177 16
6178 11
6179 5
6180 7
6181 3
6182 14
6183 2
6184 6
6185 44
6186 9
6187 4
6188 15
6189 14
6190 7
6191 3
6192 12
6193 4
6194 2
6195 7
6196 4
6197 9
6198 6
6199 9
6200 5
6201 35
6202 5
6203 14
6204 5
6205 4
6206 14
6207 9
6208 9
6209 30
6210 20
6211 6
6212 3
6213 8
6214 5
6215 7
6216 10
6217 6
6218 1
6219 6
6220 8
6221 13
6222 21
6223 8
6224 17
6225 7
6226 19
6227 24
6228 6
6229 11
6230 9
6231 2
6232 5
6233 6
6234 19
6235 43
6236 10
6237 20
6238 2
6239 2
6240 2
6241 4
6242 2
6243 10
6244 5
6245 6
6246 4
6247 4
6248 2
6249 22
6250 7
6251 17
6252 12
6253 4
6254 13
6255 9
6256 20
6257 5
6258 10
6259 9
6260 15
6261 16
6262 8
6263 3
6264 1
6265 4
6266 8
6267 6
6268 6
6269 1
6270 5
6271 5
6272 4
6273 3
6274 1
6275 6
6276 9
6277 1
6278 4
6279 10
6280 3
6282 45
6283 10
6284 26
6285 1
6286 1
6287 6
6288 28
6289 21
6290 8
6291 3
6292 10
6293 18
6294 11
6295 12
6296 2
6297 9
6298 13
6299 4
6300 9
6301 5
6302 15
6303 2
6304 36
6305 1
6306 1
6307 2
6308 2
6309 13
6310 3
6311 14
6312 17
6313 13
6314 8
6315 1
6316 5
6317 2
6318 17
6319 43
6320 4
6321 12
6322 4
6323 5
6324 15
6325 2
6326 16
6327 6
6328 4
6329 7
6330 2
6331 13
6332 4
6333 2
6334 6
6335 2
6336 51
6337 5
6338 2
6339 7
6340 3
6341 7
6342 1
6343 21
6344 4
6345 4
6346 3
6347 13
6348 20
6349 8
6350 10
6351 4
6352 3
6353 2
6354 2
6355 2
6356 2
6357 4
6358 3
6359 2
6360 15
6361 1
6362 13
6363 11
6364 8
6365 5
6366 10
6367 11
6368 12
6369 9
6370 13
6371 3
6372 7
6373 4
6374 3
6375 18
6377 4
6378 5
6379 3
6380 3
6381 2
6382 7
6383 1
6384 13
6385 34
6386 7
6387 3
6388 12
6389 17
6390 27
6391 4
6392 9
6393 50
6394 2
6395 10
6396 6
6397 15
6398 8
6399 6
6400 11
6401 2
6402 5
6403 3
6404 8
6405 3
6406 12
6407 7
6408 1
6409 27
6410 8
6411 33
6412 13
6413 2
6414 5
6415 23
6416 18
6417 10
6418 14
6419 4
6420 1
6421 7
6422 2
6423 6
6424 6
6425 3
6426 4
6427 2
6428 2
6429 4
6430 5
6431 9
6432 8
6433 32
6434 13
6435 12
6436 13
6437 2
6438 27
6439 1
6440 3
6441 3
6442 5
6443 6
6444 6
6445 1
6446 3
6447 6
6448 10
6449 2
6450 1
6451 3
6452 3
6453 1
6454 12
6455 4
6456 4
6457 2
6458 1
6459 3
6460 7
6461 3
6462 6
6463 2
6464 3
6465 4
6466 4
6467 3
6468 1
6469 3
6470 1
6471 10
6472 11
6473 5
6474 9
6475 10
6476 9
6477 12
6478 3
6479 3
6480 9
6481 2
6482 2
6483 11
6484 6
6485 5
6486 1
6487 5
6488 1
6489 1
6490 2
6491 3
6492 2
6493 2
6494 6
6495 4
6496 2
6497 6
6498 8
6499 5
6500 3
6501 7
6502 3
6503 11
6504 1
6505 2
6506 3
6507 2
6508 4
6509 2
6510 2
6511 18
6512 2
6513 3
6514 3
6515 1
6516 4
6517 4
6518 15
6519 19
6520 4
6521 6
6522 13
6523 6
6524 5
6525 13
6526 6
6527 5
6528 11
6529 13
6530 1
6531 4
6532 9
6533 4
6534 6
6535 10
6536 6
6537 4
6538 20
6539 4
6540 4
6541 2
6542 4
6543 6
6544 10
6545 3
6546 1
6547 1
6548 24
6550 4
6551 1
6552 1
6553 7
6554 5
6555 2
6556 6
6557 6
6558 7
6559 31
6560 15
6561 8
6562 1
6563 1
6564 2
6565 2
6566 5
6567 3
6568 1
6569 1
6570 2
6571 1
6572 2
6573 5
6574 5
6575 9
6576 6
6577 3
6578 5
6579 3
6580 6
6581 6
6582 11
6583 3
6584 6
6585 5
6586 4
6587 5
6588 5
6589 9
6590 7
6591 5
6592 7
6593 3
6594 1
6595 6
6596 1
6597 4
6599 4
6600 2
6601 3
6602 8
6603 5
6604 4
6605 3
6606 7
6607 2
6608 6
6609 12
6610 13
6611 5
6612 1
6613 4
6614 1
6615 1
6616 3
6617 1
6618 1
6619 13
6620 1
6621 6
6622 11
6623 2
6624 15
6625 4
6626 7
6627 4
6628 4
6629 6
6630 4
6631 14
6632 4
6633 7
6634 20
6635 3
6636 3
6637 1
6638 18
6639 21
6640 4
6641 2
6642 4
6643 2
6644 7
6645 1
6646 2
6647 1
6648 3
6649 7
6650 4
6651 5
6652 3
6653 2
6654 3
6655 3
6656 4
6657 10
6658 5
6659 18
6660 2
6661 16
6662 5
6663 6
6664 3
6665 2
6666 2
6667 1
6668 3
6669 26
6670 1
6671 4
6672 1
6673 23
6674 5
6675 2
6676 21
6677 2
6678 1
6679 2
6680 2
6681 16
6682 4
6683 2
6684 18
6685 14
6686 5
6687 3
6688 1
6689 16
6690 3
6691 7
6692 1
6693 7
6694 9
6695 2
6696 25
6697 29
6698 3
6699 6
6700 5
6701 19
6702 3
6703 18
6704 23
6705 1
6706 1
6707 1
6708 11
6709 26
6710 4
6711 3
6712 8
6713 6
6714 5
6715 1
6716 1
6717 2
6718 3
6719 1
6720 3
6721 2
6722 2
6723 12
6724 8
6725 15
6726 7
6727 4
6728 13
6729 23
6730 12
6731 1
6732 3
6733 5
6734 5
6735 19
6736 7
6737 15
6738 8
6739 3
6740 10
6741 4
6742 14
6743 11
6744 18
6745 9
6746 39
6747 15
6748 25
6749 12
6750 13
6751 4
6752 4
6753 12
6754 1
6755 3
6756 6
6757 9
6758 3
6759 1
6760 3
6761 4
6762 12
6763 25
6764 5
6765 40
6766 1
6767 21
6768 3
6769 12
6770 14
6771 3
6772 7
6773 5
6774 5
6775 11
6776 3
6777 4
6778 3
6779 5
6780 4
6781 6
6782 13
6783 1
6784 9
6785 11
6786 9
6787 18
6788 9
6789 20
6790 3
6791 6
6792 2
6793 6
6794 22
6795 7
6796 24
6797 13
6798 38
6799 21
6800 21
6801 2
6802 2
6803 2
6804 9
6805 10
6806 6
6807 2
6808 39
6809 5
6810 2
6811 2
6812 6
6813 5
6814 29
6815 2
6816 3
6817 6
6818 7
6819 19
6820 7
6821 11
6822 4
6823 1
6824 14
6825 11
6826 7
6827 13
6828 4
6829 3
6830 2
6831 19
6832 3
6833 3
6834 15
6835 15
6836 5
6837 12
6838 5
6839 2
6840 11
6841 1
6842 4
6843 5
6844 26
6845 2
6847 2
6848 5
6849 8
6850 10
6851 18
6852 3
6853 3
6854 11
6855 2
6856 5
6857 2
6858 1
6859 13
6860 7
6861 3
6862 2
6863 5
6864 2
6865 2
6866 2
6867 50
6868 2
6869 4
6870 2
6871 5
6872 6
6873 3
6874 4
6875 5
6876 7
6877 2
6878 3
6879 3
6880 2
6881 1
6882 9
6883 1
6884 2
6885 9
6886 7
6887 4
6888 3
6889 8
6890 10
6891 3
6892 10
6893 8
6894 12
6895 3
6896 5
6897 5
6898 4
6899 3
6900 4
6901 3
6902 26
6903 2
6904 12
6905 6
6906 6
6907 6
6908 2
6909 10
6910 3
6911 6
6912 3
6913 3
6914 1
6915 2
6916 2
6917 14
6918 1
6919 2
6920 1
6921 3
6922 2
6923 1
6924 12
6925 7
6926 3
6927 10
6928 10
6929 8
6930 20
6931 11
6932 6
6933 5
6934 10
6935 12
6936 3
6937 2
6938 4
6939 3
6940 2
6941 4
6942 4
6943 8
6944 1
6945 6
6946 4
6947 5
6948 3
6949 7
6950 7
6951 4
6952 2
6953 5
6954 8
6955 1
6956 3
6957 1
6958 5
6959 4
6960 8
6961 3
6962 4
6963 8
6964 1
6965 2
6966 7
6967 2
6968 1
6969 1
6970 2
6971 7
6972 1
6973 2
6974 1
6975 1
6976 1
6978 13
6979 1
6980 3
6981 8
6982 2
6983 1
6984 2
6985 19
6986 2
6987 8
6988 3
6989 1
6990 2
6991 8
6992 2
6993 2
6994 6
6995 9
6996 1
6997 12
6998 13
6999 14
7000 7
7001 11
7002 38
7003 36
7005 1
7006 3
7007 3
7008 22
7009 5
7010 9
7011 19
7012 29
7013 6
7014 7
7015 4
7016 4
7017 6
7018 20
7019 37
7020 1
7021 2
7022 1
7023 3
7024 10
7025 2
7026 9
7027 14
7028 5
7029 12
7030 1
7031 18
7032 6
7033 14
7034 7
7035 5
7036 5
7037 1
7038 1
7039 2
7040 1
7041 2
7042 3
7043 1
7044 6
7045 7
7046 6
7047 5
7048 1
7049 2
7050 3
7051 7
7052 2
7053 1
7054 18
7055 6
7056 4
7057 1
7058 1
7059 2
7060 5
7061 7
7062 1
7063 5
7064 7
7065 3
7066 5
7067 6
7068 5
7069 4
7070 2
7071 6
7072 6
7073 4
7074 1
7075 7
7076 11
7077 6
7078 3
7079 3
7080 7
7081 3
7082 3
7084 4
7085 11
7086 11
7087 9
7088 1
7089 3
7090 5
7091 16
7092 5
7093 4
7094 8
7095 4
7096 3
7097 1
7098 1
7099 2
7100 5
7101 2
7102 3
7103 7
7104 4
7105 2
7106 5
7107 2
7108 1
7109 2
7110 1
7112 3
7113 2
7114 3
7115 1
7116 4
7117 4
7119 6
7120 1
7121 3
7122 7
7123 10
7124 4
7125 9
7126 4
7127 7
7128 7
7129 2
7130 11
7131 3
7132 2
7133 3
7134 3
7135 4
7136 7
7137 7
7138 4
7139 2
7140 5
7141 1
7142 4
7143 3
7144 1
7145 3
7146 4
7147 3
7148 8
7149 1
7150 5
7151 2
7152 3
7153 1
7154 4
7155 2
7156 6
7157 2
7158 3
7160 1
7161 1
7162 2
7163 11
7164 2
7165 1
7166 8
7167 6
7168 8
7169 3
7170 1
7171 5
7172 2
7173 2
7174 9
7175 4
7176 1
7177 6
7178 2
7179 3
7180 2
7181 3
7182 1
7183 3
7184 1
7185 4
7186 1
7187 6
7188 1
7189 3
7190 1
7191 2
7192 8
7193 1
7194 5
7195 6
7196 1
7197 3
7198 2
7199 2
7200 5
7201 11
7202 1
7203 12
7204 2
7205 7
7206 7
7207 1
7208 1
7209 3
7210 5
7211 18
7212 6
7213 3
7214 1
7215 1
7216 5
7217 3
7218 10
7219 3
7220 1
7221 26
7222 4
7223 16
7224 4
7225 9
7226 6
7227 7
7228 2
7229 2
7230 2
7231 9
7232 1
7233 2
7234 4
7235 2
7236 5
7237 5
7238 2
7239 2
7240 4
7241 9
7242 4
7243 7
7244 4
7245 7
7246 9
7247 3
7248 12
7249 2
7250 2
7251 10
7252 1
7253 2
7254 11
7255 5
7256 1
7257 2
7258 6
7259 11
7260 8
7261 7
7262 12
7263 3
7264 3
7265 2
7266 1
7267 1
7268 7
7269 2
7270 7
7271 2
7272 2
7273 1
7274 4
7275 7
7276 1
7277 1
7278 1
7279 1
7280 5
7281 1
7282 2
7283 2
7284 4
7285 30
7286 1
7287 5
7288 12
7289 4
7290 1
7291 11
7292 1
7293 6
7294 2
7295 3
7296 4
7297 2
7298 2
7299 3
7300 24
7301 5
7302 2
7303 2
7304 1
7305 5
7306 11
7307 8
7308 4
7309 5
7310 2
7311 7
7312 2
7313 1
7314 2
7315 2
7316 1
7317 17
7318 16
7319 6
7320 1
7321 1
7322 12
7323 2
7324 2
7325 1
7326 2
7327 4
7328 5
7329 6
7330 4
7331 8
7333 1
7334 8
7335 7
7336 10
7337 12
7338 12
7339 4
7340 7
7341 2
7342 1
7343 2
7344 4
7345 1
7346 11
7347 12
7348 8
7349 5
7350 6
7351 2
7352 2
7353 1
7354 1
7355 8
7356 8
7357 4
7358 9
7359 5
7360 7
7361 2
7362 2
7363 9
7364 2
7365 7
7366 6
7367 6
7368 6
7369 4
7370 1
7371 2
7372 2
7373 2
7374 10
7375 2
7376 3
7377 5
7378 4
7379 5
7380 1
7381 3
7382 6
7383 8
7384 5
7385 2
7386 3
7387 3
7389 5
7390 2
7391 1
7392 8
7393 5
7394 2
7395 4
7396 3
7397 16
7398 2
7399 4
7400 5
7401 12
7402 2
7403 2
7404 1
7405 2
7406 2
7407 1
7408 2
7409 6
7410 1
7411 19
7412 3
7413 4
7414 1
7415 4
7416 4
7417 5
7418 2
7419 12
7420 13
7421 3
7422 6
7423 5
7424 3
7425 7
7426 2
7427 3
7428 7
7429 15
7431 2
7432 4
7433 8
7434 9
7435 6
7436 12
7437 3
7438 5
7439 4
7440 3
7441 14
7442 1
7443 3
7444 4
7445 1
7446 3
7447 3
7448 2
7449 7
7450 4
7451 6
7452 2
7453 4
7454 9
7455 6
7457 2
7458 10
7459 2
7460 9
7461 15
7462 6
7463 7
7464 7
7465 1
7466 12
7467 8
7468 3
7469 6
7470 1
7471 8
7472 3
7473 1
7474 3
7475 3
7476 9
7477 12
7478 2
7479 1
7480 2
7481 8
7482 1
7483 2
7484 8
7485 7
7486 9
7487 5
7488 2
7489 4
7490 3
7491 2
7492 2
7493 10
7494 1
7495 4
7496 2
7497 3
7498 9
7499 5
7500 5
7501 3
7502 5
7503 7
7504 3
7505 1
7506 3
7507 1
7508 2
7509 4
7510 9
7511 3
7512 6
7513 1
7514 5
7515 9
7516 3
7517 2
7518 6
7519 11
7520 2
7521 3
7522 1
7523 9
7524 12
7525 6
7526 3
7527 1
7528 2
7529 2
7530 3
7531 1
7532 8
7533 1
7534 5
7535 1
7536 2
7537 1
7538 2
7539 3
7540 9
7541 1
7542 1
7543 4
7544 2
7545 1
7546 3
7547 1
7548 2
7549 2
7551 3
7552 2
7553 2
7554 1
7556 2
7557 1
7558 1
7559 1
7560 3
7561 1
7562 3
7563 2
7564 1
7565 8
7566 1
7567 4
7568 1
7569 1
7570 2
7571 8
7572 5
7573 1
7574 5
7575 1
7576 2
7577 2
7578 11
7579 1
7580 4
7581 7
7582 1
7583 6
7584 2
7585 7
7586 3
7587 7
7588 1
7589 2
7590 4
7591 3
7592 3
7593 2
7594 2
7595 1
7596 3
7597 3
7598 3
7599 5
7600 1
7601 2
7602 2
7603 1
7604 2
7605 2
7606 3
7607 1
7608 1
7609 2
7610 4
7611 17
7612 14
7613 2
7614 14
7615 2
7616 1
7617 2
7618 2
7619 1
7620 1
7621 3
7622 2
7623 3
7624 2
7625 7
7626 5
7627 3
7628 3
7629 4
7630 2
7631 2
7632 2
7633 2
7634 1
7635 5
7636 3
7637 2
7638 1
7639 1
7640 1
7641 1
7642 3
7643 2
7644 1
7645 4
7646 2
7647 13
7648 3
7649 3
7650 3
7651 6
7652 5
7653 2
7654 2
7655 4
7656 4
7657 2
7658 8
7659 2
7660 6
7661 1
7662 3
7663 5
7664 2
7665 17
7666 4
7667 2
7668 21
7669 5
7670 6
7671 3
7672 3
7673 5
7674 23
7675 14
7676 15
7677 1
7678 3
7679 8
7680 6
7681 2
7682 3
7683 3
7684 1
7685 4
7686 1
7687 5
7688 2
7689 3
7690 3
7691 1
7692 1
7693 1
7694 1
7695 3
7696 1
7697 2
7698 3
7699 2
7700 3
7701 4
7702 13
7703 4
7704 2
7705 2
7706 3
7707 1
7708 3
7709 4
7710 6
7711 13
7712 2
7713 3
7714 7
7715 2
7716 10
7717 1
7718 2
7719 3
7720 3
7721 3
7722 5
7723 2
7724 2
7725 4
7726 3
7727 1
7728 2
7729 2
7730 2
7731 3
7732 1
7733 2
7734 2
7735 1
7736 2
7737 3
7738 1
7739 1
7740 2
7741 1
7742 2
7743 1
7744 1
7745 1
7746 1
7747 3
7748 1
7749 5
7750 2
7751 4
7752 3
7753 2
7754 2
7755 2
7756 2
7757 3
7758 2
7759 5
7760 11
7761 2
7762 1
7763 12
7765 3
7766 2
7767 1
7768 4
7769 2
7770 3
7771 4
7772 2
7773 11
7774 4
7775 3
7776 7
7777 5
7778 4
7779 1
7780 5
7781 6
7782 5
7783 3
7784 8
7785 6
7786 9
7787 6
7788 1
7789 1
7790 7
7791 7
7792 10
7793 4
7794 4
7795 6
7796 8
7797 2
7798 13
7799 3
7800 5
7801 3
7802 3
7803 3
7804 1
7805 2
7806 6
7807 1
7808 1
7809 2
7810 20
7811 4
7812 2
7813 9
7814 1
7815 2
7816 3
7817 3
7818 7
7819 3
7820 4
7821 1
7822 1
7823 4
7824 1
7825 5
7826 2
7827 3
7828 1
7829 2
7830 1
7831 2
7832 2
7833 8
7834 3
7835 3
7836 1
7837 1
7838 3
7839 2
7840 98
7841 1
7842 2
7843 5
7844 1
7845 6
7846 1
7847 1
7848 8
7849 1
7850 2
7851 8
7852 7
7853 4
7854 2
7855 5
7856 3
7857 2
7858 2
7859 3
7860 2
7861 1
7863 2
7864 5
7865 1
7866 1
7867 2
7868 10
7869 4
7870 4
7871 2
7872 1
7873 1
7874 1
7875 3
7876 3
7877 4
7878 6
7879 3
7880 14
7881 1
7882 10
7883 1
7884 1
7885 1
7886 2
7887 2
7888 4
7889 7
7890 1
7891 6
7892 2
7894 2
7895 8
7896 5
7897 4
7898 4
7899 12
7900 5
7901 16
7902 5
7903 5
7904 2
7905 5
7906 1
7907 3
7908 7
7909 4
7910 7
7911 1
7912 11
7913 4
7914 2
7915 5
7916 1
7917 2
7918 1
7919 2
7920 2
7921 3
7922 4
7923 2
7924 3
7925 4
7926 2
7927 1
7928 12
7929 4
7930 3
7931 2
7932 2
7933 5
7934 1
7935 1
7936 1
7937 3
7938 6
7939 2
7940 2
7941 1
7942 1
7943 3
7944 6
7945 2
7946 3
7947 1
7948 1
7949 2
7950 1
7951 3
7952 1
7953 4
7954 3
7955 4
7956 1
7957 2
7958 1
7959 5
7960 3
7961 3
7962 6
7963 1
7964 14
7965 2
7966 3
7967 4
7968 2
7969 6
7970 5
7971 4
7972 9
7973 3
7975 2
7976 2
7977 5
7978 3
7979 1
7980 10
7981 9
7982 2
7983 3
7984 3
7985 2
7986 8
7987 2
7988 2
7989 8
7990 1
7991 4
7992 4
7993 1
7994 1
7995 3
7996 9
7997 2
7998 2
7999 1
8000 2
8001 4
8002 10
8003 2
8004 2
8005 11
8006 6
8007 8
8008 1
8009 15
8010 1
8011 3
8012 5
8013 2
8014 2
8015 12
8016 7
8017 1
8018 3
8019 3
8020 1
8021 1
8022 2
8023 1
8024 2
8025 4
8026 1
8027 5
8028 1
8029 5
8030 5
8031 3
8032 1
8033 1
8034 3
8035 4
8036 2
8037 4
8038 3
8039 1
8040 9
8041 2
8042 2
8043 1
8044 3
8045 2
8046 2
8047 1
8048 4
8049 2
8050 3
8051 6
8052 5
8053 4
8054 1
8055 2
8056 3
8057 1
8058 4
8059 7
8060 4
8061 7
8062 1
8063 4
8064 1
8065 1
8066 1
8067 1
8068 7
8069 2
8070 2
8071 3
8072 2
8073 4
8074 1
8075 8
8076 1
8077 2
8078 1
8079 13
8080 2
8081 2
8082 1
8083 3
8084 5
8085 5
8086 5
8087 2
8088 1
8089 3
8090 21
8091 18
8092 10
8094 5
8095 4
8096 6
8098 1
8099 2
8100 1
8101 1
8102 1
8103 3
8104 1
8105 1
8106 5
8107 3
8108 1
8109 2
8110 3
8111 1
8112 6
8113 1
8114 3
8115 3
8116 5
8117 2
8118 3
8119 2
8120 5
8121 2
8122 6
8123 3
8124 1
8125 2
8126 5
8127 7
8128 5
8129 1
8130 1
8131 4
8132 4
8133 2
8134 1
8135 7
8136 1
8137 3
8138 6
8139 3
8140 4
8142 1
8143 6
8144 3
8145 4
8146 3
8147 2
8148 2
8149 4
8150 4
8151 4
8152 3
8153 2
8154 1
8155 1
8156 2
8157 5
8158 3
8159 7
8160 7
8161 5
8162 3
8165 1
8166 2
8167 3
8168 6
8169 4
8170 2
8171 2
8172 3
8173 1
8174 1
8175 4
8176 6
8177 4
8178 1
8179 1
8180 1
8181 1
8182 5
8183 3
8184 2
8185 7
8186 2
8187 5
8188 12
8189 2
8190 2
8191 1
8192 3
8193 3
8194 2
8195 2
8196 2
8197 1
8198 3
8199 1
8200 5
8201 2
8202 1
8203 2
8204 3
8205 2
8206 4
8207 1
8208 5
8209 3
8210 3
8211 2
8212 3
8213 1
8214 2
8215 2
8216 1
8217 1
8218 1
8219 2
8220 1
8221 10
8222 2
8223 15
8224 2
8225 1
8226 3
8227 4
8228 4
8229 4
8230 2
8231 1
8232 1
8233 2
8234 2
8235 5
8236 4
8237 4
8238 3
8239 5
8240 3
8241 2
8242 1
8243 2
8244 3
8245 4
8246 9
8247 2
8248 1
8249 1
8250 4
8251 3
8252 5
8253 1
8254 1
8255 2
8256 1
8257 1
8258 1
8259 2
8260 4
8261 5
8262 2
8263 6
8264 2
8265 2
8266 6
8267 2
8268 3
8269 7
8270 7
8271 5
8272 5
8273 1
8274 1
8275 8
8276 2
8277 1
8278 7
8279 1
8280 2
8281 1
8282 1
8283 1
8285 1
8286 2
8287 5
8288 1
8289 3
8290 1
8291 2
8292 2
8293 1
8294 2
8295 2
8296 1
8297 5
8298 2
8299 2
8300 4
8301 2
8302 1
8303 1
8304 3
8305 1
8306 2
8307 2
8308 1
8309 1
8310 4
8311 2
8312 3
8313 2
8314 1
8315 3
8316 3
8317 4
8318 1
8319 4
8320 1
8321 2
8322 2
8323 4
8324 5
8325 3
8326 1
8327 6
8328 1
8329 1
8330 3
8331 4
8332 3
8333 3
8334 7
8335 1
8336 1
8337 2
8338 2
8339 2
8340 2
8341 2
8342 1
8343 2
8344 3
8345 2
8346 2
8347 1
8348 1
8349 5
8350 6
8351 3
8352 2
8353 6
8354 1
8355 3
8356 5
8357 4
8358 2
8359 2
8360 1
8361 1
8362 1
8363 1
8364 1
8365 1
8366 1
8367 2
8368 1
8369 1
8370 1
8371 3
8372 2
8373 2
8374 2
8375 5
8376 1
8377 9
8378 4
8379 1
8380 2
8381 4
8383 2
8384 6
8385 2
8387 3
8388 2
8389 8
8390 11
8391 3
8392 1
8393 2
8394 2
8395 1
8396 3
8397 3
8398 1
8399 1
8400 3
8401 1
8402 4
8403 5
8404 4
8405 2
8406 3
8407 4
8408 1
8409 1
8410 1
8411 1
8412 5
8413 1
8414 2
8415 1
8416 1
8418 1
8419 4
8420 1
8421 1
8422 1
8423 2
8424 3
8425 2
8426 1
8427 7
8428 2
8429 3
8430 1
8431 2
8432 4
8433 1
8434 4
8435 1
8436 5
8437 5
8438 2
8439 2
8440 2
8441 2
8442 1
8443 1
8444 4
8445 1
8446 7
8447 2
8448 2
8449 1
8450 1
8451 1
8452 1
8453 1
8454 2
8455 4
8456 1
8457 1
8458 1
8459 1
8460 2
8461 6
8462 1
8463 1
8464 2
8465 9
8466 2
8467 2
8468 1
8469 2
8470 5
8471 2
8472 3
8473 1
8474 4
8475 1
8476 5
8477 4
8478 1
8479 6
8480 5
8481 2
8482 1
8483 3
8484 2
8485 5
8486 2
8487 3
8488 5
8490 1
8491 4
8492 3
8493 2
8494 1
8495 8
8496 5
8497 1
8498 3
8499 2
8500 1
8501 2
8502 1
8503 2
8504 4
8505 3
8506 2
8507 1
8508 1
8509 3
8510 8
8511 1
8512 3
8513 2
8514 1
8515 3
8516 1
8517 4
8518 2
8519 3
8520 3
8521 1
8522 4
8523 5
8524 1
8525 1
8526 2
8527 3
8528 2
8529 2
8530 2
8531 2
8532 2
8533 3
8534 4
8535 5
8536 1
8537 1
8538 2
8539 1
8540 3
8541 2
8542 2
8543 4
8544 3
8545 4
8546 5
8547 6
8548 2
8549 4
8550 1
8551 1
8552 1
8553 5
8554 2
8555 2
8556 2
8557 1
8558 11
8559 1
8560 3
8561 1
8562 2
8563 4
8564 1
8565 5
8566 4
8567 3
8568 1
8569 1
8570 1
8571 4
8572 10
8573 2
8574 4
8575 1
8576 2
8577 1
8578 2
8579 1
8580 1
8581 10
8582 2
8584 3
8585 2
8586 1
8587 2
8588 1
8589 1
8590 5
8591 2
8592 2
8593 1
8594 2
8595 1
8596 4
8597 2
8598 6
8599 6
8600 1
8601 1
8602 1
8603 2
8604 2
8605 1
8606 2
8607 1
8608 1
8609 4
8610 1
8611 3
8612 7
8613 4
8614 1
8615 4
8616 2
8617 1
8618 1
8619 3
8620 5
8621 3
8622 2
8623 2
8624 2
8625 4
8626 2
8627 5
8628 2
8630 2
8631 3
8632 5
8633 2
8634 1
8635 4
8636 3
8637 1
8638 1
8639 2
8640 2
8641 3
8642 1
8643 2
8644 2
8645 1
8646 2
8647 1
8648 6
8649 1
8650 1
8651 2
8652 3
8654 1
8655 2
8656 2
8657 4
8658 2
8659 2
8660 4
8661 5
8662 5
8663 1
8664 1
8665 1
8666 1
8667 1
8668 3
8669 4
8670 2
8671 3
8672 2
8673 1
8674 2
8675 4
8676 1
8677 2
8678 2
8679 1
8681 1
8682 2
8683 2
8684 1
8685 1
8686 5
8687 1
8688 1
8689 2
8690 5
8691 4
8692 5
8693 3
8694 5
8695 6
8696 4
8697 1
8698 3
8699 1
8700 2
8701 2
8702 5
8703 4
8704 1
8705 1
8706 1
8707 7
8708 2
8709 1
8710 3
8711 2
8712 1
8713 1
8714 2
8715 1
8717 1
8718 1
8719 1
8720 1
8721 3
8722 2
8723 2
8724 3
8725 12
8726 3
8727 1
8728 3
8729 2
8730 1
8731 3
8732 2
8733 1
8734 1
8735 1
8736 2
8737 2
8738 2
8739 1
8740 2
8741 5
8743 4
8744 2
8745 1
8746 1
8747 3
8748 2
8749 2
8750 1
8751 1
8752 2
8753 2
8754 1
8755 1
8756 1
8757 1
8758 1
8759 3
8760 4
8761 1
8762 3
8763 2
8764 3
8765 1
8766 1
8767 2
8768 2
8769 1
8770 1
8771 1
8772 3
8773 4
8774 4
8775 4
8776 1
8777 4
8778 1
8779 3
8780 4
8781 1
8782 2
8783 2
8784 2
8785 1
8786 2
8787 2
8788 1
8789 1
8790 3
8791 1
8792 1
8793 2
8794 3
8795 1
8796 2
8797 3
8798 3
8800 1
8801 6
8802 1
8803 1
8804 1
8805 2
8806 2
8807 4
8808 3
8809 3
8810 1
8811 1
8812 3
8813 1
8814 2
8815 1
8816 1
8817 1
8818 1
8820 6
8821 1
8822 6
8823 2
8824 1
8825 1
8826 3
8827 1
8828 2
8829 8
8830 4
8831 3
8832 3
8833 1
8834 2
8835 1
8836 1
8837 3
8838 6
8839 4
8840 2
8841 1
8842 1
8843 1
8844 1
8845 2
8846 1
8847 2
8848 1
8849 2
8850 1
8851 6
8852 1
8853 3
8854 2
8855 3
8856 3
8857 1
8858 11
8859 2
8860 1
8861 1
8862 3
8863 3
8864 1
8865 2
8866 2
8867 1
8868 1
8869 1
8870 1
8871 3
8872 1
8873 1
8874 4
8876 9
8877 3
8879 4
8880 1
8881 1
8882 1
8883 2
8884 3
8885 1
8886 2
8887 1
8888 3
8889 1
8890 1
8891 1
8892 5
8893 3
8894 4
8895 3
8896 1
8898 3
8899 3
8901 1
8902 2
8903 6
8904 7
8905 1
8906 2
8907 1
8908 1
8909 1
8910 8
8911 3
8912 2
8913 1
8914 1
8915 3
8916 1
8917 1
8918 3
8919 3
8920 2
8921 1
8922 1
8923 6
8924 2
8925 4
8926 2
8927 1
8928 5
8929 1
8930 1
8931 1
8932 2
8933 1
8934 1
8935 1
8936 1
8937 2
8938 1
8939 1
8940 2
8941 2
8942 8
8943 1
8944 2
8945 3
8946 4
8947 3
8948 2
8949 3
8951 4
8952 2
8953 1
8954 1
8955 6
8956 4
8957 5
8958 2
8960 2
8961 1
8962 1
8963 3
8964 2
8965 4
8966 4
8967 4
8968 14
8969 1
8970 1
8971 1
8972 3
8973 5
8974 4
8975 1
8976 2
8977 1
8978 1
8979 1
8980 4
8981 1
8982 4
8983 2
8984 2
8985 1
8986 4
8987 3
8988 4
8989 1
8990 2
8991 2
8992 3
8993 2
8994 1
8995 2
8996 1
8997 2
8998 1
8999 1
9000 1
9002 2
9003 2
9004 1
9005 2
9006 1
9007 1
9008 1
9009 2
9010 1
9011 1
9012 1
9013 2
9014 1
9015 1
9016 2
9017 2
9018 2
9019 1
9021 1
9022 1
9023 6
9024 2
9025 1
9026 2
9027 2
9028 2
9029 3
9030 2
9031 1
9033 2
9034 1
9035 2
9036 2
9037 2
9038 2
9039 3
9040 1
9042 1
9043 1
9044 1
9045 5
9047 1
9048 7
9049 5
9050 3
9051 3
9052 4
9053 2
9054 2
9055 1
9056 1
9057 2
9058 3
9059 7
9060 1
9061 1
9062 1
9063 1
9064 1
9065 2
9066 2
9067 1
9068 1
9070 3
9071 1
9072 3
9073 2
9075 6
9076 1
9077 1
9078 3
9079 9
9080 1
9081 1
9082 2
9083 1
9084 1
9086 4
9087 1
9088 5
9089 2
9090 3
9091 2
9092 2
9093 1
9094 2
9095 2
9096 1
9097 2
9098 2
9099 1
9100 2
9101 1
9103 2
9104 4
9105 1
9106 2
9107 1
9108 2
9109 4
9110 2
9111 1
9112 6
9113 1
9114 3
9115 5
9116 4
9117 3
9118 2
9119 1
9120 1
9121 3
9122 4
9123 1
9124 3
9125 3
9126 7
9127 5
9128 5
9129 4
9130 1
9131 1
9132 1
9134 2
9135 1
9136 2
9137 1
9138 2
9139 2
9140 2
9141 1
9142 1
9143 1
9144 2
9145 1
9146 1
9147 3
9148 1
9149 3
9150 1
9151 2
9152 1
9153 1
9155 1
9156 2
9157 1
9158 1
9159 1
9160 3
9161 1
9162 2
9163 4
9164 2
9165 1
9166 1
9167 3
9168 2
9169 2
9170 3
9171 3
9172 2
9173 3
9174 1
9175 2
9176 3
9177 3
9178 1
9179 2
9180 1
9181 2
9182 1
9183 7
9184 2
9185 8
9186 1
9187 1
9188 1
9189 1
9190 1
9191 1
9192 2
9193 3
9194 1
9195 1
9196 2
9197 1
9198 2
9199 1
9200 1
9201 1
9202 1
9203 2
9204 2
9205 1
9206 2
9207 5
9208 1
9209 1
9210 4
9212 2
9214 5
9215 1
9216 2
9217 2
9218 2
9219 1
9220 2
9221 1
9222 1
9223 1
9224 3
9225 2
9226 2
9227 1
9228 2
9230 2
9231 3
9232 2
9233 1
9234 1
9235 1
9236 1
9237 3
9238 2
9239 3
9240 1
9241 1
9242 1
9243 3
9244 3
9245 1
9246 1
9247 1
9248 1
9249 2
9250 4
9251 3
9252 1
9253 2
9254 1
9255 1
9256 1
9257 2
9258 1
9259 1
9260 1
9261 1
9262 1
9263 1
9264 5
9265 3
9268 2
9269 2
9270 2
9271 1
9272 1
9273 3
9274 1
9275 1
9276 6
9277 2
9278 1
9279 1
9280 1
9281 2
9282 3
9283 3
9284 3
9285 1
9286 4
9287 1
9288 2
9289 1
9290 4
9291 1
9292 5
9293 3
9294 2
9295 1
9296 1
9297 1
9298 3
9299 1
9300 1
9301 1
9302 1
9303 2
9304 2
9305 2
9306 1
9307 1
9308 2
9309 3
9310 3
9311 1
9312 3
9313 1
9314 2
9315 2
9316 2
9317 2
9318 1
9319 4
9320 2
9321 1
9322 3
9323 1
9324 1
9325 2
9326 2
9327 1
9328 1
9329 1
9330 3
9331 1
9332 2
9333 1
9335 2
9336 2
9337 2
9338 2
9339 1
9340 1
9341 2
9342 1
9343 1
9344 3
9345 1
9346 1
9347 4
9348 5
9349 2
9350 2
9351 1
9352 1
9353 4
9354 1
9355 2
9356 1
9357 2
9358 3
9359 1
9360 2
9361 1
9362 1
9364 5
9365 5
9366 1
9367 1
9368 1
9369 1
9370 1
9371 2
9372 1
9373 1
9374 2
9375 1
9376 1
9377 1
9378 3
9379 2
9380 2
9381 2
9382 2
9383 2
9385 1
9387 3
9389 2
9390 2
9391 1
9392 2
9393 1
9394 2
9395 1
9396 1
9397 1
9398 2
9399 1
9401 2
9402 1
9403 3
9404 3
9406 3
9407 3
9408 1
9409 1
9410 1
9411 2
9412 2
9414 1
9415 1
9416 1
9417 1
9418 1
9419 1
9420 1
9421 3
9422 3
9423 2
9424 1
9425 2
9426 1
9427 1
9428 1
9429 2
9430 1
9431 1
9432 1
9433 1
9434 2
9435 1
9436 1
9437 2
9438 1
9439 1
9440 1
9441 1
9442 1
9444 5
9445 1
9446 1
9447 3
9448 3
9449 1
9450 3
9451 1
9452 1
9453 1
9454 2
9455 1
9456 1
9457 2
9459 8
9460 3
9461 2
9462 1
9463 2
9464 1
9465 1
9466 1
9467 1
9468 2
9469 2
9470 2
9471 1
9473 1
9474 1
9475 1
9476 1
9477 1
9478 1
9479 1
9480 1
9481 1
9482 3
9483 1
9484 1
9485 1
9486 4
9487 1
9488 1
9489 3
9490 1
9491 1
9492 1
9493 4
9494 1
9495 1
9496 1
9497 3
9498 2
9499 2
9500 1
9501 3
9502 1
9503 2
9504 1
9505 2
9506 1
9507 3
9508 5
9509 1
9510 4
9511 3
9512 1
9513 1
9514 4
9515 1
9516 1
9517 1
9518 1
9519 1
9520 2
9521 1
9522 1
9524 1
9525 2
9526 2
9528 3
9529 1
9530 3
9531 1
9533 1
9534 1
9536 1
9537 1
9538 2
9539 1
9540 2
9542 1
9543 1
9544 1
9545 1
9546 1
9547 1
9548 1
9549 1
9550 1
9551 1
9552 1
9553 1
9554 1
9555 1
9556 2
9557 1
9558 3
9559 1
9560 1
9562 1
9563 1
9564 2
9565 1
9566 3
9567 2
9568 3
9571 3
9572 3
9573 3
9574 1
9575 2
9576 1
9577 3
9578 1
9579 1
9580 1
9581 1
9582 1
9583 1
9584 3
9585 1
9586 2
9587 1
9588 1
9589 2
9590 1
9592 1
9593 3
9594 1
9595 1
9597 1
9598 1
9599 1
9600 1
9601 1
9602 2
9605 1
9606 1
9607 1
9608 1
9609 1
9610 1
9611 1
9612 1
9613 1
9614 1
9615 1
9616 1
9617 1
9618 1
9619 1
9620 2
9621 1
9622 1
9623 1
9624 1
9625 1
9626 2
9627 1
9628 2
9629 1
9630 1
9631 1
9632 1
9633 1
9634 1
9636 1
9637 1
9638 1
9639 1
9640 2
9641 1
9642 1
9643 1
9644 1
9645 1
9646 1
9647 1
9648 1
9649 2
9651 1
9652 1
9653 1
9654 1
9655 1
9656 1
9657 2
9658 1
9659 2
9660 2
9661 1
9662 1
9663 1
9664 1
9665 1
9666 1
9667 1
9669 1
9670 2
9672 1
9673 1
9674 1
9675 2
9676 2
9677 1
9678 4
9679 2
9680 1
9681 1
9682 1
9683 1
9684 1
9685 1
9686 1
9687 1
9688 1
9689 1
9690 2
9691 1
9692 1
9693 1
9694 1
9695 1
9696 2
9698 1
9699 2
9700 2
9701 1
9702 1
9703 2
9704 1
9705 2
9706 1
9707 1
9708 1
9709 1
9711 1
9712 1
9713 1
9714 1
9715 1
9716 1
9717 1
9718 1
9719 1
9720 1
9721 1
9722 1
9723 1
9724 1
9725 2
9726 1
9727 2
9728 1
9729 1
9730 1
9731 1
9732 1
9733 2
9734 1
9735 1
9736 1
9737 1
9738 1
9739 1
9741 1
9742 1
9743 1
9744 1
9745 1
9746 2
9747 1
9748 1
9749 1
9750 1
9751 1
9752 1
9753 1
9754 2
9755 1
9756 1
9757 1
9758 4
9759 1
9760 1
9761 2
9762 1
9763 1
9764 1
9765 1
9766 1
9767 1
9768 1
9769 2
9771 1
9772 1
9773 1
9774 1
9775 1
9776 2
9777 2
9778 1
9779 1
9780 1
9781 1
9782 2
9783 1
9784 1
9785 1
9786 1
9788 1
9789 1
9790 1
9792 1
9793 1
9794 1
9795 1
9797 1
9798 1
9799 1
9800 1
9801 1
9802 1
9803 2
9805 2
9806 1
9807 1
9808 1
9810 1
9812 1
9813 4
9814 1
9815 1
9816 1
9817 1
9818 2
9819 1
9820 2
9821 1
9822 1
9823 2
9824 1
9825 2
9826 1
9827 1
9828 1
9829 1
9830 1
9831 1
9832 2
9833 3
9834 1
9836 1
9837 1
9838 2
9839 1
9841 2
9842 1
9843 1
9844 1
9845 3
9846 1
9847 1
9848 1
9849 1
9850 1
9851 2
9852 2
9854 1
9855 1
9856 5
9857 3
9858 2
9859 3
9860 1
9861 1
9862 1
9863 2
9865 3
9866 1
9867 1
9868 2
9869 1
9870 1
9872 1
9873 1
9874 1
9875 3
9876 1
9877 1
9878 1
9879 1
9880 1
9882 1
9883 1
9884 1
9885 1
9886 1
9887 1
9888 1
9889 1
9891 1
9892 1
9893 2
9894 1
9895 1
9896 1
9897 1
9898 1
9899 1
9900 1
9901 1
9902 1
9903 1
9904 1
9905 1
9906 1
9907 1
9908 3
9909 1
9910 1
9911 1
9912 1
9913 1
9914 1
9915 1
9916 1
9918 1
9919 1
9920 1
9923 1
9925 1
9926 1
9927 1
9928 1
9929 1
9930 1
9931 1
9932 1
9933 1
9936 1
9937 1
9938 1
9939 1
9940 1
9941 1
9942 1
9943 1
9944 1
9945 1
9947 1
9948 1
9949 1
9950 1
9951 1
9952 1
9953 2
9954 1
9956 1
9957 1
9958 1
9959 1
9960 1
9961 1
9962 1
9963 1
9964 1
9965 1
9966 1
9967 1
9968 1
9969 1
9970 1
9971 2
9972 1
9973 1
9974 1
9975 1
9976 1
9977 1
9978 1
9979 1
9980 1
9981 1
9982 1
9983 1
9984 1
