0 4
1 16
2 48
3 34
4 25
5 24
6 29
7 30
8 28
9 23
10 2
12 28
13 1
14 8
15 16
16 5
17 31
18 30
21 13
22 79
23 17
24 18
25 2315
26 9
27 9
28 20
29 8
30 15
31 67
32 13
33 16
34 15
35 13
36 304
37 5
38 6
40 19
41 21
42 4
43 4
44 4
45 5
46 5
48 3
49 7
50 16
51 16
53 12
54 25
55 20
57 11
58 5
59 8
60 5
61 7
62 7
63 4
64 227
65 9
66 14
67 9
68 5
70 16
71 308
72 13
73 11
74 15
75 10
76 81
77 37
78 6
79 9
80 6
81 6
82 14
83 10
84 4
85 6
86 21
87 9
88 52
89 36
90 8
91 17
92 19
93 13
94 31
95 15
96 24
97 19
98 9
99 8
100 5
101 270
102 5
103 14
104 12
105 49
106 5
107 54
108 133
109 7
110 7
111 246
112 13
113 13
114 15
115 23
116 6
117 9
118 10
119 25
120 11
121 19
122 23
123 6
124 11
126 3
127 5
128 9
129 4
130 4
131 4
132 23
133 8
134 55
135 12
136 4
137 12
138 2
140 6
141 3
142 7
144 17
146 3
147 12
150 58
152 9
154 8
155 11
157 21
159 8
161 7
162 4
164 5
165 4
168 9
170 14
171 9
172 18
173 4
175 5
177 19
179 33
180 6
181 7
182 10
183 4
185 9
187 4
190 3
193 6
194 16
195 3
196 17
197 13
198 6
199 9
201 11
203 1
204 6
205 23
206 8
207 3
208 4
209 4
211 9
212 3
214 5
215 5
217 8
218 5
221 5
222 7
223 4
224 8
225 5
226 9
228 11
229 22
230 9
231 22
234 8
235 27
236 8
238 3
240 7
241 9
242 8
243 7
245 5
246 5
247 5
248 34
250 5
251 7
252 5
253 41
254 6
256 7
257 10
258 4
259 17
262 7
263 20
264 12
266 7
267 17
269 14
272 4
273 5
274 11
275 3
276 7
277 9
279 6
280 4
281 9
283 6
284 6
285 10
286 5
287 13
288 6
289 13
290 11
291 14
293 15
294 5
295 15
296 7
297 14
298 8
299 18
300 21
301 4
302 7
303 6
304 6
305 28
306 6
307 21
308 4
309 8
310 14
311 11
313 5
314 12
315 6
317 11
318 7
319 20
320 4
322 3
323 5
324 4
325 6
327 2
328 5
329 4
331 5
332 3
333 4
335 4
336 4
338 4
339 4
342 13
344 5
345 3
346 4
347 10
348 12
349 14
350 20
354 8
355 5
356 7
357 4
358 4
359 6
360 7
361 10
362 17
363 7
364 6
365 5
366 7
367 8
368 10
369 14
373 5
374 12
376 7
377 3
378 10
379 4
381 4
382 6
383 15
384 4
385 7
386 57
387 4
388 16
389 12
390 7
392 7
393 11
394 6
396 11
398 4
400 7
401 4
402 22
403 4
406 4
407 4
409 7
410 5
411 5
413 14
414 6
417 11
418 11
419 6
420 40
421 12
422 7
424 4
425 3
428 38
429 5
430 11
431 6
434 6
435 3
436 7
439 8
440 8
441 5
442 13
444 4
445 10
446 6
448 13
450 9
452 9
453 19
455 31
456 4
457 10
461 4
462 2
464 4
465 2
466 6
467 6
468 4
469 6
470 14
472 6
473 11
474 7
475 10
476 11
477 4
478 4
482 8
485 13
486 9
487 5
488 5
490 5
491 9
493 11
494 16
495 5
496 35
497 27
499 8
501 23
502 3
503 7
504 27
506 8
510 14
511 6
512 2
514 4
515 5
519 5
525 6
526 1
527 16
529 9
530 30
531 22
532 5
533 8
534 12
535 11
537 4
538 5
539 11
541 9
543 7
544 5
546 4
547 64
549 8
550 6
551 8
552 5
553 14
554 2
555 8
556 12
558 11
559 6
560 14
562 6
563 2
566 6
567 7
569 10
572 17
575 8
580 8
581 7
582 5
583 8
584 35
586 16
587 5
588 5
589 6
590 19
592 6
593 10
595 3
598 4
602 19
603 23
604 9
606 2
608 27
611 21
612 8
613 4
616 2
618 5
619 4
620 4
621 4
622 6
625 5
628 5
629 5
630 13
631 11
633 4
635 7
636 12
637 16
640 13
641 5
642 9
643 7
645 6
646 5
649 9
651 12
652 1
653 2
654 27
655 9
656 12
658 5
659 10
660 10
661 16
662 8
663 3
665 7
667 6
669 5
670 5
671 14
672 4
674 5
675 6
676 4
677 46
678 22
680 5
681 5
684 9
686 4
687 10
688 6
689 7
690 4
693 2
695 13
696 7
697 3
698 6
700 18
703 19
704 7
706 5
710 26
711 11
713 10
714 6
715 5
716 18
718 10
720 5
721 3
722 17
725 7
726 7
728 3
729 12
730 8
734 8
735 9
736 13
737 6
739 11
743 2
744 5
745 6
746 12
747 10
750 11
752 17
755 4
760 16
761 5
763 3
764 4
766 10
767 13
768 7
769 6
770 3
771 5
772 8
773 10
774 3
775 11
778 6
779 6
780 4
782 12
783 4
784 9
785 10
787 11
790 6
791 5
792 11
794 3
795 14
796 2
797 20
800 4
801 2
802 8
803 5
804 12
805 3
806 10
807 2
809 4
810 2
813 15
815 6
816 3
817 8
818 7
819 13
820 14
821 5
823 6
826 3
828 5
829 4
830 8
831 5
832 4
833 3
834 12
835 6
836 12
837 7
838 38
839 27
841 4
843 6
844 3
845 2
848 5
850 3
855 3
857 9
858 12
859 10
861 11
862 25
863 5
864 6
865 5
866 8
867 13
869 4
870 34
871 6
872 4
874 3
875 8
876 19
877 5
878 4
879 11
880 7
886 8
888 8
889 21
890 4
891 18
892 8
893 10
895 12
896 11
898 6
899 9
903 3
904 8
905 25
907 6
908 6
911 25
912 11
913 5
914 6
916 12
917 7
918 28
919 2
920 12
922 6
923 2
924 9
925 5
928 5
929 3
930 31
931 4
932 10
934 39
935 6
937 37
938 20
940 6
941 13
942 12
946 6
947 5
949 10
950 8
951 3
952 14
954 9
955 8
958 9
959 6
962 4
964 13
965 7
966 14
967 4
968 3
969 9
973 6
976 10
979 9
980 19
981 7
982 3
983 4
985 7
986 32
988 5
989 10
990 10
991 5
992 5
994 5
996 6
997 12
998 13
999 9
1000 8
1001 12
1002 4
1003 21
1004 3
1005 12
1006 5
1007 9
1008 11
1009 24
1010 6
1011 4
1013 15
1014 65
1017 4
1018 21
1019 8
1021 2
1022 4
1023 8
1024 5
1027 8
1028 4
1029 7
1030 4
1031 6
1032 18
1033 22
1034 13
1035 3
1036 4
1037 5
1039 16
1041 4
1042 10
1043 4
1044 36
1046 5
1049 4
1050 16
1051 5
1053 32
1055 26
1056 9
1059 12
1062 15
1063 3
1064 2
1065 3
1066 3
1067 10
1069 8
1072 30
1073 9
1074 10
1075 11
1076 7
1077 14
1078 33
1079 7
1080 3
1081 18
1082 6
1085 4
1086 10
1088 4
1090 12
1091 5
1092 2
1093 3
1094 13
1095 5
1096 4
1098 17
1101 12
1102 5
1103 6
1106 5
1107 5
1108 4
1109 21
1111 3
1113 4
1114 5
1115 4
1116 15
1117 2
1118 7
1119 3
1120 9
1124 11
1125 18
1126 28
1128 7
1129 14
1131 5
1132 2
1134 12
1136 15
1137 10
1138 20
1139 4
1140 19
1143 3
1144 13
1149 4
1151 6
1152 6
1153 17
1154 2
1156 4
1158 4
1160 4
1161 5
1162 22
1163 4
1165 5
1166 11
1167 13
1168 6
1170 4
1171 4
1172 5
1173 6
1176 4
1177 8
1178 4
1181 15
1182 5
1185 25
1186 18
1187 11
1188 3
1189 10
1190 11
1192 8
1193 7
1194 4
1195 3
1196 30
1198 15
1199 28
1201 5
1203 25
1204 3
1205 24
1206 12
1207 16
1208 4
1209 6
1210 79
1211 19
1212 4
1214 16
1215 4
1218 6
1219 7
1220 10
1222 9
1223 5
1224 6
1225 4
1229 44
1231 22
1232 7
1237 5
1238 11
1239 8
1240 21
1244 20
1247 3
1248 17
1249 4
1250 3
1251 6
1252 29
1253 18
1255 3
1256 6
1257 35
1259 11
1261 5
1265 12
1266 37
1267 3
1268 9
1269 7
1272 47
1273 7
1274 7
1276 9
1277 5
1278 37
1281 9
1282 4
1283 3
1285 4
1286 11
1287 4
1288 7
1289 9
1290 27
1291 3
1292 4
1294 7
1296 19
1301 6
1303 5
1304 9
1305 7
1307 7
1309 5
1310 4
1311 18
1312 7
1313 5
1315 19
1317 6
1321 14
1322 25
1325 9
1327 13
1329 3
1330 2
1331 5
1334 4
1335 4
1336 3
1339 6
1340 2
1341 9
1342 14
1343 3
1347 18
1349 3
1350 2
1351 10
1353 32
1355 15
1356 4
1359 5
1360 10
1361 69
1363 9
1364 12
1365 5
1366 11
1368 6
1369 9
1371 4
1372 4
1374 6
1376 5
1380 9
1382 12
1383 13
1384 6
1385 5
1388 4
1389 9
1391 4
1392 7
1394 9
1396 7
1397 11
1398 4
1399 14
1400 26
1401 6
1402 7
1403 7
1404 7
1405 4
1407 4
1408 6
1409 10
1410 3
1411 6
1413 26
1414 66
1415 5
1417 9
1418 7
1420 13
1421 4
1423 5
1424 4
1430 12
1431 4
1432 7
1433 4
1436 3
1437 17
1439 7
1441 9
1442 10
1443 6
1446 18
1447 7
1448 6
1449 6
1450 7
1451 6
1453 12
1454 16
1455 6
1456 4
1457 5
1458 10
1460 5
1462 12
1463 10
1464 2
1465 4
1468 3
1469 14
1470 4
1473 6
1475 11
1477 14
1480 3
1481 15
1483 4
1485 9
1486 6
1487 4
1488 2
1489 8
1490 5
1491 4
1493 10
1494 10
1495 27
1496 7
1497 5
1498 18
1500 4
1501 4
1502 4
1504 19
1506 18
1507 14
1508 5
1509 20
1510 59
1514 7
1515 6
1516 41
1517 4
1518 11
1519 5
1520 10
1521 15
1522 7
1523 5
1524 4
1525 16
1526 5
1527 11
1530 4
1531 15
1532 4
1533 4
1535 7
1538 3
1540 17
1542 20
1543 10
1545 11
1548 8
1549 3
1550 5
1551 2
1552 24
1554 13
1556 13
1558 3
1559 10
1560 5
1561 17
1563 13
1564 9
1565 13
1567 4
1569 11
1572 3
1573 5
1574 78
1575 13
1577 7
1579 3
1581 29
1582 4
1583 5
1585 3
1586 3
1587 7
1590 14
1591 4
1592 3
1595 9
1596 5
1598 11
1599 7
1600 15
1601 13
1602 11
1604 3
1606 7
1607 8
1608 22
1610 9
1611 4
1612 4
1615 8
1616 4
1617 12
1620 5
1621 6
1623 12
1625 14
1627 4
1629 20
1630 11
1631 6
1632 27
1634 17
1635 5
1636 4
1637 14
1638 15
1639 7
1640 7
1643 5
1644 16
1645 6
1646 11
1647 10
1648 2
1649 9
1650 15
1651 1
1653 11
1657 3
1659 5
1660 4
1661 11
1662 6
1664 7
1665 10
1666 7
1668 7
1669 43
1671 4
1672 12
1673 10
1674 4
1677 4
1680 3
1681 6
1682 6
1683 4
1686 4
1688 6
1690 9
1691 7
1692 14
1693 4
1694 9
1695 21
1696 3
1698 6
1699 7
1703 7
1704 6
1706 8
1708 5
1709 4
1710 6
1713 3
1715 14
1716 7
1717 3
1719 22
1720 5
1721 7
1722 10
1723 17
1724 6
1725 8
1726 3
1727 12
1728 14
1731 7
1733 6
1735 23
1737 3
1738 3
1741 5
1742 9
1743 4
1744 14
1745 8
1747 2
1748 9
1750 9
1752 6
1753 3
1755 5
1756 16
1757 3
1760 4
1761 16
1763 6
1764 6
1766 5
1767 30
1768 5
1770 13
1772 11
1773 11
1774 11
1776 8
1777 16
1779 6
1781 3
1782 5
1783 23
1784 3
1785 3
1786 6
1790 8
1791 2
1792 3
1794 6
1795 4
1796 4
1798 23
1799 2
1800 24
1802 21
1804 3
1806 20
1807 21
1808 7
1809 5
1811 8
1814 5
1816 9
1817 6
1818 5
1819 41
1820 14
1821 3
1822 3
1823 10
1824 3
1825 3
1826 17
1827 2
1828 4
1829 8
1830 7
1832 12
1836 24
1839 4
1840 8
1841 9
1842 24
1846 19
1847 4
1848 3
1851 17
1857 2
1859 4
1861 4
1863 15
1864 24
1865 9
1868 5
1869 3
1873 4
1874 10
1875 5
1876 24
1877 4
1878 7
1879 14
1882 6
1883 4
1884 6
1885 7
1888 8
1889 5
1891 11
1892 4
1893 5
1894 4
1895 4
1898 15
1900 8
1901 4
1904 4
1905 7
1906 5
1907 4
1909 12
1911 41
1913 3
1917 8
1918 3
1921 18
1922 9
1925 4
1926 4
1928 6
1929 9
1930 4
1931 6
1934 5
1935 13
1936 4
1938 4
1942 29
1944 7
1945 2
1946 6
1947 7
1948 5
1949 6
1950 5
1952 9
1953 5
1955 6
1957 7
1958 4
1960 3
1967 9
1968 6
1969 9
1971 6
1972 4
1973 4
1974 19
1975 5
1976 10
1981 11
1982 8
1983 14
1984 4
1985 20
1986 8
1987 5
1989 5
1990 17
1992 3
1993 42
1994 7
1995 3
1998 7
2001 16
2002 5
2004 6
2005 16
2006 13
2007 5
2011 10
2013 8
2014 5
2015 3
2016 4
2019 13
2021 13
2022 12
2023 14
2024 4
2025 8
2030 12
2031 10
2032 17
2033 3
2034 11
2035 3
2036 8
2037 4
2038 4
2039 4
2040 13
2041 30
2042 4
2044 9
2046 14
2048 8
2050 22
2052 2
2053 6
2056 28
2057 8
2058 7
2059 7
2060 5
2061 10
2065 9
2066 6
2068 6
2074 8
2078 3
2081 4
2082 5
2083 13
2084 14
2085 7
2087 5
2089 53
2090 9
2091 3
2092 10
2095 19
2097 42
2099 4
2101 12
2102 7
2104 17
2105 6
2106 10
2108 4
2109 14
2112 9
2113 11
2114 18
2115 6
2117 6
2118 5
2119 4
2120 9
2121 3
2123 8
2125 5
2126 7
2127 7
2129 5
2130 5
2131 7
2133 13
2135 7
2136 8
2138 7
2139 4
2140 15
2141 2
2143 20
2145 25
2146 5
2147 8
2149 7
2150 4
2152 5
2153 9
2154 11
2156 5
2157 5
2158 7
2160 16
2162 5
2164 13
2166 4
2167 5
2168 5
2169 5
2171 10
2176 5
2177 5
2179 15
2180 6
2181 3
2182 5
2190 13
2192 5
2197 8
2198 4
2199 6
2201 4
2203 21
2204 4
2206 6
2207 3
2209 2
2210 15
2212 11
2213 5
2214 7
2215 5
2217 18
2218 7
2219 12
2220 6
2221 6
2222 9
2224 6
2226 34
2228 16
2229 6
2230 8
2231 4
2232 5
2233 17
2234 19
2235 26
2237 5
2238 20
2242 19
2243 7
2244 24
2245 5
2246 4
2250 2
2251 7
2253 13
2254 11
2255 12
2257 4
2258 4
2259 6
2261 12
2262 4
2265 14
2266 10
2269 8
2270 2
2271 4
2273 4
2275 8
2278 4
2279 2
2280 4
2284 6
2285 6
2287 3
2289 13
2291 40
2292 8
2293 9
2295 4
2296 10
2298 6
2299 10
2302 18
2303 62
2304 11
2305 9
2306 4
2307 4
2308 13
2309 4
2311 4
2312 9
2313 15
2315 19
2316 2
2318 6
2321 17
2322 6
2323 8
2324 3
2325 5
2327 8
2328 8
2329 7
2332 13
2333 7
2335 11
2337 5
2338 16
2339 21
2341 4
2342 11
2343 6
2344 6
2346 14
2348 4
2352 3
2353 8
2355 11
2356 27
2357 3
2359 5
2360 6
2361 11
2362 3
2363 5
2364 7
2366 11
2367 4
2368 3
2370 9
2371 3
2372 7
2374 14
2375 4
2376 23
2378 5
2379 10
2380 10
2381 23
2382 23
2383 14
2385 5
2386 30
2387 17
2391 6
2392 4
2393 11
2394 5
2395 12
2399 6
2401 7
2402 5
2404 5
2405 6
2406 19
2407 4
2408 10
2409 5
2410 60
2412 14
2414 5
2415 7
2417 7
2418 23
2419 8
2420 5
2421 6
2423 9
2425 9
2427 4
2429 17
2430 6
2431 8
2432 3
2433 11
2434 37
2435 6
2436 4
2437 4
2438 6
2439 7
2440 15
2441 10
2442 3
2443 4
2444 31
2445 7
2446 5
2447 7
2448 4
2449 7
2451 11
2452 6
2453 9
2454 16
2455 3
2458 7
2459 7
2460 5
2461 13
2462 6
2463 13
2464 5
2466 7
2467 82
2468 20
2469 32
2470 8
2471 18
2473 7
2475 4
2476 14
2477 8
2478 6
2479 23
2480 5
2481 8
2482 4
2483 8
2484 19
2485 9
2486 7
2487 13
2488 3
2489 3
2490 5
2491 4
2492 4
2493 6
2494 8
2495 8
2496 4
2497 6
2498 21
2499 5
2500 13
2502 2
2505 17
2506 9
2507 7
2510 26
2511 8
2513 4
2514 5
2517 4
2519 9
2521 6
2522 8
2524 6
2526 3
2528 3
2530 5
2531 19
2532 6
2533 16
2534 1
2535 5
2536 10
2537 3
2541 14
2542 3
2543 6
2544 36
2545 12
2546 3
2549 7
2550 17
2551 3
2552 12
2553 14
2555 6
2556 9
2557 7
2558 3
2559 8
2561 6
2564 12
2565 8
2566 7
2569 6
2570 4
2571 4
2573 7
2574 13
2576 7
2579 13
2583 15
2584 26
2586 17
2587 5
2589 9
2590 5
2591 3
2592 10
2595 6
2596 8
2599 5
2601 2
2602 7
2603 5
2604 6
2605 4
2608 4
2609 5
2610 2
2611 10
2614 23
2615 15
2616 11
2618 13
2619 15
2620 5
2621 4
2622 10
2624 6
2625 6
2627 6
2628 10
2629 8
2632 7
2634 9
2635 11
2636 4
2637 5
2638 3
2640 15
2641 11
2642 4
2643 3
2646 5
2647 32
2650 5
2653 5
2654 4
2655 3
2658 3
2659 9
2660 6
2661 4
2664 22
2665 6
2668 5
2670 5
2671 9
2672 5
2674 5
2675 6
2676 17
2679 22
2680 33
2681 3
2682 4
2683 5
2684 2
2685 5
2687 11
2688 13
2689 8
2690 11
2691 12
2693 4
2694 8
2696 7
2697 4
2699 17
2700 13
2701 3
2702 4
2703 9
2706 6
2709 5
2713 18
2716 17
2717 5
2720 5
2721 8
2723 16
2724 8
2725 11
2726 12
2727 9
2729 6
2730 8
2731 13
2732 4
2734 5
2735 4
2736 6
2741 9
2742 8
2743 13
2744 7
2745 7
2746 17
2747 26
2748 4
2749 5
2753 4
2754 8
2757 3
2758 19
2759 8
2760 3
2761 6
2763 12
2764 2
2767 6
2771 4
2772 5
2773 5
2774 18
2775 4
2776 6
2777 4
2779 3
2780 5
2782 7
2784 4
2789 5
2790 6
2792 5
2793 9
2795 11
2796 6
2798 14
2802 29
2804 3
2806 4
2808 11
2811 3
2812 16
2813 11
2814 9
2818 17
2819 7
2820 5
2824 11
2825 5
2826 3
2827 4
2830 6
2831 19
2832 14
2833 4
2835 5
2836 5
2838 4
2839 10
2840 23
2841 10
2842 3
2844 8
2845 10
2846 4
2847 5
2848 10
2849 22
2850 7
2851 5
2852 3
2853 5
2854 10
2857 18
2859 16
2861 32
2862 6
2863 6
2864 7
2865 18
2866 5
2867 7
2868 6
2870 6
2873 15
2874 3
2876 40
2878 15
2881 15
2882 6
2884 4
2886 28
2887 5
2889 9
2890 22
2891 12
2892 6
2893 5
2894 5
2895 8
2896 20
2897 9
2901 17
2903 2
2904 10
2907 3
2908 12
2911 13
2912 13
2914 5
2915 11
2916 116
2917 3
2918 4
2919 12
2920 4
2921 10
2922 6
2923 9
2924 8
2925 10
2926 9
2927 3
2928 3
2931 8
2932 5
2933 19
2934 12
2935 7
2936 18
2938 27
2939 40
2940 3
2943 8
2944 5
2946 8
2948 3
2949 6
2951 8
2952 7
2953 6
2954 20
2955 4
2956 17
2957 8
2959 9
2960 8
2961 5
2962 7
2964 7
2966 12
2968 8
2970 3
2971 12
2972 8
2973 2
2974 13
2978 11
2979 4
2981 4
2982 14
2983 17
2984 7
2985 7
2987 13
2989 8
2990 1
2991 8
2993 6
2994 6
2996 9
2998 8
2999 7
3000 3
3001 4
3003 53
3004 15
3007 8
3008 5
3011 8
3013 6
3014 12
3016 17
3017 10
3018 7
3019 3
3020 7
3022 5
3023 17
3024 22
3025 5
3027 7
3028 9
3029 4
3030 7
3031 5
3032 5
3033 12
3034 4
3035 5
3036 9
3037 7
3038 9
3041 9
3044 10
3045 13
3047 6
3048 5
3049 6
3051 5
3052 3
3053 6
3056 3
3057 29
3058 26
3059 5
3061 7
3062 2
3063 8
3064 8
3065 13
3066 6
3067 7
3068 4
3069 4
3071 7
3072 8
3074 4
3075 6
3078 3
3079 9
3080 5
3081 21
3082 3
3083 2
3085 13
3086 6
3087 6
3088 5
3089 5
3091 10
3092 8
3094 4
3095 32
3096 32
3097 4
3098 8
3100 31
3101 8
3102 14
3104 11
3105 14
3106 4
3107 5
3108 3
3110 59
3111 4
3112 54
3113 45
3114 30
3115 38
3116 37
3117 85
3118 24
3119 22
3120 283
3121 22
3122 22
3123 14
3124 53
3125 5
3126 4
3127 10
3128 7
3129 17
3130 8
3133 43
3134 4
3136 11
3138 7
3139 7
3140 8
3141 29
3143 37
3144 9
3145 4
3146 2
3147 9
3149 4
3150 15
3152 6
3153 6
3155 14
3156 10
3158 2
3160 4
3161 6
3162 7
3164 14
3165 19
3166 4
3167 8
3168 19
3169 1
3172 47
3173 15
3174 18
3176 4
3178 11
3180 3
3181 2
3182 7
3183 3
3184 13
3185 9
3187 25
3189 20
3191 6
3192 4
3193 10
3194 7
3195 9
3196 14
3198 40
3199 6
3202 5
3203 6
3204 8
3205 5
3206 6
3207 10
3208 29
3209 7
3210 9
3211 10
3212 10
3213 7
3215 7
3216 9
3218 3
3219 4
3220 17
3221 4
3222 6
3224 5
3225 6
3226 4
3227 5
3228 1
3229 33
3230 7
3231 22
3233 14
3234 10
3236 10
3237 58
3239 12
3240 11
3241 5
3242 5
3243 62
3244 16
3245 4
3246 12
3247 5
3248 13
3249 5
3252 4
3253 3
3254 4
3255 6
3256 24
3257 8
3259 21
3260 11
3261 7
3262 5
3263 4
3264 8
3265 7
3266 4
3267 16
3269 11
3270 13
3272 3
3273 7
3274 45
3275 5
3276 1
3277 4
3279 3
3280 17
3281 6
3282 11
3284 2
3287 4
3288 3
3289 7
3290 13
3291 14
3292 11
3294 4
3295 5
3297 9
3298 9
3300 14
3301 2
3303 8
3304 11
3305 3
3306 3
3307 9
3309 7
3310 5
3311 3
3312 19
3313 12
3314 5
3315 12
3316 9
3317 6
3318 6
3319 2
3321 9
3322 10
3323 37
3324 8
3325 5
3326 8
3327 6
3331 8
3332 8
3333 15
3334 3
3335 19
3336 7
3337 14
3338 16
3340 15
3341 5
3342 8
3343 4
3344 15
3346 6
3347 4
3348 39
3350 17
3351 17
3352 23
3353 21
3355 5
3357 7
3359 17
3360 18
3361 8
3363 10
3364 16
3365 2
3366 9
3367 14
3368 4
3371 8
3373 8
3375 6
3376 6
3377 10
3378 3
3379 6
3380 5
3382 11
3384 3
3385 5
3386 7
3387 4
3388 25
3389 22
3390 10
3391 5
3392 8
3393 14
3394 5
3396 11
3397 5
3399 9
3400 3
3401 5
3403 10
3404 7
3405 8
3408 3
3409 13
3410 9
3411 3
3412 14
3413 5
3414 5
3417 5
3418 5
3419 7
3420 15
3422 19
3423 7
3424 10
3425 8
3426 5
3428 3
3429 4
3430 10
3431 14
3432 5
3433 15
3436 11
3437 11
3438 7
3439 17
3440 4
3441 3
3442 23
3443 9
3444 4
3445 29
3447 10
3450 31
3452 4
3453 4
3454 4
3455 9
3456 13
3457 7
3458 7
3459 5
3460 5
3462 4
3463 14
3464 27
3465 14
3466 10
3467 5
3469 18
3470 7
3472 11
3473 10
3474 17
3475 4
3476 29
3477 12
3478 7
3479 14
3480 5
3481 4
3483 11
3484 5
3485 26
3486 11
3487 16
3488 6
3489 11
3490 24
3491 17
3492 18
3493 5
3494 6
3495 11
3496 15
3497 16
3498 25
3499 11
3500 54
3502 9
3503 3
3504 14
3505 4
3506 4
3507 19
3509 10
3510 4
3513 9
3514 4
3516 4
3517 7
3518 16
3519 87
3522 21
3523 3
3525 18
3526 23
3527 2
3529 5
3530 32
3531 13
3532 4
3533 4
3534 5
3535 8
3536 4
3537 5
3538 12
3539 4
3540 16
3541 144
3542 12
3543 4
3544 16
3545 6
3546 15
3547 3
3548 19
3550 20
3552 19
3553 12
3554 9
3555 3
3556 3
3557 2
3559 3
3560 18
3562 9
3563 4
3565 10
3566 7
3567 7
3568 7
3569 47
3571 27
3573 5
3574 9
3576 3
3580 11
3581 8
3582 3
3585 4
3586 67
3587 7
3588 14
3589 46
3590 53
3591 4
3592 17
3593 18
3594 5
3595 4
3596 19
3597 9
3598 14
3599 56
3600 4
3601 10
3602 16
3605 32
3606 4
3609 2
3610 22
3614 14
3615 4
3616 55
3618 4
3619 7
3620 13
3622 11
3623 7
3626 9
3627 6
3628 4
3629 18
3630 26
3632 24
3633 27
3637 2
3638 7
3639 4
3640 13
3641 4
3642 7
3643 3
3644 26
3646 12
3647 11
3648 4
3649 17
3650 11
3651 8
3652 17
3653 15
3654 26
3655 6
3656 14
3657 5
3658 16
3660 3
3662 16
3663 5
3664 9
3665 3
3666 3
3667 19
3668 15
3670 10
3671 14
3673 7
3675 7
3676 7
3677 4
3678 11
3679 6
3680 13
3682 19
3683 17
3684 5
3685 13
3686 6
3687 37
3688 32
3689 16
3691 20
3692 7
3693 3
3694 6
3697 7
3700 36
3701 4
3702 6
3703 24
3704 4
3705 6
3706 14
3707 5
3708 4
3709 9
3710 7
3711 11
3712 3
3713 11
3714 5
3715 6
3716 19
3718 11
3719 11
3720 9
3721 29
3722 10
3724 4
3726 27
3727 2
3728 3
3729 12
3732 16
3733 20
3735 13
3736 5
3737 17
3738 23
3739 10
3740 5
3741 2
3742 10
3743 3
3744 7
3745 25
3746 9
3747 3
3748 27
3749 13
3750 13
3751 21
3753 14
3755 5
3757 3
3761 9
3762 129
3763 7
3764 12
3765 15
3766 16
3767 5
3769 5
3770 18
3771 21
3772 9
3773 5
3774 10
3778 4
3779 9
3781 137
3784 5
3785 6
3786 68
3787 22
3789 11
3791 52
3792 64
3793 15
3794 14
3795 3
3796 44
3797 80
3799 11
3801 28
3802 28
3803 53
3804 28
3805 4
3806 40
3807 96
3809 326
3810 20
3811 10
3812 5
3813 8
3814 6
3815 21
3816 6
3818 8
3819 5
3820 7
3821 13
3822 32
3823 91
3824 10
3825 57
3826 7
3827 4
3828 29
3829 27
3830 5
3831 19
3832 11
3833 9
3834 13
3835 75
3836 14
3837 73
3838 4
3840 53
3841 7
3842 38
3844 25
3845 5
3846 30
3847 24
3848 6
3849 5
3850 22
3851 11
3853 11
3854 3
3856 16
3857 14
3858 26
3859 26
3860 18
3861 27
3862 22
3863 17
3864 9
3865 37
3866 13
3867 8
3868 10
3869 17
3870 35
3871 9
3873 34
3874 13
3875 4
3876 14
3877 90
3878 17
3879 25
3880 31
3881 25
3882 6
3883 15
3884 22
3885 13
3886 30
3887 59
3888 4
3889 25
3890 12
3891 4
3892 4
3893 54
3894 3
3895 4
3896 15
3897 11
3898 8
3899 8
3900 38
3901 14
3902 12
3903 21
3904 36
3906 8
3907 18
3908 14
3909 6
3910 6
3911 60
3912 5
3913 10
3914 16
3915 10
3916 22
3918 12
3919 11
3920 5
3921 24
3922 17
3923 26
3924 33
3925 11
3926 39
3927 72
3928 13
3929 9
3930 91
3931 13
3932 52
3933 22
3934 21
3935 60
3936 22
3937 13
3938 67
3939 13
3940 47
3941 41
3942 22
3943 5
3944 32
3945 28
3946 20
3947 9
3948 7
3949 4
3950 3
3951 4
3952 6
3954 11
3955 9
3958 9
3959 7
3960 14
3961 19
3962 5
3963 22
3964 12
3966 23
3968 12
3969 7
3970 27
3971 6
3972 5
3973 24
3974 9
3975 27
3976 6
3977 4
3978 10
3979 11
3980 10
3981 14
3982 10
3983 6
3984 13
3985 6
3986 12
3987 42
3988 5
3990 6
3991 4
3992 20
3993 5
3994 12
3995 63
3996 4
3997 3
3998 5
3999 13
4001 11
4002 28
4003 3
4004 11
4005 5
4006 47
4007 42
4008 21
4010 4
4011 8
4012 5
4013 16
4014 66
4015 37
4016 9
4017 7
4018 3
4019 22
4020 13
4021 18
4023 34
4024 12
4025 17
4027 13
4029 7
4031 14
4033 5
4034 18
4035 17
4036 14
4038 6
4039 7
4040 3
4041 14
4042 5
4043 3
4046 7
4047 47
4049 77
4050 30
4051 15
4052 26
4053 13
4055 39
4056 5
4057 38
4058 24
4059 6
4060 18
4061 42
4062 4
4063 12
4064 7
4065 5
4066 7
4067 4
4070 6
4071 6
4072 6
4074 6
4075 5
4076 39
4077 3
4078 19
4079 12
4081 1
4082 5
4083 8
4084 7
4085 7
4086 4
4087 13
4088 4
4090 4
4092 9
4093 9
4095 5
4096 3
4097 13
4098 9
4100 5
4101 12
4104 6
4105 6
4107 9
4109 4
4111 8
4112 4
4113 16
4114 3
4116 11
4119 17
4120 6
4121 13
4123 9
4125 20
4128 4
4129 6
4131 12
4132 2
4133 5
4134 11
4135 10
4137 11
4138 5
4140 6
4141 15
4143 4
4144 6
4145 12
4146 6
4147 3
4148 7
4150 12
4151 6
4152 9
4155 14
4156 9
4157 10
4158 6
4159 5
4160 13
4161 6
4164 21
4166 18
4167 13
4168 9
4170 1
4171 11
4173 7
4174 153
4175 5
4176 10
4177 7
4178 14
4179 4
4180 11
4181 3
4183 5
4184 10
4185 5
4186 45
4187 5
4188 9
4189 218
4191 17
4192 8
4193 35
4194 5
4195 26
4196 47
4197 5
4198 17
4199 6
4200 23
4201 11
4202 13
4203 38
4204 26
4205 8
4206 8
4207 48
4208 18
4209 64
4210 23
4211 4
4212 22
4213 43
4214 13
4215 7
4216 13
4217 8
4218 8
4219 11
4220 7
4221 4
4222 6
4223 7
4224 35
4225 17
4226 4
4227 15
4228 10
4230 25
4231 3
4237 30
4239 30
4240 25
4241 27
4242 5
4243 3
4244 14
4245 75
4246 54
4247 17
4248 21
4249 4
4250 41
4251 14
4252 10
4253 19
4254 34
4255 9
4256 14
4257 35
4258 11
4260 31
4261 12
4262 49
4263 33
4264 12
4265 53
4266 6
4267 82
4268 6
4269 8
4270 2
4271 6
4272 7
4273 13
4274 16
4275 44
4276 66
4277 16
4278 27
4279 85
4280 16
4281 23
4282 11
4283 72
4284 61
4285 16
4286 24
4287 6
4288 6
4289 9
4290 6
4291 8
4292 8
4293 25
4294 26
4295 12
4296 8
4297 27
4298 21
4299 24
4300 21
4302 31
4303 13
4304 7
4305 22
4306 22
4307 31
4310 8
4311 6
4312 4
4313 5
4314 4
4317 8
4318 2
4320 25
4321 4
4323 31
4324 3
4326 5
4327 4
4328 2
4329 12
4330 5
4331 7
4333 4
4334 3
4336 8
4337 6
4338 6
4339 4
4340 4
4344 4
4345 11
4346 7
4347 5
4348 6
4353 3
4354 7
4356 2
4358 18
4360 6
4361 4
4362 5
4363 4
4364 4
4366 4
4369 4
4370 11
4371 8
4372 14
4375 4
4376 4
4377 11
4378 10
4379 4
4380 3
4381 4
4384 4
4385 4
4386 6
4387 10
4391 7
4395 6
4396 8
4397 5
4398 6
4401 4
4402 3
4403 8
4405 6
4407 4
4408 6
4412 13
4413 25
4415 3
4417 8
4418 4
4419 10
4420 4
4421 3
4422 3
4426 8
4428 6
4429 3
4430 3
4433 4
4434 6
4435 7
4441 3
4443 4
4444 1
4446 6
4448 3
4450 7
4451 11
4452 10
4453 21
4462 5
4464 1
4465 2
4468 3
4469 23
4471 11
4472 2
4474 4
4477 4
4478 5
4479 11
4482 3
4486 4
4487 3
4488 4
4489 7
4493 4
4495 3
4496 6
4497 5
4498 6
4502 7
4503 7
4505 3
4506 3
4507 3
4508 8
4509 5
4510 4
4511 5
4514 11
4515 3
4516 6
4517 4
4518 2
4519 4
4522 7
4524 5
4525 7
4527 10
4533 6
4535 6
4536 12
4539 4
4542 3
4543 8
4544 6
4545 4
4546 8
4547 3
4548 20
4549 4
4553 5
4554 40
4555 10
4556 6
4557 7
4559 8
4560 8
4561 11
4562 3
4563 6
4564 2
4565 4
4566 5
4568 3
4570 7
4571 9
4572 4
4576 4
4577 5
4578 4
4579 9
4581 8
4583 7
4584 9
4585 18
4589 3
4591 5
4592 4
4594 3
4596 9
4598 3
4599 12
4600 11
4601 15
4602 6
4605 6
4606 7
4608 4
4611 4
4614 3
4615 7
4617 6
4618 12
4620 9
4621 10
4622 9
4623 6
4624 7
4625 5
4628 7
4629 4
4630 12
4633 26
4636 7
4638 4
4640 6
4642 30
4643 3
4644 19
4646 4
4647 9
4648 4
4650 7
4651 12
4653 5
4654 4
4655 4
4656 6
4658 18
4659 5
4660 5
4661 9
4662 4
4664 7
4669 22
4670 16
4671 4
4672 9
4673 6
4675 12
4676 8
4678 7
4679 3
4680 7
4681 6
4682 12
4683 6
4684 3
4685 10
4687 4
4689 7
4691 8
4692 4
4693 33
4694 4
4695 9
4696 4
4697 9
4698 14
4699 8
4700 74
4701 4
4702 4
4704 31
4705 14
4706 9
4707 13
4708 7
4709 30
4710 13
4711 7
4712 14
4713 9
4714 6
4715 15
4716 30
4717 6
4718 15
4719 17
4720 21
4721 6
4722 14
4723 4
4724 28
4725 7
4726 25
4727 6
4728 8
4729 14
4730 20
4731 10
4732 12
4733 29
4734 12
4735 5
4736 16
4737 16
4738 10
4739 4
4740 5
4741 19
4742 23
4743 8
4744 14
4745 17
4746 18
4747 22
4748 17
4749 9
4750 91
4751 14
4752 6
4753 19
4754 25
4755 6
4756 18
4757 37
4758 19
4759 13
4760 4
4761 5
4762 13
4763 30
4764 27
4765 7
4766 23
4767 18
4768 20
4769 32
4770 15
4771 6
4772 7
4773 13
4774 5
4775 15
4776 28
4778 16
4779 30
4780 6
4781 33
4783 42
4784 16
4785 6
4786 49
4787 8
4788 5
4789 43
4790 14
4791 14
4792 9
4793 8
4794 14
4795 26
4799 9
4800 50
4801 33
4802 43
4803 6
4804 60
4805 23
4806 5
4807 32
4809 8
4810 47
4811 113
4812 8
4813 97
4814 6
4815 23
4816 39
4817 52
4818 11
4819 9
4820 36
4821 22
4823 12
4824 12
4825 28
4826 35
4827 4
4828 4
4829 11
4830 4
4831 81
4832 30
4833 53
4834 29
4835 131
4836 90
4837 69
4838 74
4839 19
4840 6
4841 12
4842 85
4843 115
4844 113
4845 57
4846 5
4847 15
4848 61
4849 35
4850 90
4851 138
4852 54
4853 22
4854 15
4855 8
4856 15
4857 76
4858 37
4859 65
4860 4
4861 6
4862 57
4863 28
4864 22
4865 8
4866 65
4867 5
4868 62
4869 10
4870 7
4871 9
4872 47
4873 9
4874 31
4875 14
4876 39
4877 72
4878 5
4879 54
4880 43
4881 30
4882 74
4883 8
4884 15
4885 28
4886 5
4887 12
4888 10
4889 31
4890 98
4891 74
4892 16
4893 13
4894 8
4895 31
4896 33
4897 30
4898 9
4899 17
4900 41
4901 153
4902 5
4903 21
4905 7
4906 13
4907 14
4908 13
4911 9
4912 23
4913 39
4914 6
4915 45
4916 46
4917 18
4918 14
4919 26
4920 54
4921 9
4922 8
4923 6
4924 14
4925 19
4926 17
4928 29
4929 13
4930 12
4931 15
4932 36
4933 12
4934 10
4935 14
4937 7
4938 4
4939 5
4940 86
4941 10
4942 2
4943 6
4944 8
4945 13
4946 54
4947 5
4948 8
4949 4
4950 29
4951 11
4952 26
4954 15
4955 7
4957 38
4958 5
4959 9
4960 8
4963 15
4964 5
4965 2
4966 17
4967 6
4968 41
4969 11
4970 9
4971 12
4972 93
4973 11
4974 13
4976 7
4978 16
4979 21
4980 13
4981 19
4982 11
4983 10
4984 38
4985 7
4986 19
4987 5
4988 22
4989 13
4990 4
4991 24
4992 101
4993 5
4995 16
4996 4
4997 6
4998 5
4999 16
5000 12
5001 16
5002 4
5003 11
5004 5
5005 15
5006 18
5007 91
5008 76
5009 17
5010 10
5011 13
5012 2
5013 5
5014 7
5015 3
5016 23
5017 13
5018 12
5019 19
5020 5
5021 6
5022 7
5023 3
5024 9
5026 3
5027 9
5028 39
5029 7
5030 7
5032 30
5033 7
5034 6
5035 6
5036 10
5037 8
5039 11
5040 22
5041 4
5043 9
5045 25
5046 8
5047 10
5048 4
5049 10
5050 4
5051 4
5052 11
5053 32
5054 10
5055 5
5056 7
5057 18
5058 17
5059 5
5061 5
5062 171
5063 4
5064 5
5065 54
5066 4
5067 7
5068 6
5069 8
5070 34
5071 19
5072 14
5074 6
5075 33
5076 6
5077 23
5078 12
5079 10
5080 14
5081 11
5082 24
5083 4
5084 14
5085 5
5086 4
5087 3
5088 3
5089 17
5092 8
5093 10
5095 11
5096 8
5097 6
5099 6
5100 7
5101 7
5103 4
5104 3
5106 16
5107 5
5108 9
5109 13
5110 7
5111 16
5113 20
5114 6
5115 13
5116 45
5117 13
5118 25
5119 28
5120 5
5121 3
5123 13
5124 6
5125 4
5126 11
5127 56
5128 11
5129 30
5130 27
5131 33
5133 5
5137 16
5138 3
5139 6
5140 6
5141 7
5142 8
5143 4
5146 14
5147 10
5149 4
5151 7
5153 7
5156 20
5159 3
5160 6
5161 9
5163 7
5164 8
5165 8
5168 7
5171 4
5172 7
5173 5
5174 3
5175 18
5176 74
5178 3
5180 8
5183 5
5186 5
5187 5
5188 24
5189 16
5190 11
5191 7
5192 5
5193 3
5194 4
5196 21
5197 32
5198 68
5199 19
5200 8
5201 31
5203 5
5204 13
5205 5
5206 10
5207 35
5208 16
5209 36
5210 8
5211 10
5213 9
5214 8
5215 32
5216 22
5217 12
5218 9
5219 16
5220 29
5221 9
5224 12
5225 27
5226 4
5228 8
5229 3
5230 4
5232 14
5236 9
5237 6
5238 4
5240 11
5241 8
5242 5
5243 27
5248 23
5249 49
5250 3
5251 29
5252 69
5253 36
5254 13
5255 26
5256 2
5257 33
5258 46
5259 32
5260 23
5261 33
5262 5
5263 9
5264 23
5265 19
5266 13
5267 9
5268 8
5270 8
5272 3
5273 12
5274 6
5275 11
5277 3
5278 15
5279 11
5280 4
5281 6
5282 10
5284 5
5286 13
5287 6
5290 4
5293 8
5294 13
5295 6
5296 2
5297 14
5300 25
5302 5
5305 73
5306 28
5307 14
5308 15
5309 15
5310 26
5311 53
5312 6
5314 18
5315 44
5316 39
5317 7
5318 4
5319 34
5320 14
5321 5
5322 7
5323 26
5325 30
5326 4
5327 15
5328 16
5329 18
5330 31
5331 4
5332 13
5333 11
5334 7
5335 6
5336 5
5337 25
5338 33
5339 43
5340 5
5341 8
5342 31
5343 23
5344 40
5345 34
5347 19
5349 36
5350 21
5351 41
5352 6
5353 12
5355 5
5356 10
5357 11
5358 28
5359 48
5360 18
5361 18
5362 14
5363 25
5364 28
5365 6
5367 21
5368 4
5369 30
5370 67
5371 34
5372 42
5373 7
5374 27
5375 19
5376 13
5377 13
5378 7
5381 56
5383 23
5384 6
5385 28
5386 32
5387 31
5388 45
5389 14
5391 19
5393 12
5394 19
5395 28
5396 31
5397 34
5398 2
5399 15
5400 8
5401 28
5402 10
5403 17
5405 5
5406 4
5407 23
5408 20
5411 29
5413 21
5414 31
5415 30
5416 42
5419 30
5420 35
5421 12
5422 4
5423 7
5424 88
5425 8
5426 10
5427 28
5428 9
5429 21
5430 10
5431 8
5432 4
5433 3
5434 30
5435 17
5436 6
5437 30
5438 13
5439 47
5441 3
5442 6
5443 7
5444 8
5445 3
5448 3
5449 16
5450 5
5454 13
5455 10
5456 32
5457 6
5458 10
5459 3
5460 4
5461 9
5462 16
5463 16
5465 41
5466 12
5467 22
5468 34
5469 14
5470 5
5472 11
5473 36
5475 10
5476 4
5477 1
5480 31
5481 27
5482 32
5483 4
5484 39
5486 3
5487 5
5488 3
5489 5
5490 6
5491 20
5492 3
5493 4
5494 7
5495 9
5501 5
5502 3
5504 9
5507 15
5508 8
5509 12
5510 5
5511 9
5512 7
5513 14
5514 11
5515 13
5516 20
5517 13
5518 7
5519 6
5520 11
5521 14
5522 18
5523 20
5524 24
5525 44
5526 19
5527 11
5528 4
5529 8
5530 7
5531 4
5532 39
5533 11
5534 4
5535 13
5536 3
5537 5
5539 54
5540 39
5541 20
5543 3
5544 34
5545 44
5546 13
5547 9
5548 41
5549 30
5550 9
5551 5
5553 27
5554 41
5555 6
5556 16
5557 20
5558 8
5559 15
5560 10
5562 4
5564 32
5565 18
5566 9
5567 6
5568 5
5569 11
5570 10
5571 4
5573 9
5574 11
5575 4
5577 5
5580 8
5581 33
5582 5
5586 18
5587 8
5588 4
5589 5
5590 14
5592 10
5593 9
5594 5
5595 34
5596 49
5597 31
5599 3
5601 27
5604 14
5606 7
5609 6
5610 10
5611 11
5612 4
5614 20
5616 22
5618 4
5619 3
5620 3
5621 4
5622 18
5623 5
5624 6
5625 22
5627 6
5628 4
5630 6
5636 27
5638 2
5639 6
5641 3
5645 5
5648 9
5649 14
5650 5
5651 20
5652 4
5653 20
5655 11
5656 33
5657 22
5658 12
5659 11
5660 19
5661 3
5663 44
5664 7
5665 16
5666 17
5667 6
5668 33
5669 13
5670 8
5671 6
5672 1
5674 4
5675 5
5678 9
5679 14
5680 8
5683 4
5688 5
5689 4
5690 10
5691 9
5692 26
5693 3
5694 4
5695 6
5697 4
5699 2
5700 11
5702 3
5703 50
5705 5
5707 8
5708 14
5709 4
5710 14
5711 5
5712 8
5713 10
5714 6
5715 48
5716 9
5717 13
5718 4
5719 13
5720 17
5721 82
5722 15
5723 55
5724 22
5725 10
5726 16
5727 6
5728 6
5729 13
5730 2
5731 12
5732 17
5733 15
5734 12
5736 24
5737 19
5738 4
5739 10
5740 2
5742 29
5743 16
5744 4
5746 8
5747 10
5748 19
5749 8
5750 23
5751 9
5752 23
5753 4
5754 6
5757 3
5759 11
5760 19
5761 7
5762 26
5763 25
5764 28
5765 27
5766 9
5767 15
5768 5
5769 10
5770 8
5771 6
5772 11
5773 9
5774 29
5775 11
5776 16
5777 17
5778 109
5779 6
5780 11
5781 7
5783 3
5784 10
5787 3
5788 3
5789 7
5790 5
5791 15
5794 4
5796 6
5797 12
5798 4
5799 10
5800 2
5801 13
5802 4
5804 4
5808 13
5809 8
5810 4
5811 43
5812 10
5813 3
5814 5
5815 22
5816 10
5817 6
5818 4
5819 9
5820 13
5822 1
5823 4
5825 2
5827 3
5829 13
5830 7
5831 4
5832 11
5833 5
5834 9
5835 6
5836 6
5838 3
5840 4
5841 5
5843 11
5844 3
5846 22
5847 8
5848 5
5850 3
5851 9
5852 6
5853 7
5854 34
5857 8
5859 10
5860 4
5861 5
5862 7
5863 12
5864 8
5866 4
5867 6
5868 7
5869 20
5871 3
5872 4
5873 6
5875 4
5877 8
5879 17
5880 4
5881 3
5882 27
5885 9
5887 4
5888 26
5889 10
5891 9
5892 29
5893 33
5894 14
5896 17
5899 6
5900 13
5901 11
5902 17
5904 9
5905 8
5907 42
5908 16
5910 5
5911 5
5912 5
5913 5
5914 5
5915 5
5918 4
5919 4
5921 4
5923 15
5924 9
5925 8
5926 8
5928 8
5929 4
5931 13
5936 3
5937 15
5939 3
5940 30
5941 5
5942 4
5943 7
5947 11
5948 22
5949 5
5950 6
5951 6
5953 6
5954 6
5955 13
5957 6
5958 7
5964 4
5965 12
5966 10
5967 14
5968 13
5969 7
5970 7
5971 10
5972 8
5973 34
5974 7
5975 27
5976 33
5977 7
5978 6
5979 9
5980 22
5981 8
5982 5
5984 4
5985 5
5986 16
5987 16
5988 8
5989 3
5990 23
5991 4
5992 5
5993 5
5994 25
5995 3
5997 14
5998 4
5999 8
6001 10
6002 65
6003 4
6004 4
6007 6
6008 18
6009 8
6010 12
6011 9
6012 4
6014 7
6015 13
6016 4
6017 7
6018 9
6019 6
6022 4
6023 29
6025 8
6026 9
6031 23
6032 9
6033 6
6034 9
6035 8
6036 4
6037 10
6038 49
6039 10
6040 3
6041 24
6042 4
6043 22
6044 19
6045 27
6046 15
6047 8
6048 6
6049 21
6050 10
6052 10
6053 8
6055 46
6056 3
6058 13
6059 15
6060 9
6061 13
6062 7
6063 23
6064 10
6065 17
6066 7
6068 22
6070 41
6071 17
6072 7
6073 3
6074 10
6076 5
6077 8
6078 13
6080 15
6083 49
6084 11
6085 47
6086 7
6087 37
6088 4
6089 33
6090 21
6091 8
6092 28
6094 4
6095 5
6096 17
6097 7
6098 9
6099 22
6100 10
6101 5
6102 3
6103 6
6104 9
6107 4
6108 7
6109 9
6110 3
6111 36
6112 9
6113 7
6114 4
6115 7
6116 10
6117 5
6118 5
6119 4
6120 7
6121 6
6122 19
6123 8
6124 7
6125 22
6126 17
6127 16
6128 13
6130 4
6131 15
6133 7
6136 11
6137 2
6138 24
6139 6
6143 22
6144 34
6145 5
6147 11
6148 11
6149 51
6151 13
6152 9
6153 14
6154 4
6156 11
6157 6
6158 10
6159 29
6161 12
6162 16
6163 33
6164 19
6165 8
6166 10
6167 9
6170 7
6172 30
6173 12
6174 20
6175 6
6176 24
6177 16
6178 10
6179 2
6180 7
6181 2
6182 11
6184 5
6185 41
6186 8
6187 3
6188 12
6189 10
6190 6
6192 10
6193 3
6195 6
6196 3
6197 8
6198 7
6199 10
6200 5
6201 33
6202 4
6203 11
6204 3
6205 4
6206 13
6207 11
6208 7
6209 31
6210 18
6211 6
6212 6
6213 8
6214 2
6215 7
6216 8
6217 6
6219 6
6220 8
6221 12
6222 17
6223 6
6224 17
6225 7
6226 20
6227 23
6228 5
6229 11
6230 7
6232 2
6233 4
6234 20
6235 45
6236 9
6237 15
6241 4
6243 9
6244 4
6245 5
6246 4
6247 4
6249 19
6250 5
6251 17
6252 10
6253 4
6254 12
6255 11
6256 18
6257 6
6258 11
6259 5
6260 16
6261 15
6262 7
6265 3
6266 9
6267 4
6268 6
6270 5
6271 5
6272 4
6275 5
6276 10
6278 3
6279 11
6282 42
6283 9
6284 20
6287 6
6288 25
6289 22
6290 8
6291 4
6292 9
6293 22
6294 6
6295 17
6297 8
6298 14
6299 4
6300 8
6301 5
6302 21
6304 33
6309 10
6311 17
6312 15
6313 8
6314 6
6316 6
6318 15
6319 37
6320 4
6321 12
6322 2
6323 3
6324 12
6326 17
6327 6
6328 4
6329 7
6331 9
6332 4
6333 4
6334 6
6336 47
6337 9
6339 9
6340 2
6341 5
6343 22
6344 5
6345 4
6347 10
6348 21
6349 10
6350 11
6351 4
6357 3
6358 3
6360 17
6362 10
6363 8
6364 7
6365 6
6366 11
6367 6
6368 12
6369 9
6370 13
6372 5
6373 3
6374 1
6375 19
6377 3
6378 6
6379 4
6382 5
6384 15
6385 33
6386 6
6387 4
6388 9
6389 16
6390 26
6391 4
6392 8
6393 39
6395 10
6396 6
6397 15
6398 9
6399 5
6400 10
6402 3
6403 2
6404 7
6405 1
6406 9
6407 9
6409 24
6410 8
6411 30
6412 11
6414 5
6415 22
6416 15
6417 10
6418 11
6419 4
6421 4
6423 5
6424 3
6426 2
6429 3
6430 4
6431 10
6432 9
6433 32
6434 11
6435 11
6436 9
6438 29
6441 4
6442 3
6443 7
6444 5
6446 2
6447 6
6448 10
6454 11
6455 3
6456 4
6459 4
6460 7
6462 8
6464 4
6465 5
6466 4
6471 8
6472 8
6473 4
6474 9
6475 12
6476 10
6477 11
6480 12
6483 10
6484 7
6485 4
6487 5
6494 6
6495 3
6497 7
6498 7
6499 4
6500 4
6501 6
6503 13
6506 4
6508 4
6511 17
6513 3
6514 4
6516 5
6517 3
6518 15
6519 16
6520 5
6521 6
6522 16
6523 6
6524 6
6525 11
6526 6
6527 3
6528 11
6529 12
6531 5
6532 7
6533 4
6534 5
6535 6
6536 4
6537 2
6538 17
6539 4
6540 4
6542 5
6543 5
6544 9
6545 4
6548 19
6550 3
6553 5
6554 4
6556 4
6557 7
6558 4
6559 29
6560 15
6561 8
6566 4
6573 5
6574 3
6575 8
6576 6
6578 5
6579 2
6580 7
6581 5
6582 11
6584 6
6585 5
6586 5
6587 4
6588 4
6589 8
6590 8
6591 6
6592 7
6595 4
6597 4
6599 3
6602 6
6603 5
6604 4
6606 8
6608 9
6609 10
6610 14
6611 4
6613 4
6619 13
6621 4
6622 11
6624 11
6625 6
6626 5
6627 3
6628 2
6629 9
6630 5
6631 11
6632 2
6633 4
6634 19
6638 15
6639 21
6640 3
6642 2
6644 7
6648 4
6649 8
6650 2
6651 2
6656 6
6657 9
6658 4
6659 20
6661 14
6662 4
6663 4
6668 3
6669 24
6671 4
6673 13
6674 4
6676 18
6681 16
6682 3
6684 18
6685 14
6686 6
6689 15
6691 6
6693 7
6694 4
6696 23
6697 26
6699 6
6700 4
6701 19
6703 12
6704 20
6708 10
6709 19
6710 3
6712 8
6713 3
6714 4
6720 3
6723 12
6724 6
6725 12
6726 5
6727 4
6728 11
6729 22
6730 10
6733 3
6734 6
6735 15
6736 8
6737 17
6738 8
6740 10
6741 4
6742 15
6743 10
6744 18
6745 9
6746 33
6747 17
6748 20
6749 12
6750 13
6751 4
6752 4
6753 9
6756 6
6757 9
6761 2
6762 11
6763 22
6764 7
6765 37
6767 14
6769 13
6770 13
6771 4
6772 7
6773 5
6774 4
6775 11
6777 4
6779 4
6780 3
6781 6
6782 14
6784 9
6785 10
6786 11
6787 17
6788 9
6789 18
6791 6
6793 6
6794 18
6795 6
6796 21
6797 11
6798 39
6799 17
6800 18
6804 6
6805 9
6806 7
6808 29
6809 5
6812 6
6813 5
6814 25
6817 4
6818 6
6819 14
6820 7
6821 10
6822 3
6824 13
6825 10
6826 7
6827 11
6828 3
6831 15
6832 4
6833 2
6834 14
6835 15
6836 3
6837 10
6838 5
6840 5
6842 3
6843 5
6844 24
6848 4
6849 4
6850 9
6851 14
6854 9
6856 4
6859 14
6860 3
6863 5
6867 40
6869 5
6871 2
6872 4
6874 3
6875 5
6876 7
6882 8
6885 5
6886 5
6887 4
6888 3
6889 6
6890 10
6892 10
6893 8
6894 12
6896 5
6897 4
6898 4
6899 4
6900 4
6901 2
6902 28
6904 11
6905 6
6906 6
6907 6
6909 9
6910 2
6911 4
6913 4
6917 10
6921 4
6924 12
6925 5
6926 3
6927 10
6928 10
6929 6
6930 17
6931 11
6932 6
6933 6
6934 7
6935 11
6938 4
6941 4
6942 3
6943 5
6945 8
6946 3
6947 2
6949 9
6950 3
6951 3
6953 3
6954 7
6958 4
6959 3
6960 6
6961 4
6962 4
6963 8
6966 6
6971 8
6978 13
6981 7
6985 17
6987 8
6991 7
6994 6
6995 7
6997 11
6998 13
6999 12
7000 6
7001 12
7002 40
7003 39
7008 21
7009 5
7010 6
7011 16
7012 23
7013 7
7014 8
7015 6
7016 4
7017 2
7018 19
7019 30
7024 12
7026 10
7027 12
7028 8
7029 12
7031 16
7032 4
7033 11
7034 6
7035 5
7036 3
7044 7
7045 5
7046 5
7047 5
7051 7
7054 20
7055 6
7056 4
7060 5
7061 7
7063 4
7064 8
7066 6
7067 3
7068 3
7069 5
7071 6
7072 5
7073 6
7075 6
7076 11
7077 7
7080 6
7084 4
7085 9
7086 9
7087 10
7089 3
7090 5
7091 14
7092 6
7093 2
7094 8
7095 3
7100 5
7103 7
7104 4
7106 3
7112 4
7114 4
7116 4
7117 2
7119 5
7122 7
7123 9
7124 4
7125 9
7126 3
7127 7
7128 6
7130 7
7131 5
7134 4
7135 4
7136 7
7137 7
7138 4
7140 4
7142 3
7145 4
7146 2
7148 6
7150 5
7152 1
7154 4
7156 5
7163 12
7166 7
7167 5
7168 5
7171 5
7174 7
7175 5
7177 5
7185 3
7187 4
7192 8
7194 3
7195 7
7200 4
7201 11
7203 10
7205 7
7206 6
7209 4
7210 3
7211 20
7212 4
7216 3
7217 4
7218 9
7220 3
7221 23
7222 3
7223 16
7224 6
7225 8
7226 3
7227 6
7231 7
7234 1
7236 6
7237 3
7240 4
7241 5
7242 3
7243 6
7244 4
7245 7
7246 8
7248 10
7251 11
7254 11
7255 6
7258 4
7259 11
7260 8
7261 8
7262 12
7263 3
7268 6
7270 7
7274 4
7275 6
7280 7
7284 4
7285 26
7287 5
7288 14
7289 5
7291 7
7293 6
7296 3
7299 3
7300 25
7301 4
7303 3
7305 5
7306 10
7307 6
7308 3
7309 3
7311 5
7317 13
7318 14
7319 6
7322 11
7327 3
7328 3
7329 3
7330 3
7331 8
7334 5
7335 6
7336 10
7337 12
7338 8
7339 5
7340 2
7344 4
7346 10
7347 11
7348 7
7349 5
7350 5
7355 6
7356 8
7357 4
7358 9
7359 5
7360 8
7363 8
7365 8
7366 5
7367 5
7368 4
7369 4
7374 8
7376 2
7377 6
7378 4
7379 5
7381 3
7382 6
7383 8
7384 4
7389 5
7390 4
7392 8
7393 3
7395 4
7397 11
7399 2
7400 7
7401 11
7406 3
7409 7
7411 15
7412 3
7413 2
7415 2
7416 3
7417 4
7419 12
7420 12
7422 4
7423 4
7425 6
7428 7
7429 14
7432 5
7433 6
7434 9
7435 4
7436 11
7438 5
7439 2
7441 12
7444 4
7449 6
7450 5
7451 5
7453 4
7454 8
7455 4
7458 10
7460 6
7461 13
7462 6
7463 5
7464 6
7466 12
7467 7
7469 6
7471 7
7476 6
7477 13
7481 8
7484 6
7485 6
7486 9
7487 4
7489 3
7493 8
7495 7
7497 4
7498 8
7499 5
7500 2
7502 3
7503 7
7504 4
7506 4
7509 5
7510 8
7512 4
7514 5
7515 9
7516 2
7518 5
7519 7
7523 9
7524 12
7525 6
7532 6
7534 5
7540 5
7543 3
7565 2
7571 8
7572 3
7574 3
7578 9
7580 4
7581 6
7583 4
7584 3
7585 4
7587 4
7590 1
7599 4
7610 4
7611 11
7612 10
7614 11
7623 4
7625 7
7626 5
7629 1
7635 4
7636 2
7645 4
7647 12
7651 7
7652 4
7655 3
7656 4
7658 9
7660 6
7662 4
7663 3
7665 16
7666 4
7668 18
7669 5
7670 7
7673 5
7674 22
7675 12
7676 10
7678 4
7679 4
7680 5
7685 3
7687 3
7689 2
7701 4
7702 11
7703 4
7709 1
7710 6
7711 9
7714 8
7716 8
7722 5
7724 2
7725 4
7749 4
7751 3
7755 4
7759 5
7760 9
7763 9
7765 3
7768 2
7771 4
7772 3
7773 11
7774 4
7776 7
7777 6
7778 3
7780 4
7781 6
7782 3
7784 8
7785 6
7786 10
7787 5
7790 7
7791 6
7792 10
7793 3
7794 4
7795 6
7796 5
7798 10
7800 4
7803 4
7806 6
7810 16
7811 5
7813 8
7818 2
7820 2
7823 3
7825 5
7833 5
7840 83
7843 5
7845 5
7848 7
7850 4
7851 6
7852 5
7853 4
7855 4
7864 7
7868 9
7869 4
7870 3
7877 3
7878 5
7879 4
7880 11
7882 9
7888 1
7889 5
7891 5
7895 8
7896 2
7897 3
7898 3
7899 11
7900 4
7901 13
7902 4
7903 4
7905 4
7908 8
7909 6
7910 5
7912 8
7913 3
7915 4
7922 3
7925 2
7928 10
7929 2
7930 3
7933 6
7937 3
7938 5
7944 4
7946 3
7953 3
7955 4
7959 6
7960 4
7962 4
7964 14
7967 3
7969 6
7970 4
7971 4
7972 7
7973 4
7977 4
7978 2
7980 8
7981 9
7983 4
7986 8
7989 8
7991 6
7992 3
7996 7
8001 1
8002 7
8005 9
8006 6
8007 5
8009 12
8012 6
8015 8
8016 5
8019 4
8025 4
8027 5
8029 5
8030 4
8035 4
8037 3
8040 8
8048 4
8051 5
8052 3
8053 2
8058 3
8059 5
8060 3
8061 6
8063 4
8068 7
8073 4
8075 5
8079 9
8084 5
8085 5
8086 6
8090 19
8091 16
8092 7
8094 3
8095 5
8096 5
8103 2
8106 6
8107 4
8112 5
8116 4
8120 5
8122 5
8126 5
8127 5
8128 3
8131 4
8132 4
8135 4
8138 4
8140 2
8143 7
8145 4
8149 5
8150 2
8151 4
8157 5
8159 6
8160 8
8161 4
8167 4
8168 4
8169 3
8175 4
8176 5
8177 3
8182 4
8183 2
8185 7
8187 4
8188 12
8200 3
8206 4
8208 5
8221 6
8223 10
8227 4
8228 2
8229 3
8235 4
8236 2
8237 2
8239 2
8244 4
8245 4
8246 10
8250 4
8251 2
8252 3
8260 5
8261 4
8263 6
8266 5
8268 4
8269 7
8270 4
8271 5
8272 3
8275 9
8276 4
8278 6
8287 4
8297 5
8300 4
8310 4
8316 4
8317 4
8319 4
8323 4
8324 4
8327 3
8331 3
8333 4
8334 7
8349 2
8350 6
8353 6
8356 3
8357 4
8373 4
8375 4
8377 8
8378 3
8381 3
8384 4
8387 4
8389 10
8390 10
8391 4
8397 4
8402 3
8403 6
8404 3
8407 4
8412 4
8419 1
8427 4
8432 4
8434 3
8436 5
8437 5
8444 4
8446 4
8455 4
8461 4
8465 9
8470 6
8474 3
8476 4
8477 1
8479 2
8480 4
8485 5
8488 4
8491 3
8495 6
8496 5
8504 2
8509 1
8510 7
8517 3
8522 3
8523 4
8534 2
8535 5
8543 1
8545 3
8546 4
8547 4
8549 3
8551 3
8553 3
8558 11
8563 4
8565 5
8566 5
8571 5
8572 9
8574 3
8581 9
8590 5
8596 2
8598 6
8599 5
8609 3
8612 5
8613 6
8615 2
8619 3
8620 6
8621 3
8625 4
8627 5
8632 3
8635 3
8636 2
8648 6
8657 3
8660 4
8661 5
8662 6
8663 1
8669 4
8675 3
8686 3
8690 4
8691 4
8692 6
8694 4
8695 4
8696 4
8702 2
8703 1
8707 5
8724 2
8725 9
8741 6
8743 2
8760 3
8773 2
8774 4
8775 3
8777 3
8780 2
8790 3
8797 3
8801 3
8807 3
8820 5
8822 4
8829 7
8830 4
8838 6
8839 2
8851 7
8856 4
8858 7
8874 1
8876 8
8879 4
8892 6
8894 3
8903 6
8904 8
8910 7
8923 5
8925 5
8928 4
8942 5
8946 3
8951 4
8955 7
8956 3
8957 3
8965 3
8966 3
8967 2
8968 15
8973 3
8974 4
8980 4
8982 4
8986 1
8988 2
9023 5
9039 4
9045 5
9048 8
9049 5
9051 3
9052 4
9059 7
9075 6
9079 9
9086 4
9088 2
9109 5
9112 5
9115 3
9116 3
9122 3
9126 7
9127 5
9128 6
9129 2
9163 3
9177 4
9183 6
9185 6
9207 3
9210 4
9214 4
9244 3
9250 4
9264 5
9276 5
9286 3
9290 2
9292 2
9319 3
9347 1
9348 5
9353 5
9364 6
9365 4
9404 3
9444 2
9459 4
9460 3
9486 2
9489 3
9493 3
9507 6
9508 7
9510 2
9514 3
9528 3
9530 4
9566 2
9678 2
9758 2
9813 4
9856 3
