136 99
428 1
563 2
1465 89
1577 146
1718 98
1913 16
1914 40
1915 9
1916 70
1917 169
1918 145
1919 47
1920 114
1921 33
1922 13
1923 50
1924 4
1925 107
1926 120
1927 45
1928 19
1929 140
1930 9
1931 35
1932 88
1933 8
1934 9
1935 43
1936 18
1937 2
1938 161
1939 71
1940 78
1941 203
1942 30
1943 167
1944 23
1945 131
1946 175
1947 108
1948 98
1949 4
1950 7
1951 57
1952 14
1953 112
1954 84
1955 82
1956 7
1957 37
1958 28
1959 105
1960 34
1961 6
1962 169
1963 79
1964 82
1965 18
1966 154
1967 1
1968 33
1969 3
1970 64
1971 152
1972 60
1973 59
1974 6
1975 34
1976 32
1977 7
1978 13
1979 161
1980 51
1981 45
1982 15
1983 179
1984 164
1985 207
1986 135
1987 32
1988 20
1989 79
1990 19
1991 43
1992 13
1993 184
1994 60
1995 56
1996 2
1997 121
1998 51
1999 31
2000 30
2001 53
2002 72
2003 44
2004 41
2005 138
2006 43
2007 157
2008 6
2009 39
2010 70
2011 36
2012 12
2013 8
2014 7
2015 4
2016 13
2017 6
2018 50
2019 17
2020 143
2021 25
2022 44
2023 23
2024 45
2025 25
2026 87
2027 41
2028 93
2029 31
2030 169
2031 46
2032 139
2033 154
2034 7
2035 24
2036 19
2037 154
2038 114
2039 106
2040 135
2041 6
2042 92
2043 150
2044 21
2045 158
2046 103
2047 185
2048 14
2049 35
2050 20
2051 6
2052 89
2053 108
2054 145
2055 68
2056 106
2057 33
2058 66
2059 170
2060 98
2061 41
2062 66
2063 129
2064 160
2065 24
2066 6
2067 30
2068 122
2069 149
2070 10
2071 114
2072 114
2073 172
2074 142
2075 41
2076 12
2077 107
2078 189
2080 5
2081 153
2082 12
2083 129
2084 130
2085 29
2086 122
2087 145
2088 171
2089 19
2090 169
2091 28
2092 40
2093 159
2094 5
2095 135
2096 19
2097 33
2098 108
2099 13
2100 5
2101 62
2102 119
2103 169
2104 163
2105 9
2106 3
2107 32
2108 150
2109 122
2110 34
2111 169
2112 147
2113 9
2114 13
2115 117
2116 59
2117 131
2118 173
2119 12
2120 19
2121 149
2122 135
2123 184
2124 155
2125 110
2126 48
2127 98
2128 79
2129 33
2130 9
2131 174
2132 85
2133 139
2134 76
2135 77
2136 68
2137 40
2138 120
2139 159
2140 151
2141 21
2142 198
2143 93
2144 71
2145 38
2146 18
2147 35
2148 86
2149 115
2150 173
2151 75
2152 14
2153 123
2154 136
2155 38
2156 25
2157 30
2158 8
2159 43
2160 19
2161 71
2162 13
2163 27
2164 80
2165 110
2166 7
2167 3
2168 2
2169 100
2170 14
2171 58
2172 177
2173 29
2174 107
2175 6
2176 110
2177 9
2178 2
2179 83
2180 98
2181 13
2182 6
2183 121
2184 171
2185 14
2186 13
2187 132
2188 178
2189 99
2190 151
2191 80
2192 36
2193 12
2194 96
2196 95
2197 20
2198 48
2199 160
2200 152
2201 170
2202 45
2203 96
2204 3
2205 11
2206 183
2207 16
2208 17
2209 33
2210 93
2211 47
2212 129
2213 95
2214 22
2215 53
2216 124
2217 12
2218 182
2219 4
2220 170
2221 34
2222 41
2223 106
2224 116
2225 33
2226 45
2227 6
2228 26
2229 190
2230 4
2231 30
2232 62
2233 203
2234 26
2235 64
2236 31
2237 115
2238 12
2239 37
2240 187
2241 110
2242 34
2243 51
2244 175
2245 5
2246 88
2247 106
2248 15
2249 18
2250 95
2251 7
2252 8
2253 143
2254 78
2255 7
2256 5
2257 137
2258 40
2259 50
2260 18
2261 115
2262 12
2263 6
2264 66
2265 10
2266 202
2267 73
2268 118
2270 12
2271 163
2272 27
2273 84
2274 33
2275 162
2276 133
2277 10
2278 159
2279 111
2280 49
2281 7
2282 137
2283 145
2284 49
2285 48
2286 19
2287 59
2288 18
2289 139
2290 159
2291 13
2292 124
2293 48
2294 113
2295 19
2296 31
2297 35
2298 14
2299 133
2300 111
2301 8
2302 110
2303 27
2304 57
2305 13
2306 103
2307 122
2308 142
2309 180
2310 21
2311 49
2312 14
2313 77
2314 17
2315 68
2316 8
2317 29
2318 31
2319 111
2320 15
2321 4
2322 39
2323 161
2324 181
2325 68
2326 163
2327 115
2328 148
2329 113
2330 42
2331 172
2332 96
2333 141
2334 127
2335 27
2336 136
2337 30
2338 99
2339 167
2340 185
2341 24
2342 24
2343 74
2344 110
2345 43
2346 34
2347 249
2348 138
2349 17
2350 26
2351 102
2352 149
2353 76
2354 156
2355 24
2356 152
2357 11
2358 5
2359 132
2360 11
2361 42
2362 23
2363 150
2364 58
2365 49
2366 35
2367 45
2368 73
2369 188
2370 145
2371 30
2372 89
2373 9
2374 147
2375 4
2376 163
2377 83
2378 42
2379 33
2380 1
2381 161
2382 1
2383 20
2384 164
2385 50
2386 126
2387 45
2388 4
2389 23
2390 44
2391 60
2392 83
2393 28
2394 82
2395 152
2396 58
2397 26
2398 99
2399 69
2400 17
2401 15
2402 11
2403 13
2404 156
2405 17
2406 33
2407 79
2408 137
2409 156
2410 183
2411 28
2412 28
2413 14
2414 166
2415 36
2416 29
2417 62
2418 99
2419 102
2420 74
2421 7
2422 4
2423 145
2424 8
2425 32
2426 17
2427 24
2428 173
2429 75
2430 128
2431 4
2432 25
2433 132
2434 80
2435 23
2436 88
2437 4
2438 62
2439 9
2440 29
2441 3
2442 2
2443 18
2444 12
2445 63
2446 142
2447 47
2448 27
2449 40
2450 10
2451 95
2452 9
2453 12
2454 13
2455 14
2456 6
2458 85
2459 41
2460 148
2461 107
2462 86
2463 113
2464 183
2465 54
2466 8
2467 114
2468 156
2469 120
2471 120
2472 71
2473 43
2474 23
2475 88
2476 31
2477 98
2478 77
2479 39
2480 19
2481 2
2482 141
2483 2
2484 116
2485 119
2486 17
2487 7
2488 33
2489 101
2490 13
2491 107
2492 162
2493 5
2494 32
2495 125
2496 19
2497 22
2498 87
2499 84
2500 159
2501 69
2502 39
2503 15
2504 128
2505 4
2506 112
2507 182
2508 78
2509 115
2510 119
2511 127
2512 98
2513 9
2514 7
2515 12
2516 80
2517 5
2518 44
2519 26
2520 149
2521 125
2522 10
2523 14
2524 12
2525 32
2526 177
2527 3
2528 6
2529 29
2530 25
2531 15
2532 89
2533 86
2534 15
2535 10
2536 56
2537 86
2538 49
2539 131
2540 28
2541 1
2542 179
2543 266
2544 27
2545 8
2546 127
2547 46
2548 5
2549 151
2550 147
2551 135
2552 93
2553 155
2554 84
2555 116
2556 120
2557 26
2558 21
2559 148
2560 179
2561 138
2562 13
2563 98
2564 168
2565 2
2566 23
2567 100
2568 9
2570 18
2571 27
2572 16
2573 130
2574 94
2575 120
2576 42
2577 19
2578 145
2579 105
2580 4
2581 20
2582 85
2583 37
2584 12
2585 34
2586 172
2587 17
2588 79
2589 73
2590 175
2591 82
2592 115
2593 171
2594 82
2595 2
2597 92
2598 147
2599 13
2600 157
2601 175
2602 178
2603 55
2604 184
2605 16
2606 66
2607 180
2608 88
2609 41
2610 41
2611 184
2612 25
2613 24
2614 14
2615 170
2616 88
2617 104
2618 18
2619 147
2620 47
2621 5
2622 18
2623 118
2624 170
2625 173
2626 31
2627 34
2628 26
2629 115
2630 152
2631 98
2632 6
2633 36
2634 4
2635 18
2636 35
2637 34
2638 148
2639 32
2640 49
2641 16
2642 109
2643 85
2644 23
2645 48
2646 124
2647 41
2648 44
2649 112
2650 13
2651 6
2652 45
2653 63
2654 131
2655 151
2656 13
2657 47
2658 31
2659 49
2660 33
