136 110
1465 97
1577 159
1718 109
1913 18
1914 46
1915 10
1916 78
1917 189
1918 160
1919 54
1920 122
1921 39
1922 14
1923 55
1924 5
1925 124
1926 133
1927 54
1928 22
1929 150
1930 12
1931 38
1932 94
1933 10
1934 11
1935 49
1936 21
1938 188
1939 78
1940 92
1941 222
1942 38
1943 191
1944 28
1945 145
1946 190
1947 119
1948 107
1949 7
1950 11
1951 63
1952 16
1953 122
1954 92
1955 91
1956 6
1957 38
1958 33
1959 119
1960 42
1961 6
1962 186
1963 85
1964 95
1965 19
1966 171
1968 34
1970 71
1971 175
1972 69
1973 64
1974 6
1975 35
1976 38
1977 8
1978 14
1979 175
1980 56
1981 54
1982 18
1983 198
1984 177
1985 223
1986 152
1987 35
1988 23
1989 86
1990 19
1991 48
1992 14
1993 202
1994 63
1995 62
1997 134
1998 53
1999 33
2000 32
2001 59
2002 84
2003 47
2004 49
2005 154
2006 51
2007 170
2008 6
2009 44
2010 83
2011 39
2012 14
2013 8
2014 9
2015 3
2016 17
2017 4
2018 54
2019 18
2020 157
2021 30
2022 49
2023 24
2024 52
2025 29
2026 95
2027 43
2028 105
2029 33
2030 186
2031 52
2032 146
2033 172
2034 6
2035 29
2036 20
2037 171
2038 122
2039 111
2040 151
2041 7
2042 95
2043 173
2044 24
2045 175
2046 122
2047 204
2048 16
2049 36
2050 22
2051 8
2052 105
2053 114
2054 162
2055 72
2056 114
2057 41
2058 75
2059 192
2060 105
2061 47
2062 75
2063 140
2064 185
2065 25
2066 8
2067 32
2068 140
2069 167
2070 12
2071 122
2072 128
2073 194
2074 161
2075 47
2076 16
2077 125
2078 203
2080 8
2081 171
2082 17
2083 146
2084 140
2085 29
2086 135
2087 154
2088 197
2089 22
2090 188
2091 33
2092 42
2093 176
2094 6
2095 153
2096 20
2097 37
2098 116
2099 15
2100 5
2101 70
2102 131
2103 183
2104 180
2105 10
2107 36
2108 163
2109 134
2110 42
2111 183
2112 159
2113 9
2114 14
2115 135
2116 64
2117 141
2118 187
2119 14
2120 22
2121 157
2122 145
2123 202
2124 168
2125 120
2126 53
2127 111
2128 91
2129 37
2130 10
2131 197
2132 93
2133 158
2134 84
2135 87
2136 73
2137 48
2138 137
2139 177
2140 170
2141 23
2142 220
2143 101
2144 77
2145 42
2146 23
2147 40
2148 89
2149 127
2150 191
2151 85
2152 17
2153 138
2154 159
2155 40
2156 26
2157 38
2158 9
2159 47
2160 23
2161 81
2162 14
2163 30
2164 91
2165 127
2166 8
2167 4
2169 108
2170 17
2171 65
2172 192
2173 29
2174 119
2175 7
2176 116
2177 10
2179 93
2180 113
2181 16
2182 7
2183 133
2184 185
2185 16
2186 17
2187 147
2188 193
2189 112
2190 167
2191 87
2192 40
2193 13
2194 108
2196 109
2197 21
2198 54
2199 174
2200 172
2201 189
2202 48
2203 99
2205 13
2206 209
2207 21
2208 21
2209 35
2210 97
2211 53
2212 139
2213 102
2214 26
2215 57
2216 132
2217 12
2218 204
2219 4
2220 194
2221 40
2222 45
2223 115
2224 128
2225 41
2226 50
2227 6
2228 31
2229 206
2230 4
2231 35
2232 70
2233 221
2234 28
2235 69
2236 36
2237 123
2238 12
2239 43
2240 200
2241 118
2242 39
2243 58
2244 199
2245 6
2246 94
2247 121
2248 17
2249 18
2250 108
2251 8
2252 9
2253 156
2254 89
2255 9
2256 6
2257 154
2258 48
2259 54
2260 19
2261 128
2262 13
2263 6
2264 74
2265 10
2266 233
2267 82
2268 129
2270 14
2271 179
2272 28
2273 90
2274 34
2275 184
2276 153
2277 15
2278 173
2279 128
2280 58
2281 8
2282 153
2283 160
2284 55
2285 54
2286 23
2287 67
2288 20
2289 159
2290 183
2291 16
2292 141
2293 53
2294 121
2295 22
2296 33
2297 37
2298 16
2299 154
2300 121
2301 9
2302 121
2303 28
2304 65
2305 15
2306 112
2307 140
2308 155
2309 198
2310 22
2311 50
2312 15
2313 82
2314 18
2315 72
2316 8
2317 35
2318 36
2319 121
2320 15
2321 5
2322 45
2323 182
2324 196
2325 78
2326 179
2327 124
2328 165
2329 123
2330 47
2331 189
2332 102
2333 159
2334 138
2335 33
2336 149
2337 34
2338 108
2339 181
2340 197
2341 25
2342 27
2343 78
2344 120
2345 51
2346 35
2347 290
2348 150
2349 17
2350 27
2351 109
2352 167
2353 85
2354 176
2355 29
2356 171
2357 11
2358 5
2359 146
2360 11
2361 44
2362 24
2363 166
2364 64
2365 54
2366 35
2367 49
2368 78
2369 196
2370 157
2371 35
2372 104
2373 11
2374 167
2375 5
2376 178
2377 93
2378 49
2379 35
2381 175
2383 23
2384 187
2385 55
2386 138
2387 49
2388 5
2389 27
2390 48
2391 71
2392 91
2393 31
2394 94
2395 178
2396 68
2397 34
2398 107
2399 76
2400 18
2401 20
2402 14
2403 16
2404 169
2405 19
2406 35
2407 88
2408 152
2409 177
2410 206
2411 31
2412 29
2413 16
2414 182
2415 40
2416 36
2417 69
2418 116
2419 108
2420 80
2421 4
2422 3
2423 164
2424 10
2425 35
2426 17
2427 24
2428 190
2429 85
2430 145
2431 4
2432 27
2433 146
2434 90
2435 26
2436 93
2437 2
2438 67
2439 9
2440 33
2443 21
2444 15
2445 69
2446 160
2447 48
2448 31
2449 45
2450 11
2451 108
2452 9
2453 13
2454 15
2455 15
2456 5
2458 98
2459 45
2460 168
2461 123
2462 95
2463 125
2464 201
2465 59
2466 10
2467 129
2468 176
2469 134
2471 131
2472 76
2473 48
2474 25
2475 96
2476 35
2477 112
2478 92
2479 45
2480 26
2482 159
2484 125
2485 136
2486 17
2487 8
2488 38
2489 107
2490 14
2491 120
2492 177
2493 5
2494 38
2495 144
2496 21
2497 24
2498 93
2499 91
2500 180
2501 75
2502 42
2503 15
2504 150
2505 4
2506 123
2507 200
2508 97
2509 133
2510 137
2511 139
2512 104
2513 14
2514 8
2515 12
2516 87
2517 5
2518 47
2519 34
2520 164
2521 140
2522 13
2523 16
2524 12
2525 34
2526 190
2528 6
2529 35
2530 28
2531 22
2532 105
2533 98
2534 17
2535 9
2536 62
2537 94
2538 55
2539 139
2540 30
2542 195
2543 293
2544 29
2545 8
2546 143
2547 53
2548 7
2549 160
2550 161
2551 157
2552 111
2553 172
2554 92
2555 134
2556 130
2557 30
2558 20
2559 164
2560 200
2561 154
2562 13
2563 109
2564 187
2566 25
2567 115
2568 10
2570 20
2571 29
2572 18
2573 151
2574 102
2575 140
2576 44
2577 19
2578 163
2579 115
2580 5
2581 21
2582 100
2583 45
2584 14
2585 39
2586 186
2587 18
2588 90
2589 78
2590 196
2591 95
2592 124
2593 184
2594 93
2597 104
2598 163
2599 13
2600 181
2601 189
2602 197
2603 67
2604 195
2605 16
2606 74
2607 194
2608 98
2609 48
2610 50
2611 206
2612 27
2613 30
2614 16
2615 184
2616 99
2617 113
2618 22
2619 163
2620 54
2621 5
2622 20
2623 129
2624 187
2625 185
2626 33
2627 40
2628 27
2629 126
2630 172
2631 115
2632 6
2633 40
2634 4
2635 19
2636 37
2637 34
2638 165
2639 36
2640 55
2641 18
2642 126
2643 99
2644 26
2645 53
2646 134
2647 47
2648 47
2649 121
2650 17
2651 6
2652 48
2653 71
2654 150
2655 167
2656 15
2657 51
2658 35
2659 57
2660 37
