136 97
428 1
563 2
1465 87
1577 134
1718 96
1913 17
1914 44
1915 9
1916 68
1917 165
1918 143
1919 46
1920 107
1921 36
1922 14
1923 44
1924 5
1925 109
1926 116
1927 51
1928 21
1929 139
1930 10
1931 34
1932 82
1933 10
1934 11
1935 45
1936 17
1937 2
1938 167
1939 71
1940 84
1941 200
1942 35
1943 165
1944 25
1945 131
1946 165
1947 106
1948 101
1949 6
1950 9
1951 60
1952 15
1953 109
1954 83
1955 85
1956 7
1957 35
1958 29
1959 111
1960 35
1961 5
1962 165
1963 78
1964 84
1965 17
1966 153
1967 1
1968 30
1969 3
1970 61
1971 152
1972 63
1973 49
1974 6
1975 32
1976 37
1977 8
1978 9
1979 157
1980 46
1981 49
1982 15
1983 174
1984 151
1985 199
1986 131
1987 31
1988 20
1989 84
1990 16
1991 43
1992 12
1993 168
1994 57
1995 51
1996 3
1997 120
1998 47
1999 32
2000 31
2001 48
2002 73
2003 45
2004 41
2005 142
2006 45
2007 157
2008 5
2009 40
2010 75
2011 36
2012 13
2013 7
2014 6
2015 3
2016 15
2017 5
2018 49
2019 14
2020 136
2021 29
2022 44
2023 20
2024 45
2025 27
2026 84
2027 39
2028 94
2029 31
2030 174
2031 49
2032 133
2033 155
2034 7
2035 26
2036 18
2037 158
2038 107
2039 97
2040 134
2041 7
2042 85
2043 154
2044 23
2045 163
2046 105
2047 187
2048 15
2049 33
2050 22
2051 7
2052 100
2053 102
2054 148
2055 65
2056 96
2057 32
2058 67
2059 175
2060 91
2061 45
2062 69
2063 131
2064 166
2065 23
2066 6
2067 32
2068 126
2069 154
2070 12
2071 109
2072 114
2073 168
2074 146
2075 46
2076 14
2077 110
2078 178
2080 7
2081 162
2082 14
2083 128
2084 124
2085 27
2086 124
2087 140
2088 176
2089 22
2090 172
2091 28
2092 36
2093 161
2094 6
2095 145
2096 19
2097 33
2098 106
2099 13
2100 3
2101 60
2102 114
2103 169
2104 163
2105 7
2106 2
2107 30
2108 146
2109 117
2110 39
2111 170
2112 140
2113 9
2114 13
2115 121
2116 58
2117 121
2118 165
2119 13
2120 19
2121 137
2122 135
2123 179
2124 150
2125 105
2126 47
2127 97
2128 84
2129 34
2130 9
2131 179
2132 87
2133 142
2134 71
2135 79
2136 66
2137 45
2138 126
2139 166
2140 163
2141 18
2142 200
2143 93
2144 69
2145 33
2146 23
2147 36
2148 81
2149 110
2150 174
2151 80
2152 15
2153 119
2154 142
2155 33
2156 23
2157 33
2158 9
2159 43
2160 20
2161 79
2162 11
2163 27
2164 81
2165 120
2166 7
2167 4
2168 2
2169 98
2170 14
2171 52
2172 177
2173 25
2174 108
2175 5
2176 104
2177 10
2178 1
2179 88
2180 104
2181 14
2182 6
2183 121
2184 174
2185 16
2186 17
2187 133
2188 178
2189 97
2190 149
2191 76
2192 37
2193 10
2194 100
2196 100
2197 18
2198 52
2199 163
2200 154
2201 173
2202 41
2203 84
2204 3
2205 12
2206 187
2207 17
2208 20
2209 30
2210 90
2211 45
2212 123
2213 94
2214 20
2215 52
2216 120
2217 10
2218 186
2219 3
2220 171
2221 36
2222 41
2223 105
2224 120
2225 34
2226 46
2227 6
2228 28
2229 184
2230 4
2231 32
2232 62
2233 198
2234 25
2235 63
2236 33
2237 110
2238 11
2239 39
2240 183
2241 107
2242 38
2243 56
2244 172
2245 6
2246 88
2247 112
2248 15
2249 17
2250 98
2251 7
2252 9
2253 139
2254 78
2255 9
2256 6
2257 141
2258 40
2259 49
2260 16
2261 117
2262 11
2263 5
2264 65
2265 9
2266 212
2267 74
2268 120
2270 13
2271 165
2272 24
2273 86
2274 34
2275 162
2276 142
2277 15
2278 157
2279 118
2280 54
2281 8
2282 143
2283 139
2284 52
2285 50
2286 16
2287 60
2288 18
2289 135
2290 160
2291 14
2292 130
2293 49
2294 112
2295 21
2296 30
2297 34
2298 14
2299 138
2300 114
2301 9
2302 111
2303 26
2304 56
2305 12
2306 103
2307 121
2308 142
2309 178
2310 21
2311 46
2312 14
2313 75
2314 14
2315 61
2316 8
2317 33
2318 32
2319 111
2320 11
2321 5
2322 44
2323 162
2324 182
2325 63
2326 155
2327 110
2328 153
2329 110
2330 46
2331 176
2332 93
2333 147
2334 122
2335 29
2336 135
2337 31
2338 94
2339 164
2340 183
2341 24
2342 23
2343 63
2344 105
2345 42
2346 31
2347 261
2348 140
2349 16
2350 24
2351 104
2352 154
2353 79
2354 159
2355 24
2356 154
2357 10
2358 5
2359 126
2360 9
2361 40
2362 21
2363 149
2364 54
2365 44
2366 29
2367 44
2368 70
2369 172
2370 144
2371 31
2372 95
2373 11
2374 149
2375 4
2376 154
2377 84
2378 44
2379 28
2380 2
2381 166
2382 1
2383 21
2384 173
2385 52
2386 123
2387 44
2388 5
2389 22
2390 45
2391 60
2392 82
2393 29
2394 88
2395 162
2396 62
2397 31
2398 96
2399 67
2400 14
2401 16
2402 12
2403 15
2404 152
2405 16
2406 34
2407 75
2408 143
2409 149
2410 185
2411 28
2412 25
2413 15
2414 163
2415 37
2416 32
2417 61
2418 108
2419 97
2420 73
2421 6
2422 3
2423 141
2424 10
2425 32
2426 14
2427 22
2428 178
2429 77
2430 129
2431 4
2432 21
2433 129
2434 80
2435 22
2436 87
2437 3
2438 57
2439 8
2440 28
2441 2
2442 2
2443 18
2444 11
2445 63
2446 140
2447 42
2448 27
2449 42
2450 11
2451 101
2452 8
2453 12
2454 14
2455 12
2456 7
2458 89
2459 39
2460 153
2461 113
2462 86
2463 112
2464 187
2465 53
2466 10
2467 117
2468 162
2469 119
2471 120
2472 73
2473 41
2474 24
2475 90
2476 28
2477 97
2478 82
2479 40
2480 23
2481 2
2482 142
2483 2
2484 116
2485 125
2486 15
2487 7
2488 33
2489 95
2490 13
2491 114
2492 161
2493 5
2494 35
2495 138
2496 20
2497 18
2498 82
2499 81
2500 158
2501 69
2502 35
2503 15
2504 135
2505 4
2506 109
2507 173
2508 85
2509 119
2510 123
2511 122
2512 91
2513 14
2514 7
2515 11
2516 81
2517 4
2518 45
2519 32
2520 147
2521 129
2522 11
2523 14
2524 9
2525 32
2526 165
2527 3
2528 4
2529 29
2530 25
2531 20
2532 94
2533 89
2534 15
2535 10
2536 57
2537 86
2538 52
2539 121
2540 27
2541 1
2542 174
2543 270
2544 20
2545 6
2546 126
2547 48
2548 6
2549 145
2550 136
2551 142
2552 98
2553 151
2554 85
2555 120
2556 120
2557 29
2558 20
2559 146
2560 183
2561 141
2562 11
2563 96
2564 173
2565 3
2566 24
2567 104
2568 10
2570 20
2571 25
2572 15
2573 138
2574 86
2575 129
2576 38
2577 16
2578 146
2579 109
2580 5
2581 21
2582 91
2583 42
2584 12
2585 36
2586 164
2587 16
2588 83
2589 74
2590 181
2591 87
2592 107
2593 166
2594 86
2595 2
2597 90
2598 135
2599 13
2600 167
2601 178
2602 178
2603 59
2604 170
2605 14
2606 67
2607 176
2608 87
2609 44
2610 44
2611 190
2612 25
2613 26
2614 15
2615 171
2616 87
2617 103
2618 22
2619 148
2620 50
2621 4
2622 15
2623 115
2624 178
2625 172
2626 30
2627 34
2628 25
2629 120
2630 159
2631 104
2632 5
2633 34
2634 4
2635 17
2636 35
2637 33
2638 148
2639 34
2640 49
2641 17
2642 113
2643 89
2644 25
2645 52
2646 124
2647 41
2648 43
2649 114
2650 17
2651 6
2652 44
2653 64
2654 129
2655 144
2656 12
2657 46
2658 31
2659 50
2660 30
